0
20
252.4
285.7
295
279.3
283.6
286
291.8
297.2
306.3
313.8
316.7
321.2
323.5
326.3
328.5
330.6
331.8
331.8
332.8
333.9
335.8
340.1
342
342.7
342.6
345.9
347.8
348.7
348.6
348.8
353.3
355.6
355.4
356.9
357.4
360.7
362.2
362.2
362.5
362.1
364.7
367.9
368.2
368.6
367.8
370
371.8
370.5
368.1
368
368.9
370.5
370.3
370.3
370.5
371.5
374.7
374.9
375
375
377.2
379.2
379.1
379.2
379.6
381.7
382.4
384.3
384.3
383.2
385.3
387.3
388.3
389.5
388.5
389.4
390.6
392.7
394.6
395.6
394.3
396.1
396.4
394.4
392.4
389.4
386.6
382.7
379.9
376.1
373.4
370.7
367
364.4
360.3
357.7
354.3
351.8
349.3
346.8
344.5
342.1
338.7
335.5
332.1
328.9
325.6
323.4
320.2
317
314.8
311.7
308.5
306.7
304.9
304.4
303.6
302.2
301.5
301
299.2
298.7
298
297.5
295.9
295.3
294.7
294.1
293.5
292.8
292.1
291.5
289.8
289.2
288.6
287.9
287.3
286.7
286.1
285.3
285.7
285
284.3
282.3
282.7
282
281.3
280.6
280
279.3
278.5
278.8
278.2
277.4
276.7
276
276.3
275.6
274.9
274.2
274.5
273.7
273
273.2
272.5
271.8
272
271.3
270.5
270.7
270
269.2
269.5
268.6
268.7
267.5
267.3
267.1
266
266.8
265.6
265.5
265.3
264.1
264
263.8
263.7
262.5
263.4
262.1
261
261.8
260.7
260.5
260.4
260.2
259.1
259.9
258.7
258.5
257.3
257.1
256.9
256.7
