6.6
55.1
99.3
114.7
120.2
123.8
127.2
129.1
131.4
132.5
135.6
138.7
140.3
140.8
141.2
141.7
142
142.8
142.7
143
147.7
148.7
149.5
147.2
147.2
147.1
147
147.1
147.4
149.5
152.2
152.3
151.9
151.8
151.8
152
152.2
152.1
152.7
154.8
156.8
156.5
156.2
156.1
155.8
155.7
155.4
155.6
157.2
158.8
159.1
158.8
158.5
158.3
158.1
157.8
157.8
159.1
160.5
161.4
161.1
160.9
160.7
160.5
160.3
160.2
161.2
162.3
163.2
162.9
162.8
162.5
162.3
162.1
161.8
162.6
162.8
163.7
164.2
164.2
164
163.7
163.6
163.3
163.8
164.6
165.4
166.2
166
165.8
165.6
165.4
165.2
165.5
166.2
167
167.7
167.7
167.5
167.3
167.1
166.9
167.1
167.8
168.4
169.1
169.1
168.9
168.7
168.6
168.4
168.5
169.1
169.7
170.1
170.8
170.6
170.4
170.2
170
170
170.5
171.1
171.6
172.1
172.1
171.9
171.7
171
171
171.5
172
172.4
172.5
172.3
172.3
172.1
171.9
171.8
172.3
172.7
173.2
173.3
173.1
172.9
172.8
172.6
172.4
172.8
173.2
173.6
173.8
173.8
173.8
173.7
173.5
173.3
173.7
173.8
173.9
174.9
174.9
174.9
173.9
173.9
173.9
173.9
174.9
174.9
174.9
174.9
174.9
174.9
174.9
174
175
175
175
176
176
176
175
174.9
174.9
174.9
174.9
175.9
175.9
175.9
175.9
175.9
175.9
175.9
175.9
175.9
175.9
175.9
176.9
176.9
175.9
175.9
175.9
175.9
175.9
176.9
176.9
176.9
176.9
176.9
176.9
176.9
176.9
177
177
177
178
177
177
177
177
177
177
177
178
178
178
178
178
178
177
178
178
178
178
178
178
177.9
177.9
177.9
177.9
177.9
177.9
178.9
178.9
178.9
178.9
178.9
177.9
178.9
178.9
178.9
178.9
179.8
178.8
178.9
178.9
178.9
178.9
178.9
179.9
179.9
179.9
179.9
179.9
179.9
178.9
179.9
179.9
179.9
179.9
179.9
179.9
179.8
179.8
179.8
179.8
179.9
180.9
180.9
180.9
180.9
180.9
180.9
180.9
180.9
180.9
180.9
180.9
180.9
180.8
180.8
180.8
180.8
180.8
180.8
181.8
181.8
181.8
181.8
181.8
181.8
181.8
181.8
181.8
181.8
181.8
182.8
182.8
182.8
181.8
181.8
181.8
181.8
182.8
182.8
182.8
182.8
182.8
182.8
182.8
182.8
182.8
182.8
182.8
183.8
183.8
183.8
183.8
183.8
182.8
183.8
183.8
183.8
183.8
183.8
183.8
183.8
183.8
183.8
183.8
183.8
184.8
184.7
184.7
184.7
184.7
184.7
184.7
184.7
184.8
184.8
184.8
184.8
184.8
184.8
184.8
184.8
184.8
184.8
185.8
185.8
185.8
185.8
185.8
185.8
184.8
185.8
185.8
185.8
185.8
185.8
185.8
185.8
185.8
185.8
185.8
185.8
185.8
185.8
186.8
186.8
186.8
185.8
185.8
185.8
186.8
186.8
186.8
186.8
186.8
186.8
186.8
186.8
186.8
186.8
186.8
186.7
186.7
186.7
186.7
186.7
186.7
186.7
186.7
187.7
187.7
187.7
187.7
187.7
187.7
187.7
187.7
187.7
187.7
187.7
187.7
187.7
187.7
187.7
187.7
187.7
187.7
187.7
187.7
187.7
188.7
188.7
188.7
187.7
187.7
188.7
188.7
188.7
188.7
188.7
188.7
188.7
188.7
188.7
188.7
188.7
188.7
188.7
189.7
189.7
189.7
188.7
188.7
189.7
189.7
189.7
189.7
189.7
189.7
189.7
188.7
188.7
189.7
189.7
189.7
189.7
189.6
189.7
189.7
189.7
189.7
189.7
189.7
189.7
189.7
189.7
189.7
189.7
189.7
189.7
189.7
189.7
190.7
190.7
190.7
190.7
190.7
190.7
190.7
190.7
190.7
190.7
190.7
190.7
190.7
190.7
190.7
190.7
190.7
190.7
190.7
190.7
191.7
191.7
191.7
190.7
190.7
190.6
191.6
191.6
191.6
191.6
191.6
191.6
191.6
191.6
191.6
191.6
191.6
191.6
191.6
191.7
191.7
191.7
191.7
191.7
191.7
191.7
191.7
191.7
191.7
191.7
191.7
191.7
191.7
191.7
191.7
191.7
192.7
192.7
192.7
192.7
192.7
192.7
192.7
192.7
192.7
192.7
192.7
192.7
192.7
192.7
192.7
192.7
192.7
192.7
192.7
192.7
192.7
192.7
192.7
192.7
192.7
192.7
192.7
193.7
193.7
193.7
193.7
193.7
193.7
193.7
193.7
193.7
193.7
193.7
193.7
193.7
193.7
193.7
193.7
193.7
193.7
193.7
193.7
193.7
193.7
193.7
193.7
194.7
194.7
194.7
194.7
194.7
194.7
194.7
194.7
194.7
194.7
194.7
194.7
194.7
194.7
194.7
194.7
194.7
194.7
194.7
194.7
194.7
194.7
195.7
195.7
195.7
195.7
195.7
195.7
195.7
195.7
195.7
195.7
195.7
195.7
195.7
195.7
195.7
195.7
195.7
195.7
195.7
195.7
195.7
195.7
195.7
195.7
195.7
195.7
195.7
195.7
196.7
196.7
195.7
195.7
196.7
196.7
196.7
196.7
196.7
196.7
196.7
196.7
196.7
196.7
196.7
196.7
196.7
196.7
196.7
196.7
196.7
196.7
196.7
196.7
196.7
196.7
196.7
196.7
196.7
196.7
196.7
196.7
196.7
197.7
197.7
197.7
197.7
197.7
196.7
196.7
196.7
197.7
197.7
197.7
197.7
197.7
197.7
197.7
197.7
197.7
197.7
197.7
197.7
197.7
197.7
197.7
197.7
197.7
197.7
197.7
197.7
197.7
197.7
197.7
197.7
197.7
197.7
197.7
197.7
198.7
198.7
198.7
198.7
198.7
198.7
198.7
198.7
198.7
198.7
198.7
198.7
198.7
198.7
198.7
198.7
198.7
198.7
198.7
198.7
198.7
198.7
198.7
198.7
198.7
198.7
198.7
198.7
198.7
198.7
199.7
199.7
199.7
199.7
199.7
199.7
199.7
199.7
199.7
199.7
199.7
199.7
199.7
199.7
199.7
199.7
199.7
199.7
199.7
199.7
199.7
199.7
199.7
199.7
199.7
199.7
199.7
199.7
200.7
200.7
200.7
200.7
200.7
200.7
200.7
200.7
200.7
200.7
200.7
200.7
200.7
200.7
200.7
200.7
200.7
200.7
200.7
200.7
200.7
200.7
200.7
200.7
200.7
200.7
200.7
200.7
201.7
200.7
200.7
201.7
201.7
201.7
201.7
201.7
201.7
201.7
201.7
201.7
201.7
201.7
201.7
201.7
201.7
201.7
201.7
201.7
201.7
201.7
201.7
201.7
201.7
201.7
201.7
201.7
201.7
201.7
201.7
201.7
201.7
201.7
201.7
202.7
202.7
202.7
202.7
202.7
202.7
202.7
202.7
202.7
202.7
202.7
202.7
202.7
202.7
202.7
202.7
202.7
202.7
202.7
202.7
202.7
202.7
202.7
202.7
202.7
202.7
202.7
202.7
202.7
202.7
202.7
202.7
202.7
203.7
203.7
203.7
203.7
203.7
203.7
203.7
203.7
203.7
203.7
203.7
203.7
203.7
203.7
203.7
203.7
203.7
203.7
203.7
203.7
203.7
203.7
203.7
203.7
203.7
203.7
203.7
203.7
203.7
203.7
203.7
203.7
203.7
203.7
203.7
203.7
204.7
204.7
204.7
204.7
204.7
204.7
204.7
204.7
204.7
204.7
204.7
204.7
204.7
204.7
204.7
204.7
204.7
204.7
204.7
204.7
204.7
204.7
204.7
204.7
204.7
204.7
204.7
204.7
204.7
205.7
205.7
205.7
205.7
205.7
205.7
205.7
205.7
205.7
205.7
205.7
205.7
205.7
205.7
205.7
205.7
205.7
205.7
205.7
205.7
205.7
205.7
205.7
205.7
205.7
205.7
205.7
205.7
205.7
205.7
205.7
205.7
205.7
205.7
205.7
205.7
205.7
205.7
205.7
205.7
205.7
205.7
205.7
205.7
205.7
206.7
206.7
206.7
205.7
205.7
205.7
205.7
205.7
206.7
206.7
206.7
206.7
206.7
206.7
206.7
206.7
206.7
206.7
206.7
206.7
206.7
206.7
206.7
206.7
206.7
206.7
206.7
206.7
206.7
206.7
206.7
206.7
206.7
206.7
206.7
206.7
206.7
206.7
206.7
206.7
206.7
206.7
206.7
206.7
206.7
207.7
207.7
207.7
207.7
207.7
207.7
207.7
207.7
207.7
207.7
207.7
207.7
207.7
207.7
207.7
207.7
207.7
207.7
207.7
207.7
207.7
207.7
207.7
207.7
207.7
207.7
207.7
207.7
207.7
207.7
207.7
207.7
207.7
207.7
207.7
207.7
207.7
207.7
207.7
207.7
207.7
207.7
207.7
207.7
207.7
207.7
207.7
207.7
207.7
207.7
207.7
207.7
207.7
208.7
208.7
208.7
208.7
208.7
207.7
207.7
207.7
207.7
208.7
208.7
208.7
208.7
208.7
208.7
208.7
208.7
208.7
208.7
208.7
208.7
208.7
208.7
208.7
208.7
208.7
208.7
208.7
208.7
208.7
208.7
208.7
208.7
208.7
208.7
208.7
208.7
208.7
208.7
208.7
208.7
208.7
208.7
208.7
208.7
208.7
208.7
208.7
208.7
208.7
208.7
208.7
208.7
208.7
208.7
208.7
209.7
209.7
209.7
209.7
209.7
209.7
209.7
209.7
209.7
209.7
209.7
209.7
209.7
209.7
209.7
209.7
209.7
209.7
209.7
209.7
209.7
209.7
209.7
209.7
209.7
209.7
209.7
209.7
209.7
209.7
209.7
209.7
209.7
209.7
209.7
209.7
209.7
209.7
209.7
209.7
209.7
209.7
209.7
209.7
209.7
209.7
209.7
209.7
209.7
209.7
209.7
209.7
209.7
209.7
209.7
209.7
209.7
209.7
209.7
209.7
209.7
209.7
209.7
209.7
209.7
209.7
209.7
209.7
209.7
209.7
209.7
209.7
209.7
209.7
209.7
209.7
209.7
210.7
210.7
210.7
210.7
210.7
210.7
210.7
210.7
210.7
210.7
210.7
210.7
210.7
210.7
210.7
210.7
210.7
210.7
210.7
210.7
210.7
210.7
210.7
210.7
210.7
210.7
210.7
210.7
210.7
210.7
210.7
210.7
210.7
210.7
210.7
210.7
210.7
210.7
210.7
210.7
210.7
210.7
210.7
210.7
210.7
210.7
210.7
210.7
210.7
210.7
210.7
210.7
210.7
210.7
210.7
210.7
210.7
210.7
210.7
210.7
210.7
210.7
210.7
210.7
210.7
210.7
211.7
211.7
211.7
211.7
211.7
211.7
211.7
211.7
211.7
211.7
211.7
211.7
211.7
211.7
211.7
211.7
211.7
211.7
211.7
211.7
211.7
211.7
211.7
211.7
211.7
211.7
211.7
211.7
211.7
211.7
211.7
211.7
211.7
211.7
211.7
211.7
211.7
211.7
211.7
211.7
211.7
211.7
211.7
211.7
211.7
211.7
211.7
211.7
211.7
211.7
211.7
211.7
211.7
211.7
211.7
211.7
211.7
211.7
211.7
211.7
211.7
211.7
211.7
211.7
211.7
211.7
211.7
211.7
211.7
211.7
211.7
211.7
211.7
211.7
211.7
211.7
211.7
211.7
211.7
211.7
211.7
211.7
211.7
211.7
211.7
211.7
211.7
211.7
211.7
211.7
211.7
211.7
211.7
211.7
211.7
211.7
211.7
211.7
211.7
211.7
211.7
211.7
211.7
211.7
211.7
211.7
211.7
211.7
212.7
212.7
212.7
212.7
212.7
212.7
211.7
212.7
212.7
212.7
212.7
212.7
212.7
212.7
211.7
211.7
211.7
211.7
212.7
212.7
212.7
212.7
212.7
212.7
212.7
212.7
212.7
212.7
212.7
212.7
212.7
212.7
212.7
212.7
212.7
212.7
212.7
212.7
212.7
212.7
212.7
212.7
212.7
212.7
212.7
212.7
212.7
212.7
212.7
212.7
212.7
212.7
212.7
212.7
212.7
212.7
212.7
212.7
212.7
212.7
212.7
212.7
212.7
212.7
212.7
212.7
212.7
212.7
212.7
212.7
212.7
212.7
212.7
212.7
212.7
212.7
212.7
212.7
212.7
212.7
212.7
212.7
212.7
212.7
212.7
212.7
212.7
212.7
212.7
212.7
212.7
212.7
212.7
212.7
212.7
212.7
212.7
212.7
212.7
213.7
212.7
213.7
213.7
213.7
213.7
213.7
213.7
213.7
213.7
213.7
213.7
213.7
213.7
213.7
213.7
213.7
213.7
213.7
213.7
213.7
213.7
213.7
213.7
213.7
213.7
213.7
213.7
213.7
213.7
213.7
213.7
213.7
213.7
213.7
213.7
213.7
213.7
213.7
213.7
213.7
213.7
213.7
213.7
213.7
213.7
213.7
213.7
213.7
213.7
213.7
213.7
213.7
213.7
213.7
213.7
213.7
213.7
213.7
213.7
213.7
213.7
213.7
213.7
213.7
213.7
213.7
213.7
213.7
213.7
213.7
213.7
213.7
213.7
213.7
213.7
213.7
213.7
213.7
213.7
213.7
213.7
213.7
213.7
213.7
213.7
213.7
213.7
213.7
213.7
213.7
213.7
213.7
213.7
213.7
213.7
213.7
213.7
213.7
213.7
213.7
213.7
213.7
213.7
213.7
213.7
213.7
213.7
214.7
213.7
214.7
214.7
214.7
214.7
214.7
214.7
214.7
214.7
214.7
214.7
214.7
214.7
214.7
214.7
214.7
214.7
214.7
214.7
214.7
214.7
214.7
214.7
214.7
214.7
214.7
214.7
214.7
214.7
214.7
214.7
214.7
214.7
214.7
214.7
214.7
214.7
214.7
214.7
214.7
214.7
214.7
214.7
214.7
214.7
214.7
214.7
214.7
214.7
214.7
214.7
214.7
214.7
214.7
214.7
214.7
214.7
214.7
214.7
214.7
214.7
214.7
214.7
214.7
214.7
214.7
214.7
214.7
214.7
214.7
214.7
214.7
214.7
214.7
214.7
214.7
214.7
214.7
214.7
214.7
214.7
214.7
214.7
214.7
214.7
214.7
214.7
214.7
214.7
214.7
214.7
214.7
214.7
214.7
214.7
214.7
214.7
214.7
214.7
214.7
214.7
214.7
214.7
214.7
214.7
214.7
214.7
214.7
214.7
214.7
214.7
214.7
214.7
214.7
214.7
214.7
214.7
214.7
214.7
214.7
214.7
214.7
214.7
214.7
214.7
215.7
215.7
215.7
215.7
215.7
215.7
215.7
215.7
215.7
215.7
215.7
215.7
215.7
215.7
215.7
215.7
215.7
215.7
215.7
215.7
215.7
215.7
215.7
215.7
215.7
215.7
215.7
215.7
215.7
215.7
215.7
215.7
215.7
215.7
215.7
215.7
215.7
215.7
215.7
215.7
215.7
215.7
215.7
215.7
215.7
215.7
215.7
215.7
215.7
215.7
215.7
215.7
215.7
215.7
215.7
215.7
215.7
215.7
215.7
215.7
215.7
215.7
215.7
215.7
215.7
215.7
215.7
215.7
215.7
215.7
215.7
215.7
215.7
215.7
215.7
215.7
215.7
215.7
215.7
215.7
215.7
215.7
215.7
215.7
215.7
215.7
215.7
215.7
215.7
215.7
215.7
215.7
215.7
215.7
215.7
215.7
215.7
215.7
215.7
215.7
215.7
215.7
215.7
215.7
215.7
215.7
215.7
215.7
215.7
215.7
215.7
215.7
215.7
215.7
215.7
215.7
215.7
215.7
215.7
215.7
215.7
215.7
215.7
215.7
215.7
215.7
215.7
215.7
215.7
215.7
215.7
215.7
215.7
215.7
215.7
215.7
215.7
216.7
216.7
216.7
216.7
215.7
215.7
215.7
215.7
215.7
215.7
215.7
215.7
215.7
215.7
215.7
215.7
215.7
215.7
215.7
215.7
216.7
216.7
216.7
216.7
216.7
216.7
216.7
216.7
216.7
216.7
216.7
216.7
216.7
216.7
216.7
216.7
216.7
216.7
216.7
216.7
216.7
216.7
216.7
216.7
216.7
216.7
216.7
216.7
216.7
216.7
216.7
216.7
216.7
216.7
216.7
216.7
216.7
216.7
216.7
216.7
216.7
216.7
216.7
216.7
216.7
216.7
216.7
216.7
216.7
216.7
216.7
216.7
216.7
216.7
216.7
216.7
216.7
216.7
216.7
216.7
216.7
216.7
216.7
216.7
216.7
216.7
216.7
216.7
216.7
216.7
216.7
216.7
216.7
216.7
216.7
216.7
216.7
216.7
216.7
216.7
216.7
216.7
216.7
216.7
216.7
216.7
216.7
216.7
216.7
216.7
216.7
216.7
216.7
216.7
216.7
216.7
216.7
216.7
216.7
216.7
216.7
216.7
216.7
216.7
216.7
216.7
216.7
216.7
216.7
216.7
216.7
216.7
216.7
216.7
216.7
216.7
216.7
216.7
216.7
216.7
216.7
216.7
216.7
216.7
216.7
216.7
216.7
216.7
216.7
216.7
216.7
216.7
216.7
216.7
216.7
216.7
216.7
216.7
216.7
216.7
216.7
216.7
216.7
216.7
216.7
216.7
216.7
216.7
216.7
216.7
216.7
216.7
216.7
216.7
216.7
216.7
216.7
216.7
216.7
216.7
216.7
216.7
216.7
216.7
216.7
216.7
216.7
216.7
216.7
216.7
216.7
216.7
216.7
216.7
216.7
216.7
216.7
216.7
216.7
216.7
216.7
216.7
216.7
216.7
216.7
216.7
216.7
216.7
217.7
217.7
217.7
217.7
217.7
217.7
217.7
217.7
217.7
217.7
217.7
217.7
217.7
217.7
217.7
217.7
217.7
217.7
217.7
217.7
217.7
217.7
217.7
217.7
217.7
217.7
217.6
217.6
217.6
