6.9
56.6
100.9
115.2
120.7
124.5
127.8
129.6
132.2
133.4
137.4
139.8
141.4
142.1
142.3
142.9
143.3
143.8
143.8
144.5
148.7
149.7
150.2
150
150.1
149.9
150
149.8
150.1
152.6
154.9
154.8
154.5
154.5
154.3
154.6
154.7
154.5
155.4
157.5
159.6
159.2
159
158.8
158.5
158.3
158.1
158.6
160.2
161.5
161
159.8
159.5
159.3
159.2
158.9
159.3
160.5
162
162.7
162.4
162.2
161.9
161.8
161.7
161.8
162.9
164
164.7
164.4
164.2
164
163.8
163.5
163.5
164.5
165.5
166.4
166.5
166.4
166.2
166
165.8
165.7
166.4
167.2
168
168.1
168
167.7
167.5
167.3
167.2
167.9
168.6
169.4
170
170.1
169.8
169.7
169.4
169.3
170
170.5
171.2
171.6
170.9
170.6
170.5
170.3
170.1
170.7
171.3
171.9
172.3
172.1
171.9
171.7
171.5
171.4
171.9
172.4
173
173.5
173.5
173.2
173.1
172.9
172.8
173.3
173.7
174.2
174.4
174.4
174.4
174.2
174
173.9
174.4
174.4
174.4
175.4
175.4
175.4
174.4
174.4
174.4
174.4
175.4
175.4
176.4
175.4
175.4
175.4
175.3
175.4
175.4
176.4
176.4
176.4
176.4
176.2
176.3
176.2
175.2
176.2
176.2
177.2
177.2
177.2
177.2
176.2
176.2
176.2
176.2
177.2
177.3
177.3
177.3
177.3
177.3
177.3
177.3
177.3
177.3
178.3
178.3
178.3
177.3
177.3
177.3
177.3
177.3
178.3
178.3
178.3
178.3
178.3
178.3
178.3
177.3
178.3
178.3
178.3
179.3
179.3
178.3
178.3
178.3
178.3
178.3
179.3
179.3
179.3
179.4
179.3
179.4
179.2
178.2
179.2
179.2
179.2
179.2
180.2
179.2
179.2
179.2
179.2
179.2
180.2
180.2
180.2
180.2
180.2
180.2
180.2
180.2
180.2
180.2
180.2
180.2
181.2
180.2
180.2
180.2
180.2
180.2
180.2
181.2
181.2
181.2
181.2
181.2
181.2
181.2
181.2
181.2
181.2
182.2
182.2
182.2
181.2
181.2
181.2
181.2
182.2
182.2
182.2
182.2
182.2
182.2
182.2
182.1
182.1
182.1
183.1
183.1
183.1
183.1
183.1
183.1
183.1
183.1
183.1
183.1
183.1
184.1
183.1
183.1
183.1
183.1
183.1
183.1
184.1
184.1
184.1
184.1
184.1
184.1
184.1
184.1
184.1
184.1
185.1
185.1
185.1
185.1
184.1
184.1
185.1
185.1
185.1
185.1
185.1
185.1
185.1
185.1
185.1
185.1
185.1
186.1
186.1
186.1
186.1
186.1
186.1
186.1
186.1
186.1
186.1
186.1
186.1
186.1
186.1
186
186.1
186.1
186.1
186.1
187.1
187.1
187.1
187.1
186.1
186.1
186.1
187.1
187.1
187.1
187.1
187.1
187.1
187.1
187.1
187.1
187.1
187.1
188.1
188.1
188.1
188.1
188.1
188.1
188.1
188.1
188.1
188.1
188.1
188.1
188.1
188.1
188.1
188.1
188.1
188.1
188.1
188.1
188.1
188.1
188.1
188.1
188.1
188
188
189
189
189
189
188
188
189
189
189
189
189
189
189
189
189
189
189
189
189
189
189
189
189
189
189
189
189
190
190
190
190
190
190
190
190
190
190
190
190
190
190
190
190
190
190
190
190
190
191
191
190
191
191
191
191
191
191
191
191
191
191
191
191
191
191
191
191
191
191
190.9
190.9
190.9
190.9
191.9
191.9
191.9
192
192
192
192
192
192
191.9
191.9
191.9
191.9
191.9
191.9
191.9
191.9
192
192
191.9
191.9
192
191.9
191.9
191.9
192
191.9
193
193
192.9
193
192.9
192.9
192.9
192.9
192.9
192.9
192.9
192.9
192.9
192.9
192.9
192.9
192.9
192.9
192.9
192.9
192.9
192.9
192.9
192.9
192.9
193.9
193.9
193.9
193.9
193.9
193.9
193.9
193.9
193.9
193.9
193.9
193.9
193.9
193.9
193.9
193.9
193.9
193.9
193.9
193.9
193.9
194.9
194.9
194
194
195
195
195
195
195
195
195
195
195
195
195
195
194.9
194.9
194.9
194.9
194.9
194.9
194.9
194.9
194.9
194.9
194.9
194.9
194.9
194.9
194.9
194.9
194.9
194.9
194.9
195.9
195.9
195.9
194.9
194.9
194.9
195.9
195.9
195.9
195.9
195.9
195.9
195.9
195.9
195.9
195.9
195.9
195.9
195.9
195.9
195.9
195.9
195.9
195.9
195.9
195.9
195.9
196.9
196.9
195.9
195.9
195.9
195.9
195.9
196.9
196.9
196.9
196.9
196.9
196.9
196.9
196.9
196.9
196.9
196.9
196.9
196.9
196.9
196.9
196.9
196.9
196.9
196.9
196.9
196.9
196.9
196.9
196.9
196.9
196.9
196.9
196.9
196.9
197.9
197.9
197.9
196.9
196.9
196.9
197.9
197.9
197.9
197.9
197.9
197.9
197.9
197.9
197.9
197.9
197.9
197.9
197.9
197.9
197.9
197.9
197.9
197.9
197.9
197.9
197.8
197.8
197.8
197.8
197.8
197.8
197.8
197.8
197.8
197.8
198.8
198.8
198.8
197.8
197.8
197.8
198.8
198.8
198.8
198.8
198.8
198.8
198.8
198.8
198.8
198.8
198.8
198.8
198.8
198.8
198.8
198.8
198.8
198.8
198.8
198.8
198.8
198.8
198.8
198.8
198.8
198.8
198.8
198.8
198.8
198.8
198.8
198.8
199.8
199.8
199.8
199.8
199.8
199.8
199.8
199.8
199.8
199.8
199.8
199.8
199.8
199.8
199.8
199.8
199.8
199.8
199.8
199.8
199.8
199.8
199.8
199.8
199.8
199.8
199.8
200.8
200.8
200.8
200.8
200.8
200.8
200.8
200.8
200.8
200.8
200.8
200.8
200.8
200.8
200.8
200.8
200.8
200.8
200.8
200.8
200.8
200.8
200.8
200.8
200.8
200.8
200.8
200.8
200.8
200.8
200.8
200.8
200.8
200.8
200.8
200.8
200.8
200.8
200.8
200.8
201.8
201.8
201.8
201.8
201.8
201.8
201.8
201.8
201.8
201.8
201.8
201.8
201.8
201.8
201.8
201.8
201.8
201.8
201.8
201.8
201.8
201.8
201.8
201.8
201.8
201.8
201.8
201.8
201.8
201.8
201.8
202.8
202.8
202.8
202.8
202.8
202.8
202.8
202.8
202.8
202.8
202.8
202.8
202.8
202.8
202.8
202.8
202.8
202.8
202.8
202.8
202.8
202.8
202.8
202.8
202.8
202.8
202.8
202.8
202.8
202.8
202.8
203.8
203.8
203.8
203.8
203.8
203.8
203.8
203.8
203.8
203.8
203.8
203.8
203.8
203.8
203.8
203.8
203.8
203.8
203.8
203.8
203.8
203.8
203.8
203.8
203.8
203.8
203.8
203.8
203.8
204.8
204.8
204.8
204.8
204.8
204.8
204.8
204.8
204.8
204.8
204.8
204.8
204.8
204.8
204.8
204.8
204.8
204.8
204.8
204.8
204.8
204.8
204.8
204.8
204.8
204.8
204.8
204.8
204.8
204.8
204.8
204.8
204.8
205.8
205.8
205.8
205.8
205.8
205.8
205.8
205.8
205.8
205.8
205.8
205.8
205.8
205.8
205.8
205.8
205.8
205.8
205.8
205.8
205.8
205.8
205.8
205.8
205.8
205.8
205.8
205.8
205.8
205.8
205.8
205.8
205.8
205.8
205.8
205.8
205.8
205.8
205.8
205.8
206.8
206.8
206.8
206.8
206.8
206.8
206.8
206.8
206.8
206.8
206.8
206.8
206.8
206.8
206.8
206.8
206.8
206.8
206.8
206.8
206.8
206.8
206.8
206.8
206.8
206.8
206.8
206.8
206.8
206.8
206.8
206.8
206.8
206.8
206.8
206.8
206.8
206.8
206.8
206.8
207.8
207.8
207.8
207.8
207.8
207.8
207.8
207.8
207.8
207.8
207.8
207.8
207.8
207.8
207.8
207.8
207.8
207.8
207.8
207.8
207.8
207.8
207.8
207.8
207.8
207.8
207.8
207.8
207.8
207.8
207.8
207.8
207.8
207.8
207.8
207.8
207.8
207.8
207.8
208.8
208.8
208.8
208.8
208.8
208.8
208.8
208.8
208.8
208.8
208.8
208.8
208.8
208.8
208.8
208.8
208.8
208.8
208.8
208.8
208.8
208.8
208.8
208.8
208.8
208.8
208.8
208.8
208.8
208.8
208.8
208.8
208.8
208.8
208.8
208.8
208.8
208.8
208.8
208.8
208.8
208.8
208.8
208.8
208.8
208.8
208.8
208.8
208.8
208.8
208.8
208.8
208.8
208.8
209.8
209.8
209.8
209.8
209.8
209.8
209.8
209.8
209.8
209.8
209.8
209.8
209.8
209.8
209.8
209.8
209.8
209.8
209.8
209.8
209.8
209.8
209.8
209.8
209.8
209.8
209.8
209.8
209.8
209.8
209.8
209.8
209.8
209.8
209.8
209.8
209.8
209.8
209.8
209.8
209.8
209.8
209.8
209.8
209.8
209.8
209.8
209.8
209.8
209.8
209.8
209.8
209.8
209.8
209.8
209.8
209.8
209.8
210.8
209.8
210.8
210.8
210.8
210.8
210.8
210.8
210.8
210.8
210.8
210.8
210.8
210.8
210.8
210.8
210.8
210.8
210.8
210.8
210.8
210.8
210.8
210.8
210.8
210.8
210.8
210.8
210.8
210.8
210.8
210.8
210.8
210.8
210.8
210.8
210.8
210.8
210.8
210.8
210.8
210.8
210.8
210.8
210.8
210.8
210.8
210.8
210.8
210.8
210.8
210.8
210.8
210.8
210.8
210.8
210.8
210.8
210.8
210.8
210.8
210.8
210.8
210.8
210.8
210.8
210.8
210.8
210.8
210.8
210.8
211.8
211.8
211.8
211.8
211.8
211.8
211.8
211.8
211.8
211.8
211.8
211.8
211.8
211.8
211.8
211.8
211.8
211.8
211.8
211.8
211.8
211.8
211.8
211.8
211.8
211.8
211.8
211.8
211.8
211.8
211.8
211.8
211.8
211.8
211.8
211.8
211.8
211.8
211.8
211.8
211.8
211.8
211.8
211.8
211.8
211.8
211.8
211.8
211.8
211.8
211.8
211.8
211.8
211.8
211.8
211.8
211.8
211.8
211.8
211.8
211.8
211.8
211.8
211.8
211.8
211.8
211.8
211.8
211.8
211.8
211.8
211.8
211.8
211.8
211.8
211.8
211.8
211.8
211.8
211.8
211.8
211.8
211.8
211.8
211.8
211.8
211.8
211.8
211.8
211.8
211.8
211.8
211.8
211.8
211.8
212.8
212.8
212.8
212.8
212.8
212.8
212.8
212.8
212.8
212.8
212.8
212.8
212.8
212.8
212.8
212.8
212.8
212.8
212.8
212.8
212.8
212.8
212.8
212.8
212.8
212.8
212.8
212.8
212.8
212.8
212.8
212.8
212.8
212.8
212.8
212.8
212.8
212.8
212.8
212.8
212.8
212.8
212.8
212.8
212.8
212.8
212.8
212.8
212.8
212.8
212.8
212.8
212.8
212.8
212.8
212.8
212.8
212.8
212.8
212.8
212.8
212.8
212.8
212.8
212.8
213.8
212.8
212.8
212.8
212.8
212.8
212.8
212.8
212.8
212.8
212.8
212.8
212.8
212.8
212.8
212.8
212.8
212.8
212.8
212.8
212.8
213.8
213.8
213.8
213.8
213.8
213.8
213.8
213.8
213.8
213.8
213.8
213.8
213.8
213.8
213.8
213.8
213.8
213.8
213.8
213.8
213.8
213.8
213.8
213.8
213.8
213.8
213.8
213.8
213.8
213.8
213.8
213.8
213.8
213.8
213.8
213.8
213.8
213.8
213.8
213.8
213.8
213.8
213.8
213.8
213.8
213.8
213.8
213.8
213.8
213.8
213.8
213.8
213.8
213.8
213.8
213.8
213.8
213.8
213.8
213.8
213.8
213.8
213.8
213.8
213.8
213.8
213.8
213.8
213.8
213.8
213.8
213.8
213.8
213.8
213.8
213.8
213.8
213.8
213.8
213.8
213.8
213.8
213.8
213.8
213.8
213.8
213.8
213.8
213.8
213.8
213.8
213.8
213.8
213.8
213.8
213.8
213.8
213.8
213.8
213.8
213.8
213.8
213.8
213.8
213.8
213.8
213.8
213.8
213.8
213.8
213.8
213.8
214.8
214.8
214.8
214.8
214.8
214.8
214.8
214.8
214.8
214.8
214.8
214.8
214.8
214.8
214.8
214.8
214.8
214.8
214.8
214.8
214.8
214.8
214.8
214.8
214.8
214.8
214.8
214.8
214.8
214.8
214.8
214.8
214.8
214.8
214.8
214.8
214.8
214.8
214.8
214.8
214.8
214.8
214.8
214.8
214.8
214.8
214.8
214.8
214.8
214.8
214.8
214.8
214.8
214.8
214.8
214.8
214.8
214.8
214.8
214.8
214.8
214.8
214.8
214.8
214.8
214.8
214.8
214.8
214.8
214.8
214.8
214.8
214.8
214.8
214.8
214.8
214.8
214.8
214.8
214.8
214.8
214.8
214.8
214.8
214.8
214.8
214.8
214.8
214.8
214.8
214.8
214.8
214.8
214.8
214.8
214.8
214.8
214.8
214.8
214.8
214.8
214.8
214.8
214.8
214.8
214.8
214.8
214.8
214.8
215.8
215.8
215.8
214.8
214.8
214.8
214.8
214.8
214.8
214.8
215.8
215.8
215.8
215.8
215.8
215.8
215.8
215.8
215.8
215.8
215.8
215.8
215.8
215.8
215.8
215.8
215.8
215.8
215.8
215.8
215.8
215.8
215.8
215.8
215.8
215.8
215.8
215.8
215.8
215.8
215.8
215.8
215.8
215.8
215.8
215.8
215.8
215.8
215.8
215.8
215.8
215.8
215.8
215.8
215.8
215.8
215.8
215.8
215.8
215.8
215.8
215.8
215.8
215.8
215.8
215.8
215.8
215.8
215.8
215.8
215.8
215.8
215.8
215.8
215.8
215.8
215.8
215.8
215.8
215.8
215.8
215.8
215.8
215.8
215.8
215.8
215.8
215.8
215.8
215.8
215.8
215.8
215.8
215.8
215.8
215.8
215.8
215.8
215.8
215.8
215.8
215.8
215.8
215.8
215.8
215.8
215.8
215.8
215.8
215.8
215.8
215.8
215.8
215.8
215.8
215.8
215.8
215.8
215.8
215.8
215.8
215.8
215.8
215.8
215.8
215.8
215.8
215.8
215.8
215.8
215.8
215.8
215.8
215.8
215.8
215.8
215.8
215.8
215.8
215.8
215.8
215.8
215.8
215.8
215.8
215.8
215.8
215.8
215.8
216.8
215.8
216.8
216.8
216.8
216.8
216.8
216.8
216.8
216.8
216.8
216.8
216.8
216.8
216.8
216.8
216.8
216.8
216.8
216.8
216.8
216.8
216.8
216.8
216.8
216.8
216.8
216.8
216.8
216.8
216.8
216.8
216.8
216.8
216.8
216.8
216.8
216.8
216.8
216.8
216.8
216.8
216.8
216.8
216.8
216.8
216.8
216.8
216.8
216.8
216.8
216.8
216.8
216.8
216.8
216.8
216.8
216.8
216.8
216.8
216.8
216.8
216.8
216.8
216.8
216.8
216.8
216.8
216.8
216.8
216.8
216.8
216.8
216.8
216.8
216.8
216.8
216.8
216.8
216.8
216.8
216.8
216.8
216.8
216.8
216.8
216.8
216.8
216.8
216.8
216.8
216.8
216.8
216.8
216.8
216.8
216.8
216.8
216.8
216.8
216.8
216.8
216.8
216.8
216.8
216.8
216.8
216.8
216.8
216.8
216.8
216.8
216.8
216.8
216.8
216.8
216.8
216.8
216.8
216.8
216.8
216.8
216.8
216.8
216.8
216.8
216.8
216.8
216.8
216.8
216.8
216.8
216.8
216.8
216.8
216.8
216.8
216.8
216.8
216.8
216.8
216.8
216.8
216.8
216.8
216.8
216.8
216.8
216.8
216.8
216.8
216.8
216.8
216.8
216.8
216.8
216.8
216.8
216.8
216.8
216.8
217.8
217.8
217.8
217.8
217.8
217.8
217.8
217.8
216.8
216.8
216.8
216.8
217.8
217.8
217.8
217.8
217.8
217.8
217.8
217.8
217.8
217.8
217.8
217.8
217.8
217.8
217.8
217.8
217.8
217.8
217.8
217.8
217.8
217.8
217.8
217.8
217.8
217.8
217.8
217.8
217.8
217.8
217.8
217.8
217.8
217.8
217.8
217.8
217.8
217.8
217.8
217.8
217.8
217.8
217.8
217.8
217.8
217.8
217.8
217.8
217.8
217.8
217.8
217.8
217.8
217.8
217.8
217.8
217.8
217.8
217.8
217.8
217.8
217.8
217.8
217.8
217.8
217.8
217.8
217.8
217.8
217.8
217.8
217.8
217.8
217.8
217.8
217.8
217.8
217.8
217.8
217.8
217.8
217.8
217.8
217.8
217.8
217.8
217.8
217.8
217.8
217.8
217.8
217.8
217.8
217.8
217.8
217.8
217.8
217.8
217.8
217.8
217.8
217.8
217.8
217.8
217.8
217.8
217.8
217.8
217.8
217.8
217.8
217.8
217.8
217.8
217.8
217.8
217.8
217.8
217.8
217.8
217.8
217.8
217.8
217.8
217.8
217.8
217.8
217.8
217.8
217.8
217.8
217.8
217.8
217.8
217.8
217.8
217.8
217.8
217.8
218.8
218.8
218.8
218.8
218.8
218.8
218.8
218.8
218.8
218.8
218.8
218.8
218.8
218.7
0
