12.6
504
1081
1391
1590
1734
1839
1918
1983
2036
2079
2118
2153
2179
2202
2223
2240
2256
2271
2283
2261
2275
2288
2300
2309
2317
2326
2332
2340
2347
2356
2364
2369
2377
2383
2386
2391
2394
2399
2384
2388
2394
2400
2404
2408
2411
2416
2418
2421
2425
2428
2431
2433
2437
2441
2443
2445
2448
2449
2439
2442
2445
2448
2449
2452
2454
2457
2458
2460
2462
2463
2467
2468
2471
2472
2474
2476
2477
2468
2470
2472
2473
2475
2477
2478
2480
2481
2482
2483
2485
2486
2487
2488
2490
2491
2491
2492
2486
2487
2487
2489
2490
2491
2492
2492
2494
2496
2496
2497
2497
2499
2499
2501
2502
2503
2503
2497
2498
2498
2499
2500
2501
2502
2503
2504
2504
2504
2506
2506
2507
2508
2508
2510
2510
2510
2506
2506
2506
2507
