331.6
331
331
331
331
332
332
332
333
333
333
333
334
334
335
335
336
336
336
337
336
336
337
337
337
338
338
339
338
339
340
340
340
340
341
341
341
342
341
342
342
342
343
343
343
342
343
343
343
343
344
344
344
344
344
344
345
345
345
346
346
346
346
346
347
347
347
347
348
347
348
348
349
348
348
349
349
349
349
350
350
349
350
350
351
351
351
351
351
352
352
352
351
352
352
352
353
352
352
353
353
352
353
352
353
353
353
353
353
353
354
354
353
354
354
354
354
354
355
355
355
355
354
355
355
354
354
355
354
354
354
354
354
353
353
