
nofdb	workloads/workloada.spec	50
# Load duration (sec): 1987.86
# Loading records:	200000000
# Load throughput (KOPS): 100.611
Count: 200000000  Average: 494.3056  StdDev: 16153.43
Percentiles(us): P50: 240.69 P90: 696.41 P99: 3548.07 P99.9: 16047.00 P99.99: 69180.33
------------------------------------------------------
[      50,      60 )       5   0.000%   0.000% 
[      60,      70 )     172   0.000%   0.000% 
[      70,      80 )    1669   0.001%   0.001% 
[      80,      90 )    4595   0.002%   0.003% 
[      90,     100 )    7715   0.004%   0.007% 
[     100,     120 ) 24180827  12.090%  12.097% ##
[     120,     140 ) 21943382  10.972%  23.069% ##
[     140,     160 ) 8350131   4.175%  27.244% #
[     160,     180 ) 7881112   3.941%  31.185% #
[     180,     200 ) 7429757   3.715%  34.900% #
[     200,     250 ) 37106612  18.553%  53.453% ####
[     250,     300 ) 20516451  10.258%  63.711% ##
[     300,     350 ) 14670037   7.335%  71.046% #
[     350,     400 ) 10303595   5.152%  76.198% #
[     400,     450 ) 7193642   3.597%  79.795% #
[     450,     500 ) 5702896   2.851%  82.646% #
[     500,     600 ) 9028933   4.514%  87.161% #
[     600,     700 ) 5889805   2.945%  90.106% #
[     700,     800 ) 3992019   1.996%  92.102% 
[     800,     900 ) 2647536   1.324%  93.425% 
[     900,    1000 ) 1895443   0.948%  94.373% 
[    1000,    1200 ) 2461288   1.231%  95.604% 
[    1200,    1400 ) 1479340   0.740%  96.343% 
[    1400,    1600 ) 1069964   0.535%  96.878% 
[    1600,    1800 )  821969   0.411%  97.289% 
[    1800,    2000 )  689195   0.345%  97.634% 
[    2000,    2500 ) 1312932   0.656%  98.291% 
[    2500,    3000 )  845084   0.423%  98.713% 
[    3000,    3500 )  538274   0.269%  98.982% 
[    3500,    4000 )  370476   0.185%  99.167% 
[    4000,    4500 )  265713   0.133%  99.300% 
[    4500,    5000 )  199124   0.100%  99.400% 
[    5000,    6000 )  277270   0.139%  99.538% 
[    6000,    7000 )  185235   0.093%  99.631% 
[    7000,    8000 )  131331   0.066%  99.697% 
[    8000,    9000 )   98681   0.049%  99.746% 
[    9000,   10000 )   73339   0.037%  99.783% 
[   10000,   12000 )   98076   0.049%  99.832% 
[   12000,   14000 )   83241   0.042%  99.873% 
[   14000,   16000 )   52293   0.026%  99.900% 
[   16000,   18000 )   35786   0.018%  99.917% 
[   18000,   20000 )   23596   0.012%  99.929% 
[   20000,   25000 )   35682   0.018%  99.947% 
[   25000,   30000 )   25910   0.013%  99.960% 
[   30000,   35000 )   16434   0.008%  99.968% 
[   35000,   40000 )   10809   0.005%  99.974% 
[   40000,   45000 )    7985   0.004%  99.978% 
[   45000,   50000 )    7029   0.004%  99.981% 
[   50000,   60000 )   11114   0.006%  99.987% 
[   60000,   70000 )    7076   0.004%  99.990% 
[   70000,   80000 )    2822   0.001%  99.992% 
[   80000,   90000 )    2786   0.001%  99.993% 
[   90000,  100000 )    2052   0.001%  99.994% 
[  100000,  120000 )    2340   0.001%  99.995% 
[  120000,  140000 )     969   0.000%  99.996% 
[  140000,  160000 )     946   0.000%  99.996% 
[  160000,  180000 )    1405   0.001%  99.997% 
[  180000,  200000 )     195   0.000%  99.997% 
[  200000,  250000 )     456   0.000%  99.997% 
[  250000,  300000 )     239   0.000%  99.997% 
[  300000,  350000 )     109   0.000%  99.997% 
[  350000,  400000 )     145   0.000%  99.998% 
[  400000,  450000 )     102   0.000%  99.998% 
[  450000,  500000 )      24   0.000%  99.998% 
[  500000,  600000 )     160   0.000%  99.998% 
[  600000,  700000 )     220   0.000%  99.998% 
[  700000,  800000 )     115   0.000%  99.998% 
[  800000,  900000 )      71   0.000%  99.998% 
[  900000, 1000000 )      20   0.000%  99.998% 
[ 1000000, 1200000 )     129   0.000%  99.998% 
[ 1200000, 1400000 )     625   0.000%  99.998% 
[ 1400000, 1600000 )     684   0.000%  99.999% 
[ 1600000, 1800000 )     465   0.000%  99.999% 
[ 1800000, 2000000 )     355   0.000%  99.999% 
[ 2000000, 2500000 )    1005   0.001% 100.000% 
[ 2500000, 3000000 )     672   0.000% 100.000% 
[ 3000000, 3500000 )      52   0.000% 100.000% 
[ 3500000, 4000000 )      57   0.000% 100.000% 
[ 5000000, 6000000 )      50   0.000% 100.000% 
[ 7000000, 8000000 )      50   0.000% 100.000% 
[ 8000000, 9000000 )      50   0.000% 100.000% 
[ 20000000, 25000000 )      50   0.000% 100.000% 


# Run duration (sec): 1238.95
# Run operations:	200000000
# Run throughput (KOPS): 161.427
Count: 200000000  Average: 307.1099  StdDev: 2035.48
Percentiles(us): P50: 164.26 P90: 468.06 P99: 1673.90 P99.9: 22964.22 P99.99: 75526.63
------------------------------------------------------
[      30,      35 )       1   0.000%   0.000% 
[      35,      40 )    2646   0.001%   0.001% 
[      40,      45 )  468384   0.234%   0.236% 
[      45,      50 ) 4179885   2.090%   2.325% 
[      50,      60 ) 20758418  10.379%  12.705% ##
[      60,      70 ) 11527155   5.764%  18.468% #
[      70,      80 ) 5445959   2.723%  21.191% #
[      80,      90 ) 5688148   2.844%  24.035% #
[      90,     100 ) 4716095   2.358%  26.393% 
[     100,     120 ) 18403797   9.202%  35.595% ##
[     120,     140 ) 17752840   8.876%  44.472% ##
[     140,     160 ) 9143374   4.572%  49.043% #
[     160,     180 ) 8978840   4.489%  53.533% #
[     180,     200 ) 7155104   3.578%  57.110% #
[     200,     250 ) 25628515  12.814%  69.925% ###
[     250,     300 ) 15595955   7.798%  77.723% ##
[     300,     350 ) 11040677   5.520%  83.243% #
[     350,     400 ) 7153021   3.577%  86.819% #
[     400,     450 ) 5018930   2.509%  89.329% #
[     450,     500 ) 3715317   1.858%  91.187% 
[     500,     600 ) 5217034   2.609%  93.795% #
[     600,     700 ) 3233683   1.617%  95.412% 
[     700,     800 ) 2120518   1.060%  96.472% 
[     800,     900 ) 1396014   0.698%  97.170% 
[     900,    1000 )  981262   0.491%  97.661% 
[    1000,    1200 ) 1276689   0.638%  98.299% 
[    1200,    1400 )  763280   0.382%  98.681% 
[    1400,    1600 )  507009   0.254%  98.934% 
[    1600,    1800 )  355745   0.178%  99.112% 
[    1800,    2000 )  256098   0.128%  99.240% 
[    2000,    2500 )  407191   0.204%  99.444% 
[    2500,    3000 )  224807   0.112%  99.556% 
[    3000,    3500 )  130147   0.065%  99.621% 
[    3500,    4000 )   81602   0.041%  99.662% 
[    4000,    4500 )   53669   0.027%  99.689% 
[    4500,    5000 )   37831   0.019%  99.708% 
[    5000,    6000 )   51537   0.026%  99.734% 
[    6000,    7000 )   36520   0.018%  99.752% 
[    7000,    8000 )   28881   0.014%  99.766% 
[    8000,    9000 )   24277   0.012%  99.778% 
[    9000,   10000 )   21534   0.011%  99.789% 
[   10000,   12000 )   42735   0.021%  99.811% 
[   12000,   14000 )   48345   0.024%  99.835% 
[   14000,   16000 )   39670   0.020%  99.855% 
[   16000,   18000 )   31745   0.016%  99.870% 
[   18000,   20000 )   26024   0.013%  99.883% 
[   20000,   25000 )   55819   0.028%  99.911% 
[   25000,   30000 )   46421   0.023%  99.935% 
[   30000,   35000 )   31016   0.016%  99.950% 
[   35000,   40000 )   19453   0.010%  99.960% 
[   40000,   45000 )   14342   0.007%  99.967% 
[   45000,   50000 )   11613   0.006%  99.973% 
[   50000,   60000 )   18064   0.009%  99.982% 
[   60000,   70000 )   11715   0.006%  99.988% 
[   70000,   80000 )    8412   0.004%  99.992% 
[   80000,   90000 )    5224   0.003%  99.994% 
[   90000,  100000 )    3281   0.002%  99.996% 
[  100000,  120000 )    3322   0.002%  99.998% 
[  120000,  140000 )    2230   0.001%  99.999% 
[  140000,  160000 )    1120   0.001%  99.999% 
[  160000,  180000 )     287   0.000% 100.000% 
[  180000,  200000 )     213   0.000% 100.000% 
[  200000,  250000 )     210   0.000% 100.000% 
[  250000,  300000 )     120   0.000% 100.000% 
[  300000,  350000 )      30   0.000% 100.000% 
[  350000,  400000 )      44   0.000% 100.000% 
[  400000,  450000 )       6   0.000% 100.000% 
[  700000,  800000 )      50   0.000% 100.000% 
[ 1200000, 1400000 )      50   0.000% 100.000% 
[ 1400000, 1600000 )      29   0.000% 100.000% 
[ 1600000, 1800000 )      21   0.000% 100.000% 

Read info: 
Count: 100000653  Average: 245.5025  StdDev: 1808.32
Percentiles(us): P50: 94.10 P90: 397.72 P99: 1538.98 P99.9: 21060.52 P99.99: 71390.13
------------------------------------------------------
[      30,      35 )       1   0.000%   0.000% 
[      35,      40 )    2646   0.003%   0.003% 
[      40,      45 )  468384   0.468%   0.471% 
[      45,      50 ) 4179885   4.180%   4.651% #
[      50,      60 ) 20758416  20.758%  25.409% ####
[      60,      70 ) 11527098  11.527%  36.936% ##
[      70,      80 ) 5445261   5.445%  42.381% #
[      80,      90 ) 5686071   5.686%  48.067% #
[      90,     100 ) 4711767   4.712%  52.779% #
[     100,     120 ) 5656832   5.657%  58.436% #
[     120,     140 ) 5599082   5.599%  64.035% #
[     140,     160 ) 3836159   3.836%  67.871% #
[     160,     180 ) 3210117   3.210%  71.081% #
[     180,     200 ) 2835917   2.836%  73.917% #
[     200,     250 ) 6031236   6.031%  79.948% #
[     250,     300 ) 4368920   4.369%  84.317% #
[     300,     350 ) 3339680   3.340%  87.657% #
[     350,     400 ) 2455302   2.455%  90.112% 
[     400,     450 ) 1836925   1.837%  91.949% 
[     450,     500 ) 1360904   1.361%  93.310% 
[     500,     600 ) 1844474   1.844%  95.154% 
[     600,     700 ) 1159451   1.159%  96.314% 
[     700,     800 )  782165   0.782%  97.096% 
[     800,     900 )  531710   0.532%  97.628% 
[     900,    1000 )  381246   0.381%  98.009% 
[    1000,    1200 )  519777   0.520%  98.529% 
[    1200,    1400 )  319241   0.319%  98.848% 
[    1400,    1600 )  218710   0.219%  99.067% 
[    1600,    1800 )  152870   0.153%  99.220% 
[    1800,    2000 )  111445   0.111%  99.331% 
[    2000,    2500 )  177074   0.177%  99.508% 
[    2500,    3000 )   97020   0.097%  99.605% 
[    3000,    3500 )   56281   0.056%  99.661% 
[    3500,    4000 )   34924   0.035%  99.696% 
[    4000,    4500 )   23055   0.023%  99.719% 
[    4500,    5000 )   16560   0.017%  99.736% 
[    5000,    6000 )   22858   0.023%  99.759% 
[    6000,    7000 )   16561   0.017%  99.775% 
[    7000,    8000 )   13385   0.013%  99.789% 
[    8000,    9000 )   11352   0.011%  99.800% 
[    9000,   10000 )   10154   0.010%  99.810% 
[   10000,   12000 )   19599   0.020%  99.830% 
[   12000,   14000 )   20717   0.021%  99.851% 
[   14000,   16000 )   17611   0.018%  99.868% 
[   16000,   18000 )   14285   0.014%  99.882% 
[   18000,   20000 )   12058   0.012%  99.895% 
[   20000,   25000 )   25772   0.026%  99.920% 
[   25000,   30000 )   20974   0.021%  99.941% 
[   30000,   35000 )   14134   0.014%  99.955% 
[   35000,   40000 )    8814   0.009%  99.964% 
[   40000,   45000 )    6589   0.007%  99.971% 
[   45000,   50000 )    5186   0.005%  99.976% 
[   50000,   60000 )    8182   0.008%  99.984% 
[   60000,   70000 )    5297   0.005%  99.989% 
[   70000,   80000 )    3733   0.004%  99.993% 
[   80000,   90000 )    2252   0.002%  99.995% 
[   90000,  100000 )    1405   0.001%  99.997% 
[  100000,  120000 )    1345   0.001%  99.998% 
[  120000,  140000 )     943   0.001%  99.999% 
[  140000,  160000 )     452   0.000% 100.000% 
[  160000,  180000 )     117   0.000% 100.000% 
[  180000,  200000 )      93   0.000% 100.000% 
[  200000,  250000 )      61   0.000% 100.000% 
[  250000,  300000 )      42   0.000% 100.000% 
[  300000,  350000 )      10   0.000% 100.000% 
[  350000,  400000 )      18   0.000% 100.000% 
[  400000,  450000 )       1   0.000% 100.000% 
[  700000,  800000 )      18   0.000% 100.000% 
[ 1200000, 1400000 )      17   0.000% 100.000% 
[ 1400000, 1600000 )       9   0.000% 100.000% 
[ 1600000, 1800000 )       3   0.000% 100.000% 

Write info: 
Count: 99999347  Average: 368.7181  StdDev: 2238.02
Percentiles(us): P50: 224.74 P90: 527.78 P99: 1795.37 P99.9: 24597.07 P99.99: 78826.81
------------------------------------------------------
[      50,      60 )       2   0.000%   0.000% 
[      60,      70 )      57   0.000%   0.000% 
[      70,      80 )     698   0.001%   0.001% 
[      80,      90 )    2077   0.002%   0.003% 
[      90,     100 )    4328   0.004%   0.007% 
[     100,     120 ) 12746965  12.747%  12.754% ###
[     120,     140 ) 12153758  12.154%  24.908% ##
[     140,     160 ) 5307215   5.307%  30.215% #
[     160,     180 ) 5768723   5.769%  35.984% #
[     180,     200 ) 4319187   4.319%  40.303% #
[     200,     250 ) 19597279  19.597%  59.901% ####
[     250,     300 ) 11227035  11.227%  71.128% ##
[     300,     350 ) 7700997   7.701%  78.829% ##
[     350,     400 ) 4697719   4.698%  83.527% #
[     400,     450 ) 3182005   3.182%  86.709% #
[     450,     500 ) 2354413   2.354%  89.063% 
[     500,     600 ) 3372560   3.373%  92.436% #
[     600,     700 ) 2074232   2.074%  94.510% 
[     700,     800 ) 1338353   1.338%  95.848% 
[     800,     900 )  864304   0.864%  96.713% 
[     900,    1000 )  600016   0.600%  97.313% 
[    1000,    1200 )  756912   0.757%  98.069% 
[    1200,    1400 )  444039   0.444%  98.514% 
[    1400,    1600 )  288299   0.288%  98.802% 
[    1600,    1800 )  202875   0.203%  99.005% 
[    1800,    2000 )  144653   0.145%  99.149% 
[    2000,    2500 )  230117   0.230%  99.379% 
[    2500,    3000 )  127787   0.128%  99.507% 
[    3000,    3500 )   73866   0.074%  99.581% 
[    3500,    4000 )   46678   0.047%  99.628% 
[    4000,    4500 )   30614   0.031%  99.658% 
[    4500,    5000 )   21271   0.021%  99.680% 
[    5000,    6000 )   28679   0.029%  99.708% 
[    6000,    7000 )   19959   0.020%  99.728% 
[    7000,    8000 )   15496   0.015%  99.744% 
[    8000,    9000 )   12925   0.013%  99.757% 
[    9000,   10000 )   11380   0.011%  99.768% 
[   10000,   12000 )   23136   0.023%  99.791% 
[   12000,   14000 )   27628   0.028%  99.819% 
[   14000,   16000 )   22059   0.022%  99.841% 
[   16000,   18000 )   17460   0.017%  99.858% 
[   18000,   20000 )   13966   0.014%  99.872% 
[   20000,   25000 )   30047   0.030%  99.902% 
[   25000,   30000 )   25447   0.025%  99.928% 
[   30000,   35000 )   16882   0.017%  99.945% 
[   35000,   40000 )   10639   0.011%  99.955% 
[   40000,   45000 )    7753   0.008%  99.963% 
[   45000,   50000 )    6427   0.006%  99.970% 
[   50000,   60000 )    9882   0.010%  99.979% 
[   60000,   70000 )    6418   0.006%  99.986% 
[   70000,   80000 )    4679   0.005%  99.991% 
[   80000,   90000 )    2972   0.003%  99.994% 
[   90000,  100000 )    1876   0.002%  99.995% 
[  100000,  120000 )    1977   0.002%  99.997% 
[  120000,  140000 )    1287   0.001%  99.999% 
[  140000,  160000 )     668   0.001%  99.999% 
[  160000,  180000 )     170   0.000%  99.999% 
[  180000,  200000 )     120   0.000% 100.000% 
[  200000,  250000 )     149   0.000% 100.000% 
[  250000,  300000 )      78   0.000% 100.000% 
[  300000,  350000 )      20   0.000% 100.000% 
[  350000,  400000 )      26   0.000% 100.000% 
[  400000,  450000 )       5   0.000% 100.000% 
[  700000,  800000 )      32   0.000% 100.000% 
[ 1200000, 1400000 )      33   0.000% 100.000% 
[ 1400000, 1600000 )      20   0.000% 100.000% 
[ 1600000, 1800000 )      18   0.000% 100.000% 


