
nofdb	workloads/workloadf.spec	50
# Load duration (sec): 1888.69
# Loading records:	200000000
# Load throughput (KOPS): 105.894
Count: 200000000  Average: 469.8363  StdDev: 9920.91
Percentiles(us): P50: 237.14 P90: 657.41 P99: 3331.09 P99.9: 16787.82 P99.99: 82671.23
------------------------------------------------------
[      50,      60 )       1   0.000%   0.000% 
[      60,      70 )      28   0.000%   0.000% 
[      70,      80 )     568   0.000%   0.000% 
[      80,      90 )    3375   0.002%   0.002% 
[      90,     100 )    7659   0.004%   0.006% 
[     100,     120 ) 23877153  11.939%  11.944% ##
[     120,     140 ) 22921922  11.461%  23.405% ##
[     140,     160 ) 8995820   4.498%  27.903% #
[     160,     180 ) 8436129   4.218%  32.121% #
[     180,     200 ) 7552804   3.776%  35.898% #
[     200,     250 ) 37968439  18.984%  54.882% ####
[     250,     300 ) 21280975  10.640%  65.522% ##
[     300,     350 ) 14842359   7.421%  72.944% #
[     350,     400 ) 10339624   5.170%  78.113% #
[     400,     450 ) 6906206   3.453%  81.567% #
[     450,     500 ) 5425716   2.713%  84.279% #
[     500,     600 ) 8382996   4.191%  88.471% #
[     600,     700 ) 5326786   2.663%  91.134% #
[     700,     800 ) 3566481   1.783%  92.918% 
[     800,     900 ) 2364641   1.182%  94.100% 
[     900,    1000 ) 1684180   0.842%  94.942% 
[    1000,    1200 ) 2174709   1.087%  96.029% 
[    1200,    1400 ) 1308752   0.654%  96.684% 
[    1400,    1600 )  943519   0.472%  97.155% 
[    1600,    1800 )  740107   0.370%  97.525% 
[    1800,    2000 )  633997   0.317%  97.842% 
[    2000,    2500 ) 1209731   0.605%  98.447% 
[    2500,    3000 )  776049   0.388%  98.835% 
[    3000,    3500 )  497251   0.249%  99.084% 
[    3500,    4000 )  337195   0.169%  99.253% 
[    4000,    4500 )  239763   0.120%  99.372% 
[    4500,    5000 )  177941   0.089%  99.461% 
[    5000,    6000 )  241073   0.121%  99.582% 
[    6000,    7000 )  156732   0.078%  99.660% 
[    7000,    8000 )  112181   0.056%  99.716% 
[    8000,    9000 )   84761   0.042%  99.759% 
[    9000,   10000 )   64089   0.032%  99.791% 
[   10000,   12000 )   89715   0.045%  99.836% 
[   12000,   14000 )   72099   0.036%  99.872% 
[   14000,   16000 )   43761   0.022%  99.894% 
[   16000,   18000 )   32274   0.016%  99.910% 
[   18000,   20000 )   22609   0.011%  99.921% 
[   20000,   25000 )   41218   0.021%  99.942% 
[   25000,   30000 )   26371   0.013%  99.955% 
[   30000,   35000 )   17867   0.009%  99.964% 
[   35000,   40000 )   10901   0.005%  99.969% 
[   40000,   45000 )    8846   0.004%  99.974% 
[   45000,   50000 )    8001   0.004%  99.978% 
[   50000,   60000 )   11660   0.006%  99.984% 
[   60000,   70000 )    7385   0.004%  99.987% 
[   70000,   80000 )    4684   0.002%  99.990% 
[   80000,   90000 )    3358   0.002%  99.991% 
[   90000,  100000 )    2606   0.001%  99.993% 
[  100000,  120000 )    4249   0.002%  99.995% 
[  120000,  140000 )    1987   0.001%  99.996% 
[  140000,  160000 )    1251   0.001%  99.996% 
[  160000,  180000 )     861   0.000%  99.997% 
[  180000,  200000 )     439   0.000%  99.997% 
[  200000,  250000 )     557   0.000%  99.997% 
[  250000,  300000 )     137   0.000%  99.997% 
[  300000,  350000 )     273   0.000%  99.997% 
[  350000,  400000 )     260   0.000%  99.998% 
[  400000,  450000 )     104   0.000%  99.998% 
[  450000,  500000 )      78   0.000%  99.998% 
[  500000,  600000 )     249   0.000%  99.998% 
[  600000,  700000 )     281   0.000%  99.998% 
[  700000,  800000 )     210   0.000%  99.998% 
[  800000,  900000 )      33   0.000%  99.998% 
[  900000, 1000000 )      19   0.000%  99.998% 
[ 1000000, 1200000 )     112   0.000%  99.998% 
[ 1200000, 1400000 )     429   0.000%  99.998% 
[ 1400000, 1600000 )     728   0.000%  99.999% 
[ 1600000, 1800000 )     547   0.000%  99.999% 
[ 1800000, 2000000 )     269   0.000%  99.999% 
[ 2000000, 2500000 )    1124   0.001% 100.000% 
[ 2500000, 3000000 )     517   0.000% 100.000% 
[ 3000000, 3500000 )      64   0.000% 100.000% 
[ 3500000, 4000000 )      50   0.000% 100.000% 
[ 4000000, 4500000 )       5   0.000% 100.000% 
[ 4500000, 5000000 )      50   0.000% 100.000% 
[ 5000000, 6000000 )      50   0.000% 100.000% 


# Run duration (sec): 1393.57
# Run operations:	200000000
# Run throughput (KOPS): 143.516
Count: 200000000  Average: 346.3736  StdDev: 2066.80
Percentiles(us): P50: 218.78 P90: 587.39 P99: 1500.67 P99.9: 19883.62 P99.99: 71893.85
------------------------------------------------------
[      35,      40 )     960   0.000%   0.000% 
[      40,      45 )  184864   0.092%   0.093% 
[      45,      50 ) 2176356   1.088%   1.181% 
[      50,      60 ) 18756122   9.378%  10.559% ##
[      60,      70 ) 13692015   6.846%  17.405% #
[      70,      80 ) 6067874   3.034%  20.439% #
[      80,      90 ) 6497036   3.249%  23.688% #
[      90,     100 ) 5523143   2.762%  26.449% #
[     100,     120 ) 6384144   3.192%  29.641% #
[     120,     140 ) 6161875   3.081%  32.722% #
[     140,     160 ) 5460559   2.730%  35.452% #
[     160,     180 ) 12880183   6.440%  41.893% #
[     180,     200 ) 9847458   4.924%  46.816% #
[     200,     250 ) 16954663   8.477%  55.294% ##
[     250,     300 ) 19813910   9.907%  65.201% ##
[     300,     350 ) 14688262   7.344%  72.545% #
[     350,     400 ) 12655624   6.328%  78.873% #
[     400,     450 ) 8405569   4.203%  83.075% #
[     450,     500 ) 6313961   3.157%  86.232% #
[     500,     600 ) 8623127   4.312%  90.544% #
[     600,     700 ) 5625364   2.813%  93.357% #
[     700,     800 ) 3748538   1.874%  95.231% 
[     800,     900 ) 2516588   1.258%  96.489% 
[     900,    1000 ) 1704003   0.852%  97.341% 
[    1000,    1200 ) 2026257   1.013%  98.354% 
[    1200,    1400 ) 1012735   0.506%  98.861% 
[    1400,    1600 )  553929   0.277%  99.138% 
[    1600,    1800 )  320537   0.160%  99.298% 
[    1800,    2000 )  207668   0.104%  99.402% 
[    2000,    2500 )  303190   0.152%  99.553% 
[    2500,    3000 )  163550   0.082%  99.635% 
[    3000,    3500 )   92573   0.046%  99.681% 
[    3500,    4000 )   58936   0.029%  99.711% 
[    4000,    4500 )   40013   0.020%  99.731% 
[    4500,    5000 )   29652   0.015%  99.746% 
[    5000,    6000 )   42296   0.021%  99.767% 
[    6000,    7000 )   31439   0.016%  99.782% 
[    7000,    8000 )   24841   0.012%  99.795% 
[    8000,    9000 )   20785   0.010%  99.805% 
[    9000,   10000 )   18752   0.009%  99.815% 
[   10000,   12000 )   37510   0.019%  99.833% 
[   12000,   14000 )   42904   0.021%  99.855% 
[   14000,   16000 )   38606   0.019%  99.874% 
[   16000,   18000 )   29584   0.015%  99.889% 
[   18000,   20000 )   23407   0.012%  99.901% 
[   20000,   25000 )   50538   0.025%  99.926% 
[   25000,   30000 )   37623   0.019%  99.945% 
[   30000,   35000 )   25339   0.013%  99.957% 
[   35000,   40000 )   18137   0.009%  99.966% 
[   40000,   45000 )   12893   0.006%  99.973% 
[   45000,   50000 )    9351   0.005%  99.978% 
[   50000,   60000 )   14256   0.007%  99.985% 
[   60000,   70000 )    9352   0.005%  99.989% 
[   70000,   80000 )    6067   0.003%  99.992% 
[   80000,   90000 )    4427   0.002%  99.995% 
[   90000,  100000 )    3007   0.002%  99.996% 
[  100000,  120000 )    3959   0.002%  99.998% 
[  120000,  140000 )    1463   0.001%  99.999% 
[  140000,  160000 )     850   0.000%  99.999% 
[  160000,  180000 )     343   0.000%  99.999% 
[  180000,  200000 )     240   0.000% 100.000% 
[  200000,  250000 )     394   0.000% 100.000% 
[  250000,  300000 )      20   0.000% 100.000% 
[  300000,  350000 )     101   0.000% 100.000% 
[  350000,  400000 )      28   0.000% 100.000% 
[  450000,  500000 )       1   0.000% 100.000% 
[  500000,  600000 )      99   0.000% 100.000% 
[  800000,  900000 )      22   0.000% 100.000% 
[  900000, 1000000 )       7   0.000% 100.000% 
[ 1200000, 1400000 )      71   0.000% 100.000% 
[ 1600000, 1800000 )      32   0.000% 100.000% 
[ 1800000, 2000000 )      18   0.000% 100.000% 

Read info: 
Count: 99986189  Average: 201.0677  StdDev: 1777.94
Percentiles(us): P50: 94.74 P90: 326.09 P99: 881.95 P99.9: 15344.98 P99.99: 62421.65
------------------------------------------------------
[      35,      40 )     960   0.001%   0.001% 
[      40,      45 )  184864   0.185%   0.186% 
[      45,      50 ) 2176356   2.177%   2.363% 
[      50,      60 ) 18756122  18.759%  21.121% ####
[      60,      70 ) 13692015  13.694%  34.815% ###
[      70,      80 ) 6067874   6.069%  40.884% #
[      80,      90 ) 6497036   6.498%  47.382% #
[      90,     100 ) 5523143   5.524%  52.906% #
[     100,     120 ) 6384137   6.385%  59.291% #
[     120,     140 ) 6161368   6.162%  65.453% #
[     140,     160 ) 4600059   4.601%  70.054% #
[     160,     180 ) 3823650   3.824%  73.878% #
[     180,     200 ) 3266360   3.267%  77.145% #
[     200,     250 ) 6654437   6.655%  83.800% #
[     250,     300 ) 4546847   4.547%  88.347% #
[     300,     350 ) 3166651   3.167%  91.515% #
[     350,     400 ) 2193379   2.194%  93.708% 
[     400,     450 ) 1537472   1.538%  95.246% 
[     450,     500 ) 1068781   1.069%  96.315% 
[     500,     600 ) 1303595   1.304%  97.619% 
[     600,     700 )  726384   0.726%  98.345% 
[     700,     800 )  438459   0.439%  98.784% 
[     800,     900 )  264049   0.264%  99.048% 
[     900,    1000 )  165218   0.165%  99.213% 
[    1000,    1200 )  190263   0.190%  99.403% 
[    1200,    1400 )   97954   0.098%  99.501% 
[    1400,    1600 )   63834   0.064%  99.565% 
[    1600,    1800 )   46919   0.047%  99.612% 
[    1800,    2000 )   37084   0.037%  99.649% 
[    2000,    2500 )   66737   0.067%  99.716% 
[    2500,    3000 )   38139   0.038%  99.754% 
[    3000,    3500 )   21894   0.022%  99.776% 
[    3500,    4000 )   14708   0.015%  99.791% 
[    4000,    4500 )   10479   0.010%  99.801% 
[    4500,    5000 )    8273   0.008%  99.809% 
[    5000,    6000 )   12964   0.013%  99.822% 
[    6000,    7000 )   10710   0.011%  99.833% 
[    7000,    8000 )    9150   0.009%  99.842% 
[    8000,    9000 )    8186   0.008%  99.850% 
[    9000,   10000 )    7649   0.008%  99.858% 
[   10000,   12000 )   15269   0.015%  99.873% 
[   12000,   14000 )   17099   0.017%  99.890% 
[   14000,   16000 )   14388   0.014%  99.905% 
[   16000,   18000 )   11154   0.011%  99.916% 
[   18000,   20000 )    8980   0.009%  99.925% 
[   20000,   25000 )   19871   0.020%  99.945% 
[   25000,   30000 )   14550   0.015%  99.959% 
[   30000,   35000 )    9536   0.010%  99.969% 
[   35000,   40000 )    7020   0.007%  99.976% 
[   40000,   45000 )    4657   0.005%  99.980% 
[   45000,   50000 )    3371   0.003%  99.984% 
[   50000,   60000 )    5360   0.005%  99.989% 
[   60000,   70000 )    3206   0.003%  99.992% 
[   70000,   80000 )    2287   0.002%  99.995% 
[   80000,   90000 )    1675   0.002%  99.996% 
[   90000,  100000 )    1109   0.001%  99.998% 
[  100000,  120000 )    1295   0.001%  99.999% 
[  120000,  140000 )     453   0.000%  99.999% 
[  140000,  160000 )     276   0.000% 100.000% 
[  160000,  180000 )     118   0.000% 100.000% 
[  180000,  200000 )      78   0.000% 100.000% 
[  200000,  250000 )     132   0.000% 100.000% 
[  250000,  300000 )       1   0.000% 100.000% 
[  300000,  350000 )      32   0.000% 100.000% 
[  350000,  400000 )      15   0.000% 100.000% 
[  500000,  600000 )      42   0.000% 100.000% 
[  800000,  900000 )       7   0.000% 100.000% 
[  900000, 1000000 )       1   0.000% 100.000% 
[ 1200000, 1400000 )      27   0.000% 100.000% 
[ 1600000, 1800000 )      16   0.000% 100.000% 
[ 1800000, 2000000 )       5   0.000% 100.000% 

Write info: 
Count: 0  Average: 0.0000  StdDev: 0.00
Percentiles(us): P50: -nan P90: -nan P99: -nan P99.9: -nan P99.99: -nan
------------------------------------------------------


