19.3
18.8
18.3
17.9
17.5
17.0
32.2
77.5
 118
 155
 199
 231
 270
 305
 338
 369
 395
 421
 443
 464
 482
 505
 524
 540
 558
 576
 591
 605
 620
 635
 650
 661
 677
 690
 705
 719
 733
 747
 760
 772
 782
 793
 804
 816
 829
 838
 848
 860
 868
 876
 885
 890
 897
 903
 909
 915
 921
 928
 936
 942
 948
 953
 959
 966
 971
 977
 984
 992
 999
1006
1011
1016
1019
1026
1032
1039
1045
1050
1056
1061
1069
1076
1082
1089
1096
1103
1107
1111
1114
1117
1119
1124
1129
1135
1139
1141
1145
1148
1151
1154
1158
1163
1168
1172
1175
1179
1181
1184
1186
1187
1191
1193
1194
1196
1199
1203
1206
1207
1210
1214
1216
1218
1220
1221
1223
1225
1227
1229
1231
1233
1236
1237
1239
1241
1242
1243
1246
1249
1252
1254
1257
1259
1260
1262
1265
1267
1270
1272
1276
1278
1280
1281
1283
1284
1284
1286
1288
1290
1292
1294
1295
1297
1299
1302
1304
1306
1307
1307
1308
1309
1311
1312
1313
1315
1317
1318
1320
1321
1322
1323
1324
1325
1326
1328
1329
1331
1332
1334
1335
1336
1338
1339
1341
1343
1344
1346
1346
1347
1348
1350
1351
1353
1354
1356
1357
1358
1360
1362
1364
1365
1367
1368
1370
1370
1372
1374
1375
1376
1377
1378
1379
1380
1382
1383
1384
1385
1386
1387
1387
1388
1389
1390
1392
1393
1394
1394
1395
1395
1396
1397
1399
1400
1401
1402
1403
1405
1405
1407
1408
1410
1410
1411
1411
1412
1411
1412
1413
1414
1414
1415
1415
1416
1416
1417
1419
1420
1421
1422
1424
1424
1425
1426
1427
1427
1428
1429
1430
1430
1431
1432
1433
1433
1434
1435
1436
1437
1438
1439
1440
1441
1441
1443
1444
1445
1446
1447
1447
1448
1449
1449
1450
1451
1452
1453
1454
1455
1456
1456
1458
1459
1460
1460
1461
1462
1462
1463
1463
1464
1464
1464
1464
1465
1465
1465
1466
1466
1467
1467
1467
1468
1468
1469
1470
1470
1471
1471
1472
1472
1473
1475
1475
1475
1475
1476
1476
1477
1477
1478
1478
1479
1480
1480
1481
1482
1482
1482
1483
1484
1485
1486
1486
1487
1487
1488
1488
1489
1489
1490
1491
1491
1491
1492
1493
1493
1494
1494
1494
1494
1495
1495
1496
1496
1497
1497
1497
1498
1499
1499
1500
1500
1501
1502
1502
1503
1504
1504
1505
1505
1505
1506
1507
1507
1508
1508
1508
1508
1508
1509
1509
1509
1510
1510
1511
1512
1512
1513
1514
1514
1515
1516
1516
1517
1517
1517
1517
1517
1518
1518
1519
1519
1519
1520
1521
1522
1523
1524
1525
1525
1525
1526
1526
1526
1526
1526
1526
1527
1527
1528
1528
1529
1529
1530
1530
1531
1531
1532
1532
1533
1534
1534
1534
1534
1535
1535
1536
1536
1536
1536
1537
1537
1538
1538
1538
1538
1539
1539
1539
1539
1539
1540
1540
1541
1542
1542
1542
1542
1543
1543
1543
1543
1543
1544
1544
1544
1544
1544
1544
1545
1545
1545
1545
1545
1545
1545
1545
1546
1545
1546
1546
1546
1546
1546
1547
1547
1547
1547
1548
1548
1548
1548
1548
1548
1549
1549
1549
1549
1549
1549
1548
1546
