19.9
19.4
18.9
49.0
88.8
 130
 175
 213
 249
 286
 317
 349
 379
 405
 430
 451
 476
 499
 522
 539
 556
 572
 586
 605
 624
 641
 660
 677
 692
 704
 717
 728
 742
 753
 769
 784
 799
 813
 827
 836
 844
 853
 863
 876
 888
 900
 911
 922
 932
 940
 946
 950
 955
 961
 969
 981
 988
 998
1003
1010
1018
1025
1032
1037
1043
1050
1056
1060
1066
1072
1078
1085
1093
1098
1105
1112
1118
1122
1128
1134
1138
1144
1149
1154
1160
1165
1167
1173
1177
1182
1183
1185
1190
1196
1201
1205
1206
1208
1210
1211
1216
1221
1225
1230
1235
1238
1240
1242
1246
1250
1254
1257
1261
1264
1267
1269
1273
1276
1280
1284
1287
1291
1295
1298
1300
1301
1304
1305
1308
1312
1314
1317
1319
1320
1320
1323
1326
1328
1329
1330
1330
1331
1332
1335
1338
1341
1342
1342
1342
1343
1346
1348
1350
1352
1355
1358
1360
1361
1361
1363
1365
1367
1368
1370
1371
1373
1376
1379
1380
1381
1384
1385
1386
1387
1388
1391
1393
1395
1396
1397
1398
1400
1402
1404
1404
1404
1406
1408
1410
1411
1412
1412
1413
1413
1414
1414
1414
1416
1417
1419
1420
1421
1421
1421
1421
1422
1422
1421
1421
1423
1424
1426
1427
1429
1431
1433
1435
1437
1438
1439
1441
1442
1443
1445
1446
1447
1448
1450
1451
1452
1453
1452
1453
1452
1452
1453
1454
1455
1456
1457
1457
1458
1458
1458
1459
1460
1462
1463
1463
1463
1463
1463
1464
1466
1468
1469
1471
1472
1472
1473
1473
1473
1474
1475
1475
1476
1477
1478
1479
1480
1482
1483
1483
1484
1485
1487
1488
1489
1491
1492
1493
1495
1495
1496
1496
1497
1498
1500
1500
1502
1503
1504
1505
1505
1507
1508
1509
1510
1511
1512
1513
1514
1515
1515
1516
1517
1518
1520
1520
1522
1523
1522
1522
1522
1522
1522
1521
1522
1522
1523
1523
1523
1524
1525
1526
1527
1528
1529
1529
1529
1529
1530
1531
1531
1531
1531
1531
1533
1533
1534
1534
1534
1534
1534
1534
1534
1534
1535
1535
1536
1537
1538
1539
1541
1541
1541
1541
1541
1541
1541
1542
1542
1542
1542
1543
1543
1543
1543
1543
1543
1544
1545
1546
1546
1547
1548
1549
1551
1551
1552
1553
1554
1554
1555
1556
1556
1556
1557
1557
1558
1559
1560
1561
1561
1561
1561
1561
1561
1562
1562
1563
1563
1563
1563
1564
1564
1565
1565
1566
1566
1566
1567
1568
1568
1568
1568
1569
1570
1570
1571
1572
1573
1573
1574
1575
1575
1575
1575
1577
1577
1578
1579
1579
1580
1581
1581
1581
1582
1582
1583
1583
1584
1585
1585
1585
1586
1586
1587
1587
1588
1588
1589
1589
1590
1591
1592
1592
1593
1593
1593
1594
1594
1595
1595
1596
1596
1595
1596
1596
1597
1598
1598
1599
1599
1599
1599
1600
1600
1600
1600
1600
1601
1601
1601
1602
1602
1602
1602
1602
1603
1603
1604
1604
1604
1604
1604
1603
1603
1603
1602
1603
1603
1604
1604
1604
1605
1606
1606
1607
1606
1607
1607
1607
1608
1608
1609
1609
1609
1609
1609
1609
1610
1610
1610
1610
1609
1608
1606
1603
1601
