17.0
16.6
16.3
16.0
15.6
47.8
86.2
 122
 157
 191
 223
 255
 286
 316
 346
 372
 393
 419
 443
 468
 494
 516
 536
 557
 579
 597
 615
 632
 648
 664
 680
 694
 707
 720
 732
 744
 755
 765
 775
 786
 797
 808
 820
 831
 843
 854
 865
 875
 885
 895
 904
 913
 921
 931
 937
 944
 954
 964
 974
 980
 985
 991
 999
1005
1013
1020
1026
1034
1041
1047
1056
1063
1069
1074
1082
1086
1092
1099
1105
1112
1117
1121
1126
1132
1139
1144
1149
1154
1160
1165
1169
1175
1180
1186
1187
1191
1194
1198
1202
1206
1209
1213
1216
1219
1222
1225
1227
1230
1232
1235
1238
1240
1243
1247
1250
1252
1256
1259
1262
1265
1269
1272
1276
1279
1282
1285
1288
1292
1294
1296
1298
1301
1302
1305
1305
1308
1310
1312
1314
1316
1318
1320
1322
1325
1328
1331
1333
1335
1338
1339
1342
1343
1347
1348
1349
1351
1353
1355
1358
1359
1361
1363
1364
1366
1368
1370
1371
1372
1374
1375
1377
1379
1382
1384
1386
1386
1387
1389
1391
1392
1394
1396
1398
1400
1402
1403
1405
1407
1409
1411
1413
1415
1418
1419
1421
1421
1423
1425
1427
1429
1430
1432
1435
1436
1437
1439
1440
1443
1445
1446
1448
1450
1451
1453
1454
1455
1456
1457
1458
1459
1460
1462
1463
1464
1465
1467
1468
1470
1471
1473
1473
1474
1475
1475
1476
1477
1478
1479
1479
1479
1480
1482
1483
1484
1486
1487
1488
1489
1490
1490
1491
1492
1492
1494
1495
1495
1495
1495
1496
1497
1497
1498
1499
1500
1502
1503
1503
1504
1505
1506
1506
1506
1507
1509
1510
1511
1512
1514
1515
1516
1518
1518
1519
1520
1520
1521
1522
1523
1524
1525
1527
1528
1529
1530
1531
1532
1532
1532
1532
1532
1533
1533
1535
1536
1536
1536
1537
1538
1538
1539
1540
1541
1542
1542
1544
1544
1545
1545
1546
1547
1547
1548
1549
1549
1550
1550
1551
1551
1552
1552
1553
1553
1554
1554
1554
1554
1555
1555
1556
1556
1557
1557
1557
1558
1558
1559
1559
1559
1559
1560
1560
1561
1562
1562
1563
1564
1564
1565
1565
1566
1567
1567
1568
1569
1570
1571
1571
1571
1572
1573
1573
1573
1574
1574
1574
1574
1574
1575
1576
1576
1577
1578
1579
1579
1579
1580
1580
1581
1581
1582
1582
1583
1583
1584
1584
1585
1586
1586
1587
1588
1589
1589
1590
1591
1592
1593
1593
1593
1593
1593
1593
1593
1594
1594
1594
1595
1595
1596
1596
1597
1597
1598
1599
1599
1600
1601
1601
1600
1600
1601
1602
1602
1602
1603
1603
1603
1603
1604
1604
1605
1605
1605
1605
1606
1606
1606
1607
1606
1606
1606
1606
1607
1607
1607
1607
1607
1607
1607
1607
1607
1608
1608
1608
1608
1608
1608
1608
1608
1609
1608
1609
1609
1609
1610
1610
1611
1611
1611
1611
1612
1612
1613
1613
1613
1614
1614
1614
1614
1614
1615
1615
1615
1615
1615
1615
1615
1615
1616
1616
1617
1617
1617
1617
1617
1618
1618
1618
1619
1619
1619
1620
1619
1620
1620
1620
1620
1620
1621
1621
1621
1621
1621
1622
1622
1622
1623
1623
1623
1624
1624
1624
1623
1624
1624
1624
1624
1624
1624
1625
1625
1625
1626
1626
1626
1627
1627
1627
1627
1627
1628
1628
1628
1629
1629
1629
1629
1630
1630
1631
1630
1628
