1592
1589
1587
1587
1588
1589
1591
1592
1593
1594
1595
1596
1597
1599
1600
1601
1603
1604
1605
1606
1608
1609
1610
1611
1612
1613
1614
1615
1616
1617
1618
1619
1620
1621
1622
1623
1623
1624
1625
1626
1627
1628
1629
1630
1630
1631
1632
1633
1634
1634
1635
1636
1636
1637
1638
1638
1639
1640
1640
1641
1642
1642
1643
1643
1644
1645
1646
1646
1647
1648
1648
1649
1650
1650
1651
1652
1652
1653
1654
1654
1655
1655
1656
1657
1657
1657
1658
1659
1659
1660
1660
1661
1662
1663
1663
1664
1665
1665
1666
1667
1667
1668
1669
1669
1670
1670
1671
1671
1672
1672
1673
1673
1674
1675
1675
1676
1676
1677
1677
1678
1679
1679
1680
1680
1681
1682
1682
1683
1683
1684
1685
1685
1685
1686
1686
1687
1687
1688
1689
1689
1690
1690
1691
1691
1692
1692
1693
1693
1694
1695
1695
1696
1696
1697
1697
1698
1698
1699
1700
1700
1701
1701
1702
1702
1702
1703
1703
1704
1705
1705
1706
1706
1707
1707
1707
1707
1708
1708
1709
1709
1710
1710
1711
1711
1712
1712
1713
1713
1714
1714
1714
1715
1716
1716
1717
1717
1718
1718
1718
1719
1719
1720
1720
1721
1721
1722
1722
1722
1723
1723
1724
1724
1725
1726
1726
1727
1727
1728
1728
1728
1729
1729
1729
1730
1730
1731
1731
1732
1732
1733
1733
1733
1734
1734
1735
1735
1735
1736
1736
1736
1737
1737
1737
1738
1738
1738
1739
1739
1740
1740
1741
1741
1741
1742
1742
1742
1743
1743
1743
1744
1744
1745
1745
1745
1745
1745
1745
1746
1746
1746
1746
1747
1747
1747
1747
1747
1748
1748
1748
1748
1749
1749
1749
1750
1749
1750
1750
1750
1751
1751
1751
1751
1751
1752
1752
1753
1753
1753
1753
1754
1754
1754
1754
1754
1754
1755
1755
1755
1755
1755
1756
1756
1756
1756
1757
1757
1757
1758
1758
1758
1758
1759
1759
1759
1759
1759
1759
1759
1759
1760
1760
1760
1761
1761
1761
1762
1762
1762
1763
1763
1763
1763
1764
1764
1764
1764
1764
1765
1765
1765
1766
1766
1766
1766
1767
1767
1767
1768
1768
1768
1768
1769
1769
1769
1770
1770
1770
1770
1771
1771
1771
1771
1772
1772
1772
1772
1772
1772
1772
1772
1773
1773
1773
1773
1773
1773
1773
1773
1774
1774
1774
1774
1774
1774
1775
1775
1775
1776
1776
1776
1777
1777
1777
1777
1777
1777
1777
1777
1777
1777
1777
1778
1778
1778
1778
1779
1779
1779
1780
1780
1780
1780
1780
1780
1780
1780
1780
1780
1780
1781
1781
1781
1781
1781
1782
1782
1782
1782
1782
1782
1782
1782
1782
1782
1782
1783
1783
1783
1783
1784
1784
1784
1784
1784
1784
1784
1784
1784
1784
1785
1785
1785
1785
1785
1785
1785
1785
1785
1785
1785
1785
1785
1785
1785
1785
1785
1785
1785
1785
1785
1785
1785
1785
1785
1785
1785
1785
1785
1785
1785
1785
1785
1786
1786
1785
1784
1783
1781
