6.9
10.6
14
15.5
16.5
17.1
17.6
18
18.2
18.4
18.6
18.8
18.9
19
19.2
19.2
19.8
19.8
19.8
19.8
19.9
19.8
19.8
19.8
19.8
19.8
19.8
19.8
19.9
19.9
19.9
19.9
20.1
20.1
20.1
20.1
20.1
20.1
20.1
20.1
20.1
20.1
20.1
20.1
20.1
20.1
20.1
20.2
20.2
20.2
20.2
20.2
20.2
20
20
20
20
20
20
20
20
20
20.8
21
21
21
20.9
20.9
20.9
20.9
20.9
20.9
20.9
20.9
20.9
20.8
20.8
20.9
20.9
20.9
20.9
20.9
20.9
20.9
20.8
20.8
20.8
20.8
20.8
20.8
20.8
20.8
20.9
20.8
20.8
20.8
20.8
20.8
20.8
20.8
20.8
20.8
20.8
20.8
20.8
20.8
20.7
20.8
20.8
20.8
20.8
20.7
20.7
20.7
20.7
20.7
20.7
20.7
20.7
20.7
20.7
20.7
20.9
21.6
21.6
21.5
21.5
21.5
21.5
21.5
21.5
21.5
21.5
21.5
21.4
21.4
21.4
21.5
21.5
21.5
21.4
21.4
21.4
21.4
21.4
21.4
21.4
21.4
21.4
21.4
21.4
21.4
21.4
21.4
21.4
21.4
21.4
21.3
21.3
21.3
21.3
21.3
21.3
21.3
21.3
21.3
21.3
21.3
21.3
21.3
21.3
21.3
21.3
21.3
21.2
21.2
21.2
21.2
21.2
21.2
21.2
21.2
21.6
22
22
22
22
22
21.9
21.9
21.9
21.9
21.9
21.9
21.9
21.9
21.9
21.9
21.9
21.9
21.9
21.9
21.9
21.8
21.8
21.8
21.8
21.8
21.8
21.8
21.8
21.8
21.8
21.8
21.8
21.8
21.8
21.8
21.8
21.7
21.7
21.7
21.7
21.7
21.7
21.7
21.7
21.7
21.7
21.7
21.7
21.7
21.7
21.7
21.7
21.7
21.6
21.6
21.6
21.6
21.6
21.7
22.1
22.5
22.5
22.5
22.5
22.5
22.5
22.5
22.5
22.5
22.4
22.4
22.4
22.4
22.4
22.4
22.4
22.4
22.4
22.4
22.4
22.4
22.4
22.4
22.4
22.3
22.3
22.3
22.3
22.3
22.3
22.3
22.3
22.3
22.3
22.3
22.3
22.3
22.3
22.2
22.2
22.2
22.2
22.2
22.2
22.2
22.2
22.2
22.2
22.2
22.2
22.2
22.2
22.2
22.2
22.2
22.2
22.1
22.3
22.6
23
23
23
23
23
23
23
23
23
22.9
22.9
22.9
22.9
22.9
22.9
22.9
22.9
22.9
22.9
22.9
22.9
22.9
22.9
22.9
22.9
22.8
22.8
22.9
22.8
22.8
22.8
22.8
22.8
22.8
22.8
22.8
22.8
22.8
22.8
22.7
22.7
22.7
22.7
22.7
22.7
22.7
22.7
22.7
22.6
22.7
22.6
22.6
22.7
22.6
22.6
22.7
22.7
22.9
23.1
23.4
23.4
23.4
23.4
23.4
23.4
23.4
23.3
23.3
23.3
23.3
23.3
23.3
23.3
23.3
23.3
23.3
23.3
23.3
23.3
23.3
23.3
23.2
23.2
23.2
23.2
23.2
23.2
23.2
23.2
23.2
23.2
23.2
23.2
23.2
23.2
23.1
23.1
23.1
23.1
23.1
23.1
23.1
23.1
23.1
23.1
23.1
23.1
23.1
23.1
23.1
23.1
23.1
23
23
23
23.2
23.4
23.6
23.7
23.7
23.7
23.7
23.7
23.7
23.6
23.6
23.6
23.6
23.6
23.6
23.6
23.6
23.6
23.6
23.6
23.6
23.6
23.6
23.6
23.6
23.5
23.5
23.5
23.5
23.5
23.5
23.5
23.5
23.5
23.5
23.5
23.5
23.5
23.5
23.4
23.4
23.4
23.4
23.4
23.4
23.4
23.4
23.4
23.4
23.4
23.4
23.4
23.4
23.4
23.4
23.4
23.4
23.3
23.4
23.6
23.8
24
24
24
24
24
24
24
24
24
24
24
24
24
24
24
23.9
23.9
23.9
23.9
23.9
23.9
23.9
23.9
23.9
23.9
23.9
23.9
23.9
23.9
23.9
23.8
23.8
23.8
23.8
23.8
23.8
23.8
23.8
23.8
23.8
23.8
23.8
23.8
23.8
23.8
23.8
23.7
23.7
23.7
23.7
23.7
23.7
23.7
23.7
23.7
23.7
23.9
24.2
24.4
24.4
24.4
24.4
24.4
24.4
24.4
24.4
24.4
24.4
24.4
24.4
24.4
24.3
24.3
24.3
24.3
24.3
24.3
24.3
24.3
24.3
24.3
24.3
24.3
24.3
24.3
24.3
24.2
24.2
24.2
24.2
24.2
24.2
24.2
24.2
24.2
24.2
24.2
24.2
24.2
24.2
24.2
24.2
24.1
24.1
24.1
24
24
24
24
24
24
24
24
24.2
24.3
24.5
24.6
24.7
24.6
24.6
24.6
24.6
24.6
24.6
24.6
24.6
24.6
24.6
24.6
24.6
24.6
24.6
24.6
24.6
24.5
24.5
24.5
24.5
24.5
24.5
24.5
24.5
24.5
24.5
24.5
24.5
24.5
24.5
24.5
24.5
24.4
24.4
24.4
24.4
24.4
24.4
24.4
24.4
24.4
24.4
24.4
24.4
24.4
24.4
24.4
24.4
24.4
24.4
24.3
24.3
24.3
24.5
24.6
24.7
24.9
24.9
24.9
24.9
24.9
24.9
24.9
24.9
24.9
24.9
24.9
24.8
24.8
24.8
24.8
24.8
24.8
24.8
24.8
24.8
24.8
24.8
24.8
24.8
24.8
24.8
24.8
24.7
24.7
24.7
24.7
24.7
24.7
24.7
24.7
24.7
24.7
24.7
24.7
24.7
24.7
24.7
24.7
24.7
24.7
24.6
24.6
24.6
24.6
24.6
24.6
24.6
24.6
24.6
24.6
24.7
24.9
25
25.1
25.2
25.2
25.2
25.2
25.2
25.2
25.1
25.1
25.1
25.1
25.1
25.1
25.1
25.1
25.1
25.1
25.1
25.1
25.1
25.1
25.1
25
25
25
25
25
25
25
25
25
25
25
25
25
25
25
25
25
25
25
25
24.9
24.9
24.9
24.9
24.9
24.9
24.9
24.9
24.9
24.9
24.9
24.9
25
25.1
25.2
25.3
25.4
25.5
25.4
25.4
25.4
25.4
25.4
25.4
25.4
25.4
25.4
25.4
25.4
25.4
25.4
25.4
25.4
25.4
25.4
25.3
25.3
25.3
25.3
25.3
25.3
25.3
25.3
25.3
25.3
25.3
25.3
25.3
25.3
25.3
25.3
25.3
25.3
25.2
25.2
0
