8.6
43.7
87.5
113.5
123.6
129.3
133.8
137.6
140.5
142.7
145
146.5
147.6
148.9
153
153.7
154.8
155.5
155.9
156.4
157
157.3
157.7
158.2
158.2
158.6
161.1
162.4
162.9
163.6
163.6
163.6
163.8
162.2
162.3
162.4
162.4
162.6
163.6
165.7
166.1
166.3
166.1
166.2
166.2
166.1
166.2
166.5
166.5
166.4
166.5
167.8
169.5
169.9
169.8
169.8
169.7
169.7
169.5
169.4
169.4
169.3
169.2
170.3
171.5
172.4
172.4
172.2
172.1
172.1
171.9
171.9
171.8
171.7
171.6
172.3
173.3
174.3
174.5
174.3
174.2
174.1
174
173.9
173.8
173.8
173.8
173.5
174.5
175.3
175.7
175.5
175.4
175.3
175.1
175.1
175
174.9
174.7
175.2
175.9
176.7
177.3
177.3
177.1
177.1
176.9
176.9
176.9
176.8
176.7
176.9
177.6
178.2
178.9
178.9
178.8
178.7
178.6
178.5
178.5
178.3
178.1
178.4
179
179.5
180.2
180.4
180.2
180.1
180
179.9
179.8
179.7
179.5
179.7
180.2
180.8
181.3
181.5
181
180.9
180.8
180.6
180.6
180.5
180.4
180.6
181
181.5
182
182.4
182.3
182.2
182.1
182
181.9
181.8
181.6
181.9
182.3
182.8
183.3
183.7
183.6
183.5
183.4
183.2
183.2
183
182.9
183.2
183.6
184
184.4
184.6
184.5
184.4
184.3
184.2
184.2
184.1
183.9
184.2
184.5
184.9
185.3
185.6
185.5
185.4
185.3
185.1
185.1
184.9
184.5
184.7
185.1
185.4
185.8
185.9
185.8
185.7
185.6
185.6
185.4
185.4
185.3
185.6
185.9
186.3
186.6
186.7
186.6
186.5
186.4
186.3
186.2
186.1
186
186.2
186.5
186.8
187.2
187.2
187.1
187
187
186.9
186.8
186.7
186.7
186.9
187.1
187.4
187.7
187.7
187.6
187.5
187.4
187.3
187.2
187.1
187
187.2
187.5
187.8
188.1
188.2
187.8
187.8
187.7
187.6
187.5
187.4
187.4
187.5
187.8
188
188.3
188.5
188.5
188.4
188.3
188.2
188.1
188
187.9
188.1
188.3
188.6
188.8
188.9
188.8
188.7
188.7
188.6
188.5
188.4
188.3
188.5
188.7
189
189.2
189.3
189.2
189.1
189
188.9
188.9
188.8
188.7
188.8
189
189.2
189.5
189.6
189.5
189.4
189.3
189.3
189.2
189
188.9
189.1
189.3
189.5
189.7
189.7
189.6
189.6
189.5
189.4
189.3
189.2
189.2
189.3
189.6
189.8
190
190.2
190.2
190.1
190
189.9
189.9
189.8
189.7
189.9
190.1
190.3
190.5
190.6
190.5
190.4
190.3
190.3
190.2
190.1
190
190.2
190.4
190.6
190.8
191
191.1
191
191
190.9
190.8
190.7
190.7
190.9
191
191.2
191.4
191.5
191.4
191.3
191.3
191.2
191.1
191
191
191.2
191.4
191.5
191.7
191.8
191.8
191.7
191.6
191.5
191.5
191.4
191.3
191.5
191.6
191.8
192
192.1
192.2
192.1
192.1
192.1
192
192
191.9
192.1
192.2
192.4
192.5
192.7
192.7
192.6
192.6
192.5
192.4
192.3
192.3
192.5
192.6
192.8
192.9
193.1
193.2
193.2
193.1
193
193
192.7
192.7
192.9
193
193.2
193.3
193.4
193.3
193.2
193.2
193.1
193
193
193
193.1
193.3
193.4
193.5
193.7
193.8
193.8
193.7
193.6
193.6
193.5
193.5
193.7
193.8
193.9
194.1
194.2
194.2
194.1
194.1
194
193.9
193.9
193.9
194
194.2
194.3
194.4
194.6
194.6
194.5
194.5
194.4
194.4
194.3
194.3
194.5
194.6
194.7
194.8
194.8
194.8
194.7
194.6
194.6
194.5
194.4
194.5
194.6
194.7
194.9
195
195.1
195.2
195.1
195.1
195
195
194.9
195
195.1
195.2
195.3
195.4
195.5
195.5
195.4
195.4
195.3
195.2
195.2
195.2
195.4
195.5
195.6
195.7
195.8
195.8
195.7
195.7
195.6
195.6
195.5
195.6
195.7
195.8
195.9
196
196.1
196
196
195.9
195.9
195.7
195.7
195.8
195.9
196
196.1
196.2
196.3
196.3
196.3
196.2
196.2
196.1
196
196.1
196.2
196.4
196.5
196.6
196.7
196.7
196.6
196.6
196.5
196.4
196.4
196.5
196.6
196.7
196.8
196.9
197
196.9
196.9
196.8
196.7
196.7
196.6
196.7
196.8
197
197.1
197.2
197.3
197.2
197.2
197.1
197.1
197
197
197.1
197.2
197.3
197.3
197.4
197.5
197.6
197.6
197.6
197.5
197.4
197.4
197.5
197.6
197.7
197.8
197.9
198
198
197.9
197.9
197.8
197.8
197.8
197.9
198
198.1
198.2
198.2
198.3
198.2
198.2
198.1
198.1
198
198
198.1
198.2
198.3
198.4
198.5
198.4
198.4
198.3
198.3
198.2
198.1
198.2
198.3
198.4
198.5
198.5
198.6
198.6
198.6
198.5
198.4
198.4
198.3
198.4
198.5
198.6
198.7
198.7
198.8
198.9
198.8
198.8
198.7
198.7
198.6
198.7
198.8
198.9
199
199.1
199.1
199
199
198.9
198.9
198.8
198.8
198.9
199
199.1
199.1
199.2
199.3
199.3
199.3
199.2
199.2
199.1
199.1
199.2
199.2
199.3
199.4
199.5
199.6
199.6
199.5
199.5
199.4
199.4
199.4
199.4
199.5
199.6
199.6
199.7
199.8
199.8
199.8
199.7
199.7
199.6
199.6
199.7
199.7
199.8
199.9
200
200
200
200
199.9
199.9
199.8
199.8
199.9
200
200.1
200.1
200.2
200.3
200.3
200.3
200.2
200.2
200.1
200.1
200.2
200.3
200.3
200.4
200.5
200.6
200.6
200.5
200.5
200.4
200.4
200.4
200.4
200.5
200.6
200.7
200.7
200.8
200.7
200.7
200.6
200.6
200.5
200.5
200.6
200.7
200.7
200.8
200.9
201
201
201
201
200.9
200.9
200.9
200.9
201
201.1
201.1
201.2
201.3
201.3
201.2
201.2
201.2
201.1
201.1
201.2
201.2
201.3
201.4
201.4
201.5
201.4
201.4
201.3
201.3
201.2
201.2
201.3
201.4
201.4
201.5
201.6
201.6
201.7
201.7
201.7
201.6
201.5
201.6
201.6
201.7
201.8
201.8
201.9
202
202
202.1
202.1
202
202
202
202.1
202.1
202.2
202.3
202.3
202.4
202.4
202.3
202.3
202.3
202.2
202.2
202.3
202.4
202.4
202.5
202.6
202.5
202.5
202.4
202.4
202.4
202.3
202.3
202.4
202.4
202.5
202.6
202.6
202.7
202.8
202.8
202.8
202.7
202.7
202.7
202.8
202.8
202.9
202.9
203
203.1
203.1
203.1
203
203
203
203
203.1
203.1
203.2
203.2
203.3
203.4
203.4
203.5
203.4
203.4
203.3
203.4
203.4
203.5
203.6
203.6
203.7
203.7
203.8
203.7
203.7
203.6
203.6
203.7
203.7
203.8
203.8
203.9
203.9
203.9
203.8
203.8
203.8
203.7
203.7
203.8
203.8
203.9
203.9
204
204.1
204.1
204.1
204.1
203.9
203.8
203.9
203.9
204
204
204.1
204.1
204.2
204.2
204.2
204.2
204.1
204.1
204.1
204.1
204.2
204.2
204.3
204.3
204.4
204.5
204.4
204.4
204.4
204.3
204.4
204.4
204.5
204.6
204.6
204.7
204.8
204.8
204.9
204.8
204.8
204.7
204.8
204.8
204.9
204.9
205
205.1
205.2
205.1
205.1
205.1
205
205
205
205.1
205.1
205
205.1
205.1
205.1
205
205
205
204.9
204.9
204.9
205
205
205.1
205.1
205.2
205.2
205.2
205.1
205.1
205
205
205.1
205.1
205.2
205.2
205.3
205.3
205.4
205.4
205.5
205.4
205.4
205.4
205.4
205.5
205.5
205.6
205.6
205.7
205.7
205.8
205.7
205.7
205.6
205.6
205.7
205.7
205.8
205.8
205.9
205.9
206
206
205.9
205.9
205.8
205.8
205.9
205.9
206
206
206.1
206.1
206.2
206.2
206.1
206.1
206
206.1
206.1
206.2
206.2
206.2
206.3
206.3
206.4
206.4
206.4
206.4
206.3
206.3
206.4
206.4
206.5
206.5
206.6
206.6
206.6
206.6
206.5
206.5
206.4
206.5
206.5
206.6
206.6
206.6
206.7
206.7
206.8
206.8
206.9
206.9
206.8
206.9
206.9
207
207
207
207.1
207.1
207.1
207.1
207.1
207
207
207
207.1
207.1
207.2
207.2
207.2
207.3
207.3
207.3
207.3
207.2
207.2
207.2
207.3
207.3
207.4
207.4
207.5
207.5
207.5
207.5
207.5
207.4
207.4
207.4
207.5
207.5
207.5
207.6
207.6
207.7
207.7
207.7
207.7
207.7
207.6
207.7
207.7
207.8
207.8
207.8
207.9
207.9
207.9
207.8
207.8
207.7
207.7
207.8
207.8
207.8
207.9
207.9
208
208
208
208
208
207.9
207.9
208
208
208
208.1
208.1
208.2
208.2
208.2
208.1
208.1
208.1
208
208.1
208.1
208.2
208.2
208.2
208.3
208.3
208.4
208.4
208.4
208.3
208.3
208.4
208.4
208.5
208.5
208.5
208.6
208.6
208.5
208.5
208.5
208.4
208.4
208.5
208.5
208.5
208.6
208.6
208.6
208.7
208.6
208.6
208.5
208.5
208.5
208.6
208.6
208.7
208.7
208.7
208.8
208.8
208.8
208.9
208.9
208.9
208.9
209
209
209
209.1
209.1
209.2
209.2
209.2
209.2
209.1
209.1
209.1
209.1
209.2
209.2
209.3
209.3
209.3
209.3
209.3
209.3
209.2
209.2
209.2
209.3
209.3
209.3
209.4
209.4
209.4
209.5
209.4
209.3
209.3
209.3
209.3
209.3
209.4
209.4
209.4
209.5
209.5
209.5
209.6
209.6
209.6
209.5
209.6
209.7
209.7
209.8
209.8
209.8
209.9
209.9
209.9
209.9
209.9
209.9
209.9
209.9
209.9
209.9
209.9
209.9
209.9
209.9
209.9
209.9
209.9
209.9
209.9
209.9
209.9
209.9
209.9
209.9
209.9
209.9
209.9
209.9
209.9
209.9
209.9
209.8
209.8
209.8
209.8
209.8
209.8
209.8
209.8
209.8
209.8
209.8
209.9
209.9
209.9
209.9
209.9
209.9
209.9
209.9
210.9
210.9
210.9
210.9
210.9
210.9
210.9
210.9
210.9
210.9
210.9
210.9
210.9
210.9
210.9
210.9
210.9
210.9
210.9
210.9
210.9
210.9
210.9
210.9
210.9
210.9
210.9
210.9
210.9
210.9
210.9
210.9
210.9
210.9
210.9
210.8
210.8
210.8
210.8
210.8
210.8
210.8
210.8
210.8
210.8
210.8
210.8
210.8
210.8
210.8
210.8
210.8
210.8
210.8
210.8
210.8
210.8
210.8
210.8
210.8
210.8
210.8
210.8
210.8
210.8
210.8
210.8
210.8
210.8
210.8
210.8
210.8
210.8
210.8
210.8
210.8
210.8
210.8
210.8
210.8
210.8
211.8
211.8
211.8
211.8
211.8
211.8
211.8
211.8
211.8
211.8
211.8
211.8
211.8
211.8
211.8
211.8
211.8
211.8
211.8
211.8
211.8
211.8
211.8
211.8
211.8
211.8
211.8
211.8
211.8
211.8
211.8
211.8
211.8
211.8
211.8
211.8
211.8
211.8
211.8
211.8
211.8
211.8
211.8
211.8
211.8
211.8
211.8
211.8
211.8
211.8
211.8
211.8
211.8
211.8
211.8
211.8
211.8
211.8
211.8
211.8
211.8
211.8
211.8
211.8
211.8
211.8
211.8
211.8
211.8
211.8
211.8
211.8
211.8
211.8
211.8
211.8
211.8
211.8
211.8
211.8
211.8
211.8
211.8
211.8
211.8
211.8
211.8
211.8
211.8
211.8
211.8
211.8
211.8
211.8
212.8
212.8
211.8
211.8
211.8
211.8
211.8
211.8
211.8
211.8
211.8
212.8
212.8
212.8
212.8
212.8
211.8
211.8
211.8
211.8
211.8
211.8
212.8
212.8
212.8
212.8
212.8
212.8
211.8
211.8
211.8
211.8
212.8
212.8
212.8
212.8
212.8
212.8
212.8
212.8
212.8
212.8
212.8
212.8
212.8
212.8
212.8
212.8
212.8
212.8
212.8
212.8
212.8
212.8
212.8
212.8
212.8
212.8
212.8
212.8
212.8
212.8
212.8
212.8
212.8
212.8
212.8
212.8
212.8
212.8
212.8
212.8
212.8
212.8
212.8
212.8
212.8
212.8
212.8
212.8
212.8
212.8
212.8
212.8
212.8
212.8
212.8
212.8
212.8
212.8
212.8
212.8
212.8
212.8
212.8
212.8
212.8
212.8
212.8
212.8
212.8
212.8
212.8
212.8
212.8
212.8
212.8
212.8
212.8
212.8
212.8
212.8
212.8
212.8
212.8
212.8
212.8
212.8
212.8
212.8
212.8
212.8
212.8
212.8
212.8
212.8
212.8
212.8
212.8
212.8
212.8
213.8
213.8
213.8
213.8
212.8
212.8
212.8
212.8
213.8
213.8
213.8
213.8
213.8
213.8
213.8
213.8
213.8
213.8
213.8
213.8
213.8
213.9
213.9
213.9
213.9
213.9
213.9
213.9
213.9
213.9
213.9
213.9
213.9
213.9
213.9
213.9
213.9
213.9
213.9
213.9
213.9
213.9
213.9
213.9
213.9
213.9
213.9
213.8
213.8
213.8
213.8
213.8
213.8
213.8
213.8
213.8
213.8
213.8
213.8
213.8
213.8
213.8
213.8
213.8
213.8
213.8
213.8
213.8
213.8
213.8
213.8
213.8
213.8
213.8
213.8
213.9
213.9
213.9
213.9
213.9
213.9
213.9
213.9
213.9
213.9
213.9
213.9
213.9
213.9
213.9
213.9
213.9
213.9
213.9
213.9
213.9
213.9
213.9
213.9
213.9
213.8
213.8
213.8
213.8
213.8
213.8
213.8
213.8
213.8
213.8
213.8
213.8
213.8
213.8
213.8
213.8
213.9
213.9
213.9
214.9
213.9
213.9
213.9
213.9
213.9
213.9
213.9
213.9
213.9
213.9
213.9
214.9
214.9
214.9
214.9
213.9
213.9
213.9
213.9
214.9
214.9
214.9
214.9
214.9
214.9
214.9
214.9
214.9
214.9
214.9
214.9
214.9
214.9
214.9
214.9
214.9
214.9
214.9
214.9
214.9
214.9
214.9
214.9
214.9
214.9
214.9
214.9
214.9
214.9
214.9
214.9
214.9
214.9
214.9
214.9
214.9
214.9
214.9
214.9
214.9
214.9
214.9
214.9
214.9
214.9
214.9
214.9
214.9
214.9
214.9
214.9
214.9
214.9
214.9
214.9
214.9
214.9
214.9
214.9
214.9
214.9
214.9
214.9
214.9
214.9
214.9
214.9
214.9
214.9
214.9
214.9
214.9
214.9
214.9
214.9
214.9
214.9
214.9
214.9
214.9
214.9
214.9
214.9
214.9
214.9
214.9
214.9
214.9
214.9
214.9
214.9
214.9
214.9
214.9
214.9
214.9
214.9
214.9
214.9
214.9
214.9
214.9
214.9
214.9
214.9
214.9
214.9
214.9
214.9
214.9
214.8
