
nofdb	workloads/workloada.spec	50
# Load duration (sec): 277.79
# Loading records:	50000000
# Load throughput (KOPS): 179.992
Count: 50000000  Average: 276.2304  StdDev: 11003.08
Percentiles(us): P50: 201.33 P90: 343.65 P99: 682.36 P99.9: 11983.62 P99.99: 60615.98
------------------------------------------------------
[      50,      60 )       2   0.000%   0.000% 
[      60,      70 )      13   0.000%   0.000% 
[      70,      80 )     215   0.000%   0.000% 
[      80,      90 )    1131   0.002%   0.003% 
[      90,     100 )    4436   0.009%   0.012% 
[     100,     120 ) 10212079  20.424%  20.436% ####
[     120,     140 ) 4761190   9.522%  29.958% ##
[     140,     160 ) 3752455   7.505%  37.463% ##
[     160,     180 ) 3864430   7.729%  45.192% ##
[     180,     200 ) 2108656   4.217%  49.409% #
[     200,     250 ) 11116630  22.233%  71.642% ####
[     250,     300 ) 6288505  12.577%  84.219% ###
[     300,     350 ) 3311092   6.622%  90.842% #
[     350,     400 ) 1737091   3.474%  94.316% #
[     400,     450 )  892032   1.784%  96.100% 
[     450,     500 )  619724   1.239%  97.339% 
[     500,     600 )  598375   1.197%  98.536% 
[     600,     700 )  281615   0.563%  99.099% 
[     700,     800 )  160232   0.320%  99.420% 
[     800,     900 )   79817   0.160%  99.579% 
[     900,    1000 )   41690   0.083%  99.663% 
[    1000,    1200 )   36695   0.073%  99.736% 
[    1200,    1400 )   15711   0.031%  99.768% 
[    1400,    1600 )    7707   0.015%  99.783% 
[    1600,    1800 )    4569   0.009%  99.792% 
[    1800,    2000 )    3175   0.006%  99.799% 
[    2000,    2500 )    5661   0.011%  99.810% 
[    2500,    3000 )    3687   0.007%  99.817% 
[    3000,    3500 )    2703   0.005%  99.823% 
[    3500,    4000 )    2103   0.004%  99.827% 
[    4000,    4500 )    1865   0.004%  99.831% 
[    4500,    5000 )    1617   0.003%  99.834% 
[    5000,    6000 )    3321   0.007%  99.840% 
[    6000,    7000 )    3018   0.006%  99.846% 
[    7000,    8000 )    3021   0.006%  99.853% 
[    8000,    9000 )    4665   0.009%  99.862% 
[    9000,   10000 )   10352   0.021%  99.883% 
[   10000,   12000 )    8792   0.018%  99.900% 
[   12000,   14000 )    6704   0.013%  99.914% 
[   14000,   16000 )    3358   0.007%  99.920% 
[   16000,   18000 )    2273   0.005%  99.925% 
[   18000,   20000 )    2487   0.005%  99.930% 
[   20000,   25000 )   11566   0.023%  99.953% 
[   25000,   30000 )    7973   0.016%  99.969% 
[   30000,   35000 )    3219   0.006%  99.975% 
[   35000,   40000 )    2539   0.005%  99.980% 
[   40000,   45000 )    1484   0.003%  99.983% 
[   45000,   50000 )    1260   0.003%  99.986% 
[   50000,   60000 )    2001   0.004%  99.990% 
[   60000,   70000 )    1039   0.002%  99.992% 
[   70000,   80000 )    1055   0.002%  99.994% 
[   80000,   90000 )     590   0.001%  99.995% 
[   90000,  100000 )     316   0.001%  99.996% 
[  100000,  120000 )     469   0.001%  99.997% 
[  120000,  140000 )     177   0.000%  99.997% 
[  140000,  160000 )     445   0.001%  99.998% 
[  160000,  180000 )     323   0.001%  99.999% 
[  180000,  200000 )     100   0.000%  99.999% 
[  200000,  250000 )     150   0.000%  99.999% 
[  300000,  350000 )      50   0.000%  99.999% 
[  350000,  400000 )      50   0.000%  99.999% 
[  450000,  500000 )     100   0.000% 100.000% 
[  500000,  600000 )      50   0.000% 100.000% 
[ 3500000, 4000000 )      50   0.000% 100.000% 
[ 4000000, 4500000 )      50   0.000% 100.000% 
[ 9000000, 10000000 )      50   0.000% 100.000% 


# Run duration (sec): 1463.79
# Run operations:	50000000
# Run throughput (KOPS): 34.1578
Count: 50000000  Average: 1461.8063  StdDev: 24521.94
Percentiles(us): P50: 188.64 P90: 621.66 P99: 14380.57 P99.9: 282800.66 P99.99: 1047992.94
------------------------------------------------------
[      35,      40 )    1737   0.003%   0.003% 
[      40,      45 )  237864   0.476%   0.479% 
[      45,      50 ) 1469179   2.938%   3.418% #
[      50,      60 ) 5826492  11.653%  15.071% ##
[      60,      70 ) 2163734   4.327%  19.398% #
[      70,      80 )  601442   1.203%  20.601% 
[      80,      90 )  688230   1.376%  21.977% 
[      90,     100 )  673971   1.348%  23.325% 
[     100,     120 ) 5749055  11.498%  34.823% ##
[     120,     140 ) 3949197   7.898%  42.722% ##
[     140,     160 ) 1270999   2.542%  45.264% #
[     160,     180 ) 1335641   2.671%  47.935% #
[     180,     200 ) 2390959   4.782%  52.717% #
[     200,     250 ) 7206333  14.413%  67.130% ###
[     250,     300 ) 3198460   6.397%  73.527% #
[     300,     350 ) 2353259   4.707%  78.233% #
[     350,     400 ) 1657752   3.316%  81.549% #
[     400,     450 ) 1345264   2.691%  84.239% #
[     450,     500 ) 1074791   2.150%  86.389% 
[     500,     600 ) 1583514   3.167%  89.556% #
[     600,     700 ) 1025514   2.051%  91.607% 
[     700,     800 )  672669   1.345%  92.952% 
[     800,     900 )  453535   0.907%  93.859% 
[     900,    1000 )  316981   0.634%  94.493% 
[    1000,    1200 )  417469   0.835%  95.328% 
[    1200,    1400 )  272314   0.545%  95.873% 
[    1400,    1600 )  206950   0.414%  96.287% 
[    1600,    1800 )  167101   0.334%  96.621% 
[    1800,    2000 )  138874   0.278%  96.899% 
[    2000,    2500 )  256997   0.514%  97.413% 
[    2500,    3000 )  166478   0.333%  97.746% 
[    3000,    3500 )  109007   0.218%  97.964% 
[    3500,    4000 )   72597   0.145%  98.109% 
[    4000,    4500 )   50982   0.102%  98.211% 
[    4500,    5000 )   39436   0.079%  98.290% 
[    5000,    6000 )   61673   0.123%  98.413% 
[    6000,    7000 )   50792   0.102%  98.514% 
[    7000,    8000 )   47306   0.095%  98.609% 
[    8000,    9000 )   45651   0.091%  98.700% 
[    9000,   10000 )   42501   0.085%  98.785% 
[   10000,   12000 )   57536   0.115%  98.900% 
[   12000,   14000 )   43188   0.086%  98.987% 
[   14000,   16000 )   34559   0.069%  99.056% 
[   16000,   18000 )   24317   0.049%  99.105% 
[   18000,   20000 )   17140   0.034%  99.139% 
[   20000,   25000 )   39739   0.079%  99.218% 
[   25000,   30000 )   31289   0.063%  99.281% 
[   30000,   35000 )   36186   0.072%  99.353% 
[   35000,   40000 )   46574   0.093%  99.446% 
[   40000,   45000 )   42516   0.085%  99.531% 
[   45000,   50000 )   36014   0.072%  99.604% 
[   50000,   60000 )   30699   0.061%  99.665% 
[   60000,   70000 )   19041   0.038%  99.703% 
[   70000,   80000 )   18653   0.037%  99.740% 
[   80000,   90000 )   14160   0.028%  99.769% 
[   90000,  100000 )   10444   0.021%  99.790% 
[  100000,  120000 )   12157   0.024%  99.814% 
[  120000,  140000 )    5737   0.011%  99.825% 
[  140000,  160000 )    5371   0.011%  99.836% 
[  160000,  180000 )    6685   0.013%  99.849% 
[  180000,  200000 )    8232   0.016%  99.866% 
[  200000,  250000 )   10659   0.021%  99.887% 
[  250000,  300000 )    9762   0.020%  99.907% 
[  300000,  350000 )    7036   0.014%  99.921% 
[  350000,  400000 )    6355   0.013%  99.933% 
[  400000,  450000 )    5095   0.010%  99.944% 
[  450000,  500000 )    4378   0.009%  99.952% 
[  500000,  600000 )    6512   0.013%  99.965% 
[  600000,  700000 )    4625   0.009%  99.975% 
[  700000,  800000 )    3236   0.006%  99.981% 
[  800000,  900000 )    2189   0.004%  99.986% 
[  900000, 1000000 )    1672   0.003%  99.989% 
[ 1000000, 1200000 )    2267   0.005%  99.993% 
[ 1200000, 1400000 )    1318   0.003%  99.996% 
[ 1400000, 1600000 )     748   0.001%  99.998% 
[ 1600000, 1800000 )     415   0.001%  99.998% 
[ 1800000, 2000000 )     271   0.001%  99.999% 
[ 2000000, 2500000 )     264   0.001%  99.999% 
[ 2500000, 3000000 )      87   0.000% 100.000% 
[ 3000000, 3500000 )      50   0.000% 100.000% 
[ 3500000, 4000000 )      26   0.000% 100.000% 
[ 4000000, 4500000 )      24   0.000% 100.000% 
[ 4500000, 5000000 )      18   0.000% 100.000% 
[ 5000000, 6000000 )      23   0.000% 100.000% 
[ 6000000, 7000000 )      14   0.000% 100.000% 
[ 7000000, 8000000 )       7   0.000% 100.000% 
[ 8000000, 9000000 )       8   0.000% 100.000% 
[ 9000000, 10000000 )       3   0.000% 100.000% 
[ 10000000, 12000000 )       1   0.000% 100.000% 

Read info: 
Count: 24993240  Average: 1661.7316  StdDev: 27537.10
Percentiles(us): P50: 119.76 P90: 587.04 P99: 22191.96 P99.9: 335709.23 P99.99: 1140731.93
------------------------------------------------------
[      35,      40 )    1737   0.007%   0.007% 
[      40,      45 )  237864   0.952%   0.959% 
[      45,      50 ) 1469179   5.878%   6.837% #
[      50,      60 ) 5826492  23.312%  30.149% #####
[      60,      70 ) 2163725   8.657%  38.806% ##
[      70,      80 )  601214   2.406%  41.212% 
[      80,      90 )  687331   2.750%  43.962% #
[      90,     100 )  671200   2.686%  46.648% #
[     100,     120 )  848050   3.393%  50.041% #
[     120,     140 )  797640   3.191%  53.232% #
[     140,     160 )  482020   1.929%  55.161% 
[     160,     180 )  449933   1.800%  56.961% 
[     180,     200 ) 1601234   6.407%  63.368% #
[     200,     250 ) 2079005   8.318%  71.686% ##
[     250,     300 ) 1373119   5.494%  77.180% #
[     300,     350 )  914969   3.661%  80.841% #
[     350,     400 )  747762   2.992%  83.833% #
[     400,     450 )  573880   2.296%  86.129% 
[     450,     500 )  436343   1.746%  87.875% 
[     500,     600 )  610283   2.442%  90.316% 
[     600,     700 )  377967   1.512%  91.829% 
[     700,     800 )  260077   1.041%  92.869% 
[     800,     900 )  184439   0.738%  93.607% 
[     900,    1000 )  134816   0.539%  94.147% 
[    1000,    1200 )  196267   0.785%  94.932% 
[    1200,    1400 )  135178   0.541%  95.473% 
[    1400,    1600 )  104017   0.416%  95.889% 
[    1600,    1800 )   83772   0.335%  96.224% 
[    1800,    2000 )   69499   0.278%  96.502% 
[    2000,    2500 )  128884   0.516%  97.018% 
[    2500,    3000 )   85568   0.342%  97.360% 
[    3000,    3500 )   57186   0.229%  97.589% 
[    3500,    4000 )   38840   0.155%  97.744% 
[    4000,    4500 )   27491   0.110%  97.854% 
[    4500,    5000 )   21441   0.086%  97.940% 
[    5000,    6000 )   34329   0.137%  98.078% 
[    6000,    7000 )   29361   0.117%  98.195% 
[    7000,    8000 )   28546   0.114%  98.309% 
[    8000,    9000 )   28423   0.114%  98.423% 
[    9000,   10000 )   26962   0.108%  98.531% 
[   10000,   12000 )   34047   0.136%  98.667% 
[   12000,   14000 )   25801   0.103%  98.770% 
[   14000,   16000 )   21063   0.084%  98.855% 
[   16000,   18000 )   15164   0.061%  98.915% 
[   18000,   20000 )   10602   0.042%  98.958% 
[   20000,   25000 )   24151   0.097%  99.054% 
[   25000,   30000 )   18801   0.075%  99.129% 
[   30000,   35000 )   21997   0.088%  99.218% 
[   35000,   40000 )   29506   0.118%  99.336% 
[   40000,   45000 )   26635   0.107%  99.442% 
[   45000,   50000 )   23332   0.093%  99.535% 
[   50000,   60000 )   19609   0.078%  99.614% 
[   60000,   70000 )   11880   0.048%  99.661% 
[   70000,   80000 )   11132   0.045%  99.706% 
[   80000,   90000 )    8033   0.032%  99.738% 
[   90000,  100000 )    5814   0.023%  99.761% 
[  100000,  120000 )    6691   0.027%  99.788% 
[  120000,  140000 )    3205   0.013%  99.801% 
[  140000,  160000 )    2998   0.012%  99.813% 
[  160000,  180000 )    3707   0.015%  99.828% 
[  180000,  200000 )    4425   0.018%  99.846% 
[  200000,  250000 )    5719   0.023%  99.868% 
[  250000,  300000 )    5190   0.021%  99.889% 
[  300000,  350000 )    3783   0.015%  99.904% 
[  350000,  400000 )    3517   0.014%  99.918% 
[  400000,  450000 )    2865   0.011%  99.930% 
[  450000,  500000 )    2524   0.010%  99.940% 
[  500000,  600000 )    3915   0.016%  99.956% 
[  600000,  700000 )    2914   0.012%  99.967% 
[  700000,  800000 )    2100   0.008%  99.976% 
[  800000,  900000 )    1438   0.006%  99.981% 
[  900000, 1000000 )    1106   0.004%  99.986% 
[ 1000000, 1200000 )    1469   0.006%  99.992% 
[ 1200000, 1400000 )     816   0.003%  99.995% 
[ 1400000, 1600000 )     428   0.002%  99.997% 
[ 1600000, 1800000 )     285   0.001%  99.998% 
[ 1800000, 2000000 )     176   0.001%  99.999% 
[ 2000000, 2500000 )     181   0.001%  99.999% 
[ 2500000, 3000000 )      53   0.000%  99.999% 
[ 3000000, 3500000 )      36   0.000% 100.000% 
[ 3500000, 4000000 )      19   0.000% 100.000% 
[ 4000000, 4500000 )      16   0.000% 100.000% 
[ 4500000, 5000000 )      14   0.000% 100.000% 
[ 5000000, 6000000 )      18   0.000% 100.000% 
[ 6000000, 7000000 )      11   0.000% 100.000% 
[ 7000000, 8000000 )       3   0.000% 100.000% 
[ 8000000, 9000000 )       5   0.000% 100.000% 
[ 9000000, 10000000 )       2   0.000% 100.000% 
[ 10000000, 12000000 )       1   0.000% 100.000% 

Write info: 
Count: 25006760  Average: 1261.9892  StdDev: 21079.95
Percentiles(us): P50: 219.33 P90: 646.51 P99: 9358.74 P99.9: 234941.70 P99.99: 913484.81
------------------------------------------------------
[      60,      70 )       9   0.000%   0.000% 
[      70,      80 )     228   0.001%   0.001% 
[      80,      90 )     899   0.004%   0.005% 
[      90,     100 )    2771   0.011%   0.016% 
[     100,     120 ) 4901005  19.599%  19.614% ####
[     120,     140 ) 3151557  12.603%  32.217% ###
[     140,     160 )  788979   3.155%  35.372% #
[     160,     180 )  885708   3.542%  38.914% #
[     180,     200 )  789725   3.158%  42.072% #
[     200,     250 ) 5127328  20.504%  62.576% ####
[     250,     300 ) 1825341   7.299%  69.875% #
[     300,     350 ) 1438290   5.752%  75.627% #
[     350,     400 )  909990   3.639%  79.266% #
[     400,     450 )  771384   3.085%  82.351% #
[     450,     500 )  638448   2.553%  84.904% #
[     500,     600 )  973231   3.892%  88.796% #
[     600,     700 )  647547   2.589%  91.385% #
[     700,     800 )  412592   1.650%  93.035% 
[     800,     900 )  269096   1.076%  94.111% 
[     900,    1000 )  182165   0.728%  94.840% 
[    1000,    1200 )  221202   0.885%  95.724% 
[    1200,    1400 )  137136   0.548%  96.272% 
[    1400,    1600 )  102933   0.412%  96.684% 
[    1600,    1800 )   83329   0.333%  97.017% 
[    1800,    2000 )   69375   0.277%  97.295% 
[    2000,    2500 )  128113   0.512%  97.807% 
[    2500,    3000 )   80910   0.324%  98.131% 
[    3000,    3500 )   51821   0.207%  98.338% 
[    3500,    4000 )   33757   0.135%  98.473% 
[    4000,    4500 )   23491   0.094%  98.567% 
[    4500,    5000 )   17995   0.072%  98.639% 
[    5000,    6000 )   27344   0.109%  98.748% 
[    6000,    7000 )   21431   0.086%  98.834% 
[    7000,    8000 )   18760   0.075%  98.909% 
[    8000,    9000 )   17228   0.069%  98.978% 
[    9000,   10000 )   15539   0.062%  99.040% 
[   10000,   12000 )   23489   0.094%  99.134% 
[   12000,   14000 )   17387   0.070%  99.203% 
[   14000,   16000 )   13496   0.054%  99.257% 
[   16000,   18000 )    9153   0.037%  99.294% 
[   18000,   20000 )    6538   0.026%  99.320% 
[   20000,   25000 )   15588   0.062%  99.382% 
[   25000,   30000 )   12488   0.050%  99.432% 
[   30000,   35000 )   14189   0.057%  99.489% 
[   35000,   40000 )   17068   0.068%  99.557% 
[   40000,   45000 )   15881   0.064%  99.621% 
[   45000,   50000 )   12682   0.051%  99.672% 
[   50000,   60000 )   11090   0.044%  99.716% 
[   60000,   70000 )    7161   0.029%  99.744% 
[   70000,   80000 )    7521   0.030%  99.775% 
[   80000,   90000 )    6127   0.025%  99.799% 
[   90000,  100000 )    4630   0.019%  99.818% 
[  100000,  120000 )    5466   0.022%  99.839% 
[  120000,  140000 )    2532   0.010%  99.850% 
[  140000,  160000 )    2373   0.009%  99.859% 
[  160000,  180000 )    2978   0.012%  99.871% 
[  180000,  200000 )    3807   0.015%  99.886% 
[  200000,  250000 )    4940   0.020%  99.906% 
[  250000,  300000 )    4572   0.018%  99.924% 
[  300000,  350000 )    3253   0.013%  99.937% 
[  350000,  400000 )    2838   0.011%  99.949% 
[  400000,  450000 )    2230   0.009%  99.958% 
[  450000,  500000 )    1854   0.007%  99.965% 
[  500000,  600000 )    2597   0.010%  99.975% 
[  600000,  700000 )    1711   0.007%  99.982% 
[  700000,  800000 )    1136   0.005%  99.987% 
[  800000,  900000 )     751   0.003%  99.990% 
[  900000, 1000000 )     566   0.002%  99.992% 
[ 1000000, 1200000 )     798   0.003%  99.995% 
[ 1200000, 1400000 )     502   0.002%  99.997% 
[ 1400000, 1600000 )     320   0.001%  99.998% 
[ 1600000, 1800000 )     130   0.001%  99.999% 
[ 1800000, 2000000 )      95   0.000%  99.999% 
[ 2000000, 2500000 )      83   0.000% 100.000% 
[ 2500000, 3000000 )      34   0.000% 100.000% 
[ 3000000, 3500000 )      14   0.000% 100.000% 
[ 3500000, 4000000 )       7   0.000% 100.000% 
[ 4000000, 4500000 )       8   0.000% 100.000% 
[ 4500000, 5000000 )       4   0.000% 100.000% 
[ 5000000, 6000000 )       5   0.000% 100.000% 
[ 6000000, 7000000 )       3   0.000% 100.000% 
[ 7000000, 8000000 )       4   0.000% 100.000% 
[ 8000000, 9000000 )       3   0.000% 100.000% 
[ 9000000, 10000000 )       1   0.000% 100.000% 


