0
20.5
115.5
158.8
171.8
180.1
189.4
199.4
201.2
210.9
212
217.7
223.1
228
232.8
236.8
239.3
243
246.6
249
250.4
252.6
254.9
256.3
257.6
258.6
259.6
260.7
262.1
263.4
264.7
264.8
266.1
266.3
268.7
270.1
270.4
270.5
271.7
273.9
274.9
275.8
276
275.9
277.1
279.2
279.3
279.1
279.1
277.4
279.4
279.5
279.6
279.7
279.8
282
282
282.1
282.1
282.2
283.2
284.4
284.3
284.3
284.2
285.2
286.2
286.2
286.2
286.4
287.2
288.3
289.4
290.5
290.6
290.6
291.4
292.5
293.6
293.7
293.8
293.9
294.8
295.8
296.8
297.9
298
298.1
299.1
299.1
300
301.1
302.2
302.2
302.2
302.7
302.8
303.9
304.8
305.3
305.7
306.1
