16.7
16.0
30.4
63.8
94.9
 126
 152
 180
 201
 220
 241
 260
 280
 296
 314
 327
 341
 355
 367
 379
 389
 399
 408
 417
 426
 432
 440
 451
 457
 463
 472
 478
 485
 491
 498
 503
 509
 514
 520
 524
 530
 535
 542
 548
 553
 557
 561
 564
 568
 571
 575
 577
 581
 585
 587
 590
 592
 595
 598
 601
 603
 606
 609
 611
 614
 618
 620
 622
 625
 627
 629
 631
 633
 636
 638
 640
 643
 644
 646
 646
 647
 650
 652
 654
 654
 656
 658
 660
 662
 664
 666
 668
 669
 670
 670
 671
 672
 674
 675
 677
 678
 679
 679
 681
 681
 682
 683
 684
 685
 686
 688
 690
 692
 692
 693
 694
 695
 695
 695
 697
 698
 698
 699
 700
 701
 702
 702
 703
 704
 703
 704
 704
 704
 705
 706
 707
 707
 708
 708
 709
 709
 710
 711
 712
 712
 713
 714
 714
 715
 716
 717
 718
 719
 719
 720
 721
 721
 722
 723
 724
 724
 725
 726
 727
 728
 729
 730
 730
 730
 730
 731
 732
 732
 733
 733
 734
 735
 735
 736
 737
 738
 739
 739
 740
 741
 742
 742
 743
 743
 744
 744
 744
 745
 745
 746
 747
 747
 747
 748
 748
 748
 749
 749
 750
 751
 751
 752
 752
 753
 753
 754
 754
 755
 756
 755
 756
 757
 757
 758
 758
 759
 760
 761
 761
 762
 763
 763
 764
 764
 764
 765
 765
 765
 766
 766
 767
 767
 767
 768
 768
 768
 769
 769
 770
 770
 770
 770
 771
 772
 772
 772
 772
 772
 773
 774
 774
 774
 774
 775
 775
 775
 775
 776
 776
 776
 776
 777
 777
 777
 777
 778
 778
 778
 778
 779
 779
 779
 780
 780
 780
 780
 781
 781
 781
 782
 782
 782
 783
 783
 783
 783
 784
 784
 784
 784
 785
 785
 785
 785
 785
 785
 786
 786
 786
 787
 787
 787
 788
 788
 789
 789
 789
 789
 790
 790
 790
 790
 791
 791
 791
 791
 792
 792
 792
 792
 792
 793
 793
 793
 794
 794
 794
 795
 795
 795
 796
 796
 796
 797
 796
 796
 797
 797
 797
 798
 798
 798
 799
 799
 799
 799
 800
 800
 800
 800
 801
 801
 801
 802
 802
 802
 802
 803
 803
 803
 803
 804
 804
 804
 804
 805
 805
 805
 805
 806
 806
 806
 806
 806
 807
 807
 807
 807
 808
 808
 808
 809
 809
 809
 809
 810
 810
 810
 811
 811
 811
 812
 812
 812
 813
 813
 813
 814
 814
 814
 814
 815
 815
 815
 815
 816
 816
 816
 816
 816
 817
 817
 817
 817
 817
 818
 818
 818
 818
 818
 818
 818
 818
 819
 819
 819
 819
 820
 820
 820
 821
 821
 821
 821
 822
 822
 822
 822
 823
 823
 823
 823
 823
 824
 824
 824
 824
 824
 825
 825
 825
 825
 825
 825
 826
 826
 826
 826
 827
 826
 827
 827
 827
 827
 828
 828
 828
 828
 828
 829
 829
 829
 830
 830
 830
 830
 830
 830
 831
 831
 831
 831
 831
 832
 832
 832
 832
 833
 833
 833
 833
 834
 834
 834
 835
 835
 835
 835
 835
 835
 835
 836
 836
 836
 836
 836
 836
 837
 837
 837
 837
 838
 838
 838
 838
 839
 839
 839
 837
 836
