 810
 808
 809
 810
 812
 813
 814
 815
 816
 817
 818
 820
 821
 822
 823
 824
 825
 826
 827
 828
 829
 831
 831
 833
 834
 835
 836
 837
 838
 839
 840
 841
 842
 843
 844
 845
 846
 847
 848
 849
 850
 850
 851
 852
 853
 854
 855
 856
 857
 858
 859
 860
 861
 862
 863
 863
 864
 865
 866
 867
 868
 869
 870
 870
 871
 872
 873
 874
 875
 875
 876
 877
 878
 879
 880
 881
 882
 883
 883
 884
 885
 886
 887
 887
 888
 889
 890
 891
 891
 892
 893
 893
 894
 895
 895
 896
 897
 897
 898
 899
 899
 900
 900
 901
 901
 902
 903
 903
 904
 904
 905
 906
 906
 907
 907
 908
 909
 909
 910
 910
 911
 911
 912
 913
 913
 914
 914
 915
 915
 916
 916
 917
 917
 918
 918
 919
 919
 920
 920
 921
 921
 922
 922
 923
 923
 923
 924
 924
 925
 925
 926
 926
 927
 927
 928
 928
 928
 929
 929
 930
 930
 930
 931
 931
 932
 932
 932
 933
 933
 933
 934
 934
 934
 935
 935
 935
 935
 936
 936
 936
 937
 937
 937
 937
 938
 938
 938
 938
 939
 939
 939
 939
 940
 940
 940
 940
 941
 941
 941
 941
 942
 942
 942
 942
 942
 943
 943
 943
 943
 943
 944
 944
 944
 944
 944
 944
 944
 945
 944
 945
 945
 945
 945
 945
 945
 945
 945
 946
 946
 946
 946
 946
 946
 946
 947
 947
 947
 947
 947
 947
 947
 947
 947
 947
 947
 947
 947
 947
 947
 947
 947
 947
 947
 947
 947
 947
 947
 947
 947
 947
 947
 947
 947
 947
 947
 947
 947
 947
 946
 946
 946
 946
 946
 946
 946
 946
 946
 946
 946
 946
 946
 946
 946
 946
 946
 946
 946
 946
 946
 945
 945
 945
 945
 945
 945
 945
 945
 945
 945
 945
 945
 945
 945
 945
 945
 944
 944
 944
 944
 944
 944
 944
 944
 944
 944
 944
 944
 944
 943
 943
 943
 943
 943
 943
 943
 943
 943
 943
 943
 943
 943
 943
 943
 943
 943
 943
 942
 942
 942
 942
 942
 942
 942
 942
 942
 942
 942
 941
 941
 941
 941
 941
 941
 940
 940
 940
 940
 940
 940
 940
 939
 939
 939
 939
 939
 939
 939
 938
 938
 938
 938
 938
 938
 938
 938
 938
 937
 937
 937
 937
 937
 937
 937
 937
 937
 937
 936
 936
 936
 936
 936
 936
 936
 936
 935
 935
 935
 935
 935
 935
 934
 934
 934
 934
 934
 934
 934
 934
 933
 933
 933
 933
 933
 933
 933
 932
 932
 932
 932
 932
 932
 932
 932
 932
 931
 931
 931
 931
 931
 931
 931
 931
 930
 930
 930
 930
 930
 930
 929
 929
 929
 929
 929
 929
 929
 929
 928
 928
 928
 928
 928
 928
 928
 927
 927
 927
 927
 927
 927
 927
 927
 926
 926
 926
 926
 926
 926
 926
 925
 925
 925
 925
 925
 925
 924
 923
