
nofdb	workloads/workloadc.spec	50
# Load duration (sec): 913.536
# Loading records:	50000000
# Load throughput (KOPS): 54.7324
Count: 50000000  Average: 911.7701  StdDev: 100623.44
Percentiles(us): P50: 213.52 P90: 370.45 P99: 2487.64 P99.9: 31844.09 P99.99: 107958.62
------------------------------------------------------
[      80,      90 )     113   0.000%   0.000% 
[      90,     100 )   22434   0.045%   0.045% 
[     100,     120 )  623643   1.247%   1.292% 
[     120,     140 ) 2819311   5.639%   6.931% #
[     140,     160 ) 5824675  11.649%  18.580% ##
[     160,     180 ) 6591996  13.184%  31.764% ###
[     180,     200 ) 6021405  12.043%  43.807% ##
[     200,     250 ) 11453438  22.907%  66.714% #####
[     250,     300 ) 6808524  13.617%  80.331% ###
[     300,     350 ) 3912759   7.826%  88.157% ##
[     350,     400 ) 2253493   4.507%  92.664% #
[     400,     450 ) 1293935   2.588%  95.251% #
[     450,     500 )  741240   1.482%  96.734% 
[     500,     600 )  668365   1.337%  98.071% 
[     600,     700 )  222068   0.444%  98.515% 
[     700,     800 )   79138   0.158%  98.673% 
[     800,     900 )   31859   0.064%  98.737% 
[     900,    1000 )   16232   0.032%  98.769% 
[    1000,    1200 )   20185   0.040%  98.810% 
[    1200,    1400 )   16635   0.033%  98.843% 
[    1400,    1600 )   15481   0.031%  98.874% 
[    1600,    1800 )   14505   0.029%  98.903% 
[    1800,    2000 )   13856   0.028%  98.931% 
[    2000,    2500 )   35590   0.071%  99.002% 
[    2500,    3000 )   24993   0.050%  99.052% 
[    3000,    3500 )   23357   0.047%  99.098% 
[    3500,    4000 )   20099   0.040%  99.139% 
[    4000,    4500 )   14979   0.030%  99.169% 
[    4500,    5000 )    9791   0.020%  99.188% 
[    5000,    6000 )   17358   0.035%  99.223% 
[    6000,    7000 )   20401   0.041%  99.264% 
[    7000,    8000 )   34814   0.070%  99.333% 
[    8000,    9000 )   17498   0.035%  99.368% 
[    9000,   10000 )   17961   0.036%  99.404% 
[   10000,   12000 )   29809   0.060%  99.464% 
[   12000,   14000 )   25954   0.052%  99.516% 
[   14000,   16000 )   27430   0.055%  99.571% 
[   16000,   18000 )   23263   0.047%  99.617% 
[   18000,   20000 )   22800   0.046%  99.663% 
[   20000,   25000 )   64415   0.129%  99.792% 
[   25000,   30000 )   45942   0.092%  99.883% 
[   30000,   35000 )   22385   0.045%  99.928% 
[   35000,   40000 )   10491   0.021%  99.949% 
[   40000,   45000 )    5368   0.011%  99.960% 
[   45000,   50000 )    2778   0.006%  99.966% 
[   50000,   60000 )    2926   0.006%  99.971% 
[   60000,   70000 )    2266   0.005%  99.976% 
[   70000,   80000 )    2133   0.004%  99.980% 
[   80000,   90000 )    2244   0.004%  99.985% 
[   90000,  100000 )    2088   0.004%  99.989% 
[  100000,  120000 )    1450   0.003%  99.992% 
[  120000,  140000 )     749   0.001%  99.993% 
[  140000,  160000 )     701   0.001%  99.995% 
[  160000,  180000 )     202   0.000%  99.995% 
[  180000,  200000 )      59   0.000%  99.995% 
[  200000,  250000 )     116   0.000%  99.995% 
[  250000,  300000 )     109   0.000%  99.996% 
[  300000,  350000 )      26   0.000%  99.996% 
[  350000,  400000 )      29   0.000%  99.996% 
[  450000,  500000 )      68   0.000%  99.996% 
[  500000,  600000 )     103   0.000%  99.996% 
[  600000,  700000 )      50   0.000%  99.996% 
[  700000,  800000 )      78   0.000%  99.996% 
[  900000, 1000000 )      10   0.000%  99.996% 
[ 1000000, 1200000 )      38   0.000%  99.996% 
[ 1200000, 1400000 )      37   0.000%  99.996% 
[ 1800000, 2000000 )      24   0.000%  99.997% 
[ 2000000, 2500000 )     126   0.000%  99.997% 
[ 2500000, 3000000 )     100   0.000%  99.997% 
[ 3000000, 3500000 )       7   0.000%  99.997% 
[ 4000000, 4500000 )      47   0.000%  99.997% 
[ 4500000, 5000000 )      49   0.000%  99.997% 
[ 5000000, 6000000 )      50   0.000%  99.997% 
[ 6000000, 7000000 )      47   0.000%  99.997% 
[ 7000000, 8000000 )      50   0.000%  99.997% 
[ 8000000, 9000000 )     150   0.000%  99.998% 
[ 9000000, 10000000 )      52   0.000%  99.998% 
[ 10000000, 12000000 )     100   0.000%  99.998% 
[ 12000000, 14000000 )     200   0.000%  99.998% 
[ 14000000, 16000000 )     100   0.000%  99.999% 
[ 16000000, 18000000 )      50   0.000%  99.999% 
[ 18000000, 20000000 )     102   0.000%  99.999% 
[ 20000000, 25000000 )     200   0.000%  99.999% 
[ 25000000, 30000000 )     198   0.000% 100.000% 
[ 30000000, 35000000 )     100   0.000% 100.000% 


# Run duration (sec): 377.803
# Run operations:	50000000
# Run throughput (KOPS): 132.344
Count: 50000000  Average: 376.9737  StdDev: 17627.39
Percentiles(us): P50: 220.64 P90: 474.23 P99: 1154.48 P99.9: 1802.96 P99.99: 38306.12
------------------------------------------------------
[      35,      40 )      49   0.000%   0.000% 
[      40,      45 )    9081   0.018%   0.018% 
[      45,      50 )  107143   0.214%   0.233% 
[      50,      60 )  875345   1.751%   1.983% 
[      60,      70 )  296530   0.593%   2.576% 
[      70,      80 )   98348   0.197%   2.773% 
[      80,      90 )   88800   0.178%   2.951% 
[      90,     100 )   95336   0.191%   3.141% 
[     100,     120 )  199390   0.399%   3.540% 
[     120,     140 )  618167   1.236%   4.776% 
[     140,     160 )  255840   0.512%   5.288% 
[     160,     180 )  628493   1.257%   6.545% 
[     180,     200 ) 18823566  37.647%  44.192% ########
[     200,     250 ) 7034878  14.070%  58.262% ###
[     250,     300 ) 6465167  12.930%  71.192% ###
[     300,     350 ) 4519515   9.039%  80.231% ##
[     350,     400 ) 2438964   4.878%  85.109% #
[     400,     450 ) 1851271   3.703%  88.812% #
[     450,     500 ) 1225750   2.451%  91.263% 
[     500,     600 ) 1505769   3.012%  94.275% #
[     600,     700 )  852185   1.704%  95.979% 
[     700,     800 )  552563   1.105%  97.084% 
[     800,     900 )  385612   0.771%  97.856% 
[     900,    1000 )  284443   0.569%  98.424% 
[    1000,    1200 )  372602   0.745%  99.170% 
[    1200,    1400 )  204174   0.408%  99.578% 
[    1400,    1600 )  107712   0.215%  99.793% 
[    1600,    1800 )   52956   0.106%  99.899% 
[    1800,    2000 )   23729   0.047%  99.947% 
[    2000,    2500 )   15669   0.031%  99.978% 
[    2500,    3000 )    2124   0.004%  99.982% 
[    3000,    3500 )     554   0.001%  99.983% 
[    3500,    4000 )     193   0.000%  99.984% 
[    4000,    4500 )     112   0.000%  99.984% 
[    4500,    5000 )      69   0.000%  99.984% 
[    5000,    6000 )     162   0.000%  99.985% 
[    6000,    7000 )     131   0.000%  99.985% 
[    7000,    8000 )     180   0.000%  99.985% 
[    8000,    9000 )     196   0.000%  99.986% 
[    9000,   10000 )     237   0.000%  99.986% 
[   10000,   12000 )     310   0.001%  99.987% 
[   12000,   14000 )     104   0.000%  99.987% 
[   14000,   16000 )     107   0.000%  99.987% 
[   16000,   18000 )      98   0.000%  99.987% 
[   18000,   20000 )     115   0.000%  99.987% 
[   20000,   25000 )     271   0.001%  99.988% 
[   25000,   30000 )     405   0.001%  99.989% 
[   30000,   35000 )     423   0.001%  99.990% 
[   35000,   40000 )     245   0.000%  99.990% 
[   40000,   45000 )     182   0.000%  99.991% 
[   45000,   50000 )      63   0.000%  99.991% 
[   50000,   60000 )      40   0.000%  99.991% 
[   60000,   70000 )      66   0.000%  99.991% 
[   70000,   80000 )     323   0.001%  99.992% 
[   80000,   90000 )     201   0.000%  99.992% 
[   90000,  100000 )     243   0.000%  99.992% 
[  100000,  120000 )     226   0.000%  99.993% 
[  120000,  140000 )     137   0.000%  99.993% 
[  140000,  160000 )     167   0.000%  99.993% 
[  160000,  180000 )     222   0.000%  99.994% 
[  180000,  200000 )     187   0.000%  99.994% 
[  200000,  250000 )     260   0.001%  99.995% 
[  250000,  300000 )     248   0.000%  99.995% 
[  300000,  350000 )     194   0.000%  99.996% 
[  350000,  400000 )     167   0.000%  99.996% 
[  400000,  450000 )     119   0.000%  99.996% 
[  450000,  500000 )     114   0.000%  99.996% 
[  500000,  600000 )     158   0.000%  99.997% 
[  600000,  700000 )     146   0.000%  99.997% 
[  700000,  800000 )     114   0.000%  99.997% 
[  800000,  900000 )      95   0.000%  99.998% 
[  900000, 1000000 )     107   0.000%  99.998% 
[ 1000000, 1200000 )     154   0.000%  99.998% 
[ 1200000, 1400000 )     121   0.000%  99.998% 
[ 1400000, 1600000 )      87   0.000%  99.998% 
[ 1600000, 1800000 )      62   0.000%  99.999% 
[ 1800000, 2000000 )      61   0.000%  99.999% 
[ 2000000, 2500000 )     118   0.000%  99.999% 
[ 2500000, 3000000 )     113   0.000%  99.999% 
[ 3000000, 3500000 )      87   0.000%  99.999% 
[ 3500000, 4000000 )      63   0.000%  99.999% 
[ 4000000, 4500000 )      63   0.000% 100.000% 
[ 4500000, 5000000 )      45   0.000% 100.000% 
[ 5000000, 6000000 )      70   0.000% 100.000% 
[ 6000000, 7000000 )      40   0.000% 100.000% 
[ 7000000, 8000000 )      25   0.000% 100.000% 
[ 8000000, 9000000 )      10   0.000% 100.000% 
[ 9000000, 10000000 )       6   0.000% 100.000% 
[ 10000000, 12000000 )       5   0.000% 100.000% 
[ 12000000, 14000000 )       4   0.000% 100.000% 
[ 14000000, 16000000 )       4   0.000% 100.000% 


