10.5
100.4
129.2
154.4
157.4
174.9
181.1
194
200.1
207.4
213.2
216.8
221
224.2
227.8
230.1
232.4
233.4
234.2
235.4
236.2
237.3
241.4
241.6
242.9
244
247
249.4
249.3
250.3
250.6
254.5
255.6
255.6
255.7
255.6
256.9
258.1
258.2
258.4
258.6
261.4
262.5
262.7
262.7
262.8
264.9
266.9
266.9
267
267
268
270.1
270.2
270.3
270.3
270.3
272.3
272.4
272.5
272.5
272.5
274.5
275.4
277.5
277.5
277.6
278.4
279.7
281.1
283.1
283.1
282.1
283.4
284.4
285.8
287.3
287.7
287.7
288.1
289.4
290.5
290.6
290.6
291.1
291
292.4
293.9
293.9
295.3
296.2
295.8
296.4
298
298.4
299.6
300
300.7
300.3
300.8
301.4
302.9
302.9
304.3
304.6
305.5
305.1
