10.5
109.8
146
175.6
182.5
193.7
193.8
203.1
208.1
215
220.3
224
228.1
230.3
232.9
235.1
237.4
239.7
240.5
241.2
242
243.1
246.1
247.4
248.5
248.5
251.5
253.6
254.6
255.6
255.9
259.9
261
261.2
262.2
262
264
264.9
264.9
265.1
265.3
268.4
269.4
269.4
269.4
269.4
269.9
271
270.9
270.8
270.9
271.9
272.8
272.8
271.7
271.8
272.8
274.9
275
275.1
275.1
275.1
277.1
278
280
280
280.1
281.2
283.2
284.1
285.1
285.6
285.7
286.6
287.6
289.1
289.7
290.5
290.1
291.1
292.1
293.6
293.9
294.6
294.5
295.1
296.4
297.4
297.8
298.4
299.2
300.1
298.2
299.6
300.3
300.9
302.5
302.7
303.4
303
304.1
304.7
305.3
305.9
307.1
306.7
306.8
