[OVERALL], RunTime(ms), 1493136
[OVERALL], Throughput(ops/sec), 2009.1940720738098
[TOTAL_GCS_PS_Scavenge], Count, 82
[TOTAL_GC_TIME_PS_Scavenge], Time(ms), 725
[TOTAL_GC_TIME_%_PS_Scavenge], Time(%), 0.0485555234084504
[TOTAL_GCS_PS_MarkSweep], Count, 0
[TOTAL_GC_TIME_PS_MarkSweep], Time(ms), 0
[TOTAL_GC_TIME_%_PS_MarkSweep], Time(%), 0.0
[TOTAL_GCs], Count, 82
[TOTAL_GC_TIME], Time(ms), 725
[TOTAL_GC_TIME_%], Time(%), 0.0485555234084504
[READ], Operations, 3000000
[READ], AverageLatency(us), 495.747095
[READ], MinLatency(us), 77
[READ], MaxLatency(us), 86399
[READ], 95thPercentileLatency(us), 1072
[READ], 99thPercentileLatency(us), 1127
[READ], Return=OK, 3000000
[CLEANUP], Operations, 1
[CLEANUP], AverageLatency(us), 2262016.0
[CLEANUP], MinLatency(us), 2260992
[CLEANUP], MaxLatency(us), 2263039
[CLEANUP], 95thPercentileLatency(us), 2263039
[CLEANUP], 99thPercentileLatency(us), 2263039
