[OVERALL], RunTime(ms), 2403847
[OVERALL], Throughput(ops/sec), 9983.996485633237
[TOTAL_GCS_PS_Scavenge], Count, 3091
[TOTAL_GC_TIME_PS_Scavenge], Time(ms), 13870
[TOTAL_GC_TIME_%_PS_Scavenge], Time(%), 0.5769917968988875
[TOTAL_GCS_PS_MarkSweep], Count, 0
[TOTAL_GC_TIME_PS_MarkSweep], Time(ms), 0
[TOTAL_GC_TIME_%_PS_MarkSweep], Time(%), 0.0
[TOTAL_GCs], Count, 3091
[TOTAL_GC_TIME], Time(ms), 13870
[TOTAL_GC_TIME_%], Time(%), 0.5769917968988875
[CLEANUP], Operations, 8
[CLEANUP], AverageLatency(us), 281986.25
[CLEANUP], MinLatency(us), 1
[CLEANUP], MaxLatency(us), 2256895
[CLEANUP], 95thPercentileLatency(us), 2256895
[CLEANUP], 99thPercentileLatency(us), 2256895
[INSERT], Operations, 24000000
[INSERT], AverageLatency(us), 797.5017355416667
[INSERT], MinLatency(us), 165
[INSERT], MaxLatency(us), 263935
[INSERT], 95thPercentileLatency(us), 1299
[INSERT], 99thPercentileLatency(us), 1454
[INSERT], Return=OK, 24000000
