[OVERALL], RunTime(ms), 1529098
[OVERALL], Throughput(ops/sec), 7847.763845090373
[TOTAL_GCS_PS_Scavenge], Count, 930
[TOTAL_GC_TIME_PS_Scavenge], Time(ms), 5234
[TOTAL_GC_TIME_%_PS_Scavenge], Time(%), 0.34229329971002515
[TOTAL_GCS_PS_MarkSweep], Count, 0
[TOTAL_GC_TIME_PS_MarkSweep], Time(ms), 0
[TOTAL_GC_TIME_%_PS_MarkSweep], Time(%), 0.0
[TOTAL_GCs], Count, 930
[TOTAL_GC_TIME], Time(ms), 5234
[TOTAL_GC_TIME_%], Time(%), 0.34229329971002515
[READ], Operations, 12000000
[READ], AverageLatency(us), 506.8895973333333
[READ], MinLatency(us), 68
[READ], MaxLatency(us), 105855
[READ], 95thPercentileLatency(us), 1107
[READ], 99thPercentileLatency(us), 1265
[READ], Return=OK, 12000000
[CLEANUP], Operations, 4
[CLEANUP], AverageLatency(us), 560899.25
[CLEANUP], MinLatency(us), 1
[CLEANUP], MaxLatency(us), 2244607
[CLEANUP], 95thPercentileLatency(us), 2244607
[CLEANUP], 99thPercentileLatency(us), 2244607
