[OVERALL], RunTime(ms), 1755083
[OVERALL], Throughput(ops/sec), 27349.13391560399
[TOTAL_GCS_PS_Scavenge], Count, 1309
[TOTAL_GC_TIME_PS_Scavenge], Time(ms), 12662
[TOTAL_GC_TIME_%_PS_Scavenge], Time(%), 0.7214473617487036
[TOTAL_GCS_PS_MarkSweep], Count, 0
[TOTAL_GC_TIME_PS_MarkSweep], Time(ms), 0
[TOTAL_GC_TIME_%_PS_MarkSweep], Time(%), 0.0
[TOTAL_GCs], Count, 1309
[TOTAL_GC_TIME], Time(ms), 12662
[TOTAL_GC_TIME_%], Time(%), 0.7214473617487036
[READ], Operations, 48000000
[READ], AverageLatency(us), 580.7886665625
[READ], MinLatency(us), 67
[READ], MaxLatency(us), 109439
[READ], 95thPercentileLatency(us), 1233
[READ], 99thPercentileLatency(us), 1505
[READ], Return=OK, 48000000
[CLEANUP], Operations, 16
[CLEANUP], AverageLatency(us), 139969.625
[CLEANUP], MinLatency(us), 0
[CLEANUP], MaxLatency(us), 2240511
[CLEANUP], 95thPercentileLatency(us), 2240511
[CLEANUP], 99thPercentileLatency(us), 2240511
