59034
73977
71137
66682
72917
86669
28055
68172
80483
74841
75304
71164
73194
49645
70444
69902
73952
79375
84240
33023
40879
76590
68319
64647
84804
72728
31734
37605
69337
82444
61886
69027
84683
51853
49049
58838
65872
76011
88625
73021
77867
66344
51463
81786
75261
88993
42666
32095
59040
62673
57037
80906
89961
40285
36612
38422
33547
50753
75269
87970
81076
64517
56475
43510
49139
55940
81603
79922
49286
28473
39849
29396
57442
65871
90137
71794
49514
58283
49384
48589
58941
41271
89158
71772
42681
54477
27414
59328
49804
69234
81676
70375
41436
49792
61728
40801
30946
45711
71626
84673
41438
63417
63669
50266
42180
38377
86402
63655
64988
66490
57883
25728
41631
49054
61666
68947
39419
42980
66885
51309
55927
59055
77247
67968
39566
33839
68940
43654
44682
40035
62812
59674
33651
66051
55976
78571
48360
31640
36056
24903
81690
46830
56628
46962
51212
50216
78825
67631
56505
48684
46832
44575
56835
43436
54688
81503
46984
50491
30926
60479
25474
35969
36444
53422
30259
34380
36204
24528
33874
27346
76501
36991
20950
29992
24111
48280
58265
58590
38738
36338
33368
58087
42952
43045
34837
33569
54170
29813
47478
42041
47983
41414
20934
24568
45989
45034
54844
47794
51019
30764
22335
33143
32183
836
0
0
0
0
0
0
0
0
0
0
0
0
0
0
0
0
0
0
0
0
0
0
0
0
0
0
0
0
0
0
0
0
0
0
0
0
0
0
0
0
0
0
0
0
0
0
0
0
0
0
0
0
0
0
0
0
0
41201
41289
53277
61964
86259
51450
61108
43957
142776
90866
58115
66883
58744
84781
122877
97590
55682
56974
80236
48246
133713
119822
135363
86956
73019
37856
135934
78858
49085
142090
112202
120433
49439
52459
60789
71215
97748
136554
83413
65279
81049
106417
78200
86353
66563
96342
103246
111500
91454
52315
84277
33498
115953
110748
140426
68445
102902
103868
55164
69959
87598
106156
127803
71886
124122
28233
112146
81018
52896
75892
93067
73596
117875
121596
97169
61146
79997
74272
80877
62778
56820
88504
122590
30824
85560
80403
86011
36151
78902
103026
105474
117448
114831
73936
45274
107642
83561
89369
139874
55960
113309
77075
75711
78861
59608
55111
72914
94773
66927
91128
78878
71208
83995
128295
98948
48421
68742
117673
54789
60844
84362
59632
155936
110394
131202
38281
81252
92918
57206
106608
95825
115740
98002
109260
89415
71414
110887
64026
59167
125172
73354
138430
74920
104499
64189
66437
53767
44453
85432
136279
84564
41084
98485
72692
52846
43240
57822
70152
96228
93140
99264
133711
90714
69693
66056
105602
63368
34941
62316
60846
109368
98947
119194
67532
84423
71347
65212
106553
108341
145352
108069
115601
81604
73588
52765
70921
124225
140575
112487
105669
116157
99554
115278
64291
112308
64899
77931
125525
38511
85634
50809
106615
119327
106508
121851
126670
93879
84934
91729
99361
97888
57297
61020
76160
47905
104571
116463
84559
94074
115678
63151
85881
70700
81465
75282
66547
68691
64585
71994
58961
82869
101837
91711
122965
95644
117242
67190
81290
85841
45401
58448
89188
73891
89457
130424
132327
79392
82082
114281
91837
61684
74567
9601
41842
94916
107212
102243
131433
96567
93898
70863
135574
95973
74551
93413
89814
95209
93400
98873
73470
119721
92274
89742
106139
86764
77300
73941
88246
110431
73790
138941
82995
127983
69614
141481
56456
122374
98895
113727
106908
54689
84885
50856
78243
110746
71588
130696
88042
96921
116775
113952
117276
93146
74478
71745
121877
100128
92589
75574
129553
109076
39292
125999
94399
115390
76870
20641
61175
89663
46896
90977
112155
134757
129574
143364
77659
105270
62806
109344
87888
83980
69298
85472
39632
57581
117643
96597
99450
84364
99294
54052
35802
122538
115969
70280
139842
82717
62501
53650
62824
58022
22312
105689
51900
133883
121298
108644
88650
83825
60142
48021
30402
80277
78691
79743
62895
53772
63872
126369
115074
92925
86210
106161
91492
88428
38332
87786
109016
92351
53795
95074
81539
98736
123234
112322
94022
56319
68633
94670
73030
70255
90971
85098
72403
76460
48672
129674
117038
105394
53103
73952
76463
61637
73646
66584
91430
115612
59333
99803
138037
139006
89732
98947
108447
113713
89493
52980
74285
94966
73280
145577
26377
59187
69555
74540
123116
97997
88758
111027
101352
85388
88902
117693
87477
40361
119031
88145
90735
72049
60800
110632
127857
86052
90066
138588
115000
118162
61359
117651
92757
121799
93835
61579
107904
64691
64270
110085
107556
54612
88968
86271
109769
117776
128977
99165
136268
61466
62074
113261
127768
98659
65701
78631
67867
92364
110092
43480
101759
69684
93092
127508
102412
99976
112715
102022
107350
100529
62676
48584
69015
83996
80195
112113
41195
88241
80869
60887
61164
114225
92773
90536
69130
73156
135788
69107
61739
66128
93991
100884
51918
79190
28044
85402
53418
51408
103099
90856
121650
91933
84492
96499
108602
82909
86297
106240
70806
92261
113093
79290
102627
95003
83595
78513
47292
79341
79889
61311
110269
88906
107511
120433
65821
145822
98170
52745
59527
104422
93906
63847
101635
63087
58753
90900
128027
69719
75728
70155
43652
108427
47320
74876
92333
89762
83638
69513
88478
59872
79649
101596
44000
95568
63662
75823
28962
86797
118168
81531
74843
96744
70390
91750
109037
131968
113114
121072
84530
77685
105992
101804
106448
89056
126163
83996
106107
106098
120081
87794
133369
70522
41839
23446
79116
117378
38242
90478
76150
70191
102569
48013
83627
104604
67255
107667
79702
77678
88001
120830
65149
75899
56264
102611
79205
87263
95459
105961
54031
42604
70956
70729
72239
78658
88989
89360
79353
72052
101426
100841
86707
83691
101309
105602
119992
94732
102328
72080
89274
122662
94154
104495
103679
82147
50215
60744
78960
64482
123094
130939
135382
76658
71133
88574
84729
87093
114911
116360
63331
94944
67232
89757
115621
79525
81720
148330
76774
131109
89772
103884
64625
81699
42909
71115
80669
138315
99259
131330
147897
87302
76054
126195
103064
113058
57525
79188
96493
75705
57600
86159
102067
121759
79401
100817
75882
52994
90965
51516
83403
52512
48371
54667
143158
94747
131804
103649
84046
95962
103772
48714
87846
63322
53839
76196
81208
64056
94685
70965
102292
70478
112778
65768
115142
89925
68671
83734
65620
57176
112094
90995
85019
123344
76685
89673
64789
124166
86004
91160
106200
74761
87774
65871
111405
75823
42878
40348
58808
77118
51847
66630
91886
31756
94250
97910
100006
108518
99210
123293
55810
69392
98887
80082
68505
126186
84777
129141
114237
77877
99762
70250
75645
58190
110421
73460
109818
97065
63014
58398
59853
70009
85214
79804
135285
132224
84915
103882
93181
90616
77646
90192
90011
56787
90238
114331
100210
73850
102154
127423
70614
92544
91450
118698
99214
92694
53245
82826
54468
95001
59995
66665
88940
65566
111633
127745
112659
71186
72249
89423
60023
106813
93843
102113
100037
102123
97106
105219
130166
83946
57760
24707
65432
85852
64920
86885
90430
124446
91377
27618
51396
60307
80228
115372
76430
66973
101626
117074
104285
85584
124969
74805
92424
65636
127638
77409
85163
74023
67397
58489
94306
80940
51593
127252
84997
95065
87596
70752
93795
63543
100523
92010
78291
51800
124777
56882
61755
56504
73047
45401
54302
119073
74650
114001
85002
132717
57638
97078
82095
103026
71720
59219
88705
69748
70928
87076
85198
101875
87896
81452
108898
105283
84862
90882
88628
81927
36419
87708
42411
64674
92949
90609
130051
147739
20361
29069
94828
96604
108734
76226
51679
67970
65173
84184
61866
80061
65522
98320
114412
96282
43878
65925
80723
0
26312
58689
49471
50234
115151
116683
119590
75020
0
69188
78945
87631
62314
65618
88659
100183
98763
79044
82122
75611
63656
61226
70901
76772
77250
35106
135752
141325
117757
138514
78605
76605
65571
93934
97335
47627
76155
69921
69603
41307
72518
110510
131639
74678
120432
85505
95700
137427
69338
93382
87200
93430
98548
119128
74352
74504
77310
73825
92072
120025
86028
134840
98743
128863
44576
51209
118757
66756
54761
95355
52970
69079
97440
72199
141343
56365
73770
107965
57188
22017
114202
59044
67729
73502
41558
78786
26660
64159
101894
116185
86550
15649
7780
6986
7144
7444
7462
2693
3376
2496
