
nofdb	workloads/workloadg_uniform.spec	32
# Load duration (sec): 395.85
# Loading records:	50000000
# Load throughput (KOPS): 126.311
Count: 50000000  Average: 252.2205  StdDev: 2404.09
Percentiles(us): P50: 205.26 P90: 369.37 P99: 951.00 P99.9: 3798.67 P99.99: 29156.94
------------------------------------------------------
[      50,      60 )      22   0.000%   0.000% 
[      60,      70 )    2146   0.004%   0.004% 
[      70,      80 )   11688   0.023%   0.028% 
[      80,      90 )   17233   0.034%   0.062% 
[      90,     100 )  220698   0.441%   0.504% 
[     100,     120 ) 12372402  24.745%  25.248% #####
[     120,     140 ) 2178409   4.357%  29.605% #
[     140,     160 ) 4193822   8.388%  37.993% ##
[     160,     180 ) 3003920   6.008%  44.001% #
[     180,     200 ) 1801587   3.603%  47.604% #
[     200,     250 ) 11385703  22.771%  70.375% #####
[     250,     300 ) 6218036  12.436%  82.811% ##
[     300,     350 ) 2952067   5.904%  88.715% #
[     350,     400 ) 1657695   3.315%  92.031% #
[     400,     450 )  984896   1.970%  94.001% 
[     450,     500 )  766627   1.533%  95.534% 
[     500,     600 )  786069   1.572%  97.106% 
[     600,     700 )  431883   0.864%  97.970% 
[     700,     800 )  278522   0.557%  98.527% 
[     800,     900 )  177572   0.355%  98.882% 
[     900,    1000 )  115691   0.231%  99.113% 
[    1000,    1200 )  142626   0.285%  99.399% 
[    1200,    1400 )   87012   0.174%  99.573% 
[    1400,    1600 )   55145   0.110%  99.683% 
[    1600,    1800 )   36567   0.073%  99.756% 
[    1800,    2000 )   24052   0.048%  99.804% 
[    2000,    2500 )   31231   0.062%  99.867% 
[    2500,    3000 )   11266   0.023%  99.889% 
[    3000,    3500 )    4293   0.009%  99.898% 
[    3500,    4000 )    1875   0.004%  99.902% 
[    4000,    4500 )    1087   0.002%  99.904% 
[    4500,    5000 )     785   0.002%  99.905% 
[    5000,    6000 )    1466   0.003%  99.908% 
[    6000,    7000 )    2659   0.005%  99.914% 
[    7000,    8000 )    2578   0.005%  99.919% 
[    8000,    9000 )    2572   0.005%  99.924% 
[    9000,   10000 )    4285   0.009%  99.932% 
[   10000,   12000 )    9698   0.019%  99.952% 
[   12000,   14000 )    2401   0.005%  99.957% 
[   14000,   16000 )    1346   0.003%  99.959% 
[   16000,   18000 )    1247   0.002%  99.962% 
[   18000,   20000 )    1611   0.003%  99.965% 
[   20000,   25000 )    9803   0.020%  99.985% 
[   25000,   30000 )    3256   0.007%  99.991% 
[   30000,   35000 )    1001   0.002%  99.993% 
[   35000,   40000 )     306   0.001%  99.994% 
[   40000,   45000 )     265   0.001%  99.994% 
[   45000,   50000 )     677   0.001%  99.996% 
[   50000,   60000 )     474   0.001%  99.997% 
[   60000,   70000 )     325   0.001%  99.997% 
[   70000,   80000 )     187   0.000%  99.998% 
[   80000,   90000 )     210   0.000%  99.998% 
[   90000,  100000 )     165   0.000%  99.998% 
[  100000,  120000 )     244   0.000%  99.999% 
[  120000,  140000 )      68   0.000%  99.999% 
[  140000,  160000 )      15   0.000%  99.999% 
[  160000,  180000 )      65   0.000%  99.999% 
[  180000,  200000 )       1   0.000%  99.999% 
[  200000,  250000 )      65   0.000%  99.999% 
[  250000,  300000 )      31   0.000%  99.999% 
[  300000,  350000 )      63   0.000%  99.999% 
[  350000,  400000 )      98   0.000% 100.000% 
[  400000,  450000 )      63   0.000% 100.000% 
[  450000,  500000 )      32   0.000% 100.000% 
[  500000,  600000 )      32   0.000% 100.000% 
[ 1600000, 1800000 )      32   0.000% 100.000% 
[ 1800000, 2000000 )      32   0.000% 100.000% 


# Run duration (sec): 398.992
# Run operations:	50000000
# Run throughput (KOPS): 125.316
Count: 50000000  Average: 254.0474  StdDev: 1076.23
Percentiles(us): P50: 205.66 P90: 371.22 P99: 914.75 P99.9: 3068.47 P99.99: 64823.62
------------------------------------------------------
[      50,      60 )       9   0.000%   0.000% 
[      60,      70 )    1407   0.003%   0.003% 
[      70,      80 )    9978   0.020%   0.023% 
[      80,      90 )   16466   0.033%   0.056% 
[      90,     100 )   68294   0.137%   0.192% 
[     100,     120 ) 12238656  24.477%  24.670% #####
[     120,     140 ) 2259008   4.518%  29.188% #
[     140,     160 ) 4254752   8.510%  37.697% ##
[     160,     180 ) 3161931   6.324%  44.021% #
[     180,     200 ) 1713389   3.427%  47.448% #
[     200,     250 ) 11277493  22.555%  70.003% #####
[     250,     300 ) 6400083  12.800%  82.803% ###
[     300,     350 ) 2869844   5.740%  88.543% #
[     350,     400 ) 1716587   3.433%  91.976% #
[     400,     450 ) 1004531   2.009%  93.985% 
[     450,     500 )  793172   1.586%  95.571% 
[     500,     600 )  793220   1.586%  97.158% 
[     600,     700 )  444490   0.889%  98.047% 
[     700,     800 )  282230   0.564%  98.611% 
[     800,     900 )  177741   0.355%  98.967% 
[     900,    1000 )  113359   0.227%  99.193% 
[    1000,    1200 )  136827   0.274%  99.467% 
[    1200,    1400 )   81160   0.162%  99.629% 
[    1400,    1600 )   49731   0.099%  99.729% 
[    1600,    1800 )   31942   0.064%  99.793% 
[    1800,    2000 )   20424   0.041%  99.833% 
[    2000,    2500 )   24753   0.050%  99.883% 
[    2500,    3000 )    8136   0.016%  99.899% 
[    3000,    3500 )    2826   0.006%  99.905% 
[    3500,    4000 )    1046   0.002%  99.907% 
[    4000,    4500 )     597   0.001%  99.908% 
[    4500,    5000 )     582   0.001%  99.909% 
[    5000,    6000 )    2345   0.005%  99.914% 
[    6000,    7000 )    6076   0.012%  99.926% 
[    7000,    8000 )    2406   0.005%  99.931% 
[    8000,    9000 )    1553   0.003%  99.934% 
[    9000,   10000 )    1390   0.003%  99.937% 
[   10000,   12000 )    3028   0.006%  99.943% 
[   12000,   14000 )    1232   0.002%  99.945% 
[   14000,   16000 )    1062   0.002%  99.948% 
[   16000,   18000 )    1148   0.002%  99.950% 
[   18000,   20000 )    1486   0.003%  99.953% 
[   20000,   25000 )    9726   0.019%  99.972% 
[   25000,   30000 )    3349   0.007%  99.979% 
[   30000,   35000 )    1284   0.003%  99.981% 
[   35000,   40000 )     630   0.001%  99.983% 
[   40000,   45000 )     478   0.001%  99.984% 
[   45000,   50000 )     550   0.001%  99.985% 
[   50000,   60000 )    1294   0.003%  99.987% 
[   60000,   70000 )    2693   0.005%  99.993% 
[   70000,   80000 )    1434   0.003%  99.996% 
[   80000,   90000 )    1118   0.002%  99.998% 
[   90000,  100000 )     523   0.001%  99.999% 
[  100000,  120000 )     384   0.001% 100.000% 
[  120000,  140000 )     147   0.000% 100.000% 

Read info: 
Count: 0  Average: 0.0000  StdDev: 0.00
Percentiles(us): P50: -nan P90: -nan P99: -nan P99.9: -nan P99.99: -nan
------------------------------------------------------

Write info: 
Count: 50000000  Average: 254.0474  StdDev: 1076.23
Percentiles(us): P50: 205.66 P90: 371.22 P99: 914.75 P99.9: 3068.47 P99.99: 64823.62
------------------------------------------------------
[      50,      60 )       9   0.000%   0.000% 
[      60,      70 )    1407   0.003%   0.003% 
[      70,      80 )    9978   0.020%   0.023% 
[      80,      90 )   16466   0.033%   0.056% 
[      90,     100 )   68294   0.137%   0.192% 
[     100,     120 ) 12238656  24.477%  24.670% #####
[     120,     140 ) 2259008   4.518%  29.188% #
[     140,     160 ) 4254752   8.510%  37.697% ##
[     160,     180 ) 3161931   6.324%  44.021% #
[     180,     200 ) 1713389   3.427%  47.448% #
[     200,     250 ) 11277493  22.555%  70.003% #####
[     250,     300 ) 6400083  12.800%  82.803% ###
[     300,     350 ) 2869844   5.740%  88.543% #
[     350,     400 ) 1716587   3.433%  91.976% #
[     400,     450 ) 1004531   2.009%  93.985% 
[     450,     500 )  793172   1.586%  95.571% 
[     500,     600 )  793220   1.586%  97.158% 
[     600,     700 )  444490   0.889%  98.047% 
[     700,     800 )  282230   0.564%  98.611% 
[     800,     900 )  177741   0.355%  98.967% 
[     900,    1000 )  113359   0.227%  99.193% 
[    1000,    1200 )  136827   0.274%  99.467% 
[    1200,    1400 )   81160   0.162%  99.629% 
[    1400,    1600 )   49731   0.099%  99.729% 
[    1600,    1800 )   31942   0.064%  99.793% 
[    1800,    2000 )   20424   0.041%  99.833% 
[    2000,    2500 )   24753   0.050%  99.883% 
[    2500,    3000 )    8136   0.016%  99.899% 
[    3000,    3500 )    2826   0.006%  99.905% 
[    3500,    4000 )    1046   0.002%  99.907% 
[    4000,    4500 )     597   0.001%  99.908% 
[    4500,    5000 )     582   0.001%  99.909% 
[    5000,    6000 )    2345   0.005%  99.914% 
[    6000,    7000 )    6076   0.012%  99.926% 
[    7000,    8000 )    2406   0.005%  99.931% 
[    8000,    9000 )    1553   0.003%  99.934% 
[    9000,   10000 )    1390   0.003%  99.937% 
[   10000,   12000 )    3028   0.006%  99.943% 
[   12000,   14000 )    1232   0.002%  99.945% 
[   14000,   16000 )    1062   0.002%  99.948% 
[   16000,   18000 )    1148   0.002%  99.950% 
[   18000,   20000 )    1486   0.003%  99.953% 
[   20000,   25000 )    9726   0.019%  99.972% 
[   25000,   30000 )    3349   0.007%  99.979% 
[   30000,   35000 )    1284   0.003%  99.981% 
[   35000,   40000 )     630   0.001%  99.983% 
[   40000,   45000 )     478   0.001%  99.984% 
[   45000,   50000 )     550   0.001%  99.985% 
[   50000,   60000 )    1294   0.003%  99.987% 
[   60000,   70000 )    2693   0.005%  99.993% 
[   70000,   80000 )    1434   0.003%  99.996% 
[   80000,   90000 )    1118   0.002%  99.998% 
[   90000,  100000 )     523   0.001%  99.999% 
[  100000,  120000 )     384   0.001% 100.000% 
[  120000,  140000 )     147   0.000% 100.000% 


