[Server Processing Threads Num: 1]
CPU monitor is enabled
Stats recorder is enabled
Rocksdb opened: /mnt/nofdb_data/db
Server listening on 0.0.0.0:50051
Server thread 139977111353088 bound to core 0

Timer is reset

===== Load Statistics
Total requests: 409600
Total bytes: 107374182400
Avg latency (us): 1117.75, P90 (us): 278.73, P99 (us): 20223.74, P99.9 (us): 30751.73
Avg CPU utilization (percent): 175.61
Eplased time (sec): 657.42
Throughput (MB/s): 155.76
QPS (k): 0.62

Timer is reset

===== Transaction Statistics
Total requests: 1000000
Total bytes: 262144000000
Avg latency (us): 1966.71, P90 (us): 16010.93, P99 (us): 20235.03, P99.9 (us): 21054.63
Avg CPU utilization (percent): 166.06
Eplased time (sec): 2449.04
Throughput (MB/s): 102.08
QPS (k): 0.41

NoFDB Server is shutting down......

