[OVERALL], RunTime(ms), 2686144
[OVERALL], Throughput(ops/sec), 74456.17211884397
[TOTAL_GCS_PS_Scavenge], Count, 2940
[TOTAL_GC_TIME_PS_Scavenge], Time(ms), 22647
[TOTAL_GC_TIME_%_PS_Scavenge], Time(%), 0.8431044649877296
[TOTAL_GCS_PS_MarkSweep], Count, 0
[TOTAL_GC_TIME_PS_MarkSweep], Time(ms), 0
[TOTAL_GC_TIME_%_PS_MarkSweep], Time(%), 0.0
[TOTAL_GCs], Count, 2940
[TOTAL_GC_TIME], Time(ms), 22647
[TOTAL_GC_TIME_%], Time(%), 0.8431044649877296
[CLEANUP], Operations, 50
[CLEANUP], AverageLatency(us), 45446.3
[CLEANUP], MinLatency(us), 1
[CLEANUP], MaxLatency(us), 2273279
[CLEANUP], 95thPercentileLatency(us), 2
[CLEANUP], 99thPercentileLatency(us), 2273279
[INSERT], Operations, 200000000
[INSERT], AverageLatency(us), 669.209840515
[INSERT], MinLatency(us), 127
[INSERT], MaxLatency(us), 301311
[INSERT], 95thPercentileLatency(us), 951
[INSERT], 99thPercentileLatency(us), 1151
[INSERT], Return=OK, 200000000
