[OVERALL], RunTime(ms), 2277086
[OVERALL], Throughput(ops/sec), 87831.55313413723
[TOTAL_GCS_PS_Scavenge], Count, 1933
[TOTAL_GC_TIME_PS_Scavenge], Time(ms), 18686
[TOTAL_GC_TIME_%_PS_Scavenge], Time(%), 0.820610200932244
[TOTAL_GCS_PS_MarkSweep], Count, 0
[TOTAL_GC_TIME_PS_MarkSweep], Time(ms), 0
[TOTAL_GC_TIME_%_PS_MarkSweep], Time(%), 0.0
[TOTAL_GCs], Count, 1933
[TOTAL_GC_TIME], Time(ms), 18686
[TOTAL_GC_TIME_%], Time(%), 0.820610200932244
[CLEANUP], Operations, 50
[CLEANUP], AverageLatency(us), 44627.22
[CLEANUP], MinLatency(us), 1
[CLEANUP], MaxLatency(us), 2232319
[CLEANUP], 95thPercentileLatency(us), 2
[CLEANUP], 99thPercentileLatency(us), 2232319
[UPDATE], Operations, 200000000
[UPDATE], AverageLatency(us), 566.916625195
[UPDATE], MinLatency(us), 121
[UPDATE], MaxLatency(us), 220671
[UPDATE], 95thPercentileLatency(us), 825
[UPDATE], 99thPercentileLatency(us), 1016
[UPDATE], Return=OK, 200000000
