[OVERALL], RunTime(ms), 2502907
[OVERALL], Throughput(ops/sec), 79907.08404267518
[TOTAL_GCS_PS_Scavenge], Count, 1161
[TOTAL_GC_TIME_PS_Scavenge], Time(ms), 17113
[TOTAL_GC_TIME_%_PS_Scavenge], Time(%), 0.6837249646111501
[TOTAL_GCS_PS_MarkSweep], Count, 0
[TOTAL_GC_TIME_PS_MarkSweep], Time(ms), 0
[TOTAL_GC_TIME_%_PS_MarkSweep], Time(%), 0.0
[TOTAL_GCs], Count, 1161
[TOTAL_GC_TIME], Time(ms), 17113
[TOTAL_GC_TIME_%], Time(%), 0.6837249646111501
[READ], Operations, 200000000
[READ], AverageLatency(us), 623.41549377
[READ], MinLatency(us), 75
[READ], MaxLatency(us), 109183
[READ], 95thPercentileLatency(us), 987
[READ], 99thPercentileLatency(us), 1558
[READ], Return=OK, 200000000
[CLEANUP], Operations, 50
[CLEANUP], AverageLatency(us), 45118.62
[CLEANUP], MinLatency(us), 0
[CLEANUP], MaxLatency(us), 2256895
[CLEANUP], 95thPercentileLatency(us), 2
[CLEANUP], 99thPercentileLatency(us), 2256895
