14.9
14.3
15.0
25.2
26.3
27.0
27.8
28.5
33.6
34.1
34.5
34.8
34.8
35.1
40.3
40.3
40.4
40.4
40.5
40.5
44.3
44.3
44.3
45.3
45.3
47.3
47.2
47.1
47.0
46.9
46.8
46.8
49.5
49.4
49.4
49.3
49.9
51.9
52.0
51.9
51.8
51.9
54.3
55.2
55.2
56.3
56.2
56.1
55.9
55.8
55.7
56.7
56.5
56.4
56.3
56.2
56.1
57.2
57.1
57.2
57.1
57.0
56.9
57.4
57.3
57.1
57.0
56.9
56.8
58.7
60.4
60.9
60.9
61.0
60.8
60.7
60.5
60.4
60.3
61.0
60.8
60.7
60.8
60.8
61.6
61.5
61.4
61.2
61.1
61.0
61.7
61.6
61.4
61.3
61.2
61.1
61.4
61.8
62.0
62.3
63.2
63.1
62.9
62.8
62.7
63.9
64.2
64.5
64.6
64.5
64.3
64.3
64.2
64.1
64.0
63.9
64.6
65.2
65.5
65.3
65.3
65.7
65.6
65.4
65.3
65.2
65.7
65.5
65.4
65.2
65.1
64.9
65.4
65.3
65.2
65.1
64.9
65.2
65.1
65.0
64.8
64.7
65.2
65.4
65.5
65.6
65.6
65.6
65.4
65.3
65.2
65.1
65.6
65.4
65.3
65.4
65.3
65.5
65.4
65.3
65.2
65.1
65.5
65.4
65.2
65.1
65.0
64.9
65.6
65.9
65.9
65.8
65.7
65.9
65.8
65.7
65.6
65.5
65.7
65.7
65.9
65.9
66.1
66.2
66.1
66.0
65.9
65.8
66.2
66.1
66.0
65.9
66.0
66.3
66.2
66.2
66.2
66.8
66.7
66.6
66.5
66.4
66.8
66.7
66.7
66.6
66.5
66.7
66.6
66.6
66.5
66.4
66.3
66.6
66.5
66.5
67.2
67.3
67.4
67.3
67.2
67.2
67.4
67.3
67.2
67.1
67.0
67.0
67.3
67.3
67.2
67.1
67.0
67.2
67.2
67.1
67.0
66.9
67.1
67.0
67.0
66.9
66.8
67.0
66.9
66.9
66.8
66.8
66.9
66.8
66.8
67.4
67.7
67.8
67.9
68.2
68.3
68.3
68.5
68.5
68.4
68.4
68.4
68.7
68.7
68.6
68.6
68.7
68.7
68.6
68.6
68.7
68.6
68.5
68.4
68.4
68.6
68.5
68.4
68.3
68.4
68.3
68.3
68.2
68.1
68.3
68.4
68.4
68.5
68.5
68.5
68.4
68.3
68.2
68.5
68.5
68.4
68.3
68.5
68.4
68.5
68.4
68.4
68.3
68.2
68.1
68.6
68.8
68.7
68.6
68.6
68.5
68.7
68.7
68.7
68.6
68.6
68.5
68.5
68.6
68.5
68.5
68.4
68.6
68.6
68.7
68.7
68.7
68.7
68.6
68.6
68.7
68.6
68.5
68.5
68.4
68.6
68.6
68.5
68.4
68.4
68.6
68.5
68.4
68.4
68.5
68.4
68.4
68.3
68.3
68.4
68.3
68.2
68.2
68.3
68.2
68.2
68.2
68.3
68.6
68.7
68.7
68.6
68.5
68.6
68.6
68.6
68.7
68.7
68.7
68.7
68.6
68.8
68.7
68.7
68.6
68.5
68.7
68.7
68.6
68.7
68.6
68.6
68.5
68.7
68.6
68.6
68.5
68.6
68.6
68.5
68.5
68.5
68.4
68.4
68.5
68.6
68.6
68.7
68.7
68.7
68.7
68.7
68.6
68.6
68.5
68.5
68.8
69.0
69.0
69.0
68.9
68.9
68.8
69.0
68.9
68.9
68.8
68.9
68.9
68.9
68.9
68.8
68.7
68.8
68.8
68.8
68.7
68.8
68.8
68.7
68.7
68.6
68.5
68.8
68.8
68.9
68.9
68.8
68.8
68.8
68.7
68.7
68.8
68.7
68.7
68.6
68.6
68.7
68.7
68.7
68.6
68.7
68.6
68.6
68.5
68.8
68.9
68.8
68.8
68.7
68.9
68.9
68.9
68.8
68.7
68.6
68.5
68.5
