14.5
13.9
19.2
28.7
30.7
32.5
40.4
41.8
43.1
52.3
53.2
54.1
57.9
59.8
60.3
64.1
64.4
64.8
68.0
68.2
69.3
72.4
72.4
72.5
75.0
75.6
75.6
77.7
77.6
77.5
77.4
79.7
79.6
79.5
82.2
82.1
82.0
83.1
83.0
82.9
86.5
88.2
88.5
89.3
89.1
89.2
90.8
90.6
90.4
91.3
91.1
90.9
90.7
91.6
91.4
91.5
92.6
92.4
92.2
92.8
92.6
93.8
94.1
94.2
94.6
94.4
95.6
96.8
96.6
97.0
96.8
96.6
97.2
97.0
96.8
97.7
97.5
97.3
97.7
97.4
97.3
97.9
98.2
98.5
98.5
98.7
98.5
99.0
99.0
98.8
99.1
98.9
98.6
99.8
 100
 100
 100
 100
 100
 101
 100
 100
 101
 100
 100
 101
 100
 100
 101
 101
 101
 101
 101
 101
 101
 101
 102
 102
 101
 101
 102
 102
 102
 103
 103
 103
 104
 104
 104
 103
 104
 103
 103
 104
 104
 103
 104
 104
 104
 104
 104
 104
 104
 105
 105
 105
 106
 106
 106
 106
 106
 106
 106
 105
 106
 106
 105
 106
 106
 105
 106
 106
 105
 106
 106
 106
 107
 107
 107
 107
 107
 107
 107
 107
 107
 107
 108
 107
 107
 107
 107
 107
 107
 107
 107
 108
 108
 108
 108
 108
 108
 108
 108
 108
 108
 108
 108
 108
 108
 108
 108
 108
 108
 108
 109
 109
 109
 109
 109
 109
 109
 109
 109
 109
 109
 109
 109
 109
 109
 109
 109
 109
 109
 109
 109
 110
 110
 110
 110
 110
 111
 111
 111
 111
 111
 111
 110
 111
 111
 111
 111
 111
 111
 111
 111
 111
 111
 111
 111
 111
 111
 111
 112
 111
 111
 112
 112
 112
 112
 112
 112
 112
 112
 112
 112
 112
 112
 112
 112
 112
 113
 113
 113
 113
 113
 113
 113
 113
 113
 113
 113
 113
 113
 113
 112
 113
 113
 113
 113
 113
 113
 114
 114
 114
 114
 114
 114
 114
 114
 114
 114
 114
 114
 114
 114
 114
 114
 114
 114
 114
 114
 114
 114
 114
 115
 115
 115
 115
 115
 115
 115
 115
 116
 116
 116
 117
 117
 117
 117
 117
 118
 118
 118
 118
 119
 119
 119
 119
 120
 120
 120
 120
 121
 121
 121
 121
 122
 122
 122
 122
 122
 123
 123
 123
 123
 123
 123
 124
 124
 124
 124
 124
 124
 124
 125
 125
 125
 125
 125
 126
 126
 126
 126
 126
 127
 127
 127
 127
 127
 127
 127
 128
 128
 128
 128
 128
 128
 129
 129
 129
 129
 129
 129
 129
 129
 129
 129
 129
 129
 129
 129
 129
 129
 129
 129
 129
 129
 130
 130
 130
 130
 129
 130
 130
 130
 130
 130
 130
 130
 130
 130
 130
 130
 130
 130
 130
 130
 130
 131
 131
 131
 131
 131
 131
 131
 131
 131
 131
 131
 131
 131
 131
 131
 131
 131
 131
 131
 131
 131
 131
 131
 131
 131
 131
 132
 132
 132
 132
 132
 132
 132
 132
 132
 132
 132
 132
 132
 132
 132
 132
 132
 132
 132
 132
 132
 132
 132
 132
 132
 133
 133
 133
 133
 133
 133
 133
 133
 133
 133
 133
 133
 133
 133
 134
 134
 134
 134
 134
 134
 134
 134
 134
 134
 134
 134
 134
 134
 134
 134
 134
 134
 134
 134
 134
 134
 134
