8.7
58.9
95.9
115.7
125
130.1
133.8
137.6
139.8
141.6
143.7
145.1
146.2
149
148.1
148.8
149.9
150.5
150.9
151.7
152
152.3
153
153.2
153.4
153.8
157.1
157.5
158
158.5
158.4
158.4
158.7
158.6
158.7
158.9
158.9
159
160.7
162.1
162
162.1
162.1
161.9
162.1
162.1
162
162.2
162.1
162.1
162.6
164.2
165.8
166.2
166.1
166
166.1
165.9
165.9
165.8
165.7
165.7
166.1
167.4
168.6
169
168.8
167.9
167.9
167.7
167.6
167.5
167.4
167.2
167.8
168.9
169.9
170.1
170
169.9
169.8
169.7
169.6
169.5
169.4
169.4
169.6
170.5
171.5
172
171.9
171.7
171.6
171.6
171.4
171.4
171.2
171.1
171.3
172
172.9
173.6
173.6
173.4
173.4
173.2
173.1
173
172.9
172.7
172.8
173.6
174.2
174.9
175.1
175
174.9
174.8
174.7
174.6
174
173.8
173.9
174.4
175
175.8
176.1
175.9
175.9
175.8
175.6
175.6
175.4
175.3
175.3
175.8
176.3
176.9
177.4
177.4
177.4
177.2
177.1
177.2
177.1
176.9
176.9
177.4
177.8
178.3
178.8
178.7
178.6
178.4
178.3
178.2
178.1
178
177.9
178.3
178.8
179.3
179.7
180
179.9
179.7
179.7
179.5
179.4
179.4
179.4
179.8
180.2
180.6
180.6
180.5
180.4
180.3
180.2
180.1
180
179.9
179.9
180.2
180.6
181.1
181.4
181.4
181.3
181.2
181
181
180.8
180.7
180.9
181.1
181.5
181.9
182
181.9
181.8
181.7
181.5
181.4
181.3
181.2
181.4
181.7
182
182.4
182.6
182.5
182.5
182.3
182.2
182.2
182
181.9
182.1
182.4
182.7
183
183
182.9
182.8
182.7
182.4
182.3
182.2
182.1
182.4
182.7
182.9
183.3
183.4
183.3
183.2
183.1
183
182.9
182.8
182.7
182.9
183.2
183.4
183.7
183.8
183.7
183.6
183.5
183.4
183.3
183.2
183.2
183.3
183.6
183.8
184.1
184.3
184.3
184.3
184.2
184.1
184
183.9
183.8
184
184.2
184.4
184.7
184.8
184.8
184.7
184.6
184.5
184.4
184.3
184.2
184.4
184.6
184.7
185
185.2
185.1
185
184.9
184.8
184.7
184.7
184.6
184.6
184.9
185.1
185.3
185.3
185.2
185.2
185.1
185
184.9
184.8
184.8
184.9
185.1
185.3
185.5
185.7
185.6
185.6
185.5
185.4
185.3
185.2
185.1
185.3
185.5
185.8
186
186.1
186.1
186
185.9
185.8
185.8
185.7
185.6
185.7
185.9
186.1
186.3
186.5
186.5
186.4
186.4
186.1
186
185.9
185.9
186.1
186.2
186.5
186.6
186.8
186.8
186.7
186.6
186.5
186.4
186.5
186.4
186.6
186.8
187
187.1
187.3
187.4
187.3
187.2
187.2
187.1
187
187
187.2
187.3
187.5
187.8
187.9
187.8
187.7
187.6
187.6
187.5
187.4
187.4
187.6
187.7
187.9
188.1
188.2
188.4
188.3
188.3
188.2
188.1
188
188
188.2
188.3
188.2
188.5
188.6
188.7
188.6
188.5
188.5
188.4
188.3
188.3
188.5
188.7
188.9
189.1
189.2
189.4
189.3
189.2
189.2
189.1
189
189.1
189.2
189.3
189.4
189.7
189.8
189.7
189.7
189.6
189.5
189.5
189.4
189.4
189.6
189.7
189.9
190
190.1
190.2
190.1
190
190
189.9
189.8
189.9
190
190.1
190.3
190.4
190.5
190.4
190.3
190.2
190.2
190.1
189.9
190
190.2
190.3
190.4
190.6
190.6
190.6
190.5
190.5
190.4
190.4
190.4
190.5
190.6
190.7
190.8
191
191
190.9
190.9
190.8
190.6
190.6
190.5
190.6
190.8
190.8
190.9
191
191.2
191.3
191.2
191.2
191.2
191.1
191
191.1
191.2
191.2
191.4
191.6
191.7
191.6
191.6
191.5
191.6
191.5
191.4
191.2
191.3
191.5
191.6
191.7
191.8
191.8
191.7
191.7
191.6
191.6
191.5
191.6
191.7
191.8
191.9
192
192
192
191.9
191.8
191.8
191.7
191.7
191.8
191.9
192
192.1
192.2
192.3
192.4
192.3
192.3
192.2
192.1
192.1
192.2
192.3
192.4
192.5
192.6
192.6
192.6
192.6
192.6
192.5
192.4
192.4
192.5
192.6
192.7
192.8
192.9
193.1
192.9
192.9
192.8
192.7
192.7
192.6
192.7
192.8
192.9
193
193.1
193.2
193.3
193.2
193.2
193.1
193.1
193
193.1
193.2
193.3
193.4
193.5
193.5
193.5
193.5
193.3
193.4
193.2
193.3
193.4
193.5
193.6
193.7
193.8
193.9
193.8
193.8
193.7
193.6
193.6
193.6
193.7
193.7
193.8
193.9
194
194.1
194.1
194.1
194
194
193.9
193.9
194
193.9
194
194.1
194.2
194.3
194.2
194.2
194.1
194.1
194
194
194.1
194.2
194.3
194.4
194.5
194.6
194.5
194.4
194.4
194.3
194.3
194.3
194.4
194.5
194.6
194.6
194.7
194.7
194.6
194.6
194.5
194.5
194.4
194.5
194.6
194.6
194.7
194.8
194.9
195
195.1
195
195
194.9
194.9
194.9
195
195.1
195.2
195.2
195.3
195.4
195.3
195.2
195.2
195.1
195.1
195.1
195.2
195.3
195.4
195.4
195.5
195.5
195.5
195.4
195.4
195.3
195.3
195.3
195.4
195.5
195.5
195.6
195.7
195.7
195.6
195.6
195.5
195.5
195.4
195.4
195.5
195.6
195.7
195.7
195.8
195.9
195.9
195.8
195.8
195.7
195.7
195.7
195.8
195.8
195.9
196
196.1
196.2
196.2
196.2
196.1
196.1
196.1
196.1
196.2
196.3
196.2
196.3
196.4
196.4
196.3
196.3
196.3
196.2
196.1
196.2
196.3
196.3
196.4
196.5
196.5
196.6
196.7
196.7
196.6
196.6
196.5
196.6
196.6
196.7
196.8
196.9
196.9
197
196.9
196.9
196.8
196.8
196.7
196.8
196.8
196.9
197
197.1
197.1
197.2
197.3
197.2
197.2
197.1
197.1
197.1
197.2
197.3
197.3
197.4
197.5
197.6
197.5
197.5
197.4
197.4
197.3
197.4
197.5
197.5
197.6
197.7
197.7
197.8
197.8
197.8
197.7
197.7
197.7
197.7
197.8
197.9
197.9
198
198.1
198.1
198
198
197.9
197.9
197.9
198
198
198.1
198.1
198.2
198.3
198.3
198.3
198.3
198.2
198.2
198.2
198.3
198.3
198.4
198.5
198.5
198.6
198.6
198.5
198.5
198.4
198.4
198.4
198.4
198.5
198.6
198.6
198.6
198.7
198.8
198.7
198.7
198.6
198.6
198.6
198.6
198.7
198.8
198.8
198.9
198.9
198.9
198.8
198.8
198.7
198.7
198.7
198.7
198.8
198.9
198.9
199
199.1
199.1
199.1
199.1
199
199
199
199.1
199.1
199.2
199.2
199.3
199.4
199.4
199.3
199.3
199.2
199.2
199.2
199.3
199.4
199.4
199.5
199.5
199.6
199.5
199.5
199.4
199.4
199.3
199.4
199.4
199.5
199.6
199.6
199.7
199.7
199.8
199.7
199.7
199.6
199.6
199.7
199.7
199.8
199.8
199.9
199.9
200
200.1
200
200
199.9
200
200
200.1
200.1
200.2
200.2
200.3
200.2
200.2
200.2
200.1
200.1
200.1
200.1
200.2
200.2
200.3
200.3
200.4
200.4
200.3
200.3
200.3
200.2
200.3
200.3
200.3
200.4
200.4
200.5
200.5
200.6
200.5
200.5
200.5
200.4
200.5
200.5
200.6
200.6
200.7
200.7
200.8
200.8
200.8
200.7
200.7
200.6
200.7
200.7
200.8
200.8
200.9
200.9
201
201
201.1
201
201
201
201
201.1
201.1
201.2
201.2
201.3
201.3
201.4
201.4
201.3
201.3
201.2
201.3
201.3
201.4
201.4
201.5
201.5
201.6
201.5
201.5
201.4
201.4
201.4
201.4
201.5
201.5
201.6
201.6
201.7
201.7
201.8
201.8
201.8
201.7
201.7
201.7
201.8
201.8
201.9
201.9
202
202
202.1
202.1
202.1
202.1
202.1
202.1
202.2
202.2
202.3
202.3
202.3
202.4
202.4
202.3
202.3
202.3
202.2
202.3
202.3
202.4
202.4
202.5
202.5
202.6
202.6
202.6
202.7
202.5
202.5
202.6
202.6
202.5
202.7
202.7
202.7
202.7
202.7
202.7
202.7
202.7
202.7
202.7
202.8
202.8
202.8
202.9
202.9
203
202.9
202.9
202.8
202.8
202.8
202.9
202.9
203
203
203
203.1
203.1
203.1
203
203
203
203
203
203.1
203.1
203.2
203.2
203.2
203.3
203.3
203.4
203.3
203.3
203.4
203.5
203.4
203.6
203.6
203.7
203.7
203.7
203.8
203.5
203.5
203.4
203.6
203.6
203.7
203.7
203.8
203.8
203.8
203.9
203.8
203.8
203.7
203.7
203.8
203.8
203.8
203.9
203.9
204
204
204
203.9
203.9
203.8
203.8
203.9
203.9
204
204.1
204.1
204.2
204.2
204.2
204.2
204.1
204
204
204.1
204.1
204.1
204.3
204.3
204.3
204.4
204.4
204.4
204.3
204.3
204.3
204.3
204.4
204.4
204.4
204.3
204.3
204.3
204.4
204.4
204.6
204.4
204.5
204.6
204.6
204.6
204.8
204.7
204.9
204.9
204.9
204.9
204.9
204.8
204.8
204.9
204.9
205
205
205
205.1
205.1
205.1
205.1
205.1
205.1
205.1
205.1
205.2
205.2
205.2
205.3
205.3
205.4
205.4
205.4
205.4
205.3
205.4
205.4
205.4
205.5
205.5
205.5
205.6
205.6
205.6
205.6
205.5
205.4
205.4
205.4
205.5
205.5
205.5
205.7
205.6
205.6
205.7
205.7
205.6
205.6
205.6
205.7
205.7
205.8
205.9
205.9
206
206
206
206
206
206
206
206
206
206
206
206
206
206
206
206
206
206
206
206
206
206
206
206
206
206
206
206
206
206
206
206
206
206
206
205.9
205.9
205.9
205.9
205.9
205.9
205.9
205.9
205.9
205.9
205.9
205.9
205.9
205.9
205.9
205.9
206
206
206
206
206
206
206
206
207
207
207
207
207
206
207
207
207
207
207
207
207
207
207
207
207
207
207
207
207
207
207
207
207
207
207
207
207
207
207
206.9
206.9
206.9
206.9
206.9
206.9
206.9
206.9
206.9
206.9
206.9
206.9
206.9
206.9
207
207
206.9
207
207
207
207
206.9
206.9
207
207
207
207
207
207
207
207
207
207
207
207
207
207
207
207
207
207
207
207
207
207
207
207
207
207
207
207
207
208
208
207.9
207.9
206.9
206.9
206.9
207.9
207.9
207.9
207.9
207.9
207.9
207.9
208
208
208
208
207.9
208
208
208
208
208
208
208
208
208
208
208
208
208
208
208
208
208
208
208
208
208
208
208
208
208
208
208
208
208
208
208
208
208
208
208
208
208
208
207.9
207.9
207.9
207.9
207.9
207.9
207.9
207.9
207.9
207.9
207.9
207.9
207.9
207.9
208
208
208
208
208
208
208
208
208
208
208
208
208
208
208
208
208
208
208
208
208
208
208
208
208
208
208
208
208
208
208
208
208
208
208
209
209
209
209
209
207.9
207.9
207.9
207.9
208.9
208.9
209
209
209
209
209
209
209
209
209
209
209
209
209
209
209
209
209
209
209
209
209
209
209
209
209
209
209
209
209
209
209
209
209
209
209
209
209
209
209
209
209
209
209
209
209
209
209
209
208.9
208.9
208.9
208.9
208.9
208.9
208.9
208.9
208.9
208.9
208.9
208.9
208.9
208.9
208.9
208.9
208.9
208.9
208.9
208.9
208.9
208.9
208.9
208.9
208.9
208.9
208.9
208.9
208.9
208.9
208.9
209
209
209
209
209
209
209
209
209
209
209
209
209
209
209
209
209
209
209
209
209
209
209
208.9
208.9
208.9
208.9
208.9
208.9
208.9
208.9
209.9
208.9
208.9
208.9
208.9
208.9
208.9
208.9
208.9
209.9
209.9
209.9
209.9
209.9
208.9
208.9
208.9
208.9
208.9
208.9
209.9
209.9
209.9
210
210
210
210
210
210
210
210
210
210
210
210
210
210
210
210
210
210
210
210
210
210
210
209.9
209.9
209.9
209.9
209.9
209.9
209.9
209.9
209.9
209.9
209.9
209.9
209.9
209.9
209.9
209.9
209.9
209.9
209.9
209.9
209.9
209.9
209.9
209.9
209.9
209.9
209.9
209.9
209.9
209.9
209.9
209.9
209.9
210
210
209.9
210
210
210
210
210
210
210
209.9
209.9
210
210
210
210
210
210
210
210
210
210
209.9
209.9
209.9
209.9
209.9
209.9
209.9
209.9
209.9
209.9
209.9
209.9
209.9
209.9
209.9
209.9
209.9
209.9
209.9
209.9
209.9
209.9
209.9
209.9
209.9
209.9
209.9
209.9
209.9
209.9
209.9
209.9
209.9
209.9
209.9
209.9
209.9
209.9
209.9
209.9
210.9
210.9
210.9
210.9
209.9
209.9
209.9
209.9
209.9
210.9
210.9
210.9
210.9
210.9
210.9
210.9
209.9
209.9
209.9
209.9
209.9
210.9
210.9
210.9
210.9
210.9
210.9
210.9
210.9
210.9
210.9
210.9
210.9
210.9
210.9
210.9
210.9
0
