fieldlength: 4072
recordcount: 6553600
oks: 100000
oks: 100000
oks: 100000
oks: 100000
oks: 200000
oks: 200000
oks: 200000
oks: 200000
oks: 300000
oks: 300000
oks: 300000
oks: 300000
oks: 400000
oks: 400000
oks: 400000
oks: 400000
oks: 500000
oks: 500000
oks: 500000
oks: 500000
oks: 600000
oks: 600000
oks: 600000
oks: 600000
oks: 700000
oks: 700000
oks: 700000
oks: 700000
oks: 800000
oks: 800000
oks: 800000
oks: 800000
oks: 900000
oks: 900000
oks: 900000
oks: 900000
oks: 1000000
oks: 1000000
oks: 1000000
oks: 1000000
oks: 1100000
oks: 1100000
oks: 1100000
oks: 1100000
oks: 1200000
oks: 1200000
oks: 1200000
oks: 1200000
oks: 1300000
oks: 1300000
oks: 1300000
oks: 1300000
oks: 1400000
oks: 1400000
oks: 1400000
oks: 1400000
oks: 1500000
oks: 1500000
oks: 1500000
oks: 1500000
oks: 1600000
oks: 1600000
oks: 1600000
oks: 1600000

rocksdb	workloads/motivation.spec	4
# Load duration (sec): 3499.49
# Loading records:	6553600
# Load throughput (KOPS): 1.87273
Count: 6553600  Average: 2132.3398  StdDev: 346.70
Percentiles(us): P50: 2124.41 P90: 2679.87 P99: 3191.28 P99.9: 3488.17 P99.99: 3950.11
------------------------------------------------------
[     900,    1000 )       1   0.000%   0.000% 
[    1000,    1200 )     438   0.007%   0.007% 
[    1200,    1400 )   17162   0.262%   0.269% 
[    1400,    1600 )  243099   3.709%   3.978% #
[    1600,    1800 )  775795  11.838%  15.816% ##
[    1800,    2000 ) 1474705  22.502%  38.318% #####
[    2000,    2500 ) 3076984  46.951%  85.269% #########
[    2500,    3000 )  861879  13.151%  98.420% ###
[    3000,    3500 )   99333   1.516%  99.936% 
[    3500,    4000 )    3942   0.060%  99.996% 
[    4000,    4500 )     181   0.003%  99.999% 
[    4500,    5000 )      55   0.001% 100.000% 
[    5000,    6000 )      19   0.000% 100.000% 
[    6000,    7000 )       7   0.000% 100.000% 

Waiting 15s before performing transactions......

Avg CPU utilization (percent): 216.32

Starting performing transactions......

# Run duration (ms): 0.527436
# Run operations:	1000
# Run throughput (KOPS): 1.89597
Count: 1000  Average: 2092.2651  StdDev: 352.46
Percentiles(us): P50: 2084.82 P90: 2620.69 P99: 3100.00 P99.9: 3628.94 P99.99: 3628.94
------------------------------------------------------
[    1200,    1400 )       7   0.700%   0.700% 
[    1400,    1600 )      58   5.800%   6.500% #
[    1600,    1800 )     126  12.600%  19.100% ###
[    1800,    2000 )     233  23.300%  42.400% #####
[    2000,    2500 )     448  44.800%  87.200% #########
[    2500,    3000 )     116  11.600%  98.800% ##
[    3000,    3500 )      10   1.000%  99.800% 
[    3500,    4000 )       2   0.200% 100.000% 


Avg CPU utilization (percent): 214.44

