fieldlength: 4072
recordcount: 128000

rocksdb	workloads/motivation.spec	16
# Load duration (sec): 41.9137
# Loading records:	128000
# Load throughput (KOPS): 3.05389
Count: 128000  Average: 5232.5688  StdDev: 703.23
Percentiles(us): P50: 5262.54 P90: 6124.32 P99: 6955.55 P99.9: 7872.96 P99.99: 16200.00
------------------------------------------------------
[    1000,    1200 )       3   0.002%   0.002% 
[    1200,    1400 )       1   0.001%   0.003% 
[    1400,    1600 )       7   0.005%   0.009% 
[    1600,    1800 )       4   0.003%   0.012% 
[    1800,    2000 )       8   0.006%   0.018% 
[    2000,    2500 )      31   0.024%   0.042% 
[    2500,    3000 )      79   0.062%   0.104% 
[    3000,    3500 )     905   0.707%   0.811% 
[    3500,    4000 )    4152   3.244%   4.055% #
[    4000,    4500 )   12956  10.122%  14.177% ##
[    4500,    5000 )   28240  22.062%  36.239% ####
[    5000,    6000 )   67091  52.415%  88.654% ##########
[    6000,    7000 )   13859  10.827%  99.481% ##
[    7000,    8000 )     614   0.480%  99.961% 
[    8000,    9000 )      12   0.009%  99.970% 
[    9000,   10000 )       1   0.001%  99.971% 
[   10000,   12000 )      10   0.008%  99.979% 
[   12000,   14000 )      10   0.008%  99.987% 
[   14000,   16000 )       4   0.003%  99.990% 
[   16000,   18000 )       2   0.002%  99.991% 
[   18000,   20000 )      11   0.009% 100.000% 

Waiting 15s before performing transactions......

Avg CPU utilization (percent): 303.11

Starting performing transactions......

# Run duration (ms): 0.309011
# Run operations:	992
# Run throughput (KOPS): 3.23613
Count: 992  Average: 4928.6616  StdDev: 820.81
Percentiles(us): P50: 5004.80 P90: 5956.35 P99: 6960.54 P99.9: 7392.78 P99.99: 7392.78
------------------------------------------------------
[    2000,    2500 )       2   0.202%   0.202% 
[    2500,    3000 )      14   1.411%   1.613% 
[    3000,    3500 )      56   5.645%   7.258% #
[    3500,    4000 )      63   6.351%  13.609% #
[    4000,    4500 )     111  11.190%  24.798% ##
[    4500,    5000 )     248  25.000%  49.798% #####
[    5000,    6000 )     417  42.036%  91.835% ########
[    6000,    7000 )      74   7.460%  99.294% #
[    7000,    8000 )       7   0.706% 100.000% 


Avg CPU utilization (percent): 270.00

