fieldlength: 2024
recordcount: 13107200
oks: 100000
oks: 200000
oks: 300000
oks: 400000
oks: 500000
oks: 600000
oks: 700000
oks: 800000
oks: 900000
oks: 1000000
oks: 1100000
oks: 1200000
oks: 1300000
oks: 1400000
oks: 1500000
oks: 1600000
oks: 1700000
oks: 1800000
oks: 1900000
oks: 2000000
oks: 2100000
oks: 2200000
oks: 2300000
oks: 2400000
oks: 2500000
oks: 2600000
oks: 2700000
oks: 2800000
oks: 2900000
oks: 3000000
oks: 3100000
oks: 3200000
oks: 3300000
oks: 3400000
oks: 3500000
oks: 3600000
oks: 3700000
oks: 3800000
oks: 3900000
oks: 4000000
oks: 4100000
oks: 4200000
oks: 4300000
oks: 4400000
oks: 4500000
oks: 4600000
oks: 4700000
oks: 4800000
oks: 4900000
oks: 5000000
oks: 5100000
oks: 5200000
oks: 5300000
oks: 5400000
oks: 5500000
oks: 5600000
oks: 5700000
oks: 5800000
oks: 5900000
oks: 6000000
oks: 6100000
oks: 6200000
oks: 6300000
oks: 6400000
oks: 6500000
oks: 6600000
oks: 6700000
oks: 6800000
oks: 6900000
oks: 7000000
oks: 7100000
oks: 7200000
oks: 7300000
oks: 7400000
oks: 7500000
oks: 7600000
oks: 7700000
oks: 7800000
oks: 7900000
oks: 8000000
oks: 8100000
oks: 8200000
oks: 8300000
oks: 8400000
oks: 8500000
oks: 8600000
oks: 8700000
oks: 8800000
oks: 8900000
oks: 9000000
oks: 9100000
oks: 9200000
oks: 9300000
oks: 9400000
oks: 9500000
oks: 9600000
oks: 9700000
oks: 9800000
oks: 9900000
oks: 10000000
oks: 10100000
oks: 10200000
oks: 10300000
oks: 10400000
oks: 10500000
oks: 10600000
oks: 10700000
oks: 10800000
oks: 10900000
oks: 11000000
oks: 11100000
oks: 11200000
oks: 11300000
oks: 11400000
oks: 11500000
oks: 11600000
oks: 11700000
oks: 11800000
oks: 11900000
oks: 12000000
oks: 12100000
oks: 12200000
oks: 12300000
oks: 12400000
oks: 12500000
oks: 12600000
oks: 12700000
oks: 12800000
oks: 12900000
oks: 13000000
oks: 13100000

rocksdb	workloads/motivation.spec	1
# Load duration (sec): 21947.5
# Loading records:	13107200
# Load throughput (KOPS): 0.597207
Count: 13107200  Average: 1672.4282  StdDev: 155.83
Percentiles(us): P50: 1678.28 P90: 1911.22 P99: 1991.40 P99.9: 1999.42 P99.99: 2373.41
------------------------------------------------------
[     500,     600 )      21   0.000%   0.000% 
[     600,     700 )      23   0.000%   0.000% 
[     700,     800 )      58   0.000%   0.001% 
[     800,     900 )      54   0.000%   0.001% 
[     900,    1000 )      97   0.001%   0.002% 
[    1000,    1200 )   26775   0.204%   0.206% 
[    1200,    1400 )  623051   4.754%   4.960% #
[    1400,    1600 ) 3583921  27.343%  32.303% #####
[    1600,    1800 ) 5926175  45.213%  77.516% #########
[    1800,    2000 ) 2942494  22.449%  99.965% ####
[    2000,    2500 )    4312   0.033%  99.998% 
[    2500,    3000 )     191   0.001% 100.000% 
[    3000,    3500 )      11   0.000% 100.000% 
[    4000,    4500 )       4   0.000% 100.000% 
[    4500,    5000 )       2   0.000% 100.000% 
[    5000,    6000 )       2   0.000% 100.000% 
[    6000,    7000 )       5   0.000% 100.000% 
[    7000,    8000 )       1   0.000% 100.000% 
[    8000,    9000 )       1   0.000% 100.000% 
[   40000,   45000 )       1   0.000% 100.000% 
[   70000,   80000 )       1   0.000% 100.000% 

Waiting 15s before performing transactions......

Avg CPU utilization (percent): 59.17

Starting performing transactions......

# Run duration (ms): 1.67996
# Run operations:	1000
# Run throughput (KOPS): 0.595253
Count: 1000  Average: 1676.1939  StdDev: 173.92
Percentiles(us): P50: 1689.06 P90: 1930.77 P99: 1993.71 P99.9: 2000.00 P99.99: 2240.44
------------------------------------------------------
[    1000,    1200 )      12   1.200%   1.200% 
[    1200,    1400 )      50   5.000%   6.200% #
[    1400,    1600 )     267  26.700%  32.900% #####
[    1600,    1800 )     384  38.400%  71.300% ########
[    1800,    2000 )     286  28.600%  99.900% ######
[    2000,    2500 )       1   0.100% 100.000% 


Avg CPU utilization (percent): 58.33

