fieldlength: 8168
recordcount: 3276800
oks: 100000
oks: 200000
oks: 300000
oks: 400000
oks: 500000
oks: 600000
oks: 700000
oks: 800000
oks: 900000
oks: 1000000
oks: 1100000
oks: 1200000
oks: 1300000
oks: 1400000
oks: 1500000
oks: 1600000
oks: 1700000
oks: 1800000
oks: 1900000
oks: 2000000
oks: 2100000
oks: 2200000
oks: 2300000
oks: 2400000
oks: 2500000
oks: 2600000
oks: 2700000
oks: 2800000
oks: 2900000
oks: 3000000
oks: 3100000
oks: 3200000

rocksdb	workloads/motivation.spec	1
# Load duration (sec): 5728.06
# Loading records:	3276800
# Load throughput (KOPS): 0.572061
Count: 3276800  Average: 1745.9599  StdDev: 159.45
Percentiles(us): P50: 1799.32 P90: 1960.67 P99: 1996.92 P99.9: 2298.69 P99.99: 2499.21
------------------------------------------------------
[     600,     700 )       3   0.000%   0.000% 
[     700,     800 )      16   0.000%   0.001% 
[     800,     900 )      13   0.000%   0.001% 
[     900,    1000 )      32   0.001%   0.002% 
[    1000,    1200 )    8465   0.258%   0.260% 
[    1200,    1400 )   92732   2.830%   3.090% #
[    1400,    1600 )  560598  17.108%  20.198% ###
[    1600,    1800 )  979851  29.903%  50.101% ######
[    1800,    2000 ) 1627420  49.665%  99.766% ##########
[    2000,    2500 )    7354   0.224%  99.990% 
[    2500,    3000 )     235   0.007%  99.998% 
[    3000,    3500 )      76   0.002% 100.000% 
[    3500,    4000 )       3   0.000% 100.000% 
[    4000,    4500 )       1   0.000% 100.000% 
[    5000,    6000 )       1   0.000% 100.000% 

Waiting 15s before performing transactions......

Avg CPU utilization (percent): 59.05

Starting performing transactions......

# Run duration (ms): 1.77991
# Run operations:	1000
# Run throughput (KOPS): 0.561827
Count: 1000  Average: 1776.0898  StdDev: 230.79
Percentiles(us): P50: 1842.63 P90: 1981.28 P99: 2418.60 P99.9: 3000.00 P99.99: 3224.37
------------------------------------------------------
[     700,     800 )       7   0.700%   0.700% 
[     800,     900 )       1   0.100%   0.800% 
[     900,    1000 )       7   0.700%   1.500% 
[    1000,    1200 )      17   1.700%   3.200% 
[    1200,    1400 )      26   2.600%   5.800% #
[    1400,    1600 )     105  10.500%  16.300% ##
[    1600,    1800 )     214  21.400%  37.700% ####
[    1800,    2000 )     577  57.700%  95.400% ############
[    2000,    2500 )      43   4.300%  99.700% #
[    2500,    3000 )       2   0.200%  99.900% 
[    3000,    3500 )       1   0.100% 100.000% 


Avg CPU utilization (percent): 57.50

