18.1
17.7
17.4
17.1
19.3
23.1
27.3
31.4
32.5
33.9
35.1
36.3
37.3
38.4
39.4
40.4
41.2
42.1
42.9
43.8
44.6
45.7
46.7
49.1
49.7
50.4
51.0
51.7
52.3
53.0
53.7
54.2
54.9
55.5
56.1
56.7
57.3
57.9
58.5
59.1
59.6
60.1
62.1
62.6
63.1
63.5
64.0
64.5
64.9
65.3
65.8
66.2
66.6
67.0
67.3
67.7
68.0
68.4
68.8
69.1
69.5
69.8
71.3
71.7
72.0
72.3
72.6
72.9
73.2
73.5
73.8
74.0
74.3
74.5
74.8
75.0
75.9
76.8
77.0
77.3
77.5
77.8
78.0
78.2
78.4
78.6
78.8
79.0
79.1
79.4
79.6
79.8
80.0
80.1
80.3
80.5
81.6
81.8
82.0
82.1
82.2
82.3
82.5
82.6
82.8
82.9
83.0
83.2
83.3
83.4
83.6
83.7
83.8
84.0
84.1
84.2
85.2
85.4
85.5
85.6
85.7
85.8
86.1
86.1
86.2
86.3
86.4
86.5
86.6
86.7
86.8
86.9
87.0
87.7
87.8
87.8
87.9
88.0
88.1
88.1
88.2
88.3
88.4
88.5
88.5
88.6
88.6
88.6
88.7
88.8
88.9
88.9
89.5
89.6
89.7
89.8
89.9
89.9
90.0
90.1
90.1
90.4
90.4
90.5
90.5
90.6
90.6
90.7
91.1
91.1
91.2
91.2
91.3
91.3
91.4
91.5
91.5
91.6
91.7
91.7
91.8
91.8
91.9
91.9
92.0
92.0
92.0
92.1
92.7
92.7
92.8
92.8
92.8
92.8
92.9
92.9
92.9
93.0
93.0
93.1
93.2
93.2
93.3
93.3
93.3
93.4
93.4
93.5
94.0
94.0
94.0
94.1
94.1
94.1
94.2
94.2
94.2
94.3
94.4
94.4
94.4
94.5
94.5
94.6
94.6
94.9
95.0
95.0
95.0
95.1
95.1
95.1
95.2
95.2
95.3
95.3
95.3
95.4
95.3
95.4
95.4
95.4
95.5
95.5
95.5
96.0
96.5
96.6
96.6
96.6
96.6
96.6
96.7
96.7
96.7
97.5
97.8
98.1
98.3
98.3
98.3
98.3
98.3
98.3
98.3
98.4
98.4
98.4
98.5
98.5
98.5
98.5
98.6
98.6
98.6
98.6
98.6
98.6
99.0
99.0
99.1
99.1
99.1
99.1
99.1
99.1
99.1
99.2
99.2
99.2
99.2
99.2
99.3
99.3
99.3
99.3
99.3
99.4
99.7
99.8
99.9
99.9
99.9
99.9
99.9
99.9
 100
99.9
99.9
99.9
99.9
 100
 100
 100
 100
 100
 100
 100
 100
 100
 100
 100
 100
 100
 100
 100
 100
 100
 100
 100
 100
 100
 100
 100
 100
 100
 100
 100
 100
 100
 100
 100
 100
 100
 100
 100
 100
 100
 100
 100
 100
 100
 100
 100
 101
 101
 101
 101
 101
 101
 101
 101
 101
 101
 101
 101
 101
 101
 101
 101
 101
 101
 101
 101
 101
 101
 101
 101
 101
 101
 101
 101
 101
 101
 101
 101
 101
 101
 101
 101
 101
 102
 102
 102
 103
 103
 103
 102
 102
 103
 102
 102
 102
 102
 103
 103
 103
 103
 103
 103
 103
 103
 103
 103
 103
 103
 103
 103
 103
 103
 103
 103
 103
 103
 103
 103
 103
 103
 103
 103
 103
 103
 103
 103
 103
 103
