 167
 166
 166
 166
 166
 166
 166
 166
 166
 166
 166
 166
 166
 166
 166
 166
 166
 166
 166
 166
 166
 166
 166
 166
 166
 166
 166
 166
 166
 166
 166
 165
 165
 165
 166
 165
 165
 165
 165
 165
 165
 165
 165
 165
 165
 165
 165
 165
 165
 165
 165
 165
 165
 165
 165
 165
 165
 165
 165
 165
 165
 165
 165
 165
 165
 165
 165
 165
 165
 165
 165
 165
 165
 165
 165
 165
 165
 165
 165
 165
 165
 165
 165
 165
 165
 165
 165
 165
 165
 165
 165
 165
 165
 165
 165
 165
 165
 165
 165
 165
 165
 165
 165
 165
 165
 165
 165
 165
 165
 165
 165
 165
 165
 165
 165
 165
 165
 165
 165
 164
 165
 165
 165
 165
 164
 164
 164
 164
 164
 164
 164
 164
 164
 164
 164
 164
 164
 164
 164
 164
 164
 164
 164
 164
 164
 164
 164
 164
 164
 164
 164
 164
 164
 164
 164
 164
 164
 164
 164
 164
 164
 164
 164
 164
 164
 164
 164
 164
 164
 164
 164
 164
 164
 164
 164
 164
 164
 164
 164
 164
 164
 164
 164
 164
 164
 164
 164
 164
 164
 164
 164
 164
 164
 164
 164
 164
 164
 164
 164
 164
 164
 164
 164
 164
 164
 164
 164
 164
 164
 164
 164
 164
 164
 164
 164
 164
 164
 164
 164
 164
 164
 164
 164
 164
 164
 164
 164
 164
 164
 164
 164
 164
 164
 164
 164
 163
 163
 163
 163
 163
 163
 163
 163
 163
 163
 163
 163
 163
 163
 163
 163
 163
 163
 163
 163
 163
 163
 163
 163
 163
 163
 163
 163
 163
 163
 163
 163
 163
 163
 163
 163
 163
 163
 163
 163
 163
 163
 163
 163
 163
 163
 163
 163
 163
 163
 163
 163
 163
 163
 163
 163
 163
 163
 163
 163
 163
 163
 163
 163
 163
 163
 163
 163
 163
 163
 163
 163
 163
 163
 163
 163
 163
 163
 163
 163
 163
 163
 163
 163
 163
 163
 163
 163
 163
 163
 163
 163
 163
 163
 163
 163
 163
 163
 163
 163
 163
 162
