1063
1062
1061
1060
1061
1064
1066
1069
1071
1074
1076
1079
1082
1084
1087
1089
1092
1095
1097
1100
1102
1105
1107
1109
1112
1114
1116
1118
1120
1123
1124
1126
1128
1130
1132
1134
1136
1138
1140
1142
1144
1146
1148
1150
1152
1154
1156
1158
1160
1162
1165
1167
1169
1171
1173
1175
1177
1179
1181
1183
1185
1186
1189
1191
1193
1195
1196
1198
1200
1202
1204
1206
1207
1209
1211
1213
1215
1217
1219
1220
1222
1224
1226
1228
1230
1232
1234
1235
1237
1239
1241
1243
1245
1247
1248
1250
1252
1254
1256
1258
1259
1261
1263
1265
1267
1268
1270
1272
1274
1276
1278
1280
1282
1283
1284
1286
1288
1290
1291
1293
1295
1297
1298
1300
1302
1303
1305
1307
1308
1310
1312
1313
1315
1316
1318
1320
1322
1323
1325
1327
1328
1330
1331
1333
1335
1337
1338
1340
1342
1343
1345
1346
1348
1349
1351
1352
1354
1355
1357
1358
1360
1361
1363
1364
1366
1367
1368
1370
1371
1372
1374
1375
1376
1378
1379
1381
1383
1384
1386
1387
1389
1390
1391
1393
1394
1396
1397
1399
1400
1401
1401
1402
1403
1405
1405
1407
1408
1410
1411
1412
1414
1415
1417
1418
1420
1421
1423
1424
1425
1427
1428
1430
1431
1433
1434
1435
1436
1437
1439
1440
1442
1443
1445
1446
1447
1449
1450
1451
1452
1454
1455
1456
1458
1459
1460
1462
1463
1464
1466
1467
1468
1469
1470
1471
1472
1474
1475
1477
1478
1479
1480
1481
1483
1484
1485
1486
1488
1489
1490
1492
1493
1494
1495
1496
1498
1499
1500
1501
1502
1503
1504
1505
1507
1508
1509
1510
1512
1513
1514
1515
1516
1517
1518
1519
1520
1521
1522
1524
1525
1526
1527
1529
1530
1531
1532
1533
1535
1536
1537
1538
1539
1540
1542
1543
1544
1545
1546
1547
1548
1549
1551
1552
1553
1554
1555
1556
1557
1559
1560
1561
1562
1563
1564
1565
1566
1567
1568
1569
1570
1571
1572
1573
1574
1575
1576
1577
1578
1579
1580
1581
1582
1583
1584
1585
1586
1587
1588
1590
1590
1591
1592
1593
1594
1595
1596
1597
1598
1599
1600
1601
1602
1603
1604
1605
1606
1607
1608
1609
1610
1611
1611
1612
1613
1614
1615
1616
1617
1618
1619
1620
1621
1622
1623
1624
1625
1626
1627
1628
1629
1629
1630
1631
1632
1633
1634
1635
1636
1637
1637
1638
1639
1640
1641
1642
1643
1644
1644
1645
1646
1647
1648
1649
1650
1650
1651
1653
1653
1654
1655
1656
1657
1658
1659
1660
1661
1662
1662
1663
1664
1665
1665
1666
1667
1668
1669
1670
1670
1671
1672
1671
1670
1668
1667
1666
1664
1663
1662
1661
1659
1658
1657
1656
1654
1653
1652
1651
1650
1648
1647
1646
1645
1643
1642
1641
1640
1639
1637
1636
1635
1635
1636
1637
1637
1638
1639
1640
1640
1641
1642
1643
1643
1644
1645
1645
1646
1645
