fieldlength: 16360
recordcount: 1638400
oks: 100000
oks: 200000
oks: 300000
oks: 400000
oks: 500000
oks: 600000
oks: 700000
oks: 800000
oks: 900000
oks: 1000000
oks: 1100000
oks: 1200000
oks: 1300000
oks: 1400000
oks: 1500000
oks: 1600000
Special Command: PAUSE, Send SUCCESS

rocksdb	workloads/motivation.spec	1
# Load duration (sec): 139.022
# Loading records:	1638400
# Load throughput (KOPS): 11.7852
Count: 1638400  Average: 84.6974  StdDev: 18.33
Percentiles(us): P50: 84.34 P90: 94.30 P99: 105.13 P99.9: 139.73 P99.99: 774.93
------------------------------------------------------
[      70,      80 )  399854  24.405%  24.405% #####
[      80,      90 )  966919  59.016%  83.421% ############
[      90,     100 )  250931  15.316%  98.737% ###
[     100,     120 )   16810   1.026%  99.763% 
[     120,     140 )    2278   0.139%  99.902% 
[     140,     160 )     332   0.020%  99.922% 
[     160,     180 )     123   0.008%  99.930% 
[     180,     200 )      58   0.004%  99.933% 
[     200,     250 )     207   0.013%  99.946% 
[     250,     300 )     170   0.010%  99.956% 
[     300,     350 )      72   0.004%  99.961% 
[     350,     400 )      53   0.003%  99.964% 
[     400,     450 )      54   0.003%  99.967% 
[     450,     500 )      78   0.005%  99.972% 
[     500,     600 )     103   0.006%  99.978% 
[     600,     700 )      99   0.006%  99.984% 
[     700,     800 )     127   0.008%  99.992% 
[     800,     900 )      45   0.003%  99.995% 
[     900,    1000 )      29   0.002%  99.996% 
[    1000,    1200 )      29   0.002%  99.998% 
[    1200,    1400 )      14   0.001%  99.999% 
[    1400,    1600 )       7   0.000% 100.000% 
[    1600,    1800 )       1   0.000% 100.000% 
[    1800,    2000 )       2   0.000% 100.000% 
[    2000,    2500 )       1   0.000% 100.000% 
[    2500,    3000 )       1   0.000% 100.000% 
[    3500,    4000 )       2   0.000% 100.000% 
[   12000,   14000 )       1   0.000% 100.000% 

Waiting 10s before performing transactions......

Avg CPU utilization (percent): 31.24

Starting performing transactions......

Special Command: STOP, Send SUCCESS
# Run duration (ms): 4.18637
# Run operations:	50000
# Run throughput (KOPS): 11.9435
Count: 50000  Average: 83.5684  StdDev: 5.50
Percentiles(us): P50: 84.12 P90: 89.90 P99: 99.29 P99.9: 123.91 P99.99: 228.57
------------------------------------------------------
[      70,      80 )   10724  21.448%  21.448% ####
[      80,      90 )   34612  69.224%  90.672% ##############
[      90,     100 )    4481   8.962%  99.634% ##
[     100,     120 )     124   0.248%  99.882% 
[     120,     140 )      46   0.092%  99.974% 
[     140,     160 )       3   0.006%  99.980% 
[     160,     180 )       1   0.002%  99.982% 
[     200,     250 )       7   0.014%  99.996% 
[     250,     300 )       2   0.004% 100.000% 


Avg CPU utilization (percent): 31.88

