36.2
36.2
36.2
36.2
36.2
36.2
36.1
36.1
36.1
36.1
36.1
36.1
36.1
36.1
36.1
36.1
36
36
36
36.1
36
36
36
36
36
36.1
35.9
35.9
35.9
35.9
35.9
36
35.9
35.9
35.9
35.9
35.9
35.9
35.9
35.8
35.8
35.8
35.9
35.9
35.9
35.8
35.7
35.7
35.8
35.8
35.8
35.8
35.7
35.7
35.8
35.8
35.8
35.7
35.7
35.7
35.7
35.7
35.7
35.7
35.7
35.7
35.7
35.7
35.6
35.6
35.6
35.7
35.6
35.6
35.6
35.6
35.6
35.7
35.7
35.5
35.5
35.5
35.5
35.6
35.6
35.6
35.5
35.5
35.5
35.6
35.5
35.5
35.5
35.4
35.4
35.5
35.5
35.5
35.5
35.5
35.4
35.5
35.4
35.4
35.4
35.4
35.4
35.4
35.4
35.4
35.4
35.4
35.4
35.4
35.4
35.3
35.3
35.3
35.3
35.3
35.3
35.4
35.4
35.3
35.3
35.3
35.2
35.2
35.3
35.3
35.2
35.2
35.2
35.2
35.3
35.3
35.3
35.3
35.1
35.1
35.1
35.1
35.2
35.2
35.2
35.2
35.1
35.1
35.1
35.2
35.1
35.1
35.1
35
35
35
35.1
35.1
35.1
35.1
35.1
35.1
35
35.1
35
35
35
35
35
35
35
35
35
35
35
35
35
35
34.9
34.9
34.9
34.9
34.9
34.9
34.9
35
35
34.9
34.9
34.9
34.8
34.8
34.9
34.9
34.9
34.8
34.8
34.8
34.8
34.8
34.9
34.9
34.9
34.9
34.7
34.7
34.7
34.7
34.8
34.8
34.8
34.8
34.8
34.7
34.7
34.7
34.8
34.8
34.7
34.7
34.7
34.7
34.6
34.6
34.7
34.7
34.7
34.7
34.7
34.7
34.7
34.6
34.7
34.6
34.6
34.6
34.6
34.6
34.6
34.6
34.6
34.6
34.6
34.6
34.6
34.6
34.6
34.6
34.6
34.5
34.5
34.5
34.5
34.5
34.5
34.5
34.5
34.6
34.6
34.5
34.5
34.5
34.5
34.4
34.4
34.5
34.5
34.5
34.4
34.4
34.4
34.4
34.4
34.4
34.5
34.5
34.5
34.5
34.4
34.3
34.3
34.3
34.4
34.4
34.4
34.4
34.4
34.4
34.3
34.3
34.3
34.4
34.4
34.4
34.4
34.3
34.3
34.3
34.2
34.2
34.3
34.3
34.3
34.3
34.3
34.3
34.3
34.3
34.3
34.3
34.3
34.2
34.2
34.2
34.2
34.2
34.2
34.2
34.3
34.2
34.2
34.2
34.2
34.2
34.2
34.2
34.2
34.3
34.2
34.2
34.1
34.1
34.1
34.1
34.1
34.1
34.2
34.2
34.2
34.2
34.2
34.1
34.1
34.1
34.1
34.1
34.1
34.1
34.1
34.1
34.1
34.1
34
34
34
34.1
34.1
34.1
34.1
34.1
34.1
34.1
34.1
34
33.9
34
34
34
34
34
34
34
34
34
33.9
34
34
34
34
34
34
34
33.9
33.9
33.9
34
33.9
33.9
33.9
33.9
33.9
33.9
33.9
33.9
33.9
34
34
34
33.9
33.9
33.9
33.8
33.8
33.8
33.8
33.8
33.9
33.9
33.9
33.9
33.8
33.8
33.8
33.8
33.8
33.8
33.9
33.9
33.9
33.9
33.9
33.8
33.7
33.7
33.7
33.7
33.7
33.7
33.8
33.8
33.8
33.8
33.8
33.8
33.7
33.7
33.7
33.7
33.7
33.8
33.8
33.7
33.7
33.7
33.7
33.7
33.7
33.6
33.6
33.6
33.7
33.7
33.7
33.7
33.7
33.7
33.7
33.7
33.7
33.7
33.6
33.6
33.6
33.6
33.6
33.6
33.6
