16.6
16.3
16.0
15.7
29.8
42.2
53.0
61.1
70.5
78.6
85.5
92.3
99.6
 106
 114
 121
 127
 134
 140
 147
 154
 160
 165
 171
 176
 181
 186
 191
 195
 200
 204
 209
 213
 217
 221
 225
 228
 232
 236
 239
 243
 246
 249
 252
 255
 258
 261
 264
 267
 269
 272
 275
 277
 280
 283
 285
 287
 290
 292
 294
 296
 299
 301
 303
 306
 308
 310
 312
 315
 317
 319
 321
 323
 324
 326
 328
 330
 332
 334
 335
 337
 339
 341
 343
 344
 346
 348
 349
 351
 352
 353
 355
 356
 357
 358
 360
 361
 362
 364
 365
 367
 368
 369
 370
 372
 373
 374
 376
 377
 378
 380
 381
 382
 383
 384
 385
 386
 388
 389
 390
 391
 392
 393
 394
 395
 396
 397
 398
 399
 400
 401
 403
 404
 405
 406
 406
 407
 408
 409
 410
 411
 411
 412
 413
 414
 415
 416
 416
 417
 418
 418
 419
 420
 420
 421
 421
 422
 423
 423
 424
 424
 425
 426
 426
 427
 428
 429
 429
 430
 431
 432
 433
 433
 434
 435
 436
 436
 437
 438
 439
 440
 440
 440
 441
 441
 442
 442
 443
 444
 444
 445
 445
 446
 446
 447
 447
 448
 448
 449
 450
 450
 451
 451
 452
 452
 452
 453
 453
 454
 454
 454
