16.4
16.1
15.8
15.5
18.7
23.9
26.2
32.5
34.2
35.9
37.5
39.7
41.9
43.1
44.3
45.5
46.6
50.5
51.5
52.5
53.5
54.5
55.8
56.9
57.7
58.5
59.3
60.1
63.1
63.7
64.4
65.0
65.7
66.3
66.9
67.4
68.0
68.8
69.4
69.9
70.9
72.5
73.1
73.6
74.1
74.5
75.0
75.9
76.3
76.7
77.2
78.6
79.0
79.4
79.8
80.1
80.5
80.8
81.1
81.4
81.5
82.0
83.3
83.8
84.1
84.3
84.7
84.9
85.1
85.3
86.1
86.4
86.6
86.8
87.0
88.6
89.4
89.6
89.8
90.0
90.2
90.5
91.1
91.1
91.3
91.8
92.7
93.2
93.3
93.5
93.6
93.8
94.2
94.4
94.5
94.8
95.7
96.3
96.6
96.7
96.8
97.2
97.3
97.5
97.6
97.7
97.7
98.0
98.8
99.8
 100
 100
 100
 100
 100
 100
 100
 101
 102
 102
 102
 102
 103
 103
 103
 103
 103
 103
 103
 104
 104
 105
 105
 105
 105
 105
 105
 105
 105
 106
 106
 106
 107
 107
 107
 107
 107
 107
 107
 107
 108
 108
 109
 109
 109
 109
 109
 109
 109
 109
 109
 110
 110
 111
 111
 111
 111
 111
 111
 111
 111
 111
 111
 111
 111
 112
 112
 113
 113
 113
 113
 113
 113
 113
 113
 113
 114
 114
 114
 114
 114
 114
 114
 114
 114
 114
 114
 114
 115
 115
 115
 115
 115
 115
 116
 116
 116
 116
 116
 116
 116
 116
 117
 117
 117
 117
 117
 117
 117
 117
 117
 118
 118
 118
 118
 118
 118
 118
 118
 118
 119
 119
 119
 119
 119
 119
 119
 119
 119
 119
 119
 120
 120
 120
 120
 120
 120
 120
 120
 120
 120
 120
 120
 121
 121
 121
 121
 121
 121
 121
 121
 121
 121
 121
 121
 121
 121
 121
 122
 122
 122
 122
 122
 122
 122
 122
 122
 122
 122
 122
 122
 122
 122
 122
 122
 122
 122
 122
 123
 123
 123
 123
 123
 123
 123
 123
 123
 123
 123
 124
 124
 124
 124
 124
 124
 124
 124
 124
 124
 124
 124
 124
 124
 124
 124
 124
 124
 124
 124
 124
 124
 124
 124
 124
 125
 125
 125
 125
 125
 125
 125
 125
 125
 125
 125
 125
 125
 125
 126
 126
 126
 126
 126
 126
 126
 126
 126
 126
 126
 126
 126
 126
 126
 126
 126
 126
 126
 126
 126
 126
 127
 127
 127
 127
 127
 127
 127
 127
 127
 127
 127
 127
 128
 128
 128
 127
 127
 127
 127
 127
 127
 128
 128
 128
 128
 128
 128
 128
 128
 128
 128
 128
 128
 128
 128
 129
 129
 129
 129
 128
 128
 128
 128
 128
 129
 129
 129
 129
 129
 129
 129
 129
 129
 129
 129
 129
 130
 130
 130
 130
 130
 129
 129
 129
 129
 130
 130
 130
 130
 130
 130
 130
 130
 130
 130
 130
 130
 130
 130
 130
 130
 130
 130
 130
 130
 130
 130
 131
 131
 131
 131
 131
 131
 131
 131
 131
 131
 131
 131
 131
 131
 131
 131
 131
 131
 131
 131
 131
 131
 132
 132
 132
 132
 131
 132
 131
 131
 131
 131
 131
 131
 131
 131
 131
 132
 132
 132
 132
 132
 132
 132
 132
 132
 132
 132
 132
 132
 132
 132
 132
 132
 132
 132
 132
 132
 132
 132
 132
 132
 132
 132
 132
 132
 132
 132
 132
 132
 132
 132
 132
 132
 132
 132
 132
 132
 132
 132
 132
 132
 132
 132
 132
 132
 132
 132
 133
 133
 133
 133
 133
 133
 133
 133
 133
 133
 133
 133
 133
 133
 133
 133
 133
 133
 133
 133
 133
 133
 133
 133
 133
 133
 133
 133
 133
 133
 133
 133
 133
 133
 133
 133
 134
 134
 134
 134
 134
 134
 134
 134
 133
 133
 134
 134
 134
 134
 134
 134
 134
 134
 134
 134
 134
 134
 134
 134
 134
 134
 134
 134
 134
 134
 134
 134
 134
 134
 134
 134
 134
 134
 134
 134
 134
 134
 134
 134
 134
 134
 134
 134
 135
 135
 135
 135
 134
 134
 134
 134
 134
 134
 134
 134
 135
 135
 135
 135
 135
 135
 135
 135
 135
 135
 135
 135
 135
 135
 135
 135
 135
 135
 135
 135
 135
 135
 135
 135
 135
 135
 135
 135
 135
 135
 135
 135
 135
 135
 135
 135
 135
 135
 136
 136
 136
 136
 136
 136
 136
 136
 136
 136
 136
 136
 136
 136
 136
 136
 136
 136
 136
 136
 136
 136
 136
 136
 136
 136
 136
 136
 136
 136
 136
 136
 136
 136
 136
 136
 136
 136
 136
 136
 136
 136
 136
 136
 136
 136
 136
 136
 136
 136
 136
 136
 137
 137
 137
 137
 137
 137
 137
 137
 137
 137
 137
 137
 137
 137
 137
 137
 137
 137
 137
 137
 137
 137
 137
 137
 137
 137
 137
 137
 137
 137
 137
 137
 137
 137
 137
 137
 138
 138
 138
 138
 138
 137
 137
 137
 137
 137
 137
 138
 138
 138
 138
 138
 138
 138
 138
 138
 138
 138
 138
 138
 138
 138
 138
 138
 138
 138
 138
 138
 138
 138
 138
 138
 138
 138
 138
 138
 138
 138
 138
 138
 138
 138
 138
 138
 138
 138
 138
 139
 139
 139
 139
 139
 139
 139
 139
 139
 139
 139
 139
 139
 139
 139
 139
 139
 139
 139
 139
 139
 139
 139
 139
 139
 139
 139
 139
 139
 140
 140
 140
 140
 140
 139
 140
 139
 139
 139
 139
 140
 140
 140
 140
 140
 140
 140
 140
 140
 140
 140
 140
 140
 140
 140
 140
 140
 140
 140
 140
 140
 140
 140
 140
 140
 140
 140
 140
 140
 140
 140
 140
 140
 140
 140
 141
 141
 141
 141
 141
 141
 141
 141
 141
 141
 141
 141
 141
 141
 141
 141
 141
 141
 141
 141
 141
 141
 141
 141
 141
 141
 141
 141
 141
 141
 141
 141
 141
 141
 141
 141
 141
 141
 141
 141
 141
 141
 141
 141
 141
 141
 141
 141
 141
 141
 141
 141
 141
 141
 141
 141
 141
 141
 141
 141
 141
 141
 141
 141
 141
 141
 141
 141
 141
 141
 141
 141
 141
 141
 141
 141
 141
 141
 141
 141
 141
 141
 141
 141
 141
 142
 142
 142
 142
 142
 142
 142
 142
 142
 142
 142
 142
 142
 142
 142
 142
 142
 142
 142
 142
 142
 142
 142
 142
 142
 142
 142
 142
 142
 142
 142
 142
 142
 142
 142
 142
 142
 142
 142
 143
 143
 143
 142
 142
 143
 143
 143
 143
 143
 143
 143
 143
 143
 143
 143
 143
 143
 143
 143
 143
 143
 143
 143
 143
 143
 143
 143
 143
 143
 143
 143
 143
 143
 143
 143
 143
 143
 143
 143
 143
 143
 143
 143
 144
 144
 144
 144
 144
 144
 144
 144
 144
 144
 144
 144
 144
 144
 144
 144
 144
 144
 144
 144
 144
 144
 144
 144
 144
 144
 144
 144
 144
 144
 144
 144
 144
 144
 144
 144
 144
 144
 144
 144
 144
 144
 144
 144
 144
 144
 144
 144
 144
 144
 144
 144
 144
 144
 144
 144
 144
 145
 145
 145
 145
 145
 145
 145
 145
 145
 145
 145
 145
 145
 145
 145
 145
 145
 145
 145
 145
 145
 145
 145
 145
 145
 145
 145
 145
 145
 145
 145
 145
 145
 145
 145
 145
 145
 145
 145
 145
 145
 145
 145
 145
 145
 145
 145
 145
 145
 145
 145
 146
 146
 146
 146
 146
 146
 145
 145
 146
 146
 146
 146
 146
 146
 146
 146
 146
 146
 146
 146
 146
 146
 146
 146
 146
 146
 146
 146
 146
 146
 146
 146
 146
 146
 146
 146
 146
 146
 146
 146
 146
 146
 146
 146
 146
 146
 146
 146
 146
 146
 146
 146
 146
 146
 146
 146
 146
 146
 146
 146
 146
 146
 146
 146
 146
 146
 146
 146
 146
 146
 146
 146
 146
 146
 146
 146
 146
 146
 146
 146
 146
 146
 146
 146
 146
 146
 146
 146
 146
 146
 146
 146
 146
 146
 146
 147
 147
 147
 147
 147
 147
 147
 146
 146
 146
 146
 147
 147
 147
 147
 147
 147
 147
 147
 147
 147
 147
 147
 147
 147
 147
 147
 147
 147
 147
 147
 147
 147
 147
 147
 147
 147
 147
 147
 147
 147
 147
 147
 147
 147
 147
 147
 147
 147
 147
 147
 147
 147
 147
 147
 147
 147
 147
 147
 147
 147
 147
 147
 147
 147
 147
 147
 147
 147
 147
 147
 147
 147
 147
 147
 147
 147
 147
 147
 147
 147
 147
 147
 147
 147
 148
 148
 148
 148
 148
 148
 148
 148
 148
 148
 148
 148
 148
 148
 148
 148
 148
 148
 148
 148
 148
 148
 148
 148
 148
 148
 148
 148
 148
 148
 148
 148
 148
 148
 148
 148
 148
 148
 148
 148
 148
 148
 148
 148
 148
 148
 148
 148
 148
 148
 148
 148
 148
 148
 148
 148
 148
 148
 148
 148
 148
 148
 148
 148
 148
 148
 148
 148
 148
 148
 148
 148
 148
 148
 148
 148
 148
 148
 148
 148
 148
 148
 148
 148
 148
 148
 148
 148
 148
 148
 148
 148
 148
 148
 148
 148
 148
 148
 148
 148
 148
 148
 148
 149
 149
 149
 149
 149
 149
 149
 149
 149
 149
 149
 149
 149
 149
 149
 149
 149
 149
 149
 149
 149
 149
 149
 149
 149
 149
 149
 149
 149
 149
 149
 149
 149
