16.4
16.1
15.8
15.5
24.4
33.4
40.3
45.4
53.3
57.8
62.7
69.1
73.2
76.8
82.6
86.1
90.2
95.1
97.9
 101
 105
 109
 112
 115
 119
 122
 125
 129
 133
 135
 139
 142
 144
 148
 151
 153
 156
 159
 162
 164
 166
 169
 172
 174
 177
 179
 181
 183
 185
 187
 189
 191
 193
 195
 196
 199
 201
 203
 204
 205
 207
 209
 211
 212
 214
 215
 217
 218
 220
 221
 222
 224
 225
 226
 227
 229
 230
 232
 233
 234
 235
 236
 237
 238
 239
 240
 241
 242
 243
 244
 245
 246
 247
 248
 249
 250
 251
 252
 253
 253
 254
 255
 256
 256
 256
 257
 258
 259
 259
 260
 261
 261
 262
 263
 264
 265
 265
 266
 267
 267
 268
 269
 269
 270
 271
 271
 272
 272
 273
 273
 274
 275
 276
 276
 277
 277
 278
 279
 279
 280
 280
 281
 281
 282
 282
 283
 283
 284
 284
 284
 284
 285
 285
 285
 286
 287
 287
 287
 288
 288
 289
 289
 289
 289
 290
 290
 291
 291
 291
 291
 292
 292
 292
 293
 293
 293
 294
 294
 294
 294
 295
 295
 295
 295
 296
 296
 297
 297
 298
 298
 298
 298
 299
 299
 300
 300
 300
 301
 301
 301
 302
 302
 302
 303
 303
 303
 304
 304
 304
 304
 305
 305
 305
 306
 306
 306
 306
 307
 307
 307
 307
 308
 308
 309
 309
 310
 310
 310
 310
 311
 311
 311
 312
 312
 313
 313
 314
 314
 314
 314
 315
 315
 315
 315
 315
 316
 316
 316
 317
 317
 318
 318
 318
 318
 319
 319
 319
 319
 320
 320
 320
 320
 320
 321
 321
 321
 321
 321
 321
 321
 321
 322
 322
 322
 322
 323
 323
 323
 323
 323
 323
 324
 324
 324
 324
 325
 325
 325
 325
 325
 325
 326
 326
 326
 326
 326
 327
 327
 327
 327
 327
 328
 328
 328
 328
 328
 328
 328
 329
 329
 329
 329
 330
 330
 330
 330
 331
 331
 331
 331
 331
 331
 332
 332
 332
 332
 333
 333
 333
 333
 334
 334
 334
 334
 334
 334
 334
 334
 334
 334
 334
 334
 334
 335
 335
 335
 335
 336
 336
 336
 336
 337
 337
 337
 337
 338
 338
 338
 338
 338
 338
 338
 338
 338
 338
 339
 339
 339
 339
 339
 340
 340
 340
 340
 340
 340
 340
 340
 340
 341
 341
 341
 341
 341
 341
 341
 341
 342
 342
 342
 342
 342
 342
 343
 343
 343
 343
 343
 343
 343
 344
 344
 344
 344
 344
 343
