 9.6
 9.3
 9.1
25.0
46.6
71.1
90.3
 108
 129
 145
 159
 174
 186
 198
 209
 222
 231
 240
 249
 258
 266
 274
 282
 290
 298
 306
 314
 320
 326
 333
 339
 345
 351
 357
 363
 368
 375
 380
 385
 390
 396
 400
 405
 411
 415
 420
 426
 431
 436
 439
 444
 447
 451
 456
 460
 464
 467
 472
 476
 480
 484
 487
 490
 494
 497
 500
 503
 506
 509
 511
 513
 517
 518
 520
 523
 525
 528
 531
 533
 536
 538
 540
 542
 544
 546
 548
 550
 553
 554
 556
 558
 560
 562
 563
 566
 568
 570
 571
 573
 575
 577
 579
 580
 583
 584
 585
 587
 589
 590
 591
 593
 595
 596
 598
 599
 600
 602
 603
 604
 605
 607
 608
 609
 610
 612
 613
 614
 616
 617
 619
 620
 621
 622
 623
 624
 626
 626
 628
 629
 630
 631
 632
 633
 634
 635
 636
 637
 638
 639
 640
 641
 642
 642
 644
 644
 645
 646
 647
 648
 649
 649
 650
 651
 651
 652
 652
 653
 654
 655
 655
 655
 656
 657
 658
 658
 659
 660
 660
 661
 661
 661
 662
 663
 663
 664
 664
 665
 665
 666
 667
 667
 668
 668
 669
 669
 670
 670
 671
 671
 672
 672
 673
 674
 674
 675
 675
 676
 676
 676
 676
 677
 677
 678
 678
 679
 679
 680
 680
 680
 681
 681
 681
 682
 682
 683
 683
 683
 684
 684
 685
 685
 685
 686
 686
 686
 687
 687
 688
 688
 688
 688
 689
 689
 689
 690
 690
 690
 691
 690
 689
 688
 686
 685
 683
 682
 681
 680
 679
 678
 677
 676
 674
 673
 672
 671
 670
 669
 668
 667
 666
 665
 664
 663
 662
 661
 660
 659
 658
 657
 656
 654
 653
 653
 652
 651
 650
 649
 648
 647
 646
 645
 644
 644
 643
 642
 641
 640
 639
 638
 637
 636
 636
 635
 634
 633
 632
 631
 631
 630
 629
 628
 627
 627
 626
 626
 625
 624
 624
 623
 623
 621
 620
