 614
 613
 612
 613
 613
 614
 614
 614
 614
 615
 615
 615
 616
 616
 616
 616
 617
 618
 619
 620
 621
 623
 624
 625
 626
 627
 629
 630
 631
 632
 632
 633
 635
 636
 637
 638
 639
 640
 641
 642
 643
 645
 646
 646
 647
 648
 650
 651
 652
 653
 654
 655
 656
 656
 656
 656
 656
 656
 656
 656
 657
 657
 657
 657
 658
 658
 658
 658
 658
 658
 658
 658
 659
 659
 659
 659
 659
 659
 660
 660
 661
 661
 661
 661
 662
 662
 662
 663
 663
 663
 664
 664
 664
 665
 665
 666
 666
 666
 667
 667
 668
 668
 668
 669
 669
 669
 670
 671
 671
 672
 672
 672
 673
 674
 674
 674
 675
 676
 676
 677
 677
 678
 678
 680
 681
 682
 684
 685
 686
 687
 689
 690
 691
 692
 693
 694
 696
 697
 698
 700
 701
 702
 703
 704
 706
 707
 708
 710
 711
 712
 714
 715
 716
 718
 719
 720
 721
 723
 724
 725
 727
 728
 729
 731
 732
 734
 735
 736
 737
 739
 740
 742
 743
 744
 745
 747
 748
 750
 751
 752
 754
 755
 756
 758
 759
 761
 762
 764
 765
 766
 767
 768
 769
 771
 772
 773
 774
 775
 777
 778
 779
 780
 781
 782
 783
 784
 786
 787
 788
 789
 791
 792
 793
 794
 795
 797
 798
 799
 800
 801
 803
 804
 805
 807
 808
 809
 810
 812
 813
 815
 816
 818
 819
 820
 821
 823
 824
 825
 826
 827
 828
 830
 831
 832
 833
 834
 835
 836
 837
 838
 840
 841
 842
 843
 844
 845
 846
 847
 848
 849
 850
 850
 851
 852
 853
 854
 855
 856
 857
 858
 858
 859
 860
 861
 861
 862
 863
 864
 865
 865
 866
 867
 868
 868
 869
 870
 871
 872
 872
 873
 874
 874
 875
 876
 876
 877
 877
 878
 879
 880
 880
 881
 881
 882
 883
 884
 884
 885
 885
 886
 886
 887
 887
 887
 885
