 569
 568
 567
 566
 565
 568
 573
 577
 582
 586
 591
 595
 598
 600
 602
 604
 606
 607
 609
 610
 612
 614
 615
 617
 619
 621
 622
 624
 626
 628
 630
 632
 634
 635
 637
 639
 641
 643
 644
 646
 647
 649
 652
 655
 657
 660
 663
 665
 668
 671
 674
 677
 680
 683
 685
 688
 690
 693
 696
 699
 702
 704
 707
 709
 712
 715
 717
 720
 722
 724
 727
 729
 732
 734
 736
 739
 741
 744
 746
 748
 750
 753
 755
 757
 759
 762
 764
 767
 769
 772
 774
 777
 779
 782
 784
 786
 789
 789
 790
 791
 792
 793
 794
 795
 796
 797
 797
 798
 799
 800
 800
 801
 802
 803
 804
 804
 805
 806
 806
 807
 808
 809
 809
 810
 811
 812
 812
 813
 814
 815
 816
 817
 818
 819
 819
 821
 822
 823
 824
 825
 826
 828
 829
 830
 831
 832
 833
 834
 835
 836
 837
 838
 839
 840
 841
 842
 843
 844
 845
 846
 847
 848
 848
 849
 849
 850
 850
 850
 851
 851
 852
 852
 853
 853
 853
 854
 854
 854
 855
 855
 855
 856
 856
 857
 857
 857
 858
 858
 859
 859
 860
 860
 860
 861
 861
 862
 862
 862
 862
 863
 863
 864
 864
 865
 865
 866
 866
 866
 867
 867
 868
 868
 868
 869
 869
 870
 870
 871
 871
 872
 872
 873
 873
 873
 874
 875
 875
 875
 875
 875
 875
 875
 875
 875
 875
 875
 875
 875
 875
 875
 875
 874
 874
 874
 874
 873
 873
 873
 873
 874
 874
 874
 874
 873
 872
