 567
 566
 565
 567
 569
 570
 571
 571
 572
 573
 574
 574
 575
 576
 576
 577
 578
 579
 580
 581
 582
 583
 584
 584
 585
 586
 587
 588
 589
 590
 591
 592
 593
 594
 594
 594
 594
 593
 594
 596
 599
 601
 603
 605
 607
 609
 611
 613
 615
 617
 619
 621
 623
 625
 628
 630
 631
 633
 635
 638
 640
 642
 644
 646
 649
 651
 653
 655
 657
 660
 662
 664
 666
 668
 671
 673
 675
 677
 679
 682
 684
 686
 687
 688
 689
 690
 691
 693
 694
 695
 697
 699
 700
 702
 704
 705
 708
 709
 711
 712
 714
 716
 718
 719
 721
 723
 725
 727
 728
 730
 732
 733
 735
 737
 739
 740
 742
 744
 746
 747
 749
 751
 752
 754
 756
 758
 759
 761
 763
 765
 767
 769
 770
 772
 774
 776
 777
 780
 781
 783
 785
 786
 788
 790
 792
 793
 795
 797
 799
 801
 802
 804
 806
 808
 810
 811
 813
 815
 816
 818
 820
 821
 823
 824
 826
 827
 829
 830
 832
 833
 834
 835
 836
 837
 838
 839
 840
 840
 841
 842
 842
 843
 844
 845
 845
 846
 846
 847
 848
 848
 849
 850
 850
 851
 851
 852
 853
 853
 854
 855
 855
 856
 857
 857
 858
 859
 859
 860
 860
 861
 862
 862
 863
 864
 865
 865
 866
 867
 867
 868
 869
 869
 870
 871
 872
 872
 873
 874
 874
 874
 875
 876
 876
 877
 877
 878
 878
 879
 880
 880
 881
 882
 882
 883
 884
 885
 885
 886
 887
 888
 888
 889
 890
 891
 892
 893
 894
 894
 896
 897
 897
 899
 900
 901
 902
 903
 904
 905
 906
 907
 908
 909
 910
 911
 912
 914
 915
 916
 917
 918
 919
 920
 921
 922
 922
 923
 924
 925
 926
 927
 928
 929
 930
 931
 932
 933
 934
 935
 936
 937
 937
 938
 939
 940
 941
 941
 942
 943
 944
 944
 945
 946
 946
 947
 948
 948
 949
 949
 950
 950
 951
 952
 952
 953
 953
 954
 954
 954
 954
 955
 955
 956
 956
 956
 957
 957
 957
 958
 958
 958
 958
 959
 959
 960
 960
 960
 961
 961
 961
 962
 962
 962
 963
 963
 964
 964
 964
 964
 965
 965
 965
 965
 965
 965
 966
 966
 966
 966
 967
 967
 967
 966
 966
 966
 966
 966
 966
 967
 967
 967
 968
 968
 968
 968
 969
 969
 969
 970
 970
 970
 971
 971
 971
 972
 972
 973
 973
 973
 974
 974
 975
 975
 976
 976
 976
 977
 977
 978
 977
 976
