250.6
249.6
248.6
247.9
247.3
246.9
246
245.5
245
244.3
243.8
243.1
242.5
241.9
241.2
240.8
240.1
239.4
239
238.3
237.8
237.3
236.7
236.1
235.5
235
234.4
233.9
233.3
232.9
232.3
231.9
231.3
230.8
230.4
229.8
229.2
228.8
228.3
227.9
227.3
226.8
226.4
225.8
225.5
225.1
224.6
224.1
223.6
223.2
222.8
222.4
221.9
221.5
221
220.6
220.2
219.7
219.1
218.7
218.3
218
217.5
217.2
216.8
216.3
216
215.6
215.3
214.9
214.4
214.1
213.8
213.5
213.2
212.6
212.4
212.1
211.7
211.4
211
210.8
210.5
210
209.8
209.5
209.2
208.8
208.5
208.1
207.4
