Heartbeat port addresses read from NoFDBConfig: 
    Node-0: 10.10.1.2:50050
    Node-1: 10.10.1.3:50050
    Node-2: 10.10.1.4:50050
===== Global Configure Table =====
    node_id: 0
    node_ip: 10.10.1.2
    maintainer_port: 50050
    remaining_cpu_cores: 00000000000000000000000000000000000000000000000000000000000000000000000000000000000000000000000000000000111100000000000000000000
    remaining_ports: 50051,50052,50053,50054,50055,50056,50057,50058,50059,50060,50061,50062,50063,50064,50065,50066
    kvses: 
        kvs_id: 0
        belong_to_node_id: 0
        required_cpu_core_num: 16
        using_cpu_cores: 
        using_ports: 
        replications: 
            node_id: 0
            node_ip: trtype:rdma adrfam:IPv4 traddr:10.10.1.2 trsvcid:4420 subnqn:nqn.2024-12.io.spdk:0
        replications: 
            node_id: 1
            node_ip: trtype:rdma adrfam:IPv4 traddr:10.10.1.3 trsvcid:4420 subnqn:nqn.2024-12.io.spdk:1
        replications: 
            node_id: 2
            node_ip: trtype:rdma adrfam:IPv4 traddr:10.10.1.4 trsvcid:4420 subnqn:nqn.2024-12.io.spdk:2
    node_id: 1
    node_ip: 10.10.1.3
    maintainer_port: 50050
    remaining_cpu_cores: 00000000000000000000000000000000000000000000000000000000000000000000000000000000000000000000000000000000111100000000000000000000
    remaining_ports: 50051,50052,50053,50054,50055,50056,50057,50058,50059,50060,50061,50062,50063,50064,50065,50066
    kvses: 
        kvs_id: 0
        belong_to_node_id: 1
        required_cpu_core_num: 16
        using_cpu_cores: 
        using_ports: 
        replications: 
            node_id: 0
            node_ip: trtype:rdma adrfam:IPv4 traddr:10.10.1.2 trsvcid:4420 subnqn:nqn.2024-12.io.spdk:0
        replications: 
            node_id: 1
            node_ip: trtype:rdma adrfam:IPv4 traddr:10.10.1.3 trsvcid:4420 subnqn:nqn.2024-12.io.spdk:1
        replications: 
            node_id: 2
            node_ip: trtype:rdma adrfam:IPv4 traddr:10.10.1.4 trsvcid:4420 subnqn:nqn.2024-12.io.spdk:2
    node_id: 2
    node_ip: 10.10.1.4
    maintainer_port: 50050
    remaining_cpu_cores: 00000000000000000000000000000000000000000000000000000000000000000000000000000000000000000000000000000000111100000000000000000000
    remaining_ports: 50051,50052,50053,50054,50055,50056,50057,50058,50059,50060,50061,50062,50063,50064,50065,50066
    kvses: 
        kvs_id: 0
        belong_to_node_id: 2
        required_cpu_core_num: 16
        using_cpu_cores: 
        using_ports: 
        replications: 
            node_id: 0
            node_ip: trtype:rdma adrfam:IPv4 traddr:10.10.1.2 trsvcid:4420 subnqn:nqn.2024-12.io.spdk:0
        replications: 
            node_id: 1
            node_ip: trtype:rdma adrfam:IPv4 traddr:10.10.1.3 trsvcid:4420 subnqn:nqn.2024-12.io.spdk:1
        replications: 
            node_id: 2
            node_ip: trtype:rdma adrfam:IPv4 traddr:10.10.1.4 trsvcid:4420 subnqn:nqn.2024-12.io.spdk:2
==================================

fieldcount: 1
fieldlength: 1000
zero_padding: 20
recordcount: 200000000
operationcount: 200000000
oks: 1000000
oks: 1000000
oks: 1000000
oks: 1000000
oks: 1000000
oks: 1000000
oks: 1000000
oks: 1000000
oks: 1000000
oks: 1000000
oks: 1000000
oks: 1000000
oks: 1000000
oks: 1000000
oks: 1000000
oks: 1000000
oks: 1000000
oks: 1000000
oks: 1000000
oks: 1000000
oks: 1000000
oks: 1000000
oks: 1000000
oks: 1000000
oks: 1000000
oks: 1000000
oks: 1000000
oks: 1000000
oks: 1000000
oks: 1000000
oks: 1000000
oks: 1000000
oks: 1000000
oks: 1000000
oks: 1000000
oks: 1000000
oks: 1000000
oks: 1000000
oks: 1000000
oks: 1000000
oks: 1000000
oks: 1000000
oks: 1000000
oks: 1000000
oks: 1000000
oks: 1000000
oks: 1000000
oks: 1000000
oks: 2000000
oks: 2000000
oks: 2000000
oks: 2000000
oks: 2000000
oks: 2000000
oks: 2000000
oks: 2000000
oks: 2000000
oks: 2000000
oks: 2000000
oks: 2000000
oks: 2000000
oks: 2000000
oks: 2000000
oks: 2000000
oks: 2000000
oks: 2000000
oks: 2000000
oks: 2000000
oks: 2000000
oks: 2000000
oks: 2000000
oks: 2000000
oks: 2000000
oks: 2000000
oks: 2000000
oks: 2000000
oks: 2000000
oks: 2000000
oks: 2000000
oks: 2000000
oks: 2000000
oks: 2000000
oks: 2000000
oks: 2000000
oks: 2000000
oks: 2000000
oks: 2000000
oks: 2000000
oks: 2000000
oks: 2000000
oks: 2000000
oks: 2000000
oks: 2000000
oks: 2000000
oks: 2000000
oks: 2000000
oks: 3000000
oks: 3000000
oks: 3000000
oks: 3000000
oks: 3000000
oks: 3000000
oks: 3000000
oks: 3000000
oks: 3000000
oks: 3000000
oks: 3000000
oks: 3000000
oks: 3000000
oks: 3000000
oks: 3000000
oks: 3000000
oks: 3000000
oks: 3000000
oks: 3000000
oks: 3000000
oks: 3000000
oks: 3000000
oks: 3000000
oks: 3000000
oks: 3000000
oks: 3000000
oks: 3000000
oks: 3000000
oks: 3000000
oks: 3000000
oks: 3000000
oks: 3000000
oks: 3000000
oks: 3000000
oks: 3000000
oks: 3000000
oks: 3000000
oks: 3000000
oks: 3000000
oks: 3000000
oks: 3000000
oks: 3000000
oks: 3000000
oks: 3000000
oks: 3000000
oks: 3000000
oks: 3000000
oks: 3000000
oks: 4000000
oks: 4000000
oks: 4000000
oks: 4000000
oks: 4000000
oks: 4000000
oks: 4000000
oks: 4000000
oks: 4000000
oks: 4000000
oks: 4000000
oks: 4000000
oks: 4000000
oks: 4000000
oks: 4000000
oks: 4000000
oks: 4000000
oks: 4000000
oks: 4000000
oks: 4000000
oks: 4000000
oks: 4000000
oks: 4000000
oks: 4000000
oks: 4000000
oks: 4000000
oks: 4000000
oks: 4000000
oks: 4000000
oks: 4000000
oks: 4000000
oks: 4000000
oks: 4000000
oks: 4000000
oks: 4000000
oks: 4000000
oks: 4000000
oks: 4000000
oks: 4000000
oks: 4000000
oks: 4000000
oks: 4000000
oks: 4000000
oks: 4000000
oks: 4000000
oks: 4000000
oks: 4000000
oks: 4000000

nofdb	workloads/workloadg.spec	48
# Load duration (sec): 4284.2
# Loading records:	199999968
# Load throughput (KOPS): 46.6831
Count: 199999968  Average: 1027.4896  StdDev: 2395.06
Percentiles(us): P50: 529.99 P90: 2046.22 P99: 7800.80 P99.9: 35833.65 P99.99: 64508.00
------------------------------------------------------
[      60,      70 )       5   0.000%   0.000% 
[      70,      80 )     228   0.000%   0.000% 
[      80,      90 )    1256   0.001%   0.001% 
[      90,     100 )    1899   0.001%   0.002% 
[     100,     120 ) 1811904   0.906%   0.908% 
[     120,     140 ) 5633762   2.817%   3.725% #
[     140,     160 ) 3714746   1.857%   5.582% 
[     160,     180 ) 3225018   1.613%   7.194% 
[     180,     200 ) 3328475   1.664%   8.859% 
[     200,     250 ) 12544273   6.272%  15.131% #
[     250,     300 ) 15051644   7.526%  22.657% ##
[     300,     350 ) 14835269   7.418%  30.074% #
[     350,     400 ) 12950780   6.475%  36.550% #
[     400,     450 ) 11633430   5.817%  42.366% #
[     450,     500 ) 10049571   5.025%  47.391% #
[     500,     600 ) 17395599   8.698%  56.089% ##
[     600,     700 ) 14206418   7.103%  63.192% #
[     700,     800 ) 10613877   5.307%  68.499% #
[     800,     900 ) 7857954   3.929%  72.428% #
[     900,    1000 ) 6380758   3.190%  75.618% #
[    1000,    1200 ) 9517508   4.759%  80.377% #
[    1200,    1400 ) 6575706   3.288%  83.665% #
[    1400,    1600 ) 4915148   2.458%  86.123% 
[    1600,    1800 ) 3983001   1.992%  88.114% 
[    1800,    2000 ) 3203252   1.602%  89.716% 
[    2000,    2500 ) 6149812   3.075%  92.791% #
[    2500,    3000 ) 4183398   2.092%  94.882% 
[    3000,    3500 ) 2780391   1.390%  96.273% 
[    3500,    4000 ) 1764799   0.882%  97.155% 
[    4000,    4500 ) 1146847   0.573%  97.728% 
[    4500,    5000 )  768605   0.384%  98.113% 
[    5000,    6000 )  932750   0.466%  98.579% 
[    6000,    7000 )  556784   0.278%  98.857% 
[    7000,    8000 )  356019   0.178%  99.035% 
[    8000,    9000 )  246882   0.123%  99.159% 
[    9000,   10000 )  184625   0.092%  99.251% 
[   10000,   12000 )  259767   0.130%  99.381% 
[   12000,   14000 )  186130   0.093%  99.474% 
[   14000,   16000 )  155550   0.078%  99.552% 
[   16000,   18000 )  129190   0.065%  99.617% 
[   18000,   20000 )  107819   0.054%  99.670% 
[   20000,   25000 )  209373   0.105%  99.775% 
[   25000,   30000 )  144682   0.072%  99.847% 
[   30000,   35000 )   93529   0.047%  99.894% 
[   35000,   40000 )   69184   0.035%  99.929% 
[   40000,   45000 )   47135   0.024%  99.952% 
[   45000,   50000 )   31177   0.016%  99.968% 
[   50000,   60000 )   36851   0.018%  99.986% 
[   60000,   70000 )   15945   0.008%  99.994% 
[   70000,   80000 )    7189   0.004%  99.998% 
[   80000,   90000 )    1980   0.001%  99.999% 
[   90000,  100000 )     642   0.000%  99.999% 
[  100000,  120000 )     905   0.000% 100.000% 
[  120000,  140000 )     162   0.000% 100.000% 
[  140000,  160000 )     100   0.000% 100.000% 
[  160000,  180000 )      17   0.000% 100.000% 
[  180000,  200000 )      49   0.000% 100.000% 
[  200000,  250000 )     103   0.000% 100.000% 
[  300000,  350000 )      80   0.000% 100.000% 
[  350000,  400000 )      16   0.000% 100.000% 

Waiting 30s before performing transactions......
Starting performing transactions......

oks: 1000000
oks: 1000000
oks: 1000000
oks: 1000000
oks: 1000000
oks: 1000000
oks: 1000000
oks: 1000000
oks: 1000000
oks: 1000000
oks: 1000000
oks: 1000000
oks: 1000000
oks: 1000000
oks: 1000000
oks: 1000000
oks: 1000000
oks: 1000000
oks: 1000000
oks: 1000000
oks: 1000000
oks: 1000000
oks: 1000000
oks: 1000000
oks: 1000000
oks: 1000000
oks: 1000000
oks: 1000000
oks: 1000000
oks: 1000000
oks: 1000000
oks: 1000000
oks: 1000000
oks: 1000000
oks: 1000000
oks: 1000000
oks: 1000000
oks: 1000000
oks: 1000000
oks: 1000000
oks: 1000000
oks: 1000000
oks: 1000000
oks: 1000000
oks: 1000000
oks: 1000000
oks: 1000000
oks: 1000000
oks: 2000000
oks: 2000000
oks: 2000000
oks: 2000000
oks: 2000000
oks: 2000000
oks: 2000000
oks: 2000000
oks: 2000000
oks: 2000000
oks: 2000000
oks: 2000000
oks: 2000000
oks: 2000000
oks: 2000000
oks: 2000000
oks: 2000000
oks: 2000000
oks: 2000000
oks: 2000000
oks: 2000000
oks: 2000000
oks: 2000000
oks: 2000000
oks: 2000000
oks: 2000000
oks: 2000000
oks: 2000000
oks: 2000000
oks: 2000000
oks: 2000000
oks: 2000000
oks: 2000000
oks: 2000000
oks: 2000000
oks: 2000000
oks: 2000000
oks: 2000000
oks: 2000000
oks: 2000000
oks: 2000000
oks: 2000000
oks: 2000000
oks: 2000000
oks: 2000000
oks: 2000000
oks: 2000000
oks: 2000000
oks: 3000000
oks: 3000000
oks: 3000000
oks: 3000000
oks: 3000000
oks: 3000000
oks: 3000000
oks: 3000000
oks: 3000000
oks: 3000000
oks: 3000000
oks: 3000000
oks: 3000000
oks: 3000000
oks: 3000000
oks: 3000000
oks: 3000000
oks: 3000000
oks: 3000000
oks: 3000000
oks: 3000000
oks: 3000000
oks: 3000000
oks: 3000000
oks: 3000000
oks: 3000000
oks: 3000000
oks: 3000000
oks: 3000000
oks: 3000000
oks: 3000000
oks: 3000000
oks: 3000000
oks: 3000000
oks: 3000000
oks: 3000000
oks: 3000000
oks: 3000000
oks: 3000000
oks: 3000000
oks: 3000000
oks: 3000000
oks: 3000000
oks: 3000000
oks: 3000000
oks: 3000000
oks: 3000000
oks: 3000000
oks: 4000000
oks: 4000000
oks: 4000000
oks: 4000000
oks: 4000000
oks: 4000000
oks: 4000000
oks: 4000000
oks: 4000000
oks: 4000000
oks: 4000000
oks: 4000000
oks: 4000000
oks: 4000000
oks: 4000000
oks: 4000000
oks: 4000000
oks: 4000000
oks: 4000000
oks: 4000000
oks: 4000000
oks: 4000000
oks: 4000000
oks: 4000000
oks: 4000000
oks: 4000000
oks: 4000000
oks: 4000000
oks: 4000000
oks: 4000000
oks: 4000000
oks: 4000000
oks: 4000000
oks: 4000000
oks: 4000000
oks: 4000000
oks: 4000000
oks: 4000000
oks: 4000000
oks: 4000000
oks: 4000000
oks: 4000000
oks: 4000000
oks: 4000000
oks: 4000000
oks: 4000000
oks: 4000000
oks: 4000000
# Run duration (sec): 4380.46
# Run operations:	199999968
# Run throughput (KOPS): 45.6573
Count: 199999968  Average: 1050.6817  StdDev: 2313.33
Percentiles(us): P50: 395.42 P90: 3239.95 P99: 5988.83 P99.9: 33477.28 P99.99: 60003.15
------------------------------------------------------
[      60,      70 )      26   0.000%   0.000% 
[      70,      80 )     538   0.000%   0.000% 
[      80,      90 )    2024   0.001%   0.001% 
[      90,     100 )    3243   0.002%   0.003% 
[     100,     120 ) 2850429   1.425%   1.428% 
[     120,     140 ) 8876786   4.438%   5.867% #
[     140,     160 ) 5823034   2.912%   8.778% #
[     160,     180 ) 4865307   2.433%  11.211% 
[     180,     200 ) 4819822   2.410%  13.621% 
[     200,     250 ) 18621987   9.311%  22.932% ##
[     250,     300 ) 21360471  10.680%  33.612% ##
[     300,     350 ) 19115473   9.558%  43.170% ##
[     350,     400 ) 15037921   7.519%  50.689% ##
[     400,     450 ) 12335889   6.168%  56.856% #
[     450,     500 ) 9786896   4.893%  61.750% #
[     500,     600 ) 14436237   7.218%  68.968% #
[     600,     700 ) 9283756   4.642%  73.610% #
[     700,     800 ) 5570953   2.785%  76.395% #
[     800,     900 ) 3448558   1.724%  78.120% 
[     900,    1000 ) 2380626   1.190%  79.310% 
[    1000,    1200 ) 2980320   1.490%  80.800% 
[    1200,    1400 ) 1852611   0.926%  81.726% 
[    1400,    1600 ) 1363787   0.682%  82.408% 
[    1600,    1800 ) 1201005   0.601%  83.009% 
[    1800,    2000 ) 1140281   0.570%  83.579% 
[    2000,    2500 ) 3450543   1.725%  85.304% 
[    2500,    3000 ) 5516001   2.758%  88.062% #
[    3000,    3500 ) 8075488   4.038%  92.100% #
[    3500,    4000 ) 8020777   4.010%  96.110% #
[    4000,    4500 ) 4129032   2.065%  98.175% 
[    4500,    5000 ) 1106579   0.553%  98.728% 
[    5000,    6000 )  549706   0.275%  99.003% 
[    6000,    7000 )  296060   0.148%  99.151% 
[    7000,    8000 )  173317   0.087%  99.238% 
[    8000,    9000 )  117326   0.059%  99.296% 
[    9000,   10000 )  103599   0.052%  99.348% 
[   10000,   12000 )  173076   0.087%  99.435% 
[   12000,   14000 )  175351   0.088%  99.522% 
[   14000,   16000 )  182035   0.091%  99.613% 
[   16000,   18000 )  128880   0.064%  99.678% 
[   18000,   20000 )   86202   0.043%  99.721% 
[   20000,   25000 )  159508   0.080%  99.801% 
[   25000,   30000 )  124812   0.062%  99.863% 
[   30000,   35000 )  105968   0.053%  99.916% 
[   35000,   40000 )   57818   0.029%  99.945% 
[   40000,   45000 )   33866   0.017%  99.962% 
[   45000,   50000 )   26409   0.013%  99.975% 
[   50000,   60000 )   29631   0.015%  99.990% 
[   60000,   70000 )   12708   0.006%  99.996% 
[   70000,   80000 )    5057   0.003%  99.999% 
[   80000,   90000 )    1445   0.001% 100.000% 
[   90000,  100000 )     588   0.000% 100.000% 
[  100000,  120000 )     158   0.000% 100.000% 
[  250000,  300000 )      48   0.000% 100.000% 

