[OVERALL], RunTime(ms), 3941773
[OVERALL], Throughput(ops/sec), 50738.58895476731
[TOTAL_GCS_PS_Scavenge], Count, 4699
[TOTAL_GC_TIME_PS_Scavenge], Time(ms), 33325
[TOTAL_GC_TIME_%_PS_Scavenge], Time(%), 0.8454317384588103
[TOTAL_GCS_PS_MarkSweep], Count, 0
[TOTAL_GC_TIME_PS_MarkSweep], Time(ms), 0
[TOTAL_GC_TIME_%_PS_MarkSweep], Time(%), 0.0
[TOTAL_GCs], Count, 4699
[TOTAL_GC_TIME], Time(ms), 33325
[TOTAL_GC_TIME_%], Time(%), 0.8454317384588103
[READ], Operations, 200000000
[READ], AverageLatency(us), 686.887275035
[READ], MinLatency(us), 133
[READ], MaxLatency(us), 134783
[READ], 95thPercentileLatency(us), 1191
[READ], 99thPercentileLatency(us), 1858
[READ], Return=OK, 200000000
[READ-MODIFY-WRITE], Operations, 99996425
[READ-MODIFY-WRITE], AverageLatency(us), 1278.855123440663
[READ-MODIFY-WRITE], MinLatency(us), 328
[READ-MODIFY-WRITE], MaxLatency(us), 135679
[READ-MODIFY-WRITE], 95thPercentileLatency(us), 1825
[READ-MODIFY-WRITE], 99thPercentileLatency(us), 12647
[CLEANUP], Operations, 50
[CLEANUP], AverageLatency(us), 44913.94
[CLEANUP], MinLatency(us), 1
[CLEANUP], MaxLatency(us), 2246655
[CLEANUP], 95thPercentileLatency(us), 3
[CLEANUP], 99thPercentileLatency(us), 2246655
[UPDATE], Operations, 99996425
[UPDATE], AverageLatency(us), 590.7957852793237
[UPDATE], MinLatency(us), 133
[UPDATE], MaxLatency(us), 134271
[UPDATE], 95thPercentileLatency(us), 865
[UPDATE], 99thPercentileLatency(us), 1339
[UPDATE], Return=OK, 99996425
