[OVERALL], RunTime(ms), 2370198
[OVERALL], Throughput(ops/sec), 84381.1360907401
[TOTAL_GCS_PS_Scavenge], Count, 1218
[TOTAL_GC_TIME_PS_Scavenge], Time(ms), 16058
[TOTAL_GC_TIME_%_PS_Scavenge], Time(%), 0.6774961416725522
[TOTAL_GCS_PS_MarkSweep], Count, 0
[TOTAL_GC_TIME_PS_MarkSweep], Time(ms), 0
[TOTAL_GC_TIME_%_PS_MarkSweep], Time(%), 0.0
[TOTAL_GCs], Count, 1218
[TOTAL_GC_TIME], Time(ms), 16058
[TOTAL_GC_TIME_%], Time(%), 0.6774961416725522
[READ], Operations, 200000000
[READ], AverageLatency(us), 590.420530345
[READ], MinLatency(us), 84
[READ], MaxLatency(us), 77247
[READ], 95thPercentileLatency(us), 1003
[READ], 99thPercentileLatency(us), 1350
[READ], Return=OK, 200000000
[CLEANUP], Operations, 50
[CLEANUP], AverageLatency(us), 45200.54
[CLEANUP], MinLatency(us), 1
[CLEANUP], MaxLatency(us), 2260991
[CLEANUP], 95thPercentileLatency(us), 1
[CLEANUP], 99thPercentileLatency(us), 2260991
