[OVERALL], RunTime(ms), 2299735
[OVERALL], Throughput(ops/sec), 86966.54179720707
[TOTAL_GCS_PS_Scavenge], Count, 1752
[TOTAL_GC_TIME_PS_Scavenge], Time(ms), 19040
[TOTAL_GC_TIME_%_PS_Scavenge], Time(%), 0.8279214779094112
[TOTAL_GCS_PS_MarkSweep], Count, 0
[TOTAL_GC_TIME_PS_MarkSweep], Time(ms), 0
[TOTAL_GC_TIME_%_PS_MarkSweep], Time(%), 0.0
[TOTAL_GCs], Count, 1752
[TOTAL_GC_TIME], Time(ms), 19040
[TOTAL_GC_TIME_%], Time(%), 0.8279214779094112
[CLEANUP], Operations, 50
[CLEANUP], AverageLatency(us), 44913.9
[CLEANUP], MinLatency(us), 1
[CLEANUP], MaxLatency(us), 2246655
[CLEANUP], 95thPercentileLatency(us), 3
[CLEANUP], 99thPercentileLatency(us), 2246655
[UPDATE], Operations, 200000000
[UPDATE], AverageLatency(us), 572.357561515
[UPDATE], MinLatency(us), 125
[UPDATE], MaxLatency(us), 181503
[UPDATE], 95thPercentileLatency(us), 840
[UPDATE], 99thPercentileLatency(us), 1035
[UPDATE], Return=OK, 200000000
