[OVERALL], RunTime(ms), 2615160
[OVERALL], Throughput(ops/sec), 76477.15627342113
[TOTAL_GCS_PS_Scavenge], Count, 2463
[TOTAL_GC_TIME_PS_Scavenge], Time(ms), 21571
[TOTAL_GC_TIME_%_PS_Scavenge], Time(%), 0.8248443689869835
[TOTAL_GCS_PS_MarkSweep], Count, 0
[TOTAL_GC_TIME_PS_MarkSweep], Time(ms), 0
[TOTAL_GC_TIME_%_PS_MarkSweep], Time(%), 0.0
[TOTAL_GCs], Count, 2463
[TOTAL_GC_TIME], Time(ms), 21571
[TOTAL_GC_TIME_%], Time(%), 0.8248443689869835
[CLEANUP], Operations, 50
[CLEANUP], AverageLatency(us), 45405.58
[CLEANUP], MinLatency(us), 1
[CLEANUP], MaxLatency(us), 2271231
[CLEANUP], 95thPercentileLatency(us), 3
[CLEANUP], 99thPercentileLatency(us), 2271231
[INSERT], Operations, 200000000
[INSERT], AverageLatency(us), 651.568789525
[INSERT], MinLatency(us), 126
[INSERT], MaxLatency(us), 299007
[INSERT], 95thPercentileLatency(us), 952
[INSERT], 99thPercentileLatency(us), 1157
[INSERT], Return=OK, 200000000
