 7.9
 7.7
 7.6
 7.4
 7.3
 7.1
 7.0
14.1
20.9
33.2
40.4
48.8
55.5
61.5
70.6
77.6
84.1
91.5
98.2
 104
 112
 121
 127
 133
 139
 145
 149
 155
 162
 167
 174
 179
 185
 190
 194
 198
 201
 204
 208
 211
 215
 220
 223
 227
 230
 232
 235
 237
 239
 242
 245
 247
 249
 252
 256
 259
 262
 265
 267
 269
 272
 275
 277
 280
 283
 287
 289
 291
 293
 295
 297
 299
 302
 304
 306
 307
 310
 310
 312
 313
 314
 316
 317
 319
 320
 321
 322
 323
 325
 328
 329
 331
 332
 333
 334
 334
 336
 337
 338
 340
 341
 342
 344
 344
 344
 346
 347
 348
 349
 351
 353
 354
 355
 357
 358
 359
 360
 361
 362
 363
 364
 365
 366
 367
 368
 369
 371
 372
 372
 373
 374
 375
 375
 377
 378
 379
 380
 381
 382
 383
 383
 385
 386
 387
 388
 389
 389
 389
 390
 391
 391
 392
 392
 393
 394
 395
 396
 397
 397
 397
 398
 398
 399
 399
 400
 400
 401
 402
 402
 403
 404
 405
 406
 406
 407
 407
 408
 408
 409
 410
 411
 411
 412
 413
 413
 414
 414
 415
 415
 416
 416
 417
 417
 417
 418
 418
 418
 418
 419
 419
 420
 420
 420
 421
 421
 421
 421
 421
 421
 421
 422
 423
 423
 424
 423
 424
 424
 424
 424
 424
 425
 425
 426
 427
 427
 427
 427
 428
 429
 429
 430
 430
 430
 431
 432
 432
 432
 433
 433
 434
 434
 434
 435
 435
 435
 436
 436
 437
 437
 437
 437
 437
 437
 438
 438
 439
 439
 439
 440
 440
 441
 441
 442
 442
 443
 443
 443
 444
 444
 444
 445
 445
 446
 446
 447
 447
 447
 448
 448
 448
 449
 449
 449
 450
 450
 451
 451
 451
 452
 452
 452
 452
 453
 453
 453
 454
 454
 454
 454
 455
 455
 456
 456
 456
 456
 456
 457
 457
 457
 457
 457
 458
 458
 458
 458
 459
 459
 459
 460
 460
 461
 461
 461
 462
 462
 463
 463
 464
 464
 465
 465
 465
 466
 466
 466
 467
 467
 467
 467
 468
 468
 468
 468
 469
 469
 470
 470
 470
 471
 471
 471
 472
 473
 473
 473
 474
 474
 474
 475
 475
 475
 475
 476
 476
 476
 476
 477
 477
 477
 477
 477
 478
 478
 478
 479
 479
 479
 480
 480
 481
 481
 481
 482
 482
 482
 482
 483
 483
 483
 483
 483
 484
 484
 484
 484
 484
 485
 485
 485
 485
 486
 486
 486
 487
 487
 487
 488
 488
 488
 489
 489
 489
 489
 490
 490
 490
 490
 490
 491
 491
 491
 492
 492
 492
 492
 493
 493
 493
 493
 494
 494
 494
 494
 494
 495
 495
 495
 495
 495
 495
 496
 496
 496
 496
 497
 497
 497
 498
 498
 498
 499
 499
 499
 499
 500
 500
 501
 501
 501
 501
 502
 502
 502
 502
 503
 503
 503
 503
 503
 504
 504
 504
 504
 504
 504
 505
 505
 505
 505
 506
 506
 506
 507
 507
 507
 507
 507
 507
 508
 508
 508
 508
 508
 509
 509
 509
 509
 510
 510
 510
 510
 510
 511
 511
 512
 512
 512
 512
 513
 513
 513
 513
 513
 514
 514
 514
 515
 515
 515
 516
 516
 516
 517
 517
 517
 517
 517
 518
 518
 518
 518
 519
 518
