17.3
17.0
16.7
16.4
26.9
50.5
70.6
91.2
 109
 130
 148
 164
 179
 197
 213
 230
 247
 260
 276
 290
 304
 319
 333
 344
 355
 366
 376
 387
 397
 408
 418
 427
 437
 446
 454
 463
 474
 482
 490
 497
 505
 512
 519
 526
 534
 540
 546
 552
 559
 565
 571
 578
 583
 589
 594
 599
 604
 609
 614
 620
 625
 630
 635
 640
 645
 650
 656
 660
 665
 669
 673
 678
 681
 686
 690
 693
 697
 700
 703
 707
 710
 714
 718
 721
 724
 727
 729
 732
 737
 740
 742
 744
 747
 751
 754
 758
 763
 766
 770
 773
 776
 780
 782
 785
 789
 792
 795
 798
 801
 804
 807
 810
 813
 816
 819
 821
 824
 827
 830
 834
 836
 839
 842
 844
 847
 849
 853
 855
 857
 860
 862
 864
 866
 869
 871
 873
 876
 878
 880
 882
 884
 887
 889
 891
 893
 895
 897
 898
 900
 903
 905
 907
 908
 909
 911
 912
 915
 917
 919
 921
 923
 924
 926
 928
 930
 931
 933
 935
 937
 938
 940
 942
 943
 944
 946
 947
 949
 950
 952
 954
 955
 956
 958
 959
 961
 962
 964
 965
 966
 967
 969
 970
 971
 972
 973
 974
 976
 977
 977
 979
 980
 981
 982
 984
 985
 986
 987
 988
 989
 991
 992
 993
 994
 996
 996
 997
 998
 999
1001
1002
1003
1004
1005
1006
1007
1008
1009
1010
1011
1012
1013
1014
1015
1015
1016
1017
1018
1019
1020
1021
1022
1023
1024
1026
1027
1028
1028
1029
1031
1032
1033
1034
1035
1035
1036
1036
1038
1038
1039
1040
1041
1042
1042
1043
1044
1045
1046
1047
1048
1049
1049
1050
1051
1052
1052
1053
1054
1054
1055
1056
1057
1057
1058
1059
1059
1060
1061
1062
1062
1063
1063
1064
1065
1065
1066
1066
1066
1067
1067
1068
1069
1069
1070
1071
1071
1072
1072
1073
1073
1074
1075
1075
1076
1076
1077
1077
1077
1078
1079
1080
1080
1081
1081
1082
1082
1083
1084
1084
1085
1085
1086
1086
1087
1087
1088
1088
1088
1089
1089
1090
1090
1091
1092
1092
1093
1093
1093
1094
1095
1095
1096
1096
1096
1097
1097
1098
1099
1099
1099
1100
1100
1101
1102
1102
1103
1103
1104
1104
1105
1105
1106
1106
1107
1107
1108
1108
1109
1109
1109
1110
1110
1111
1111
1112
1112
1113
1113
1114
1114
1114
1115
1115
1116
1116
1117
1117
1117
1118
1117
1118
1118
1119
1119
1120
1120
1120
1121
1121
1121
1121
1121
1121
1120
1120
1120
1120
1119
1119
1118
1118
1118
1118
1117
1117
1117
1117
1116
1116
1116
1116
1115
1115
1115
1114
1114
1114
1113
1113
1113
1113
1112
1112
1112
1112
1111
1111
1111
1111
1110
1110
1110
1110
1110
1109
1109
1108
1108
1108
1108
1107
1107
1107
1107
1107
1107
1106
1106
1106
1106
1105
1105
1105
1105
1104
1104
1104
1103
1103
1103
1103
1102
1102
1102
1102
1101
1101
1101
1101
1101
1101
1100
1100
1100
1100
1099
1099
1100
1100
1101
1101
1101
1101
1102
1102
1102
1103
1103
1104
1104
1105
1105
1105
1105
1105
1104
1104
1104
1103
1103
1103
1103
1102
1102
1102
1102
1101
1101
1101
1101
1101
1101
1100
1100
1100
1099
1099
1099
1099
1099
1098
1098
1098
1098
1098
1098
1097
1097
1097
1097
1097
1096
1096
1096
1095
1095
1095
1095
1095
1094
1094
1094
1094
1094
1094
1093
1093
1093
1093
1092
1092
1092
1092
1092
1092
1091
1091
1091
1091
1091
1091
1090
1090
1090
1090
1090
1090
1090
1089
1089
1089
1089
1089
1088
1088
1088
1088
1088
1088
1087
1087
1087
1087
1087
1087
1086
1086
1086
1086
1086
1086
1086
1085
1085
1085
1085
1085
1085
1084
1084
1084
1084
1084
1084
1084
1084
1084
1084
1083
1083
1083
1083
1083
1082
1082
1082
1082
1082
1082
1082
1082
1081
1081
1081
1081
1081
1081
1080
1080
1080
1080
1080
1080
1080
1079
1079
1079
1079
1079
1079
1079
1079
1078
1078
1078
1078
1078
1077
1077
1077
1077
1077
1077
1077
1077
1077
1077
1076
1076
1076
1076
1076
1076
1076
1076
1075
1075
1075
1075
1075
1075
1075
1074
1074
1074
1074
1074
1074
1074
1074
1073
1073
1073
1073
1073
1073
1073
1073
1072
1072
1072
1072
1072
1072
1072
1071
1071
1071
1071
1071
1070
1070
1070
1070
1070
1070
1069
1069
1069
1069
1069
1069
1069
1069
1069
1069
1068
1068
1068
1068
1067
