20.3
20.0
19.6
19.3
26.1
35.4
40.0
44.2
48.3
52.0
57.3
60.8
64.0
67.2
70.4
73.4
79.2
82.0
84.7
87.3
89.8
92.3
97.0
99.3
 102
 104
 106
 109
 111
 113
 115
 117
 118
 121
 123
 124
 126
 127
 129
 132
 134
 135
 136
 139
 140
 142
 143
 145
 146
 147
 148
 149
 150
 153
 154
 154
 155
 156
 156
 158
 159
 160
 161
 161
 162
 164
 164
 165
 166
 166
 167
 170
 172
 174
 175
 176
 177
 177
 178
 178
 179
 180
 181
 182
 182
 183
 183
 185
 185
 185
 186
 186
 186
 187
 188
 188
 188
 189
 189
 190
 191
 191
 192
 192
 193
 193
 193
 194
 195
 196
 197
 198
 198
 199
 199
 200
 200
 200
 200
 201
 203
 204
 204
 204
 204
 205
 205
 205
 206
 206
 207
 207
 207
 208
 208
 209
 209
 209
 209
 210
 210
 210
 211
 211
 212
 212
 213
 213
 214
 215
 215
 215
 216
 216
 216
 217
 217
 217
 218
 218
 218
 218
 219
 219
 219
 220
 220
 220
 221
 221
 221
 221
 222
 222
 222
 223
 223
 223
 224
 224
 224
 224
 224
 224
 225
 226
 226
 227
 227
 227
 228
 228
 228
 228
 228
 229
 229
 230
 230
 230
 230
 230
 230
 231
 231
 231
 231
 231
 232
 232
 232
 233
 233
 233
 233
 233
 233
 233
 234
 235
 235
 235
 236
 236
 236
 236
 236
 236
 236
 237
 237
 237
 237
 237
 238
 238
 238
 238
 238
 238
 238
 238
 238
 239
 239
 239
 239
 239
 239
 240
 240
 240
 240
 240
 241
 241
 241
 241
 242
 241
 241
 241
 241
 242
 242
 242
 242
 243
 243
 243
 243
 243
 243
 243
 243
 244
 244
 244
 244
 244
 244
 244
 244
 244
 244
 244
 245
 245
 245
 245
 245
 245
 246
 246
 246
 247
 247
 247
 247
 247
 247
 247
 247
 248
 248
 248
 248
 248
 248
 248
 248
 248
 249
 249
 249
 249
 249
 249
 249
 249
 249
 249
 249
 249
 249
 249
 249
 249
 249
 249
 249
 250
 250
 250
 250
 250
 251
 251
 251
 251
 251
 251
 251
 251
 251
 251
 252
 252
 252
 252
 252
 252
 252
 252
 252
 252
 252
 252
 253
 253
 253
 253
 253
 253
 253
 253
 253
 254
 254
 254
 254
 254
 254
 254
 254
 254
 255
 255
 255
 255
 255
 255
 255
 255
 255
 255
 255
 255
 256
 256
 256
 256
 256
 256
 256
 256
 256
 256
 256
 256
 256
 256
 256
 256
 256
 257
 257
 257
 257
 257
 257
 258
 258
 257
 257
 258
 258
 258
 258
 258
 258
 258
 258
 258
 259
 259
 259
 259
 259
 259
 259
 259
 259
 259
 259
 259
 259
 259
 259
 259
 259
 259
 260
 260
 260
 260
 260
 260
 260
 260
 260
 261
 261
 261
 261
 261
 261
 261
 261
 261
 261
 261
 261
 261
 261
 261
 261
