 736
 736
 735
 734
 735
 736
 738
 739
 740
 741
 741
 742
 743
 744
 744
 745
 745
 746
 747
 748
 749
 749
 750
 751
 751
 752
 753
 753
 754
 755
 755
 756
 757
 757
 758
 759
 759
 760
 761
 761
 762
 762
 763
 764
 764
 765
 766
 766
 767
 768
 768
 769
 769
 770
 770
 770
 771
 771
 772
 772
 772
 773
 773
 773
 774
 774
 775
 775
 776
 776
 777
 777
 778
 778
 779
 779
 779
 780
 781
 782
 783
 784
 784
 785
 786
 787
 788
 789
 789
 790
 791
 792
 793
 793
 794
 795
 795
 796
 797
 797
 798
 799
 799
 800
 801
 802
 802
 803
 804
 804
 805
 806
 806
 807
 808
 808
 809
 810
 810
 811
 812
 813
 813
 814
 815
 815
 816
 817
 817
 818
 819
 820
 820
 821
 821
 822
 823
 824
 824
 825
 826
 826
 827
 827
 828
 829
 829
 829
 830
 830
 831
 831
 831
 831
 832
 832
 832
 833
 833
 834
 835
 835
 835
 836
 836
 837
 837
 837
 838
 838
 838
 839
 839
 840
 840
 841
 841
 841
 842
 842
 843
 843
 843
 844
 844
 844
 844
 845
 845
 845
 846
 846
 846
 847
 847
 847
 848
 848
 848
 849
 849
 849
 849
 850
 850
 850
 851
 851
 851
 852
 852
 852
 853
 853
 853
 854
 854
 854
 855
 855
 855
 856
 856
 856
 857
 857
 857
 857
 858
 858
 858
 858
 859
 859
 859
 860
 860
 861
 861
 861
 861
 862
 862
 862
 863
 863
 863
 863
 864
 864
 864
 865
 865
 865
 865
 866
 866
 866
 867
 867
 867
 867
 868
 868
 868
 868
 868
 868
 869
 869
 869
 869
 869
 869
 869
 869
 870
 870
 870
 870
 870
 870
 870
 870
 870
 870
 870
 871
 871
 871
 871
 871
 871
 871
 871
 872
 872
 872
 872
 872
 872
 872
 872
 872
 872
 872
 872
 873
 873
 873
 873
 873
 873
 873
 873
 874
 874
 874
 874
 874
 874
 874
 875
 874
 875
 875
 875
 875
 875
 875
 875
 876
 876
 876
 876
 876
 877
 877
 877
 877
 877
 877
 877
 877
 877
 877
 877
 877
 877
 877
 878
 878
 878
 878
 878
 878
 878
 878
 878
 878
 878
 877
