9.1
87.6
129.6
159.2
168
180.3
192.9
197.5
208.1
211.9
218.9
224.1
229
234.7
238.4
241
244.6
247.9
249.7
251.1
253.4
255.4
256.3
258.1
259.2
260.3
261.3
262.2
263
264.1
265.1
265.3
266.6
267.7
269.8
267.5
267.6
268.8
269
270.9
272.8
273.2
273.4
274.5
274.7
276.9
277.9
278.1
278.2
278.4
279.4
281.4
281.5
281.6
281.9
282
284
284
284.1
284.2
284.3
285.3
285.3
285.3
285.5
286.6
286.5
287.4
287.5
287.4
287.4
288.5
289.6
290.6
291.6
291.6
291.7
292.7
293.8
294.8
295.9
295.3
295.4
296.5
297.6
297.6
298.6
299.6
299.7
300
301
302
303
303
303.8
303.7
304.2
304.4
305.3
306.3
306.8
