0
13.8
209.5
255.1
270.1
277.4
279.6
284.2
292.8
297
302.1
309.3
311.7
313.2
315.1
319.4
322.1
323.2
323.7
325.1
326.7
328.4
330.7
332
332.9
334.1
338
339.8
340.4
341.8
342.8
347
348.5
349.9
350.4
353.8
355.8
355.9
355.7
355.4
358.5
359.7
356.6
356.8
357.7
361
361.8
362
361.9
361.9
363.6
363.6
363.5
363.5
365.5
366.7
366.9
366.1
365.6
367.4
369.5
370.3
370.4
370.4
372
373.8
372.5
372.6
374
376
377.1
377.2
377.1
378.2
380.4
382.6
384.8
384.7
384.7
385.9
388
389.1
390
390.2
390.4
389.5
387.5
383
379.1
376.3
373.6
369.9
367.2
364.6
361
358.4
355.8
352.3
349.8
347.3
344.9
342.5
340.2
336.8
333.5
330.2
328
324.7
321.5
318.3
315.1
312.9
309.8
307.7
304.5
303
303.2
303.5
304.9
305.1
305.4
306.7
306.9
308
308.2
309.2
309.3
309.4
310.5
310.6
311.6
311.7
312.7
312.7
313.6
314.4
314.1
314
314.9
314.8
315.8
316.6
316.5
317.4
317.2
317.9
318.7
318.5
319.3
320.1
319.9
320.8
320.5
321.3
322
322.5
322.9
323.4
323.8
324.2
324.6
325
324.4
324.9
325.6
326.2
326.8
326.5
327.1
327.7
327.4
328
328.5
328.2
328.7
329.2
329.8
329.4
330
330.6
330.8
329.8
330.9
330
330.2
330.9
331
331.3
331.5
331.8
333.1
332.3
332.6
333.8
334
334
334.1
334.1
335.2
335.3
335.3
335.4
335.5
335.5
336.7
336.8
337
337.2
337.4
337.6
337.8
337.9
339
338.1
338.1
339.2
339.3
339.4
339.5
339.6
339.7
339.8
340.9
339.9
339.9
340
341.1
341.3
340.4
340.5
341.5
341.5
340.4
341.6
341.7
341.7
342.7
342.7
342.8
342.8
342.8
342.4
342.1
340.7
341.4
340.1
339.8
