Rocksdb opened: /mnt/motivation
Server listening on 0.0.0.0:50051

Timer is reset

===== Load Statistics: 0.0.0.0:50051
Total requests: 1638400
Total bytes: 26843545600
Avg latency (us): 216.40, P90 (us): 254.06, P99 (us): 315.03, P99.9 (us): 692.94
Avg CPU utilization (percent): 155.77
Eplased time (sec): 2858.68
Throughput (MB/s): 8.96
QPS (k): 0.57

Timer is reset

===== Transaction Statistics: 0.0.0.0:50051
Total requests: 1000
Total bytes: 16384000
Avg latency (us): 181.51, P90 (us): 249.26, P99 (us): 272.92, P99.9 (us): 580.97
Avg CPU utilization (percent): 150.12
Eplased time (sec): 1.07
Throughput (MB/s): 14.02
QPS (k): 0.93

RocksDB Server: 0.0.0.0:50051 is shutting down......

