8.5
62.1
137.2
184.3
206.7
212.3
217.3
222.8
225.4
227.9
229.7
231.5
236.5
237.5
238.7
240
240.8
241.6
241.9
242.7
244
245.3
248.8
250
250.2
250.5
247.9
248.1
248.8
249.1
248.9
249
250.9
252.6
253.7
253.7
253.8
253.8
253.8
253.9
253.7
253.7
254.7
256.7
258.4
258.3
258.3
258.4
258.5
259.1
259
259.2
259.8
261.2
262.3
262.2
261.9
261.8
261.7
262.2
262.1
261.9
262.3
263.4
264.7
265.2
264.9
264.8
264.5
264.5
264.2
264
264.5
265.5
266.4
266.4
266.4
266.1
266
265.9
265.8
264.8
265.4
266.1
267.2
267.6
267.6
267.5
267.3
267.2
267.2
267.2
267.8
268.5
269.3
269.6
269.4
269.3
269.1
269
268.7
268.5
269.1
269.8
270.5
270.7
270.7
270.7
270.7
270.5
270.3
270.2
270.7
270.7
271.7
271.7
271.7
271.8
271.9
271.8
270.8
270.8
271.7
272.8
272.7
273.7
273.8
273.7
273.7
273.7
272.7
272.9
273.9
273.9
274.9
275
273.6
273.6
273.7
273.7
273.6
273.6
273.6
274.6
274.5
274.5
274.5
274.5
274.5
274.5
274.5
274.5
274.6
275.6
