
Node Configure: 
    Node ID: 1
    Node IP: 10.10.1.3
    Listen IP: 0.0.0.0
    Ports: 50051,50052,50053,50054,50055,50056,50057,50058,50059,50060,50061,50062,50063,50064,50065,50066
    KVDB num (at start): 1
    Server thread num (of each KVDB): 8
    CPU cores num: 20
    KVDB base path: /tmp/nofdb

[INFO] CPU monitor is enabled
[INFO] Stats recorder is enabled

get addr_0, ip_10.10.1.4
get addr_1, ip_10.10.1.2
recover: before head 608174080 before tail 608174080
recover: after_head 608174080 after_tail 608174080
recover: before head 608176128
recover: after_head 608176128
recover: before head 608372736
recover: after_head 608372736
recover: before head 608569344
recover: after_head 608569344
[INFO] NoFDB opened successfully
[INFO] NoFDBKVS No.0 initialized, belongs to node_id: 1
[INFO] NoFDBKVS No.0 -- Server No.5
[INFO] Server worker 5 is bound to core 4
[INFO] NoFDBKVS No.0 -- Server No.0
[INFO] Server worker 0 is bound to core 5
[INFO] NoFDBKVS No.0 -- Server No.2
[INFO] Server worker 2 is bound to core 6
[INFO] NoFDBKVS No.0 -- Server No.3
[INFO] Server worker 3 is bound to core 7
[INFO] NoFDBKVS No.0 -- Server No.6
[INFO] Server worker 6 is bound to core 8
[INFO] NoFDBKVS No.0 -- Server No.4
[INFO] Server worker 4 is bound to core 9
[INFO] NoFDBKVS No.0 -- Server No.1
[INFO] Server worker 1 is bound to core 10
[INFO] NoFDBKVS No.0 -- Server No.7
[INFO] Server worker 7 is bound to core 11
[INFO] Node No.1 Configure Table is generated
Add maintainer service SUCCESS
Add db service SUCCESS
 brpc::Server is listening on 0.0.0.0:50050
nvme io failed with sct 0 sc 15
send to node 1 failed with status: nof op internal err
nvme io failed with sct 0 sc 15
send to node 2 failed with status: nof op internal err
nvme io failed with sct 0 sc 15
send to node 0 failed with status: nof op internal err
nvme io failed with sct 0 sc 15
send to node 1 failed with status: nof op internal err
nvme io failed with sct 0 sc 15
send to node 0 failed with status: nof op internal err
nvme io failed with sct 0 sc 15
send to node 2 failed with status: nof op internal err
nvme io failed with sct 0 sc 15
send to node 0 failed with status: nof op internal err
nvme io failed with sct 0 sc 15
send to node 2 failed with status: nof op internal err
nvme io failed with sct 0 sc 15
send to node 1 failed with status: nof op internal err
Maintainer received PAUSE signal

===== Load Statistics: 
Total requests: 66661735
Total bytes: 68261616640
Avg DB latency (us): 124.14, P90 (us): 183.84, P99 (us): 381.12, P99.9 (us): 2821.07
Avg process latency (us): 915.95, P90 (us): 1935.28, P99 (us): 7631.51, P99.9 (us): 35411.70
Avg CPU utilization (percent): 1705.38
Eplased time (sec): 4357.91
Throughput (MB/s): 14.94
QPS (k): 15.30
KV Cache miss: 0

===== Stage End =====

Maintainer received STOP signal
[INFO] CPU Monitor is shutting down......

===== Transaction Statistics: 
Total requests: 63933650
Total bytes: 65468057600
Avg DB latency (us): 108.95, P90 (us): 180.66, P99 (us): 204.48, P99.9 (us): 572.97
Avg process latency (us): 579.57, P90 (us): 993.77, P99 (us): 4927.56, P99.9 (us): 31853.72
Avg CPU utilization (percent): 1714.25
Eplased time (sec): 4245.23
Throughput (MB/s): 14.71
QPS (k): 15.06
KV Cache miss: 0

===== Stage End =====

[INFO] NoFDBKVS No.0 -- Server No.7 is shutting down......
[INFO] NoFDBKVS No.0 -- Server No.6 is shutting down......
[INFO] NoFDBKVS No.0 -- Server No.1 is shutting down......
[INFO] NoFDBKVS No.0 -- Server No.4 is shutting down......
[INFO] NoFDBKVS No.0 -- Server No.5 is shutting down......
[INFO] Stats recorder is shutting down......
[INFO] NoFDBKVS No.0 -- Server No.2 is shutting down......
[INFO] NoFDBKVS No.0 -- Server No.0 is shutting down......
[INFO] NoFDBKVS No.0 -- Server No.3 is shutting down......
failed polling poll group with rc -6
qpair 35184375558208 disconnected when polling group
qpair failure reason 2
connection for node 0 set failed, will remove from poll group and disconnect
found 1 qpairs failed, will detach
found 1 qpairs failed, will detach
