13.5
514
923
1135
1271
1367
1438
1492
1534
1568
1598
1622
1642
1662
1647
1666
1681
1691
1702
1712
1719
1727
1734
1741
1747
1753
1762
1771
1777
1782
1787
1790
1793
1796
1783
1786
1790
1792
1797
1801
1806
1811
1814
1816
1818
1819
1821
1823
1825
1827
1829
1832
1835
1838
1830
1833
1836
1838
1841
1841
1843
1844
1845
1848
1850
1852
1855
1856
1859
1860
1862
1864
1864
1864
1858
1859
1861
1862
1864
1866
1867
1869
1871
1872
1872
1873
1874
1875
1876
1879
1880
1881
1881
1883
1878
1879
1880
1881
1881
1883
1884
1885
1885
1888
1888
1889
1890
1891
1891
1892
1893
1893
1895
1895
1896
1892
1893
1894
1894
1895
1896
1897
1898
1899
1899
1901
1901
1902
1902
1904
1904
1904
1906
1906
1902
1902
1903
1904
1906
1906
1906
1907
1907
1909
1909
1910
1910
1911
1911
1912
1912
1912
1914
1915
1910
1911
1912
1913
1913
1913
1914
1915
1915
1916
1916
1916
1916
1918
1918
1918
1919
1920
1920
1920
1916
1918
1919
1919
1919
1920
1920
1920
1921
1921
1922
1922
1923
1923
1923
1923
1924
1924
1925
1925
1922
1923
1923
1923
1923
1924
1924
1924
1925
1926
1927
1927
1927
1927
1928
1928
1928
1928
1928
1929
1926
1926
1927
1927
1927
1929
1929
1929
1929
1930
1930
1930
1930
1930
1931
1931
1931
1931
1932
1932
1933
1930
1930
1931
1931
1931
1932
1932
1932
1932
1933
1933
1933
1934
1934
1934
1934
1934
1934
1934
1935
1933
1933
1933
1933
1933
1934
1935
1935
1935
1935
1935
1936
1936
1937
1937
1937
1937
1937
1937
1937
1935
1935
1935
1935
1935
1936
1937
1938
1938
1938
1938
1938
1938
1938
1938
1939
1939
1939
1939
1939
1937
1938
1938
1939
1939
1939
1939
1939
1939
1939
1939
1939
1939
1940
1941
1941
1941
1941
1941
1941
1939
1939
1940
1940
1940
1940
1940
1940
1940
1941
1941
1941
1942
1942
1942
1942
1942
1942
1942
1942
1941
1941
1941
1941
1941
1941
1942
1942
1942
1943
1943
1943
1943
1943
1944
1944
1944
1944
1944
1944
1942
1942
1942
1942
1943
1943
1943
1943
1943
1943
1944
1945
1945
1945
1945
1945
1945
1945
1945
1945
1945
1944
1944
1944
1944
1944
1944
1944
1945
1945
1946
1946
1946
1946
1946
1946
1946
1947
1947
1947
1947
1946
1946
1946
1946
1946
1946
1946
1947
1947
1947
1947
1947
1947
1948
1948
1948
1948
1948
1948
1948
1947
1947
1947
1947
1947
1947
1947
1947
1947
1947
1947
1948
1948
1948
1948
1948
1948
1949
1949
1949
1948
1948
1948
1948
1948
1948
1948
1948
1948
1949
1949
1949
1949
1949
1949
1949
1949
1949
1950
1950
1950
1949
1949
1949
1949
1949
1950
1950
1950
1950
1950
1950
1950
1951
1951
1951
1951
1951
1951
1951
1951
1950
1951
1951
1951
1951
1952
1952
1952
1952
1952
1952
1952
1952
1952
1952
1953
1953
1953
1953
1953
1952
1952
1952
1952
1953
1953
1953
1954
1954
1954
1954
1954
1954
1954
1954
1954
1954
1954
1955
1955
1954
1954
1954
1954
1954
1955
1955
1955
1956
1956
1956
1956
1956
1956
1956
1956
1956
1956
1956
1956
1956
1956
1956
1956
1956
1956
1956
1957
1957
1957
1957
1957
1957
1957
1957
1957
1957
1957
1957
1957
1957
1957
1957
1957
1957
1957
1957
1958
1958
1958
1958
1958
1958
1958
1958
1958
1958
1958
1958
1958
1958
1958
1958
1958
1958
1959
1959
1959
1960
1960
1960
1960
1960
1960
1960
1960
1960
1960
1960
1960
1960
1960
1960
1960
1960
1960
1960
1961
1961
1961
1961
1961
1961
1961
1961
1961
1961
1961
1961
1961
1961
1961
1961
1961
1961
1961
1962
1962
1962
1962
1962
1962
1962
1962
1962
1962
1962
1962
1962
1962
1962
1962
1962
1962
1962
1962
1962
1963
1963
1963
1963
1963
1963
1963
1964
1964
1964
1964
1964
1964
1963
1963
1963
1963
1963
1963
1963
1964
1964
1964
1964
1965
1965
1965
1965
1965
1965
1965
1965
1965
1965
1965
1965
1965
1965
1965
1965
1965
1965
1965
1965
1966
1966
1966
1966
1966
1966
1966
1966
1966
1966
1966
1966
1966
1966
1966
1966
1966
1966
1966
1966
1966
1967
1967
1967
1967
1967
1967
1967
1966
1966
1966
1966
1966
1966
1966
1966
1966
1966
1966
1967
1967
1967
1967
1968
1968
1968
1968
1968
1968
1968
1968
1968
1968
1968
1968
1968
1968
1968
1968
1968
1968
1968
1969
1969
1969
1969
1969
1969
1969
1969
1969
1969
1969
1969
1969
1969
1969
1969
1969
1969
1969
1969
1970
1970
1970
1970
1970
1970
1970
1970
1970
1970
1970
1970
1970
1970
1970
1970
1970
1970
1970
1970
1970
1970
1970
1970
1970
1970
1970
1970
1970
1970
1970
1970
1970
1970
1970
1970
1970
1970
1970
1970
1971
1971
1971
1971
1971
1971
1971
1971
1971
1971
1971
1971
1971
1971
1971
1971
1971
1971
1971
1971
1971
1971
1972
1972
1972
1972
1972
1972
1972
1972
1972
1972
1972
1972
1972
1972
1972
1972
1972
1972
1972
1972
1972
1972
1973
1973
1973
1973
1973
1973
1973
1973
1973
1973
1973
1973
1973
1973
1973
1973
1973
1973
1973
1973
1973
1974
1974
1974
1974
1974
1974
1974
1974
1974
1974
1974
1974
1974
1974
1974
1974
1974
1974
1974
1974
1974
1975
1973
1974
1974
1975
1975
1975
1975
1975
1975
1975
1975
1975
1975
1975
1975
1975
1975
1975
1975
1975
1974
1974
1974
1975
1975
1975
1976
1976
1976
1976
1976
1976
1976
1976
1976
1976
1976
1976
1976
1976
1976
1976
1976
1976
1976
1977
1977
1977
1977
1977
1977
1977
1977
1977
1977
1977
1977
1977
1977
1977
1976
1977
1977
1977
1977
1977
1977
1977
1978
1978
1978
1978
1978
1978
1978
1978
1977
1977
1977
1977
1976
1977
1977
1977
1977
1977
1978
1978
1978
1978
1978
1978
1978
1978
1978
1978
1978
1978
1978
1978
1977
1977
1977
1977
1977
1977
1978
1977
1978
1978
1979
1979
1979
1979
1979
1979
1979
1979
1979
1979
1977
1977
1977
1978
1977
1978
1979
1978
1979
1979
1979
1979
1979
1979
1980
1980
1980
1980
1980
1980
1977
1977
1978
1978
1978
1978
1978
1978
1978
1978
1980
1980
1980
1980
1980
1980
1981
1981
1981
1981
1978
1978
1978
1978
1979
1979
1979
1979
1979
1979
1980
1980
1980
1980
1981
1981
1981
1981
1981
1981
1979
1979
1979
1979
1979
1979
1980
1980
1980
1980
1980
1981
1981
1981
1981
1981
1982
1982
1982
1982
1980
1980
1980
1980
1980
1980
1980
1980
1980
1980
1981
1981
1981
1981
1981
1982
1982
1982
1982
1982
1980
1980
1981
1981
1981
1981
1981
1981
1981
1981
1982
1982
1982
1982
1982
1982
1983
1983
1983
1983
1981
1981
1981
1981
1981
1981
1981
1982
1982
1982
1982
1982
1982
1983
1983
1983
1983
1983
1983
1982
1982
1982
1981
1981
1982
1982
1982
1982
1982
1982
1982
1983
1983
1983
1983
1983
1983
1983
1983
1984
1982
1982
1982
1982
1982
1982
1982
1982
1982
1983
1983
1983
1983
1983
1983
1983
1983
1983
1983
1983
1983
1983
1983
1983
1983
1983
1983
1983
1983
1983
1983
1983
1983
1983
1983
1984
1984
1984
1984
1984
1984
1984
1984
1984
1984
1984
1984
1984
1984
1984
1984
1984
1984
1984
1984
1984
1984
1984
1984
1985
1985
1985
1984
1984
1984
1984
1984
1985
1985
1985
1985
1985
1985
1985
1985
1985
1985
1985
1985
1985
1985
1985
1985
1985
1985
1985
1985
1986
1986
1986
1986
1986
1986
1986
1986
1986
1986
1986
1986
1986
1986
1986
1986
1986
1986
1986
1986
1986
1986
1986
1987
1987
1987
1987
1987
1987
1987
1987
1987
1987
1987
1987
1987
1987
1987
1987
1987
1988
1988
1988
1988
1988
1988
1988
1988
1988
1989
1989
1988
1989
1989
1989
1989
1989
1989
1989
1989
1989
1989
1989
1989
1989
1989
1990
1990
1990
1990
1990
1989
1989
1989
1989
1989
1990
1990
1990
1990
1990
1990
1990
1990
1990
1990
1990
1990
1990
1990
1990
1990
1990
1990
1990
1991
1991
1991
1991
1991
1991
1991
1991
1991
1991
1991
1991
1991
1991
1991
1991
1991
1992
1992
1992
1992
1992
1992
1992
1992
1992
1993
1993
1992
1992
1992
1992
1992
1993
1993
1993
1993
1993
1993
1993
1993
1993
1993
1993
1994
1994
1994
1994
1994
1994
1994
1994
1994
1994
1994
1994
1994
1994
1994
1994
1994
1995
1995
1995
1995
1995
1995
1995
1995
1995
1995
1995
1995
1995
1995
1995
1995
1995
1995
1996
1996
1996
1996
1996
1996
1996
1996
1996
1996
1996
1996
1996
1996
1996
1997
1997
1997
1997
1997
1997
1997
1997
1997
1997
1997
1997
1997
1997
1997
1997
1997
1997
1998
1998
1998
1998
1998
1998
1998
1998
1998
1998
1998
1998
1998
1998
1998
1998
1999
1999
1999
1999
1999
1999
1999
1999
1999
1999
1999
1999
1999
1999
1999
1999
1999
2000
2000
2000
2000
2000
2000
2000
2000
2000
2000
2000
2000
2000
2000
2000
2000
2000
2000
2000
2001
2001
2001
2001
2001
2001
2001
2001
2001
2001
2001
2001
2001
2001
2001
2001
2001
2001
2001
2001
2001
2001
2001
2001
2001
2001
2001
2001
2001
2001
2001
2001
2001
2001
2001
2001
2001
2001
2001
2001
2001
2001
2001
2001
2001
2001
2001
2001
2002
2002
2002
2002
2000
2001
2001
2002
2002
2001
2001
2001
2001
2002
2002
2002
2002
2002
2002
2002
2002
2002
2002
2001
2001
2001
2001
2001
2001
2001
2001
2001
2001
2001
2002
2002
2002
2002
2002
2003
2003
2003
2003
2003
2002
2002
2002
2002
2002
2002
2002
2002
2002
2003
2003
2003
2003
2003
2003
2003
2003
2003
2003
2003
2003
2003
2003
2003
2004
2004
2004
2004
2004
2004
2004
2004
2004
2004
2004
2004
2004
2004
2004
2004
2004
2004
2004
2004
2004
2004
2004
2004
2004
2004
2004
2004
2004
2004
2004
2004
2004
2004
2004
2004
2004
2004
2004
2004
2004
2004
2004
2004
2004
2004
2005
2005
2005
2005
2005
2005
2005
2005
2005
2005
2005
2005
2005
2005
2005
2005
2005
2005
2005
2005
2005
2005
2005
2005
2005
2005
2005
2005
2005
2005
2004
2004
2005
2005
2005
2005
2005
2005
2005
2005
2005
2005
2005
2005
2005
2005
2005
2005
2005
2006
2004
2006
2006
2006
2006
2006
2006
2006
2006
2006
2006
2006
2006
2006
2006
2006
2006
2006
2006
2006
2005
2005
2005
2005
2005
2005
2006
2006
2006
2006
2006
2007
2007
2007
2007
2007
2007
2007
2007
2007
2006
2006
2006
2006
2006
2006
2006
2006
2006
2006
2007
2007
2007
2007
2007
2007
2008
2008
2008
2008
2007
2007
2007
2007
2007
2007
2007
2007
2007
2007
2007
2007
2008
2008
2008
2008
2008
2008
2009
2008
2007
2007
2007
