0
13.3
98.9
143.9
171.1
181.9
191.7
202.9
205.2
214.8
217.1
222.8
228.4
233.7
239.2
243
246.5
249.5
251.7
254.1
256.1
258.6
259.9
261.2
262.9
264.3
265.7
266.9
268.2
269.1
269
269
270.1
271
274
275.4
275.5
275.7
276.6
279.6
279.6
277.6
278.9
278.8
279.8
281
282.3
282.4
282.8
282.9
285.1
286.1
286.3
286.3
286.4
287.4
288.4
288.3
288.3
288.2
289.3
290.4
291.3
291.5
291.6
291.6
292.5
292.5
292.5
292.4
292.4
293.3
294.4
295.4
296.4
296.3
296.2
297.2
298.1
299.1
299.2
299.2
300.2
301.1
302.2
302.3
303.2
303.3
303.3
304.3
305.3
304.5
305.4
305.9
306
305.9
307
308
308.6
308.7
309.1
179
