
nofdb	workloads/workloadg_uniform.spec	32
# Load duration (sec): 735.991
# Loading records:	100000000
# Load throughput (KOPS): 135.871
Count: 100000000  Average: 233.9698  StdDev: 1523.92
Percentiles(us): P50: 202.07 P90: 340.73 P99: 662.88 P99.9: 3385.54 P99.99: 33960.14
------------------------------------------------------
[      50,      60 )      92   0.000%   0.000% 
[      60,      70 )    5204   0.005%   0.005% 
[      70,      80 )   23043   0.023%   0.028% 
[      80,      90 )   34278   0.034%   0.063% 
[      90,     100 )  990706   0.991%   1.053% 
[     100,     120 ) 24994601  24.995%  26.048% #####
[     120,     140 ) 4335524   4.336%  30.383% #
[     140,     160 ) 9564572   9.565%  39.948% ##
[     160,     180 ) 5843286   5.843%  45.791% #
[     180,     200 ) 3244063   3.244%  49.035% #
[     200,     250 ) 23248363  23.248%  72.284% #####
[     250,     300 ) 13113238  13.113%  85.397% ###
[     300,     350 ) 5650684   5.651%  91.048% #
[     350,     400 ) 3147563   3.148%  94.195% #
[     400,     450 ) 1837192   1.837%  96.032% 
[     450,     500 ) 1370479   1.370%  97.403% 
[     500,     600 ) 1199477   1.199%  98.602% 
[     600,     700 )  632340   0.632%  99.235% 
[     700,     800 )  338717   0.339%  99.573% 
[     800,     900 )  167362   0.167%  99.741% 
[     900,    1000 )   72863   0.073%  99.814% 
[    1000,    1200 )   51424   0.051%  99.865% 
[    1200,    1400 )   17935   0.018%  99.883% 
[    1400,    1600 )    6287   0.006%  99.889% 
[    1600,    1800 )    3174   0.003%  99.892% 
[    1800,    2000 )    1879   0.002%  99.894% 
[    2000,    2500 )    2891   0.003%  99.897% 
[    2500,    3000 )    1803   0.002%  99.899% 
[    3000,    3500 )    1245   0.001%  99.900% 
[    3500,    4000 )    1186   0.001%  99.901% 
[    4000,    4500 )    1104   0.001%  99.903% 
[    4500,    5000 )    1140   0.001%  99.904% 
[    5000,    6000 )    3475   0.003%  99.907% 
[    6000,    7000 )    7575   0.008%  99.915% 
[    7000,    8000 )    6350   0.006%  99.921% 
[    8000,    9000 )    5870   0.006%  99.927% 
[    9000,   10000 )    9799   0.010%  99.937% 
[   10000,   12000 )   11505   0.012%  99.948% 
[   12000,   14000 )    3565   0.004%  99.952% 
[   14000,   16000 )    2826   0.003%  99.955% 
[   16000,   18000 )    3104   0.003%  99.958% 
[   18000,   20000 )    2999   0.003%  99.961% 
[   20000,   25000 )   20503   0.021%  99.981% 
[   25000,   30000 )    6608   0.007%  99.988% 
[   30000,   35000 )    2659   0.003%  99.991% 
[   35000,   40000 )    1076   0.001%  99.992% 
[   40000,   45000 )     771   0.001%  99.992% 
[   45000,   50000 )    1575   0.002%  99.994% 
[   50000,   60000 )    1291   0.001%  99.995% 
[   60000,   70000 )    1543   0.002%  99.997% 
[   70000,   80000 )     974   0.001%  99.998% 
[   80000,   90000 )     832   0.001%  99.999% 
[   90000,  100000 )     296   0.000%  99.999% 
[  100000,  120000 )     467   0.000%  99.999% 
[  120000,  140000 )     110   0.000%  99.999% 
[  140000,  160000 )      63   0.000% 100.000% 
[  160000,  180000 )      32   0.000% 100.000% 
[  180000,  200000 )       1   0.000% 100.000% 
[  200000,  250000 )      32   0.000% 100.000% 
[  250000,  300000 )      32   0.000% 100.000% 
[  300000,  350000 )      64   0.000% 100.000% 
[  350000,  400000 )      83   0.000% 100.000% 
[  400000,  450000 )      13   0.000% 100.000% 
[  500000,  600000 )      32   0.000% 100.000% 
[  600000,  700000 )      64   0.000% 100.000% 
[  700000,  800000 )      32   0.000% 100.000% 
[ 1000000, 1200000 )      32   0.000% 100.000% 
[ 1200000, 1400000 )      32   0.000% 100.000% 


# Run duration (sec): 748.87
# Run operations:	100000000
# Run throughput (KOPS): 133.535
Count: 100000000  Average: 237.6472  StdDev: 1200.06
Percentiles(us): P50: 201.75 P90: 339.74 P99: 663.08 P99.9: 4909.31 P99.99: 68446.13
------------------------------------------------------
[      50,      60 )      91   0.000%   0.000% 
[      60,      70 )    5642   0.006%   0.006% 
[      70,      80 )   23619   0.024%   0.029% 
[      80,      90 )   34424   0.034%   0.064% 
[      90,     100 ) 1072593   1.073%   1.136% 
[     100,     120 ) 25030955  25.031%  26.167% #####
[     120,     140 ) 4708345   4.708%  30.876% #
[     140,     160 ) 9318968   9.319%  40.195% ##
[     160,     180 ) 5735195   5.735%  45.930% #
[     180,     200 ) 3249786   3.250%  49.180% #
[     200,     250 ) 23439198  23.439%  72.619% #####
[     250,     300 ) 12882974  12.883%  85.502% ###
[     300,     350 ) 5660155   5.660%  91.162% #
[     350,     400 ) 3091994   3.092%  94.254% #
[     400,     450 ) 1809223   1.809%  96.063% 
[     450,     500 ) 1344285   1.344%  97.407% 
[     500,     600 ) 1200184   1.200%  98.608% 
[     600,     700 )  622061   0.622%  99.230% 
[     700,     800 )  336925   0.337%  99.567% 
[     800,     900 )  167514   0.168%  99.734% 
[     900,    1000 )   73833   0.074%  99.808% 
[    1000,    1200 )   52538   0.053%  99.861% 
[    1200,    1400 )   18487   0.018%  99.879% 
[    1400,    1600 )    6538   0.007%  99.886% 
[    1600,    1800 )    3182   0.003%  99.889% 
[    1800,    2000 )    1823   0.002%  99.891% 
[    2000,    2500 )    2676   0.003%  99.893% 
[    2500,    3000 )    1656   0.002%  99.895% 
[    3000,    3500 )    1367   0.001%  99.896% 
[    3500,    4000 )    1340   0.001%  99.898% 
[    4000,    4500 )    1251   0.001%  99.899% 
[    4500,    5000 )    1439   0.001%  99.900% 
[    5000,    6000 )    6362   0.006%  99.907% 
[    6000,    7000 )   18540   0.019%  99.925% 
[    7000,    8000 )    5912   0.006%  99.931% 
[    8000,    9000 )    3815   0.004%  99.935% 
[    9000,   10000 )    3670   0.004%  99.939% 
[   10000,   12000 )    3489   0.003%  99.942% 
[   12000,   14000 )    3180   0.003%  99.945% 
[   14000,   16000 )    2196   0.002%  99.947% 
[   16000,   18000 )    2665   0.003%  99.950% 
[   18000,   20000 )    3266   0.003%  99.953% 
[   20000,   25000 )   20037   0.020%  99.973% 
[   25000,   30000 )    5956   0.006%  99.979% 
[   30000,   35000 )    2816   0.003%  99.982% 
[   35000,   40000 )    1185   0.001%  99.983% 
[   40000,   45000 )     786   0.001%  99.984% 
[   45000,   50000 )    1406   0.001%  99.986% 
[   50000,   60000 )    2012   0.002%  99.988% 
[   60000,   70000 )    2896   0.003%  99.990% 
[   70000,   80000 )    2802   0.003%  99.993% 
[   80000,   90000 )    3007   0.003%  99.996% 
[   90000,  100000 )    1234   0.001%  99.997% 
[  100000,  120000 )     882   0.001%  99.998% 
[  120000,  140000 )     911   0.001%  99.999% 
[  140000,  160000 )     393   0.000% 100.000% 
[  160000,  180000 )     226   0.000% 100.000% 
[  180000,  200000 )      34   0.000% 100.000% 
[  200000,  250000 )      29   0.000% 100.000% 
[  350000,  400000 )      32   0.000% 100.000% 

Read info: 
Count: 0  Average: 0.0000  StdDev: 0.00
Percentiles(us): P50: -nan P90: -nan P99: -nan P99.9: -nan P99.99: -nan
------------------------------------------------------

Write info: 
Count: 100000000  Average: 237.6472  StdDev: 1200.06
Percentiles(us): P50: 201.75 P90: 339.74 P99: 663.08 P99.9: 4909.31 P99.99: 68446.13
------------------------------------------------------
[      50,      60 )      91   0.000%   0.000% 
[      60,      70 )    5642   0.006%   0.006% 
[      70,      80 )   23619   0.024%   0.029% 
[      80,      90 )   34424   0.034%   0.064% 
[      90,     100 ) 1072593   1.073%   1.136% 
[     100,     120 ) 25030955  25.031%  26.167% #####
[     120,     140 ) 4708345   4.708%  30.876% #
[     140,     160 ) 9318968   9.319%  40.195% ##
[     160,     180 ) 5735195   5.735%  45.930% #
[     180,     200 ) 3249786   3.250%  49.180% #
[     200,     250 ) 23439198  23.439%  72.619% #####
[     250,     300 ) 12882974  12.883%  85.502% ###
[     300,     350 ) 5660155   5.660%  91.162% #
[     350,     400 ) 3091994   3.092%  94.254% #
[     400,     450 ) 1809223   1.809%  96.063% 
[     450,     500 ) 1344285   1.344%  97.407% 
[     500,     600 ) 1200184   1.200%  98.608% 
[     600,     700 )  622061   0.622%  99.230% 
[     700,     800 )  336925   0.337%  99.567% 
[     800,     900 )  167514   0.168%  99.734% 
[     900,    1000 )   73833   0.074%  99.808% 
[    1000,    1200 )   52538   0.053%  99.861% 
[    1200,    1400 )   18487   0.018%  99.879% 
[    1400,    1600 )    6538   0.007%  99.886% 
[    1600,    1800 )    3182   0.003%  99.889% 
[    1800,    2000 )    1823   0.002%  99.891% 
[    2000,    2500 )    2676   0.003%  99.893% 
[    2500,    3000 )    1656   0.002%  99.895% 
[    3000,    3500 )    1367   0.001%  99.896% 
[    3500,    4000 )    1340   0.001%  99.898% 
[    4000,    4500 )    1251   0.001%  99.899% 
[    4500,    5000 )    1439   0.001%  99.900% 
[    5000,    6000 )    6362   0.006%  99.907% 
[    6000,    7000 )   18540   0.019%  99.925% 
[    7000,    8000 )    5912   0.006%  99.931% 
[    8000,    9000 )    3815   0.004%  99.935% 
[    9000,   10000 )    3670   0.004%  99.939% 
[   10000,   12000 )    3489   0.003%  99.942% 
[   12000,   14000 )    3180   0.003%  99.945% 
[   14000,   16000 )    2196   0.002%  99.947% 
[   16000,   18000 )    2665   0.003%  99.950% 
[   18000,   20000 )    3266   0.003%  99.953% 
[   20000,   25000 )   20037   0.020%  99.973% 
[   25000,   30000 )    5956   0.006%  99.979% 
[   30000,   35000 )    2816   0.003%  99.982% 
[   35000,   40000 )    1185   0.001%  99.983% 
[   40000,   45000 )     786   0.001%  99.984% 
[   45000,   50000 )    1406   0.001%  99.986% 
[   50000,   60000 )    2012   0.002%  99.988% 
[   60000,   70000 )    2896   0.003%  99.990% 
[   70000,   80000 )    2802   0.003%  99.993% 
[   80000,   90000 )    3007   0.003%  99.996% 
[   90000,  100000 )    1234   0.001%  99.997% 
[  100000,  120000 )     882   0.001%  99.998% 
[  120000,  140000 )     911   0.001%  99.999% 
[  140000,  160000 )     393   0.000% 100.000% 
[  160000,  180000 )     226   0.000% 100.000% 
[  180000,  200000 )      34   0.000% 100.000% 
[  200000,  250000 )      29   0.000% 100.000% 
[  350000,  400000 )      32   0.000% 100.000% 


