
nofdb	workloads/workloadg_zipfian.spec	32
# Load duration (sec): 735.746
# Loading records:	100000000
# Load throughput (KOPS): 135.916
Count: 100000000  Average: 234.4370  StdDev: 1728.45
Percentiles(us): P50: 202.54 P90: 341.69 P99: 661.32 P99.9: 3375.00 P99.99: 31313.99
------------------------------------------------------
[      50,      60 )      45   0.000%   0.000% 
[      60,      70 )    4018   0.004%   0.004% 
[      70,      80 )   21195   0.021%   0.025% 
[      80,      90 )   32510   0.033%   0.058% 
[      90,     100 )  533484   0.533%   0.591% 
[     100,     120 ) 24639244  24.639%  25.230% #####
[     120,     140 ) 4675486   4.675%  29.906% #
[     140,     160 ) 9945576   9.946%  39.852% ##
[     160,     180 ) 5590584   5.591%  45.442% #
[     180,     200 ) 3381410   3.381%  48.824% #
[     200,     250 ) 23139231  23.139%  71.963% #####
[     250,     300 ) 13234811  13.235%  85.198% ###
[     300,     350 ) 5759100   5.759%  90.957% #
[     350,     400 ) 3229777   3.230%  94.186% #
[     400,     450 ) 1843971   1.844%  96.030% 
[     450,     500 ) 1371312   1.371%  97.402% 
[     500,     600 ) 1211200   1.211%  98.613% 
[     600,     700 )  631228   0.631%  99.244% 
[     700,     800 )  335106   0.335%  99.579% 
[     800,     900 )  165989   0.166%  99.745% 
[     900,    1000 )   71857   0.072%  99.817% 
[    1000,    1200 )   50752   0.051%  99.868% 
[    1200,    1400 )   16783   0.017%  99.885% 
[    1400,    1600 )    5637   0.006%  99.890% 
[    1600,    1800 )    2740   0.003%  99.893% 
[    1800,    2000 )    1564   0.002%  99.895% 
[    2000,    2500 )    2521   0.003%  99.897% 
[    2500,    3000 )    1804   0.002%  99.899% 
[    3000,    3500 )    1420   0.001%  99.900% 
[    3500,    4000 )    1130   0.001%  99.901% 
[    4000,    4500 )    1139   0.001%  99.903% 
[    4500,    5000 )    1188   0.001%  99.904% 
[    5000,    6000 )    3908   0.004%  99.908% 
[    6000,    7000 )    7713   0.008%  99.915% 
[    7000,    8000 )    5800   0.006%  99.921% 
[    8000,    9000 )    4868   0.005%  99.926% 
[    9000,   10000 )   10117   0.010%  99.936% 
[   10000,   12000 )   12426   0.012%  99.949% 
[   12000,   14000 )    4001   0.004%  99.953% 
[   14000,   16000 )    2940   0.003%  99.956% 
[   16000,   18000 )    3601   0.004%  99.959% 
[   18000,   20000 )    3347   0.003%  99.963% 
[   20000,   25000 )   20299   0.020%  99.983% 
[   25000,   30000 )    6516   0.007%  99.989% 
[   30000,   35000 )    2481   0.002%  99.992% 
[   35000,   40000 )     790   0.001%  99.993% 
[   40000,   45000 )     616   0.001%  99.993% 
[   45000,   50000 )    1320   0.001%  99.995% 
[   50000,   60000 )     947   0.001%  99.996% 
[   60000,   70000 )    1270   0.001%  99.997% 
[   70000,   80000 )     722   0.001%  99.997% 
[   80000,   90000 )     839   0.001%  99.998% 
[   90000,  100000 )     678   0.001%  99.999% 
[  100000,  120000 )     426   0.000%  99.999% 
[  120000,  140000 )      84   0.000% 100.000% 
[  140000,  160000 )      99   0.000% 100.000% 
[  160000,  180000 )      28   0.000% 100.000% 
[  180000,  200000 )      33   0.000% 100.000% 
[  200000,  250000 )      95   0.000% 100.000% 
[  250000,  300000 )      32   0.000% 100.000% 
[  350000,  400000 )      32   0.000% 100.000% 
[  500000,  600000 )      32   0.000% 100.000% 
[  600000,  700000 )      32   0.000% 100.000% 
[ 1200000, 1400000 )      32   0.000% 100.000% 
[ 1400000, 1600000 )      64   0.000% 100.000% 


# Run duration (sec): 1063.26
# Run operations:	100000000
# Run throughput (KOPS): 94.0506
Count: 100000000  Average: 339.0827  StdDev: 1830.11
Percentiles(us): P50: 187.41 P90: 360.77 P99: 3367.01 P99.9: 9514.98 P99.99: 65405.10
------------------------------------------------------
[      50,      60 )     119   0.000%   0.000% 
[      60,      70 )    7504   0.008%   0.008% 
[      70,      80 )   29905   0.030%   0.038% 
[      80,      90 )   39351   0.039%   0.077% 
[      90,     100 ) 1039045   1.039%   1.116% 
[     100,     120 ) 28363099  28.363%  29.479% ######
[     120,     140 ) 4250660   4.251%  33.730% #
[     140,     160 ) 10588633  10.589%  44.318% ##
[     160,     180 ) 4788821   4.789%  49.107% #
[     180,     200 ) 2411438   2.411%  51.519% 
[     200,     250 ) 22742146  22.742%  74.261% #####
[     250,     300 ) 11575932  11.576%  85.837% ##
[     300,     350 ) 3754948   3.755%  89.592% #
[     350,     400 ) 1895857   1.896%  91.487% 
[     400,     450 )  951222   0.951%  92.439% 
[     450,     500 )  688585   0.689%  93.127% 
[     500,     600 )  657868   0.658%  93.785% 
[     600,     700 )  404117   0.404%  94.189% 
[     700,     800 )  291954   0.292%  94.481% 
[     800,     900 )  245825   0.246%  94.727% 
[     900,    1000 )  219381   0.219%  94.946% 
[    1000,    1200 )  413152   0.413%  95.360% 
[    1200,    1400 )  409865   0.410%  95.769% 
[    1400,    1600 )  397305   0.397%  96.167% 
[    1600,    1800 )  390966   0.391%  96.558% 
[    1800,    2000 )  370876   0.371%  96.929% 
[    2000,    2500 )  881993   0.882%  97.811% 
[    2500,    3000 )  759429   0.759%  98.570% 
[    3000,    3500 )  585827   0.586%  99.156% 
[    3500,    4000 )  386359   0.386%  99.542% 
[    4000,    4500 )  206260   0.206%  99.748% 
[    4500,    5000 )   83276   0.083%  99.832% 
[    5000,    6000 )   35557   0.036%  99.867% 
[    6000,    7000 )   12545   0.013%  99.880% 
[    7000,    8000 )    9633   0.010%  99.889% 
[    8000,    9000 )    6818   0.007%  99.896% 
[    9000,   10000 )    7241   0.007%  99.904% 
[   10000,   12000 )   12128   0.012%  99.916% 
[   12000,   14000 )    6877   0.007%  99.923% 
[   14000,   16000 )    5888   0.006%  99.928% 
[   16000,   18000 )    6452   0.006%  99.935% 
[   18000,   20000 )    6696   0.007%  99.942% 
[   20000,   25000 )   21971   0.022%  99.964% 
[   25000,   30000 )    9954   0.010%  99.973% 
[   30000,   35000 )    4168   0.004%  99.978% 
[   35000,   40000 )    1866   0.002%  99.980% 
[   40000,   45000 )    1696   0.002%  99.981% 
[   45000,   50000 )    1805   0.002%  99.983% 
[   50000,   60000 )    4145   0.004%  99.987% 
[   60000,   70000 )    5258   0.005%  99.992% 
[   70000,   80000 )    3640   0.004%  99.996% 
[   80000,   90000 )    1572   0.002%  99.998% 
[   90000,  100000 )     575   0.001%  99.998% 
[  100000,  120000 )     656   0.001%  99.999% 
[  120000,  140000 )     479   0.000%  99.999% 
[  140000,  160000 )      33   0.000%  99.999% 
[  160000,  180000 )      94   0.000%  99.999% 
[  180000,  200000 )      61   0.000% 100.000% 
[  200000,  250000 )     157   0.000% 100.000% 
[  250000,  300000 )      32   0.000% 100.000% 
[  300000,  350000 )      64   0.000% 100.000% 
[  350000,  400000 )      32   0.000% 100.000% 
[  400000,  450000 )      32   0.000% 100.000% 
[  600000,  700000 )      28   0.000% 100.000% 
[  700000,  800000 )      65   0.000% 100.000% 
[ 1000000, 1200000 )      32   0.000% 100.000% 
[ 1200000, 1400000 )      32   0.000% 100.000% 

Read info: 
Count: 0  Average: 0.0000  StdDev: 0.00
Percentiles(us): P50: -nan P90: -nan P99: -nan P99.9: -nan P99.99: -nan
------------------------------------------------------

Write info: 
Count: 100000000  Average: 339.0827  StdDev: 1830.11
Percentiles(us): P50: 187.41 P90: 360.77 P99: 3367.01 P99.9: 9514.98 P99.99: 65405.10
------------------------------------------------------
[      50,      60 )     119   0.000%   0.000% 
[      60,      70 )    7504   0.008%   0.008% 
[      70,      80 )   29905   0.030%   0.038% 
[      80,      90 )   39351   0.039%   0.077% 
[      90,     100 ) 1039045   1.039%   1.116% 
[     100,     120 ) 28363099  28.363%  29.479% ######
[     120,     140 ) 4250660   4.251%  33.730% #
[     140,     160 ) 10588633  10.589%  44.318% ##
[     160,     180 ) 4788821   4.789%  49.107% #
[     180,     200 ) 2411438   2.411%  51.519% 
[     200,     250 ) 22742146  22.742%  74.261% #####
[     250,     300 ) 11575932  11.576%  85.837% ##
[     300,     350 ) 3754948   3.755%  89.592% #
[     350,     400 ) 1895857   1.896%  91.487% 
[     400,     450 )  951222   0.951%  92.439% 
[     450,     500 )  688585   0.689%  93.127% 
[     500,     600 )  657868   0.658%  93.785% 
[     600,     700 )  404117   0.404%  94.189% 
[     700,     800 )  291954   0.292%  94.481% 
[     800,     900 )  245825   0.246%  94.727% 
[     900,    1000 )  219381   0.219%  94.946% 
[    1000,    1200 )  413152   0.413%  95.360% 
[    1200,    1400 )  409865   0.410%  95.769% 
[    1400,    1600 )  397305   0.397%  96.167% 
[    1600,    1800 )  390966   0.391%  96.558% 
[    1800,    2000 )  370876   0.371%  96.929% 
[    2000,    2500 )  881993   0.882%  97.811% 
[    2500,    3000 )  759429   0.759%  98.570% 
[    3000,    3500 )  585827   0.586%  99.156% 
[    3500,    4000 )  386359   0.386%  99.542% 
[    4000,    4500 )  206260   0.206%  99.748% 
[    4500,    5000 )   83276   0.083%  99.832% 
[    5000,    6000 )   35557   0.036%  99.867% 
[    6000,    7000 )   12545   0.013%  99.880% 
[    7000,    8000 )    9633   0.010%  99.889% 
[    8000,    9000 )    6818   0.007%  99.896% 
[    9000,   10000 )    7241   0.007%  99.904% 
[   10000,   12000 )   12128   0.012%  99.916% 
[   12000,   14000 )    6877   0.007%  99.923% 
[   14000,   16000 )    5888   0.006%  99.928% 
[   16000,   18000 )    6452   0.006%  99.935% 
[   18000,   20000 )    6696   0.007%  99.942% 
[   20000,   25000 )   21971   0.022%  99.964% 
[   25000,   30000 )    9954   0.010%  99.973% 
[   30000,   35000 )    4168   0.004%  99.978% 
[   35000,   40000 )    1866   0.002%  99.980% 
[   40000,   45000 )    1696   0.002%  99.981% 
[   45000,   50000 )    1805   0.002%  99.983% 
[   50000,   60000 )    4145   0.004%  99.987% 
[   60000,   70000 )    5258   0.005%  99.992% 
[   70000,   80000 )    3640   0.004%  99.996% 
[   80000,   90000 )    1572   0.002%  99.998% 
[   90000,  100000 )     575   0.001%  99.998% 
[  100000,  120000 )     656   0.001%  99.999% 
[  120000,  140000 )     479   0.000%  99.999% 
[  140000,  160000 )      33   0.000%  99.999% 
[  160000,  180000 )      94   0.000%  99.999% 
[  180000,  200000 )      61   0.000% 100.000% 
[  200000,  250000 )     157   0.000% 100.000% 
[  250000,  300000 )      32   0.000% 100.000% 
[  300000,  350000 )      64   0.000% 100.000% 
[  350000,  400000 )      32   0.000% 100.000% 
[  400000,  450000 )      32   0.000% 100.000% 
[  600000,  700000 )      28   0.000% 100.000% 
[  700000,  800000 )      65   0.000% 100.000% 
[ 1000000, 1200000 )      32   0.000% 100.000% 
[ 1200000, 1400000 )      32   0.000% 100.000% 


