
nofdb	workloads/workloadc_zipfian.spec	32
# Load duration (sec): 732.479
# Loading records:	100000000
# Load throughput (KOPS): 136.523
Count: 100000000  Average: 232.1308  StdDev: 1526.16
Percentiles(us): P50: 201.52 P90: 338.63 P99: 660.42 P99.9: 2672.67 P99.99: 34490.25
------------------------------------------------------
[      50,      60 )     225   0.000%   0.000% 
[      60,      70 )    7989   0.008%   0.008% 
[      70,      80 )   25401   0.025%   0.034% 
[      80,      90 )   33824   0.034%   0.067% 
[      90,     100 ) 2128502   2.129%   2.196% 
[     100,     120 ) 23977635  23.978%  26.174% #####
[     120,     140 ) 4554441   4.554%  30.728% #
[     140,     160 ) 10088843  10.089%  40.817% ##
[     160,     180 ) 5390744   5.391%  46.208% #
[     180,     200 ) 3079436   3.079%  49.287% #
[     200,     250 ) 23392606  23.393%  72.680% #####
[     250,     300 ) 13072710  13.073%  85.752% ###
[     300,     350 ) 5498455   5.498%  91.251% #
[     350,     400 ) 3046692   3.047%  94.298% #
[     400,     450 ) 1780593   1.781%  96.078% 
[     450,     500 ) 1355839   1.356%  97.434% 
[     500,     600 ) 1184432   1.184%  98.618% 
[     600,     700 )  631610   0.632%  99.250% 
[     700,     800 )  333689   0.334%  99.584% 
[     800,     900 )  166127   0.166%  99.750% 
[     900,    1000 )   71403   0.071%  99.821% 
[    1000,    1200 )   49486   0.049%  99.871% 
[    1200,    1400 )   16895   0.017%  99.888% 
[    1400,    1600 )    5426   0.005%  99.893% 
[    1600,    1800 )    2643   0.003%  99.896% 
[    1800,    2000 )    1539   0.002%  99.897% 
[    2000,    2500 )    2297   0.002%  99.899% 
[    2500,    3000 )    1500   0.002%  99.901% 
[    3000,    3500 )    1249   0.001%  99.902% 
[    3500,    4000 )    1023   0.001%  99.903% 
[    4000,    4500 )    1027   0.001%  99.904% 
[    4500,    5000 )    1279   0.001%  99.906% 
[    5000,    6000 )    4585   0.005%  99.910% 
[    6000,    7000 )    7163   0.007%  99.917% 
[    7000,    8000 )    9051   0.009%  99.926% 
[    8000,    9000 )    5452   0.005%  99.932% 
[    9000,   10000 )    9434   0.009%  99.941% 
[   10000,   12000 )    8129   0.008%  99.949% 
[   12000,   14000 )    3335   0.003%  99.953% 
[   14000,   16000 )    2491   0.002%  99.955% 
[   16000,   18000 )    3329   0.003%  99.959% 
[   18000,   20000 )    3041   0.003%  99.962% 
[   20000,   25000 )   20305   0.020%  99.982% 
[   25000,   30000 )    5914   0.006%  99.988% 
[   30000,   35000 )    2462   0.002%  99.990% 
[   35000,   40000 )    1169   0.001%  99.991% 
[   40000,   45000 )     908   0.001%  99.992% 
[   45000,   50000 )    1437   0.001%  99.994% 
[   50000,   60000 )    1072   0.001%  99.995% 
[   60000,   70000 )     845   0.001%  99.996% 
[   70000,   80000 )     951   0.001%  99.997% 
[   80000,   90000 )    1194   0.001%  99.998% 
[   90000,  100000 )     682   0.001%  99.999% 
[  100000,  120000 )     700   0.001%  99.999% 
[  120000,  140000 )     175   0.000%  99.999% 
[  140000,  160000 )      81   0.000%  99.999% 
[  160000,  180000 )      87   0.000% 100.000% 
[  180000,  200000 )      32   0.000% 100.000% 
[  200000,  250000 )      65   0.000% 100.000% 
[  250000,  300000 )      95   0.000% 100.000% 
[  350000,  400000 )      32   0.000% 100.000% 
[  400000,  450000 )      64   0.000% 100.000% 
[  500000,  600000 )      32   0.000% 100.000% 
[  600000,  700000 )      64   0.000% 100.000% 
[ 1000000, 1200000 )      32   0.000% 100.000% 
[ 1200000, 1400000 )      32   0.000% 100.000% 


# Run duration (sec): 403.599
# Run operations:	100000000
# Run throughput (KOPS): 247.771
Count: 100000000  Average: 127.2115  StdDev: 473.53
Percentiles(us): P50: 87.85 P90: 219.98 P99: 488.90 P99.9: 1966.00 P99.99: 18154.27
------------------------------------------------------
[      30,      35 )      80   0.000%   0.000% 
[      35,      40 )  186908   0.187%   0.187% 
[      40,      45 ) 6741142   6.741%   6.928% #
[      45,      50 ) 12471329  12.471%  19.399% ##
[      50,      60 ) 13193431  13.193%  32.593% ###
[      60,      70 ) 3973412   3.973%  36.566% #
[      70,      80 ) 6876159   6.876%  43.442% #
[      80,      90 ) 8356849   8.357%  51.799% ##
[      90,     100 ) 4293928   4.294%  56.093% #
[     100,     120 ) 6009086   6.009%  62.102% #
[     120,     140 ) 9283944   9.284%  71.386% ##
[     140,     160 ) 6996412   6.996%  78.383% #
[     160,     180 ) 5452659   5.453%  83.835% #
[     180,     200 ) 3993256   3.993%  87.829% #
[     200,     250 ) 5435169   5.435%  93.264% #
[     250,     300 ) 2652011   2.652%  95.916% #
[     300,     350 ) 1473705   1.474%  97.389% 
[     350,     400 )  834668   0.835%  98.224% 
[     400,     450 )  518995   0.519%  98.743% 
[     450,     500 )  330182   0.330%  99.073% 
[     500,     600 )  367150   0.367%  99.440% 
[     600,     700 )  183137   0.183%  99.624% 
[     700,     800 )  100071   0.100%  99.724% 
[     800,     900 )   56410   0.056%  99.780% 
[     900,    1000 )   34291   0.034%  99.814% 
[    1000,    1200 )   36916   0.037%  99.851% 
[    1200,    1400 )   20209   0.020%  99.872% 
[    1400,    1600 )   13248   0.013%  99.885% 
[    1600,    1800 )    9530   0.010%  99.894% 
[    1800,    2000 )    6883   0.007%  99.901% 
[    2000,    2500 )   10354   0.010%  99.912% 
[    2500,    3000 )    6045   0.006%  99.918% 
[    3000,    3500 )    4840   0.005%  99.922% 
[    3500,    4000 )    5026   0.005%  99.927% 
[    4000,    4500 )    5063   0.005%  99.932% 
[    4500,    5000 )    4413   0.004%  99.937% 
[    5000,    6000 )    7488   0.007%  99.944% 
[    6000,    7000 )    5783   0.006%  99.950% 
[    7000,    8000 )    6169   0.006%  99.956% 
[    8000,    9000 )    5797   0.006%  99.962% 
[    9000,   10000 )    5071   0.005%  99.967% 
[   10000,   12000 )    7002   0.007%  99.974% 
[   12000,   14000 )    5155   0.005%  99.979% 
[   14000,   16000 )    5247   0.005%  99.985% 
[   16000,   18000 )    5180   0.005%  99.990% 
[   18000,   20000 )    2554   0.003%  99.992% 
[   20000,   25000 )    2232   0.002%  99.995% 
[   25000,   30000 )    3032   0.003%  99.998% 
[   30000,   35000 )     673   0.001%  99.998% 
[   35000,   40000 )     554   0.001%  99.999% 
[   40000,   45000 )     501   0.001%  99.999% 
[   45000,   50000 )     204   0.000% 100.000% 
[   50000,   60000 )     123   0.000% 100.000% 
[   60000,   70000 )      59   0.000% 100.000% 
[   70000,   80000 )      69   0.000% 100.000% 
[   80000,   90000 )      43   0.000% 100.000% 
[   90000,  100000 )      22   0.000% 100.000% 
[  100000,  120000 )      25   0.000% 100.000% 
[  120000,  140000 )      21   0.000% 100.000% 
[  140000,  160000 )       8   0.000% 100.000% 
[  160000,  180000 )       6   0.000% 100.000% 
[  200000,  250000 )      37   0.000% 100.000% 
[  250000,  300000 )       1   0.000% 100.000% 
[  300000,  350000 )      33   0.000% 100.000% 

Read info: 
Count: 100000000  Average: 127.2115  StdDev: 473.53
Percentiles(us): P50: 87.85 P90: 219.98 P99: 488.90 P99.9: 1966.00 P99.99: 18154.27
------------------------------------------------------
[      30,      35 )      80   0.000%   0.000% 
[      35,      40 )  186908   0.187%   0.187% 
[      40,      45 ) 6741142   6.741%   6.928% #
[      45,      50 ) 12471329  12.471%  19.399% ##
[      50,      60 ) 13193431  13.193%  32.593% ###
[      60,      70 ) 3973412   3.973%  36.566% #
[      70,      80 ) 6876159   6.876%  43.442% #
[      80,      90 ) 8356849   8.357%  51.799% ##
[      90,     100 ) 4293928   4.294%  56.093% #
[     100,     120 ) 6009086   6.009%  62.102% #
[     120,     140 ) 9283944   9.284%  71.386% ##
[     140,     160 ) 6996412   6.996%  78.383% #
[     160,     180 ) 5452659   5.453%  83.835% #
[     180,     200 ) 3993256   3.993%  87.829% #
[     200,     250 ) 5435169   5.435%  93.264% #
[     250,     300 ) 2652011   2.652%  95.916% #
[     300,     350 ) 1473705   1.474%  97.389% 
[     350,     400 )  834668   0.835%  98.224% 
[     400,     450 )  518995   0.519%  98.743% 
[     450,     500 )  330182   0.330%  99.073% 
[     500,     600 )  367150   0.367%  99.440% 
[     600,     700 )  183137   0.183%  99.624% 
[     700,     800 )  100071   0.100%  99.724% 
[     800,     900 )   56410   0.056%  99.780% 
[     900,    1000 )   34291   0.034%  99.814% 
[    1000,    1200 )   36916   0.037%  99.851% 
[    1200,    1400 )   20209   0.020%  99.872% 
[    1400,    1600 )   13248   0.013%  99.885% 
[    1600,    1800 )    9530   0.010%  99.894% 
[    1800,    2000 )    6883   0.007%  99.901% 
[    2000,    2500 )   10354   0.010%  99.912% 
[    2500,    3000 )    6045   0.006%  99.918% 
[    3000,    3500 )    4840   0.005%  99.922% 
[    3500,    4000 )    5026   0.005%  99.927% 
[    4000,    4500 )    5063   0.005%  99.932% 
[    4500,    5000 )    4413   0.004%  99.937% 
[    5000,    6000 )    7488   0.007%  99.944% 
[    6000,    7000 )    5783   0.006%  99.950% 
[    7000,    8000 )    6169   0.006%  99.956% 
[    8000,    9000 )    5797   0.006%  99.962% 
[    9000,   10000 )    5071   0.005%  99.967% 
[   10000,   12000 )    7002   0.007%  99.974% 
[   12000,   14000 )    5155   0.005%  99.979% 
[   14000,   16000 )    5247   0.005%  99.985% 
[   16000,   18000 )    5180   0.005%  99.990% 
[   18000,   20000 )    2554   0.003%  99.992% 
[   20000,   25000 )    2232   0.002%  99.995% 
[   25000,   30000 )    3032   0.003%  99.998% 
[   30000,   35000 )     673   0.001%  99.998% 
[   35000,   40000 )     554   0.001%  99.999% 
[   40000,   45000 )     501   0.001%  99.999% 
[   45000,   50000 )     204   0.000% 100.000% 
[   50000,   60000 )     123   0.000% 100.000% 
[   60000,   70000 )      59   0.000% 100.000% 
[   70000,   80000 )      69   0.000% 100.000% 
[   80000,   90000 )      43   0.000% 100.000% 
[   90000,  100000 )      22   0.000% 100.000% 
[  100000,  120000 )      25   0.000% 100.000% 
[  120000,  140000 )      21   0.000% 100.000% 
[  140000,  160000 )       8   0.000% 100.000% 
[  160000,  180000 )       6   0.000% 100.000% 
[  200000,  250000 )      37   0.000% 100.000% 
[  250000,  300000 )       1   0.000% 100.000% 
[  300000,  350000 )      33   0.000% 100.000% 

Write info: 
Count: 0  Average: 0.0000  StdDev: 0.00
Percentiles(us): P50: -nan P90: -nan P99: -nan P99.9: -nan P99.99: -nan
------------------------------------------------------


