
nofdb	workloads/workloadc_uniform.spec	32
# Load duration (sec): 767.633
# Loading records:	100000000
# Load throughput (KOPS): 130.271
Count: 100000000  Average: 244.9005  StdDev: 1298.22
Percentiles(us): P50: 203.38 P90: 354.67 P99: 916.82 P99.9: 3594.82 P99.99: 33268.87
------------------------------------------------------
[      50,      60 )      48   0.000%   0.000% 
[      60,      70 )    4173   0.004%   0.004% 
[      70,      80 )   22893   0.023%   0.027% 
[      80,      90 )   33953   0.034%   0.061% 
[      90,     100 )  385279   0.385%   0.446% 
[     100,     120 ) 25351036  25.351%  25.797% #####
[     120,     140 ) 4353096   4.353%  30.150% #
[     140,     160 ) 9499642   9.500%  39.650% ##
[     160,     180 ) 5529382   5.529%  45.180% #
[     180,     200 ) 3272548   3.273%  48.452% #
[     200,     250 ) 22926577  22.927%  71.379% #####
[     250,     300 ) 12806415  12.806%  84.185% ###
[     300,     350 ) 5526854   5.527%  89.712% #
[     350,     400 ) 3084668   3.085%  92.797% #
[     400,     450 ) 1831213   1.831%  94.628% 
[     450,     500 ) 1375937   1.376%  96.004% 
[     500,     600 ) 1352001   1.352%  97.356% 
[     600,     700 )  798922   0.799%  98.155% 
[     700,     800 )  495397   0.495%  98.650% 
[     800,     900 )  315518   0.316%  98.966% 
[     900,    1000 )  204810   0.205%  99.170% 
[    1000,    1200 )  265351   0.265%  99.436% 
[    1200,    1400 )  165646   0.166%  99.601% 
[    1400,    1600 )  104527   0.105%  99.706% 
[    1600,    1800 )   69560   0.070%  99.775% 
[    1800,    2000 )   44799   0.045%  99.820% 
[    2000,    2500 )   55019   0.055%  99.875% 
[    2500,    3000 )   18044   0.018%  99.893% 
[    3000,    3500 )    6249   0.006%  99.900% 
[    3500,    4000 )    2336   0.002%  99.902% 
[    4000,    4500 )    1314   0.001%  99.903% 
[    4500,    5000 )    1219   0.001%  99.904% 
[    5000,    6000 )    4852   0.005%  99.909% 
[    6000,    7000 )    4940   0.005%  99.914% 
[    7000,    8000 )    5421   0.005%  99.920% 
[    8000,    9000 )    8769   0.009%  99.928% 
[    9000,   10000 )    7939   0.008%  99.936% 
[   10000,   12000 )   10877   0.011%  99.947% 
[   12000,   14000 )    5133   0.005%  99.952% 
[   14000,   16000 )    3264   0.003%  99.956% 
[   16000,   18000 )    3715   0.004%  99.959% 
[   18000,   20000 )    3522   0.004%  99.963% 
[   20000,   25000 )   18728   0.019%  99.982% 
[   25000,   30000 )    6673   0.007%  99.988% 
[   30000,   35000 )    2663   0.003%  99.991% 
[   35000,   40000 )    1179   0.001%  99.992% 
[   40000,   45000 )     746   0.001%  99.993% 
[   45000,   50000 )    1316   0.001%  99.994% 
[   50000,   60000 )    1615   0.002%  99.996% 
[   60000,   70000 )    2119   0.002%  99.998% 
[   70000,   80000 )     598   0.001%  99.998% 
[   80000,   90000 )     405   0.000%  99.999% 
[   90000,  100000 )     173   0.000%  99.999% 
[  100000,  120000 )     394   0.000%  99.999% 
[  120000,  140000 )      85   0.000% 100.000% 
[  140000,  160000 )     103   0.000% 100.000% 
[  160000,  180000 )      25   0.000% 100.000% 
[  200000,  250000 )       8   0.000% 100.000% 
[  250000,  300000 )     122   0.000% 100.000% 
[  300000,  350000 )      65   0.000% 100.000% 
[  350000,  400000 )      61   0.000% 100.000% 
[  700000,  800000 )      32   0.000% 100.000% 
[ 1200000, 1400000 )      32   0.000% 100.000% 


# Run duration (sec): 546.718
# Run operations:	100000000
# Run throughput (KOPS): 182.91
Count: 100000000  Average: 174.4567  StdDev: 391.50
Percentiles(us): P50: 149.80 P90: 276.73 P99: 557.04 P99.9: 2392.01 P99.99: 16474.40
------------------------------------------------------
[      35,      40 )      15   0.000%   0.000% 
[      40,      45 )   14247   0.014%   0.014% 
[      45,      50 ) 1808861   1.809%   1.823% 
[      50,      60 ) 11336427  11.336%  13.160% ##
[      60,      70 ) 2308265   2.308%  15.468% 
[      70,      80 ) 1627340   1.627%  17.095% 
[      80,      90 ) 3528802   3.529%  20.624% #
[      90,     100 ) 2797665   2.798%  23.422% #
[     100,     120 ) 3631345   3.631%  27.053% #
[     120,     140 ) 15447004  15.447%  42.500% ###
[     140,     160 ) 15309321  15.309%  57.809% ###
[     160,     180 ) 9814215   9.814%  67.624% ##
[     180,     200 ) 8526452   8.526%  76.150% ##
[     200,     250 ) 11162412  11.162%  87.312% ##
[     250,     300 ) 5026807   5.027%  92.339% #
[     300,     350 ) 2963621   2.964%  95.303% #
[     350,     400 ) 1662296   1.662%  96.965% 
[     400,     450 ) 1058969   1.059%  98.024% 
[     450,     500 )  612823   0.613%  98.637% 
[     500,     600 )  636600   0.637%  99.273% 
[     600,     700 )  270743   0.271%  99.544% 
[     700,     800 )  129774   0.130%  99.674% 
[     800,     900 )   67394   0.067%  99.741% 
[     900,    1000 )   39564   0.040%  99.781% 
[    1000,    1200 )   43576   0.044%  99.825% 
[    1200,    1400 )   24843   0.025%  99.849% 
[    1400,    1600 )   16736   0.017%  99.866% 
[    1600,    1800 )   12120   0.012%  99.878% 
[    1800,    2000 )    9210   0.009%  99.887% 
[    2000,    2500 )   16011   0.016%  99.903% 
[    2500,    3000 )    9466   0.009%  99.913% 
[    3000,    3500 )    7235   0.007%  99.920% 
[    3500,    4000 )    6622   0.007%  99.927% 
[    4000,    4500 )    5857   0.006%  99.933% 
[    4500,    5000 )    4659   0.005%  99.937% 
[    5000,    6000 )    7520   0.008%  99.945% 
[    6000,    7000 )    5870   0.006%  99.951% 
[    7000,    8000 )    5767   0.006%  99.956% 
[    8000,    9000 )    6475   0.006%  99.963% 
[    9000,   10000 )    6681   0.007%  99.970% 
[   10000,   12000 )    6589   0.007%  99.976% 
[   12000,   14000 )    7554   0.008%  99.984% 
[   14000,   16000 )    4996   0.005%  99.989% 
[   16000,   18000 )    5274   0.005%  99.994% 
[   18000,   20000 )    2014   0.002%  99.996% 
[   20000,   25000 )    1385   0.001%  99.997% 
[   25000,   30000 )    1099   0.001%  99.999% 
[   30000,   35000 )     603   0.001%  99.999% 
[   35000,   40000 )     228   0.000%  99.999% 
[   40000,   45000 )     132   0.000%  99.999% 
[   45000,   50000 )      84   0.000% 100.000% 
[   50000,   60000 )     164   0.000% 100.000% 
[   60000,   70000 )      56   0.000% 100.000% 
[   70000,   80000 )      79   0.000% 100.000% 
[   80000,   90000 )      37   0.000% 100.000% 
[   90000,  100000 )      10   0.000% 100.000% 
[  100000,  120000 )      26   0.000% 100.000% 
[  120000,  140000 )      19   0.000% 100.000% 
[  140000,  160000 )      11   0.000% 100.000% 
[  160000,  180000 )       7   0.000% 100.000% 
[  180000,  200000 )       5   0.000% 100.000% 
[  200000,  250000 )      10   0.000% 100.000% 
[  250000,  300000 )       6   0.000% 100.000% 
[  300000,  350000 )       2   0.000% 100.000% 

Read info: 
Count: 100000000  Average: 174.4567  StdDev: 391.50
Percentiles(us): P50: 149.80 P90: 276.73 P99: 557.04 P99.9: 2392.01 P99.99: 16474.40
------------------------------------------------------
[      35,      40 )      15   0.000%   0.000% 
[      40,      45 )   14247   0.014%   0.014% 
[      45,      50 ) 1808861   1.809%   1.823% 
[      50,      60 ) 11336427  11.336%  13.160% ##
[      60,      70 ) 2308265   2.308%  15.468% 
[      70,      80 ) 1627340   1.627%  17.095% 
[      80,      90 ) 3528802   3.529%  20.624% #
[      90,     100 ) 2797665   2.798%  23.422% #
[     100,     120 ) 3631345   3.631%  27.053% #
[     120,     140 ) 15447004  15.447%  42.500% ###
[     140,     160 ) 15309321  15.309%  57.809% ###
[     160,     180 ) 9814215   9.814%  67.624% ##
[     180,     200 ) 8526452   8.526%  76.150% ##
[     200,     250 ) 11162412  11.162%  87.312% ##
[     250,     300 ) 5026807   5.027%  92.339% #
[     300,     350 ) 2963621   2.964%  95.303% #
[     350,     400 ) 1662296   1.662%  96.965% 
[     400,     450 ) 1058969   1.059%  98.024% 
[     450,     500 )  612823   0.613%  98.637% 
[     500,     600 )  636600   0.637%  99.273% 
[     600,     700 )  270743   0.271%  99.544% 
[     700,     800 )  129774   0.130%  99.674% 
[     800,     900 )   67394   0.067%  99.741% 
[     900,    1000 )   39564   0.040%  99.781% 
[    1000,    1200 )   43576   0.044%  99.825% 
[    1200,    1400 )   24843   0.025%  99.849% 
[    1400,    1600 )   16736   0.017%  99.866% 
[    1600,    1800 )   12120   0.012%  99.878% 
[    1800,    2000 )    9210   0.009%  99.887% 
[    2000,    2500 )   16011   0.016%  99.903% 
[    2500,    3000 )    9466   0.009%  99.913% 
[    3000,    3500 )    7235   0.007%  99.920% 
[    3500,    4000 )    6622   0.007%  99.927% 
[    4000,    4500 )    5857   0.006%  99.933% 
[    4500,    5000 )    4659   0.005%  99.937% 
[    5000,    6000 )    7520   0.008%  99.945% 
[    6000,    7000 )    5870   0.006%  99.951% 
[    7000,    8000 )    5767   0.006%  99.956% 
[    8000,    9000 )    6475   0.006%  99.963% 
[    9000,   10000 )    6681   0.007%  99.970% 
[   10000,   12000 )    6589   0.007%  99.976% 
[   12000,   14000 )    7554   0.008%  99.984% 
[   14000,   16000 )    4996   0.005%  99.989% 
[   16000,   18000 )    5274   0.005%  99.994% 
[   18000,   20000 )    2014   0.002%  99.996% 
[   20000,   25000 )    1385   0.001%  99.997% 
[   25000,   30000 )    1099   0.001%  99.999% 
[   30000,   35000 )     603   0.001%  99.999% 
[   35000,   40000 )     228   0.000%  99.999% 
[   40000,   45000 )     132   0.000%  99.999% 
[   45000,   50000 )      84   0.000% 100.000% 
[   50000,   60000 )     164   0.000% 100.000% 
[   60000,   70000 )      56   0.000% 100.000% 
[   70000,   80000 )      79   0.000% 100.000% 
[   80000,   90000 )      37   0.000% 100.000% 
[   90000,  100000 )      10   0.000% 100.000% 
[  100000,  120000 )      26   0.000% 100.000% 
[  120000,  140000 )      19   0.000% 100.000% 
[  140000,  160000 )      11   0.000% 100.000% 
[  160000,  180000 )       7   0.000% 100.000% 
[  180000,  200000 )       5   0.000% 100.000% 
[  200000,  250000 )      10   0.000% 100.000% 
[  250000,  300000 )       6   0.000% 100.000% 
[  300000,  350000 )       2   0.000% 100.000% 

Write info: 
Count: 0  Average: 0.0000  StdDev: 0.00
Percentiles(us): P50: -nan P90: -nan P99: -nan P99.9: -nan P99.99: -nan
------------------------------------------------------


