154
154.1
153.1
153.1
153.2
153.2
153.3
153.3
153.3
153.4
153.4
153.5
153.5
153.5
152.6
152.6
152.7
152.7
152.7
152.8
152.8
152.8
152.9
152.9
153
153
152
152.1
152.1
152.2
152.2
152.2
152.3
152.3
152.3
152.4
152.4
152.4
152.5
152.4
152.3
152.3
152.2
152.2
152.2
152.1
152.1
152
151.9
152
151.9
151.9
151.8
151.8
151.8
151.7
151.6
151.6
151.6
151.6
151.5
151.4
151.5
151.4
151.3
151.3
151.2
151.2
151.2
151.1
151
151.1
151
150.9
150.9
150.9
150.9
150.8
150.7
150.8
150.7
150.6
150.6
150.6
150.5
150.4
150.4
150.4
150.4
150.3
150.2
150.3
150.2
150.1
150.2
150.1
150
150
149.9
149.9
149.9
149.8
149.8
149.8
149.7
149.6
149.7
149.6
149.5
149.5
149.5
149.4
149.4
149.4
149.3
149.3
149.2
149.2
149.2
149.1
149.1
149.1
149
149
149
148.9
148.8
148.9
148.8
148.7
148.8
148.7
148.6
148.7
148.6
148.5
148.6
148.5
148.4
148.5
148.4
148.3
148.2
148.3
148.2
148.1
148.2
148.1
148
148.1
148
147.9
147.9
147.9
147.8
147.7
147.8
147.7
147.6
147.7
147.6
147.6
147.6
147.5
147.5
147.4
147.4
147.4
147.3
147.3
147.3
147.2
147.1
147.2
147.1
147
147.1
147
146.9
147
146.9
146.8
146.8
146.8
146.8
146.7
146.7
146.7
146.6
146.5
146.6
146.5
146.4
146.5
146.4
146.4
146.3
146.3
146.3
146.2
146.2
146.2
146.1
146.2
146.1
146
146
146
145.9
145.9
145.8
145.8
145.8
145.7
145.8
145.7
145.6
145.6
145.6
145.6
145.5
145.4
145.5
145.4
145.3
145.4
145.3
145.3
145.2
145.2
145.2
145.1
145.2
145.1
145
145
145
145
144.9
144.8
144.9
144.8
144.8
144.8
144.8
144.7
144.6
144.7
144.6
144.6
144.6
144.5
144.5
144.4
144.5
144.4
144.4
144.3
144.3
144.3
144.2
144.2
144.2
144.2
144.1
144
144.1
144
143.9
143.9
143.9
143.9
143.8
143.8
143.8
143.8
143.7
143.6
143.7
143.6
143.6
143.5
143.6
143.5
143.4
143.4
143.4
143.4
143.3
143.3
143.3
143.3
143.2
143.1
143.2
143.1
143.1
143
143.1
143
143
142.9
143
142.9
142.8
142.8
142.8
142.8
142.7
142.7
142.7
142.7
142.6
142.6
142.6
142.6
142.5
142.5
142.5
142.4
142.4
142.3
142.3
142.3
142.3
142.2
142.2
142.2
142.2
142.1
142
142.1
142
142
141.9
142
141.9
141.9
141.8
141.9
141.8
141.8
141.7
141.8
141.7
141.7
141.6
141.7
141.6
141.6
141.5
141.5
141.5
141.5
141.4
141.4
141.4
141.4
141.3
141.3
141.3
141.3
141.2
141.2
141.1
141.2
141.1
141.1
141
141.1
141
141
140.9
141
140.9
140.8
140.8
140.7
140.8
140.7
140.7
140.6
140.6
140.6
140.6
140.5
140.5
140.6
140.5
140.5
140.4
140.5
140.4
140.4
140.3
140.3
140.3
140.3
140.2
140.2
140.1
140.2
140.1
140.1
140
140.1
140
140
139.9
139.9
139.9
139.9
139.9
139.8
139.9
139.8
139.8
139.7
139.7
139.7
139.7
139.6
139.6
139.5
139.6
139.5
139.5
139.5
139.4
139.5
139.4
139.3
139.3
139.3
139.3
139.3
139.2
139.2
139.2
139.2
139.1
139.1
139
139.1
139.1
139
139
138.9
139
138.9
138.9
138.8
138.9
138.8
138.8
138.8
138.7
138.8
138.7
138.7
138.6
138.6
138.6
138.6
138.6
138.5
138.5
138.5
138.5
138.4
138.4
138.3
138.4
138.4
138.3
138.3
138.3
138.3
138.2
138.2
138.2
138.2
138.2
138.1
138.1
138
138.1
138
138
138
137.9
137.9
137.9
137.9
137.8
137.8
137.8
137.8
137.8
137.7
137.7
137.6
137.7
137.7
137.6
137.6
137.5
137.6
137.5
137.5
137.5
137.4
137.5
137.4
137.4
137.4
137.3
137.4
137.3
137.3
137.2
137.2
137.3
137.2
137.2
137.1
137.1
137.1
137.1
137.1
137
137
136.9
137
137
136.9
136.9
136.8
136.8
136.9
136.8
136.8
136.7
136.7
136.7
136.7
136.7
136.6
136.6
136.5
136.6
136.6
136.5
136.5
136.4
136.5
136.5
136.4
136.4
136.3
136.4
136.4
136.3
136.3
136.2
136.2
136.3
136.2
136.2
136.2
136.1
136.2
136.1
136.1
136.1
136
136
136
136
136
135.9
135.9
135.8
135.9
135.9
135.8
135.8
135.8
135.8
135.8
135.7
135.7
135.7
135.6
135.7
135.6
135.6
135.6
135.5
135.5
135.5
135.5
135.5
135.4
135.4
135.4
135.4
135.4
135.3
135.3
135.3
135.2
135.3
135.3
135.2
135.2
135.1
135.1
135.2
135.1
135.1
135.1
135
135
135
135
135
134.9
134.9
134.9
134.9
134.9
134.9
134.8
134.8
134.7
134.8
134.8
134.7
134.7
134.7
134.6
134.7
134.7
134.6
134.6
134.5
134.5
134.6
134.5
134.5
134.5
134.4
134.4
134.3
134.4
134.4
134.3
134.3
134.3
134.2
134.3
134.3
134.2
134.2
134.2
134.1
134.2
134.1
134.1
134.1
134
134
134
134
134
134
133.9
133.9
133.9
133.9
133.9
133.9
133.8
133.8
133.8
133.8
133.8
133.8
133.7
133.7
133.6
133.7
133.7
133.6
133.6
133.6
133.5
133.6
133.6
133.5
133.5
133.5
133.4
133.5
133.5
133.4
133.4
133.4
133.3
133.3
133.3
133.3
133.3
133.3
133.2
133.2
133.2
133.2
133.2
133.2
133.1
133.1
133.1
133.1
133.1
133.1
133
133
133
132.9
133
133
132.9
132.9
132.9
132.8
132.9
132.9
132.8
132.8
132.8
132.7
132.7
132.8
132.7
132.7
132.7
132.6
132.6
132.7
132.6
132.6
132.6
132.5
132.5
132.5
132.5
132.5
132.5
132.5
132.4
132.4
132.3
132.4
132.4
132.3
132.3
132.3
132.3
132.2
132.3
132.3
132.2
132.2
132.2
132.1
132.1
132.2
132.1
132.1
132.1
132
132
132
132.1
132
132
132
131.9
131.9
131.9
131.9
131.9
131.9
131.8
131.8
131.8
131.7
131.8
131.8
131.8
131.7
131.7
131.7
131.6
131.7
131.7
131.6
131.6
131.6
131.6
131.5
131.6
131.6
131.5
131.5
131.5
131.4
131.4
131.5
131.4
131.4
131.4
131.3
131.3
131.3
131.4
131.3
131.3
131.3
131.2
131.2
131.2
131.1
131.2
131.2
131.2
131.1
131.1
131.1
131
131.1
131.1
131.1
131
131
131
130.9
131
131
130.9
130.9
130.9
130.9
130.8
130.9
130.9
130.8
130.8
130.8
130.8
130.7
130.8
130.8
130.7
130.7
130.7
130.7
130.6
130.6
130.6
130.6
130.6
130.6
130.5
130.5
130.5
130.5
130.5
130.5
130.5
130.4
130.4
130.4
130.4
130.3
130.4
130.4
130.3
130.3
130.3
130.3
130.2
130.3
130.3
130.3
130.2
130.2
130.2
130.1
130.1
130.2
130.2
130.1
130.1
130.1
