Heartbeat port addresses read from NoFDBConfig: 
    Node-0: 10.10.1.2:50050
    Node-1: 10.10.1.3:50050
    Node-2: 10.10.1.4:50050
===== Global Configure Table =====
    node_id: 0
    node_ip: 10.10.1.2
    maintainer_port: 50050
    remaining_cpu_cores: 00000000000000000000000000000000000000000000000000000000000000000000000000000000000000000000000000000000000000000000111100000000
    remaining_ports: 50054,50055,50056
    kvses: 
        kvs_id: 0
        belong_to_node_id: 0
        required_cpu_core_num: 3
        using_cpu_cores: 
        using_ports: 50051,50052,50053
        replications: 
            node_id: 0
            node_ip: trtype:rdma adrfam:IPv4 traddr:10.10.1.2 trsvcid:4420 subnqn:nqn.2024-12.io.spdk:0
        replications: 
            node_id: 1
            node_ip: trtype:rdma adrfam:IPv4 traddr:10.10.1.3 trsvcid:4420 subnqn:nqn.2024-12.io.spdk:1
        replications: 
            node_id: 2
            node_ip: trtype:rdma adrfam:IPv4 traddr:10.10.1.4 trsvcid:4420 subnqn:nqn.2024-12.io.spdk:2
    node_id: 1
    node_ip: 10.10.1.3
    maintainer_port: 50050
    remaining_cpu_cores: 00000000000000000000000000000000000000000000000000000000000000000000000000000000000000000000000000000000000000000000111100000000
    remaining_ports: 50054,50055,50056
    kvses: 
        kvs_id: 0
        belong_to_node_id: 1
        required_cpu_core_num: 3
        using_cpu_cores: 
        using_ports: 50051,50052,50053
        replications: 
            node_id: 0
            node_ip: trtype:rdma adrfam:IPv4 traddr:10.10.1.2 trsvcid:4420 subnqn:nqn.2024-12.io.spdk:0
        replications: 
            node_id: 1
            node_ip: trtype:rdma adrfam:IPv4 traddr:10.10.1.3 trsvcid:4420 subnqn:nqn.2024-12.io.spdk:1
        replications: 
            node_id: 2
            node_ip: trtype:rdma adrfam:IPv4 traddr:10.10.1.4 trsvcid:4420 subnqn:nqn.2024-12.io.spdk:2
    node_id: 2
    node_ip: 10.10.1.4
    maintainer_port: 50050
    remaining_cpu_cores: 00000000000000000000000000000000000000000000000000000000000000000000000000000000000000000000000000000000000000000000111100000000
    remaining_ports: 50054,50055,50056
    kvses: 
        kvs_id: 0
        belong_to_node_id: 2
        required_cpu_core_num: 3
        using_cpu_cores: 
        using_ports: 50051,50052,50053
        replications: 
            node_id: 0
            node_ip: trtype:rdma adrfam:IPv4 traddr:10.10.1.2 trsvcid:4420 subnqn:nqn.2024-12.io.spdk:0
        replications: 
            node_id: 1
            node_ip: trtype:rdma adrfam:IPv4 traddr:10.10.1.3 trsvcid:4420 subnqn:nqn.2024-12.io.spdk:1
        replications: 
            node_id: 2
            node_ip: trtype:rdma adrfam:IPv4 traddr:10.10.1.4 trsvcid:4420 subnqn:nqn.2024-12.io.spdk:2
==================================

fieldcount: 1
fieldlength: 1000
zero_padding: 20
recordcount: 200000000
operationcount: 200000000
oks: 1000000
oks: 1000000
oks: 1000000
oks: 1000000
oks: 1000000
oks: 1000000
oks: 1000000
oks: 1000000
oks: 1000000
oks: 1000000
oks: 1000000
oks: 1000000
oks: 1000000
oks: 1000000
oks: 1000000
oks: 1000000
oks: 2000000
oks: 2000000
oks: 2000000
oks: 2000000
oks: 2000000
oks: 2000000
oks: 2000000
oks: 2000000
oks: 2000000
oks: 2000000
oks: 2000000
oks: 2000000
oks: 2000000
oks: 2000000
oks: 2000000
oks: 2000000
oks: 3000000
oks: 3000000
oks: 3000000
oks: 3000000
oks: 3000000
oks: 3000000
oks: 3000000
oks: 3000000
oks: 3000000
oks: 3000000
oks: 3000000
oks: 3000000
oks: 3000000
oks: 3000000
oks: 3000000
oks: 3000000
oks: 4000000
oks: 4000000
oks: 4000000
oks: 4000000
oks: 4000000
oks: 4000000
oks: 4000000
oks: 4000000
oks: 4000000
oks: 4000000
oks: 4000000
oks: 4000000
oks: 4000000
oks: 4000000
oks: 4000000
oks: 4000000
oks: 5000000
oks: 5000000
oks: 5000000
oks: 5000000
oks: 5000000
oks: 5000000
oks: 5000000
oks: 5000000
oks: 5000000
oks: 5000000
oks: 5000000
oks: 5000000
oks: 5000000
oks: 5000000
oks: 5000000
oks: 5000000
oks: 6000000
oks: 6000000
oks: 6000000
oks: 6000000
oks: 6000000
oks: 6000000
oks: 6000000
oks: 6000000
oks: 6000000
oks: 6000000
oks: 6000000
oks: 6000000
oks: 6000000
oks: 6000000
oks: 6000000
oks: 6000000
oks: 7000000
oks: 7000000
oks: 7000000
oks: 7000000
oks: 7000000
oks: 7000000
oks: 7000000
oks: 7000000
oks: 7000000
oks: 7000000
oks: 7000000
oks: 7000000
oks: 7000000
oks: 7000000
oks: 7000000
oks: 7000000
oks: 8000000
oks: 8000000
oks: 8000000
oks: 8000000
oks: 8000000
oks: 8000000
oks: 8000000
oks: 8000000
oks: 8000000
oks: 8000000
oks: 8000000
oks: 8000000
oks: 8000000
oks: 8000000
oks: 8000000
oks: 8000000
oks: 9000000
oks: 9000000
oks: 9000000
oks: 9000000
oks: 9000000
oks: 9000000
oks: 9000000
oks: 9000000
oks: 9000000
oks: 9000000
oks: 9000000
oks: 9000000
oks: 9000000
oks: 9000000
oks: 9000000
oks: 9000000
oks: 10000000
oks: 10000000
oks: 10000000
oks: 10000000
oks: 10000000
oks: 10000000
oks: 10000000
oks: 10000000
oks: 10000000
oks: 10000000
oks: 10000000
oks: 10000000
oks: 10000000
oks: 10000000
oks: 10000000
oks: 10000000
oks: 11000000
oks: 11000000
oks: 11000000
oks: 11000000
oks: 11000000
oks: 11000000
oks: 11000000
oks: 11000000
oks: 11000000
oks: 11000000
oks: 11000000
oks: 11000000
oks: 11000000
oks: 11000000
oks: 11000000
oks: 11000000
oks: 12000000
oks: 12000000
oks: 12000000
oks: 12000000
oks: 12000000
oks: 12000000
oks: 12000000
oks: 12000000
oks: 12000000
oks: 12000000
oks: 12000000
oks: 12000000
oks: 12000000
oks: 12000000
oks: 12000000
oks: 12000000

nofdb	workloads/workloadc.spec	16
# Load duration (sec): 8125.25
# Loading records:	200000000
# Load throughput (KOPS): 24.6146
Count: 200000000  Average: 649.6619  StdDev: 618.96
Percentiles(us): P50: 461.13 P90: 1404.53 P99: 2641.69 P99.9: 4980.87 P99.99: 13940.39
------------------------------------------------------
[      45,      50 )       1   0.000%   0.000% 
[      50,      60 )    2909   0.001%   0.001% 
[      60,      70 )   13821   0.007%   0.008% 
[      70,      80 )    8449   0.004%   0.013% 
[      80,      90 )   84381   0.042%   0.055% 
[      90,     100 ) 5979845   2.990%   3.045% #
[     100,     120 ) 8262655   4.131%   7.176% #
[     120,     140 ) 4267810   2.134%   9.310% 
[     140,     160 ) 7477524   3.739%  13.049% #
[     160,     180 ) 2979029   1.490%  14.538% 
[     180,     200 ) 2525048   1.263%  15.801% 
[     200,     250 ) 19165375   9.583%  25.383% ##
[     250,     300 ) 15451000   7.725%  33.109% ##
[     300,     350 ) 12655313   6.328%  39.437% #
[     350,     400 ) 10362445   5.181%  44.618% #
[     400,     450 ) 8994480   4.497%  49.115% #
[     450,     500 ) 7953246   3.977%  53.092% #
[     500,     600 ) 15591093   7.796%  60.887% ##
[     600,     700 ) 11562509   5.781%  66.668% #
[     700,     800 ) 10328824   5.164%  71.833% #
[     800,     900 ) 8602299   4.301%  76.134% #
[     900,    1000 ) 7567358   3.784%  79.918% #
[    1000,    1200 ) 11404370   5.702%  85.620% #
[    1200,    1400 ) 8620253   4.310%  89.930% #
[    1400,    1600 ) 6179008   3.090%  93.020% #
[    1600,    1800 ) 4495159   2.248%  95.267% 
[    1800,    2000 ) 3163662   1.582%  96.849% 
[    2000,    2500 ) 3977480   1.989%  98.838% 
[    2500,    3000 ) 1145661   0.573%  99.411% 
[    3000,    3500 )  406687   0.203%  99.614% 
[    3500,    4000 )  261085   0.131%  99.744% 
[    4000,    4500 )  186073   0.093%  99.837% 
[    4500,    5000 )  130126   0.065%  99.902% 
[    5000,    6000 )  125331   0.063%  99.965% 
[    6000,    7000 )   17111   0.009%  99.974% 
[    7000,    8000 )    2765   0.001%  99.975% 
[    8000,    9000 )    1606   0.001%  99.976% 
[    9000,   10000 )    1539   0.001%  99.977% 
[   10000,   12000 )    8213   0.004%  99.981% 
[   12000,   14000 )   19024   0.010%  99.990% 
[   14000,   16000 )   14017   0.007%  99.997% 
[   16000,   18000 )    2627   0.001%  99.999% 
[   18000,   20000 )     699   0.000%  99.999% 
[   20000,   25000 )     815   0.000%  99.999% 
[   25000,   30000 )     395   0.000% 100.000% 
[   30000,   35000 )     305   0.000% 100.000% 
[   35000,   40000 )     195   0.000% 100.000% 
[   40000,   45000 )      75   0.000% 100.000% 
[   45000,   50000 )      36   0.000% 100.000% 
[   50000,   60000 )     168   0.000% 100.000% 
[   60000,   70000 )      69   0.000% 100.000% 
[   70000,   80000 )      16   0.000% 100.000% 
[   80000,   90000 )       8   0.000% 100.000% 
[   90000,  100000 )       8   0.000% 100.000% 

Waiting 30s before performing transactions......
Starting performing transactions......

oks: 1000000
oks: 1000000
oks: 1000000
oks: 1000000
oks: 1000000
oks: 1000000
oks: 1000000
oks: 1000000
oks: 1000000
oks: 1000000
oks: 1000000
oks: 1000000
oks: 1000000
oks: 1000000
oks: 1000000
oks: 1000000
oks: 2000000
oks: 2000000
oks: 2000000
oks: 2000000
oks: 2000000
oks: 2000000
oks: 2000000
oks: 2000000
oks: 2000000
oks: 2000000
oks: 2000000
oks: 2000000
oks: 2000000
oks: 2000000
oks: 2000000
oks: 2000000
oks: 3000000
oks: 3000000
oks: 3000000
oks: 3000000
oks: 3000000
oks: 3000000
oks: 3000000
oks: 3000000
oks: 3000000
oks: 3000000
oks: 3000000
oks: 3000000
oks: 3000000
oks: 3000000
oks: 3000000
oks: 3000000
oks: 4000000
oks: 4000000
oks: 4000000
oks: 4000000
oks: 4000000
oks: 4000000
oks: 4000000
oks: 4000000
oks: 4000000
oks: 4000000
oks: 4000000
oks: 4000000
oks: 4000000
oks: 4000000
oks: 4000000
oks: 4000000
oks: 5000000
oks: 5000000
oks: 5000000
oks: 5000000
oks: 5000000
oks: 5000000
oks: 5000000
oks: 5000000
oks: 5000000
oks: 5000000
oks: 5000000
oks: 5000000
oks: 5000000
oks: 5000000
oks: 5000000
oks: 5000000
oks: 6000000
oks: 6000000
oks: 6000000
oks: 6000000
oks: 6000000
oks: 6000000
oks: 6000000
oks: 6000000
oks: 6000000
oks: 6000000
oks: 6000000
oks: 6000000
oks: 6000000
oks: 6000000
oks: 6000000
oks: 6000000
oks: 7000000
oks: 7000000
oks: 7000000
oks: 7000000
oks: 7000000
oks: 7000000
oks: 7000000
oks: 7000000
oks: 7000000
oks: 7000000
oks: 7000000
oks: 7000000
oks: 7000000
oks: 7000000
oks: 7000000
oks: 7000000
oks: 8000000
oks: 8000000
oks: 8000000
oks: 8000000
oks: 8000000
oks: 8000000
oks: 8000000
oks: 8000000
oks: 8000000
oks: 8000000
oks: 8000000
oks: 8000000
oks: 8000000
oks: 8000000
oks: 8000000
oks: 8000000
oks: 9000000
oks: 9000000
oks: 9000000
oks: 9000000
oks: 9000000
oks: 9000000
oks: 9000000
oks: 9000000
oks: 9000000
oks: 9000000
oks: 9000000
oks: 9000000
oks: 9000000
oks: 9000000
oks: 9000000
oks: 9000000
oks: 10000000
oks: 10000000
oks: 10000000
oks: 10000000
oks: 10000000
oks: 10000000
oks: 10000000
oks: 10000000
oks: 10000000
oks: 10000000
oks: 10000000
oks: 10000000
oks: 10000000
oks: 10000000
oks: 10000000
oks: 10000000
oks: 11000000
oks: 11000000
oks: 11000000
oks: 11000000
oks: 11000000
oks: 11000000
oks: 11000000
oks: 11000000
oks: 11000000
oks: 11000000
oks: 11000000
oks: 11000000
oks: 11000000
oks: 11000000
oks: 11000000
oks: 11000000
oks: 12000000
oks: 12000000
oks: 12000000
oks: 12000000
oks: 12000000
oks: 12000000
oks: 12000000
oks: 12000000
oks: 12000000
oks: 12000000
oks: 12000000
oks: 12000000
oks: 12000000
oks: 12000000
oks: 12000000
oks: 12000000
# Run duration (sec): 619.305
# Run operations:	200000000
# Run throughput (KOPS): 322.943
Count: 200000000  Average: 48.8175  StdDev: 103.33
Percentiles(us): P50: 46.34 P90: 63.95 P99: 86.39 P99.9: 119.03 P99.99: 1071.82
------------------------------------------------------
[      20,      25 )   14704   0.007%   0.007% 
[      25,      30 )  718014   0.359%   0.366% 
[      30,      35 ) 8022097   4.011%   4.377% #
[      35,      40 ) 33495689  16.748%  21.125% ###
[      40,      45 ) 47335330  23.668%  44.793% #####
[      45,      50 ) 38882824  19.441%  64.234% ####
[      50,      60 ) 44665629  22.333%  86.567% ####
[      60,      70 ) 17370331   8.685%  95.252% ##
[      70,      80 ) 6156660   3.078%  98.331% #
[      80,      90 ) 2093524   1.047%  99.377% 
[      90,     100 )  704320   0.352%  99.730% 
[     100,     120 )  358238   0.179%  99.909% 
[     120,     140 )   81869   0.041%  99.950% 
[     140,     160 )   29853   0.015%  99.965% 
[     160,     180 )   14096   0.007%  99.972% 
[     180,     200 )    7304   0.004%  99.975% 
[     200,     250 )    7631   0.004%  99.979% 
[     250,     300 )    4090   0.002%  99.981% 
[     300,     350 )    2675   0.001%  99.982% 
[     350,     400 )    1794   0.001%  99.983% 
[     400,     450 )    1166   0.001%  99.984% 
[     450,     500 )     713   0.000%  99.984% 
[     500,     600 )     766   0.000%  99.985% 
[     600,     700 )     526   0.000%  99.985% 
[     700,     800 )     752   0.000%  99.985% 
[     800,     900 )    1435   0.001%  99.986% 
[     900,    1000 )    3036   0.002%  99.988% 
[    1000,    1200 )   13740   0.007%  99.994% 
[    1200,    1400 )    4161   0.002%  99.996% 
[    1400,    1600 )    1564   0.001%  99.997% 
[    1600,    1800 )     590   0.000%  99.998% 
[    1800,    2000 )     671   0.000%  99.998% 
[    2000,    2500 )    1323   0.001%  99.999% 
[    2500,    3000 )    2392   0.001% 100.000% 
[    3000,    3500 )      80   0.000% 100.000% 
[    3500,    4000 )      40   0.000% 100.000% 
[    4000,    4500 )      20   0.000% 100.000% 
[    4500,    5000 )      23   0.000% 100.000% 
[    5000,    6000 )      94   0.000% 100.000% 
[    6000,    7000 )      58   0.000% 100.000% 
[    7000,    8000 )      37   0.000% 100.000% 
[    8000,    9000 )      12   0.000% 100.000% 
[    9000,   10000 )       2   0.000% 100.000% 
[   10000,   12000 )       2   0.000% 100.000% 
[   12000,   14000 )       2   0.000% 100.000% 
[   14000,   16000 )       7   0.000% 100.000% 
[   16000,   18000 )       2   0.000% 100.000% 
[   18000,   20000 )       1   0.000% 100.000% 
[   20000,   25000 )      11   0.000% 100.000% 
[   25000,   30000 )       7   0.000% 100.000% 
[   30000,   35000 )       6   0.000% 100.000% 
[   35000,   40000 )       4   0.000% 100.000% 
[   40000,   45000 )       8   0.000% 100.000% 
[   45000,   50000 )       9   0.000% 100.000% 
[   50000,   60000 )      15   0.000% 100.000% 
[   60000,   70000 )      11   0.000% 100.000% 
[   70000,   80000 )       8   0.000% 100.000% 
[   80000,   90000 )       2   0.000% 100.000% 
[  180000,  200000 )       3   0.000% 100.000% 
[  200000,  250000 )      21   0.000% 100.000% 
[  250000,  300000 )       8   0.000% 100.000% 

