0
34.2
195.3
233
245.7
257.4
265.4
274.5
281.6
289
294.7
301.8
304.2
308.7
312.6
316.2
318.1
319.2
321.8
322.5
324.4
324.6
326
330.7
331
331.2
331.5
337.2
338.3
339.5
340
343.1
346.2
346.1
346.9
347.7
350.4
352.8
352
352.2
352.3
356.2
357.3
356.1
356.1
356.8
356.4
356.5
356.7
355.7
357
359.3
359.3
359.2
358.5
360.8
361.8
361.6
360.7
360.7
363
365.3
367.7
366.8
367.2
369.2
371.3
373.3
373.4
373.5
375.5
376.9
378.1
379.2
378.3
380.3
381.5
383.4
384.5
384.5
385.5
386.4
388.5
389.7
390
385.9
383
379.2
376.3
372.5
369.8
365.5
361.8
359.2
356.6
354
350.5
347.9
345.4
343
340.7
338.2
335.8
333.5
331.2
328.9
326.7
323.4
320.2
317
314.9
311.7
308.6
306.4
303.3
301.7
299.7
298.8
296.9
296
294
293.1
292.2
290.2
289.4
288.4
286.5
285.6
284.5
282.6
281.7
280.8
279.8
278.9
278
276.1
275.1
274.1
273.3
272
271.1
270.1
269.2
268.2
267.3
266.4
265.4
264.4
263.5
262.6
261.6
260.7
259.7
258.8
257.8
257.8
257
256
255
254
254.2
253.2
252.2
251.3
250.3
250.4
249.4
248.5
247.5
247.5
246.6
245.6
245.7
244.7
243.7
243.8
242.8
241.9
241.9
240.9
239.9
240
239
239.1
238.1
237.1
236.9
235.9
235.1
235.1
234.1
234.1
233.1
233.2
232.2
232.3
231.3
230.3
230.3
229.4
229.4
228.2
