43.2
43.1
43.1
43.1
43
43
43.1
43.1
43
43
43
43
43
43
42.9
42.9
43
43
42.9
42.9
42.9
42.9
42.9
42.9
42.9
42.8
42.8
42.9
42.8
42.8
42.8
42.8
42.8
42.8
42.8
42.7
42.7
42.8
42.8
42.7
42.7
42.7
42.6
42.7
42.7
42.7
42.6
42.6
42.7
42.7
42.6
42.6
42.6
42.5
42.6
42.6
42.6
42.5
42.5
42.6
42.6
42.5
42.5
42.5
42.5
42.5
42.5
42.5
42.5
42.4
42.4
42.5
42.4
42.4
42.4
42.4
42.3
42.4
42.4
42.4
42.3
42.3
42.3
42.4
42.3
42.3
42.3
42.3
42.2
42.3
42.3
42.3
42.2
42.2
42.2
42.3
42.2
42.2
42.2
42.2
42.1
42.1
42.2
42.2
42.1
42.1
42.1
42.1
42.1
42.1
42.1
42.1
42.1
42
42.1
42.1
42.1
42
42
42
42
42
42
42
42
41.9
41.9
42
42
42
41.9
41.9
41.9
41.9
41.9
41.9
41.9
41.9
41.8
41.8
41.8
41.9
41.9
41.8
41.8
41.8
41.8
41.7
41.8
41.8
41.8
41.8
41.7
41.7
41.7
41.8
41.7
41.7
41.7
41.7
41.7
41.6
41.7
41.7
41.7
41.6
41.6
41.6
41.6
41.7
41.6
41.6
41.6
41.6
41.6
41.5
41.6
41.6
41.6
41.6
41.5
41.5
41.5
41.6
41.5
41.5
41.5
41.5
41.5
41.4
41.5
41.5
41.5
41.5
41.4
41.4
41.4
41.4
41.5
41.4
41.4
41.4
41.4
41.4
41.3
41.4
41.4
41.4
41.4
41.3
41.3
41.3
41.3
41.4
41.3
41.3
41.3
41.3
41.3
41.2
41.2
41.3
41.3
41.3
41.2
41.2
41.2
41.2
41.3
41.2
41.2
41.2
41.2
41.2
41.2
41.1
41.2
41.2
41.2
41.2
41.1
41.1
41.1
41.1
41.2
41.1
41.1
41.1
41.1
41.1
41.1
41
41
41.1
41.1
41.1
41
41
41
41
41
41.1
41
41
41
41
41
40.9
40.9
41
41
41
41
40.9
40.9
40.9
40.9
40.9
40.9
40.9
40.9
40.9
40.9
40.9
40.8
40.8
40.9
40.9
40.9
40.9
40.8
40.8
40.8
40.8
40.8
40.9
40.8
40.8
40.8
40.8
40.8
40.8
40.7
40.7
40.8
40.8
40.8
40.7
40.7
40.7
40.7
40.7
40.7
40.7
40.7
40.7
40.7
40.7
40.7
40.7
40.6
40.6
40.7
40.7
40.7
40.7
40.6
40.6
40.6
40.6
40.6
40.7
40.6
40.6
40.6
40.6
40.6
40.6
40.5
40.5
40.5
40.6
40.6
40.6
40.6
40.5
40.5
40.5
40.5
40.5
40.5
40.5
40.5
40.5
40.5
40.5
40.5
40.5
40.4
40.4
40.4
40.5
40.5
40.5
40.4
40.4
40.4
40.4
40.4
40.4
40.3
40.4
40.4
40.4
40.4
40.4
40.4
40.3
40.3
40.3
40.3
40.3
40.4
40.4
40.3
40.3
40.3
40.3
40.3
40.3
40.3
40.2
40.3
40.3
40.3
40.3
40.3
40.3
40.2
40.2
40.2
40.2
40.2
40.3
40.3
40.2
40.2
40.2
40.2
40.2
40.2
40.2
40.1
40.2
40.2
40.2
40.2
40.2
40.1
40.1
40.1
40.1
40.1
40.1
40.2
40.2
40.1
40.1
40.1
40.1
40.1
40.1
40.1
40
40
40.1
40.1
40.1
40.1
40.1
40
40
40
40
40
40
40.1
40.1
40
40
40
40
40
40
40
39.9
39.9
40
40
40
40
40
40
39.9
39.9
39.9
39.9
39.9
39.9
40
40
39.9
39.9
39.9
39.9
39.9
39.9
39.9
39.8
39.8
39.8
39.9
39.9
39.9
39.9
39.9
39.8
39.8
39.8
39.8
39.8
39.8
39.8
39.9
39.8
39.8
39.8
39.8
39.8
39.8
39.8
39.8
39.7
39.7
39.7
39.8
39.8
39.8
39.8
39.8
39.7
39.7
39.7
39.7
39.7
39.7
39.7
39.7
39.7
39.7
39.7
39.7
39.7
39.7
39.7
39.7
39.7
39.6
39.6
39.6
39.6
39.7
39.7
39.7
39.7
39.6
39.6
39.6
39.6
39.6
39.6
39.6
39.6
39.5
39.6
39.6
39.6
39.6
39.6
39.6
39.6
39.6
39.5
39.5
39.5
39.5
39.5
39.6
39.6
39.6
39.6
39.5
39.5
39.5
39.5
39.5
39.5
39.5
39.5
39.5
39.4
39.5
39.5
39.5
39.5
39.5
39.5
39.5
39.5
39.4
39.4
39.4
39.4
39.4
39.5
39.5
39.5
39.4
39.4
39.4
39.4
39.4
39.4
39.4
39.4
39.4
39.4
39.3
39.4
39.4
39.4
39.4
39.4
39.4
39.4
39.4
39.3
39.3
39.3
39.3
39.3
39.3
39.4
39.4
39.4
39.3
39.2
