21
125.7
145.7
155.9
157.7
175
180.9
193.2
197.1
204.8
210.8
215
218.3
223
225.8
228.1
229.9
231.9
232.7
234.6
235.3
236.3
239.4
241.7
243
244.1
247.1
250.2
250.2
251
251.1
255.2
256.2
256.1
257.4
257.3
258.2
261.2
262.3
262.3
262.5
262.4
264.4
265.5
265.5
265.6
265.7
267.8
268.8
268.9
269
269
271.1
272.2
272.4
272.3
272.5
272
273
274.1
274.1
274.2
275.2
276.2
278.2
279.3
279.3
278.5
280.6
281.6
282.7
283.7
283.5
283.2
284.1
285.1
287
288
288.4
287.9
287.6
288.5
289.5
291.3
291.7
292.4
293.9
294.2
295.3
296.3
296.7
298.2
298.2
299.3
298.8
300.1
300.7
301.2
302.8
302.5
302.9
303.1
304.3
305.3
305.9
306.6
306.1
