[OVERALL], RunTime(ms), 1250048
[OVERALL], Throughput(ops/sec), 79996.92811796027
[TOTAL_GCS_PS_Scavenge], Count, 1008
[TOTAL_GC_TIME_PS_Scavenge], Time(ms), 10390
[TOTAL_GC_TIME_%_PS_Scavenge], Time(%), 0.8311680831456072
[TOTAL_GCS_PS_MarkSweep], Count, 0
[TOTAL_GC_TIME_PS_MarkSweep], Time(ms), 0
[TOTAL_GC_TIME_%_PS_MarkSweep], Time(%), 0.0
[TOTAL_GCs], Count, 1008
[TOTAL_GC_TIME], Time(ms), 10390
[TOTAL_GC_TIME_%], Time(%), 0.8311680831456072
[READ], Operations, 94997915
[READ], AverageLatency(us), 613.7036206005153
[READ], MinLatency(us), 76
[READ], MaxLatency(us), 2549759
[READ], 95thPercentileLatency(us), 1173
[READ], 99thPercentileLatency(us), 1736
[READ], Return=OK, 94997915
[READ], Return=NOT_FOUND, 848
[CLEANUP], Operations, 50
[CLEANUP], AverageLatency(us), 44749.98
[CLEANUP], MinLatency(us), 0
[CLEANUP], MaxLatency(us), 2238463
[CLEANUP], 95thPercentileLatency(us), 3
[CLEANUP], 99thPercentileLatency(us), 2238463
[INSERT], Operations, 5001225
[INSERT], AverageLatency(us), 775.7682187863974
[INSERT], MinLatency(us), 148
[INSERT], MaxLatency(us), 2547711
[INSERT], 95thPercentileLatency(us), 1466
[INSERT], 99thPercentileLatency(us), 2169
[INSERT], Return=OK, 5001225
[INSERT], Return=ERROR, 12
[READ-FAILED], Operations, 848
[READ-FAILED], AverageLatency(us), 600.9610849056604
[READ-FAILED], MinLatency(us), 128
[READ-FAILED], MaxLatency(us), 21295
[READ-FAILED], 95thPercentileLatency(us), 1161
[READ-FAILED], 99thPercentileLatency(us), 2495
[INSERT-FAILED], Operations, 12
[INSERT-FAILED], AverageLatency(us), 2049237.3333333333
[INSERT-FAILED], MinLatency(us), 1999872
[INSERT-FAILED], MaxLatency(us), 2551807
[INSERT-FAILED], 95thPercentileLatency(us), 2551807
[INSERT-FAILED], 99thPercentileLatency(us), 2551807
