[OVERALL], RunTime(ms), 1116998
[OVERALL], Throughput(ops/sec), 89525.67506835285
[TOTAL_GCS_PS_Scavenge], Count, 614
[TOTAL_GC_TIME_PS_Scavenge], Time(ms), 8921
[TOTAL_GC_TIME_%_PS_Scavenge], Time(%), 0.7986585472847758
[TOTAL_GCS_PS_MarkSweep], Count, 0
[TOTAL_GC_TIME_PS_MarkSweep], Time(ms), 0
[TOTAL_GC_TIME_%_PS_MarkSweep], Time(%), 0.0
[TOTAL_GCs], Count, 614
[TOTAL_GC_TIME], Time(ms), 8921
[TOTAL_GC_TIME_%], Time(%), 0.7986585472847758
[READ], Operations, 94998775
[READ], AverageLatency(us), 551.6751055474136
[READ], MinLatency(us), 91
[READ], MaxLatency(us), 71999
[READ], 95thPercentileLatency(us), 967
[READ], 99thPercentileLatency(us), 1377
[READ], Return=OK, 94998775
[READ], Return=NOT_FOUND, 854
[CLEANUP], Operations, 50
[CLEANUP], AverageLatency(us), 44627.08
[CLEANUP], MinLatency(us), 1
[CLEANUP], MaxLatency(us), 2232319
[CLEANUP], 95thPercentileLatency(us), 1
[CLEANUP], 99thPercentileLatency(us), 2232319
[UPDATE], Operations, 5000371
[UPDATE], AverageLatency(us), 614.9318334579574
[UPDATE], MinLatency(us), 149
[UPDATE], MaxLatency(us), 116863
[UPDATE], 95thPercentileLatency(us), 1229
[UPDATE], 99thPercentileLatency(us), 1758
[UPDATE], Return=OK, 5000371
[READ-FAILED], Operations, 854
[READ-FAILED], AverageLatency(us), 543.0409836065573
[READ-FAILED], MinLatency(us), 113
[READ-FAILED], MaxLatency(us), 38303
[READ-FAILED], 95thPercentileLatency(us), 1241
[READ-FAILED], 99thPercentileLatency(us), 2024
