[OVERALL], RunTime(ms), 2035376
[OVERALL], Throughput(ops/sec), 49130.97137826131
[TOTAL_GCS_PS_Scavenge], Count, 1836
[TOTAL_GC_TIME_PS_Scavenge], Time(ms), 15700
[TOTAL_GC_TIME_%_PS_Scavenge], Time(%), 0.7713562506387026
[TOTAL_GCS_PS_MarkSweep], Count, 0
[TOTAL_GC_TIME_PS_MarkSweep], Time(ms), 0
[TOTAL_GC_TIME_%_PS_MarkSweep], Time(%), 0.0
[TOTAL_GCs], Count, 1836
[TOTAL_GC_TIME], Time(ms), 15700
[TOTAL_GC_TIME_%], Time(%), 0.7713562506387026
[READ], Operations, 99997979
[READ], AverageLatency(us), 666.4421588160296
[READ], MinLatency(us), 101
[READ], MaxLatency(us), 6643711
[READ], 95thPercentileLatency(us), 1222
[READ], 99thPercentileLatency(us), 1743
[READ], Return=OK, 99997979
[READ], Return=NOT_FOUND, 2021
[UPDATE-FAILED], Operations, 27
[UPDATE-FAILED], AverageLatency(us), 2084276.148148148
[UPDATE-FAILED], MinLatency(us), 2001920
[UPDATE-FAILED], MaxLatency(us), 2525183
[UPDATE-FAILED], 95thPercentileLatency(us), 2525183
[UPDATE-FAILED], 99thPercentileLatency(us), 2525183
[READ-MODIFY-WRITE], Operations, 50006090
[READ-MODIFY-WRITE], AverageLatency(us), 1362.5588200957122
[READ-MODIFY-WRITE], MinLatency(us), 288
[READ-MODIFY-WRITE], MaxLatency(us), 6643711
[READ-MODIFY-WRITE], 95thPercentileLatency(us), 1995
[READ-MODIFY-WRITE], 99thPercentileLatency(us), 3267
[CLEANUP], Operations, 50
[CLEANUP], AverageLatency(us), 45896.8
[CLEANUP], MinLatency(us), 0
[CLEANUP], MaxLatency(us), 2295807
[CLEANUP], 95thPercentileLatency(us), 1
[CLEANUP], 99thPercentileLatency(us), 2295807
[UPDATE], Operations, 50006063
[UPDATE], AverageLatency(us), 693.513898844626
[UPDATE], MinLatency(us), 135
[UPDATE], MaxLatency(us), 6643711
[UPDATE], 95thPercentileLatency(us), 1339
[UPDATE], 99thPercentileLatency(us), 1826
[UPDATE], Return=OK, 50006063
[UPDATE], Return=ERROR, 27
[READ-FAILED], Operations, 2021
[READ-FAILED], AverageLatency(us), 516.2944087085601
[READ-FAILED], MinLatency(us), 151
[READ-FAILED], MaxLatency(us), 28351
[READ-FAILED], 95thPercentileLatency(us), 873
[READ-FAILED], 99thPercentileLatency(us), 2389
