[OVERALL], RunTime(ms), 1593791
[OVERALL], Throughput(ops/sec), 62743.483932334915
[TOTAL_GCS_PS_Scavenge], Count, 1887
[TOTAL_GC_TIME_PS_Scavenge], Time(ms), 12162
[TOTAL_GC_TIME_%_PS_Scavenge], Time(%), 0.7630862515850573
[TOTAL_GCS_PS_MarkSweep], Count, 0
[TOTAL_GC_TIME_PS_MarkSweep], Time(ms), 0
[TOTAL_GC_TIME_%_PS_MarkSweep], Time(%), 0.0
[TOTAL_GCs], Count, 1887
[TOTAL_GC_TIME], Time(ms), 12162
[TOTAL_GC_TIME_%], Time(%), 0.7630862515850573
[CLEANUP], Operations, 50
[CLEANUP], AverageLatency(us), 45036.86
[CLEANUP], MinLatency(us), 0
[CLEANUP], MaxLatency(us), 2252799
[CLEANUP], 95thPercentileLatency(us), 3
[CLEANUP], 99thPercentileLatency(us), 2252799
[INSERT], Operations, 100000000
[INSERT], AverageLatency(us), 793.14751314
[INSERT], MinLatency(us), 130
[INSERT], MaxLatency(us), 162687
[INSERT], 95thPercentileLatency(us), 1675
[INSERT], 99thPercentileLatency(us), 1891
[INSERT], Return=OK, 100000000
