[OVERALL], RunTime(ms), 1558689
[OVERALL], Throughput(ops/sec), 64156.480221519494
[TOTAL_GCS_PS_Scavenge], Count, 825
[TOTAL_GC_TIME_PS_Scavenge], Time(ms), 11484
[TOTAL_GC_TIME_%_PS_Scavenge], Time(%), 0.7367730188639299
[TOTAL_GCS_PS_MarkSweep], Count, 0
[TOTAL_GC_TIME_PS_MarkSweep], Time(ms), 0
[TOTAL_GC_TIME_%_PS_MarkSweep], Time(%), 0.0
[TOTAL_GCs], Count, 825
[TOTAL_GC_TIME], Time(ms), 11484
[TOTAL_GC_TIME_%], Time(%), 0.7367730188639299
[READ], Operations, 50001862
[READ], AverageLatency(us), 681.7120145645777
[READ], MinLatency(us), 97
[READ], MaxLatency(us), 99583
[READ], 95thPercentileLatency(us), 1370
[READ], 99thPercentileLatency(us), 1988
[READ], Return=OK, 50001862
[READ], Return=NOT_FOUND, 827
[CLEANUP], Operations, 50
[CLEANUP], AverageLatency(us), 45200.6
[CLEANUP], MinLatency(us), 1
[CLEANUP], MaxLatency(us), 2260991
[CLEANUP], 95thPercentileLatency(us), 2
[CLEANUP], 99thPercentileLatency(us), 2260991
[UPDATE], Operations, 49997311
[UPDATE], AverageLatency(us), 870.2111179939258
[UPDATE], MinLatency(us), 136
[UPDATE], MaxLatency(us), 149503
[UPDATE], 95thPercentileLatency(us), 1620
[UPDATE], 99thPercentileLatency(us), 2617
[UPDATE], Return=OK, 49997311
[READ-FAILED], Operations, 827
[READ-FAILED], AverageLatency(us), 636.7460701330109
[READ-FAILED], MinLatency(us), 218
[READ-FAILED], MaxLatency(us), 3115
[READ-FAILED], 95thPercentileLatency(us), 1026
[READ-FAILED], 99thPercentileLatency(us), 2711
