
nofdb	workloads/workloadc.spec	4
# Load duration (sec): 2038.89
# Loading records:	10000000
# Load throughput (KOPS): 4.90463
Count: 10000000  Average: 815.0919  StdDev: 285.27
Percentiles(us): P50: 793.16 P90: 1174.04 P99: 1466.81 P99.9: 1727.54 P99.99: 5712.18
------------------------------------------------------
[     120,     140 )       4   0.000%   0.000% 
[     140,     160 )      45   0.000%   0.000% 
[     160,     180 )     145   0.001%   0.002% 
[     180,     200 )     178   0.002%   0.004% 
[     200,     250 )   15080   0.151%   0.155% 
[     250,     300 )   40491   0.405%   0.559% 
[     300,     350 )  118911   1.189%   1.749% 
[     350,     400 )  197510   1.975%   3.724% 
[     400,     450 )  276960   2.770%   6.493% #
[     450,     500 )  348639   3.486%   9.980% #
[     500,     600 ) 1178566  11.786%  21.765% ##
[     600,     700 ) 1415172  14.152%  35.917% ###
[     700,     800 ) 1511646  15.116%  51.033% ###
[     800,     900 ) 1432475  14.325%  65.358% ###
[     900,    1000 ) 1131604  11.316%  76.674% ##
[    1000,    1200 ) 1531348  15.313%  91.988% ###
[    1200,    1400 )  660046   6.600%  98.588% #
[    1400,    1600 )  123284   1.233%  99.821% 
[    1600,    1800 )   12382   0.124%  99.945% 
[    1800,    2000 )    1084   0.011%  99.956% 
[    2000,    2500 )     889   0.009%  99.965% 
[    2500,    3000 )     680   0.007%  99.971% 
[    3000,    3500 )     551   0.006%  99.977% 
[    3500,    4000 )     473   0.005%  99.982% 
[    4000,    4500 )     400   0.004%  99.986% 
[    4500,    5000 )     244   0.002%  99.988% 
[    5000,    6000 )     271   0.003%  99.991% 
[    6000,    7000 )     147   0.001%  99.992% 
[    7000,    8000 )     103   0.001%  99.993% 
[    8000,    9000 )      86   0.001%  99.994% 
[    9000,   10000 )      72   0.001%  99.995% 
[   10000,   12000 )     132   0.001%  99.996% 
[   12000,   14000 )      82   0.001%  99.997% 
[   14000,   16000 )      68   0.001%  99.998% 
[   16000,   18000 )      79   0.001%  99.998% 
[   18000,   20000 )      89   0.001%  99.999% 
[   20000,   25000 )      58   0.001% 100.000% 
[   25000,   30000 )       6   0.000% 100.000% 


---------- RPC REPLICA STATISTICS -----------
Avg send latency (us):	1.84459e+12
Avg receive latency (us):	8.68809e+07

# Run duration (sec): 1.60968
# Run operations:	10000
# Run throughput (KOPS): 6.2124
Count: 10000  Average: 637.4877  StdDev: 383.72
Percentiles(us): P50: 489.66 P90: 1241.84 P99: 1741.54 P99.9: 2000.00 P99.99: 4000.00
------------------------------------------------------
[      50,      60 )       7   0.070%   0.070% 
[      60,      70 )      20   0.200%   0.270% 
[      70,      80 )      12   0.120%   0.390% 
[      80,      90 )       1   0.010%   0.400% 
[      90,     100 )       5   0.050%   0.450% 
[     100,     120 )       1   0.010%   0.460% 
[     120,     140 )       1   0.010%   0.470% 
[     140,     160 )       9   0.090%   0.560% 
[     160,     180 )     111   1.110%   1.670% 
[     180,     200 )     157   1.570%   3.240% 
[     200,     250 )     168   1.680%   4.920% 
[     250,     300 )    1001  10.010%  14.930% ##
[     300,     350 )     624   6.240%  21.170% #
[     350,     400 )    1262  12.620%  33.790% ###
[     400,     450 )     954   9.540%  43.330% ##
[     450,     500 )     841   8.410%  51.740% ##
[     500,     600 )    1031  10.310%  62.050% ##
[     600,     700 )     525   5.250%  67.300% #
[     700,     800 )     515   5.150%  72.450% #
[     800,     900 )     510   5.100%  77.550% #
[     900,    1000 )     262   2.620%  80.170% #
[    1000,    1200 )     842   8.420%  88.590% ##
[    1200,    1400 )     674   6.740%  95.330% #
[    1400,    1600 )     275   2.750%  98.080% #
[    1600,    1800 )     130   1.300%  99.380% 
[    1800,    2000 )      52   0.520%  99.900% 
[    2000,    2500 )       5   0.050%  99.950% 
[    3000,    3500 )       1   0.010%  99.960% 
[    3500,    4000 )       3   0.030%  99.990% 
[    4000,    4500 )       1   0.010% 100.000% 

Read info: 
Count: 10000  Average: 637.4877  StdDev: 383.72
Percentiles(us): P50: 489.66 P90: 1241.84 P99: 1741.54 P99.9: 2000.00 P99.99: 4000.00
------------------------------------------------------
[      50,      60 )       7   0.070%   0.070% 
[      60,      70 )      20   0.200%   0.270% 
[      70,      80 )      12   0.120%   0.390% 
[      80,      90 )       1   0.010%   0.400% 
[      90,     100 )       5   0.050%   0.450% 
[     100,     120 )       1   0.010%   0.460% 
[     120,     140 )       1   0.010%   0.470% 
[     140,     160 )       9   0.090%   0.560% 
[     160,     180 )     111   1.110%   1.670% 
[     180,     200 )     157   1.570%   3.240% 
[     200,     250 )     168   1.680%   4.920% 
[     250,     300 )    1001  10.010%  14.930% ##
[     300,     350 )     624   6.240%  21.170% #
[     350,     400 )    1262  12.620%  33.790% ###
[     400,     450 )     954   9.540%  43.330% ##
[     450,     500 )     841   8.410%  51.740% ##
[     500,     600 )    1031  10.310%  62.050% ##
[     600,     700 )     525   5.250%  67.300% #
[     700,     800 )     515   5.150%  72.450% #
[     800,     900 )     510   5.100%  77.550% #
[     900,    1000 )     262   2.620%  80.170% #
[    1000,    1200 )     842   8.420%  88.590% ##
[    1200,    1400 )     674   6.740%  95.330% #
[    1400,    1600 )     275   2.750%  98.080% #
[    1600,    1800 )     130   1.300%  99.380% 
[    1800,    2000 )      52   0.520%  99.900% 
[    2000,    2500 )       5   0.050%  99.950% 
[    3000,    3500 )       1   0.010%  99.960% 
[    3500,    4000 )       3   0.030%  99.990% 
[    4000,    4500 )       1   0.010% 100.000% 

Write info: 
Count: 0  Average: 0.0000  StdDev: 0.00
Percentiles(us): P50: -nan P90: -nan P99: -nan P99.9: -nan P99.99: -nan
------------------------------------------------------


