
nofdb	workloads/workloadc.spec	8
# Load duration (sec): 1341.87
# Loading records:	10000000
# Load throughput (KOPS): 7.4523
Count: 10000000  Average: 1072.4322  StdDev: 329.89
Percentiles(us): P50: 1065.78 P90: 1457.58 P99: 1751.43 P99.9: 1999.22 P99.99: 8434.34
------------------------------------------------------
[     120,     140 )       2   0.000%   0.000% 
[     140,     160 )       3   0.000%   0.000% 
[     160,     180 )       6   0.000%   0.000% 
[     180,     200 )      10   0.000%   0.000% 
[     200,     250 )    2012   0.020%   0.020% 
[     250,     300 )    6247   0.062%   0.083% 
[     300,     350 )   15231   0.152%   0.235% 
[     350,     400 )   33912   0.339%   0.574% 
[     400,     450 )   66287   0.663%   1.237% 
[     450,     500 )   91135   0.911%   2.148% 
[     500,     600 )  280058   2.801%   4.949% #
[     600,     700 )  477820   4.778%   9.727% #
[     700,     800 )  680636   6.806%  16.534% #
[     800,     900 ) 1112094  11.121%  27.655% ##
[     900,    1000 ) 1375521  13.755%  41.410% ###
[    1000,    1200 ) 2611828  26.118%  67.528% #####
[    1200,    1400 ) 1958298  19.583%  87.111% ####
[    1400,    1600 ) 1003506  10.035%  97.146% ##
[    1600,    1800 )  244853   2.449%  99.595% 
[    1800,    2000 )   30661   0.307%  99.901% 
[    2000,    2500 )    4427   0.044%  99.945% 
[    2500,    3000 )    1058   0.011%  99.956% 
[    3000,    3500 )     829   0.008%  99.964% 
[    3500,    4000 )     685   0.007%  99.971% 
[    4000,    4500 )     446   0.004%  99.976% 
[    4500,    5000 )     351   0.004%  99.979% 
[    5000,    6000 )     457   0.005%  99.984% 
[    6000,    7000 )     338   0.003%  99.987% 
[    7000,    8000 )     203   0.002%  99.989% 
[    8000,    9000 )     198   0.002%  99.991% 
[    9000,   10000 )     142   0.001%  99.993% 
[   10000,   12000 )     169   0.002%  99.994% 
[   12000,   14000 )     105   0.001%  99.995% 
[   14000,   16000 )     129   0.001%  99.997% 
[   16000,   18000 )      92   0.001%  99.997% 
[   18000,   20000 )      88   0.001%  99.998% 
[   20000,   25000 )     125   0.001% 100.000% 
[   25000,   30000 )      10   0.000% 100.000% 
[   30000,   35000 )      11   0.000% 100.000% 
[   35000,   40000 )       5   0.000% 100.000% 
[   40000,   45000 )       2   0.000% 100.000% 
[   45000,   50000 )       2   0.000% 100.000% 
[   50000,   60000 )       1   0.000% 100.000% 
[   60000,   70000 )       7   0.000% 100.000% 


---------- RPC REPLICA STATISTICS -----------
Avg send latency (us):	1.84458e+12
Avg receive latency (us):	9.14312e+07

# Run duration (sec): 0.956749
# Run operations:	10000
# Run throughput (KOPS): 10.4521
Count: 10000  Average: 745.1702  StdDev: 620.12
Percentiles(us): P50: 427.94 P90: 1762.44 P99: 2445.61 P99.9: 2931.82 P99.99: 4000.00
------------------------------------------------------
[      50,      60 )       9   0.090%   0.090% 
[      60,      70 )      29   0.290%   0.380% 
[      70,      80 )      10   0.100%   0.480% 
[      80,      90 )       4   0.040%   0.520% 
[      90,     100 )       3   0.030%   0.550% 
[     100,     120 )       1   0.010%   0.560% 
[     120,     140 )       1   0.010%   0.570% 
[     140,     160 )      59   0.590%   1.160% 
[     160,     180 )     415   4.150%   5.310% #
[     180,     200 )     237   2.370%   7.680% 
[     200,     250 )     119   1.190%   8.870% 
[     250,     300 )    1768  17.680%  26.550% ####
[     300,     350 )     563   5.630%  32.180% #
[     350,     400 )    1411  14.110%  46.290% ###
[     400,     450 )     664   6.640%  52.930% #
[     450,     500 )     678   6.780%  59.710% #
[     500,     600 )     593   5.930%  65.640% #
[     600,     700 )     162   1.620%  67.260% 
[     700,     800 )     102   1.020%  68.280% 
[     800,     900 )     120   1.200%  69.480% 
[     900,    1000 )     131   1.310%  70.790% 
[    1000,    1200 )     396   3.960%  74.750% #
[    1200,    1400 )     574   5.740%  80.490% #
[    1400,    1600 )     458   4.580%  85.070% #
[    1600,    1800 )     607   6.070%  91.140% #
[    1800,    2000 )     360   3.600%  94.740% #
[    2000,    2500 )     478   4.780%  99.520% #
[    2500,    3000 )      44   0.440%  99.960% 
[    3000,    3500 )       1   0.010%  99.970% 
[    3500,    4000 )       2   0.020%  99.990% 
[    5000,    6000 )       1   0.010% 100.000% 

Read info: 
Count: 10000  Average: 745.1702  StdDev: 620.12
Percentiles(us): P50: 427.94 P90: 1762.44 P99: 2445.61 P99.9: 2931.82 P99.99: 4000.00
------------------------------------------------------
[      50,      60 )       9   0.090%   0.090% 
[      60,      70 )      29   0.290%   0.380% 
[      70,      80 )      10   0.100%   0.480% 
[      80,      90 )       4   0.040%   0.520% 
[      90,     100 )       3   0.030%   0.550% 
[     100,     120 )       1   0.010%   0.560% 
[     120,     140 )       1   0.010%   0.570% 
[     140,     160 )      59   0.590%   1.160% 
[     160,     180 )     415   4.150%   5.310% #
[     180,     200 )     237   2.370%   7.680% 
[     200,     250 )     119   1.190%   8.870% 
[     250,     300 )    1768  17.680%  26.550% ####
[     300,     350 )     563   5.630%  32.180% #
[     350,     400 )    1411  14.110%  46.290% ###
[     400,     450 )     664   6.640%  52.930% #
[     450,     500 )     678   6.780%  59.710% #
[     500,     600 )     593   5.930%  65.640% #
[     600,     700 )     162   1.620%  67.260% 
[     700,     800 )     102   1.020%  68.280% 
[     800,     900 )     120   1.200%  69.480% 
[     900,    1000 )     131   1.310%  70.790% 
[    1000,    1200 )     396   3.960%  74.750% #
[    1200,    1400 )     574   5.740%  80.490% #
[    1400,    1600 )     458   4.580%  85.070% #
[    1600,    1800 )     607   6.070%  91.140% #
[    1800,    2000 )     360   3.600%  94.740% #
[    2000,    2500 )     478   4.780%  99.520% #
[    2500,    3000 )      44   0.440%  99.960% 
[    3000,    3500 )       1   0.010%  99.970% 
[    3500,    4000 )       2   0.020%  99.990% 
[    5000,    6000 )       1   0.010% 100.000% 

Write info: 
Count: 0  Average: 0.0000  StdDev: 0.00
Percentiles(us): P50: -nan P90: -nan P99: -nan P99.9: -nan P99.99: -nan
------------------------------------------------------


