
nofdb	workloads/workloadc.spec	16
# Load duration (sec): 786.161
# Loading records:	10000000
# Load throughput (KOPS): 12.72
Count: 10000000  Average: 1256.7502  StdDev: 376.08
Percentiles(us): P50: 1228.53 P90: 1693.65 P99: 1987.33 P99.9: 2499.35 P99.99: 12919.83
------------------------------------------------------
[     140,     160 )       1   0.000%   0.000% 
[     160,     180 )       5   0.000%   0.000% 
[     180,     200 )       9   0.000%   0.000% 
[     200,     250 )     261   0.003%   0.003% 
[     250,     300 )    1239   0.012%   0.015% 
[     300,     350 )    2336   0.023%   0.039% 
[     350,     400 )    5031   0.050%   0.089% 
[     400,     450 )    8457   0.085%   0.173% 
[     450,     500 )   14303   0.143%   0.316% 
[     500,     600 )   60441   0.604%   0.921% 
[     600,     700 )  163933   1.639%   2.560% 
[     700,     800 )  322109   3.221%   5.781% #
[     800,     900 )  561795   5.618%  11.399% #
[     900,    1000 )  983098   9.831%  21.230% ##
[    1000,    1200 ) 2559509  25.595%  46.825% #####
[    1200,    1400 ) 2225876  22.259%  69.084% ####
[    1400,    1600 ) 1570210  15.702%  84.786% ###
[    1600,    1800 ) 1113531  11.135%  95.921% ##
[    1800,    2000 )  328682   3.287%  99.208% #
[    2000,    2500 )   69264   0.693%  99.901% 
[    2500,    3000 )    2469   0.025%  99.926% 
[    3000,    3500 )    1406   0.014%  99.940% 
[    3500,    4000 )    1072   0.011%  99.950% 
[    4000,    4500 )     808   0.008%  99.958% 
[    4500,    5000 )     635   0.006%  99.965% 
[    5000,    6000 )     703   0.007%  99.972% 
[    6000,    7000 )     540   0.005%  99.977% 
[    7000,    8000 )     365   0.004%  99.981% 
[    8000,    9000 )     272   0.003%  99.984% 
[    9000,   10000 )     236   0.002%  99.986% 
[   10000,   12000 )     295   0.003%  99.989% 
[   12000,   14000 )     237   0.002%  99.991% 
[   14000,   16000 )     197   0.002%  99.993% 
[   16000,   18000 )     325   0.003%  99.997% 
[   18000,   20000 )     214   0.002%  99.999% 
[   20000,   25000 )      82   0.001%  99.999% 
[   25000,   30000 )      16   0.000% 100.000% 
[   30000,   35000 )       9   0.000% 100.000% 
[   35000,   40000 )       5   0.000% 100.000% 
[   40000,   45000 )       7   0.000% 100.000% 
[   45000,   50000 )       3   0.000% 100.000% 
[   50000,   60000 )       7   0.000% 100.000% 
[   60000,   70000 )       5   0.000% 100.000% 
[   70000,   80000 )       1   0.000% 100.000% 
[   80000,   90000 )       1   0.000% 100.000% 


---------- RPC REPLICA STATISTICS -----------
Avg send latency (us):	1.84458e+12
Avg receive latency (us):	9.46036e+07

# Run duration (sec): 0.490662
# Run operations:	10000
# Run throughput (KOPS): 20.3806
Count: 10000  Average: 703.7308  StdDev: 606.28
Percentiles(us): P50: 387.95 P90: 1737.88 P99: 2434.43 P99.9: 2920.00 P99.99: 3500.00
------------------------------------------------------
[      50,      60 )      19   0.190%   0.190% 
[      60,      70 )      43   0.430%   0.620% 
[      70,      80 )      18   0.180%   0.800% 
[      80,      90 )       9   0.090%   0.890% 
[      90,     100 )       3   0.030%   0.920% 
[     100,     120 )       4   0.040%   0.960% 
[     140,     160 )      21   0.210%   1.170% 
[     160,     180 )     287   2.870%   4.040% #
[     180,     200 )     431   4.310%   8.350% #
[     200,     250 )     286   2.860%  11.210% #
[     250,     300 )    1678  16.780%  27.990% ###
[     300,     350 )     901   9.010%  37.000% ##
[     350,     400 )    1713  17.130%  54.130% ###
[     400,     450 )     684   6.840%  60.970% #
[     450,     500 )     373   3.730%  64.700% #
[     500,     600 )     263   2.630%  67.330% #
[     600,     700 )      94   0.940%  68.270% 
[     700,     800 )     115   1.150%  69.420% 
[     800,     900 )     160   1.600%  71.020% 
[     900,    1000 )     213   2.130%  73.150% 
[    1000,    1200 )     447   4.470%  77.620% #
[    1200,    1400 )     476   4.760%  82.380% #
[    1400,    1600 )     418   4.180%  86.560% #
[    1600,    1800 )     499   4.990%  91.550% #
[    1800,    2000 )     427   4.270%  95.820% #
[    2000,    2500 )     366   3.660%  99.480% #
[    2500,    3000 )      50   0.500%  99.980% 
[    3000,    3500 )       1   0.010%  99.990% 
[    4000,    4500 )       1   0.010% 100.000% 

Read info: 
Count: 10000  Average: 703.7308  StdDev: 606.28
Percentiles(us): P50: 387.95 P90: 1737.88 P99: 2434.43 P99.9: 2920.00 P99.99: 3500.00
------------------------------------------------------
[      50,      60 )      19   0.190%   0.190% 
[      60,      70 )      43   0.430%   0.620% 
[      70,      80 )      18   0.180%   0.800% 
[      80,      90 )       9   0.090%   0.890% 
[      90,     100 )       3   0.030%   0.920% 
[     100,     120 )       4   0.040%   0.960% 
[     140,     160 )      21   0.210%   1.170% 
[     160,     180 )     287   2.870%   4.040% #
[     180,     200 )     431   4.310%   8.350% #
[     200,     250 )     286   2.860%  11.210% #
[     250,     300 )    1678  16.780%  27.990% ###
[     300,     350 )     901   9.010%  37.000% ##
[     350,     400 )    1713  17.130%  54.130% ###
[     400,     450 )     684   6.840%  60.970% #
[     450,     500 )     373   3.730%  64.700% #
[     500,     600 )     263   2.630%  67.330% #
[     600,     700 )      94   0.940%  68.270% 
[     700,     800 )     115   1.150%  69.420% 
[     800,     900 )     160   1.600%  71.020% 
[     900,    1000 )     213   2.130%  73.150% 
[    1000,    1200 )     447   4.470%  77.620% #
[    1200,    1400 )     476   4.760%  82.380% #
[    1400,    1600 )     418   4.180%  86.560% #
[    1600,    1800 )     499   4.990%  91.550% #
[    1800,    2000 )     427   4.270%  95.820% #
[    2000,    2500 )     366   3.660%  99.480% #
[    2500,    3000 )      50   0.500%  99.980% 
[    3000,    3500 )       1   0.010%  99.990% 
[    4000,    4500 )       1   0.010% 100.000% 

Write info: 
Count: 0  Average: 0.0000  StdDev: 0.00
Percentiles(us): P50: -nan P90: -nan P99: -nan P99.9: -nan P99.99: -nan
------------------------------------------------------


