
nofdb	workloads/workloadc.spec	2
# Load duration (sec): 2050.56
# Loading records:	6000000
# Load throughput (KOPS): 2.92604
Count: 6000000  Average: 682.8125  StdDev: 203.60
Percentiles(us): P50: 666.08 P90: 896.07 P99: 1166.49 P99.9: 1391.47 P99.99: 5243.90
------------------------------------------------------
[     100,     120 )       1   0.000%   0.000% 
[     120,     140 )      48   0.001%   0.001% 
[     140,     160 )     254   0.004%   0.005% 
[     160,     180 )     427   0.007%   0.012% 
[     180,     200 )     391   0.007%   0.019% 
[     200,     250 )    8828   0.147%   0.166% 
[     250,     300 )   13243   0.221%   0.387% 
[     300,     350 )   83186   1.386%   1.773% 
[     350,     400 )   84131   1.402%   3.175% 
[     400,     450 )  143703   2.395%   5.570% 
[     450,     500 )  244416   4.074%   9.644% #
[     500,     600 ) 1421091  23.685%  33.329% #####
[     600,     700 ) 1513718  25.229%  58.557% #####
[     700,     800 ) 1169606  19.493%  78.051% ####
[     800,     900 )  746248  12.437%  90.488% ##
[     900,    1000 )  359173   5.986%  96.474% #
[    1000,    1200 )  182031   3.034%  99.508% #
[    1200,    1400 )   24552   0.409%  99.917% 
[    1400,    1600 )    2424   0.040%  99.958% 
[    1600,    1800 )     326   0.005%  99.963% 
[    1800,    2000 )     136   0.002%  99.966% 
[    2000,    2500 )     441   0.007%  99.973% 
[    2500,    3000 )     315   0.005%  99.978% 
[    3000,    3500 )     237   0.004%  99.982% 
[    3500,    4000 )     170   0.003%  99.985% 
[    4000,    4500 )     155   0.003%  99.988% 
[    4500,    5000 )     119   0.002%  99.990% 
[    5000,    6000 )     123   0.002%  99.992% 
[    6000,    7000 )      60   0.001%  99.993% 
[    7000,    8000 )      54   0.001%  99.993% 
[    8000,    9000 )      51   0.001%  99.994% 
[    9000,   10000 )      34   0.001%  99.995% 
[   10000,   12000 )      77   0.001%  99.996% 
[   12000,   14000 )      65   0.001%  99.997% 
[   14000,   16000 )      41   0.001%  99.998% 
[   16000,   18000 )      51   0.001%  99.999% 
[   18000,   20000 )      44   0.001% 100.000% 
[   20000,   25000 )      30   0.001% 100.000% 


---------- RPC REPLICA STATISTICS -----------
Avg send latency (us):	3.07438e+12
Avg receive latency (us):	8.16627e+07

# Run duration (sec): 3.74072
# Run operations:	10000
# Run throughput (KOPS): 2.67328
Count: 10000  Average: 743.0976  StdDev: 458.71
Percentiles(us): P50: 541.68 P90: 1516.36 P99: 1818.82 P99.9: 2282.61 P99.99: 2293.66
------------------------------------------------------
[      50,      60 )       2   0.020%   0.020% 
[      60,      70 )      11   0.110%   0.130% 
[      70,      80 )      24   0.240%   0.370% 
[      80,      90 )      11   0.110%   0.480% 
[      90,     100 )       6   0.060%   0.540% 
[     100,     120 )       3   0.030%   0.570% 
[     120,     140 )       8   0.080%   0.650% 
[     140,     160 )       9   0.090%   0.740% 
[     160,     180 )      48   0.480%   1.220% 
[     180,     200 )      61   0.610%   1.830% 
[     200,     250 )      50   0.500%   2.330% 
[     250,     300 )     519   5.190%   7.520% #
[     300,     350 )     560   5.600%  13.120% #
[     350,     400 )     856   8.560%  21.680% ##
[     400,     450 )    1343  13.430%  35.110% ###
[     450,     500 )     865   8.650%  43.760% ##
[     500,     600 )    1497  14.970%  58.730% ###
[     600,     700 )     726   7.260%  65.990% #
[     700,     800 )     241   2.410%  68.400% 
[     800,     900 )     162   1.620%  70.020% 
[     900,    1000 )     120   1.200%  71.220% 
[    1000,    1200 )     696   6.960%  78.180% #
[    1200,    1400 )     741   7.410%  85.590% #
[    1400,    1600 )     758   7.580%  93.170% ##
[    1600,    1800 )     575   5.750%  98.920% #
[    1800,    2000 )      85   0.850%  99.770% 
[    2000,    2500 )      23   0.230% 100.000% 

Read info: 
Count: 10000  Average: 743.0976  StdDev: 458.71
Percentiles(us): P50: 541.68 P90: 1516.36 P99: 1818.82 P99.9: 2282.61 P99.99: 2293.66
------------------------------------------------------
[      50,      60 )       2   0.020%   0.020% 
[      60,      70 )      11   0.110%   0.130% 
[      70,      80 )      24   0.240%   0.370% 
[      80,      90 )      11   0.110%   0.480% 
[      90,     100 )       6   0.060%   0.540% 
[     100,     120 )       3   0.030%   0.570% 
[     120,     140 )       8   0.080%   0.650% 
[     140,     160 )       9   0.090%   0.740% 
[     160,     180 )      48   0.480%   1.220% 
[     180,     200 )      61   0.610%   1.830% 
[     200,     250 )      50   0.500%   2.330% 
[     250,     300 )     519   5.190%   7.520% #
[     300,     350 )     560   5.600%  13.120% #
[     350,     400 )     856   8.560%  21.680% ##
[     400,     450 )    1343  13.430%  35.110% ###
[     450,     500 )     865   8.650%  43.760% ##
[     500,     600 )    1497  14.970%  58.730% ###
[     600,     700 )     726   7.260%  65.990% #
[     700,     800 )     241   2.410%  68.400% 
[     800,     900 )     162   1.620%  70.020% 
[     900,    1000 )     120   1.200%  71.220% 
[    1000,    1200 )     696   6.960%  78.180% #
[    1200,    1400 )     741   7.410%  85.590% #
[    1400,    1600 )     758   7.580%  93.170% ##
[    1600,    1800 )     575   5.750%  98.920% #
[    1800,    2000 )      85   0.850%  99.770% 
[    2000,    2500 )      23   0.230% 100.000% 

Write info: 
Count: 0  Average: 0.0000  StdDev: 0.00
Percentiles(us): P50: -nan P90: -nan P99: -nan P99.9: -nan P99.99: -nan
------------------------------------------------------


