
nofdb	workloads/workloadc.spec	1
# Load duration (sec): 2180.9
# Loading records:	3000000
# Load throughput (KOPS): 1.37558
Count: 3000000  Average: 726.2358  StdDev: 352.89
Percentiles(us): P50: 709.85 P90: 895.58 P99: 1148.63 P99.9: 1304.94 P99.99: 6263.16
------------------------------------------------------
[       0,       1 )       1   0.000%   0.000% 
[     140,     160 )       2   0.000%   0.000% 
[     160,     180 )       1   0.000%   0.000% 
[     180,     200 )       2   0.000%   0.000% 
[     200,     250 )     224   0.007%   0.008% 
[     250,     300 )     455   0.015%   0.023% 
[     300,     350 )    2558   0.085%   0.108% 
[     350,     400 )    2640   0.088%   0.196% 
[     400,     450 )    7422   0.247%   0.444% 
[     450,     500 )   11839   0.395%   0.838% 
[     500,     600 )  481388  16.046%  16.884% ###
[     600,     700 )  917644  30.588%  47.473% ######
[     700,     800 )  770081  25.669%  73.142% #####
[     800,     900 )  529120  17.637%  90.779% ####
[     900,    1000 )  173547   5.785%  96.564% #
[    1000,    1200 )   98335   3.278%  99.842% #
[    1200,    1400 )    3318   0.111%  99.953% 
[    1400,    1600 )     235   0.008%  99.960% 
[    1600,    1800 )      91   0.003%  99.963% 
[    1800,    2000 )      37   0.001%  99.965% 
[    2000,    2500 )     178   0.006%  99.971% 
[    2500,    3000 )     177   0.006%  99.977% 
[    3000,    3500 )     114   0.004%  99.980% 
[    3500,    4000 )      89   0.003%  99.983% 
[    4000,    4500 )      84   0.003%  99.986% 
[    4500,    5000 )      59   0.002%  99.988% 
[    5000,    6000 )      54   0.002%  99.990% 
[    6000,    7000 )      19   0.001%  99.990% 
[    7000,    8000 )      26   0.001%  99.991% 
[    8000,    9000 )      25   0.001%  99.992% 
[    9000,   10000 )      27   0.001%  99.993% 
[   10000,   12000 )      33   0.001%  99.994% 
[   12000,   14000 )      34   0.001%  99.995% 
[   14000,   16000 )      32   0.001%  99.996% 
[   16000,   18000 )      35   0.001%  99.998% 
[   18000,   20000 )      38   0.001%  99.999% 
[   20000,   25000 )      36   0.001% 100.000% 


---------- RPC REPLICA STATISTICS -----------
Avg send latency (us):	9.57797e+07
Avg receive latency (us):	6.14882e+12

# Run duration (sec): 7.28224
# Run operations:	10000
# Run throughput (KOPS): 1.3732
Count: 10000  Average: 727.1918  StdDev: 475.61
Percentiles(us): P50: 540.51 P90: 1478.67 P99: 1910.08 P99.9: 2410.26 P99.99: 8000.00
------------------------------------------------------
[      50,      60 )       9   0.090%   0.090% 
[      60,      70 )      48   0.480%   0.570% 
[      70,      80 )      28   0.280%   0.850% 
[      80,      90 )      12   0.120%   0.970% 
[      90,     100 )      10   0.100%   1.070% 
[     100,     120 )       9   0.090%   1.160% 
[     120,     140 )      38   0.380%   1.540% 
[     140,     160 )     109   1.090%   2.630% 
[     160,     180 )      96   0.960%   3.590% 
[     180,     200 )      74   0.740%   4.330% 
[     200,     250 )     100   1.000%   5.330% 
[     250,     300 )     534   5.340%  10.670% #
[     300,     350 )     425   4.250%  14.920% #
[     350,     400 )     924   9.240%  24.160% ##
[     400,     450 )    1009  10.090%  34.250% ##
[     450,     500 )     967   9.670%  43.920% ##
[     500,     600 )    1501  15.010%  58.930% ###
[     600,     700 )     781   7.810%  66.740% ##
[     700,     800 )     262   2.620%  69.360% #
[     800,     900 )     154   1.540%  70.900% 
[     900,    1000 )     252   2.520%  73.420% #
[    1000,    1200 )     484   4.840%  78.260% #
[    1200,    1400 )     997   9.970%  88.230% ##
[    1400,    1600 )     450   4.500%  92.730% #
[    1600,    1800 )     556   5.560%  98.290% #
[    1800,    2000 )     129   1.290%  99.580% 
[    2000,    2500 )      39   0.390%  99.970% 
[    2500,    3000 )       1   0.010%  99.980% 
[    7000,    8000 )       1   0.010%  99.990% 
[   10000,   12000 )       1   0.010% 100.000% 

Read info: 
Count: 10000  Average: 727.1918  StdDev: 475.61
Percentiles(us): P50: 540.51 P90: 1478.67 P99: 1910.08 P99.9: 2410.26 P99.99: 8000.00
------------------------------------------------------
[      50,      60 )       9   0.090%   0.090% 
[      60,      70 )      48   0.480%   0.570% 
[      70,      80 )      28   0.280%   0.850% 
[      80,      90 )      12   0.120%   0.970% 
[      90,     100 )      10   0.100%   1.070% 
[     100,     120 )       9   0.090%   1.160% 
[     120,     140 )      38   0.380%   1.540% 
[     140,     160 )     109   1.090%   2.630% 
[     160,     180 )      96   0.960%   3.590% 
[     180,     200 )      74   0.740%   4.330% 
[     200,     250 )     100   1.000%   5.330% 
[     250,     300 )     534   5.340%  10.670% #
[     300,     350 )     425   4.250%  14.920% #
[     350,     400 )     924   9.240%  24.160% ##
[     400,     450 )    1009  10.090%  34.250% ##
[     450,     500 )     967   9.670%  43.920% ##
[     500,     600 )    1501  15.010%  58.930% ###
[     600,     700 )     781   7.810%  66.740% ##
[     700,     800 )     262   2.620%  69.360% #
[     800,     900 )     154   1.540%  70.900% 
[     900,    1000 )     252   2.520%  73.420% #
[    1000,    1200 )     484   4.840%  78.260% #
[    1200,    1400 )     997   9.970%  88.230% ##
[    1400,    1600 )     450   4.500%  92.730% #
[    1600,    1800 )     556   5.560%  98.290% #
[    1800,    2000 )     129   1.290%  99.580% 
[    2000,    2500 )      39   0.390%  99.970% 
[    2500,    3000 )       1   0.010%  99.980% 
[    7000,    8000 )       1   0.010%  99.990% 
[   10000,   12000 )       1   0.010% 100.000% 

Write info: 
Count: 0  Average: 0.0000  StdDev: 0.00
Percentiles(us): P50: -nan P90: -nan P99: -nan P99.9: -nan P99.99: -nan
------------------------------------------------------


