7.7
15.3
21.8
25
27.2
28.6
29.6
30.3
30.8
31.4
31.7
32
32.4
32.7
33.4
33.5
33.6
33.6
33.6
33.9
34
34
33.6
33.7
33.7
33.8
33.9
34
34.2
34.3
34.3
34.3
34.3
34.3
34.4
34.5
34.5
34.5
34.5
34.5
34.6
34.7
34.8
34.9
34.9
34.9
34.9
34.9
34.9
34.9
34.9
34.9
34.9
34.9
35.6
36
36
36
35.9
36
36
36
36
36
36
36
36
36
36
36
36
36
36
35.9
35.9
36
35.9
36
35.8
35.8
35.8
35.9
35.9
35.9
35.9
35.9
35.9
35.8
35.8
35.8
35.8
35.8
35.8
35.8
35.9
35.8
35.8
35.8
35.8
35.8
35.8
35.9
35.9
35.9
35.9
35.9
35.9
36.3
36.8
36.7
36.7
36.8
36.7
36.7
36.7
36.7
36.7
36.7
36.7
36.7
36.7
36.7
36.7
36.7
36.7
36.7
36.6
36.6
36.6
36.6
36.6
36.6
36.6
36.6
36.6
36.6
36.6
36.6
36.6
36.5
36.5
36.5
36.5
36.5
36.5
36.5
36.5
36.5
36.5
36.5
36.5
36.5
36.5
36.5
36.5
36.5
36.5
36.5
36.4
36.5
37
37.3
37.3
37.3
37.2
37.2
37.2
37.2
37.2
37.2
37.2
37.2
37.2
37.2
37.2
37.2
37.2
37.1
37.1
37.1
37.1
37.1
37.1
37.1
37.1
37.1
37.1
37.1
37.1
37.1
37.1
37
37
37
37
37
37
37
37
37
37
37
37
37
36.9
36.9
36.9
36.9
36.9
36.9
36.9
36.9
37
37.4
37.8
37.8
37.8
37.8
37.8
37.7
37.7
37.7
37.7
37.7
37.7
37.7
37.7
37.7
37.7
37.7
37.7
37.6
37.6
37.7
37.7
37.6
37.7
37.7
37.7
37.7
37.7
37.7
37.7
37.7
37.7
37.6
37.6
37.6
37.6
37.5
37.5
37.5
37.5
37.5
37.5
37.5
37.5
37.5
37.4
37.4
37.4
37.4
37.4
37.4
37.4
37.7
38.2
38.4
38.4
38.4
38.4
38.3
38.3
38.3
38.3
38.3
38.3
38.3
38.3
38.3
38.3
38.3
38.3
38.2
38.2
38.2
38.2
38.2
38.2
38.2
38.2
38.2
38.2
38.2
38.2
38.2
38.1
38.1
38.1
38.1
38.1
38.1
38.1
38.1
38.1
38.1
38.1
38.1
38.1
38
38
38
38
38
38
38
38
38.2
38.5
38.7
38.8
38.8
38.8
38.8
38.8
38.8
38.7
38.7
38.7
38.7
38.7
38.7
38.7
38.7
38.7
38.7
38.7
38.7
38.7
38.6
38.6
38.6
38.6
38.6
38.6
38.6
38.6
38.6
38.6
38.6
38.6
38.6
38.5
38.5
38.5
38.5
38.5
38.5
38.5
38.5
38.5
38.5
38.5
38.4
38.4
38.3
38.3
38.3
38.3
38.5
38.8
39
39.2
39.2
39.2
39.2
39.1
39.1
39.1
39.1
39.1
39.1
39.1
39.1
39.1
39.1
39.1
39.1
39
39
39
39
39
39
39
39
39
39
39
39
39
39
38.9
38.9
38.9
38.9
38.9
38.9
38.9
38.9
38.9
38.9
38.9
38.9
38.9
38.8
38.8
38.8
38.8
38.8
38.8
38.9
39.1
39.3
39.5
39.5
39.5
39.5
39.5
39.5
39.4
39.4
39.4
39.4
39.4
39.4
39.4
39.4
39.4
39.4
39.4
39.4
39.4
39.3
39.3
39.3
39.3
39.3
39.3
39.3
39.3
39.3
39.3
39.3
39.3
39.3
39.3
39.2
39.2
39.2
39.2
39.2
39.2
39.2
39.2
39.2
39.2
39.2
39.2
39.2
39.2
39.1
39.1
39.2
39.3
39.5
39.7
39.8
39.8
39.8
39.8
39.8
39.8
39.8
39.7
39.7
39.7
39.7
39.7
39.7
39.7
39.7
39.7
39.7
39.7
39.7
39.7
39.6
39.6
39.6
39.6
39.6
39.6
39.6
39.6
39.6
39.6
39.6
39.6
39.6
39.6
39.5
39.6
39.5
39.5
39.5
39.5
39.5
39.5
39.5
39.5
39.5
39.5
39.5
39.5
39.5
39.6
39.8
40
40.1
40.1
40.1
40.1
40.1
40.1
40
40
40
40
40
40
40
40
40
40
40
40
39.9
39.9
39.9
39.9
39.9
39.9
39.9
39.9
39.9
39.9
39.9
39.9
39.9
39.9
39.9
39.8
39.8
39.8
39.8
39.8
39.8
39.8
39.8
39.8
39.8
39.8
39.8
39.8
39.8
39.7
39.7
39.9
40
40.1
40.3
40.3
40.3
40.3
40.3
40.3
40.3
40.3
40.3
40.3
40.3
40.3
40.2
40.2
40.2
40.2
40.2
40.2
40.2
40.2
40.2
40.2
40.2
40.2
40.2
40.2
40.1
40.1
40.1
40.1
40.1
40.1
40.1
40.1
40.1
40.1
40.1
40.1
40.1
40.1
40.1
40
40
40
40
40
40
40
40
40.1
40.2
40.3
40.5
40.7
40.6
40.6
40.6
40.6
40.6
40.6
40.6
40.6
40.6
40.6
40.6
40.6
40.6
40.6
40.5
40.4
40.4
40.4
40.4
40.4
40.4
40.4
40.4
40.4
40.4
40.4
40.4
40.4
40.3
40.3
40.3
40.3
40.3
40.3
40.3
40.3
40.3
40.3
40.3
40.3
40.3
40.3
40.3
40.2
40.2
40.2
40.2
40.3
40.4
40.5
40.8
40.9
40.9
40.9
40.8
40.8
40.8
40.8
40.8
40.8
40.8
40.8
40.8
40.8
40.8
40.8
40.8
40.8
40.8
40.7
40.7
40.7
40.6
40.7
40.6
40.6
40.6
40.6
40.6
40.6
40.6
40.6
40.6
40.5
40.5
40.5
40.5
40.5
40.5
40.5
40.5
40.5
40.5
40.5
40.5
40.5
40.5
40.5
40.5
40.6
40.7
40.8
41
41
41
41
41
41
41
41
41
41
41
41
41
41
41
41
40.9
40.9
40.9
40.9
40.9
40.9
40.9
40.9
40.9
40.9
40.9
40.9
40.9
40.9
40.9
40.8
40.8
40.8
40.8
40.8
40.8
40.8
40.8
40.8
40.8
40.8
40.8
40.8
40.8
40.8
40.8
40.8
40.7
40.8
40.9
41
41.2
41.2
41.2
41.2
41.2
41.2
41.2
41.2
41.2
41.2
41.2
41.2
41.2
41.2
41.2
41.2
41.1
41.1
41.1
41.1
41.1
41.1
41.1
41.1
41.1
41.1
41.1
41.1
41.1
41.1
41.1
41.1
41.1
40.9
40.9
40.9
40.9
40.9
40.9
40.9
40.9
40.9
40.9
40.9
40.9
40.9
40.9
40.9
40.9
40.9
41.1
41.2
41.3
41.3
41.3
41.3
41.3
41.3
41.3
41.3
41.3
41.3
41.3
41.3
41.3
41.3
41.3
41.2
41.2
41.2
41.2
41.2
41.2
41.2
41.2
41.2
41.2
41.2
41.2
41.2
41.2
41.2
41.2
41.2
41.2
41.1
41.1
41.1
41.1
41.1
41
41
41
41
41
41
41
41
41
41
41.1
41.1
41.2
41.3
41.4
41.5
41.5
41.5
41.4
41.4
41.4
41.4
41.4
41.4
41.4
41.4
41.4
41.4
41.4
41.4
41.4
41.4
41.4
41.4
41.4
41.3
41.3
41.3
41.3
41.3
41.3
41.3
41.3
41.3
41.3
41.3
41.3
41.3
41.3
41.3
41.3
41.3
41.3
41.3
41.2
41.2
41.2
41.2
41.2
41.2
41.2
41.2
41.2
41.3
41.4
41.5
41.5
41.6
41.6
41.6
41.6
41.6
41.6
41.6
41.6
41.6
41.6
41.6
41.5
41.5
41.5
0
