
nofdb	workloads/workloadc.spec	2
# Load duration (sec): 515.468
# Loading records:	6000000
# Load throughput (KOPS): 11.6399
Count: 6000000  Average: 171.3930  StdDev: 92.34
Percentiles(us): P50: 148.53 P90: 266.24 P99: 410.66 P99.9: 599.60 P99.99: 775.90
------------------------------------------------------
[      60,      70 )     247   0.004%   0.004% 
[      70,      80 )     865   0.014%   0.019% 
[      80,      90 )     284   0.005%   0.023% 
[      90,     100 )    7909   0.132%   0.155% 
[     100,     120 ) 2492490  41.541%  41.697% ########
[     120,     140 )  119419   1.990%  43.687% 
[     140,     160 )  888477  14.808%  58.495% ###
[     160,     180 )  295629   4.927%  63.422% #
[     180,     200 )   54714   0.912%  64.334% 
[     200,     250 ) 1344855  22.414%  86.748% ####
[     250,     300 )  600667  10.011%  96.759% ##
[     300,     350 )   99855   1.664%  98.424% 
[     350,     400 )   31844   0.531%  98.954% 
[     400,     450 )   12870   0.215%  99.169% 
[     450,     500 )   29934   0.499%  99.668% 
[     500,     600 )   13997   0.233%  99.901% 
[     600,     700 )    4796   0.080%  99.981% 
[     700,     800 )     722   0.012%  99.993% 
[     800,     900 )      53   0.001%  99.994% 
[     900,    1000 )      23   0.000%  99.994% 
[    1000,    1200 )      34   0.001%  99.995% 
[    1200,    1400 )      61   0.001%  99.996% 
[    1400,    1600 )      36   0.001%  99.996% 
[    1600,    1800 )      13   0.000%  99.997% 
[    1800,    2000 )       3   0.000%  99.997% 
[    2000,    2500 )       4   0.000%  99.997% 
[    2500,    3000 )       4   0.000%  99.997% 
[    3000,    3500 )       5   0.000%  99.997% 
[    3500,    4000 )       2   0.000%  99.997% 
[    4000,    4500 )       6   0.000%  99.997% 
[    4500,    5000 )       2   0.000%  99.997% 
[    5000,    6000 )       6   0.000%  99.997% 
[    6000,    7000 )       3   0.000%  99.997% 
[    7000,    8000 )      13   0.000%  99.997% 
[    8000,    9000 )      20   0.000%  99.998% 
[    9000,   10000 )      92   0.002%  99.999% 
[   10000,   12000 )      39   0.001% 100.000% 
[   20000,   25000 )       5   0.000% 100.000% 
[   25000,   30000 )       2   0.000% 100.000% 


# Run duration (sec): 632.144
# Run operations:	6000000
# Run throughput (KOPS): 9.49151
Count: 6000000  Average: 210.3561  StdDev: 72.90
Percentiles(us): P50: 193.76 P90: 282.48 P99: 476.87 P99.9: 606.91 P99.99: 1216.33
------------------------------------------------------
[      40,      45 )       9   0.000%   0.000% 
[      45,      50 )    2572   0.043%   0.043% 
[      50,      60 )   17420   0.290%   0.333% 
[      60,      70 )     349   0.006%   0.339% 
[      70,      80 )     854   0.014%   0.353% 
[      80,      90 )    2915   0.049%   0.402% 
[      90,     100 )    5106   0.085%   0.487% 
[     100,     120 )   14225   0.237%   0.724% 
[     120,     140 )  320124   5.335%   6.060% #
[     140,     160 )  291471   4.858%  10.917% #
[     160,     180 )  166309   2.772%  13.689% #
[     180,     200 ) 3167722  52.795%  66.485% ###########
[     200,     250 )  800037  13.334%  79.819% ###
[     250,     300 )  940543  15.676%  95.494% ###
[     300,     350 )   64609   1.077%  96.571% 
[     350,     400 )   70387   1.173%  97.744% 
[     400,     450 )   53262   0.888%  98.632% 
[     450,     500 )   41098   0.685%  99.317% 
[     500,     600 )   34679   0.578%  99.895% 
[     600,     700 )    4473   0.075%  99.969% 
[     700,     800 )     941   0.016%  99.985% 
[     800,     900 )     181   0.003%  99.988% 
[     900,    1000 )      31   0.001%  99.989% 
[    1000,    1200 )      75   0.001%  99.990% 
[    1200,    1400 )      98   0.002%  99.992% 
[    1400,    1600 )      75   0.001%  99.993% 
[    1600,    1800 )      71   0.001%  99.994% 
[    1800,    2000 )      73   0.001%  99.995% 
[    2000,    2500 )     132   0.002%  99.997% 
[    2500,    3000 )      60   0.001%  99.998% 
[    3000,    3500 )       4   0.000%  99.998% 
[    3500,    4000 )       5   0.000%  99.999% 
[    4000,    4500 )       4   0.000%  99.999% 
[    4500,    5000 )       1   0.000%  99.999% 
[    5000,    6000 )       9   0.000%  99.999% 
[    6000,    7000 )      10   0.000%  99.999% 
[    7000,    8000 )      14   0.000%  99.999% 
[    8000,    9000 )      10   0.000%  99.999% 
[    9000,   10000 )      15   0.000% 100.000% 
[   10000,   12000 )       7   0.000% 100.000% 
[   12000,   14000 )       9   0.000% 100.000% 
[   14000,   16000 )       7   0.000% 100.000% 
[   16000,   18000 )       4   0.000% 100.000% 

Read info: 
Count: 6000000  Average: 210.3561  StdDev: 72.90
Percentiles(us): P50: 193.76 P90: 282.48 P99: 476.87 P99.9: 606.91 P99.99: 1216.33
------------------------------------------------------
[      40,      45 )       9   0.000%   0.000% 
[      45,      50 )    2572   0.043%   0.043% 
[      50,      60 )   17420   0.290%   0.333% 
[      60,      70 )     349   0.006%   0.339% 
[      70,      80 )     854   0.014%   0.353% 
[      80,      90 )    2915   0.049%   0.402% 
[      90,     100 )    5106   0.085%   0.487% 
[     100,     120 )   14225   0.237%   0.724% 
[     120,     140 )  320124   5.335%   6.060% #
[     140,     160 )  291471   4.858%  10.917% #
[     160,     180 )  166309   2.772%  13.689% #
[     180,     200 ) 3167722  52.795%  66.485% ###########
[     200,     250 )  800037  13.334%  79.819% ###
[     250,     300 )  940543  15.676%  95.494% ###
[     300,     350 )   64609   1.077%  96.571% 
[     350,     400 )   70387   1.173%  97.744% 
[     400,     450 )   53262   0.888%  98.632% 
[     450,     500 )   41098   0.685%  99.317% 
[     500,     600 )   34679   0.578%  99.895% 
[     600,     700 )    4473   0.075%  99.969% 
[     700,     800 )     941   0.016%  99.985% 
[     800,     900 )     181   0.003%  99.988% 
[     900,    1000 )      31   0.001%  99.989% 
[    1000,    1200 )      75   0.001%  99.990% 
[    1200,    1400 )      98   0.002%  99.992% 
[    1400,    1600 )      75   0.001%  99.993% 
[    1600,    1800 )      71   0.001%  99.994% 
[    1800,    2000 )      73   0.001%  99.995% 
[    2000,    2500 )     132   0.002%  99.997% 
[    2500,    3000 )      60   0.001%  99.998% 
[    3000,    3500 )       4   0.000%  99.998% 
[    3500,    4000 )       5   0.000%  99.999% 
[    4000,    4500 )       4   0.000%  99.999% 
[    4500,    5000 )       1   0.000%  99.999% 
[    5000,    6000 )       9   0.000%  99.999% 
[    6000,    7000 )      10   0.000%  99.999% 
[    7000,    8000 )      14   0.000%  99.999% 
[    8000,    9000 )      10   0.000%  99.999% 
[    9000,   10000 )      15   0.000% 100.000% 
[   10000,   12000 )       7   0.000% 100.000% 
[   12000,   14000 )       9   0.000% 100.000% 
[   14000,   16000 )       7   0.000% 100.000% 
[   16000,   18000 )       4   0.000% 100.000% 

Write info: 
Count: 0  Average: 0.0000  StdDev: 0.00
Percentiles(us): P50: -nan P90: -nan P99: -nan P99.9: -nan P99.99: -nan
------------------------------------------------------


