
nofdb	workloads/workloadc.spec	1
# Load duration (sec): 555.303
# Loading records:	3000000
# Load throughput (KOPS): 5.40245
Count: 3000000  Average: 184.8885  StdDev: 100.51
Percentiles(us): P50: 158.49 P90: 296.31 P99: 499.21 P99.9: 631.99 P99.99: 699.38
------------------------------------------------------
[      60,      70 )      39   0.001%   0.001% 
[      70,      80 )     222   0.007%   0.009% 
[      80,      90 )     124   0.004%   0.013% 
[      90,     100 )     133   0.004%   0.017% 
[     100,     120 ) 1265949  42.198%  42.216% ########
[     120,     140 )   62706   2.090%  44.306% 
[     140,     160 )  184793   6.160%  50.466% #
[     160,     180 )  269454   8.982%  59.447% ##
[     180,     200 )   37577   1.253%  60.700% 
[     200,     250 )  665847  22.195%  82.895% ####
[     250,     300 )  230124   7.671%  90.566% ##
[     300,     350 )  112057   3.735%  94.301% #
[     350,     400 )   52899   1.763%  96.064% 
[     400,     450 )   35449   1.182%  97.246% 
[     450,     500 )   53471   1.782%  99.028% 
[     500,     600 )   24874   0.829%  99.857% 
[     600,     700 )    4007   0.134%  99.991% 
[     700,     800 )     116   0.004%  99.995% 
[     800,     900 )      32   0.001%  99.996% 
[     900,    1000 )      16   0.001%  99.996% 
[    1000,    1200 )      11   0.000%  99.997% 
[    1200,    1400 )      22   0.001%  99.997% 
[    1400,    1600 )      15   0.001%  99.998% 
[    1600,    1800 )       9   0.000%  99.998% 
[    1800,    2000 )       4   0.000%  99.998% 
[    2000,    2500 )       3   0.000%  99.998% 
[    2500,    3000 )       1   0.000%  99.998% 
[    3000,    3500 )       1   0.000%  99.999% 
[    3500,    4000 )       1   0.000%  99.999% 
[    4000,    4500 )       2   0.000%  99.999% 
[    5000,    6000 )       2   0.000%  99.999% 
[    6000,    7000 )       2   0.000%  99.999% 
[    7000,    8000 )       3   0.000%  99.999% 
[    8000,    9000 )       3   0.000%  99.999% 
[    9000,   10000 )      23   0.001% 100.000% 
[   10000,   12000 )       6   0.000% 100.000% 
[   16000,   18000 )       1   0.000% 100.000% 
[   20000,   25000 )       2   0.000% 100.000% 


# Run duration (sec): 579.147
# Run operations:	3000000
# Run throughput (KOPS): 5.18003
Count: 3000000  Average: 192.7703  StdDev: 106.26
Percentiles(us): P50: 181.72 P90: 291.45 P99: 501.61 P99.9: 594.77 P99.99: 699.66
------------------------------------------------------
[      40,      45 )       2   0.000%   0.000% 
[      45,      50 )    3153   0.105%   0.105% 
[      50,      60 )   74116   2.471%   2.576% 
[      60,      70 )    5286   0.176%   2.752% 
[      70,      80 )    1566   0.052%   2.804% 
[      80,      90 )    6273   0.209%   3.013% 
[      90,     100 )   15058   0.502%   3.515% 
[     100,     120 )   24945   0.832%   4.347% 
[     120,     140 )  574913  19.164%  23.510% ####
[     140,     160 )  581668  19.389%  42.899% ####
[     160,     180 )  143193   4.773%  47.672% #
[     180,     200 )  813206  27.107%  74.779% #####
[     200,     250 )  303902  10.130%  84.909% ##
[     250,     300 )  184212   6.140%  91.050% #
[     300,     350 )   49837   1.661%  92.711% 
[     350,     400 )   91827   3.061%  95.772% #
[     400,     450 )   39899   1.330%  97.102% 
[     450,     500 )   56477   1.883%  98.984% 
[     500,     600 )   28982   0.966%  99.951% 
[     600,     700 )    1189   0.040%  99.990% 
[     700,     800 )      33   0.001%  99.991% 
[     800,     900 )      17   0.001%  99.992% 
[     900,    1000 )      10   0.000%  99.992% 
[    1000,    1200 )      28   0.001%  99.993% 
[    1200,    1400 )      25   0.001%  99.994% 
[    1400,    1600 )      24   0.001%  99.995% 
[    1600,    1800 )      27   0.001%  99.996% 
[    1800,    2000 )      20   0.001%  99.996% 
[    2000,    2500 )      28   0.001%  99.997% 
[    2500,    3000 )       5   0.000%  99.997% 
[    3000,    3500 )       3   0.000%  99.997% 
[    3500,    4000 )       1   0.000%  99.998% 
[    4500,    5000 )       3   0.000%  99.998% 
[    5000,    6000 )       2   0.000%  99.998% 
[    6000,    7000 )       6   0.000%  99.998% 
[    7000,    8000 )       8   0.000%  99.998% 
[    8000,    9000 )       5   0.000%  99.998% 
[    9000,   10000 )      12   0.000%  99.999% 
[   10000,   12000 )      10   0.000%  99.999% 
[   12000,   14000 )       9   0.000%  99.999% 
[   14000,   16000 )      10   0.000% 100.000% 
[   16000,   18000 )       3   0.000% 100.000% 
[   18000,   20000 )       1   0.000% 100.000% 
[   20000,   25000 )       3   0.000% 100.000% 
[   25000,   30000 )       1   0.000% 100.000% 
[   30000,   35000 )       1   0.000% 100.000% 
[   35000,   40000 )       1   0.000% 100.000% 

Read info: 
Count: 3000000  Average: 192.7703  StdDev: 106.26
Percentiles(us): P50: 181.72 P90: 291.45 P99: 501.61 P99.9: 594.77 P99.99: 699.66
------------------------------------------------------
[      40,      45 )       2   0.000%   0.000% 
[      45,      50 )    3153   0.105%   0.105% 
[      50,      60 )   74116   2.471%   2.576% 
[      60,      70 )    5286   0.176%   2.752% 
[      70,      80 )    1566   0.052%   2.804% 
[      80,      90 )    6273   0.209%   3.013% 
[      90,     100 )   15058   0.502%   3.515% 
[     100,     120 )   24945   0.832%   4.347% 
[     120,     140 )  574913  19.164%  23.510% ####
[     140,     160 )  581668  19.389%  42.899% ####
[     160,     180 )  143193   4.773%  47.672% #
[     180,     200 )  813206  27.107%  74.779% #####
[     200,     250 )  303902  10.130%  84.909% ##
[     250,     300 )  184212   6.140%  91.050% #
[     300,     350 )   49837   1.661%  92.711% 
[     350,     400 )   91827   3.061%  95.772% #
[     400,     450 )   39899   1.330%  97.102% 
[     450,     500 )   56477   1.883%  98.984% 
[     500,     600 )   28982   0.966%  99.951% 
[     600,     700 )    1189   0.040%  99.990% 
[     700,     800 )      33   0.001%  99.991% 
[     800,     900 )      17   0.001%  99.992% 
[     900,    1000 )      10   0.000%  99.992% 
[    1000,    1200 )      28   0.001%  99.993% 
[    1200,    1400 )      25   0.001%  99.994% 
[    1400,    1600 )      24   0.001%  99.995% 
[    1600,    1800 )      27   0.001%  99.996% 
[    1800,    2000 )      20   0.001%  99.996% 
[    2000,    2500 )      28   0.001%  99.997% 
[    2500,    3000 )       5   0.000%  99.997% 
[    3000,    3500 )       3   0.000%  99.997% 
[    3500,    4000 )       1   0.000%  99.998% 
[    4500,    5000 )       3   0.000%  99.998% 
[    5000,    6000 )       2   0.000%  99.998% 
[    6000,    7000 )       6   0.000%  99.998% 
[    7000,    8000 )       8   0.000%  99.998% 
[    8000,    9000 )       5   0.000%  99.998% 
[    9000,   10000 )      12   0.000%  99.999% 
[   10000,   12000 )      10   0.000%  99.999% 
[   12000,   14000 )       9   0.000%  99.999% 
[   14000,   16000 )      10   0.000% 100.000% 
[   16000,   18000 )       3   0.000% 100.000% 
[   18000,   20000 )       1   0.000% 100.000% 
[   20000,   25000 )       3   0.000% 100.000% 
[   25000,   30000 )       1   0.000% 100.000% 
[   30000,   35000 )       1   0.000% 100.000% 
[   35000,   40000 )       1   0.000% 100.000% 

Write info: 
Count: 0  Average: 0.0000  StdDev: 0.00
Percentiles(us): P50: -nan P90: -nan P99: -nan P99.9: -nan P99.99: -nan
------------------------------------------------------


