[Server Processing Threads Num: 1]
CPU monitor is enabled
Stats recorder is enabled
Rocksdb opened: /mnt/nofdb_data/db
Server listening on 0.0.0.0:50051
Server thread 140328233322240 bound to core 0

Timer is reset

===== Load Statistics
Total requests: 26214400
Total bytes: 107374182400
Avg latency (us): 29.61, P90 (us): 31.16, P99 (us): 35.11, P99.9 (us):  40.53
Avg CPU utilization (percent): 276.57
Eplased time (sec): 3984.09
Throughput (MB/s): 25.70
QPS (k): 6.58

Timer is reset

===== Transaction Statistics
Total requests: 1000000
Total bytes: 4096000000
Avg latency (us): 29.86, P90 (us): 31.56, P99 (us): 36.37, P99.9 (us):  43.42
Avg CPU utilization (percent): 346.60
Eplased time (sec): 153.41
Throughput (MB/s): 25.46
QPS (k): 6.52

NoFDB Server is shutting down......

