14.6
13.9
13.3
12.8
12.3
20.3
57.0
88.0
 117
 142
 171
 196
 217
 240
 258
 278
 296
 312
 325
 338
 350
 361
 374
 385
 395
 406
 415
 423
 431
 440
 449
 457
 463
 469
 476
 483
 490
 497
 504
 510
 516
 522
 529
 533
 538
 544
 550
 555
 559
 563
 567
 572
 576
 580
 583
 587
 591
 594
 597
 600
 603
 607
 609
 611
 614
 617
 620
 624
 628
 630
 632
 635
 637
 640
 643
 647
 649
 651
 654
 655
 658
 660
 662
 664
 666
 668
 670
 672
 673
 676
 678
 681
 682
 684
 685
 687
 688
 690
 692
 693
 695
 696
 698
 700
 701
 703
 704
 706
 707
 709
 710
 714
 715
 716
 717
 718
 720
 721
 723
 724
 725
 724
 725
 727
 727
 729
 730
 731
 732
 734
 735
 735
 737
 738
 740
 740
 741
 742
 743
 743
 744
 747
 747
 748
 749
 750
 751
 753
 753
 754
 755
 756
 756
 757
 758
 759
 759
 760
 761
 762
 763
 764
 765
 765
 766
 766
 767
 766
 767
 768
 768
 769
 770
 770
 771
 771
 772
 773
 774
 774
 775
 776
 776
 777
 778
 779
 779
 779
 780
 780
 780
 781
 782
 782
 782
 783
 783
 783
 784
 784
 785
 786
 786
 786
 787
 787
 788
 788
 789
 789
 789
 790
 790
 790
 790
 791
 792
 792
 793
 793
 793
 793
 794
 794
 795
 795
 795
 796
 796
 797
 797
 797
 797
 797
 797
 798
 798
 799
 799
 799
 799
 799
 799
 799
 800
 800
 801
 801
 801
 801
 802
 802
 803
 802
 803
 803
 803
 803
 804
 803
 803
 803
 804
 804
 804
 804
 804
 805
 805
 805
 805
 806
 806
 806
 806
 806
 806
 807
 807
 807
 808
 808
 808
 808
 809
 809
 809
 809
 810
 810
 810
 811
 811
 811
 811
 811
 811
 812
 812
 812
 812
 812
 812
 812
 812
 812
 813
 813
 813
 813
 814
 814
 815
 815
 815
 815
 816
 816
 816
 817
 817
 817
 817
 818
 818
 818
 818
 818
 819
 819
 819
 819
 819
 819
 820
 820
 820
 821
 821
 821
 821
 821
 822
 822
 822
 822
 822
 823
 823
 823
 823
 823
 824
 824
 824
 825
 825
 825
 826
 826
 826
 826
 826
 827
 827
 827
 827
 827
 828
 828
 828
 828
 829
 829
 829
 829
 830
 830
 830
 830
 831
 831
 831
 831
 832
 832
 832
 832
 832
 832
 833
 833
 833
 833
 833
 834
 835
 835
 835
 835
 836
 836
 836
 837
 837
 837
 837
 838
 838
 838
 839
 839
 839
 839
 840
 840
 840
 840
 841
 841
 841
 841
 842
 842
 842
 842
 843
 843
 843
 843
 843
 843
 843
 844
 844
 844
 844
 845
 845
 845
 845
 845
 846
 846
 846
 846
 846
 846
 847
 847
 847
 847
 847
 848
 848
 848
 849
 849
 849
 849
 849
 849
 850
 850
 850
 851
 851
 851
 851
 851
 851
 851
 851
 852
 852
 852
 852
 852
 852
 853
 853
 853
 853
 853
 854
 854
 854
 854
 855
 855
 855
 855
 855
 856
 856
 856
 856
 856
 857
 857
 857
 857
 858
 858
 858
 858
 858
 859
 859
 859
 859
 859
 859
 859
 859
 859
 859
 860
 860
 860
 860
 860
 860
 860
 859
 858
 857
