15.0
14.4
30.4
70.0
 105
 139
 168
 203
 229
 252
 271
 289
 304
 320
 335
 348
 360
 368
 379
 390
 397
 406
 414
 422
 429
 437
 446
 454
 462
 469
 475
 482
 488
 495
 501
 506
 511
 515
 518
 522
 527
 532
 538
 542
 545
 550
 553
 556
 560
 564
 568
 571
 575
 577
 580
 584
 587
 590
 593
 595
 598
 600
 603
 607
 608
 611
 613
 615
 617
 620
 622
 624
 627
 629
 631
 634
 635
 638
 640
 642
 645
 646
 648
 651
 653
 654
 656
 658
 659
 660
 662
 663
 664
 665
 666
 669
 670
 671
 672
 673
 675
 676
 678
 679
 681
 682
 683
 685
 685
 686
 688
 689
 690
 691
 692
 693
 694
 696
 698
 698
 700
 701
 703
 704
 705
 706
 708
 709
 710
 711
 711
 713
 714
 715
 716
 717
 717
 718
 719
 720
 721
 721
 722
 722
 723
 724
 725
 725
 727
 727
 728
 729
 731
 730
 731
 733
 734
 734
 735
 735
 737
 738
 739
 740
 740
 741
 742
 743
 744
 744
 745
 746
 746
 747
 747
 748
 748
 749
 749
 749
 750
 751
 751
 752
 752
 753
 753
 754
 754
 754
 755
 755
 756
 757
 757
 757
 758
 757
 758
 759
 759
 760
 760
 761
 762
 762
 763
 764
 764
 764
 765
 765
 766
 766
 767
 767
 768
 768
 769
 769
 770
 770
 771
 771
 771
 772
 772
 772
 773
 773
 773
 773
 774
 774
 775
 775
 776
 776
 777
 777
 778
 777
 777
 778
 778
 779
 779
 780
 780
 780
 781
 781
 782
 782
 782
 783
 783
 784
 784
 785
 785
 785
 786
 786
 786
 787
 787
 787
 788
 788
 788
 789
 789
 790
 790
 790
 791
 791
 791
 792
 792
 793
 793
 793
 793
 794
 794
 795
 795
 795
 796
 796
 797
 797
 797
 797
 798
 798
 799
 799
 799
 799
 800
 800
 801
 801
 801
 802
 802
 802
 803
 803
 804
 804
 804
 805
 805
 805
 806
 806
 807
 807
 807
 807
 808
 808
 808
 808
 808
 808
 808
 809
 809
 809
 810
 810
 810
 811
 811
 811
 812
 812
 813
 813
 813
 814
 814
 814
 815
 815
 815
 816
 816
 816
 816
 817
 817
 817
 817
 818
 818
 818
 819
 819
 819
 820
 820
 820
 820
 820
 820
 820
 821
 821
 821
 821
 822
 822
 822
 823
 823
 823
 823
 823
 823
 824
 824
 825
 825
 825
 825
 825
 826
 826
 826
 827
 827
 827
 827
 828
 828
 828
 828
 828
 828
 829
 829
 829
 830
 830
 830
 830
 830
 831
 831
 831
 831
 831
 831
 832
 832
 832
 832
 832
 833
 833
 833
 833
 833
 834
 834
 834
 834
 834
 835
 835
 835
 835
 835
 836
 836
 836
 836
 836
 837
 837
 837
 837
 837
 837
 838
 838
 838
 838
 838
 838
 838
 839
 839
 839
 839
 839
 840
 840
 840
 840
 840
 840
 841
 841
 841
 841
 841
 841
 841
 841
 842
 842
 842
 842
 842
 843
 843
 843
 843
 843
 843
 844
 844
 844
 844
 844
 844
 845
 845
 845
 845
 845
 845
 846
 846
 846
 846
 846
 846
 846
 847
 847
 847
 847
 847
 848
 848
 848
 848
 848
 847
 846
 845
