 832
 830
 829
 829
 829
 829
 829
 829
 829
 829
 829
 828
 828
 828
 828
 828
 828
 828
 828
 828
 828
 828
 828
 828
 828
 828
 828
 828
 828
 828
 828
 828
 828
 828
 828
 828
 828
 828
 828
 828
 828
 828
 828
 828
 828
 828
 828
 828
 827
 827
 827
 828
 828
 828
 828
 828
 827
 827
 827
 827
 827
 827
 827
 827
 828
 828
 828
 828
 828
 828
 828
 828
 828
 828
 828
 828
 828
 828
 828
 828
 828
 828
 828
 828
 828
 828
 828
 828
 828
 828
 828
 828
 828
 828
 828
 828
 828
 828
 828
 828
 828
 828
 828
 828
 828
 828
 828
 828
 828
 828
 828
 828
 828
 828
 828
 828
 828
 828
 828
 828
 828
 828
 828
 828
 828
 828
 828
 828
 828
 828
 829
 829
 829
 829
 829
 829
 828
 828
 828
 828
 828
 828
 828
 828
 828
 828
 828
 828
 828
 829
 829
 828
 829
 828
 828
 828
 828
 828
 828
 828
 828
 827
 827
 827
 827
 827
 827
 827
 826
 826
 826
 826
 826
 826
 826
 825
 825
 825
 825
 825
 825
 824
 824
 824
 824
 824
 824
 824
 824
 824
 823
 823
 823
 823
 823
 823
 823
 823
 823
 823
 822
 822
 822
 822
 822
 822
 822
 822
 821
 821
 821
 821
 821
 821
 821
 821
 821
 821
 821
 820
 820
 820
 820
 820
 820
 820
 820
 820
 819
 819
 819
 819
 819
 819
 819
 819
 819
 819
 819
 819
 819
 819
 818
 818
 818
 818
 818
 818
 818
 818
 818
 818
 818
 817
 817
 817
 817
 817
 817
 817
 817
 817
 817
 817
 817
 817
 817
 817
 816
 816
 816
 816
 816
 816
 816
 816
 816
 816
 816
 816
 816
 816
 816
 816
 815
 815
 815
 815
 815
 815
 815
 815
 815
 815
 815
 815
 815
 815
 815
 815
 815
 815
 815
 814
 814
 814
 814
 814
 814
 814
 814
 814
 814
 814
 814
 814
 814
 814
 814
 813
 813
 813
 813
 813
 813
 813
 813
 813
 813
 813
 813
 813
 813
 813
 813
 813
 813
 813
 813
 813
 813
 813
 813
 812
 812
 812
 812
 812
 812
 812
 812
 812
 812
 812
 812
 812
 812
 812
 812
 812
 812
 812
 812
 812
 811
 811
 811
 811
 811
 811
 811
 811
 811
 811
 811
 811
 811
 811
 811
 810
 810
 810
 810
 810
 810
 810
 810
 810
 810
 810
 810
 810
 810
 810
 810
 810
 809
 809
 809
 809
 809
 809
 809
 809
 809
 809
 809
 809
 809
 809
 809
 809
 809
 809
 809
 809
 809
 809
 808
 808
 808
 808
 808
 808
 808
 808
 808
 808
 808
 808
 808
 808
 808
 807
 807
 807
 807
 807
 807
 807
 807
 807
 807
 807
 807
 807
 807
 807
 807
 807
 807
 807
 807
 807
 806
 806
 806
 806
 806
 806
 805
 805
