[OVERALL], RunTime(ms), 1673953
[OVERALL], Throughput(ops/sec), 59738.83376653944
[TOTAL_GCS_PS_Scavenge], Count, 867
[TOTAL_GC_TIME_PS_Scavenge], Time(ms), 12144
[TOTAL_GC_TIME_%_PS_Scavenge], Time(%), 0.725468397260855
[TOTAL_GCS_PS_MarkSweep], Count, 0
[TOTAL_GC_TIME_PS_MarkSweep], Time(ms), 0
[TOTAL_GC_TIME_%_PS_MarkSweep], Time(%), 0.0
[TOTAL_GCs], Count, 867
[TOTAL_GC_TIME], Time(ms), 12144
[TOTAL_GC_TIME_%], Time(%), 0.725468397260855
[READ], Operations, 49995160
[READ], AverageLatency(us), 914.9720795773031
[READ], MinLatency(us), 94
[READ], MaxLatency(us), 3348479
[READ], 95thPercentileLatency(us), 1963
[READ], 99thPercentileLatency(us), 3437
[READ], Return=OK, 49995160
[READ], Return=NOT_FOUND, 530
[UPDATE-FAILED], Operations, 15
[UPDATE-FAILED], AverageLatency(us), 2452548.2666666666
[UPDATE-FAILED], MinLatency(us), 2003968
[UPDATE-FAILED], MaxLatency(us), 3344383
[UPDATE-FAILED], 95thPercentileLatency(us), 3344383
[UPDATE-FAILED], 99thPercentileLatency(us), 3344383
[CLEANUP], Operations, 50
[CLEANUP], AverageLatency(us), 45160.3
[CLEANUP], MinLatency(us), 0
[CLEANUP], MaxLatency(us), 2258943
[CLEANUP], 95thPercentileLatency(us), 4
[CLEANUP], 99thPercentileLatency(us), 2258943
[UPDATE], Operations, 50004295
[UPDATE], AverageLatency(us), 746.1507836076881
[UPDATE], MinLatency(us), 116
[UPDATE], MaxLatency(us), 3344383
[UPDATE], 95thPercentileLatency(us), 1358
[UPDATE], 99thPercentileLatency(us), 1682
[UPDATE], Return=OK, 50004295
[UPDATE], Return=ERROR, 15
[READ-FAILED], Operations, 530
[READ-FAILED], AverageLatency(us), 682.3056603773584
[READ-FAILED], MinLatency(us), 122
[READ-FAILED], MaxLatency(us), 20239
[READ-FAILED], 95thPercentileLatency(us), 1952
[READ-FAILED], 99thPercentileLatency(us), 3899
