[OVERALL], RunTime(ms), 1463494
[OVERALL], Throughput(ops/sec), 68329.62758986371
[TOTAL_GCS_PS_Scavenge], Count, 942
[TOTAL_GC_TIME_PS_Scavenge], Time(ms), 10643
[TOTAL_GC_TIME_%_PS_Scavenge], Time(%), 0.7272322264389195
[TOTAL_GCS_PS_MarkSweep], Count, 0
[TOTAL_GC_TIME_PS_MarkSweep], Time(ms), 0
[TOTAL_GC_TIME_%_PS_MarkSweep], Time(%), 0.0
[TOTAL_GCs], Count, 942
[TOTAL_GC_TIME], Time(ms), 10643
[TOTAL_GC_TIME_%], Time(%), 0.7272322264389195
[READ], Operations, 99999854
[READ], AverageLatency(us), 724.0464405978033
[READ], MinLatency(us), 69
[READ], MaxLatency(us), 8568831
[READ], 95thPercentileLatency(us), 1571
[READ], 99thPercentileLatency(us), 2645
[READ], Return=OK, 99999854
[READ], Return=NOT_FOUND, 131
[READ], Return=ERROR, 15
[CLEANUP], Operations, 50
[CLEANUP], AverageLatency(us), 45733.7
[CLEANUP], MinLatency(us), 1
[CLEANUP], MaxLatency(us), 2287615
[CLEANUP], 95thPercentileLatency(us), 4
[CLEANUP], 99thPercentileLatency(us), 2287615
[READ-FAILED], Operations, 146
[READ-FAILED], AverageLatency(us), 884958.7260273972
[READ-FAILED], MinLatency(us), 606
[READ-FAILED], MaxLatency(us), 8568831
[READ-FAILED], 95thPercentileLatency(us), 8568831
[READ-FAILED], 99thPercentileLatency(us), 8568831
