[OVERALL], RunTime(ms), 1432413
[OVERALL], Throughput(ops/sec), 69812.26783057679
[TOTAL_GCS_PS_Scavenge], Count, 932
[TOTAL_GC_TIME_PS_Scavenge], Time(ms), 10285
[TOTAL_GC_TIME_%_PS_Scavenge], Time(%), 0.7180191746374823
[TOTAL_GCS_PS_MarkSweep], Count, 0
[TOTAL_GC_TIME_PS_MarkSweep], Time(ms), 0
[TOTAL_GC_TIME_%_PS_MarkSweep], Time(%), 0.0
[TOTAL_GCs], Count, 932
[TOTAL_GC_TIME], Time(ms), 10285
[TOTAL_GC_TIME_%], Time(%), 0.7180191746374823
[READ], Operations, 94984935
[READ], AverageLatency(us), 708.1276271547694
[READ], MinLatency(us), 82
[READ], MaxLatency(us), 12050431
[READ], 95thPercentileLatency(us), 1425
[READ], 99thPercentileLatency(us), 2115
[READ], Return=OK, 94984935
[READ], Return=NOT_FOUND, 11365
[UPDATE-FAILED], Operations, 31225
[UPDATE-FAILED], AverageLatency(us), 1454.2328582866294
[UPDATE-FAILED], MinLatency(us), 187
[UPDATE-FAILED], MaxLatency(us), 7643135
[UPDATE-FAILED], 95thPercentileLatency(us), 1082
[UPDATE-FAILED], 99thPercentileLatency(us), 1368
[CLEANUP], Operations, 50
[CLEANUP], AverageLatency(us), 44873.54
[CLEANUP], MinLatency(us), 0
[CLEANUP], MaxLatency(us), 2244607
[CLEANUP], 95thPercentileLatency(us), 3
[CLEANUP], 99thPercentileLatency(us), 2244607
[UPDATE], Operations, 4972475
[UPDATE], AverageLatency(us), 743.9012391213631
[UPDATE], MinLatency(us), 133
[UPDATE], MaxLatency(us), 2484223
[UPDATE], 95thPercentileLatency(us), 1279
[UPDATE], 99thPercentileLatency(us), 1593
[UPDATE], Return=OK, 4972475
[UPDATE], Return=ERROR, 31225
[READ-FAILED], Operations, 11365
[READ-FAILED], AverageLatency(us), 763.528200615926
[READ-FAILED], MinLatency(us), 90
[READ-FAILED], MaxLatency(us), 82687
[READ-FAILED], 95thPercentileLatency(us), 2016
[READ-FAILED], 99thPercentileLatency(us), 3821
