[OVERALL], RunTime(ms), 1530623
[OVERALL], Throughput(ops/sec), 65332.874261003526
[TOTAL_GCS_PS_Scavenge], Count, 1265
[TOTAL_GC_TIME_PS_Scavenge], Time(ms), 11646
[TOTAL_GC_TIME_%_PS_Scavenge], Time(%), 0.760866653643647
[TOTAL_GCS_PS_MarkSweep], Count, 0
[TOTAL_GC_TIME_PS_MarkSweep], Time(ms), 0
[TOTAL_GC_TIME_%_PS_MarkSweep], Time(%), 0.0
[TOTAL_GCs], Count, 1265
[TOTAL_GC_TIME], Time(ms), 11646
[TOTAL_GC_TIME_%], Time(%), 0.760866653643647
[CLEANUP], Operations, 50
[CLEANUP], AverageLatency(us), 45078.92
[CLEANUP], MinLatency(us), 1
[CLEANUP], MaxLatency(us), 2254847
[CLEANUP], 95thPercentileLatency(us), 3
[CLEANUP], 99thPercentileLatency(us), 2254847
[INSERT], Operations, 100000000
[INSERT], AverageLatency(us), 756.1070402
[INSERT], MinLatency(us), 112
[INSERT], MaxLatency(us), 332543
[INSERT], 95thPercentileLatency(us), 1432
[INSERT], 99thPercentileLatency(us), 1764
[INSERT], Return=OK, 100000000
