[OVERALL], RunTime(ms), 1437379
[OVERALL], Throughput(ops/sec), 69571.07346079218
[TOTAL_GCS_PS_Scavenge], Count, 1067
[TOTAL_GC_TIME_PS_Scavenge], Time(ms), 10586
[TOTAL_GC_TIME_%_PS_Scavenge], Time(%), 0.736479383655946
[TOTAL_GCS_PS_MarkSweep], Count, 0
[TOTAL_GC_TIME_PS_MarkSweep], Time(ms), 0
[TOTAL_GC_TIME_%_PS_MarkSweep], Time(%), 0.0
[TOTAL_GCs], Count, 1067
[TOTAL_GC_TIME], Time(ms), 10586
[TOTAL_GC_TIME_%], Time(%), 0.736479383655946
[CLEANUP], Operations, 50
[CLEANUP], AverageLatency(us), 44750.02
[CLEANUP], MinLatency(us), 0
[CLEANUP], MaxLatency(us), 2238463
[CLEANUP], 95thPercentileLatency(us), 3
[CLEANUP], 99thPercentileLatency(us), 2238463
[INSERT], Operations, 100000000
[INSERT], AverageLatency(us), 715.4581261
[INSERT], MinLatency(us), 116
[INSERT], MaxLatency(us), 287487
[INSERT], 95thPercentileLatency(us), 1379
[INSERT], 99thPercentileLatency(us), 1721
[INSERT], Return=OK, 100000000
