
nofdb	workloads/workloadb.spec	50
# Load duration (sec): 1761.48
# Loading records:	200000000
# Load throughput (KOPS): 113.541
Count: 200000000  Average: 439.0670  StdDev: 31118.90
Percentiles(us): P50: 233.50 P90: 571.89 P99: 2270.00 P99.9: 17132.12 P99.99: 69020.58
------------------------------------------------------
[      50,      60 )       4   0.000%   0.000% 
[      60,      70 )     223   0.000%   0.000% 
[      70,      80 )    1880   0.001%   0.001% 
[      80,      90 )    4527   0.002%   0.003% 
[      90,     100 )    6509   0.003%   0.007% 
[     100,     120 ) 25545729  12.773%  12.779% ###
[     120,     140 ) 21077589  10.539%  23.318% ##
[     140,     160 ) 9579957   4.790%  28.108% #
[     160,     180 ) 9549129   4.775%  32.883% #
[     180,     200 ) 7966852   3.983%  36.866% #
[     200,     250 ) 39206895  19.603%  56.470% ####
[     250,     300 ) 22813388  11.407%  67.876% ##
[     300,     350 ) 15445236   7.723%  75.599% ##
[     350,     400 ) 10565028   5.283%  80.881% #
[     400,     450 ) 6993276   3.497%  84.378% #
[     450,     500 ) 5434281   2.717%  87.095% #
[     500,     600 ) 8080818   4.040%  91.136% #
[     600,     700 ) 4937112   2.469%  93.604% 
[     700,     800 ) 3149579   1.575%  95.179% 
[     800,     900 ) 2011784   1.006%  96.185% 
[     900,    1000 ) 1370790   0.685%  96.870% 
[    1000,    1200 ) 1603025   0.802%  97.672% 
[    1200,    1400 )  911080   0.456%  98.127% 
[    1400,    1600 )  603578   0.302%  98.429% 
[    1600,    1800 )  444373   0.222%  98.651% 
[    1800,    2000 )  354888   0.177%  98.829% 
[    2000,    2500 )  634212   0.317%  99.146% 
[    2500,    3000 )  388609   0.194%  99.340% 
[    3000,    3500 )  250606   0.125%  99.465% 
[    3500,    4000 )  171116   0.086%  99.551% 
[    4000,    4500 )  122320   0.061%  99.612% 
[    4500,    5000 )   90696   0.045%  99.658% 
[    5000,    6000 )  126943   0.063%  99.721% 
[    6000,    7000 )   83899   0.042%  99.763% 
[    7000,    8000 )   57554   0.029%  99.792% 
[    8000,    9000 )   39108   0.020%  99.811% 
[    9000,   10000 )   26550   0.013%  99.825% 
[   10000,   12000 )   36819   0.018%  99.843% 
[   12000,   14000 )   58593   0.029%  99.872% 
[   14000,   16000 )   38637   0.019%  99.892% 
[   16000,   18000 )   29693   0.015%  99.906% 
[   18000,   20000 )   22117   0.011%  99.918% 
[   20000,   25000 )   44301   0.022%  99.940% 
[   25000,   30000 )   32076   0.016%  99.956% 
[   30000,   35000 )   17529   0.009%  99.964% 
[   35000,   40000 )   12537   0.006%  99.971% 
[   40000,   45000 )    9956   0.005%  99.976% 
[   45000,   50000 )    9092   0.005%  99.980% 
[   50000,   60000 )   12581   0.006%  99.987% 
[   60000,   70000 )    7678   0.004%  99.990% 
[   70000,   80000 )    5307   0.003%  99.993% 
[   80000,   90000 )    3496   0.002%  99.995% 
[   90000,  100000 )    2219   0.001%  99.996% 
[  100000,  120000 )    2371   0.001%  99.997% 
[  120000,  140000 )    1139   0.001%  99.998% 
[  140000,  160000 )     958   0.000%  99.998% 
[  160000,  180000 )     981   0.000%  99.999% 
[  180000,  200000 )      93   0.000%  99.999% 
[  200000,  250000 )     151   0.000%  99.999% 
[  250000,  300000 )      81   0.000%  99.999% 
[  300000,  350000 )     245   0.000%  99.999% 
[  350000,  400000 )     132   0.000%  99.999% 
[  400000,  450000 )     103   0.000%  99.999% 
[  450000,  500000 )     131   0.000%  99.999% 
[  500000,  600000 )     104   0.000%  99.999% 
[  600000,  700000 )     168   0.000%  99.999% 
[  700000,  800000 )      27   0.000%  99.999% 
[  800000,  900000 )      25   0.000%  99.999% 
[  900000, 1000000 )     113   0.000%  99.999% 
[ 1000000, 1200000 )     145   0.000%  99.999% 
[ 1200000, 1400000 )     100   0.000%  99.999% 
[ 1400000, 1600000 )      38   0.000%  99.999% 
[ 1600000, 1800000 )       2   0.000%  99.999% 
[ 1800000, 2000000 )      73   0.000%  99.999% 
[ 2000000, 2500000 )      41   0.000%  99.999% 
[ 2500000, 3000000 )       1   0.000%  99.999% 
[ 3000000, 3500000 )       4   0.000%  99.999% 
[ 3500000, 4000000 )     100   0.000% 100.000% 
[ 5000000, 6000000 )      50   0.000% 100.000% 
[ 6000000, 7000000 )      50   0.000% 100.000% 
[ 7000000, 8000000 )     150   0.000% 100.000% 
[ 8000000, 9000000 )     100   0.000% 100.000% 
[ 9000000, 10000000 )      50   0.000% 100.000% 
[ 10000000, 12000000 )     150   0.000% 100.000% 
[ 12000000, 14000000 )     100   0.000% 100.000% 
[ 18000000, 20000000 )      50   0.000% 100.000% 
[ 20000000, 25000000 )     150   0.000% 100.000% 
[ 25000000, 30000000 )      50   0.000% 100.000% 


# Run duration (sec): 2086.75
# Run operations:	200000000
# Run throughput (KOPS): 95.8427
Count: 200000000  Average: 519.8712  StdDev: 16780.73
Percentiles(us): P50: 138.18 P90: 456.90 P99: 1157.24 P99.9: 61827.57 P99.99: 554800.64
------------------------------------------------------
[      30,      35 )       3   0.000%   0.000% 
[      35,      40 )   21206   0.011%   0.011% 
[      40,      45 ) 2095765   1.048%   1.058% 
[      45,      50 ) 10634842   5.317%   6.376% #
[      50,      60 ) 35319437  17.660%  24.036% ####
[      60,      70 ) 14592829   7.296%  31.332% #
[      70,      80 ) 6301366   3.151%  34.483% #
[      80,      90 ) 6303432   3.152%  37.634% #
[      90,     100 ) 5679326   2.840%  40.474% #
[     100,     120 ) 9613008   4.807%  45.281% #
[     120,     140 ) 10384027   5.192%  50.473% #
[     140,     160 ) 6757756   3.379%  53.851% #
[     160,     180 ) 6030453   3.015%  56.867% #
[     180,     200 ) 12414994   6.207%  63.074% #
[     200,     250 ) 19724334   9.862%  72.936% ##
[     250,     300 ) 12370249   6.185%  79.122% #
[     300,     350 ) 9015543   4.508%  83.629% #
[     350,     400 ) 6829278   3.415%  87.044% #
[     400,     450 ) 5329610   2.665%  89.709% #
[     450,     500 ) 4218940   2.109%  91.818% 
[     500,     600 ) 5845663   2.923%  94.741% #
[     600,     700 ) 3496998   1.748%  96.490% 
[     700,     800 ) 2144821   1.072%  97.562% 
[     800,     900 ) 1318422   0.659%  98.221% 
[     900,    1000 )  834784   0.417%  98.639% 
[    1000,    1200 )  919525   0.460%  99.098% 
[    1200,    1400 )  429792   0.215%  99.313% 
[    1400,    1600 )  209750   0.105%  99.418% 
[    1600,    1800 )  109268   0.055%  99.473% 
[    1800,    2000 )   61572   0.031%  99.503% 
[    2000,    2500 )   74878   0.037%  99.541% 
[    2500,    3000 )   33531   0.017%  99.558% 
[    3000,    3500 )   18844   0.009%  99.567% 
[    3500,    4000 )   11177   0.006%  99.573% 
[    4000,    4500 )    8095   0.004%  99.577% 
[    4500,    5000 )    7040   0.004%  99.580% 
[    5000,    6000 )   15445   0.008%  99.588% 
[    6000,    7000 )   21020   0.011%  99.599% 
[    7000,    8000 )   27275   0.014%  99.612% 
[    8000,    9000 )   36793   0.018%  99.631% 
[    9000,   10000 )   51172   0.026%  99.656% 
[   10000,   12000 )   67034   0.034%  99.690% 
[   12000,   14000 )   92495   0.046%  99.736% 
[   14000,   16000 )   68283   0.034%  99.770% 
[   16000,   18000 )   42645   0.021%  99.791% 
[   18000,   20000 )   14619   0.007%  99.799% 
[   20000,   25000 )   24943   0.012%  99.811% 
[   25000,   30000 )   23598   0.012%  99.823% 
[   30000,   35000 )   29018   0.015%  99.837% 
[   35000,   40000 )   22873   0.011%  99.849% 
[   40000,   45000 )   24752   0.012%  99.861% 
[   45000,   50000 )   29618   0.015%  99.876% 
[   50000,   60000 )   43170   0.022%  99.898% 
[   60000,   70000 )   25657   0.013%  99.910% 
[   70000,   80000 )   30592   0.015%  99.926% 
[   80000,   90000 )   26559   0.013%  99.939% 
[   90000,  100000 )   12223   0.006%  99.945% 
[  100000,  120000 )   16374   0.008%  99.953% 
[  120000,  140000 )    9978   0.005%  99.958% 
[  140000,  160000 )    6882   0.003%  99.962% 
[  160000,  180000 )    6728   0.003%  99.965% 
[  180000,  200000 )    4831   0.002%  99.968% 
[  200000,  250000 )   12688   0.006%  99.974% 
[  250000,  300000 )    8414   0.004%  99.978% 
[  300000,  350000 )    6407   0.003%  99.981% 
[  350000,  400000 )    6311   0.003%  99.984% 
[  400000,  450000 )    3900   0.002%  99.986% 
[  450000,  500000 )    4080   0.002%  99.988% 
[  500000,  600000 )    5593   0.003%  99.991% 
[  600000,  700000 )    3950   0.002%  99.993% 
[  700000,  800000 )    2896   0.001%  99.995% 
[  800000,  900000 )    2189   0.001%  99.996% 
[  900000, 1000000 )    1618   0.001%  99.997% 
[ 1000000, 1200000 )    2305   0.001%  99.998% 
[ 1200000, 1400000 )    1508   0.001%  99.998% 
[ 1400000, 1600000 )     920   0.000%  99.999% 
[ 1600000, 1800000 )     576   0.000%  99.999% 
[ 1800000, 2000000 )     358   0.000%  99.999% 
[ 2000000, 2500000 )     506   0.000% 100.000% 
[ 2500000, 3000000 )     161   0.000% 100.000% 
[ 3000000, 3500000 )     109   0.000% 100.000% 
[ 3500000, 4000000 )      56   0.000% 100.000% 
[ 4000000, 4500000 )      36   0.000% 100.000% 
[ 4500000, 5000000 )      37   0.000% 100.000% 
[ 5000000, 6000000 )      49   0.000% 100.000% 
[ 6000000, 7000000 )      37   0.000% 100.000% 
[ 7000000, 8000000 )      33   0.000% 100.000% 
[ 8000000, 9000000 )      32   0.000% 100.000% 
[ 9000000, 10000000 )      23   0.000% 100.000% 
[ 10000000, 12000000 )      30   0.000% 100.000% 
[ 12000000, 14000000 )      19   0.000% 100.000% 
[ 14000000, 16000000 )       7   0.000% 100.000% 
[ 16000000, 18000000 )       6   0.000% 100.000% 
[ 18000000, 20000000 )       3   0.000% 100.000% 
[ 20000000, 25000000 )       7   0.000% 100.000% 
[ 25000000, 30000000 )       1   0.000% 100.000% 

Read info: 
Count: 190000319  Average: 516.7682  StdDev: 16919.35
Percentiles(us): P50: 132.99 P90: 445.51 P99: 1132.01 P99.9: 62374.73 P99.99: 558173.11
------------------------------------------------------
[      30,      35 )       3   0.000%   0.000% 
[      35,      40 )   21206   0.011%   0.011% 
[      40,      45 ) 2095765   1.103%   1.114% 
[      45,      50 ) 10634842   5.597%   6.711% #
[      50,      60 ) 35319437  18.589%  25.301% ####
[      60,      70 ) 14592819   7.680%  32.981% ##
[      70,      80 ) 6301247   3.316%  36.297% #
[      80,      90 ) 6303293   3.318%  39.615% #
[      90,     100 ) 5678899   2.989%  42.604% #
[     100,     120 ) 8061430   4.243%  46.847% #
[     120,     140 ) 9226455   4.856%  51.703% #
[     140,     160 ) 6362415   3.349%  55.051% #
[     160,     180 ) 5656174   2.977%  58.028% #
[     180,     200 ) 12043728   6.339%  64.367% #
[     200,     250 ) 17792513   9.364%  73.732% ##
[     250,     300 ) 11541872   6.075%  79.806% #
[     300,     350 ) 8412964   4.428%  84.234% #
[     350,     400 ) 6403173   3.370%  87.604% #
[     400,     450 ) 5001670   2.632%  90.237% #
[     450,     500 ) 3941352   2.074%  92.311% 
[     500,     600 ) 5384159   2.834%  95.145% #
[     600,     700 ) 3140071   1.653%  96.797% 
[     700,     800 ) 1874189   0.986%  97.784% 
[     800,     900 ) 1121071   0.590%  98.374% 
[     900,    1000 )  692947   0.365%  98.739% 
[    1000,    1200 )  752372   0.396%  99.135% 
[    1200,    1400 )  357975   0.188%  99.323% 
[    1400,    1600 )  181533   0.096%  99.419% 
[    1600,    1800 )   98096   0.052%  99.470% 
[    1800,    2000 )   56529   0.030%  99.500% 
[    2000,    2500 )   70134   0.037%  99.537% 
[    2500,    3000 )   31772   0.017%  99.554% 
[    3000,    3500 )   17972   0.009%  99.563% 
[    3500,    4000 )   10643   0.006%  99.569% 
[    4000,    4500 )    7701   0.004%  99.573% 
[    4500,    5000 )    6718   0.004%  99.576% 
[    5000,    6000 )   14781   0.008%  99.584% 
[    6000,    7000 )   20185   0.011%  99.595% 
[    7000,    8000 )   26192   0.014%  99.608% 
[    8000,    9000 )   35337   0.019%  99.627% 
[    9000,   10000 )   49338   0.026%  99.653% 
[   10000,   12000 )   64298   0.034%  99.687% 
[   12000,   14000 )   88707   0.047%  99.734% 
[   14000,   16000 )   65597   0.035%  99.768% 
[   16000,   18000 )   40865   0.022%  99.790% 
[   18000,   20000 )   13987   0.007%  99.797% 
[   20000,   25000 )   23892   0.013%  99.809% 
[   25000,   30000 )   22683   0.012%  99.821% 
[   30000,   35000 )   27715   0.015%  99.836% 
[   35000,   40000 )   21993   0.012%  99.848% 
[   40000,   45000 )   23760   0.013%  99.860% 
[   45000,   50000 )   28493   0.015%  99.875% 
[   50000,   60000 )   41507   0.022%  99.897% 
[   60000,   70000 )   24633   0.013%  99.910% 
[   70000,   80000 )   29315   0.015%  99.925% 
[   80000,   90000 )   25422   0.013%  99.939% 
[   90000,  100000 )   11668   0.006%  99.945% 
[  100000,  120000 )   15616   0.008%  99.953% 
[  120000,  140000 )    9531   0.005%  99.958% 
[  140000,  160000 )    6567   0.003%  99.962% 
[  160000,  180000 )    6419   0.003%  99.965% 
[  180000,  200000 )    4623   0.002%  99.967% 
[  200000,  250000 )   12095   0.006%  99.974% 
[  250000,  300000 )    8014   0.004%  99.978% 
[  300000,  350000 )    6127   0.003%  99.981% 
[  350000,  400000 )    6022   0.003%  99.984% 
[  400000,  450000 )    3743   0.002%  99.986% 
[  450000,  500000 )    3927   0.002%  99.988% 
[  500000,  600000 )    5377   0.003%  99.991% 
[  600000,  700000 )    3795   0.002%  99.993% 
[  700000,  800000 )    2779   0.001%  99.995% 
[  800000,  900000 )    2084   0.001%  99.996% 
[  900000, 1000000 )    1556   0.001%  99.997% 
[ 1000000, 1200000 )    2203   0.001%  99.998% 
[ 1200000, 1400000 )    1452   0.001%  99.998% 
[ 1400000, 1600000 )     881   0.000%  99.999% 
[ 1600000, 1800000 )     549   0.000%  99.999% 
[ 1800000, 2000000 )     343   0.000%  99.999% 
[ 2000000, 2500000 )     482   0.000% 100.000% 
[ 2500000, 3000000 )     158   0.000% 100.000% 
[ 3000000, 3500000 )     106   0.000% 100.000% 
[ 3500000, 4000000 )      54   0.000% 100.000% 
[ 4000000, 4500000 )      33   0.000% 100.000% 
[ 4500000, 5000000 )      36   0.000% 100.000% 
[ 5000000, 6000000 )      48   0.000% 100.000% 
[ 6000000, 7000000 )      36   0.000% 100.000% 
[ 7000000, 8000000 )      32   0.000% 100.000% 
[ 8000000, 9000000 )      32   0.000% 100.000% 
[ 9000000, 10000000 )      22   0.000% 100.000% 
[ 10000000, 12000000 )      28   0.000% 100.000% 
[ 12000000, 14000000 )      18   0.000% 100.000% 
[ 14000000, 16000000 )       7   0.000% 100.000% 
[ 16000000, 18000000 )       6   0.000% 100.000% 
[ 18000000, 20000000 )       3   0.000% 100.000% 
[ 20000000, 25000000 )       7   0.000% 100.000% 
[ 25000000, 30000000 )       1   0.000% 100.000% 

Write info: 
Count: 9999681  Average: 578.8297  StdDev: 13886.29
Percentiles(us): P50: 229.74 P90: 682.11 P99: 1364.69 P99.9: 53020.56 P99.99: 479422.19
------------------------------------------------------
[      60,      70 )      10   0.000%   0.000% 
[      70,      80 )     119   0.001%   0.001% 
[      80,      90 )     139   0.001%   0.003% 
[      90,     100 )     427   0.004%   0.007% 
[     100,     120 ) 1551578  15.516%  15.523% ###
[     120,     140 ) 1157572  11.576%  27.099% ##
[     140,     160 )  395341   3.954%  31.053% #
[     160,     180 )  374279   3.743%  34.796% #
[     180,     200 )  371266   3.713%  38.509% #
[     200,     250 ) 1931821  19.319%  57.827% ####
[     250,     300 )  828377   8.284%  66.111% ##
[     300,     350 )  602579   6.026%  72.137% #
[     350,     400 )  426105   4.261%  76.399% #
[     400,     450 )  327940   3.280%  79.678% #
[     450,     500 )  277588   2.776%  82.454% #
[     500,     600 )  461504   4.615%  87.069% #
[     600,     700 )  356927   3.569%  90.639% #
[     700,     800 )  270632   2.706%  93.345% #
[     800,     900 )  197351   1.974%  95.319% 
[     900,    1000 )  141837   1.418%  96.737% 
[    1000,    1200 )  167153   1.672%  98.409% 
[    1200,    1400 )   71817   0.718%  99.127% 
[    1400,    1600 )   28217   0.282%  99.409% 
[    1600,    1800 )   11172   0.112%  99.521% 
[    1800,    2000 )    5043   0.050%  99.571% 
[    2000,    2500 )    4744   0.047%  99.619% 
[    2500,    3000 )    1759   0.018%  99.636% 
[    3000,    3500 )     872   0.009%  99.645% 
[    3500,    4000 )     534   0.005%  99.650% 
[    4000,    4500 )     394   0.004%  99.654% 
[    4500,    5000 )     322   0.003%  99.657% 
[    5000,    6000 )     664   0.007%  99.664% 
[    6000,    7000 )     835   0.008%  99.672% 
[    7000,    8000 )    1083   0.011%  99.683% 
[    8000,    9000 )    1456   0.015%  99.698% 
[    9000,   10000 )    1834   0.018%  99.716% 
[   10000,   12000 )    2736   0.027%  99.743% 
[   12000,   14000 )    3788   0.038%  99.781% 
[   14000,   16000 )    2686   0.027%  99.808% 
[   16000,   18000 )    1780   0.018%  99.826% 
[   18000,   20000 )     632   0.006%  99.832% 
[   20000,   25000 )    1051   0.011%  99.843% 
[   25000,   30000 )     915   0.009%  99.852% 
[   30000,   35000 )    1303   0.013%  99.865% 
[   35000,   40000 )     880   0.009%  99.874% 
[   40000,   45000 )     992   0.010%  99.884% 
[   45000,   50000 )    1125   0.011%  99.895% 
[   50000,   60000 )    1663   0.017%  99.912% 
[   60000,   70000 )    1024   0.010%  99.922% 
[   70000,   80000 )    1277   0.013%  99.935% 
[   80000,   90000 )    1137   0.011%  99.946% 
[   90000,  100000 )     555   0.006%  99.952% 
[  100000,  120000 )     758   0.008%  99.959% 
[  120000,  140000 )     447   0.004%  99.964% 
[  140000,  160000 )     315   0.003%  99.967% 
[  160000,  180000 )     309   0.003%  99.970% 
[  180000,  200000 )     208   0.002%  99.972% 
[  200000,  250000 )     593   0.006%  99.978% 
[  250000,  300000 )     400   0.004%  99.982% 
[  300000,  350000 )     280   0.003%  99.985% 
[  350000,  400000 )     289   0.003%  99.988% 
[  400000,  450000 )     157   0.002%  99.989% 
[  450000,  500000 )     153   0.002%  99.991% 
[  500000,  600000 )     216   0.002%  99.993% 
[  600000,  700000 )     155   0.002%  99.994% 
[  700000,  800000 )     117   0.001%  99.996% 
[  800000,  900000 )     105   0.001%  99.997% 
[  900000, 1000000 )      62   0.001%  99.997% 
[ 1000000, 1200000 )     102   0.001%  99.998% 
[ 1200000, 1400000 )      56   0.001%  99.999% 
[ 1400000, 1600000 )      39   0.000%  99.999% 
[ 1600000, 1800000 )      27   0.000%  99.999% 
[ 1800000, 2000000 )      15   0.000% 100.000% 
[ 2000000, 2500000 )      24   0.000% 100.000% 
[ 2500000, 3000000 )       3   0.000% 100.000% 
[ 3000000, 3500000 )       3   0.000% 100.000% 
[ 3500000, 4000000 )       2   0.000% 100.000% 
[ 4000000, 4500000 )       3   0.000% 100.000% 
[ 4500000, 5000000 )       1   0.000% 100.000% 
[ 5000000, 6000000 )       1   0.000% 100.000% 
[ 6000000, 7000000 )       1   0.000% 100.000% 
[ 7000000, 8000000 )       1   0.000% 100.000% 
[ 9000000, 10000000 )       1   0.000% 100.000% 
[ 10000000, 12000000 )       2   0.000% 100.000% 
[ 12000000, 14000000 )       1   0.000% 100.000% 


