10
103.4
140.1
172.8
180.8
197.3
200.8
210.7
216.5
223.5
230.3
234.5
236
237.1
238.9
239.4
240.2
241
241.8
242.9
243.5
244.7
247.8
248.8
249.9
250.8
252.8
255.9
256.1
257.2
257.2
260.2
262.1
262.2
262.1
261.9
264.8
265.7
265.6
265.6
265.6
267.6
268.6
266
266
267
269
270
270.1
268.9
269
271.1
271.1
271
271
271.1
273.1
274
274
274.1
274
276
276.9
277.9
277.9
278.9
279.9
280.9
281.9
281.9
281.9
282.8
283.9
284.9
285.9
286
284.9
286.4
287.8
289.1
289.5
290.8
290.5
290
291.6
293
293.3
294.7
295.7
294.3
293.9
294.4
295.7
297
297.4
298.8
298.8
297.2
296.9
297.9
299.2
299.5
300.8
300.9
301.5
301.2
301.8
302
