13.2
7.6
265.3
646
871
1027
1140
1228
1298
1311
1360
1402
1438
1469
1496
1525
1549
1568
1585
1601
1614
1626
1637
1648
1658
1666
1675
1686
1695
1686
1693
1698
1705
1710
1715
1720
1724
1729
1732
1737
1744
1749
1755
1759
1763
1766
1769
1772
1775
1765
1768
1771
1775
1778
1782
1786
1790
1793
1796
1798
1800
1802
1803
1805
1807
1810
1812
1815
1808
1811
1814
1816
1817
1818
1819
1820
1823
1824
1827
1829
1831
1833
1834
1836
1838
1839
1839
1833
1835
1837
1838
1841
1842
1843
1844
1846
1847
1848
1850
1850
1851
1853
1855
1855
1856
1858
1860
1855
1856
1857
1859
1860
1860
1862
1862
1864
1864
1865
1866
1868
1869
1869
1870
1871
1872
1873
1870
1870
1871
1871
1872
1873
1874
1875
1875
1877
1877
1877
1878
1880
1881
1881
1881
1882
1882
1885
1880
1882
1882
1882
1883
1883
1883
1886
1886
1887
1887
1887
1888
1888
1889
1890
1890
1891
1892
1892
1889
1890
1891
1891
1892
1892
1893
1893
1894
1894
1895
1896
1896
1896
1898
1898
1898
1898
1899
1896
1896
1896
1896
1899
1899
1899
1899
1899
1900
1900
1900
1901
1902
1903
1903
1903
1904
1904
1901
1901
1902
1903
1903
1903
1904
1904
1905
1905
1905
1905
1906
1907
1907
1907
1907
1908
1908
1906
1906
1906
1907
1908
1908
1908
1908
1908
1909
1909
1909
1910
1910
1910
1912
1912
1912
1912
1909
1910
1910
1910
1910
1912
1913
1913
1913
1913
1913
1913
1913
1914
1914
1914
1914
1914
1915
1914
1914
1914
1914
1914
1915
1915
1915
1915
1915
1915
1915
1916
1916
1917
1918
1918
1918
1918
1918
1917
1917
1917
1917
1917
1917
1917
1917
1918
1919
1919
1919
1919
1919
1919
1919
1920
1920
1921
1919
1919
1919
1919
1919
1919
1920
1920
1921
1921
1921
1921
1921
1921
1921
1921
1921
1922
1923
1923
1921
1921
1921
1921
1922
1922
1922
1922
1922
1922
1922
1922
1922
1924
1924
1924
1924
1924
1925
1922
1923
1923
1923
1923
1923
1924
1924
1924
1924
1924
1924
1925
1925
1926
1926
1926
1926
1926
1925
1925
1925
1925
1925
1925
1925
1926
1926
1926
1926
1926
1927
1927
1927
1927
1927
1927
1927
1927
1927
1927
1927
1927
1927
1927
1927
1927
1927
1927
1927
1927
1927
1928
1928
1928
1928
1928
1929
1927
1928
1928
1928
1928
1928
1928
1929
1929
1929
1929
1929
1929
1929
1929
1929
1929
1929
1930
1929
1929
1929
1929
1929
1929
1929
1930
1930
1930
1930
1930
1931
1931
1931
1931
1931
1931
1932
1930
1930
1930
1930
1931
1931
1932
1932
1932
1932
1932
1932
1932
1932
1932
1932
1932
1932
1933
1933
1932
1932
1932
1933
1933
1934
1934
1934
1934
1934
1934
1934
1934
1934
1935
1935
1935
1935
1935
1934
1934
1934
1934
1935
1935
1935
1936
1936
1936
1936
1936
1936
1937
1937
1937
1937
1937
1937
1937
1936
1936
1936
1936
1936
1936
1937
1937
1937
1937
1937
1937
1937
1938
1939
1939
1939
1939
1939
1937
1937
1937
1937
1937
1937
1938
1938
1939
1939
1939
1940
1940
1940
1940
1940
1940
1940
1940
1940
1940
1940
1940
1940
1940
1940
1940
1940
1941
1941
1941
1942
1942
1942
1942
1942
1942
1942
1941
1941
1941
1942
1942
1942
1942
1942
1942
1942
1942
1942
1942
1942
1942
1942
1942
1942
1942
1942
1942
1942
1942
1942
1942
1942
1942
1942
1943
1943
1943
1944
1944
1944
1944
1944
1944
1944
1943
1943
1944
1944
1944
1944
1944
1944
1944
1944
1944
1944
1945
1945
1945
1945
1945
1945
1945
1945
1945
1945
1945
1945
1945
1945
1945
1945
1945
1945
1945
1946
1946
1946
1946
1947
1947
1947
1947
1947
1947
1947
1947
1947
1947
1947
1947
1947
1947
1947
1947
1947
1947
1947
1948
1948
1948
1949
1948
1948
1948
1948
1948
1948
1948
1948
1948
1948
1948
1948
1949
1949
1949
1949
1949
1950
1950
1949
1949
1949
1949
1949
1950
1950
1950
1950
1950
1950
1950
1950
1950
1950
1950
1950
1950
1950
1950
1950
1950
1950
1950
1950
1950
1950
1950
1950
1950
1950
1950
1950
1950
1950
1951
1951
1951
1951
1951
1951
1951
1951
1951
1951
1951
1951
1951
1951
1951
1951
1951
1951
1951
1951
1951
1952
1952
1952
1952
1952
1952
1952
1952
1952
1952
1952
1952
1952
1952
1952
1952
1952
1952
1952
1952
1952
1952
1953
1953
1953
1953
1953
1953
1953
1953
1953
1953
1953
1953
1953
1954
1954
1954
1954
1954
1953
1953
1954
1954
1954
1954
1955
1955
1955
1955
1955
1955
1955
1955
1955
1955
1955
1955
1955
1954
1955
1955
1955
1955
1955
1955
1956
1956
1956
1956
1956
1956
1956
1956
1956
1956
1956
1956
1956
1955
1956
1956
1956
1956
1956
1956
1956
1957
1957
1957
1957
1957
1957
1957
1957
1957
1957
1957
1956
1956
1956
1956
1956
1956
1956
1957
1957
1957
1957
1957
1957
1957
1957
1957
1957
1957
1957
1957
1957
1957
1957
1957
1957
1957
1957
1957
1958
1958
1958
1958
1958
1958
1958
1958
1958
1958
1958
1958
1958
1958
1958
1958
1958
1958
1958
1958
1958
1958
1959
1959
1959
1959
1959
1959
1959
1959
1959
1959
1959
1959
1959
1959
1959
1959
1959
1959
1959
1959
1959
1959
1960
1960
1960
1960
1960
1960
1959
1959
1959
1959
1959
1959
1959
1959
1959
1959
1959
1960
1960
1960
1960
1960
1961
1961
1961
1959
1959
1960
1960
1960
1960
1960
1960
1960
1960
1960
1960
1960
1960
1961
1961
1961
1961
1961
1960
1961
1961
1961
1961
1961
1962
1962
1962
1962
1962
1962
1962
1962
1962
1962
1962
1962
1962
1961
1961
1961
1961
1962
1962
1962
1963
1963
1963
1963
1963
1963
1963
1963
1963
1963
1963
1963
1962
1962
1962
1962
1963
1963
1963
1963
1963
1963
1964
1964
1964
1963
1963
1963
1963
1963
1963
1963
1963
1963
1963
1963
1963
1963
1963
1963
1963
1964
1964
1964
1964
1964
1964
1964
1964
1964
1964
1964
1964
1964
1964
1964
1964
1964
1964
1964
1964
1964
1964
1964
1964
1964
1964
1964
1964
1964
1964
1964
1964
1964
1964
1964
1964
1964
1964
1964
1964
1964
1965
1965
1965
1965
1965
1965
1965
1965
1965
1965
1965
1965
1965
1965
1965
1964
1964
1964
1964
1965
1966
1966
1966
1966
1966
1966
1966
1965
1965
1965
1965
1965
1965
1965
1965
1965
1965
1965
1965
1965
1965
1965
1966
1966
1967
1967
1966
1966
1966
1966
1966
1966
1966
1966
1966
1966
1966
1966
1966
1966
1966
1966
1966
1966
1966
1966
1967
1967
1967
1967
1967
1967
1967
1967
1967
1967
1967
1967
1967
1967
1967
1967
1967
1967
1966
1967
1967
1967
1967
1967
1967
1968
1968
1968
1968
1968
1968
1968
1968
1968
1968
1968
1968
1968
1968
1968
1968
1968
1968
1968
1968
1968
1968
1968
1968
1969
1969
1969
1969
1969
1969
1969
1969
1969
1969
1969
1969
1969
1969
1969
1969
1969
1969
1969
1969
1969
1969
1969
1969
1970
1970
1970
1969
1969
1969
1969
1969
1969
1969
1969
1969
1969
1969
1969
1970
1970
1970
1970
1970
1970
1970
1970
1970
1970
1970
1970
1970
1970
1970
1970
1971
1971
1971
1971
1971
1971
1971
1971
1972
1972
1972
1972
1972
1972
1972
1972
1972
1972
1972
1972
1972
1972
1972
1972
1972
1972
1972
1972
1972
1973
1972
1972
1971
1972
1972
1972
1973
1973
1973
1973
1973
1973
1973
1973
1973
1973
1973
1973
1973
1972
1972
1972
1972
1973
1973
1973
1973
1973
1974
1974
1974
1974
1974
1974
1974
1974
1975
1975
1975
1974
1974
1974
1974
1974
1974
1974
1974
1974
1974
1974
1974
1974
1974
1975
1975
1975
1975
1975
1975
1975
1975
1975
1975
1975
1975
1975
1975
1975
1975
1975
1975
1975
1975
1975
1975
1975
1976
1977
1975
1975
1975
1975
1975
1975
1976
1976
1976
1976
1976
1976
1976
1976
1976
1976
1977
1977
1976
1976
1976
1976
1976
1976
1976
1977
1977
1977
1977
1977
1977
1977
1977
1977
1977
1978
1978
1977
1977
1977
1977
1977
1977
1977
1977
1977
1977
1977
1978
1978
1978
1978
1978
1978
1978
1978
1978
1978
1978
1978
1978
1978
1978
1979
1979
1979
1979
1979
1979
1979
1979
1979
1979
1979
1979
1979
1979
1979
1979
1979
1979
1979
1980
1980
1980
1980
1980
1980
1980
1980
1980
1980
1980
1980
1980
1980
1980
1980
1980
1981
1981
1981
1981
1981
1981
1981
1981
1981
1981
1981
1981
1981
1982
1982
1982
1982
1982
1982
1982
1982
1982
1982
1982
1983
1983
1983
1983
1982
1982
1982
1983
1983
1983
1983
1983
1983
1983
1983
1983
1983
1983
1984
1984
1984
1984
1984
1984
1984
1984
1984
1984
1984
1984
1984
1984
1984
1984
1985
1985
1985
1985
1985
1985
1985
1985
1985
1985
1985
1985
1985
1985
1985
1985
1985
1985
1985
1986
1986
1986
1986
1986
1986
1986
1986
1986
1986
1986
1986
1986
1986
1986
1986
1986
1986
1987
1987
1987
1986
1986
1986
1986
1987
1987
1987
1987
1987
1987
1987
1987
1987
1987
1987
1987
1987
1987
1987
1987
1987
1987
1987
1988
1988
1988
1988
1988
1988
1988
1988
1988
1988
1988
1988
1989
1989
1989
1989
1989
1989
1989
1989
1989
1989
1989
1990
1990
1990
1990
1990
1990
1990
1989
1989
1989
1989
1989
1990
1990
1990
1991
1991
1991
1991
1991
1991
1991
1991
1992
1992
1992
1991
1991
1991
1991
1991
1991
1991
1991
1991
1991
1991
1991
1991
1991
1991
1991
1991
1991
1991
1991
1991
1991
1991
1991
1991
1991
1991
1991
1991
1991
1991
1991
1991
1991
1991
1991
1991
1991
1991
1991
1991
1991
1991
1991
1991
1991
1991
1991
1991
1991
1991
1991
1991
1991
1991
1991
1991
1991
1991
1991
1991
1991
1991
1991
1991
1991
1991
1991
1991
1991
1991
1992
1992
1992
1992
1992
1992
1992
1992
1992
1992
1992
1992
1992
1992
1992
1992
1992
1992
1992
1992
1992
1992
1992
1992
1992
1992
1992
1992
1992
1992
1992
1992
1992
1992
1992
1992
1992
1992
1992
1993
1993
1993
1993
1993
1993
1993
1993
1993
1993
1993
1992
1993
1993
1993
1993
1993
1993
1993
1993
1993
1993
1993
1993
1993
1993
1993
1993
1993
1993
1993
1993
1993
1993
1993
1994
1994
1994
1994
1994
1994
1994
1994
1994
1994
1994
1994
1994
1994
1994
1994
1994
1994
1994
1994
1994
1994
1995
1995
1995
1995
1995
1995
1995
1995
1995
1995
1995
1995
1995
1995
1995
1995
1995
1995
1995
1995
1995
1995
1995
1995
1995
1995
1995
1995
1995
1996
1995
1995
1995
1995
1995
1995
1995
1995
1995
1995
1995
1995
1995
1995
1995
1995
1995
1996
1996
1996
1996
1996
1996
1996
1996
1996
1996
1996
1996
1996
1996
1996
1996
1995
