[OVERALL], RunTime(ms), 4614843
[OVERALL], Throughput(ops/sec), 43338.419096814345
[TOTAL_GCS_PS_Scavenge], Count, 7984
[TOTAL_GC_TIME_PS_Scavenge], Time(ms), 38417
[TOTAL_GC_TIME_%_PS_Scavenge], Time(%), 0.8324660232211583
[TOTAL_GCS_PS_MarkSweep], Count, 1
[TOTAL_GC_TIME_PS_MarkSweep], Time(ms), 71
[TOTAL_GC_TIME_%_PS_MarkSweep], Time(%), 0.0015385138779369092
[TOTAL_GCs], Count, 7985
[TOTAL_GC_TIME], Time(ms), 38488
[TOTAL_GC_TIME_%], Time(%), 0.8340045370990953
[CLEANUP], Operations, 50
[CLEANUP], AverageLatency(us), 45159.7
[CLEANUP], MinLatency(us), 0
[CLEANUP], MaxLatency(us), 2258943
[CLEANUP], 95thPercentileLatency(us), 3
[CLEANUP], 99thPercentileLatency(us), 2258943
[INSERT], Operations, 200000000
[INSERT], AverageLatency(us), 1151.19770106
[INSERT], MinLatency(us), 127
[INSERT], MaxLatency(us), 204799
[INSERT], 95thPercentileLatency(us), 1875
[INSERT], 99thPercentileLatency(us), 2147
[INSERT], Return=OK, 200000000
