6.6
54.6
98.1
113.8
119.4
123.3
126.9
128.7
131.1
132.3
135.6
138.7
140.3
141.1
141.4
142.1
142.3
142.8
142.8
143
147.6
148.6
149.3
149.1
149.2
148.9
148.9
148.9
149.2
151.2
154
153.9
153.6
153.3
151.9
152.1
152.2
152.2
152.6
154.6
156.8
156.9
156.7
156.5
156.2
156.1
155.8
156
157.6
159.1
159.1
158.8
158.6
158.3
158.2
157.9
157.8
159.1
160.4
161.5
161.2
161.1
160.8
160.8
160.6
160.4
161.3
162.4
163.5
163.7
163.5
163.2
163.1
162.8
162.5
163.2
164.1
165.1
165.4
165.4
165.1
164.9
164.7
164.4
164.9
165.7
166.6
167.3
167.2
166.4
166.2
166
165.8
166.1
166.8
167.6
168.2
168.5
168.2
168
167.8
167.6
167.8
168.4
169.1
169.7
169.9
169.7
169.6
169.5
169.2
169.2
169.8
170.4
170.9
171.3
171.1
170.9
170.7
170.5
170.6
171.1
171.7
172.2
172.5
172.3
172.1
172
171.7
171.7
172.2
172.7
173.2
173.5
173.4
173.3
173.1
172.9
172.8
173.2
173.7
174.2
174.2
174.1
173.4
173.3
173.1
173
173.4
173.7
174
174
174
174
173.9
173.7
173.6
174
174.1
174.1
175.1
175.1
174.1
174.1
174.1
174
174
175.1
175.1
175.1
175.1
175.1
175.1
175.1
175.1
175.1
175.1
176.1
176.1
176.1
176.1
176.1
176.1
175.1
176.1
176.1
176.1
177.1
177.2
177.2
176.2
176.2
176.1
176.1
177.2
177.1
177.2
177.2
177.2
177.2
176.1
176.1
176.1
177.1
177.1
177.1
177.1
177.1
177.1
177.1
177.1
177.1
177.1
177.1
177.1
178.2
178.2
177.2
177.2
177.2
177.2
177.2
178.2
178.2
178.2
178.2
178.2
178.2
178.2
178.1
178.1
178.1
178.1
179.1
179.1
178.1
178.1
178.1
178.1
178.1
179.1
179.1
179.2
179.1
179.1
179.1
179.1
178.1
179.1
179.1
179.1
179.1
180.1
180.1
180.1
179
179
179
180
180
180.1
180
180
180
180.1
180.1
180.1
180.1
180.1
180.1
181.1
181
181
180
180
180.1
181.1
181.1
181.1
181.1
181.1
181.1
181.1
181.1
181.1
181.1
181.1
181.1
182.1
182.1
182.1
182.1
181.1
182.1
182.1
182.1
182.1
182.1
182.1
182.1
182.1
182.1
182.1
182.1
183.1
183.1
183.1
183.1
183.1
183
183
183
183
183
183
183
183
183
183
183.1
183
183.1
183.1
184.1
184.1
184.1
184.1
184.1
184.1
184.1
184.1
184.1
184.1
184.1
184.1
184.1
184.1
184.1
184.1
184.1
185.1
185.1
185.1
185.1
185.1
185.1
185.1
185.1
185.1
185.1
185.1
186.1
186.1
186.1
186.1
186.1
186.1
186.1
186.1
186.1
186.1
186.1
186.1
186.1
186
186
186
186
186
186
186
186
186
186
186
186
186
187
187
187
187
187
187
187
187
187
187
187
187
187
187
187
187
187
187
187
188
188
188
188
188
188
188
188
188
188
188
188
188
188
188
188
188
188
188
188
188
188
187.9
187.9
187.9
187.9
188.9
188.9
188.9
189
189
189
189
189
189
189
189
189
189
189
189
189
189
189
190
190
190
190
189.9
189.9
189.9
189.9
189.9
189.9
189.9
189.9
189.9
189.9
189.9
189.9
189.9
189.9
189.9
189.9
190.9
190.9
190.9
191
189.9
190.9
190.9
190.9
190.9
190.9
190.9
190.9
190.9
190.9
190.9
190.9
190.9
190.9
190.9
190.9
190.9
190.9
190.9
190.9
190.9
190.9
190.9
191.9
191.9
191.9
191.9
191.9
191.9
191.9
191.9
191.9
191.9
191.9
191.9
191.9
191.9
191.9
191.9
191.9
191.9
191.9
191.9
191.9
191.9
191.9
191.9
191.9
191.9
193
193
193
193
193
193
193
193
193
193
193
193
193
193
192.9
192.9
192.9
192.9
192.9
192.9
192.9
192.9
192.9
192.9
192.9
193.9
193.9
193.9
193.9
193.9
193.9
193.9
193.9
193.9
193.9
193.9
194
194
194
194
194
194
194
194
194
194
194
195
195
195
195
195
195
195
195
195
195
195
195
195
195
195
195
195
195
195
195
194.9
194.9
194.9
194.9
194.9
194.9
194.9
194.9
194.9
194.9
194.9
194.9
194.9
194.9
194.9
195.9
195.9
195.9
195.9
195.9
195.9
195.9
195.9
195.9
195.9
195.9
195.9
195.9
195.9
195.9
195.9
195.9
195.9
195.9
195.9
195.9
195.9
195.9
195.9
195.9
195.9
196.9
196.9
196.9
196.9
196.9
195.9
195.9
196.9
196.9
196.9
196.9
196.9
196.9
196.9
196.9
196.9
196.9
196.9
196.9
196.9
196.9
196.9
196.9
196.9
196.9
196.9
196.9
196.9
196.9
196.9
196.9
196.9
196.9
196.9
196.9
196.9
196.9
197.9
197.9
197.9
197.9
197.9
197.9
197.9
197.9
197.9
197.9
197.9
197.9
197.9
197.9
197.9
197.9
197.9
197.9
197.9
197.9
197.9
197.9
197.9
197.9
197.9
197.9
197.9
197.9
197.9
198.9
198.9
197.9
197.9
197.9
197.9
198.9
198.9
198.9
198.9
198.9
198.9
198.9
198.9
198.9
198.9
198.9
198.9
198.9
198.9
198.9
198.9
198.9
198.9
198.9
198.9
198.9
198.9
198.9
198.9
198.9
198.9
198.9
198.9
198.9
199.9
199.9
199.9
199.9
199.9
199.9
199.9
199.9
199.9
199.9
199.9
199.9
199.9
199.9
199.9
199.9
199.9
199.9
199.9
199.9
199.9
199.9
199.9
199.9
199.9
199.9
199.9
199.9
199.9
199.9
199.9
199.9
199.9
199.9
199.9
199.9
199.9
200.9
200.9
200.9
200.9
200.9
200.9
200.9
200.9
200.9
200.9
200.9
200.9
200.9
200.9
200.9
200.9
200.9
200.9
200.9
200.9
200.9
200.9
200.9
200.9
200.9
200.9
200.9
200.9
200.9
201.9
201.9
201.9
201.9
201.9
201.9
201.9
201.9
201.9
201.8
201.8
201.8
201.9
201.9
201.9
201.9
201.9
201.9
201.9
201.9
201.9
201.9
201.9
201.9
201.9
201.9
201.9
201.9
201.9
202.9
202.9
202.9
202.9
202.9
202.9
202.9
202.9
202.9
202.9
202.9
202.9
202.9
202.9
202.9
202.9
202.9
202.9
202.9
202.9
202.9
202.9
202.9
202.9
202.9
202.9
202.9
202.9
202.9
202.9
202.9
202.9
202.9
202.9
202.8
202.8
202.8
202.8
203.8
203.8
203.8
203.8
203.8
203.8
203.9
203.9
203.9
203.9
203.9
203.9
203.9
203.9
203.9
203.9
203.9
203.9
203.9
203.9
203.9
203.9
203.9
203.9
203.9
203.9
203.9
203.9
203.9
203.9
203.9
203.9
204.9
204.9
204.9
204.9
204.9
204.9
204.9
204.9
204.9
204.9
204.9
204.9
204.9
204.9
204.9
204.9
204.9
204.9
204.9
204.8
204.8
204.8
204.8
204.8
204.8
204.8
204.8
204.8
204.8
204.8
204.8
204.8
204.8
204.8
205.8
205.8
205.8
205.8
205.8
205.8
205.8
205.8
205.8
205.8
205.8
205.8
205.8
205.8
205.8
205.8
205.8
205.8
205.8
205.8
205.8
205.8
205.8
205.8
205.8
205.8
205.8
205.8
205.8
205.8
205.8
205.8
205.8
205.8
206.8
206.8
206.9
206.9
206.9
206.8
206.8
206.8
206.8
206.8
206.8
206.8
206.8
206.8
206.8
206.8
206.8
206.8
206.8
206.8
206.8
206.8
206.8
206.8
206.8
206.8
206.8
206.8
206.8
206.8
206.8
206.8
206.8
206.8
206.8
206.8
206.8
207.8
207.8
207.8
207.8
207.8
207.8
207.8
207.8
207.8
207.8
207.9
207.9
207.8
207.8
207.8
207.8
207.8
207.8
207.8
207.8
207.8
207.8
207.8
207.8
207.8
207.8
207.8
207.8
207.8
207.8
207.8
207.8
207.8
207.8
207.8
207.8
207.8
207.8
207.8
207.8
207.8
207.8
207.8
207.8
207.8
207.8
207.8
207.8
207.8
207.8
207.8
207.8
207.8
207.8
207.8
207.8
208.8
207.8
207.8
207.8
207.8
207.8
207.8
207.8
207.8
208.8
208.8
208.8
208.8
208.8
208.8
208.8
208.8
208.8
208.8
208.8
208.8
208.8
208.8
208.8
208.8
208.8
208.8
208.8
208.8
208.8
208.8
208.8
208.8
208.8
208.8
208.8
208.8
208.8
208.8
208.8
208.8
208.8
208.8
208.8
208.8
208.8
208.8
208.8
208.8
208.8
208.8
208.8
208.8
208.8
208.8
208.8
208.8
208.8
208.8
208.8
208.8
208.8
208.8
208.8
209.8
209.8
209.8
209.8
209.8
209.8
209.8
209.8
209.8
209.8
209.8
209.8
209.8
209.8
209.8
209.8
209.8
209.8
209.8
209.8
209.8
209.8
209.8
209.8
209.8
209.8
209.8
209.8
209.8
209.8
209.8
209.8
209.8
209.8
209.8
209.8
209.8
209.8
209.8
209.8
209.8
209.8
209.8
209.8
209.8
209.8
209.8
209.8
209.8
209.8
209.8
209.8
210.8
210.8
210.8
210.8
210.8
210.8
210.8
210.8
210.8
210.8
210.8
210.8
210.8
210.8
210.8
210.8
210.8
210.8
210.8
210.8
210.8
210.8
210.8
210.8
210.8
210.8
210.8
210.8
210.8
210.8
210.8
210.8
210.8
210.8
210.8
210.8
210.8
210.8
210.8
210.8
210.8
210.8
210.8
210.8
210.8
210.8
210.8
210.8
210.8
210.8
210.8
210.8
210.8
210.8
210.8
210.8
210.8
210.8
210.8
210.8
210.8
210.8
210.8
210.8
210.8
210.8
210.8
210.8
210.8
210.8
210.8
210.8
210.8
210.8
210.8
210.8
210.8
210.8
210.8
210.8
210.8
210.8
210.8
210.8
210.8
210.8
210.8
210.8
210.8
210.8
210.8
210.8
210.8
211.8
210.8
210.8
210.8
211.8
211.8
211.8
211.8
211.8
211.8
211.8
211.8
211.8
211.8
211.8
211.8
211.8
211.8
211.8
211.8
211.8
211.8
211.8
211.8
211.8
211.8
211.8
211.8
211.8
211.8
211.8
211.8
211.8
211.8
211.8
211.8
211.8
211.8
211.8
211.8
211.8
211.8
211.8
211.8
211.8
211.8
211.8
211.8
211.8
211.8
211.8
211.8
211.8
211.8
211.8
211.8
211.8
211.8
211.8
211.8
211.8
211.8
211.8
211.8
211.8
211.8
211.8
211.8
211.8
211.8
211.8
211.8
211.8
211.8
211.8
211.8
211.8
211.8
211.8
211.8
211.8
211.8
211.8
211.8
211.8
211.8
211.8
211.8
211.8
211.8
211.8
211.8
211.8
211.8
211.8
211.8
212.8
212.8
212.8
212.8
212.8
211.8
211.8
212.8
212.8
212.8
212.8
212.8
212.8
212.8
212.8
212.8
212.8
212.8
212.8
212.8
212.8
212.8
212.8
212.8
212.8
212.8
212.8
212.8
212.8
212.8
212.8
212.8
212.8
212.8
212.8
212.8
212.8
212.8
212.8
212.8
212.8
212.8
212.8
212.8
212.8
212.8
212.8
212.8
212.8
212.8
212.8
212.8
212.8
212.8
212.8
212.8
212.8
212.8
212.8
212.8
212.8
212.8
212.8
212.8
212.8
212.8
212.8
212.8
212.8
212.8
212.8
212.8
212.8
212.8
212.8
212.8
212.8
212.8
212.8
212.8
212.8
212.8
212.8
212.8
212.8
212.8
212.8
212.8
212.8
212.8
212.8
212.8
212.8
212.8
212.8
212.8
212.8
212.8
212.8
212.8
213.8
213.8
213.8
213.8
213.8
213.8
213.8
213.8
213.8
213.8
213.8
213.8
213.8
213.8
213.8
213.8
213.8
213.8
213.8
213.8
213.8
213.8
213.8
213.8
213.8
213.8
213.8
213.8
213.8
213.8
213.8
213.8
213.8
213.8
213.8
213.8
213.8
213.8
213.8
213.8
213.8
213.8
213.8
213.8
213.8
213.8
213.8
213.8
213.8
213.8
213.8
213.8
213.8
213.8
213.8
213.8
213.8
213.8
213.8
213.8
213.8
213.8
213.8
213.8
213.8
213.8
213.8
213.8
213.8
213.8
213.8
213.8
213.8
213.8
213.8
213.8
213.8
213.8
213.8
213.8
213.8
213.8
213.8
213.8
213.8
213.8
213.8
213.8
213.8
213.8
213.8
213.8
213.8
213.8
213.8
213.8
213.8
213.8
213.8
213.8
213.8
214.8
214.8
214.8
214.8
214.8
214.8
214.8
214.8
214.8
214.8
214.8
214.8
214.8
214.8
214.8
214.8
214.8
214.8
214.8
214.8
214.8
214.8
214.8
214.8
214.8
214.8
214.8
214.8
214.8
214.8
214.8
214.8
214.8
214.8
214.8
214.8
214.8
214.8
214.8
214.8
214.8
214.8
214.8
214.8
214.8
214.8
214.8
214.8
214.8
214.8
214.8
214.8
214.8
214.8
214.8
214.8
214.8
214.8
214.8
214.8
214.8
214.8
214.8
214.8
214.8
214.8
214.8
214.8
214.8
214.8
214.8
214.8
214.8
214.8
214.8
214.8
214.8
214.8
214.8
214.8
214.8
214.8
214.8
214.8
214.8
214.8
214.8
214.8
214.8
214.8
214.8
214.8
214.8
214.8
214.8
214.8
214.8
214.8
214.8
214.8
214.8
214.8
214.8
214.8
214.8
214.8
214.8
214.8
214.8
214.8
214.8
214.8
214.7
214.7
214.7
214.7
214.7
214.7
215.7
215.7
215.8
215.7
215.8
215.8
215.8
215.8
215.8
215.8
215.8
214.8
214.8
215.8
215.8
215.8
215.8
215.8
215.8
215.8
215.8
215.8
215.8
215.8
215.8
215.8
215.8
215.8
215.8
215.8
215.8
215.8
215.8
215.8
215.8
215.8
215.8
215.8
215.8
215.8
215.8
215.8
215.8
215.8
215.8
215.8
215.8
215.8
215.7
215.7
215.7
215.7
215.7
215.7
215.7
215.7
215.7
215.7
215.7
215.7
215.7
215.7
215.7
215.7
215.7
215.7
215.7
215.7
215.7
215.7
215.7
215.7
215.7
215.7
215.7
215.7
215.7
215.7
215.7
215.8
215.8
215.8
215.8
215.8
215.8
215.8
215.8
215.8
215.8
215.8
215.8
215.8
215.8
215.8
215.8
215.8
215.8
215.8
215.8
215.8
215.8
215.8
215.7
215.7
215.7
215.7
215.7
215.7
215.7
215.7
215.7
215.7
215.7
215.7
215.7
215.7
215.7
215.7
215.7
215.7
215.7
215.7
215.7
215.7
215.7
215.7
215.8
215.7
215.8
215.7
215.7
215.7
215.7
215.7
215.7
215.7
215.7
215.7
215.7
215.7
215.8
215.8
215.8
215.8
216.8
216.8
215.8
215.8
215.8
215.8
216.8
216.8
216.8
216.8
216.8
215.8
215.8
215.7
215.7
215.7
215.7
216.7
216.7
216.7
216.7
215.7
216.7
216.7
216.7
216.7
216.7
216.7
216.7
216.7
216.7
216.7
216.7
216.7
216.7
216.7
216.7
216.7
216.7
216.7
216.7
216.7
216.7
216.7
216.7
216.7
216.7
216.7
216.7
216.7
216.7
216.7
216.7
216.7
216.7
216.7
216.7
216.7
216.7
216.7
216.7
216.7
216.7
216.7
216.7
216.7
216.7
216.7
216.7
216.7
216.7
216.7
216.7
216.7
216.7
216.7
216.7
216.7
216.7
216.7
216.7
216.7
216.7
216.7
216.7
216.7
216.7
216.7
216.7
216.7
216.7
216.7
216.7
216.7
216.7
216.7
216.7
216.7
216.7
216.7
216.7
216.7
216.7
216.7
216.7
216.7
216.7
216.7
216.7
216.7
216.7
216.7
216.7
216.7
216.7
216.7
216.7
216.7
216.7
216.7
216.7
216.7
216.7
216.7
216.7
216.7
216.7
216.7
216.7
216.7
216.7
216.7
216.7
216.7
216.7
216.7
216.7
216.7
216.7
216.7
216.7
216.7
216.7
216.7
216.7
216.7
216.7
216.7
216.7
216.7
216.7
216.7
216.7
216.7
216.7
216.7
216.7
216.7
216.7
216.7
216.7
216.7
216.7
216.7
216.7
216.7
216.7
216.7
217.7
217.7
217.7
217.7
217.7
217.7
217.7
217.7
217.7
217.7
217.7
217.7
217.7
217.7
217.7
217.7
217.7
217.7
217.7
217.7
217.7
217.7
217.7
217.7
217.7
217.7
217.7
217.7
217.7
217.7
217.7
217.7
217.7
217.7
217.7
217.7
217.7
217.7
217.7
217.7
217.7
217.7
217.7
217.7
217.7
217.7
217.7
217.7
217.7
217.7
217.7
217.7
217.7
217.7
217.7
217.7
217.7
217.7
217.7
217.7
217.7
217.7
217.7
217.7
217.7
217.7
217.7
217.7
217.7
217.7
217.7
217.7
217.7
217.7
217.7
217.7
217.7
217.7
217.7
217.7
217.7
217.7
217.7
217.7
217.7
217.7
217.7
217.7
217.7
217.7
217.7
217.7
0
