fieldlength: 2024
recordcount: 13107200
oks: 100000
oks: 200000
oks: 300000
oks: 400000
oks: 500000
oks: 600000
oks: 700000
oks: 800000
oks: 900000
oks: 1000000
oks: 1100000
oks: 1200000
oks: 1300000
oks: 1400000
oks: 1500000
oks: 1600000
oks: 1700000
oks: 1800000
oks: 1900000
oks: 2000000
oks: 2100000
oks: 2200000
oks: 2300000
oks: 2400000
oks: 2500000
oks: 2600000
oks: 2700000
oks: 2800000
oks: 2900000
oks: 3000000
oks: 3100000
oks: 3200000
oks: 3300000
oks: 3400000
oks: 3500000
oks: 3600000
oks: 3700000
oks: 3800000
oks: 3900000
oks: 4000000
oks: 4100000
oks: 4200000
oks: 4300000
oks: 4400000
oks: 4500000
oks: 4600000
oks: 4700000
oks: 4800000
oks: 4900000
oks: 5000000
oks: 5100000
oks: 5200000
oks: 5300000
oks: 5400000
oks: 5500000
oks: 5600000
oks: 5700000
oks: 5800000
oks: 5900000
oks: 6000000
oks: 6100000
oks: 6200000
oks: 6300000
oks: 6400000
oks: 6500000
oks: 6600000
oks: 6700000
oks: 6800000
oks: 6900000
oks: 7000000
oks: 7100000
oks: 7200000
oks: 7300000
oks: 7400000
oks: 7500000
oks: 7600000
oks: 7700000
oks: 7800000
oks: 7900000
oks: 8000000
oks: 8100000
oks: 8200000
oks: 8300000
oks: 8400000
oks: 8500000
oks: 8600000
oks: 8700000
oks: 8800000
oks: 8900000
oks: 9000000
oks: 9100000
oks: 9200000
oks: 9300000
oks: 9400000
oks: 9500000
oks: 9600000
oks: 9700000
oks: 9800000
oks: 9900000
oks: 10000000
oks: 10100000
oks: 10200000
oks: 10300000
oks: 10400000
oks: 10500000
oks: 10600000
oks: 10700000
oks: 10800000
oks: 10900000
oks: 11000000
oks: 11100000
oks: 11200000
oks: 11300000
oks: 11400000
oks: 11500000
oks: 11600000
oks: 11700000
oks: 11800000
oks: 11900000
oks: 12000000
oks: 12100000
oks: 12200000
oks: 12300000
oks: 12400000
oks: 12500000
oks: 12600000
oks: 12700000
oks: 12800000
oks: 12900000
oks: 13000000
oks: 13100000

rocksdb	workloads/motivation.spec	1
# Load duration (sec): 7042.9
# Loading records:	13107200
# Load throughput (KOPS): 1.86105
Count: 13107200  Average: 536.9258  StdDev: 30.19
Percentiles(us): P50: 549.64 P90: 590.40 P99: 599.58 P99.9: 771.70 P99.99: 970.01
------------------------------------------------------
[     450,     500 )  169761   1.295%   1.295% 
[     500,     600 ) 12860918  98.121%  99.416% ####################
[     600,     700 )   49892   0.381%  99.797% 
[     700,     800 )   18860   0.144%  99.941% 
[     800,     900 )    5427   0.041%  99.982% 
[     900,    1000 )    1473   0.011%  99.993% 
[    1000,    1200 )     267   0.002%  99.995% 
[    1200,    1400 )      74   0.001%  99.996% 
[    1400,    1600 )      76   0.001%  99.997% 
[    1600,    1800 )     111   0.001%  99.997% 
[    1800,    2000 )      47   0.000%  99.998% 
[    2000,    2500 )     131   0.001%  99.999% 
[    2500,    3000 )      85   0.001%  99.999% 
[    3000,    3500 )      34   0.000% 100.000% 
[    3500,    4000 )      10   0.000% 100.000% 
[    4000,    4500 )       9   0.000% 100.000% 
[    4500,    5000 )       6   0.000% 100.000% 
[    5000,    6000 )      10   0.000% 100.000% 
[    6000,    7000 )       3   0.000% 100.000% 
[    7000,    8000 )       1   0.000% 100.000% 
[   10000,   12000 )       2   0.000% 100.000% 
[   14000,   16000 )       2   0.000% 100.000% 
[   50000,   60000 )       1   0.000% 100.000% 

Waiting 15s before performing transactions......

Avg CPU utilization (percent): 45.58

Starting performing transactions......

# Run duration (ms): 0.530804
# Run operations:	1000
# Run throughput (KOPS): 1.88393
Count: 1000  Average: 529.8424  StdDev: 35.16
Percentiles(us): P50: 550.10 P90: 590.18 P99: 599.20 P99.9: 1400.00 P99.99: 1547.02
------------------------------------------------------
[     500,     600 )     998  99.800%  99.800% ####################
[     800,     900 )       1   0.100%  99.900% 
[    1400,    1600 )       1   0.100% 100.000% 


Avg CPU utilization (percent): 45.00

