fieldlength: 8168
recordcount: 3276800
oks: 100000
oks: 200000
oks: 300000
oks: 400000
oks: 500000
oks: 600000
oks: 700000
oks: 800000
oks: 900000
oks: 1000000
oks: 1100000
oks: 1200000
oks: 1300000
oks: 1400000
oks: 1500000
oks: 1600000
oks: 1700000
oks: 1800000
oks: 1900000
oks: 2000000
oks: 2100000
oks: 2200000
oks: 2300000
oks: 2400000
oks: 2500000
oks: 2600000
oks: 2700000
oks: 2800000
oks: 2900000
oks: 3000000
oks: 3100000
oks: 3200000

rocksdb	workloads/motivation.spec	1
# Load duration (sec): 1865.88
# Loading records:	3276800
# Load throughput (KOPS): 1.75617
Count: 3276800  Average: 569.0189  StdDev: 38.79
Percentiles(us): P50: 553.14 P90: 595.66 P99: 695.32 P99.9: 859.70 P99.99: 1733.28
------------------------------------------------------
[     500,     600 ) 3083029  94.087%  94.087% ###################
[     600,     700 )  168913   5.155%  99.241% #
[     700,     800 )   18871   0.576%  99.817% 
[     800,     900 )    4540   0.139%  99.956% 
[     900,    1000 )     701   0.021%  99.977% 
[    1000,    1200 )     248   0.008%  99.985% 
[    1200,    1400 )      95   0.003%  99.988% 
[    1400,    1600 )      44   0.001%  99.989% 
[    1600,    1800 )      47   0.001%  99.990% 
[    1800,    2000 )      33   0.001%  99.991% 
[    2000,    2500 )      87   0.003%  99.994% 
[    2500,    3000 )      87   0.003%  99.997% 
[    3000,    3500 )      54   0.002%  99.998% 
[    3500,    4000 )      22   0.001%  99.999% 
[    4000,    4500 )      14   0.000% 100.000% 
[    4500,    5000 )       5   0.000% 100.000% 
[    5000,    6000 )       3   0.000% 100.000% 
[    7000,    8000 )       5   0.000% 100.000% 
[    8000,    9000 )       1   0.000% 100.000% 
[   10000,   12000 )       1   0.000% 100.000% 

Waiting 15s before performing transactions......

Avg CPU utilization (percent): 43.97

Starting performing transactions......

# Run duration (ms): 0.59095
# Run operations:	1000
# Run throughput (KOPS): 1.69219
Count: 1000  Average: 589.9968  StdDev: 89.72
Percentiles(us): P50: 559.59 P90: 674.39 P99: 900.00 P99.9: 2000.00 P99.99: 2141.81
------------------------------------------------------
[     500,     600 )     839  83.900%  83.900% #################
[     600,     700 )      82   8.200%  92.100% ##
[     700,     800 )      44   4.400%  96.500% #
[     800,     900 )      25   2.500%  99.000% #
[     900,    1000 )       8   0.800%  99.800% 
[    1400,    1600 )       1   0.100%  99.900% 
[    2000,    2500 )       1   0.100% 100.000% 


Avg CPU utilization (percent): 45.00

