[OVERALL], RunTime(ms), 2313605
[OVERALL], Throughput(ops/sec), 2593.355391261689
[TOTAL_GCS_PS_Scavenge], Count, 937
[TOTAL_GC_TIME_PS_Scavenge], Time(ms), 2499
[TOTAL_GC_TIME_%_PS_Scavenge], Time(%), 0.10801325204604934
[TOTAL_GCS_PS_MarkSweep], Count, 0
[TOTAL_GC_TIME_PS_MarkSweep], Time(ms), 0
[TOTAL_GC_TIME_%_PS_MarkSweep], Time(%), 0.0
[TOTAL_GCs], Count, 937
[TOTAL_GC_TIME], Time(ms), 2499
[TOTAL_GC_TIME_%], Time(%), 0.10801325204604934
[CLEANUP], Operations, 2
[CLEANUP], AverageLatency(us), 1124878.0
[CLEANUP], MinLatency(us), 28
[CLEANUP], MaxLatency(us), 2250751
[CLEANUP], 95thPercentileLatency(us), 2250751
[CLEANUP], 99thPercentileLatency(us), 2250751
[INSERT], Operations, 6000000
[INSERT], AverageLatency(us), 769.1359796666667
[INSERT], MinLatency(us), 201
[INSERT], MaxLatency(us), 215167
[INSERT], 95thPercentileLatency(us), 1195
[INSERT], 99thPercentileLatency(us), 1294
[INSERT], Return=OK, 6000000
