[OVERALL], RunTime(ms), 1795022
[OVERALL], Throughput(ops/sec), 13370.309667513824
[TOTAL_GCS_PS_Scavenge], Count, 2572
[TOTAL_GC_TIME_PS_Scavenge], Time(ms), 7603
[TOTAL_GC_TIME_%_PS_Scavenge], Time(%), 0.423560268342115
[TOTAL_GCS_PS_MarkSweep], Count, 0
[TOTAL_GC_TIME_PS_MarkSweep], Time(ms), 0
[TOTAL_GC_TIME_%_PS_MarkSweep], Time(%), 0.0
[TOTAL_GCs], Count, 2572
[TOTAL_GC_TIME], Time(ms), 7603
[TOTAL_GC_TIME_%], Time(%), 0.423560268342115
[READ], Operations, 23996837
[READ], AverageLatency(us), 596.0455926337291
[READ], MinLatency(us), 76
[READ], MaxLatency(us), 98303
[READ], 95thPercentileLatency(us), 1248
[READ], 99thPercentileLatency(us), 1424
[READ], Return=OK, 23996837
[READ], Return=NOT_FOUND, 3163
[CLEANUP], Operations, 8
[CLEANUP], AverageLatency(us), 284293.5
[CLEANUP], MinLatency(us), 1
[CLEANUP], MaxLatency(us), 2275327
[CLEANUP], 95thPercentileLatency(us), 2275327
[CLEANUP], 99thPercentileLatency(us), 2275327
[READ-FAILED], Operations, 3163
[READ-FAILED], AverageLatency(us), 359.2415428390768
[READ-FAILED], MinLatency(us), 113
[READ-FAILED], MaxLatency(us), 3965
[READ-FAILED], 95thPercentileLatency(us), 937
[READ-FAILED], 99thPercentileLatency(us), 1095
