[OVERALL], RunTime(ms), 1676652
[OVERALL], Throughput(ops/sec), 3578.5601305458736
[TOTAL_GCS_PS_Scavenge], Count, 334
[TOTAL_GC_TIME_PS_Scavenge], Time(ms), 2644
[TOTAL_GC_TIME_%_PS_Scavenge], Time(%), 0.15769521641938816
[TOTAL_GCS_PS_MarkSweep], Count, 0
[TOTAL_GC_TIME_PS_MarkSweep], Time(ms), 0
[TOTAL_GC_TIME_%_PS_MarkSweep], Time(%), 0.0
[TOTAL_GCs], Count, 334
[TOTAL_GC_TIME], Time(ms), 2644
[TOTAL_GC_TIME_%], Time(%), 0.15769521641938816
[READ], Operations, 6000000
[READ], AverageLatency(us), 556.6831955
[READ], MinLatency(us), 82
[READ], MaxLatency(us), 95615
[READ], 95thPercentileLatency(us), 1130
[READ], 99thPercentileLatency(us), 1221
[READ], Return=OK, 6000000
[CLEANUP], Operations, 2
[CLEANUP], AverageLatency(us), 1137156.5
[CLEANUP], MinLatency(us), 9
[CLEANUP], MaxLatency(us), 2275327
[CLEANUP], 95thPercentileLatency(us), 2275327
[CLEANUP], 99thPercentileLatency(us), 2275327
