[OVERALL], RunTime(ms), 2434902
[OVERALL], Throughput(ops/sec), 39426.638115209564
[TOTAL_GCS_PS_Scavenge], Count, 1930
[TOTAL_GC_TIME_PS_Scavenge], Time(ms), 17223
[TOTAL_GC_TIME_%_PS_Scavenge], Time(%), 0.7073385294356815
[TOTAL_GCS_PS_MarkSweep], Count, 0
[TOTAL_GC_TIME_PS_MarkSweep], Time(ms), 0
[TOTAL_GC_TIME_%_PS_MarkSweep], Time(%), 0.0
[TOTAL_GCs], Count, 1930
[TOTAL_GC_TIME], Time(ms), 17223
[TOTAL_GC_TIME_%], Time(%), 0.7073385294356815
[READ], Operations, 95994586
[READ], AverageLatency(us), 808.7545296669126
[READ], MinLatency(us), 86
[READ], MaxLatency(us), 12099583
[READ], 95thPercentileLatency(us), 1594
[READ], 99thPercentileLatency(us), 2737
[READ], Return=OK, 95994586
[READ], Return=NOT_FOUND, 5414
[CLEANUP], Operations, 32
[CLEANUP], AverageLatency(us), 69537.21875
[CLEANUP], MinLatency(us), 0
[CLEANUP], MaxLatency(us), 2226175
[CLEANUP], 95thPercentileLatency(us), 10
[CLEANUP], 99thPercentileLatency(us), 2226175
[READ-FAILED], Operations, 5414
[READ-FAILED], AverageLatency(us), 512.1584780199482
[READ-FAILED], MinLatency(us), 109
[READ-FAILED], MaxLatency(us), 15583
[READ-FAILED], 95thPercentileLatency(us), 2255
[READ-FAILED], 99thPercentileLatency(us), 3129
