[OVERALL], RunTime(ms), 2754694
[OVERALL], Throughput(ops/sec), 72603.34541695012
[TOTAL_GCS_PS_Scavenge], Count, 3377
[TOTAL_GC_TIME_PS_Scavenge], Time(ms), 23421
[TOTAL_GC_TIME_%_PS_Scavenge], Time(%), 0.8502214765051944
[TOTAL_GCS_PS_MarkSweep], Count, 0
[TOTAL_GC_TIME_PS_MarkSweep], Time(ms), 0
[TOTAL_GC_TIME_%_PS_MarkSweep], Time(%), 0.0
[TOTAL_GCs], Count, 3377
[TOTAL_GC_TIME], Time(ms), 23421
[TOTAL_GC_TIME_%], Time(%), 0.8502214765051944
[CLEANUP], Operations, 50
[CLEANUP], AverageLatency(us), 44997.4
[CLEANUP], MinLatency(us), 1
[CLEANUP], MaxLatency(us), 2250751
[CLEANUP], 95thPercentileLatency(us), 5
[CLEANUP], 99thPercentileLatency(us), 2250751
[INSERT], Operations, 200000000
[INSERT], AverageLatency(us), 683.40796593
[INSERT], MinLatency(us), 111
[INSERT], MaxLatency(us), 355071
[INSERT], 95thPercentileLatency(us), 1260
[INSERT], 99thPercentileLatency(us), 1624
[INSERT], Return=OK, 200000000
