[OVERALL], RunTime(ms), 2638450
[OVERALL], Throughput(ops/sec), 75802.08076711706
[TOTAL_GCS_PS_Scavenge], Count, 3380
[TOTAL_GC_TIME_PS_Scavenge], Time(ms), 22896
[TOTAL_GC_TIME_%_PS_Scavenge], Time(%), 0.8677822206219561
[TOTAL_GCS_PS_MarkSweep], Count, 0
[TOTAL_GC_TIME_PS_MarkSweep], Time(ms), 0
[TOTAL_GC_TIME_%_PS_MarkSweep], Time(%), 0.0
[TOTAL_GCs], Count, 3380
[TOTAL_GC_TIME], Time(ms), 22896
[TOTAL_GC_TIME_%], Time(%), 0.8677822206219561
[CLEANUP], Operations, 50
[CLEANUP], AverageLatency(us), 45036.92
[CLEANUP], MinLatency(us), 0
[CLEANUP], MaxLatency(us), 2252799
[CLEANUP], 95thPercentileLatency(us), 4
[CLEANUP], 99thPercentileLatency(us), 2252799
[INSERT], Operations, 200000000
[INSERT], AverageLatency(us), 657.22047548
[INSERT], MinLatency(us), 118
[INSERT], MaxLatency(us), 449535
[INSERT], 95thPercentileLatency(us), 1211
[INSERT], 99thPercentileLatency(us), 1579
[INSERT], Return=OK, 200000000
