[OVERALL], RunTime(ms), 3014333
[OVERALL], Throughput(ops/sec), 66349.67005967822
[TOTAL_GCS_PS_Scavenge], Count, 3148
[TOTAL_GC_TIME_PS_Scavenge], Time(ms), 24305
[TOTAL_GC_TIME_%_PS_Scavenge], Time(%), 0.8063143654002394
[TOTAL_GCS_PS_MarkSweep], Count, 0
[TOTAL_GC_TIME_PS_MarkSweep], Time(ms), 0
[TOTAL_GC_TIME_%_PS_MarkSweep], Time(%), 0.0
[TOTAL_GCs], Count, 3148
[TOTAL_GC_TIME], Time(ms), 24305
[TOTAL_GC_TIME_%], Time(%), 0.8063143654002394
[READ], Operations, 99994524
[READ], AverageLatency(us), 759.8594102313043
[READ], MinLatency(us), 110
[READ], MaxLatency(us), 144511
[READ], 95thPercentileLatency(us), 1631
[READ], 99thPercentileLatency(us), 2379
[READ], Return=OK, 99994524
[CLEANUP], Operations, 50
[CLEANUP], AverageLatency(us), 44833.02
[CLEANUP], MinLatency(us), 0
[CLEANUP], MaxLatency(us), 2242559
[CLEANUP], 95thPercentileLatency(us), 3
[CLEANUP], 99thPercentileLatency(us), 2242559
[UPDATE], Operations, 100005476
[UPDATE], AverageLatency(us), 738.3651570939975
[UPDATE], MinLatency(us), 117
[UPDATE], MaxLatency(us), 142847
[UPDATE], 95thPercentileLatency(us), 1345
[UPDATE], 99thPercentileLatency(us), 1663
[UPDATE], Return=OK, 100005476
