[OVERALL], RunTime(ms), 2802558
[OVERALL], Throughput(ops/sec), 71363.37588731438
[TOTAL_GCS_PS_Scavenge], Count, 2981
[TOTAL_GC_TIME_PS_Scavenge], Time(ms), 22709
[TOTAL_GC_TIME_%_PS_Scavenge], Time(%), 0.810295451512511
[TOTAL_GCS_PS_MarkSweep], Count, 0
[TOTAL_GC_TIME_PS_MarkSweep], Time(ms), 0
[TOTAL_GC_TIME_%_PS_MarkSweep], Time(%), 0.0
[TOTAL_GCs], Count, 2981
[TOTAL_GC_TIME], Time(ms), 22709
[TOTAL_GC_TIME_%], Time(%), 0.810295451512511
[CLEANUP], Operations, 50
[CLEANUP], AverageLatency(us), 44668.04
[CLEANUP], MinLatency(us), 0
[CLEANUP], MaxLatency(us), 2234367
[CLEANUP], 95thPercentileLatency(us), 2
[CLEANUP], 99thPercentileLatency(us), 2234367
[INSERT], Operations, 200000000
[INSERT], AverageLatency(us), 698.178483845
[INSERT], MinLatency(us), 117
[INSERT], MaxLatency(us), 706559
[INSERT], 95thPercentileLatency(us), 1301
[INSERT], 99thPercentileLatency(us), 1655
[INSERT], Return=OK, 200000000
