[OVERALL], RunTime(ms), 2806244
[OVERALL], Throughput(ops/sec), 71269.64013107913
[TOTAL_GCS_PS_Scavenge], Count, 2440
[TOTAL_GC_TIME_PS_Scavenge], Time(ms), 23037
[TOTAL_GC_TIME_%_PS_Scavenge], Time(%), 0.8209193498498348
[TOTAL_GCS_PS_MarkSweep], Count, 0
[TOTAL_GC_TIME_PS_MarkSweep], Time(ms), 0
[TOTAL_GC_TIME_%_PS_MarkSweep], Time(%), 0.0
[TOTAL_GCs], Count, 2440
[TOTAL_GC_TIME], Time(ms), 23037
[TOTAL_GC_TIME_%], Time(%), 0.8209193498498348
[CLEANUP], Operations, 50
[CLEANUP], AverageLatency(us), 45365.3
[CLEANUP], MinLatency(us), 1
[CLEANUP], MaxLatency(us), 2269183
[CLEANUP], 95thPercentileLatency(us), 3
[CLEANUP], 99thPercentileLatency(us), 2269183
[INSERT], Operations, 200000000
[INSERT], AverageLatency(us), 697.44802563
[INSERT], MinLatency(us), 114
[INSERT], MaxLatency(us), 463871
[INSERT], 95thPercentileLatency(us), 1345
[INSERT], 99thPercentileLatency(us), 1712
[INSERT], Return=OK, 200000000
