[OVERALL], RunTime(ms), 2895706
[OVERALL], Throughput(ops/sec), 69067.78519642532
[TOTAL_GCS_PS_Scavenge], Count, 2110
[TOTAL_GC_TIME_PS_Scavenge], Time(ms), 23477
[TOTAL_GC_TIME_%_PS_Scavenge], Time(%), 0.8107521965282386
[TOTAL_GCS_PS_MarkSweep], Count, 0
[TOTAL_GC_TIME_PS_MarkSweep], Time(ms), 0
[TOTAL_GC_TIME_%_PS_MarkSweep], Time(%), 0.0
[TOTAL_GCs], Count, 2110
[TOTAL_GC_TIME], Time(ms), 23477
[TOTAL_GC_TIME_%], Time(%), 0.8107521965282386
[CLEANUP], Operations, 50
[CLEANUP], AverageLatency(us), 44669.16
[CLEANUP], MinLatency(us), 1
[CLEANUP], MaxLatency(us), 2234367
[CLEANUP], 95thPercentileLatency(us), 4
[CLEANUP], 99thPercentileLatency(us), 2234367
[UPDATE], Operations, 200000000
[UPDATE], AverageLatency(us), 718.770257725
[UPDATE], MinLatency(us), 108
[UPDATE], MaxLatency(us), 269055
[UPDATE], 95thPercentileLatency(us), 1347
[UPDATE], 99thPercentileLatency(us), 1657
[UPDATE], Return=OK, 200000000
