[OVERALL], RunTime(ms), 4853877
[OVERALL], Throughput(ops/sec), 41204.17554874176
[TOTAL_GCS_PS_Scavenge], Count, 6473
[TOTAL_GC_TIME_PS_Scavenge], Time(ms), 40219
[TOTAL_GC_TIME_%_PS_Scavenge], Time(%), 0.8285953681974224
[TOTAL_GCS_PS_MarkSweep], Count, 1
[TOTAL_GC_TIME_PS_MarkSweep], Time(ms), 73
[TOTAL_GC_TIME_%_PS_MarkSweep], Time(%), 0.0015039524075290743
[TOTAL_GCs], Count, 6474
[TOTAL_GC_TIME], Time(ms), 40292
[TOTAL_GC_TIME_%], Time(%), 0.8300993206049514
[READ], Operations, 200000000
[READ], AverageLatency(us), 803.51155387
[READ], MinLatency(us), 92
[READ], MaxLatency(us), 197375
[READ], 95thPercentileLatency(us), 1694
[READ], 99thPercentileLatency(us), 2527
[READ], Return=OK, 200000000
[READ-MODIFY-WRITE], Operations, 100002283
[READ-MODIFY-WRITE], AverageLatency(us), 1610.9269854369225
[READ-MODIFY-WRITE], MinLatency(us), 248
[READ-MODIFY-WRITE], MaxLatency(us), 198271
[READ-MODIFY-WRITE], 95thPercentileLatency(us), 2841
[READ-MODIFY-WRITE], 99thPercentileLatency(us), 4077
[CLEANUP], Operations, 50
[CLEANUP], AverageLatency(us), 44997.02
[CLEANUP], MinLatency(us), 1
[CLEANUP], MaxLatency(us), 2250751
[CLEANUP], 95thPercentileLatency(us), 4
[CLEANUP], 99thPercentileLatency(us), 2250751
[UPDATE], Operations, 100002283
[UPDATE], AverageLatency(us), 805.8035856541395
[UPDATE], MinLatency(us), 118
[UPDATE], MaxLatency(us), 197119
[UPDATE], 95thPercentileLatency(us), 1411
[UPDATE], 99thPercentileLatency(us), 1766
[UPDATE], Return=OK, 100002283
