[OVERALL], RunTime(ms), 2584087
[OVERALL], Throughput(ops/sec), 77396.77495378445
[TOTAL_GCS_PS_Scavenge], Count, 1470
[TOTAL_GC_TIME_PS_Scavenge], Time(ms), 18111
[TOTAL_GC_TIME_%_PS_Scavenge], Time(%), 0.700866495593995
[TOTAL_GCS_PS_MarkSweep], Count, 0
[TOTAL_GC_TIME_PS_MarkSweep], Time(ms), 0
[TOTAL_GC_TIME_%_PS_MarkSweep], Time(%), 0.0
[TOTAL_GCs], Count, 1470
[TOTAL_GC_TIME], Time(ms), 18111
[TOTAL_GC_TIME_%], Time(%), 0.700866495593995
[READ], Operations, 200000000
[READ], AverageLatency(us), 642.327973285
[READ], MinLatency(us), 70
[READ], MaxLatency(us), 177407
[READ], 95thPercentileLatency(us), 1330
[READ], 99thPercentileLatency(us), 1631
[READ], Return=OK, 200000000
[CLEANUP], Operations, 50
[CLEANUP], AverageLatency(us), 44832.58
[CLEANUP], MinLatency(us), 1
[CLEANUP], MaxLatency(us), 2242559
[CLEANUP], 95thPercentileLatency(us), 4
[CLEANUP], 99thPercentileLatency(us), 2242559
