0
13.6
95.6
144.2
172.7
186.4
196.8
209
210.5
220.2
222.8
228.9
234.1
239
242.7
246.5
249.9
253.2
255.6
257.8
259.8
262.3
263.5
264.7
266.8
266.9
268.9
268.8
270
271
272
271.8
272.7
272.7
274.9
276
276.9
277
278
276.8
278.8
279.9
280.1
280.2
281.2
283.1
284.1
284.3
284.3
284.4
285.5
286.4
286.4
286.5
286.6
287.8
288.9
289.1
289.2
289.1
289.1
291
291.1
291.1
291
291
292
293
293
293.1
292.1
293
294.1
295.1
295.1
295.2
295.2
296.2
297.2
298.3
298.4
298.3
298.3
299.4
300.4
299.9
300.9
300.9
300.8
301.7
302.8
303.1
304.2
305.2
305.3
305.3
305.8
306.9
307.2
308.5
308.8
0
