11.6
108.5
153.3
184.1
190.9
200.2
208.1
201.1
210.3
213.1
220.8
226.3
231.9
237.1
241
243.8
247.2
250.4
253
254.4
255.8
257.9
258.9
260.3
261.4
262.8
263.9
264.2
265.5
266.5
266.9
268.3
269.6
271.9
273.3
274.2
274.3
274.6
277.7
278.7
278.7
279
280.1
281.1
283.1
283.1
283.2
283.4
283.4
285.5
285.5
285.6
285.7
284.8
285.8
285.7
286.9
287.2
287.1
287.1
288.2
289.2
289.4
289.4
289.5
289.4
290.5
290.5
290.7
290.6
290.8
291.8
293
294.1
294.1
294.2
295.2
296.1
297
298.1
298.1
298.2
298.1
299.2
300.3
301.3
302.3
302.5
302.5
303.4
304.4
304.5
305.9
306.2
307.2
307.2
307.8
307.5
308.5
308.6
308.8
