14.3
13.7
18.9
42.3
60.4
82.7
96.5
 108
 121
 137
 151
 161
 172
 182
 189
 196
 206
 210
 218
 225
 231
 237
 244
 248
 254
 257
 262
 267
 272
 275
 278
 282
 287
 290
 294
 298
 300
 305
 308
 310
 312
 315
 316
 320
 322
 323
 325
 327
 329
 333
 335
 337
 339
 341
 343
 344
 346
 349
 351
 353
 354
 355
 356
 357
 358
 360
 361
 362
 363
 364
 366
 367
 368
 369
 370
 371
 372
 373
 374
 375
 376
 377
 378
 380
 380
 381
 382
 384
 384
 385
 387
 388
 389
 390
 391
 392
 393
 394
 395
 395
 397
 398
 398
 400
 401
 401
 402
 403
 404
 405
 405
 405
 406
 407
 408
 409
 409
 410
 411
 411
 412
 413
 414
 415
 416
 417
 418
 418
 419
 419
 420
 420
 421
 422
 422
 422
 423
 424
 424
 424
 425
 426
 426
 427
 427
 427
 428
 428
 429
 429
 430
 430
 431
 431
 432
 432
 432
 433
 433
 434
 434
 434
 435
 435
 436
 436
 437
 437
 437
 438
 438
 438
 438
 439
 439
 439
 440
 440
 440
 440
 440
 440
 440
 441
 441
 441
 441
 441
 441
 442
 442
 442
 443
 443
 443
 443
 444
 444
 444
 444
 445
 445
 445
 445
 445
 446
 446
 446
 446
 446
 446
 447
 447
 447
 447
 447
 448
 448
 448
 448
 448
 448
 448
 448
 448
 448
 448
 448
 449
 449
 449
 449
 449
 450
 450
 450
 450
 451
 451
 451
 451
 451
 451
 452
 452
 452
 452
 452
 453
 453
 453
 453
 453
 453
 453
 454
 454
 454
 454
 454
 454
 454
 455
 455
 455
 455
 455
 455
 455
 456
 455
 455
 455
 455
 455
 456
 456
 456
 456
 456
 456
 456
 456
 455
 454
 453
