15.1
14.5
26.4
46.6
67.6
94.5
 113
 129
 150
 167
 179
 186
 196
 206
 218
 226
 233
 238
 246
 254
 260
 266
 271
 280
 284
 288
 291
 295
 302
 306
 310
 314
 319
 324
 327
 332
 336
 340
 341
 343
 345
 349
 352
 355
 358
 361
 362
 363
 365
 366
 367
 369
 370
 372
 374
 375
 377
 380
 383
 385
 387
 387
 390
 391
 392
 394
 395
 396
 398
 399
 401
 402
 404
 406
 408
 409
 410
 411
 412
 413
 414
 414
 415
 417
 419
 419
 420
 421
 422
 424
 424
 425
 425
 426
 427
 429
 430
 430
 431
 432
 432
 433
 433
 434
 434
 435
 436
 437
 438
 438
 439
 439
 439
 440
 441
 442
 444
 445
 446
 447
 449
 450
 451
 452
 453
 454
 455
 455
 456
 456
 457
 459
 459
 460
 461
 461
 463
 464
 464
 465
 466
 467
 467
 468
 469
 470
 471
 471
 472
 473
 474
 475
 475
 476
 476
 477
 477
 477
 478
 479
 479
 479
 479
 480
 480
 481
 481
 481
 482
 482
 483
 483
 483
 484
 484
 484
 485
 485
 486
 486
 486
 486
 486
 486
 486
 486
 485
 485
 486
 486
 486
 486
 486
 487
 487
 487
 488
 488
 488
 488
 489
 489
 490
 490
 491
 491
 491
 491
 491
 491
 491
 492
 492
 491
 491
 491
 492
 492
 491
 492
 491
 492
 492
 492
 491
 492
 492
 492
 492
 492
 492
 492
 493
 493
 493
 494
 494
 494
 495
 495
 495
 495
 495
 496
 496
 497
 497
 497
 497
 497
 498
 498
 498
 498
 498
 498
 498
 498
 498
 498
 499
 499
 499
 499
 497
 496
