 445
 444
 444
 445
 445
 446
 446
 447
 447
 448
 448
 449
 449
 450
 450
 451
 451
 451
 452
 452
 452
 452
 453
 454
 455
 455
 456
 456
 457
 458
 458
 459
 459
 460
 460
 460
 460
 461
 461
 461
 462
 463
 463
 463
 464
 464
 465
 465
 466
 466
 467
 468
 469
 469
 470
 471
 471
 472
 473
 473
 474
 475
 475
 476
 477
 477
 478
 479
 479
 480
 481
 482
 483
 484
 485
 485
 486
 487
 488
 489
 490
 491
 492
 493
 494
 495
 495
 496
 497
 498
 499
 499
 499
 500
 500
 502
 502
 503
 503
 504
 505
 505
 506
 507
 508
 508
 509
 510
 511
 512
 514
 515
 516
 516
 518
 519
 520
 520
 521
 522
 523
 523
 525
 525
 526
 526
 527
 528
 529
 530
 531
 532
 532
 533
 534
 535
 536
 537
 538
 538
 539
 540
 541
 542
 542
 543
 543
 544
 544
 545
 546
 546
 547
 547
 548
 548
 549
 550
 551
 551
 552
 552
 553
 554
 554
 555
 556
 556
 557
 557
 558
 559
 559
 560
 561
 561
 562
 562
 563
 563
 564
 565
 565
 566
 566
 567
 568
 568
 569
 571
 572
 573
 573
 574
 575
 576
 576
 577
 577
 578
 578
 578
 579
 579
 580
 580
 580
 580
 581
 581
 581
 582
 582
 582
 582
 582
 583
 583
 583
 583
 583
 583
 583
 584
 584
 584
 584
 584
 584
 584
 584
 584
 585
 585
 585
 585
 585
 585
 585
 585
 586
 586
 586
 586
 586
 586
 586
 587
 587
 587
 587
 587
 588
 588
 588
 588
 588
 589
 589
 589
 589
 590
 590
 590
 590
 591
 591
 591
 591
 592
 592
 592
 592
 593
 593
 594
 594
 594
 594
 594
 594
 595
 595
 595
 595
 596
 596
 596
 596
 596
 596
 597
 597
 597
 597
 598
 598
 598
 598
 599
 599
 599
 599
 599
 600
 600
 601
 601
 601
 601
 602
 602
 602
 603
 603
 603
 604
 604
 604
 605
 605
 606
 606
 606
 606
 607
 607
 607
 608
 608
 608
 609
 609
 609
 609
 608
 607
 607
