8.5
54.6
93.4
116.2
126.1
131.5
135.4
139.3
141.7
143.5
141.5
143
144.5
146.5
150.1
150.9
151.9
152.7
153.1
153.8
154.4
154.7
155.2
155.7
155.9
156.2
159.2
160.1
160.5
161.1
161.1
161.2
161.4
161.3
161.4
161.7
161.7
161.8
162.7
164.9
165
165
164.9
164.9
164.9
164.9
164.9
165.1
165.2
165.2
165.1
166.6
168.3
169.2
169.1
169
168.8
168.9
168.8
168.7
168.7
168.6
168.6
169.7
170.9
171.3
171.2
171.2
170.1
170.1
170
169.9
169.9
169.8
169.7
170.6
171.7
172.7
172.8
172.7
172.7
172.6
172.4
172.4
172.3
172.2
172
172.8
173.7
174.6
174.7
174.6
174.4
174.3
174.2
174.1
174
173.9
173.8
174.5
175.3
176
176.4
176.3
176.1
176.3
176
176
175.9
175.8
175.6
176.1
176.8
177.4
177.8
177.7
177.5
177.5
177.3
177.2
177.1
177
176.9
177.3
177.9
178.4
178.6
178.7
178.6
178.5
178.4
178.2
178.1
178
178
178.4
178.9
179.5
180
180.1
179.9
179.8
179.7
179.6
179.5
179.4
179.2
179.6
180.2
180.8
181.3
181.3
181.2
181.1
181
180.9
180.8
180.6
180.5
180.9
181.3
181.7
182.2
182.6
182.5
182.4
182.4
182.3
182.2
182.1
182
182.3
182.7
183.1
183
182.9
182.8
182.7
182.6
182.5
182.4
182.3
182.2
182.4
182.5
182.9
183.3
183.5
183.4
183.3
183.3
183.2
183.1
183
182.9
183.1
183.4
183.8
184.1
184.3
184.2
184.1
184
183.9
183.8
183.7
183.6
183.9
184.2
184.5
184.8
184.8
184.7
184.6
184.5
184.4
184.4
184.3
184.2
184.5
184.8
185.1
185.4
185.6
185.4
185.4
185.3
185.2
185.1
185
184.9
185
185.3
185.6
185.9
186
185.9
185.8
185.7
185.6
185.5
185.4
185.1
185.2
185.5
185.7
186
186
186
185.9
185.8
185.7
185.6
185.5
185.4
185.5
185.8
186
186.4
186.6
186.5
186.4
186.3
186.2
186.1
186.1
186
186
186.3
186.5
186.8
186.8
186.7
186.7
186.6
186.5
186.4
186.3
186.2
186.3
186.5
186.8
187
187.2
187.2
187.2
187.1
187.1
187
186.9
186.8
186.8
187
187.2
187.5
187.7
187.7
187.7
187.6
187.5
187.4
187.2
187.1
187.1
187.3
187.5
187.7
187.9
188.1
188
187.9
187.8
187.8
187.7
187.6
187.6
187.8
188
188.2
188.4
188.4
188.4
188.3
188.2
188.1
188.1
188
188
188.2
188.4
188.6
188.8
189
188.9
188.8
188.7
188.7
188.6
188.5
188.5
188.7
188.9
189.1
189.3
189.4
189.3
189.2
189.1
189.1
189
188.9
189
189.1
189.3
189.5
189.7
189.8
189.7
189.6
189.6
189.4
189.3
189.3
189.3
189.5
189.7
189.8
190
190.2
190.1
190.1
190
189.9
189.8
189.8
189.7
189.9
190.1
190.2
190.4
190.5
190.5
190.4
190.4
190.3
190.2
190.2
190.2
190.3
190.5
190.6
190.8
190.9
190.9
191
190.9
190.8
190.8
190.7
190.7
190.8
191
191.2
191.4
191.5
191.7
191.6
191.5
191.5
191.4
191.3
191.3
191.5
191.6
191.8
191.9
192
192
191.6
191.5
191.5
191.4
191.3
191.4
191.5
191.6
191.8
191.9
192
192.2
192.3
192.2
192.1
192.1
192
192
192.1
192.2
192.4
192.5
192.6
192.7
192.7
192.6
192.5
192.5
192.4
192.4
192.5
192.7
192.8
192.9
193
193
193
192.9
192.9
192.9
192.8
192.8
192.9
193
193.2
193.3
193.4
193.5
193.5
193.4
193.3
193.3
193.2
193.2
193.3
193.4
193.4
193.5
193.6
193.6
193.5
193.5
193.4
193.3
193.3
193.3
193.4
193.5
193.6
193.7
193.8
194
193.9
193.9
193.8
193.7
193.7
193.7
193.8
193.9
194
194.1
194.2
194.4
194.3
194.2
194.2
194.1
194.1
194
194.2
194.3
194.4
194.5
194.6
194.5
194.5
194.4
194.3
194.3
194.2
194.2
194.3
194.4
194.5
194.6
194.7
194.9
194.8
194.8
194.7
194.6
194.6
194.6
194.7
194.8
194.9
195
195.1
195.2
195.2
195.1
195.1
195
194.9
194.9
195
195.1
195.2
195.3
195.4
195.5
195.4
195.4
195.3
195.3
195.2
195.2
195.3
195.4
195.5
195.6
195.7
195.7
195.6
195.6
195.5
195.5
195.4
195.4
195.5
195.6
195.7
195.8
195.9
195.9
195.8
195.8
195.7
195.7
195.6
195.7
195.7
195.8
195.9
196
196.1
196.2
196.2
196.1
196.1
196
195.9
196
196.1
196.2
196.3
196.3
196.4
196.5
196.6
196.5
196.5
196.4
196.3
196.4
196.5
196.6
196.7
196.8
196.8
196.9
196.9
196.8
196.8
196.7
196.7
196.7
196.8
196.9
197
197.1
197.2
197.2
197.2
197.1
197.1
197
197
197
197.1
197.2
197.3
197.4
197.5
197.5
197.6
197.5
197.5
197.4
197.3
197.4
197.5
197.5
197.6
197.7
197.8
197.8
197.7
197.7
197.6
197.6
197.5
197.6
197.7
197.8
197.9
197.9
198
198.1
198
198
197.9
197.9
197.8
197.9
198
198.1
198.1
198.2
198.3
198.4
198.3
198.3
198.2
198.2
198.1
198.2
198.2
198.3
198.4
198.5
198.6
198.6
198.6
198.6
198.5
198.5
198.4
198.5
198.5
198.6
198.7
198.8
198.8
198.9
199
198.9
198.9
198.8
198.6
198.7
198.8
198.8
198.9
199
199.1
199.1
199.1
199.1
199
199
198.9
199
199
199.1
199.2
199.2
199.3
199.4
199.3
199.3
199.2
199.2
199.1
199.2
199.2
199.3
199.4
199.4
199.5
199.6
199.6
199.6
199.6
199.5
199.5
199.5
199.6
199.7
199.7
199.8
199.9
199.9
200
199.9
200
199.8
199.8
199.8
199.9
200
200.1
200.2
200.2
200.3
200.4
200.4
200.2
200.2
200.1
200.2
200.2
200.3
200.4
200.4
200.5
200.4
200.4
200.3
200.3
200.2
200.2
200.2
200.3
200.3
200.4
200.5
200.5
200.6
200.7
200.7
200.6
200.6
200.5
200.6
200.6
200.7
200.8
200.8
200.9
201
201
201
200.9
200.9
200.8
200.9
200.9
201
201.1
201.2
201.2
201.4
201.4
201.3
201.3
201.2
201.2
201.2
201.3
201.3
201.4
201.5
201.5
201.6
201.4
201.4
201.3
201.3
201.2
201.2
201.3
201.3
201.4
201.5
201.6
201.7
201.8
201.8
201.8
201.7
201.7
201.7
201.7
201.8
201.9
201.9
201.9
201.9
201.8
201.8
201.7
201.7
201.6
201.6
201.7
201.8
201.8
201.9
201.9
202
202
202
202
201.9
201.9
201.9
201.9
202
202.1
202.1
202.2
202.2
202.3
202.2
202.2
202.2
202.1
202.1
202.2
202.3
202.3
202.4
202.4
202.4
202.5
202.5
202.6
202.5
202.5
202.5
202.6
202.6
202.7
202.7
202.8
202.8
202.8
202.8
202.7
202.7
202.6
202.7
202.7
202.8
202.8
202.9
203
202.9
202.9
202.8
202.8
202.8
202.7
202.8
202.8
202.9
202.9
203
203
203.1
203.1
203.1
203.1
203
203
203.1
203.1
203.2
203.2
203.3
203.3
203.3
203.2
203.2
203.2
203.1
203.1
203.1
203.2
203.2
203.3
203.3
203.4
203.4
203.4
203.4
203.3
203.3
203.3
203.3
203.4
203.4
203.5
203.5
203.6
203.6
203.6
203.6
203.6
203.6
203.5
203.6
203.6
203.7
203.7
203.8
203.8
203.9
203.9
203.9
203.8
203.8
203.8
203.8
203.9
203.9
204
204
204.1
204.1
204.1
204.1
204.1
204
204
204.1
204.1
204.2
204.2
204.3
204.3
204.4
204.4
204.4
204.4
204.3
204.3
204.4
204.4
204.4
204.5
204.5
204.6
204.6
204.6
204.6
204.6
204.5
204.5
204.6
204.6
204.7
204.7
204.8
204.8
204.9
204.9
204.8
204.8
204.7
204.7
204.8
204.8
204.9
204.9
205
205
205
205.1
205.1
205
205
205
205
205.1
205.1
205.2
205.2
205.3
205.3
205.3
205.3
205.3
205.2
205.2
205.3
205.3
205.4
205.4
205.5
205.5
205.6
205.6
205.6
205.7
205.7
205.7
205.7
205.7
205.8
205.8
205.8
205.7
205.7
205.7
205.6
205.6
205.5
205.5
205.6
205.6
205.7
205.7
205.8
205.8
205.8
205.9
205.9
205.9
205.9
205.9
205.9
206
206
206.1
206.1
206.1
206.2
206.2
206.3
206.2
206.2
206.2
206.3
206.3
206.3
206.4
206.4
206.5
206.5
206.5
206.5
206.4
206.4
206.4
206.4
206.5
206.5
206.6
206.6
206.6
206.7
206.7
206.7
206.6
206.5
206.6
206.6
206.6
206.7
206.7
206.8
206.8
206.8
206.9
206.9
206.9
206.9
206.9
206.9
207
207
207.1
207.1
207.1
207.2
207.1
207.1
207.1
207
207
207.1
207.1
207.2
207.2
207.2
207.3
207.3
207.4
207.3
207.3
207.2
207.3
207.3
207.3
207.4
207.4
207.4
207.5
207.5
207.4
207.4
207.4
207.3
207.3
207.4
207.4
207.5
207.5
207.5
207.6
207.6
207.6
207.6
207.6
207.6
207.6
207.6
207.6
207.6
207.6
207.6
207.6
207.6
207.6
207.6
207.6
207.6
207.6
207.6
207.6
207.6
207.6
207.6
207.6
207.6
207.6
207.6
207.6
207.6
207.6
207.6
207.6
207.6
207.6
207.6
207.6
207.6
207.6
207.6
207.6
207.6
207.6
207.6
207.6
207.6
207.6
207.6
207.6
207.6
207.6
207.6
207.6
207.6
207.6
207.6
207.6
207.6
207.6
207.6
207.6
207.6
207.6
207.6
207.6
207.6
207.6
208.6
208.6
208.6
208.6
208.6
208.6
208.6
208.6
208.6
208.6
208.6
208.6
208.6
208.6
208.6
208.6
208.6
208.6
208.6
208.6
208.6
208.6
208.6
208.6
208.6
208.6
208.6
208.6
208.6
208.6
208.6
208.6
208.6
208.6
208.6
208.6
208.6
208.6
208.6
208.6
208.6
208.6
208.6
208.6
208.6
208.6
208.6
208.6
208.6
208.6
208.6
208.6
209.6
209.6
209.6
209.6
209.6
208.6
208.6
209.6
209.6
209.6
209.6
209.6
209.6
209.6
209.6
209.6
209.6
209.6
209.6
209.6
209.6
209.6
209.6
209.6
209.6
209.6
209.6
209.6
209.6
209.6
209.6
209.6
209.6
209.6
209.6
209.6
209.6
209.6
209.6
209.6
209.6
209.6
209.6
209.6
209.6
209.6
209.6
209.6
209.6
209.6
209.6
209.6
209.6
209.6
209.6
209.6
209.6
209.6
209.6
209.6
209.6
209.6
209.6
209.6
209.6
209.6
209.6
209.6
209.6
209.6
209.6
210.6
210.6
210.6
210.6
210.6
210.6
210.6
210.6
210.6
210.6
210.6
210.6
210.6
210.6
210.6
210.6
210.6
210.6
210.6
210.6
210.6
210.6
210.6
210.6
210.6
210.6
210.6
210.6
210.6
210.6
210.6
210.6
210.6
210.6
210.6
210.6
210.6
210.6
210.6
210.6
210.6
210.6
210.6
210.6
210.6
210.6
210.6
210.6
210.6
210.6
210.6
210.6
210.6
210.6
210.6
210.6
210.6
210.6
210.6
210.6
210.6
210.6
210.6
210.6
210.6
210.6
210.6
210.6
210.6
210.6
210.6
210.6
211.6
211.6
210.6
210.6
210.6
210.6
210.6
210.6
210.6
210.6
210.6
211.6
211.6
211.6
211.6
211.6
211.6
210.6
210.6
211.6
211.6
211.6
211.6
211.6
211.6
211.6
211.6
211.6
211.6
211.6
211.6
211.6
211.6
211.6
211.6
211.6
211.6
211.6
211.6
211.6
211.6
211.6
211.6
211.6
211.6
211.6
211.6
211.6
211.6
211.6
211.6
211.6
211.6
211.6
211.6
211.6
211.6
211.6
211.6
211.6
211.6
211.6
211.6
211.6
211.6
211.6
211.6
211.6
211.6
211.6
211.6
211.6
211.6
211.6
211.6
211.6
211.6
211.6
211.6
211.6
211.6
211.6
211.6
211.6
211.6
211.6
211.6
211.6
211.6
211.6
211.6
211.6
211.6
211.6
211.6
211.6
211.6
211.6
211.6
211.6
211.6
211.6
211.6
211.6
211.6
211.6
211.6
211.6
211.6
211.6
211.6
211.6
211.6
211.6
211.6
211.6
211.6
211.6
211.6
211.6
211.6
211.6
212.6
211.6
211.6
211.6
211.6
211.6
211.6
212.6
212.6
212.6
212.6
212.6
212.6
211.6
211.6
211.6
211.6
211.6
211.6
212.6
212.6
212.6
212.6
212.6
212.6
212.6
212.6
212.6
212.6
212.6
212.6
212.6
212.6
212.6
212.6
212.6
212.6
212.6
212.6
212.6
212.6
212.6
212.6
212.6
212.6
212.6
212.6
212.6
212.6
212.6
212.6
212.6
212.6
212.6
212.6
212.6
212.6
212.6
212.6
212.6
212.6
212.6
212.6
212.6
212.6
212.6
212.6
212.6
212.6
212.6
212.6
212.6
212.6
212.6
212.6
212.6
212.6
212.6
212.6
212.6
212.6
212.6
212.6
212.6
212.6
212.6
212.6
212.6
212.6
212.6
212.6
212.6
212.6
212.6
212.6
212.6
212.6
212.6
212.6
212.6
212.6
212.6
212.6
212.6
212.6
212.6
212.6
212.6
212.6
212.6
212.6
212.6
212.6
212.6
212.6
212.6
212.6
212.6
212.6
212.6
212.6
212.6
212.6
212.6
212.6
212.6
212.6
212.6
212.6
212.6
212.6
212.6
212.6
212.6
212.6
212.6
212.6
212.6
212.6
212.6
212.6
212.6
212.6
212.6
213.6
212.6
212.6
212.6
212.6
212.6
213.6
213.6
213.6
213.6
213.6
213.6
213.6
213.6
213.6
213.6
213.6
213.6
213.6
213.6
213.6
213.6
213.6
213.6
213.6
213.6
213.6
213.6
213.6
213.6
213.6
213.6
213.6
213.6
213.6
213.6
213.6
213.6
213.6
213.6
213.6
213.6
213.6
213.6
213.6
213.6
213.6
213.6
213.6
213.6
213.6
213.6
213.6
213.6
213.6
213.6
213.6
213.6
213.6
213.6
213.6
213.6
213.6
213.6
213.6
213.6
213.6
213.6
213.6
213.6
213.6
213.6
213.6
213.6
213.6
213.6
213.6
213.6
213.6
213.6
213.6
213.6
213.6
213.6
213.6
213.6
213.6
213.6
213.6
213.6
213.6
213.6
213.6
213.6
213.6
213.6
213.6
213.6
213.6
213.6
213.6
213.6
213.6
213.6
213.6
213.6
213.6
213.6
213.6
213.6
213.6
213.6
213.6
213.6
213.6
213.6
213.6
213.6
213.6
213.6
213.6
213.6
213.6
213.6
213.6
213.6
213.6
213.6
213.6
213.6
213.6
213.6
213.6
213.6
213.6
213.6
213.6
213.6
213.6
213.6
213.6
213.6
213.6
213.6
213.6
213.6
213.6
