
nofdb	workloads/workloadg_zipfian.spec	32
# Load duration (sec): 387.487
# Loading records:	50000000
# Load throughput (KOPS): 129.037
Count: 50000000  Average: 245.6929  StdDev: 1956.54
Percentiles(us): P50: 206.84 P90: 364.57 P99: 706.61 P99.9: 2615.09 P99.99: 40250.74
------------------------------------------------------
[      50,      60 )      97   0.000%   0.000% 
[      60,      70 )    3541   0.007%   0.007% 
[      70,      80 )   11533   0.023%   0.030% 
[      80,      90 )   15352   0.031%   0.061% 
[      90,     100 )  660981   1.322%   1.383% 
[     100,     120 ) 11412680  22.825%  24.208% #####
[     120,     140 ) 2131481   4.263%  28.471% #
[     140,     160 ) 4531553   9.063%  37.534% ##
[     160,     180 ) 2953568   5.907%  43.442% #
[     180,     200 ) 1724957   3.450%  46.891% #
[     200,     250 ) 11357739  22.715%  69.607% #####
[     250,     300 ) 6562672  13.125%  82.732% ###
[     300,     350 ) 3088909   6.178%  88.910% #
[     350,     400 ) 1870606   3.741%  92.651% #
[     400,     450 ) 1089698   2.179%  94.831% 
[     450,     500 )  858976   1.718%  96.549% 
[     500,     600 )  810960   1.622%  98.171% 
[     600,     700 )  399780   0.800%  98.970% 
[     700,     800 )  225816   0.452%  99.422% 
[     800,     900 )  117720   0.235%  99.657% 
[     900,    1000 )   57297   0.115%  99.772% 
[    1000,    1200 )   42027   0.084%  99.856% 
[    1200,    1400 )   13557   0.027%  99.883% 
[    1400,    1600 )    4405   0.009%  99.892% 
[    1600,    1800 )    1857   0.004%  99.896% 
[    1800,    2000 )     924   0.002%  99.897% 
[    2000,    2500 )    1163   0.002%  99.900% 
[    2500,    3000 )     656   0.001%  99.901% 
[    3000,    3500 )     514   0.001%  99.902% 
[    3500,    4000 )     472   0.001%  99.903% 
[    4000,    4500 )     396   0.001%  99.904% 
[    4500,    5000 )     457   0.001%  99.905% 
[    5000,    6000 )    1816   0.004%  99.908% 
[    6000,    7000 )    3861   0.008%  99.916% 
[    7000,    8000 )    2725   0.005%  99.921% 
[    8000,    9000 )    3805   0.008%  99.929% 
[    9000,   10000 )    3609   0.007%  99.936% 
[   10000,   12000 )    5686   0.011%  99.948% 
[   12000,   14000 )    2142   0.004%  99.952% 
[   14000,   16000 )    1367   0.003%  99.955% 
[   16000,   18000 )    1392   0.003%  99.957% 
[   18000,   20000 )    1243   0.002%  99.960% 
[   20000,   25000 )    8573   0.017%  99.977% 
[   25000,   30000 )    5043   0.010%  99.987% 
[   30000,   35000 )     744   0.001%  99.989% 
[   35000,   40000 )     599   0.001%  99.990% 
[   40000,   45000 )    1017   0.002%  99.992% 
[   45000,   50000 )     728   0.001%  99.993% 
[   50000,   60000 )     841   0.002%  99.995% 
[   60000,   70000 )     519   0.001%  99.996% 
[   70000,   80000 )     383   0.001%  99.997% 
[   80000,   90000 )     334   0.001%  99.998% 
[   90000,  100000 )     157   0.000%  99.998% 
[  100000,  120000 )     308   0.001%  99.998% 
[  120000,  140000 )     124   0.000%  99.999% 
[  140000,  160000 )      97   0.000%  99.999% 
[  160000,  180000 )      63   0.000%  99.999% 
[  180000,  200000 )      66   0.000%  99.999% 
[  200000,  250000 )      94   0.000%  99.999% 
[  250000,  300000 )      32   0.000%  99.999% 
[  400000,  450000 )      64   0.000% 100.000% 
[  450000,  500000 )      32   0.000% 100.000% 
[  500000,  600000 )      32   0.000% 100.000% 
[  600000,  700000 )      32   0.000% 100.000% 
[  700000,  800000 )      96   0.000% 100.000% 
[ 1000000, 1200000 )      32   0.000% 100.000% 


# Run duration (sec): 399.238
# Run operations:	50000000
# Run throughput (KOPS): 125.238
Count: 50000000  Average: 253.1965  StdDev: 1802.41
Percentiles(us): P50: 164.02 P90: 392.00 P99: 1610.31 P99.9: 2824.64 P99.99: 29152.24
------------------------------------------------------
[      45,      50 )       4   0.000%   0.000% 
[      50,      60 )     709   0.001%   0.001% 
[      60,      70 )    7580   0.015%   0.017% 
[      70,      80 )   16451   0.033%   0.049% 
[      80,      90 )   20399   0.041%   0.090% 
[      90,     100 ) 3192569   6.385%   6.475% #
[     100,     120 ) 12249719  24.499%  30.975% #####
[     120,     140 ) 3895332   7.791%  38.766% ##
[     140,     160 ) 4952474   9.905%  48.670% ##
[     160,     180 ) 3308239   6.616%  55.287% #
[     180,     200 ) 1652478   3.305%  58.592% #
[     200,     250 ) 7733562  15.467%  74.059% ###
[     250,     300 ) 4560022   9.120%  83.179% ##
[     300,     350 ) 2233711   4.467%  87.646% #
[     350,     400 ) 1401036   2.802%  90.449% #
[     400,     450 )  852982   1.706%  92.155% 
[     450,     500 )  602962   1.206%  93.360% 
[     500,     600 )  732424   1.465%  94.825% 
[     600,     700 )  440717   0.881%  95.707% 
[     700,     800 )  319605   0.639%  96.346% 
[     800,     900 )  254754   0.510%  96.855% 
[     900,    1000 )  214192   0.428%  97.284% 
[    1000,    1200 )  352640   0.705%  97.989% 
[    1200,    1400 )  280327   0.561%  98.550% 
[    1400,    1600 )  216710   0.433%  98.983% 
[    1600,    1800 )  162953   0.326%  99.309% 
[    1800,    2000 )  117730   0.235%  99.545% 
[    2000,    2500 )  150198   0.300%  99.845% 
[    2500,    3000 )   42387   0.085%  99.930% 
[    3000,    3500 )    8531   0.017%  99.947% 
[    3500,    4000 )    1465   0.003%  99.950% 
[    4000,    4500 )     499   0.001%  99.951% 
[    4500,    5000 )     402   0.001%  99.952% 
[    5000,    6000 )    1506   0.003%  99.955% 
[    6000,    7000 )    3141   0.006%  99.961% 
[    7000,    8000 )    2970   0.006%  99.967% 
[    8000,    9000 )    1613   0.003%  99.970% 
[    9000,   10000 )     628   0.001%  99.971% 
[   10000,   12000 )     788   0.002%  99.973% 
[   12000,   14000 )     748   0.001%  99.974% 
[   14000,   16000 )     800   0.002%  99.976% 
[   16000,   18000 )     474   0.001%  99.977% 
[   18000,   20000 )     295   0.001%  99.977% 
[   20000,   25000 )    3923   0.008%  99.985% 
[   25000,   30000 )    2831   0.006%  99.991% 
[   30000,   35000 )     427   0.001%  99.992% 
[   35000,   40000 )     473   0.001%  99.993% 
[   40000,   45000 )     606   0.001%  99.994% 
[   45000,   50000 )     450   0.001%  99.995% 
[   50000,   60000 )     885   0.002%  99.997% 
[   60000,   70000 )     458   0.001%  99.998% 
[   70000,   80000 )     332   0.001%  99.998% 
[   80000,   90000 )     207   0.000%  99.999% 
[   90000,  100000 )      41   0.000%  99.999% 
[  100000,  120000 )     161   0.000%  99.999% 
[  120000,  140000 )      31   0.000%  99.999% 
[  140000,  160000 )     107   0.000%  99.999% 
[  160000,  180000 )     117   0.000% 100.000% 
[  180000,  200000 )      66   0.000% 100.000% 
[  200000,  250000 )      95   0.000% 100.000% 
[  250000,  300000 )      32   0.000% 100.000% 
[ 1800000, 2000000 )      32   0.000% 100.000% 

Read info: 
Count: 0  Average: 0.0000  StdDev: 0.00
Percentiles(us): P50: -nan P90: -nan P99: -nan P99.9: -nan P99.99: -nan
------------------------------------------------------

Write info: 
Count: 50000000  Average: 253.1965  StdDev: 1802.41
Percentiles(us): P50: 164.02 P90: 392.00 P99: 1610.31 P99.9: 2824.64 P99.99: 29152.24
------------------------------------------------------
[      45,      50 )       4   0.000%   0.000% 
[      50,      60 )     709   0.001%   0.001% 
[      60,      70 )    7580   0.015%   0.017% 
[      70,      80 )   16451   0.033%   0.049% 
[      80,      90 )   20399   0.041%   0.090% 
[      90,     100 ) 3192569   6.385%   6.475% #
[     100,     120 ) 12249719  24.499%  30.975% #####
[     120,     140 ) 3895332   7.791%  38.766% ##
[     140,     160 ) 4952474   9.905%  48.670% ##
[     160,     180 ) 3308239   6.616%  55.287% #
[     180,     200 ) 1652478   3.305%  58.592% #
[     200,     250 ) 7733562  15.467%  74.059% ###
[     250,     300 ) 4560022   9.120%  83.179% ##
[     300,     350 ) 2233711   4.467%  87.646% #
[     350,     400 ) 1401036   2.802%  90.449% #
[     400,     450 )  852982   1.706%  92.155% 
[     450,     500 )  602962   1.206%  93.360% 
[     500,     600 )  732424   1.465%  94.825% 
[     600,     700 )  440717   0.881%  95.707% 
[     700,     800 )  319605   0.639%  96.346% 
[     800,     900 )  254754   0.510%  96.855% 
[     900,    1000 )  214192   0.428%  97.284% 
[    1000,    1200 )  352640   0.705%  97.989% 
[    1200,    1400 )  280327   0.561%  98.550% 
[    1400,    1600 )  216710   0.433%  98.983% 
[    1600,    1800 )  162953   0.326%  99.309% 
[    1800,    2000 )  117730   0.235%  99.545% 
[    2000,    2500 )  150198   0.300%  99.845% 
[    2500,    3000 )   42387   0.085%  99.930% 
[    3000,    3500 )    8531   0.017%  99.947% 
[    3500,    4000 )    1465   0.003%  99.950% 
[    4000,    4500 )     499   0.001%  99.951% 
[    4500,    5000 )     402   0.001%  99.952% 
[    5000,    6000 )    1506   0.003%  99.955% 
[    6000,    7000 )    3141   0.006%  99.961% 
[    7000,    8000 )    2970   0.006%  99.967% 
[    8000,    9000 )    1613   0.003%  99.970% 
[    9000,   10000 )     628   0.001%  99.971% 
[   10000,   12000 )     788   0.002%  99.973% 
[   12000,   14000 )     748   0.001%  99.974% 
[   14000,   16000 )     800   0.002%  99.976% 
[   16000,   18000 )     474   0.001%  99.977% 
[   18000,   20000 )     295   0.001%  99.977% 
[   20000,   25000 )    3923   0.008%  99.985% 
[   25000,   30000 )    2831   0.006%  99.991% 
[   30000,   35000 )     427   0.001%  99.992% 
[   35000,   40000 )     473   0.001%  99.993% 
[   40000,   45000 )     606   0.001%  99.994% 
[   45000,   50000 )     450   0.001%  99.995% 
[   50000,   60000 )     885   0.002%  99.997% 
[   60000,   70000 )     458   0.001%  99.998% 
[   70000,   80000 )     332   0.001%  99.998% 
[   80000,   90000 )     207   0.000%  99.999% 
[   90000,  100000 )      41   0.000%  99.999% 
[  100000,  120000 )     161   0.000%  99.999% 
[  120000,  140000 )      31   0.000%  99.999% 
[  140000,  160000 )     107   0.000%  99.999% 
[  160000,  180000 )     117   0.000% 100.000% 
[  180000,  200000 )      66   0.000% 100.000% 
[  200000,  250000 )      95   0.000% 100.000% 
[  250000,  300000 )      32   0.000% 100.000% 
[ 1800000, 2000000 )      32   0.000% 100.000% 


