
nofdb	workloads/workloadc_uniform.spec	32
# Load duration (sec): 383.586
# Loading records:	50000000
# Load throughput (KOPS): 130.349
Count: 50000000  Average: 244.9241  StdDev: 1999.81
Percentiles(us): P50: 204.56 P90: 350.76 P99: 692.88 P99.9: 6712.91 P99.99: 39773.62
------------------------------------------------------
[      50,      60 )       8   0.000%   0.000% 
[      60,      70 )    1176   0.002%   0.002% 
[      70,      80 )    9260   0.019%   0.021% 
[      80,      90 )   15134   0.030%   0.051% 
[      90,     100 )   51899   0.104%   0.155% 
[     100,     120 ) 12087221  24.174%  24.329% #####
[     120,     140 ) 2478066   4.956%  29.286% #
[     140,     160 ) 4589459   9.179%  38.464% ##
[     160,     180 ) 2950237   5.900%  44.365% #
[     180,     200 ) 1781285   3.563%  47.927% #
[     200,     250 ) 11366176  22.732%  70.660% #####
[     250,     300 ) 6628786  13.258%  83.917% ###
[     300,     350 ) 3015064   6.030%  89.948% #
[     350,     400 ) 1728177   3.456%  93.404% #
[     400,     450 )  993779   1.988%  95.391% 
[     450,     500 )  757032   1.514%  96.906% 
[     500,     600 )  714709   1.429%  98.335% 
[     600,     700 )  358017   0.716%  99.051% 
[     700,     800 )  198971   0.398%  99.449% 
[     800,     900 )  103390   0.207%  99.656% 
[     900,    1000 )   50847   0.102%  99.757% 
[    1000,    1200 )   38328   0.077%  99.834% 
[    1200,    1400 )   13206   0.026%  99.860% 
[    1400,    1600 )    4883   0.010%  99.870% 
[    1600,    1800 )    2184   0.004%  99.875% 
[    1800,    2000 )    1226   0.002%  99.877% 
[    2000,    2500 )    1704   0.003%  99.880% 
[    2500,    3000 )    1155   0.002%  99.883% 
[    3000,    3500 )     958   0.002%  99.885% 
[    3500,    4000 )     750   0.002%  99.886% 
[    4000,    4500 )     711   0.001%  99.888% 
[    4500,    5000 )     663   0.001%  99.889% 
[    5000,    6000 )    1849   0.004%  99.893% 
[    6000,    7000 )    5176   0.010%  99.903% 
[    7000,    8000 )    3925   0.008%  99.911% 
[    8000,    9000 )    3183   0.006%  99.917% 
[    9000,   10000 )    4125   0.008%  99.925% 
[   10000,   12000 )    6035   0.012%  99.938% 
[   12000,   14000 )    2838   0.006%  99.943% 
[   14000,   16000 )    2466   0.005%  99.948% 
[   16000,   18000 )    2983   0.006%  99.954% 
[   18000,   20000 )    2328   0.005%  99.959% 
[   20000,   25000 )    6553   0.013%  99.972% 
[   25000,   30000 )    6595   0.013%  99.985% 
[   30000,   35000 )    1998   0.004%  99.989% 
[   35000,   40000 )     508   0.001%  99.990% 
[   40000,   45000 )     618   0.001%  99.991% 
[   45000,   50000 )     832   0.002%  99.993% 
[   50000,   60000 )    1427   0.003%  99.996% 
[   60000,   70000 )     932   0.002%  99.998% 
[   70000,   80000 )     196   0.000%  99.998% 
[   80000,   90000 )     200   0.000%  99.998% 
[   90000,  100000 )     149   0.000%  99.999% 
[  100000,  120000 )      97   0.000%  99.999% 
[  120000,  140000 )      71   0.000%  99.999% 
[  140000,  160000 )      21   0.000%  99.999% 
[  160000,  180000 )      50   0.000%  99.999% 
[  300000,  350000 )      35   0.000%  99.999% 
[  350000,  400000 )      29   0.000%  99.999% 
[  400000,  450000 )      32   0.000%  99.999% 
[  500000,  600000 )     128   0.000% 100.000% 
[  600000,  700000 )      96   0.000% 100.000% 
[ 1000000, 1200000 )      64   0.000% 100.000% 


# Run duration (sec): 418.073
# Run operations:	50000000
# Run throughput (KOPS): 119.596
Count: 50000000  Average: 266.3015  StdDev: 1018.52
Percentiles(us): P50: 165.45 P90: 294.33 P99: 1358.21 P99.9: 12917.59 P99.99: 16939.96
------------------------------------------------------
[      35,      40 )       8   0.000%   0.000% 
[      40,      45 )     707   0.001%   0.001% 
[      45,      50 )    5786   0.012%   0.013% 
[      50,      60 )   11119   0.022%   0.035% 
[      60,      70 )    1373   0.003%   0.038% 
[      70,      80 )    2981   0.006%   0.044% 
[      80,      90 )    7430   0.015%   0.059% 
[      90,     100 )    3184   0.006%   0.065% 
[     100,     120 ) 1100981   2.202%   2.267% 
[     120,     140 ) 11553763  23.108%  25.375% #####
[     140,     160 ) 10040558  20.081%  45.456% ####
[     160,     180 ) 8333985  16.668%  62.124% ###
[     180,     200 ) 5594018  11.188%  73.312% ##
[     200,     250 ) 5918515  11.837%  85.149% ##
[     250,     300 ) 2735608   5.471%  90.620% #
[     300,     350 ) 1552682   3.105%  93.725% #
[     350,     400 )  980354   1.961%  95.686% 
[     400,     450 )  586963   1.174%  96.860% 
[     450,     500 )  329975   0.660%  97.520% 
[     500,     600 )  359704   0.719%  98.239% 
[     600,     700 )  158187   0.316%  98.556% 
[     700,     800 )   81055   0.162%  98.718% 
[     800,     900 )   46687   0.093%  98.811% 
[     900,    1000 )   30889   0.062%  98.873% 
[    1000,    1200 )   40993   0.082%  98.955% 
[    1200,    1400 )   28437   0.057%  99.012% 
[    1400,    1600 )   21412   0.043%  99.055% 
[    1600,    1800 )   17568   0.035%  99.090% 
[    1800,    2000 )   14399   0.029%  99.119% 
[    2000,    2500 )   27097   0.054%  99.173% 
[    2500,    3000 )   19904   0.040%  99.213% 
[    3000,    3500 )   15244   0.030%  99.243% 
[    3500,    4000 )   12156   0.024%  99.267% 
[    4000,    4500 )   11869   0.024%  99.291% 
[    4500,    5000 )   12042   0.024%  99.315% 
[    5000,    6000 )   25836   0.052%  99.367% 
[    6000,    7000 )   31450   0.063%  99.430% 
[    7000,    8000 )   37987   0.076%  99.506% 
[    8000,    9000 )   39182   0.078%  99.584% 
[    9000,   10000 )   44546   0.089%  99.673% 
[   10000,   12000 )   88619   0.177%  99.851% 
[   12000,   14000 )   53939   0.108%  99.958% 
[   14000,   16000 )   14626   0.029%  99.988% 
[   16000,   18000 )    2515   0.005%  99.993% 
[   18000,   20000 )     945   0.002%  99.995% 
[   20000,   25000 )    1078   0.002%  99.997% 
[   25000,   30000 )     450   0.001%  99.998% 
[   30000,   35000 )     195   0.000%  99.998% 
[   35000,   40000 )     204   0.000%  99.998% 
[   40000,   45000 )     243   0.000%  99.999% 
[   45000,   50000 )     147   0.000%  99.999% 
[   50000,   60000 )     119   0.000%  99.999% 
[   60000,   70000 )      72   0.000% 100.000% 
[   70000,   80000 )      27   0.000% 100.000% 
[   80000,   90000 )      28   0.000% 100.000% 
[   90000,  100000 )       8   0.000% 100.000% 
[  100000,  120000 )      12   0.000% 100.000% 
[  120000,  140000 )       7   0.000% 100.000% 
[  140000,  160000 )       9   0.000% 100.000% 
[  160000,  180000 )       5   0.000% 100.000% 
[  180000,  200000 )       2   0.000% 100.000% 
[  200000,  250000 )      20   0.000% 100.000% 
[  300000,  350000 )      59   0.000% 100.000% 
[  350000,  400000 )      37   0.000% 100.000% 

Read info: 
Count: 50000000  Average: 266.3015  StdDev: 1018.52
Percentiles(us): P50: 165.45 P90: 294.33 P99: 1358.21 P99.9: 12917.59 P99.99: 16939.96
------------------------------------------------------
[      35,      40 )       8   0.000%   0.000% 
[      40,      45 )     707   0.001%   0.001% 
[      45,      50 )    5786   0.012%   0.013% 
[      50,      60 )   11119   0.022%   0.035% 
[      60,      70 )    1373   0.003%   0.038% 
[      70,      80 )    2981   0.006%   0.044% 
[      80,      90 )    7430   0.015%   0.059% 
[      90,     100 )    3184   0.006%   0.065% 
[     100,     120 ) 1100981   2.202%   2.267% 
[     120,     140 ) 11553763  23.108%  25.375% #####
[     140,     160 ) 10040558  20.081%  45.456% ####
[     160,     180 ) 8333985  16.668%  62.124% ###
[     180,     200 ) 5594018  11.188%  73.312% ##
[     200,     250 ) 5918515  11.837%  85.149% ##
[     250,     300 ) 2735608   5.471%  90.620% #
[     300,     350 ) 1552682   3.105%  93.725% #
[     350,     400 )  980354   1.961%  95.686% 
[     400,     450 )  586963   1.174%  96.860% 
[     450,     500 )  329975   0.660%  97.520% 
[     500,     600 )  359704   0.719%  98.239% 
[     600,     700 )  158187   0.316%  98.556% 
[     700,     800 )   81055   0.162%  98.718% 
[     800,     900 )   46687   0.093%  98.811% 
[     900,    1000 )   30889   0.062%  98.873% 
[    1000,    1200 )   40993   0.082%  98.955% 
[    1200,    1400 )   28437   0.057%  99.012% 
[    1400,    1600 )   21412   0.043%  99.055% 
[    1600,    1800 )   17568   0.035%  99.090% 
[    1800,    2000 )   14399   0.029%  99.119% 
[    2000,    2500 )   27097   0.054%  99.173% 
[    2500,    3000 )   19904   0.040%  99.213% 
[    3000,    3500 )   15244   0.030%  99.243% 
[    3500,    4000 )   12156   0.024%  99.267% 
[    4000,    4500 )   11869   0.024%  99.291% 
[    4500,    5000 )   12042   0.024%  99.315% 
[    5000,    6000 )   25836   0.052%  99.367% 
[    6000,    7000 )   31450   0.063%  99.430% 
[    7000,    8000 )   37987   0.076%  99.506% 
[    8000,    9000 )   39182   0.078%  99.584% 
[    9000,   10000 )   44546   0.089%  99.673% 
[   10000,   12000 )   88619   0.177%  99.851% 
[   12000,   14000 )   53939   0.108%  99.958% 
[   14000,   16000 )   14626   0.029%  99.988% 
[   16000,   18000 )    2515   0.005%  99.993% 
[   18000,   20000 )     945   0.002%  99.995% 
[   20000,   25000 )    1078   0.002%  99.997% 
[   25000,   30000 )     450   0.001%  99.998% 
[   30000,   35000 )     195   0.000%  99.998% 
[   35000,   40000 )     204   0.000%  99.998% 
[   40000,   45000 )     243   0.000%  99.999% 
[   45000,   50000 )     147   0.000%  99.999% 
[   50000,   60000 )     119   0.000%  99.999% 
[   60000,   70000 )      72   0.000% 100.000% 
[   70000,   80000 )      27   0.000% 100.000% 
[   80000,   90000 )      28   0.000% 100.000% 
[   90000,  100000 )       8   0.000% 100.000% 
[  100000,  120000 )      12   0.000% 100.000% 
[  120000,  140000 )       7   0.000% 100.000% 
[  140000,  160000 )       9   0.000% 100.000% 
[  160000,  180000 )       5   0.000% 100.000% 
[  180000,  200000 )       2   0.000% 100.000% 
[  200000,  250000 )      20   0.000% 100.000% 
[  300000,  350000 )      59   0.000% 100.000% 
[  350000,  400000 )      37   0.000% 100.000% 

Write info: 
Count: 0  Average: 0.0000  StdDev: 0.00
Percentiles(us): P50: -nan P90: -nan P99: -nan P99.9: -nan P99.99: -nan
------------------------------------------------------


