
nofdb	workloads/workloadg_uniform.spec	32
# Load duration (sec): 380.309
# Loading records:	50000000
# Load throughput (KOPS): 131.472
Count: 50000000  Average: 242.6753  StdDev: 1803.60
Percentiles(us): P50: 204.99 P90: 354.84 P99: 700.06 P99.9: 4022.49 P99.99: 30724.57
------------------------------------------------------
[      50,      60 )      13   0.000%   0.000% 
[      60,      70 )    1335   0.003%   0.003% 
[      70,      80 )    9956   0.020%   0.023% 
[      80,      90 )   16400   0.033%   0.055% 
[      90,     100 )   92723   0.185%   0.241% 
[     100,     120 ) 12204344  24.409%  24.650% #####
[     120,     140 ) 2259102   4.518%  29.168% #
[     140,     160 ) 4324091   8.648%  37.816% ##
[     160,     180 ) 3070419   6.141%  43.957% #
[     180,     200 ) 1879843   3.760%  47.716% #
[     200,     250 ) 11445706  22.891%  70.608% #####
[     250,     300 ) 6411406  12.823%  83.431% ###
[     300,     350 ) 3115061   6.230%  89.661% #
[     350,     400 ) 1751189   3.502%  93.163% #
[     400,     450 ) 1010885   2.022%  95.185% 
[     450,     500 )  783515   1.567%  96.752% 
[     500,     600 )  753234   1.506%  98.258% 
[     600,     700 )  370650   0.741%  99.000% 
[     700,     800 )  213232   0.426%  99.426% 
[     800,     900 )  111459   0.223%  99.649% 
[     900,    1000 )   55777   0.112%  99.761% 
[    1000,    1200 )   42125   0.084%  99.845% 
[    1200,    1400 )   14423   0.029%  99.874% 
[    1400,    1600 )    5242   0.010%  99.884% 
[    1600,    1800 )    2304   0.005%  99.889% 
[    1800,    2000 )    1187   0.002%  99.891% 
[    2000,    2500 )    1668   0.003%  99.895% 
[    2500,    3000 )    1084   0.002%  99.897% 
[    3000,    3500 )     897   0.002%  99.899% 
[    3500,    4000 )     700   0.001%  99.900% 
[    4000,    4500 )     667   0.001%  99.901% 
[    4500,    5000 )     707   0.001%  99.903% 
[    5000,    6000 )    1944   0.004%  99.907% 
[    6000,    7000 )    3333   0.007%  99.913% 
[    7000,    8000 )    2551   0.005%  99.918% 
[    8000,    9000 )    1936   0.004%  99.922% 
[    9000,   10000 )    4013   0.008%  99.930% 
[   10000,   12000 )    9130   0.018%  99.949% 
[   12000,   14000 )    2033   0.004%  99.953% 
[   14000,   16000 )    1600   0.003%  99.956% 
[   16000,   18000 )    1603   0.003%  99.959% 
[   18000,   20000 )    1697   0.003%  99.962% 
[   20000,   25000 )   10424   0.021%  99.983% 
[   25000,   30000 )    3231   0.006%  99.990% 
[   30000,   35000 )    1111   0.002%  99.992% 
[   35000,   40000 )     493   0.001%  99.993% 
[   40000,   45000 )     184   0.000%  99.993% 
[   45000,   50000 )     539   0.001%  99.994% 
[   50000,   60000 )     540   0.001%  99.995% 
[   60000,   70000 )     308   0.001%  99.996% 
[   70000,   80000 )     332   0.001%  99.997% 
[   80000,   90000 )     482   0.001%  99.998% 
[   90000,  100000 )     250   0.001%  99.998% 
[  100000,  120000 )     332   0.001%  99.999% 
[  120000,  140000 )      44   0.000%  99.999% 
[  140000,  160000 )      96   0.000%  99.999% 
[  160000,  180000 )       4   0.000%  99.999% 
[  180000,  200000 )      34   0.000%  99.999% 
[  200000,  250000 )      60   0.000%  99.999% 
[  250000,  300000 )      32   0.000%  99.999% 
[  300000,  350000 )      64   0.000%  99.999% 
[  350000,  400000 )      30   0.000% 100.000% 
[  400000,  450000 )      35   0.000% 100.000% 
[  450000,  500000 )      63   0.000% 100.000% 
[  500000,  600000 )      64   0.000% 100.000% 
[  900000, 1000000 )       2   0.000% 100.000% 
[ 1000000, 1200000 )      62   0.000% 100.000% 


# Run duration (sec): 380.12
# Run operations:	50000000
# Run throughput (KOPS): 131.537
Count: 50000000  Average: 242.2243  StdDev: 1440.63
Percentiles(us): P50: 204.66 P90: 351.29 P99: 688.17 P99.9: 1770.82 P99.99: 54777.17
------------------------------------------------------
[      50,      60 )       7   0.000%   0.000% 
[      60,      70 )    1062   0.002%   0.002% 
[      70,      80 )    9191   0.018%   0.021% 
[      80,      90 )   15976   0.032%   0.052% 
[      90,     100 )   59102   0.118%   0.171% 
[     100,     120 ) 12039741  24.079%  24.250% #####
[     120,     140 ) 2389710   4.779%  29.030% #
[     140,     160 ) 4499371   8.999%  38.028% ##
[     160,     180 ) 3101776   6.204%  44.232% #
[     180,     200 ) 1820960   3.642%  47.874% #
[     200,     250 ) 11410500  22.821%  70.695% #####
[     250,     300 ) 6584667  13.169%  83.864% ###
[     300,     350 ) 3022665   6.045%  89.909% #
[     350,     400 ) 1755095   3.510%  93.420% #
[     400,     450 )  983332   1.967%  95.386% 
[     450,     500 )  776413   1.553%  96.939% 
[     500,     600 )  715908   1.432%  98.371% 
[     600,     700 )  356722   0.713%  99.084% 
[     700,     800 )  202305   0.405%  99.489% 
[     800,     900 )  102811   0.206%  99.695% 
[     900,    1000 )   49309   0.099%  99.793% 
[    1000,    1200 )   35935   0.072%  99.865% 
[    1200,    1400 )   12174   0.024%  99.889% 
[    1400,    1600 )    3910   0.008%  99.897% 
[    1600,    1800 )    1590   0.003%  99.900% 
[    1800,    2000 )     772   0.002%  99.902% 
[    2000,    2500 )     919   0.002%  99.904% 
[    2500,    3000 )     553   0.001%  99.905% 
[    3000,    3500 )     390   0.001%  99.906% 
[    3500,    4000 )     371   0.001%  99.906% 
[    4000,    4500 )     322   0.001%  99.907% 
[    4500,    5000 )     392   0.001%  99.908% 
[    5000,    6000 )    1455   0.003%  99.911% 
[    6000,    7000 )    4313   0.009%  99.919% 
[    7000,    8000 )    3679   0.007%  99.927% 
[    8000,    9000 )    1659   0.003%  99.930% 
[    9000,   10000 )    2471   0.005%  99.935% 
[   10000,   12000 )    4886   0.010%  99.945% 
[   12000,   14000 )    1138   0.002%  99.947% 
[   14000,   16000 )    1073   0.002%  99.949% 
[   16000,   18000 )    1311   0.003%  99.952% 
[   18000,   20000 )    1655   0.003%  99.955% 
[   20000,   25000 )   10200   0.020%  99.976% 
[   25000,   30000 )    3326   0.007%  99.982% 
[   30000,   35000 )    1378   0.003%  99.985% 
[   35000,   40000 )     590   0.001%  99.986% 
[   40000,   45000 )     622   0.001%  99.987% 
[   45000,   50000 )     682   0.001%  99.989% 
[   50000,   60000 )    1279   0.003%  99.991% 
[   60000,   70000 )    1694   0.003%  99.995% 
[   70000,   80000 )     750   0.002%  99.996% 
[   80000,   90000 )     533   0.001%  99.997% 
[   90000,  100000 )     621   0.001%  99.999% 
[  100000,  120000 )     322   0.001%  99.999% 
[  120000,  140000 )     251   0.001% 100.000% 
[  140000,  160000 )      65   0.000% 100.000% 
[  160000,  180000 )       1   0.000% 100.000% 
[  180000,  200000 )      31   0.000% 100.000% 
[  200000,  250000 )      32   0.000% 100.000% 
[ 1200000, 1400000 )      32   0.000% 100.000% 

Read info: 
Count: 0  Average: 0.0000  StdDev: 0.00
Percentiles(us): P50: -nan P90: -nan P99: -nan P99.9: -nan P99.99: -nan
------------------------------------------------------

Write info: 
Count: 50000000  Average: 242.2243  StdDev: 1440.63
Percentiles(us): P50: 204.66 P90: 351.29 P99: 688.17 P99.9: 1770.82 P99.99: 54777.17
------------------------------------------------------
[      50,      60 )       7   0.000%   0.000% 
[      60,      70 )    1062   0.002%   0.002% 
[      70,      80 )    9191   0.018%   0.021% 
[      80,      90 )   15976   0.032%   0.052% 
[      90,     100 )   59102   0.118%   0.171% 
[     100,     120 ) 12039741  24.079%  24.250% #####
[     120,     140 ) 2389710   4.779%  29.030% #
[     140,     160 ) 4499371   8.999%  38.028% ##
[     160,     180 ) 3101776   6.204%  44.232% #
[     180,     200 ) 1820960   3.642%  47.874% #
[     200,     250 ) 11410500  22.821%  70.695% #####
[     250,     300 ) 6584667  13.169%  83.864% ###
[     300,     350 ) 3022665   6.045%  89.909% #
[     350,     400 ) 1755095   3.510%  93.420% #
[     400,     450 )  983332   1.967%  95.386% 
[     450,     500 )  776413   1.553%  96.939% 
[     500,     600 )  715908   1.432%  98.371% 
[     600,     700 )  356722   0.713%  99.084% 
[     700,     800 )  202305   0.405%  99.489% 
[     800,     900 )  102811   0.206%  99.695% 
[     900,    1000 )   49309   0.099%  99.793% 
[    1000,    1200 )   35935   0.072%  99.865% 
[    1200,    1400 )   12174   0.024%  99.889% 
[    1400,    1600 )    3910   0.008%  99.897% 
[    1600,    1800 )    1590   0.003%  99.900% 
[    1800,    2000 )     772   0.002%  99.902% 
[    2000,    2500 )     919   0.002%  99.904% 
[    2500,    3000 )     553   0.001%  99.905% 
[    3000,    3500 )     390   0.001%  99.906% 
[    3500,    4000 )     371   0.001%  99.906% 
[    4000,    4500 )     322   0.001%  99.907% 
[    4500,    5000 )     392   0.001%  99.908% 
[    5000,    6000 )    1455   0.003%  99.911% 
[    6000,    7000 )    4313   0.009%  99.919% 
[    7000,    8000 )    3679   0.007%  99.927% 
[    8000,    9000 )    1659   0.003%  99.930% 
[    9000,   10000 )    2471   0.005%  99.935% 
[   10000,   12000 )    4886   0.010%  99.945% 
[   12000,   14000 )    1138   0.002%  99.947% 
[   14000,   16000 )    1073   0.002%  99.949% 
[   16000,   18000 )    1311   0.003%  99.952% 
[   18000,   20000 )    1655   0.003%  99.955% 
[   20000,   25000 )   10200   0.020%  99.976% 
[   25000,   30000 )    3326   0.007%  99.982% 
[   30000,   35000 )    1378   0.003%  99.985% 
[   35000,   40000 )     590   0.001%  99.986% 
[   40000,   45000 )     622   0.001%  99.987% 
[   45000,   50000 )     682   0.001%  99.989% 
[   50000,   60000 )    1279   0.003%  99.991% 
[   60000,   70000 )    1694   0.003%  99.995% 
[   70000,   80000 )     750   0.002%  99.996% 
[   80000,   90000 )     533   0.001%  99.997% 
[   90000,  100000 )     621   0.001%  99.999% 
[  100000,  120000 )     322   0.001%  99.999% 
[  120000,  140000 )     251   0.001% 100.000% 
[  140000,  160000 )      65   0.000% 100.000% 
[  160000,  180000 )       1   0.000% 100.000% 
[  180000,  200000 )      31   0.000% 100.000% 
[  200000,  250000 )      32   0.000% 100.000% 
[ 1200000, 1400000 )      32   0.000% 100.000% 


