
nofdb	workloads/workloadc_zipfian.spec	32
# Load duration (sec): 384.076
# Loading records:	50000000
# Load throughput (KOPS): 130.183
Count: 50000000  Average: 244.3964  StdDev: 1528.43
Percentiles(us): P50: 205.78 P90: 362.67 P99: 750.77 P99.9: 3955.68 P99.99: 32295.08
------------------------------------------------------
[      50,      60 )      26   0.000%   0.000% 
[      60,      70 )    2267   0.005%   0.005% 
[      70,      80 )   11146   0.022%   0.027% 
[      80,      90 )   16562   0.033%   0.060% 
[      90,     100 )  296395   0.593%   0.653% 
[     100,     120 ) 12059663  24.119%  24.772% #####
[     120,     140 ) 2304538   4.609%  29.381% #
[     140,     160 ) 4483839   8.968%  38.349% ##
[     160,     180 ) 2763755   5.528%  43.876% #
[     180,     200 ) 1743802   3.488%  47.364% #
[     200,     250 ) 11404695  22.809%  70.173% #####
[     250,     300 ) 6455984  12.912%  83.085% ###
[     300,     350 ) 3011295   6.023%  89.108% #
[     350,     400 ) 1760377   3.521%  92.629% #
[     400,     450 ) 1035814   2.072%  94.700% 
[     450,     500 )  800313   1.601%  96.301% 
[     500,     600 )  806851   1.614%  97.915% 
[     600,     700 )  419627   0.839%  98.754% 
[     700,     800 )  242391   0.485%  99.239% 
[     800,     900 )  135286   0.271%  99.509% 
[     900,    1000 )   74319   0.149%  99.658% 
[    1000,    1200 )   68159   0.136%  99.794% 
[    1200,    1400 )   27276   0.055%  99.849% 
[    1400,    1600 )   11821   0.024%  99.872% 
[    1600,    1800 )    5675   0.011%  99.884% 
[    1800,    2000 )    2773   0.006%  99.889% 
[    2000,    2500 )    3021   0.006%  99.895% 
[    2500,    3000 )    1250   0.003%  99.898% 
[    3000,    3500 )     679   0.001%  99.899% 
[    3500,    4000 )     440   0.001%  99.900% 
[    4000,    4500 )     433   0.001%  99.901% 
[    4500,    5000 )     412   0.001%  99.902% 
[    5000,    6000 )    1451   0.003%  99.905% 
[    6000,    7000 )    2713   0.005%  99.910% 
[    7000,    8000 )    1575   0.003%  99.913% 
[    8000,    9000 )    2888   0.006%  99.919% 
[    9000,   10000 )    5384   0.011%  99.930% 
[   10000,   12000 )    8843   0.018%  99.947% 
[   12000,   14000 )    2717   0.005%  99.953% 
[   14000,   16000 )    1520   0.003%  99.956% 
[   16000,   18000 )    1725   0.003%  99.959% 
[   18000,   20000 )    1731   0.003%  99.963% 
[   20000,   25000 )    7047   0.014%  99.977% 
[   25000,   30000 )    5794   0.012%  99.989% 
[   30000,   35000 )    1586   0.003%  99.992% 
[   35000,   40000 )     626   0.001%  99.993% 
[   40000,   45000 )     468   0.001%  99.994% 
[   45000,   50000 )     696   0.001%  99.995% 
[   50000,   60000 )     524   0.001%  99.996% 
[   60000,   70000 )     499   0.001%  99.997% 
[   70000,   80000 )     208   0.000%  99.998% 
[   80000,   90000 )     182   0.000%  99.998% 
[   90000,  100000 )      75   0.000%  99.998% 
[  100000,  120000 )     188   0.000%  99.999% 
[  120000,  140000 )     163   0.000%  99.999% 
[  140000,  160000 )       1   0.000%  99.999% 
[  160000,  180000 )      30   0.000%  99.999% 
[  180000,  200000 )      35   0.000%  99.999% 
[  200000,  250000 )     127   0.000%  99.999% 
[  250000,  300000 )      32   0.000%  99.999% 
[  300000,  350000 )      32   0.000%  99.999% 
[  350000,  400000 )      64   0.000% 100.000% 
[  400000,  450000 )      32   0.000% 100.000% 
[  450000,  500000 )      32   0.000% 100.000% 
[  500000,  600000 )      75   0.000% 100.000% 
[  600000,  700000 )      21   0.000% 100.000% 
[  700000,  800000 )      32   0.000% 100.000% 


# Run duration (sec): 332.597
# Run operations:	50000000
# Run throughput (KOPS): 150.332
Count: 50000000  Average: 211.1824  StdDev: 712.64
Percentiles(us): P50: 163.95 P90: 324.38 P99: 739.09 P99.9: 3033.80 P99.99: 16011.24
------------------------------------------------------
[      35,      40 )      29   0.000%   0.000% 
[      40,      45 )    1899   0.004%   0.004% 
[      45,      50 )    5226   0.010%   0.014% 
[      50,      60 )    6626   0.013%   0.028% 
[      60,      70 )    1762   0.004%   0.031% 
[      70,      80 )  147652   0.295%   0.326% 
[      80,      90 )  909321   1.819%   2.145% 
[      90,     100 )  544019   1.088%   3.233% 
[     100,     120 ) 1927418   3.855%   7.088% #
[     120,     140 ) 11351430  22.703%  29.791% #####
[     140,     160 ) 8799278  17.599%  47.389% ####
[     160,     180 ) 6614738  13.229%  60.619% ###
[     180,     200 ) 4791432   9.583%  70.202% ##
[     200,     250 ) 6016370  12.033%  82.234% ##
[     250,     300 ) 2985434   5.971%  88.205% #
[     300,     350 ) 1840196   3.680%  91.886% #
[     350,     400 ) 1197168   2.394%  94.280% 
[     400,     450 )  784379   1.569%  95.849% 
[     450,     500 )  519274   1.039%  96.887% 
[     500,     600 )  633778   1.268%  98.155% 
[     600,     700 )  344138   0.688%  98.843% 
[     700,     800 )  200647   0.401%  99.244% 
[     800,     900 )  119798   0.240%  99.484% 
[     900,    1000 )   72738   0.145%  99.629% 
[    1000,    1200 )   71464   0.143%  99.772% 
[    1200,    1400 )   27513   0.055%  99.827% 
[    1400,    1600 )   11984   0.024%  99.851% 
[    1600,    1800 )    6353   0.013%  99.864% 
[    1800,    2000 )    4276   0.009%  99.873% 
[    2000,    2500 )    7586   0.015%  99.888% 
[    2500,    3000 )    5754   0.012%  99.899% 
[    3000,    3500 )    4734   0.009%  99.909% 
[    3500,    4000 )    4344   0.009%  99.918% 
[    4000,    4500 )    3715   0.007%  99.925% 
[    4500,    5000 )    2983   0.006%  99.931% 
[    5000,    6000 )    4176   0.008%  99.939% 
[    6000,    7000 )    2507   0.005%  99.944% 
[    7000,    8000 )    1839   0.004%  99.948% 
[    8000,    9000 )    1545   0.003%  99.951% 
[    9000,   10000 )    1683   0.003%  99.954% 
[   10000,   12000 )    6354   0.013%  99.967% 
[   12000,   14000 )    4708   0.009%  99.977% 
[   14000,   16000 )    6718   0.013%  99.990% 
[   16000,   18000 )    2492   0.005%  99.995% 
[   18000,   20000 )     586   0.001%  99.996% 
[   20000,   25000 )     672   0.001%  99.997% 
[   25000,   30000 )     365   0.001%  99.998% 
[   30000,   35000 )     311   0.001%  99.999% 
[   35000,   40000 )     127   0.000%  99.999% 
[   40000,   45000 )      75   0.000%  99.999% 
[   45000,   50000 )      54   0.000%  99.999% 
[   50000,   60000 )      85   0.000% 100.000% 
[   60000,   70000 )      27   0.000% 100.000% 
[   70000,   80000 )      14   0.000% 100.000% 
[   80000,   90000 )       6   0.000% 100.000% 
[   90000,  100000 )       8   0.000% 100.000% 
[  100000,  120000 )      11   0.000% 100.000% 
[  120000,  140000 )      15   0.000% 100.000% 
[  140000,  160000 )       6   0.000% 100.000% 
[  160000,  180000 )      37   0.000% 100.000% 
[  180000,  200000 )      15   0.000% 100.000% 
[  200000,  250000 )      12   0.000% 100.000% 
[  300000,  350000 )      32   0.000% 100.000% 
[  400000,  450000 )      64   0.000% 100.000% 

Read info: 
Count: 50000000  Average: 211.1824  StdDev: 712.64
Percentiles(us): P50: 163.95 P90: 324.38 P99: 739.09 P99.9: 3033.80 P99.99: 16011.24
------------------------------------------------------
[      35,      40 )      29   0.000%   0.000% 
[      40,      45 )    1899   0.004%   0.004% 
[      45,      50 )    5226   0.010%   0.014% 
[      50,      60 )    6626   0.013%   0.028% 
[      60,      70 )    1762   0.004%   0.031% 
[      70,      80 )  147652   0.295%   0.326% 
[      80,      90 )  909321   1.819%   2.145% 
[      90,     100 )  544019   1.088%   3.233% 
[     100,     120 ) 1927418   3.855%   7.088% #
[     120,     140 ) 11351430  22.703%  29.791% #####
[     140,     160 ) 8799278  17.599%  47.389% ####
[     160,     180 ) 6614738  13.229%  60.619% ###
[     180,     200 ) 4791432   9.583%  70.202% ##
[     200,     250 ) 6016370  12.033%  82.234% ##
[     250,     300 ) 2985434   5.971%  88.205% #
[     300,     350 ) 1840196   3.680%  91.886% #
[     350,     400 ) 1197168   2.394%  94.280% 
[     400,     450 )  784379   1.569%  95.849% 
[     450,     500 )  519274   1.039%  96.887% 
[     500,     600 )  633778   1.268%  98.155% 
[     600,     700 )  344138   0.688%  98.843% 
[     700,     800 )  200647   0.401%  99.244% 
[     800,     900 )  119798   0.240%  99.484% 
[     900,    1000 )   72738   0.145%  99.629% 
[    1000,    1200 )   71464   0.143%  99.772% 
[    1200,    1400 )   27513   0.055%  99.827% 
[    1400,    1600 )   11984   0.024%  99.851% 
[    1600,    1800 )    6353   0.013%  99.864% 
[    1800,    2000 )    4276   0.009%  99.873% 
[    2000,    2500 )    7586   0.015%  99.888% 
[    2500,    3000 )    5754   0.012%  99.899% 
[    3000,    3500 )    4734   0.009%  99.909% 
[    3500,    4000 )    4344   0.009%  99.918% 
[    4000,    4500 )    3715   0.007%  99.925% 
[    4500,    5000 )    2983   0.006%  99.931% 
[    5000,    6000 )    4176   0.008%  99.939% 
[    6000,    7000 )    2507   0.005%  99.944% 
[    7000,    8000 )    1839   0.004%  99.948% 
[    8000,    9000 )    1545   0.003%  99.951% 
[    9000,   10000 )    1683   0.003%  99.954% 
[   10000,   12000 )    6354   0.013%  99.967% 
[   12000,   14000 )    4708   0.009%  99.977% 
[   14000,   16000 )    6718   0.013%  99.990% 
[   16000,   18000 )    2492   0.005%  99.995% 
[   18000,   20000 )     586   0.001%  99.996% 
[   20000,   25000 )     672   0.001%  99.997% 
[   25000,   30000 )     365   0.001%  99.998% 
[   30000,   35000 )     311   0.001%  99.999% 
[   35000,   40000 )     127   0.000%  99.999% 
[   40000,   45000 )      75   0.000%  99.999% 
[   45000,   50000 )      54   0.000%  99.999% 
[   50000,   60000 )      85   0.000% 100.000% 
[   60000,   70000 )      27   0.000% 100.000% 
[   70000,   80000 )      14   0.000% 100.000% 
[   80000,   90000 )       6   0.000% 100.000% 
[   90000,  100000 )       8   0.000% 100.000% 
[  100000,  120000 )      11   0.000% 100.000% 
[  120000,  140000 )      15   0.000% 100.000% 
[  140000,  160000 )       6   0.000% 100.000% 
[  160000,  180000 )      37   0.000% 100.000% 
[  180000,  200000 )      15   0.000% 100.000% 
[  200000,  250000 )      12   0.000% 100.000% 
[  300000,  350000 )      32   0.000% 100.000% 
[  400000,  450000 )      64   0.000% 100.000% 

Write info: 
Count: 0  Average: 0.0000  StdDev: 0.00
Percentiles(us): P50: -nan P90: -nan P99: -nan P99.9: -nan P99.99: -nan
------------------------------------------------------


