263.9
262.6
260.6
259.6
258.5
257.5
256.4
255.4
254.3
252.3
251.1
250.1
249.1
248
246.6
245.6
244.5
243.5
242.4
241.3
240.3
239.2
238.2
237.1
237
235.9
234.9
233.8
232.7
231.8
231.7
230.7
229.6
228.5
227.4
227.4
226.3
225.3
224.3
224.3
223.1
222.1
222.1
221.1
219.9
218.9
218.9
217.8
216.8
216.8
215.7
215.7
214.6
213.6
213.5
212.5
211.4
211.4
210.3
210.4
209.3
209.3
208.2
207.1
207.2
206.1
206
205.1
205
203.9
204
202.7
201.7
201.6
200.7
200.6
199.6
199.5
198.5
198.5
198.4
197.9
197.4
196.9
196.4
196
195.5
195
194.5
194.1
193.6
193.1
192.7
192.2
191.8
191.4
190.9
190.4
190
189.6
189.2
188.8
188.4
188
187.6
187.1
186.7
186.3
185.9
185.5
185.2
184.7
184.4
184
183.7
183.2
182.9
182.5
182.2
181.8
181.4
181.1
180.7
180.3
180
