[OVERALL], RunTime(ms), 29938
[OVERALL], Throughput(ops/sec), 33402.36488743403
[TOTAL_GCS_PS_Scavenge], Count, 1
[TOTAL_GC_TIME_PS_Scavenge], Time(ms), 42
[TOTAL_GC_TIME_%_PS_Scavenge], Time(%), 0.14028993252722294
[TOTAL_GCS_PS_MarkSweep], Count, 0
[TOTAL_GC_TIME_PS_MarkSweep], Time(ms), 0
[TOTAL_GC_TIME_%_PS_MarkSweep], Time(%), 0.0
[TOTAL_GCs], Count, 1
[TOTAL_GC_TIME], Time(ms), 42
[TOTAL_GC_TIME_%], Time(%), 0.14028993252722294
[READ], Operations, 57734
[READ], AverageLatency(us), 593.1072678144594
[READ], MinLatency(us), 82
[READ], MaxLatency(us), 89855
[READ], 95thPercentileLatency(us), 1337
[READ], 99thPercentileLatency(us), 1591
[READ], Return=OK, 57734
[CLEANUP], Operations, 32
[CLEANUP], AverageLatency(us), 70049.375
[CLEANUP], MinLatency(us), 0
[CLEANUP], MaxLatency(us), 2242559
[CLEANUP], 95thPercentileLatency(us), 11
[CLEANUP], 99thPercentileLatency(us), 2242559
[INSERT], Operations, 942266
[INSERT], AverageLatency(us), 876.6453634111812
[INSERT], MinLatency(us), 170
[INSERT], MaxLatency(us), 90687
[INSERT], 95thPercentileLatency(us), 1466
[INSERT], 99thPercentileLatency(us), 1668
[INSERT], Return=OK, 942266
