[OVERALL], RunTime(ms), 21496
[OVERALL], Throughput(ops/sec), 46520.282843319685
[TOTAL_GCS_PS_Scavenge], Count, 2
[TOTAL_GC_TIME_PS_Scavenge], Time(ms), 76
[TOTAL_GC_TIME_%_PS_Scavenge], Time(%), 0.35355414960922965
[TOTAL_GCS_PS_MarkSweep], Count, 0
[TOTAL_GC_TIME_PS_MarkSweep], Time(ms), 0
[TOTAL_GC_TIME_%_PS_MarkSweep], Time(%), 0.0
[TOTAL_GCs], Count, 2
[TOTAL_GC_TIME], Time(ms), 76
[TOTAL_GC_TIME_%], Time(%), 0.35355414960922965
[READ], Operations, 1006
[READ], AverageLatency(us), 638.3151093439363
[READ], MinLatency(us), 245
[READ], MaxLatency(us), 36735
[READ], 95thPercentileLatency(us), 1029
[READ], 99thPercentileLatency(us), 1480
[READ], Return=OK, 1006
[CLEANUP], Operations, 32
[CLEANUP], AverageLatency(us), 69985.6875
[CLEANUP], MinLatency(us), 0
[CLEANUP], MaxLatency(us), 2240511
[CLEANUP], 95thPercentileLatency(us), 20
[CLEANUP], 99thPercentileLatency(us), 2240511
[INSERT], Operations, 4
[INSERT], AverageLatency(us), 18692.0
[INSERT], MinLatency(us), 18416
[INSERT], MaxLatency(us), 19167
[INSERT], 95thPercentileLatency(us), 19167
[INSERT], 99thPercentileLatency(us), 19167
[INSERT], Return=OK, 4
[INSERT], Return=ERROR, 998990
[INSERT-FAILED], Operations, 998990
[INSERT-FAILED], AverageLatency(us), 592.8000440444849
[INSERT-FAILED], MinLatency(us), 168
[INSERT-FAILED], MaxLatency(us), 66175
[INSERT-FAILED], 95thPercentileLatency(us), 924
[INSERT-FAILED], 99thPercentileLatency(us), 1185
