[OVERALL], RunTime(ms), 201837
[OVERALL], Throughput(ops/sec), 4954.492981960691
[TOTAL_GCS_PS_Scavenge], Count, 5
[TOTAL_GC_TIME_PS_Scavenge], Time(ms), 556
[TOTAL_GC_TIME_%_PS_Scavenge], Time(%), 0.2754698097970144
[TOTAL_GCS_PS_MarkSweep], Count, 0
[TOTAL_GC_TIME_PS_MarkSweep], Time(ms), 0
[TOTAL_GC_TIME_%_PS_MarkSweep], Time(%), 0.0
[TOTAL_GCs], Count, 5
[TOTAL_GC_TIME], Time(ms), 556
[TOTAL_GC_TIME_%], Time(%), 0.2754698097970144
[CLEANUP], Operations, 32
[CLEANUP], AverageLatency(us), 74338.6875
[CLEANUP], MinLatency(us), 1
[CLEANUP], MaxLatency(us), 2379775
[CLEANUP], 95thPercentileLatency(us), 24
[CLEANUP], 99thPercentileLatency(us), 2379775
[INSERT], Operations, 1000000
[INSERT], AverageLatency(us), 1195.266091
[INSERT], MinLatency(us), 197
[INSERT], MaxLatency(us), 223231
[INSERT], 95thPercentileLatency(us), 2387
[INSERT], 99thPercentileLatency(us), 5047
[INSERT], Return=OK, 1000000
