[OVERALL], RunTime(ms), 187397
[OVERALL], Throughput(ops/sec), 5336.2647214203
[TOTAL_GCS_PS_Scavenge], Count, 5
[TOTAL_GC_TIME_PS_Scavenge], Time(ms), 341
[TOTAL_GC_TIME_%_PS_Scavenge], Time(%), 0.18196662700043226
[TOTAL_GCS_PS_MarkSweep], Count, 0
[TOTAL_GC_TIME_PS_MarkSweep], Time(ms), 0
[TOTAL_GC_TIME_%_PS_MarkSweep], Time(%), 0.0
[TOTAL_GCs], Count, 5
[TOTAL_GC_TIME], Time(ms), 341
[TOTAL_GC_TIME_%], Time(%), 0.18196662700043226
[READ], Operations, 617665
[READ], AverageLatency(us), 748.1551812066411
[READ], MinLatency(us), 86
[READ], MaxLatency(us), 121343
[READ], 95thPercentileLatency(us), 1566
[READ], 99thPercentileLatency(us), 2093
[READ], Return=OK, 617665
[CLEANUP], Operations, 32
[CLEANUP], AverageLatency(us), 71458.78125
[CLEANUP], MinLatency(us), 1
[CLEANUP], MaxLatency(us), 2287615
[CLEANUP], 95thPercentileLatency(us), 14
[CLEANUP], 99thPercentileLatency(us), 2287615
[INSERT], Operations, 382335
[INSERT], AverageLatency(us), 1786.1924542613153
[INSERT], MinLatency(us), 250
[INSERT], MaxLatency(us), 121471
[INSERT], 95thPercentileLatency(us), 4123
[INSERT], 99thPercentileLatency(us), 10575
[INSERT], Return=OK, 382335
