[OVERALL], RunTime(ms), 22424
[OVERALL], Throughput(ops/sec), 44595.07670353193
[TOTAL_GCS_PS_Scavenge], Count, 1
[TOTAL_GC_TIME_PS_Scavenge], Time(ms), 40
[TOTAL_GC_TIME_%_PS_Scavenge], Time(%), 0.17838030681412773
[TOTAL_GCS_PS_MarkSweep], Count, 0
[TOTAL_GC_TIME_PS_MarkSweep], Time(ms), 0
[TOTAL_GC_TIME_%_PS_MarkSweep], Time(%), 0.0
[TOTAL_GCs], Count, 1
[TOTAL_GC_TIME], Time(ms), 40
[TOTAL_GC_TIME_%], Time(%), 0.17838030681412773
[READ], Operations, 786208
[READ], AverageLatency(us), 543.6880049554317
[READ], MinLatency(us), 68
[READ], MaxLatency(us), 78911
[READ], 95thPercentileLatency(us), 1249
[READ], 99thPercentileLatency(us), 1504
[READ], Return=OK, 786208
[CLEANUP], Operations, 32
[CLEANUP], AverageLatency(us), 69858.40625
[CLEANUP], MinLatency(us), 1
[CLEANUP], MaxLatency(us), 2236415
[CLEANUP], 95thPercentileLatency(us), 43
[CLEANUP], 99thPercentileLatency(us), 2236415
[INSERT], Operations, 213792
[INSERT], AverageLatency(us), 916.0852510851669
[INSERT], MinLatency(us), 214
[INSERT], MaxLatency(us), 78975
[INSERT], 95thPercentileLatency(us), 1392
[INSERT], 99thPercentileLatency(us), 1617
[INSERT], Return=OK, 213792
