[OVERALL], RunTime(ms), 32911
[OVERALL], Throughput(ops/sec), 30384.977667041414
[TOTAL_GCS_PS_Scavenge], Count, 1
[TOTAL_GC_TIME_PS_Scavenge], Time(ms), 40
[TOTAL_GC_TIME_%_PS_Scavenge], Time(%), 0.12153991066816566
[TOTAL_GCS_PS_MarkSweep], Count, 0
[TOTAL_GC_TIME_PS_MarkSweep], Time(ms), 0
[TOTAL_GC_TIME_%_PS_MarkSweep], Time(%), 0.0
[TOTAL_GCs], Count, 1
[TOTAL_GC_TIME], Time(ms), 40
[TOTAL_GC_TIME_%], Time(%), 0.12153991066816566
[CLEANUP], Operations, 32
[CLEANUP], AverageLatency(us), 70177.5625
[CLEANUP], MinLatency(us), 0
[CLEANUP], MaxLatency(us), 2246655
[CLEANUP], 95thPercentileLatency(us), 20
[CLEANUP], 99thPercentileLatency(us), 2246655
[INSERT], Operations, 1000000
[INSERT], AverageLatency(us), 956.994541
[INSERT], MinLatency(us), 187
[INSERT], MaxLatency(us), 187263
[INSERT], 95thPercentileLatency(us), 1506
[INSERT], 99thPercentileLatency(us), 1735
[INSERT], Return=OK, 1000000
