11.6
107.3
136.2
166.9
174.4
187.2
199.5
203.7
213.9
218.5
225.3
230.4
235.2
239.3
243
245.9
249
252.5
254.2
257
258.4
260.2
261.2
262.7
263.1
264.2
265.5
266.5
267.5
267.5
268.7
269.9
270.9
272.9
273
274.2
275.2
276.3
278.3
278.6
279.8
280.2
281.2
282.9
284.1
284.3
284.2
284.3
284.5
285.5
285.5
285.5
285.3
286.3
287.3
288.4
288.4
288.5
288.4
289.4
290.4
290.6
290.7
290.7
290.7
291.7
291.6
291.8
291.8
291.7
292.7
293.7
294.7
294.8
294.8
295.8
296.8
296.8
297.8
297.9
298
298
299
300
301
302
302.1
302.1
303.1
303.9
304.9
305.3
306.3
304.8
304.9
305.9
306.5
306.6
308
308.4
0
