1172
1172
1171
1171
1171
1171
1170
1170
1169
1170
1169
1169
1168
1168
1168
1167
1167
1166
1167
1166
1166
1165
1166
1165
1165
1164
1165
1164
1164
1163
1164
1163
1163
1162
1163
1162
1162
1161
1161
1161
1161
1160
1160
1159
1160
1159
1159
1158
1159
1158
1158
1157
1158
1158
1157
1157
1156
1157
1156
1156
1155
1155
1155
1155
1154
1154
1154
1154
1153
1153
1153
1153
1152
1152
1152
1152
1152
1151
1151
1151
1151
1150
1150
1149
1150
1149
1149
1148
1148
1149
1148
1148
1147
1148
1147
1147
1146
1146
1147
1146
1146
1145
1146
1145
1145
1144
1144
1144
1144
1144
1143
1143
1143
1143
1142
1142
1143
1142
1142
1141
1141
1141
1141
1141
1140
1140
1140
1140
1139
1139
1138
1139
1139
1138
1138
1137
1138
1137
1137
1137
1136
1137
1136
1136
1136
1135
1136
1135
1135
1135
1134
1135
1134
1134
1133
1133
1134
1133
1133
1132
1132
1132
1132
1132
1131
1131
1130
1131
1131
1130
1130
1130
1130
1130
1129
1129
1128
1128
1129
1128
1128
1127
1128
1128
1127
1127
1126
1126
1127
1126
1126
1126
1125
1126
1125
1125
1125
1124
1124
1124
1124
1124
1123
1123
1123
1123
1123
1122
1122
1122
1122
1122
1121
1121
1121
1121
1121
1121
1120
1120
1119
1120
1120
1119
1119
1118
1118
1119
1118
1118
1118
1117
1117
1118
1117
1117
1116
1116
1117
1116
1116
1116
1115
1115
1114
1115
1115
1114
1114
1114
1113
1114
1114
1113
1113
1113
1112
1113
1113
1112
1112
1111
1111
1112
1111
1111
1111
1110
1110
1110
1110
1110
1110
1109
1109
1109
1109
1109
1108
1108
1108
1107
1108
1108
1107
1107
1107
1106
1106
1107
1106
1106
1106
1105
1105
1106
1105
1105
1105
1104
1104
1105
1104
1104
1104
1103
1103
1103
1103
1103
1103
1102
1102
1102
1101
1102
1102
1101
1101
1101
1100
1101
1101
1100
1100
1100
1099
1099
1100
1099
1099
1099
1098
1098
1098
1098
1098
1098
1097
1097
1097
1097
1097
1097
1097
1096
1096
1096
1095
1096
1096
1095
1095
1095
1094
1095
1095
1094
1094
1094
1094
1093
1093
1093
1093
1093
1093
1092
1092
1092
1092
1092
1092
1092
1091
1091
1091
1091
1091
1091
1090
1090
1090
1089
1089
1090
1090
1089
1089
1089
1088
1088
1089
1089
1088
1088
1088
1087
1087
1088
1087
1087
1087
1087
1086
1086
1086
1086
1086
1086
1085
1085
1085
1085
1084
1085
1085
1084
1084
1084
1084
1083
1084
1084
1083
1083
1083
1083
1082
1082
1083
1082
1082
1082
1082
1081
1081
1081
1081
1081
1081
1081
1080
1080
1080
1081
1080
1080
1080
1079
1079
1079
1079
1078
1079
1079
1078
1078
1078
1078
1077
1077
1078
1078
1077
1077
1077
1076
1076
1076
1077
1076
1076
1076
1076
1075
1075
1075
1075
1075
1075
1075
1074
1074
1074
1074
1074
1074
1074
1074
1073
1073
1073
1072
1072
1072
1073
1072
1072
1072
1072
1071
1071
1071
1072
1071
1071
1071
1071
1070
1070
1070
1071
1070
1070
1070
1069
1069
1069
1069
1068
1069
1069
1069
1068
1068
1068
1068
1067
1068
1068
1068
1067
1067
1067
1067
1066
1067
1067
1067
1066
1066
1066
1066
1065
1065
1066
1066
1065
1065
1065
1065
1064
1064
1064
1065
1064
1064
1064
1064
1063
1063
1063
1063
1063
1063
1063
1063
1062
1062
1062
1062
1063
1062
1062
1062
1062
1061
1061
1061
1062
1061
1061
1061
1061
1060
1060
1060
1060
1059
1060
1060
1060
1060
1059
1059
1059
1059
1059
1059
1059
1059
1058
1058
1058
1058
1057
1057
1058
1058
1058
1057
1057
1057
1057
1056
1056
1057
1057
1057
1056
1056
1056
1056
1055
1055
1056
1056
1056
1055
1055
1055
1055
1054
1054
1054
1055
1054
1054
1054
1054
1054
1053
1053
1053
1054
1053
1053
1053
1053
1053
1052
1052
1052
1052
1051
1052
1052
1052
1052
1051
1051
1051
1051
1050
1051
1051
1051
1051
1050
1050
1050
1050
1050
1049
1049
1050
1050
1049
1049
1049
1049
1049
1048
1048
1048
1049
1049
1048
1048
1048
1048
1047
1047
1047
1047
1048
1047
1047
1047
1047
1047
1046
1046
1046
1046
1046
1045
1046
1046
1046
1046
1045
1045
1045
1045
1044
1045
1045
1045
1045
1044
1044
1044
1044
1044
1043
1043
1043
1044
1044
1043
1043
1043
1043
1043
1042
1042
1042
1043
1043
1042
1042
1042
1042
1042
1041
1041
1041
1041
1041
1041
1041
1041
1041
1041
1040
1040
1040
1040
1040
1039
1040
1040
1040
1040
1039
1039
1039
1039
1039
1038
1038
1038
1039
1039
1038
1038
1038
1038
1038
1038
1037
1037
1038
1038
1038
1037
1037
1037
1037
1037
1036
1036
1036
1036
1037
1036
1036
1036
1036
1036
1036
1035
1035
1035
1035
1036
1035
1035
1035
1035
1035
1034
1034
1034
1034
1034
1034
1033
1034
1034
1034
1034
1033
1033
1033
1033
1033
1033
1032
1033
1033
1033
1033
1032
1032
1032
1032
1032
1031
1031
1031
1032
1032
1032
1031
1031
1031
1031
1031
1031
1030
1030
1030
1031
1030
1030
1030
1030
1030
1030
1030
1029
1029
1029
1029
1029
1029
1029
1029
1029
1029
1029
1028
1028
1028
1028
1028
1028
1027
1028
1028
1028
1028
1027
1027
1027
1027
1027
1027
1026
1026
1027
1027
1027
1027
1026
1026
1025
