16.2
291.1
524
638
705
750
746
775
799
818
835
849
864
874
883
890
898
906
917
923
927
917
921
924
927
931
934
937
940
942
945
946
948
952
956
960
953
955
955
958
958
960
961
963
963
963
965
965
967
970
966
968
970
971
971
972
974
973
974
975
976
976
976
977
979
974
977
979
980
982
983
983
984
985
984
985
984
986
986
983
984
985
986
987
988
990
992
993
993
992
992
992
992
994
991
991
992
993
994
994
995
997
998
998
1000
1000
1000
999
996
997
997
998
998
999
1000
1001
1002
1002
1003
1004
1004
1005
1004
1001
1001
1001
1001
1002
1003
1004
1004
1005
1005
1006
1007
1008
1009
1009
1006
1006
1006
1006
1007
1008
1009
1009
1010
1010
1010
1011
1011
1012
1010
1010
1010
1011
1011
1011
1011
1012
1012
1012
1013
1013
1014
1014
1014
1014
1015
1015
1015
1014
1014
1015
1015
1015
1016
1016
1016
1017
1017
1017
1017
1017
1018
1018
1018
1018
1018
1018
1019
1019
1019
1020
1020
1020
1020
1020
1020
1021
1021
1021
1021
1021
1022
1022
1022
1022
1023
1023
1023
1023
1023
1023
1024
1024
1024
1024
1024
1025
1025
1025
1025
1026
1026
1025
1026
1026
1026
1026
1027
1027
1026
1026
1026
1026
1027
1027
1027
1028
1027
1027
1027
1028
1028
1028
1028
1028
1029
1029
1029
1030
1030
1030
1030
1029
1029
1030
1030
1030
1030
1030
1030
1030
1030
1031
1031
1031
1031
1030
1030
1030
1031
1031
1031
1031
1031
1031
1032
1032
1032
1033
1033
1033
1032
1032
1032
1032
1032
1032
1032
1033
1033
1033
1033
1034
1034
1034
1034
1033
1033
1033
1033
1033
1034
1034
1034
1034
1034
1035
1035
1035
1036
1034
1034
1034
1034
1034
1034
1034
1036
1036
1036
1036
1036
1036
1036
1037
1035
1035
1035
1035
1035
1035
1036
1037
1037
1037
1037
1037
1037
1038
1036
1036
1036
1036
1036
1036
1036
1037
1037
1038
1038
1038
1038
1038
1038
1036
1036
1036
1036
1038
1038
1038
1038
1038
1038
1038
1038
1038
1039
1039
1037
1037
1037
1038
1038
1038
1039
1039
1039
1039
1039
1039
1039
1039
1038
1038
1038
1038
1038
1040
1040
1040
1040
1040
1040
1040
1040
1040
1039
1039
1039
1040
1040
1040
1040
1040
1040
1041
1041
1041
1041
1041
1041
1041
1041
1041
1041
1041
1041
1041
1041
1042
1042
1042
1042
1042
1042
1042
1042
1042
1042
1042
1042
1042
1042
1042
1042
1043
1043
1044
1044
1044
1043
1043
1043
1043
1043
1043
1043
1043
1043
1043
1043
1044
1044
1044
1044
1044
1044
1044
1044
1044
1044
1044
1044
1044
1044
1044
1044
1044
1045
1044
1044
1044
1045
1045
1045
1045
1045
1045
1045
1045
1045
1045
1045
1045
1045
1045
1045
1045
1045
1045
1046
1046
1046
1046
1046
1046
1046
1046
1046
1046
1046
1046
1046
1046
1046
1046
1046
1046
1046
1046
1047
1047
1047
1047
1047
1047
1047
1048
1048
1047
1047
1047
1047
1047
1047
1047
1047
1047
1047
1047
1047
1047
1047
1049
1049
1049
1049
1049
1049
1048
1048
1048
1048
1048
1048
1048
1048
1048
1048
1048
1048
1048
1049
1049
1049
1049
1049
1050
1050
1050
1048
1049
1049
1049
1049
1049
1049
1049
1049
1049
1049
1049
1049
1049
1049
1049
1050
1050
1050
1050
1050
1049
1049
1049
1049
1049
1050
1050
1050
1050
1050
1050
1050
1051
1051
1051
1051
1051
1051
1051
1051
1050
1050
1050
1050
1050
1050
1050
1050
1051
1051
1051
1051
1051
1052
1052
1052
1052
1052
1052
1052
1052
1051
1051
1051
1051
1051
1051
1051
1051
1052
1052
1052
1052
1052
1052
1052
1052
1052
1052
1052
1052
1051
1051
1051
1051
1052
1052
1052
1053
1053
1053
1053
1053
1053
1053
1053
1053
1053
1053
1053
1053
1053
1053
1053
1053
1053
1053
1053
1053
1053
1053
1053
1053
1053
1053
1053
1053
1053
1053
1053
1053
1054
1054
1053
1053
1053
1054
1054
1054
1054
1054
1054
1054
1054
1054
1054
1054
1054
1054
1054
1054
1054
1054
1054
1054
1054
1054
1054
1054
1054
1054
1054
1054
1054
1054
1054
1054
1054
1054
1054
1054
1055
1055
1055
1054
1054
1054
1055
1055
1055
1055
1055
1055
1055
1055
1055
1055
1055
1055
1055
1055
1055
1055
1055
1055
1055
1055
1055
1055
1055
1055
1055
1055
1055
1055
1055
1055
1055
1055
1055
1055
1055
1055
1055
1055
1055
1055
1055
1055
1055
1055
1055
1056
1056
1056
1056
1056
1056
1056
1056
1056
1056
1056
1056
1056
1056
1056
1056
1056
1056
1056
1056
1056
1056
1056
1056
1056
1056
1056
1056
1056
1056
1056
1056
1056
1056
1056
1056
1056
1056
1056
1056
1056
1056
1056
1056
1056
1056
1056
1056
1056
1056
1056
1057
1057
1057
1057
1056
1056
1057
1057
1057
1057
1057
1057
1057
1057
1057
1057
1057
1057
1057
1057
1057
1057
1057
1057
1057
1057
1057
1057
1057
1057
1057
1057
1057
1057
1058
1058
1058
1058
1058
1058
1058
1058
1058
1058
1058
1058
1058
1058
1058
1058
1058
1058
1058
1058
1058
1058
1058
1058
1058
1058
1058
1058
1058
1058
1058
1058
1058
1058
1058
1058
1058
1058
1058
1058
1058
1058
1058
1058
1058
1058
1058
1058
1058
1059
1059
1059
1059
1059
1059
1059
1059
1059
1059
1059
1059
1059
1059
1059
1059
1059
1059
1059
1059
1059
1059
1059
1059
1059
1059
1059
1059
1059
1060
1060
1060
1060
1060
1060
1060
1060
1060
1060
1060
1060
1060
1060
1060
1060
1060
1060
1060
1060
1060
1060
1060
1060
1060
1060
1060
1060
1060
1060
1060
1060
1060
1060
1061
1061
1060
1060
1060
1060
1060
1060
1061
1061
1061
1061
1061
1061
1061
1061
1061
1061
1061
1061
1061
1061
1061
1061
1061
1061
1061
1061
1061
1061
1061
1061
1061
1061
1061
1061
1061
1061
1061
1061
1061
1061
1061
1061
1061
1061
1061
1061
1061
1061
1061
1061
1061
1061
1061
1061
1061
1061
1061
1061
1061
1061
1061
1061
1061
1061
1062
1062
1062
1062
1062
1062
1062
1062
1062
1062
1062
1062
1062
1062
1062
1062
1062
1062
1062
1062
1062
1062
1062
1062
1062
1062
1062
1062
1062
1062
1062
1062
1062
1062
1062
1062
1062
1062
1062
1062
1062
1062
1062
1062
1062
1062
1062
1062
1062
1062
1062
1063
1063
1063
1063
1063
1063
1063
1062
1062
1063
1063
1063
1063
1063
1063
1063
1063
1063
1063
1063
1063
1063
1063
1063
1063
1063
1063
1063
1063
1063
1063
1063
1063
1063
1063
1063
1063
1063
1063
1063
1063
1063
1063
1063
1063
1063
1063
1063
1063
