[OVERALL], RunTime(ms), 3714110
[OVERALL], Throughput(ops/sec), 25847.376625894223
[TOTAL_GCS_PS_Scavenge], Count, 2769
[TOTAL_GC_TIME_PS_Scavenge], Time(ms), 29206
[TOTAL_GC_TIME_%_PS_Scavenge], Time(%), 0.7863525851415278
[TOTAL_GCS_PS_MarkSweep], Count, 0
[TOTAL_GC_TIME_PS_MarkSweep], Time(ms), 0
[TOTAL_GC_TIME_%_PS_MarkSweep], Time(%), 0.0
[TOTAL_GCs], Count, 2769
[TOTAL_GC_TIME], Time(ms), 29206
[TOTAL_GC_TIME_%], Time(%), 0.7863525851415278
[CLEANUP], Operations, 32
[CLEANUP], AverageLatency(us), 70881.0
[CLEANUP], MinLatency(us), 0
[CLEANUP], MaxLatency(us), 2269183
[CLEANUP], 95thPercentileLatency(us), 11
[CLEANUP], 99thPercentileLatency(us), 2269183
[INSERT], Operations, 96000000
[INSERT], AverageLatency(us), 1234.50186040625
[INSERT], MinLatency(us), 170
[INSERT], MaxLatency(us), 246143
[INSERT], 95thPercentileLatency(us), 2067
[INSERT], 99thPercentileLatency(us), 2607
[INSERT], Return=OK, 96000000
