[OVERALL], RunTime(ms), 1804226
[OVERALL], Throughput(ops/sec), 26604.20590325159
[TOTAL_GCS_PS_Scavenge], Count, 1364
[TOTAL_GC_TIME_PS_Scavenge], Time(ms), 14418
[TOTAL_GC_TIME_%_PS_Scavenge], Time(%), 0.7991238348189196
[TOTAL_GCS_PS_MarkSweep], Count, 0
[TOTAL_GC_TIME_PS_MarkSweep], Time(ms), 0
[TOTAL_GC_TIME_%_PS_MarkSweep], Time(%), 0.0
[TOTAL_GCs], Count, 1364
[TOTAL_GC_TIME], Time(ms), 14418
[TOTAL_GC_TIME_%], Time(%), 0.7991238348189196
[READ], Operations, 47998970
[READ], AverageLatency(us), 597.982363871558
[READ], MinLatency(us), 83
[READ], MaxLatency(us), 109695
[READ], 95thPercentileLatency(us), 1282
[READ], 99thPercentileLatency(us), 1539
[READ], Return=OK, 47998970
[READ], Return=NOT_FOUND, 1030
[CLEANUP], Operations, 16
[CLEANUP], AverageLatency(us), 142913.375
[CLEANUP], MinLatency(us), 0
[CLEANUP], MaxLatency(us), 2287615
[CLEANUP], 95thPercentileLatency(us), 2287615
[CLEANUP], 99thPercentileLatency(us), 2287615
[READ-FAILED], Operations, 1030
[READ-FAILED], AverageLatency(us), 312.1776699029126
[READ-FAILED], MinLatency(us), 109
[READ-FAILED], MaxLatency(us), 61151
[READ-FAILED], 95thPercentileLatency(us), 919
[READ-FAILED], 99thPercentileLatency(us), 1405
