[OVERALL], RunTime(ms), 1708372
[OVERALL], Throughput(ops/sec), 7024.231256424245
[TOTAL_GCS_PS_Scavenge], Count, 1056
[TOTAL_GC_TIME_PS_Scavenge], Time(ms), 6055
[TOTAL_GC_TIME_%_PS_Scavenge], Time(%), 0.35443100214707335
[TOTAL_GCS_PS_MarkSweep], Count, 0
[TOTAL_GC_TIME_PS_MarkSweep], Time(ms), 0
[TOTAL_GC_TIME_%_PS_MarkSweep], Time(%), 0.0
[TOTAL_GCs], Count, 1056
[TOTAL_GC_TIME], Time(ms), 6055
[TOTAL_GC_TIME_%], Time(%), 0.35443100214707335
[READ], Operations, 12000000
[READ], AverageLatency(us), 566.7409511666667
[READ], MinLatency(us), 77
[READ], MaxLatency(us), 102783
[READ], 95thPercentileLatency(us), 1176
[READ], 99thPercentileLatency(us), 1301
[READ], Return=OK, 12000000
[CLEANUP], Operations, 4
[CLEANUP], AverageLatency(us), 563972.25
[CLEANUP], MinLatency(us), 3
[CLEANUP], MaxLatency(us), 2256895
[CLEANUP], 95thPercentileLatency(us), 2256895
[CLEANUP], 99thPercentileLatency(us), 2256895
