7
23.7
36.3
43
47
50
52.1
53.6
55.6
56.4
57.2
57.8
58.4
59
59.4
60.1
60.5
60.7
61
61.2
61.5
61.7
62.1
62.3
62.4
62.6
62.7
62.8
62.8
63.8
64.8
64.9
64.9
64.9
65
65
65.2
65.3
65.2
65.2
65.2
65.4
65.3
65.5
65.4
65.4
65.4
65.3
65.4
65.4
65.5
65.5
65.6
65.5
65.1
65.2
65.2
65.3
66.7
66.7
66.7
66.8
66.7
66.7
66.7
66.8
66.8
66.8
66.8
66.8
66.8
66.8
66.8
66.8
66.8
66.7
66.7
66.7
66.7
66.7
66.7
66.7
66.6
66.6
66.7
66.7
67.8
68
68
67.9
67.9
67.9
67.9
67.9
67.8
67.8
67.8
67.7
67.7
67.9
67.9
67.9
67.9
67.8
67.8
67.8
67.8
67.8
67.8
67.8
67.5
67.4
67.4
67.5
68.3
69.2
69.4
69.4
69.4
69.4
69.4
69.4
69.3
69.3
69.3
69.2
69.2
69.2
69.2
69.1
69.1
69.1
69.1
69
69
69
69
69
68.9
68.9
68.9
69.1
69.7
70.4
70.5
70.5
70.5
70.4
70.5
70.4
70.4
70.4
70.3
70.3
70.3
70.3
70.2
70.2
70.2
70.1
70.1
70.2
70.1
70.2
70.1
70.1
70.1
69.9
69.9
70.2
70.7
71.1
71.1
71
71
71
71
71.1
71
71
71
70.9
70.9
70.9
70.9
70.8
70.8
70.8
70.8
70.7
70.7
70.7
70.7
70.7
70.6
70.6
70.6
71
71.5
71.9
72
72
71.9
71.9
71.9
71.9
71.8
71.8
71.8
71.8
71.8
71.7
71.7
71.7
71.6
71.6
71.6
71.6
71.6
71.5
71.5
71.5
71.5
71.4
71.4
71.8
72.1
72.5
72.5
72.5
72.5
72.5
72.4
72.4
72.4
72.4
72.3
72.3
72.3
72.3
72.2
72.2
72.2
72.2
72.1
72.1
72.1
72.1
72
72
72
72
72.1
72.5
72.8
73.1
73.2
73.2
73.2
73.3
73.3
73.2
73.2
73.2
73.1
73.1
73.1
73.1
73
73
73
73
72.9
72.9
72.9
72.9
72.9
72.8
72.8
72.8
72.9
73.2
73.5
73.8
73.8
73.7
73.7
73.7
73.7
73.7
73.6
73.6
73.6
73.6
73.5
73.5
73.5
73.5
73.4
73.4
73.4
73.4
73.4
73.3
73.3
73.3
73.2
73.2
73.5
73.7
74
74.2
74.5
74.5
74.5
74.4
74.4
74.4
74.4
74.3
74.3
74.3
74.4
74.2
74.2
74.2
74.2
74.1
74.1
74.2
74.2
74.1
74.1
74.1
74.1
74.1
74.2
74.5
74.7
74.9
74.9
74.9
74.9
74.8
74.8
74.8
74.8
74.7
74.7
74.7
74.7
74.6
74.6
74.6
74.6
74.5
74.5
74.5
74.5
74.5
74.4
74.4
74.4
74.5
74.8
75
75.2
75.4
75.4
75.3
75.4
75.4
75.4
75.4
75.3
75.3
75.3
75.3
75.2
75.2
75.2
75.2
75.2
75.1
75.1
75.1
75.1
75
75
75
75
75.2
75.3
75.5
75.7
75.7
75.8
75.8
75.8
75.8
75.7
75.7
75.7
75.7
75.7
75.6
75.6
75.6
75.6
75.5
75.5
75.5
75.5
75.5
75.4
75.4
75.4
75.4
75.4
75.6
75.8
76
76.1
76.2
76.2
76.2
76.1
76.1
76.1
76.1
76
76
76
76
76
75.9
75.9
75.9
75.9
75.9
75.8
75.8
75.8
75.8
75.7
75.7
75.8
76
76.2
76.3
76.5
76.4
76.4
76.4
76.4
76.4
76.3
76.3
76.3
76.3
76.3
76.2
76.2
76.2
76.2
76.2
76.1
76.1
76.1
76.1
76.1
76
76
76
76.2
76.3
76.5
76.7
76.6
76.6
76.6
76.6
76.6
76.6
76.5
76.5
76.5
76.5
76.5
76.4
76.4
76.4
76.4
76.4
76.3
76.3
76.3
76.3
76.3
76.2
76.2
76.3
76.4
76.6
76.7
76.8
76.8
76.7
76.7
76.7
76.7
76.7
76.7
76.6
76.6
76.6
76.6
76.6
76.5
76.5
76.5
76.5
76.5
76.5
76.4
76.4
76.4
76.4
76.4
76.5
76.7
76.8
77
77
77
77
77
77
77
76.9
76.9
76.9
76.9
76.9
76.8
76.8
76.8
76.8
76.8
76.8
76.7
76.7
76.7
76.7
76.7
76.6
76.7
76.9
77
77.2
77.3
77.2
77.2
77.2
77.1
77.2
77.2
77.2
77.2
77.1
77.1
77.1
77.1
77.1
77.1
77
77
77
77
77
77
76.9
76.9
76.9
77.1
77.2
77.3
77.5
77.5
77.5
77.5
77.5
77.4
77.4
77.4
77.4
77.4
77.4
77.3
77.3
77.3
77.3
77.3
77.2
77.2
77.2
77.2
77.2
77.2
77.1
77.1
77.2
77.3
77.5
77.6
77.7
77.6
77.6
77.6
77.6
77.6
77.5
77.5
77.5
77.5
77.5
77.5
77.4
77.4
77.4
77.4
77.4
77.4
77.3
77.3
77.3
77.3
77.3
77.3
77.4
77.5
77.7
77.7
77.7
77.7
77.7
77.7
77.7
77.7
77.6
77.6
77.6
77.6
77.6
77.6
77.5
77.5
77.5
77.5
77.5
77.5
77.4
77.4
77.4
77.4
77.4
77.5
77.6
77.7
77.8
77.8
77.8
77.8
77.8
77.7
77.7
77.7
77.7
77.7
77.7
77.7
77.6
77.6
77.6
77.6
77.6
77.6
77.5
77.5
77.5
77.5
77.5
77.5
77.5
77.6
77.7
77.8
77.9
78
77.9
77.9
78
78
78
78
78
77.9
77.9
77.9
77.9
77.9
77.9
77.8
77.8
77.8
77.8
77.8
77.8
77.8
77.7
77.7
77.8
77.9
78
78.1
78.2
78.3
78.2
78.2
78.2
78.2
78.2
78.2
78.2
78.1
78.1
78.1
78.1
78.1
78.1
78
78
78
78
78
78
78
77.9
78
78.1
78.2
78.3
78.4
78.4
78.4
78.3
78.3
78.3
78.3
78.3
78.3
78.3
78.2
78.2
78.2
78.2
78.2
78.2
78.2
78.1
78.1
78.1
78.1
78.1
78.1
78.1
78.2
78.3
78.4
78.5
78.6
78.6
78.7
78.6
78.6
78.6
78.6
78.6
78.5
78.6
78.6
78.6
78.6
78.6
78.6
78.5
78.5
78.5
78.5
78.5
78.5
78.5
78.4
78.5
78.6
78.7
78.8
78.9
78.9
78.8
78.8
78.8
78.8
78.8
78.8
78.8
78.8
78.7
78.7
78.7
78.7
78.7
78.7
78.7
78.6
78.6
78.6
78.6
78.6
78.6
78.6
78.7
78.8
78.9
79
79.1
79.1
79.1
79.1
79
79
79
79
79
79
78.9
78.9
78.9
78.9
78.9
78.9
78.9
78.8
78.8
78.8
78.8
78.8
78.8
78.9
79
79.1
79.2
79.3
79.3
79.3
79.3
79.3
79.3
79.2
79.2
79.2
79.2
79.2
79.2
79.2
79.2
79.1
79.1
79.1
79.1
79.1
79.1
79.1
79
79
79.1
79.2
79.3
79.4
79.5
79.5
79.5
79.4
79.4
79.4
79.4
79.4
79.4
79.4
79.3
79.3
79.3
79.3
79.3
79.3
79.3
79.2
79.2
79.2
79.2
79.2
79.2
79.2
79.3
79.4
79.5
79.6
79.6
79.6
79.5
79.5
79.5
79.5
79.5
79.5
79.5
79.5
79.4
79.4
79.4
79.4
79.4
79.4
79.4
79.4
79.3
79.3
79.3
79.3
79.3
79.4
79.5
79.6
79.7
79.7
79.7
79.7
79.7
79.7
79.7
79.7
79.7
79.6
79.6
79.6
79.6
79.6
79.6
79.6
79.5
79.5
79.5
79.5
79.5
79.5
79.5
79.5
79.5
79.6
79.7
79.8
79.9
79.9
79.9
79.9
79.9
79.9
79.9
79.9
79.9
79.8
79.8
79.8
79.8
79.8
79.8
79.8
79.8
79.7
79.7
79.7
79.7
79.7
79.7
79.8
79.8
79.9
80
80.1
80.1
80.1
80.1
80.1
80.1
80.1
80
80
80
80
80
80
80
79.9
79.9
79.9
79.9
