0
11.9
213.6
257.4
271.3
281.6
283.6
287.6
291.4
296.9
305
311.8
315.4
320.7
322.6
324.8
326.6
328.3
329.7
330.8
331.9
332.6
334.2
340.7
341.6
341.7
342.5
347.8
348.2
347.9
347.8
350.1
354.3
355
355.1
356.4
354.8
358.8
358.8
359.5
359.6
360.8
364
363.9
363.9
364.2
367.5
368.7
368.2
367.7
367.9
370.8
371.8
370.6
370.7
371
373
373.9
372.9
374
374.1
376.2
378.4
378.5
378.2
378.3
380.4
382.4
383
383.9
383.9
385.1
386.9
388.9
389.7
389.6
390.4
391.9
393.4
395.1
395
394.4
395.1
396.7
398.2
394.2
391.3
387.3
383.5
380.7
377.9
374.1
371.4
367.8
365.1
362.6
359
356.4
354
351.4
349
345.6
343.2
340.8
338.5
336.2
333.9
330.7
327.4
325.2
322
318.9
315.7
313.5
310.5
308.6
306.9
306.3
304.6
304.2
303.6
302
301.4
300.9
299.2
298.7
298.1
297.5
296.9
295.3
294.3
293.8
293.1
291.5
290.8
290.2
289.5
288.9
288.2
287.6
287
286.3
285.7
285
284.4
284.7
284
283.3
282.6
282
281.3
280.6
279.9
280.2
279.6
278.9
278.2
277.4
277.7
277
276.4
275.6
276
275.1
274.5
274.7
274.1
273.2
272.6
272.8
272.1
271.3
271.6
270.8
271
270.3
269.5
268.4
268.6
267.7
267.5
267.3
267.1
266
265.8
265.6
264.5
265.3
264.1
264
263.8
263.7
262.5
263.4
262.2
262.1
261.9
261.8
260.6
260.4
260.2
259
258.8
258.6
258.4
257.2
