14.6
22.5
32.2
37.2
40.4
42.6
44
45.2
44.4
45.1
45.9
46.4
46.9
47.3
47.8
48
48.3
48.7
48.9
49.1
49.3
49.5
49.6
49.7
50
50
50.2
50.2
50.4
50.5
50.5
50.1
50.1
50.3
50.3
50.4
50.5
50.6
50.6
50.7
50.7
50.8
50.8
50.9
51
51.1
51.1
51.1
51.2
51.3
51.3
51.3
51.3
51.4
51.5
51.2
51.3
51.3
51.3
51.3
51.4
51.4
51.4
51.5
51.5
51.5
51.5
51.5
51.6
51.7
51.7
51.8
51.8
51.7
51.8
51.8
51.8
51.8
51.6
51.7
51.7
51.8
51.7
51.7
51.9
51.9
51.9
51.9
51.9
51.9
52
52
52
52
52
52
52
52.1
52.1
52.1
52.2
52.2
52.1
52
52
52
52.1
52.1
52.1
52.1
52.2
52.2
52.2
52.2
52.2
52.2
52.2
52.2
52.2
52.2
52.2
52.2
52.2
52.2
52.2
52.2
52.2
52.2
52.2
52.2
52.2
52.2
52.2
52.2
52.2
52.2
52.2
52.2
52.2
52.2
52.2
52.2
52.2
52.3
52.3
52.3
52.3
52.3
52.3
52.2
52.2
52.2
52.2
52.2
52.2
52.2
52.3
52.3
52.3
52.3
52.4
52.4
52.5
52.5
52.5
52.5
52.5
52.5
52.5
52.5
52.5
52.5
52.5
52.4
52.4
52.4
52.4
52.4
52.4
52.4
52.4
52.4
52.4
52.4
52.4
52.4
52.4
52.5
52.5
52.5
52.5
52.5
52.5
52.8
52.8
52.8
52.8
52.6
52.6
52.6
52.7
52.7
52.7
52.7
52.7
52.7
52.7
52.8
52.8
52.8
52.8
52.8
52.8
52.8
52.8
52.8
52.8
52.8
52.7
52.7
52.7
52.7
52.7
52.7
52.7
52.7
52.7
52.7
52.7
52.7
52.7
52.7
52.7
52.7
52.7
52.7
52.7
52.7
52.7
52.7
52.8
52.8
52.8
52.8
52.7
52.7
52.7
52.7
52.7
52.7
52.7
52.7
52.7
52.7
52.7
52.7
52.7
52.7
52.7
52.7
52.7
52.7
52.7
52.7
52.7
52.7
52.7
52.7
52.7
52.7
52.7
52.7
52.7
52.7
52.7
52.7
52.7
52.7
52.7
52.7
52.8
52.8
52.8
52.8
52.8
52.8
52.8
52.8
52.7
52.7
52.7
52.8
52.7
52.7
52.7
52.7
52.7
52.7
52.8
52.8
52.8
52.8
52.8
52.8
52.8
52.8
52.8
52.8
52.8
52.8
52.8
52.8
52.8
52.9
52.9
52.9
52.8
52.8
52.8
52.8
52.8
52.9
52.9
52.9
52.8
52.9
52.9
52.9
52.9
52.9
52.9
52.9
52.9
52.9
52.9
52.8
52.9
52.9
52.9
52.8
52.8
52.8
52.8
52.9
52.9
52.9
52.9
52.9
52.9
52.9
52.9
52.9
52.9
52.9
52.9
52.9
52.9
52.9
52.9
52.9
52.9
52.9
52.9
52.9
52.9
52.9
52.9
52.9
52.9
52.9
52.9
52.9
52.9
52.9
52.9
52.9
52.9
52.9
52.9
52.9
52.9
52.9
52.9
53
53.1
53.1
53.1
52.9
52.9
53.1
53.1
53.1
53.1
53.1
53.1
53.1
53
53.1
53.1
53.1
53.1
53.1
53.1
53.1
53.1
53.1
53.1
53.1
53.1
53.1
53.1
53.1
53.1
53.1
53.1
53.1
53.1
53.1
53.1
53.1
53.1
53.1
53.1
53.1
53.1
53.1
53.1
53.1
53.1
53.1
53.1
53.1
53.1
53.1
53.1
53.1
53.1
53.1
53.1
53.1
53.1
53.1
53.1
53.1
53.1
53.1
53.1
53.1
53.1
53.1
53.1
53.1
53.1
53.1
53.1
53.1
53.1
53.1
53.1
53.1
53.1
53.1
53.1
53.1
53.1
53.1
53.1
53.1
53.1
53.1
53.1
53.1
53.1
53.1
53.1
53.1
53.1
53.1
53.1
53.1
53.1
53.1
53.1
53.1
53.1
53.1
53.1
53.1
53.1
53.1
53.1
53.1
53.1
53.1
53.1
53.1
53.1
53.1
53.1
53.1
53.1
53.1
53.1
53.1
53.1
53.1
53
53
53
53
53
53
53
53
53
53
53
53
53
53
53
53
53
53
53.1
53.1
53.1
53.1
53.1
53
53
53
53
53
53
53
53
53
53
53
53
53
53
53
53
53
53
53
53
53
53
53
53
53
53
53
53
53
53
53
53
53
53
53
53
53
53
53
53
53
53
53
53.1
53.2
53.2
53.2
53.2
53.2
53.2
53.2
53.2
53.2
53.2
53.2
53.2
53.2
53.2
53.2
53.2
53.2
53.2
53.2
53.2
53.2
53.2
53.2
53.2
53.3
53.3
53.2
53.2
53.2
53.2
53.2
53.2
53.2
53.2
53.2
53.2
53.2
53.2
53.2
53.2
53.2
53.3
53.3
53.3
53.2
53.2
53.2
53.2
53.2
53.3
53.1
53.2
53.1
53.1
53.1
53.1
53.1
53.1
53.1
53.1
53.1
53.1
53.1
53.2
53.1
53.1
53.1
53.2
53.1
53.2
53.2
53.2
53.1
53.1
53
53
53
53
53
53
53.1
53.1
53.1
53.1
53.1
53.1
53.1
53.1
53.1
53.1
53.1
53.1
53.1
53.1
53.1
53.1
53.1
53
53
53
53
53
53
53.1
53.1
53.1
53.1
53.1
53.1
53.1
53.1
53.1
53.2
53.2
53.2
53.1
53.1
53.2
53.2
53.2
53
53
53
53
53
53.1
53.1
53.1
53.2
53.2
53.2
53.2
53.2
53.2
53.2
53.2
53.2
53.2
53.2
53.2
53.2
53.2
53.2
53.2
53
53
53
53
53
53
53.1
53.1
53.2
53.2
53.2
53.2
53.2
53.2
53.2
53.2
53.2
53.2
53.2
53.2
53.2
53.2
53.2
53.2
53.2
53.2
53.2
53.2
53.2
53.2
53.2
53.2
53.2
53.2
53.2
53.2
53.2
53.2
53.2
53.2
53.2
53.2
53.2
53.2
53.2
53.3
53.1
53.2
53.2
53.2
53.2
53.2
53.2
53.2
53.2
53.2
53.2
53.2
53.2
53.2
53.2
53.2
53.2
53.2
53.2
53.2
53.2
53.2
53.2
53.2
53.2
53.2
53.2
53.2
53.2
53.2
53.2
53.2
53.2
53.2
53.2
53.2
53.2
53.2
53.2
53.2
53.2
53.2
53.2
53.2
53.2
53.2
53.2
53.2
53.2
53.2
53.2
53.2
53.2
53.2
53.2
53.2
53.2
53.2
53.2
53.2
53.2
53.2
53.2
53.2
53.2
53.2
53.2
53.2
53.2
53.2
53.2
53.2
53.2
53.2
53.2
53.2
53.2
53.2
53.2
53.3
53.3
53.3
53.3
53.2
53.2
53.3
53.2
53.3
53.3
53.3
53.3
53.2
53.2
53.2
53.2
53.2
53.2
53.2
53.2
53.2
53.2
53.2
53.2
53.2
