7.9
124.1
370.6
406
455
498
511
544
552
569
573
581
594
591
596
590
593
592
591
578
575
567
558
557
569
585
581
575
571
565
557
549
546
541
536
560
564
559
552
547
545
540
537
533
538
542
541
544
544
543
539
534
530
528
526
523
520
517
515
515
524
524
526
529
533
531
529
527
526
527
524
523
521
520
521
519
516
520
522
524
527
528
530
531
527
523
518
514
509
504
500
496
492
488
484
480.5
483.5
482.5
481.6
479.6
478.7
475.8
470.9
466
462.1
461.2
458.4
456.6
454.8
454
452.2
448.5
443.7
440
440.2
438.5
436.8
435.1
433.5
430.8
427.2
424.5
420.9
421.3
418.6
418
416.4
414.9
412.3
409.7
408.2
404.6
402.1
402.5
401
399.5
399
397.5
