15.3
14.5
13.8
13.3
12.8
13.0
40.4
53.7
66.5
85.9
94.7
 106
 116
 127
 137
 145
 159
 169
 180
 192
 204
 212
 220
 227
 233
 240
 248
 255
 261
 268
 275
 280
 285
 288
 292
 294
 298
 302
 305
 309
 313
 315
 320
 323
 326
 328
 330
 332
 334
 336
 338
 341
 345
 348
 352
 356
 359
 362
 363
 366
 368
 371
 373
 376
 379
 381
 383
 383
 385
 387
 388
 390
 392
 393
 394
 394
 394
 396
 397
 398
 397
 398
 398
 398
 399
 401
 402
 405
 408
 410
 412
 414
 413
 414
 415
 416
 418
 419
 420
 421
 422
 422
 422
 424
 424
 425
 426
 427
 429
 430
 431
 432
 433
 435
 437
 438
 439
 441
 441
 441
 442
 443
 444
 445
 448
 449
 450
 451
 452
 453
 453
 453
 454
 455
 456
 457
 458
 457
 458
 458
 459
 460
 461
 461
 462
 462
 463
 463
 463
 464
 465
 465
 466
 467
 467
 468
 468
 469
 469
 469
 470
 471
 471
 471
 471
 472
 472
 473
 474
 474
 475
 476
 476
 476
 476
 476
 476
 476
 477
 478
 478
 479
 479
 479
 479
 479
 480
 480
 481
 481
 481
 482
 482
 482
 482
 482
 483
 483
 483
 483
 483
 483
 483
 484
 484
 483
 483
 483
 483
 484
 484
 484
 484
 484
 484
 484
 484
 484
 484
 485
 485
 486
 486
 487
 487
 487
 488
 489
 489
 490
 490
 490
 491
 491
 491
 491
 491
 492
 492
 493
 493
 493
 493
 493
 493
 494
 494
 493
 493
 493
 493
 494
 494
 495
 495
 496
 496
 496
 497
 497
 498
 498
 499
 499
 499
 499
 499
 499
 499
 500
 500
 500
 499
 500
 501
 501
 501
 501
 501
 502
 502
 502
 502
 502
 503
 503
 503
 503
 503
 503
 503
 504
 504
 504
 504
 504
 505
 505
 506
 506
 506
 506
 506
 506
 507
 507
 507
 507
 506
 507
 507
 507
 507
 507
 507
 507
 508
 508
 508
 508
 509
 509
 510
 510
 510
 511
 511
 511
 512
 512
 513
 513
 513
 514
 514
 514
 514
 515
 515
 516
 516
 516
 516
 517
 517
 517
 518
 518
 518
 518
 518
 518
 518
 519
 519
 519
 519
 519
 519
 519
 519
 519
 520
 520
 520
 520
 520
 520
 520
 521
 521
 521
 522
 522
 522
 522
 523
 523
 523
 524
 524
 524
 524
 524
 524
 524
 524
 524
 525
 525
 526
 526
 526
 526
 526
 526
 526
 526
 526
 527
 527
 527
 527
 527
 527
 528
 528
 528
 528
 528
 529
 529
 529
 529
 529
 529
 529
 529
 529
 530
 530
 530
 530
 531
 531
 531
 531
 531
 531
 531
 532
 532
 532
 532
 532
 532
 532
 532
 532
 532
 533
 533
 533
 534
 534
 534
 535
 535
 535
 535
 535
 535
 536
 536
 536
 536
 537
 537
 537
 537
 538
 538
 538
 538
 538
 538
 538
 538
 539
 539
 539
 539
 539
 540
 540
 540
 540
 541
 541
 541
 541
 541
 541
 541
 541
 542
 542
 542
 542
 542
 542
 543
 543
 543
 543
 543
 543
 543
 543
 544
 544
 544
 544
 545
 545
 545
 546
 546
 546
 546
 546
 546
 546
 547
 547
 547
 547
 548
 548
 548
 548
 549
 549
 549
 549
 550
 550
 550
 551
 551
 551
 550
 549
