 435
 435
 435
 436
 436
 437
 437
 438
 438
 439
 439
 439
 440
 440
 441
 441
 441
 442
 442
 443
 443
 443
 444
 444
 444
 445
 445
 445
 446
 446
 446
 447
 447
 447
 447
 448
 448
 448
 449
 449
 449
 449
 450
 450
 450
 450
 450
 451
 451
 451
 451
 451
 451
 451
 451
 451
 452
 452
 452
 452
 452
 452
 452
 452
 452
 453
 453
 453
 453
 453
 453
 453
 453
 453
 453
 453
 453
 453
 454
 454
 454
 454
 454
 454
 454
 454
 454
 454
 454
 454
 454
 454
 454
 455
 455
 455
 455
 455
 455
 455
 455
 455
 455
 456
 456
 456
 456
 456
 456
 456
 456
 456
 457
 457
 457
 457
 457
 457
 457
 457
 457
 457
 457
 457
 457
 457
 457
 457
 458
 458
 458
 458
 458
 458
 458
 458
 458
 458
 458
 458
 458
 458
 458
 458
 458
 458
 458
 459
 459
 459
 459
 459
 459
 459
 459
 459
 460
 460
 460
 460
 460
 460
 460
 460
 461
 461
 461
 461
 461
 461
 461
 461
 462
 462
 462
 462
 462
 462
 462
 462
 463
 463
 463
 463
 463
 463
 464
 464
 464
 464
 464
 464
 464
 465
 465
 465
 465
 465
 465
 465
 466
 466
 466
 466
 466
 466
 466
 466
 467
 467
 467
 467
 467
 467
 468
 468
 468
 468
 468
 468
 468
 469
 469
 469
 469
 469
 469
 469
 469
 470
 470
 470
 470
 470
 470
 470
 471
 471
 471
 471
 471
 471
 471
 472
 472
 472
 472
 472
 472
 473
 473
 473
 473
 473
 473
 473
 473
 473
 474
 474
 474
 474
 474
 474
 474
 474
 474
 475
 475
 475
 475
 475
 475
 475
 475
 475
 476
 476
 476
 476
 476
 476
 476
 476
 477
 477
 477
 477
 477
 477
 477
 477
 478
 478
 478
 478
 478
 478
 478
 478
 479
 479
 479
 479
 479
 479
 479
 479
 479
 480
 480
 480
 480
 480
 480
 480
 480
 480
 481
 481
 481
 481
 481
 481
 481
 481
 481
 481
 482
 482
 482
 482
 482
 482
 482
 482
 482
 482
 482
 483
 483
 483
 483
 483
 483
 483
 483
 483
 483
 484
 484
 484
 484
 484
 484
 484
 484
 484
 484
 485
 485
 485
 485
 485
 485
 485
 485
 485
 485
 485
 486
 486
 486
 486
 486
 486
 486
 486
 486
 486
 487
 487
 487
 487
 487
 487
 487
 487
 487
 487
 488
 488
 488
 488
 488
 488
 488
 488
 488
 488
 488
 489
 489
 489
 489
 489
 489
 489
 489
 489
 489
 489
 489
 489
 489
 489
 490
 490
 490
 490
 490
 490
 490
 490
 490
 490
 490
 490
 490
 491
 491
 491
 491
 491
 491
 491
 491
 491
 491
 491
 491
 491
 491
 492
 492
 492
 492
 492
 492
 492
 492
 492
 492
 492
 492
 492
 493
 493
 493
 493
 493
 493
 493
 493
 493
 493
 493
 493
 493
 493
 494
 494
 494
 494
 494
 494
 494
 494
 494
 494
 494
 494
 494
 494
 494
 495
 495
 495
 495
 495
 495
 495
 495
 495
 495
 495
 495
 495
 495
 495
 496
 496
 496
 496
 496
 496
 496
 496
 496
 496
 496
 496
 496
 496
 496
 496
 496
 496
 495
