14.6
14.0
29.3
65.0
 103
 129
 152
 181
 201
 217
 241
 259
 276
 292
 310
 321
 333
 347
 357
 367
 376
 386
 396
 404
 413
 420
 428
 435
 440
 446
 451
 459
 465
 471
 478
 483
 488
 493
 498
 501
 506
 511
 516
 521
 527
 531
 536
 540
 544
 547
 551
 554
 557
 560
 563
 566
 568
 572
 575
 578
 581
 584
 586
 588
 591
 593
 596
 599
 601
 603
 605
 607
 608
 610
 613
 614
 616
 618
 620
 622
 624
 626
 627
 629
 631
 633
 635
 637
 639
 640
 642
 643
 645
 646
 648
 649
 651
 653
 654
 656
 657
 659
 660
 662
 663
 664
 666
 666
 668
 668
 669
 670
 671
 672
 673
 675
 675
 676
 677
 677
 678
 679
 680
 681
 682
 683
 684
 685
 686
 687
 688
 688
 689
 690
 690
 692
 692
 693
 694
 694
 694
 695
 696
 697
 698
 699
 700
 701
 701
 702
 703
 704
 704
 705
 705
 706
 707
 707
 708
 708
 708
 709
 709
 709
 710
 710
 711
 712
 712
 713
 713
 714
 714
 715
 715
 715
 716
 716
 717
 717
 718
 718
 718
 719
 719
 720
 720
 720
 721
 722
 722
 722
 723
 723
 723
 723
 724
 724
 725
 725
 726
 726
 727
 727
 727
 727
 728
 728
 728
 729
 729
 728
 727
 725
 723
 722
 720
 718
 717
 715
 714
 712
 710
 709
 708
 706
 705
 703
 702
 700
 699
 698
 696
 695
 693
 692
 691
 689
 688
 687
 685
 684
 683
 682
 680
 679
 678
 676
 675
 674
 672
 671
 670
 669
 667
 666
 665
 664
 663
 662
 660
 659
 658
 657
 656
 655
 654
 654
 654
 655
 655
 656
 657
 657
 658
 658
 659
 659
 660
 660
 661
 661
 662
 662
 663
 663
 664
 664
 663
 662
 661
 660
 659
 658
 657
 656
 655
 654
 653
 652
 651
 650
 649
 648
 647
 646
 645
 644
 643
 642
 641
 641
 640
 639
 639
 638
 637
 636
 636
 635
 634
 633
 633
 632
 631
 629
 628
