 619
 618
 618
 620
 620
 620
 621
 621
 621
 621
 622
 622
 622
 623
 623
 623
 624
 626
 627
 628
 629
 631
 632
 633
 635
 636
 637
 638
 639
 641
 642
 643
 645
 646
 647
 648
 650
 651
 652
 653
 654
 656
 657
 658
 660
 661
 662
 663
 664
 666
 667
 667
 667
 667
 667
 668
 668
 668
 668
 668
 668
 669
 669
 669
 669
 669
 669
 670
 670
 669
 670
 670
 670
 670
 670
 671
 671
 671
 671
 671
 672
 672
 672
 673
 673
 673
 674
 674
 674
 675
 675
 675
 676
 676
 676
 677
 677
 677
 678
 678
 678
 679
 679
 680
 680
 681
 681
 681
 682
 682
 683
 683
 684
 684
 684
 684
 685
 686
 686
 686
 687
 687
 688
 690
 691
 692
 693
 695
 696
 697
 698
 700
 701
 702
 703
 705
 706
 707
 708
 710
 711
 712
 714
 715
 716
 717
 719
 720
 721
 723
 724
 725
 727
 728
 729
 731
 732
 733
 734
 736
 737
 738
 740
 741
 742
 743
 745
 746
 747
 749
 750
 752
 753
 754
 756
 757
 759
 760
 761
 763
 764
 766
 767
 768
 769
 770
 771
 773
 774
 775
 776
 777
 779
 780
 781
 782
 783
 784
 786
 786
 788
 789
 790
 791
 793
 794
 795
 796
 797
 798
 800
 801
 802
 803
 804
 806
 807
 808
 809
 811
 812
 813
 815
 816
 817
 818
 820
 821
 823
 823
 825
 826
 827
 828
 830
 831
 832
 833
 835
 836
 837
 838
 839
 840
 842
 843
 844
 846
 847
 848
 849
 851
 852
 853
 854
 855
 857
 858
 859
 860
 861
 862
 863
 864
 865
 867
 868
 869
 870
 871
 872
 873
 874
 875
 876
 876
 877
 878
 879
 880
 881
 882
 882
 883
 884
 884
 885
 886
 887
 888
 888
 889
 890
 891
 891
 892
 893
 894
 895
 895
 895
 896
 896
 897
 897
 898
 898
 899
 899
 900
 900
 901
 900
 899
 898
