10.5
20.8
27.3
30.4
32.1
31.3
32.2
32.9
33.6
34.7
35
35.2
35.3
35.5
35.7
35.7
35.9
36.3
36.3
36.4
36.4
36.5
36.5
36.6
36.6
36.9
36.8
36.8
36.9
37
36.9
36.9
37
38.5
38.8
38.7
38.7
38.6
38.6
38.7
38.7
38.8
38.7
38.7
38.7
38.6
38.6
38.6
38.6
38.7
38.6
38.6
38.6
38.6
38.5
38.5
38.5
38.6
38.6
38.6
38.6
38.4
38.4
38.4
38.4
39.3
39.7
39.7
39.7
39.6
39.6
39.6
39.5
39.6
39.6
39.5
39.5
39.5
39.4
39.5
39.5
39.6
39.5
39.5
39.5
39.5
39.4
39.4
39.4
39.4
39.4
39.4
39.4
39.3
39.3
39.3
39.3
40.2
40.7
40.6
40.6
40.6
40.6
40.5
40.6
40.5
40.5
40.5
40.4
40.4
40.5
40.5
40.5
40.5
40.5
40.3
40.2
40.2
40.2
40.2
40.2
40.2
40.2
40.1
40.1
40.1
40.1
40.1
40.3
41.1
41.8
41.9
41.8
41.8
41.8
41.8
41.8
41.7
41.7
41.7
41.7
41.6
41.6
41.6
41.6
41.6
41.5
41.5
41.5
41.5
41.4
41.4
41.4
41.4
41.4
41.3
41.3
41.3
41.3
41.3
41.8
42.5
42.6
42.6
42.6
42.5
42.5
42.5
42.5
42.5
42.4
42.4
42.3
42.3
42.3
42.3
42.3
42.2
42.2
42.2
42.2
42.1
42.1
42.1
42.1
42.1
42
42
42
42
42
42.3
42.8
43.2
43.3
43.4
43.3
43.3
43.3
43.3
43.3
43.2
43.2
43.2
43.2
43.1
43.1
43.1
43.1
43.1
43
43
43
43
43
42.9
42.9
42.9
42.9
42.8
42.8
42.8
43.1
43.5
43.8
44
43.9
43.9
43.9
43.9
43.8
43.8
43.8
43.8
43.7
43.7
43.7
43.7
43.7
43.6
43.6
43.6
43.6
43.5
43.5
43.5
43.5
43.5
43.5
43.4
43.4
43.4
43.4
43.6
43.9
44.2
44.5
44.5
44.6
44.5
44.5
44.5
44.5
44.4
44.4
44.4
44.4
44.3
44.2
44.2
44.2
44.2
44.2
44.1
44.1
44.1
44.1
44.1
44
44
44
44
44
43.9
44.1
44.4
44.7
45.1
45.2
45.2
45.2
45.2
45.1
45.1
45.1
45
45
45
45
45
44.9
44.9
44.9
44.9
44.9
44.8
44.8
44.8
44.8
44.8
44.7
44.7
44.7
44.7
44.7
44.9
45.1
45.4
45.7
45.7
45.6
45.6
45.6
45.6
45.6
45.5
45.5
45.5
45.5
45.4
45.4
45.4
45.4
45.4
45.4
45.3
45.3
45.3
45.3
45.3
45.2
45.2
45.2
45.2
45.1
45.1
45.3
45.6
45.8
46.1
46.2
46.2
46.2
46.2
46.1
46.1
46.1
46.1
46.1
46
46
46
46
46
45.9
45.9
45.9
45.9
45.9
45.8
45.8
45.8
45.8
45.8
45.7
45.7
45.7
45.9
46.2
46.4
46.6
46.6
46.7
46.7
46.6
46.6
46.6
46.6
46.6
46.5
46.5
46.5
46.5
46.4
46.3
46.3
46.3
46.3
46.2
46.2
46.2
46.2
46.2
46.2
46.1
46.1
46.1
46.1
46.3
46.5
46.7
47
47.1
47.1
47.1
47.1
47
47
47
47
47
46.9
46.9
46.9
46.9
46.9
46.9
46.8
46.8
46.8
46.8
46.8
46.7
46.7
46.7
46.7
46.7
46.6
46.8
46.9
47.1
47.3
47.5
47.5
47.4
47.4
47.4
47.4
47.4
47.4
47.3
47.3
47.3
47.3
47.2
47.2
47.2
47.2
47.2
47.1
47.1
47.1
47.1
47.1
47.1
47
47
47
47
47.1
47.3
47.5
47.7
47.8
47.7
47.7
47.7
47.7
47.7
47.7
47.6
47.6
47.6
47.6
47.6
47.6
47.5
47.5
47.5
47.5
47.5
47.4
47.4
47.4
47.4
47.4
47.4
47.3
47.3
47.3
47.4
47.6
47.8
47.9
47.9
47.9
47.9
47.9
47.9
47.8
47.8
47.8
47.8
47.8
47.7
47.7
47.7
47.7
47.7
47.7
47.6
47.6
47.6
47.6
47.6
47.6
47.5
47.5
47.5
47.5
47.5
47.6
47.8
47.9
48.1
48.2
48.1
48.1
48.1
48.1
48.1
48.1
48
48
48
48
48
48
47.9
47.9
47.9
47.9
47.9
47.9
47.9
47.8
47.8
47.8
47.8
47.8
47.7
47.7
47.9
48
48.2
48.3
48.3
48.3
48.3
48.3
48.3
48.3
48.2
48.2
48.2
48.2
48.2
48.2
48.2
48.1
48.1
48.1
48.1
48.1
48.1
48
48
48
48
48
48
47.9
48
48.1
48.2
48.4
48.5
48.5
48.5
48.5
48.5
48.5
48.5
48.5
48.4
48.4
48.4
48.4
48.4
48.4
48.3
48.3
48.3
48.3
48.3
48.3
48.3
48.2
48.2
48.2
48.2
48.2
48.1
48.2
48.3
48.4
48.5
48.7
48.7
48.7
48.7
48.6
48.6
48.6
48.6
48.6
48.6
48.5
48.5
48.5
48.5
48.5
48.5
48.5
48.4
48.4
48.4
48.4
48.4
48.4
48.4
48.3
48.3
48.3
48.3
48.4
48.6
48.7
48.8
48.8
48.8
48.8
48.8
48.8
48.8
48.7
48.7
48.7
48.7
48.7
48.7
48.7
48.6
48.6
48.6
48.6
48.6
48.6
48.5
48.5
48.5
48.5
48.5
48.5
48.4
48.5
48.6
48.7
48.8
48.9
48.9
48.9
48.9
48.8
48.8
48.8
48.8
48.8
48.8
48.7
48.7
48.7
48.7
48.7
48.7
48.7
48.7
48.6
48.6
48.6
48.6
48.6
48.6
48.6
48.5
48.5
48.6
48.7
48.8
48.9
49.1
49.1
49.1
49.1
49.1
49.1
49
49
49
49
49
49
48.9
48.8
48.8
48.8
48.8
48.8
48.8
48.8
48.7
48.7
48.7
48.7
48.7
48.7
48.7
48.7
48.8
48.9
49
49.1
49.1
49.1
49.1
49.1
49.1
49.1
49.1
49.1
49
49
49
49
49
49
49
48.9
48.9
48.9
48.9
48.9
48.9
48.9
48.9
48.8
48.8
48.8
48.9
49
49.1
49.2
49.3
49.3
49.3
49.3
49.3
49.3
49.3
49.2
49.2
49.2
49.2
49.2
49.2
49.2
49.2
49.1
49.1
49.1
49.1
49.1
49.1
49.1
49
49
49
49
49
49.1
49.2
49.3
49.4
49.5
49.5
49.5
49.5
49.5
49.4
49.4
49.4
49.4
49.4
49.4
49.4
49.4
49.3
49.3
49.3
49.3
49.3
49.3
49.3
49.3
49.2
49.2
49.2
49.2
49.2
49.2
49.3
49.4
49.5
49.6
49.7
49.7
49.7
49.7
49.6
49.6
49.6
49.6
49.6
49.6
49.5
