264.2
264
264
263.9
263.8
263.7
263.6
263.6
263.6
263.5
263.4
263.4
263.3
263.2
263.1
263.1
263.1
263
262.9
262.8
262.8
262.9
262.6
262.6
262.5
262.5
262.4
262.4
262.3
262.3
262.2
262.1
262.1
262
261.9
261.9
261.8
261.8
261.7
261.7
261.7
261.6
261.6
261.5
261.4
261.4
261.3
261.2
261.2
261.1
261
261
261
261
260.9
260.8
260.8
260.7
260.7
260.6
260.7
260.6
260.5
260.4
260.4
260.4
260.3
260.2
260.2
260
260.1
260
260
259.9
259.9
259.8
259.8
259.7
259.8
259.7
259.6
259.5
259.5
259.5
259.5
259.4
259.4
259.3
259.2
259.2
259.2
259.2
259.1
259
259
258.9
258.9
258.8
258.8
258.7
258.6
258.7
258.7
258.6
258.5
258.5
258.5
258.4
258.3
258.3
258.2
258.2
258.3
258.2
258.1
258.1
258
258
257.9
257.9
257.8
257.8
257.8
257.7
257.6
257.5
257.6
257.5
257.5
257.5
257.5
257.4
257.4
257.3
257.2
257.1
256.9
256.7
256.7
256.5
256.3
256.1
256
256.9
256.7
256.6
256.4
256.3
256.2
256
255.8
255.8
255.6
256.5
256.3
256.2
256.1
255.9
255.8
255.7
255.5
255.3
255.3
256.1
255.9
255.8
255.7
255.5
255.4
255.2
255.1
255
254.8
255.8
255.6
255.4
255.3
255.2
255
254.9
254.8
254.7
254.5
254.4
255.3
255.1
255
254.9
254.7
254.5
254.4
254.3
254.2
254
254.9
254.8
254.6
254.6
254.4
254.2
254.2
254
253.9
253.8
253.6
254.5
254.4
254.3
254.1
254
253.9
253.7
253.6
253.5
253.3
253.3
254.1
254
253.9
253.7
253.6
253.5
253.4
253.2
253.2
253
252.8
253.8
253.6
253.5
253.4
253.3
253.2
253
252.9
252.7
252.7
252.5
252.4
253.3
253.1
253.1
252.9
252.8
252.7
252.6
252.4
252.3
252.2
252.1
252
252.8
252.8
252.6
252.6
252.4
252.3
252.2
252
251.9
251.8
251.7
251.5
252.5
252.3
252.2
252.1
251.9
251.9
251.7
251.7
251.5
251.4
251.3
251.2
252.1
252
251.8
251.8
251.6
251.6
251.4
251.2
251.2
251
251
250.8
251.7
251.6
251.5
251.4
251.3
251.2
251.1
250.9
250.9
250.7
250.7
250.5
250.5
251.3
251.2
251.1
251
250.8
250.7
250.6
250.5
250.4
250.3
250.2
250.1
250
250.8
250.8
250.6
250.6
250.4
250.4
250.2
250.2
250
249.9
249.8
249.7
249.7
250.5
250.5
250.3
250.1
250.1
249.9
249.9
249.7
249.7
249.6
249.5
249.4
249.3
249.2
250
250
249.8
249.8
249.6
249.6
249.4
249.4
249.2
249.2
249
248.9
248.8
248.7
249.6
249.5
249.4
249.3
249.3
249.1
249.1
248.9
248.9
248.7
248.7
248.5
248.5
248.3
249.3
249.2
249.1
249
248.9
248.8
248.7
248.6
248.4
248.4
248.2
248.2
248
248
247.9
248.8
248.7
248.6
248.5
248.4
248.3
248.2
248.1
248.1
247.9
247.9
247.7
247.7
247.5
248.5
248.3
248.3
248.1
248.1
248
247.9
247.8
247.7
247.6
247.5
247.4
247.4
247.2
247.2
248.1
248
247.9
247.8
247.8
247.6
247.6
247.4
247.4
247.2
247.2
247.1
247
246.9
246.8
246.7
247.6
247.5
247.5
247.3
247.3
247.1
247.1
247.1
246.9
246.9
246.7
246.7
246.5
246.5
246.4
247.3
247.2
247.1
247
246.9
246.8
246.8
246.6
246.6
246.5
246.4
246.4
246.2
246.2
246
246
245.9
245.8
245.8
245.6
