fieldlength: 8168
recordcount: 3276800
oks: 100000
oks: 200000
oks: 300000
oks: 400000
oks: 500000
oks: 600000
oks: 700000
oks: 800000
oks: 900000
oks: 1000000
oks: 1100000
oks: 1200000
oks: 1300000
oks: 1400000
oks: 1500000
oks: 1600000
oks: 1700000
oks: 1800000
oks: 1900000
oks: 2000000
oks: 2100000
oks: 2200000
oks: 2300000
oks: 2400000
oks: 2500000
oks: 2600000
oks: 2700000
oks: 2800000
oks: 2900000
oks: 3000000
oks: 3100000
oks: 3200000

rocksdb	workloads/motivation.spec	1
# Load duration (sec): 842.634
# Loading records:	3276800
# Load throughput (KOPS): 3.88876
Count: 3276800  Average: 256.8549  StdDev: 36.27
Percentiles(us): P50: 255.66 P90: 293.82 P99: 410.68 P99.9: 556.27 P99.99: 1549.05
------------------------------------------------------
[     200,     250 ) 1444098  44.070%  44.070% #########
[     250,     300 ) 1717357  52.410%  96.480% ##########
[     300,     350 )   44640   1.362%  97.842% 
[     350,     400 )   32672   0.997%  98.839% 
[     400,     450 )   24649   0.752%  99.592% 
[     450,     500 )    7434   0.227%  99.818% 
[     500,     600 )    4751   0.145%  99.963% 
[     600,     700 )     520   0.016%  99.979% 
[     700,     800 )      75   0.002%  99.982% 
[     800,     900 )      92   0.003%  99.984% 
[     900,    1000 )      38   0.001%  99.986% 
[    1000,    1200 )      63   0.002%  99.987% 
[    1200,    1400 )      55   0.002%  99.989% 
[    1400,    1600 )      38   0.001%  99.990% 
[    1600,    1800 )      31   0.001%  99.991% 
[    1800,    2000 )      43   0.001%  99.993% 
[    2000,    2500 )     133   0.004%  99.997% 
[    2500,    3000 )      60   0.002%  99.998% 
[    3000,    3500 )      30   0.001%  99.999% 
[    3500,    4000 )       8   0.000% 100.000% 
[    4000,    4500 )      12   0.000% 100.000% 
[    5000,    6000 )       1   0.000% 100.000% 

Waiting 30s before performing transactions......

Avg CPU utilization (percent): 26.84

Starting performing transactions......

# Run duration (ms): 0.276143
# Run operations:	1000
# Run throughput (KOPS): 3.62131
Count: 1000  Average: 275.7861  StdDev: 52.19
Percentiles(us): P50: 276.45 P90: 327.34 P99: 540.00 P99.9: 669.29 P99.99: 669.29
------------------------------------------------------
[     200,     250 )      90   9.000%   9.000% ##
[     250,     300 )     775  77.500%  86.500% ################
[     300,     350 )      64   6.400%  92.900% #
[     350,     400 )      33   3.300%  96.200% #
[     400,     450 )      16   1.600%  97.800% 
[     450,     500 )       8   0.800%  98.600% 
[     500,     600 )      10   1.000%  99.600% 
[     600,     700 )       4   0.400% 100.000% 


Avg CPU utilization (percent): 30.00

