fieldlength: 4072
recordcount: 6553600
oks: 100000
oks: 200000
oks: 300000
oks: 400000
oks: 500000
oks: 600000
oks: 700000
oks: 800000
oks: 900000
oks: 1000000
oks: 1100000
oks: 1200000
oks: 1300000
oks: 1400000
oks: 1500000
oks: 1600000
oks: 1700000
oks: 1800000
oks: 1900000
oks: 2000000
oks: 2100000
oks: 2200000
oks: 2300000
oks: 2400000
oks: 2500000
oks: 2600000
oks: 2700000
oks: 2800000
oks: 2900000
oks: 3000000
oks: 3100000
oks: 3200000
oks: 3300000
oks: 3400000
oks: 3500000
oks: 3600000
oks: 3700000
oks: 3800000
oks: 3900000
oks: 4000000
oks: 4100000
oks: 4200000
oks: 4300000
oks: 4400000
oks: 4500000
oks: 4600000
oks: 4700000
oks: 4800000
oks: 4900000
oks: 5000000
oks: 5100000
oks: 5200000
oks: 5300000
oks: 5400000
oks: 5500000
oks: 5600000
oks: 5700000
oks: 5800000
oks: 5900000
oks: 6000000
oks: 6100000
oks: 6200000
oks: 6300000
oks: 6400000
oks: 6500000

rocksdb	workloads/motivation.spec	1
# Load duration (sec): 1579.61
# Loading records:	6553600
# Load throughput (KOPS): 4.14887
Count: 6553600  Average: 240.7422  StdDev: 32.33
Percentiles(us): P50: 227.62 P90: 249.71 P99: 368.61 P99.9: 512.56 P99.99: 1143.79
------------------------------------------------------
[     200,     250 ) 5932187  90.518%  90.518% ##################
[     250,     300 )  502448   7.667%  98.185% ##
[     300,     350 )   40481   0.618%  98.802% 
[     350,     400 )   34780   0.531%  99.333% 
[     400,     450 )   25577   0.390%  99.723% 
[     450,     500 )   10875   0.166%  99.889% 
[     500,     600 )    5562   0.085%  99.974% 
[     600,     700 )     782   0.012%  99.986% 
[     700,     800 )      87   0.001%  99.987% 
[     800,     900 )      47   0.001%  99.988% 
[     900,    1000 )      64   0.001%  99.989% 
[    1000,    1200 )      76   0.001%  99.990% 
[    1200,    1400 )      71   0.001%  99.991% 
[    1400,    1600 )      91   0.001%  99.993% 
[    1600,    1800 )      98   0.001%  99.994% 
[    1800,    2000 )      54   0.001%  99.995% 
[    2000,    2500 )     185   0.003%  99.998% 
[    2500,    3000 )      70   0.001%  99.999% 
[    3000,    3500 )      30   0.000%  99.999% 
[    3500,    4000 )      19   0.000% 100.000% 
[    4000,    4500 )       8   0.000% 100.000% 
[    4500,    5000 )       5   0.000% 100.000% 
[    5000,    6000 )       1   0.000% 100.000% 
[   12000,   14000 )       1   0.000% 100.000% 
[   25000,   30000 )       1   0.000% 100.000% 

Waiting 30s before performing transactions......

Avg CPU utilization (percent): 27.76

Starting performing transactions......

# Run duration (ms): 0.244541
# Run operations:	1000
# Run throughput (KOPS): 4.08929
Count: 1000  Average: 244.1641  StdDev: 13.81
Percentiles(us): P50: 231.53 P90: 276.23 P99: 298.28 P99.9: 500.00 P99.99: 518.40
------------------------------------------------------
[     200,     250 )     793  79.300%  79.300% ################
[     250,     300 )     204  20.400%  99.700% ####
[     300,     350 )       1   0.100%  99.800% 
[     350,     400 )       1   0.100%  99.900% 
[     500,     600 )       1   0.100% 100.000% 


Avg CPU utilization (percent): -nan

