fieldlength: 4072
recordcount: 6553600
oks: 100000
oks: 100000
oks: 200000
oks: 200000
oks: 300000
oks: 300000
oks: 400000
oks: 400000
oks: 500000
oks: 500000
oks: 600000
oks: 600000
oks: 700000
oks: 700000
oks: 800000
oks: 800000
oks: 900000
oks: 900000
oks: 1000000
oks: 1000000
oks: 1100000
oks: 1100000
oks: 1200000
oks: 1200000
oks: 1300000
oks: 1300000
oks: 1400000
oks: 1400000
oks: 1500000
oks: 1500000
oks: 1600000
oks: 1600000
oks: 1700000
oks: 1700000
oks: 1800000
oks: 1800000
oks: 1900000
oks: 1900000
oks: 2000000
oks: 2000000
oks: 2100000
oks: 2100000
oks: 2200000
oks: 2200000
oks: 2300000
oks: 2300000
oks: 2400000
oks: 2400000
oks: 2500000
oks: 2500000
oks: 2600000
oks: 2600000
oks: 2700000
oks: 2700000
oks: 2800000
oks: 2800000
oks: 2900000
oks: 2900000
oks: 3000000
oks: 3000000
oks: 3100000
oks: 3100000
oks: 3200000
oks: 3200000

rocksdb	workloads/motivation.spec	2
# Load duration (sec): 964.872
# Loading records:	6553600
# Load throughput (KOPS): 6.79219
Count: 6553600  Average: 294.1599  StdDev: 66.77
Percentiles(us): P50: 279.96 P90: 332.72 P99: 572.06 P99.9: 979.96 P99.99: 2265.61
------------------------------------------------------
[     200,     250 )  144596   2.206%   2.206% 
[     250,     300 ) 5228021  79.773%  81.980% ################
[     300,     350 )  803115  12.255%  94.234% ##
[     350,     400 )  150043   2.289%  96.524% 
[     400,     450 )   73716   1.125%  97.648% 
[     450,     500 )   48985   0.747%  98.396% 
[     500,     600 )   54935   0.838%  99.234% 
[     600,     700 )   24601   0.375%  99.610% 
[     700,     800 )   10899   0.166%  99.776% 
[     800,     900 )    5508   0.084%  99.860% 
[     900,    1000 )    3286   0.050%  99.910% 
[    1000,    1200 )    2820   0.043%  99.953% 
[    1200,    1400 )    1012   0.015%  99.969% 
[    1400,    1600 )     509   0.008%  99.976% 
[    1600,    1800 )     354   0.005%  99.982% 
[    1800,    2000 )     321   0.005%  99.987% 
[    2000,    2500 )     421   0.006%  99.993% 
[    2500,    3000 )     193   0.003%  99.996% 
[    3000,    3500 )     114   0.002%  99.998% 
[    3500,    4000 )      72   0.001%  99.999% 
[    4000,    4500 )      38   0.001%  99.999% 
[    4500,    5000 )      21   0.000% 100.000% 
[    5000,    6000 )      14   0.000% 100.000% 
[    6000,    7000 )       6   0.000% 100.000% 

Waiting 30s before performing transactions......

Avg CPU utilization (percent): 51.90

Starting performing transactions......

# Run duration (ms): 0.729116
# Run operations:	5000
# Run throughput (KOPS): 6.85762
Count: 5000  Average: 291.3012  StdDev: 22.41
Percentiles(us): P50: 278.42 P90: 310.91 P99: 381.63 P99.9: 562.50 P99.99: 765.99
------------------------------------------------------
[     200,     250 )      21   0.420%   0.420% 
[     250,     300 )    4362  87.240%  87.660% #################
[     300,     350 )     536  10.720%  98.380% ##
[     350,     400 )      49   0.980%  99.360% 
[     400,     450 )      14   0.280%  99.640% 
[     450,     500 )       8   0.160%  99.800% 
[     500,     600 )       8   0.160%  99.960% 
[     700,     800 )       2   0.040% 100.000% 


Avg CPU utilization (percent): 53.33

