275.5
275
276.2
276.5
277.8
278
279.2
280.4
280.6
281.7
281.9
282.6
283.5
284.1
284.9
285.8
286.7
287.5
287.5
288.6
289.6
290.4
290.2
291.1
291
291.8
292.7
292.6
293.6
294.5
294.4
295.3
296.2
296.2
297.1
297.9
298.7
298.5
299.3
300.1
300.8
300.5
301.3
302
301.8
302.5
303.3
304
303.7
304.3
304.8
305.3
305.7
306.2
306.7
307.2
307.7
308
308.5
308.8
309.4
309.9
309.4
310.1
310.6
311.1
310.7
311.2
311.9
312.3
312.8
312.4
313.1
313.7
314.3
314.8
314.4
315
315.5
316
316.5
316
316.5
316.9
317.5
316.9
317.5
317.9
318.4
318.8
319.1
319.4
319.6
319.7
319.8
320
320.1
321.2
321.3
321.5
321.5
322.6
322.7
322.9
321.9
323
323
323.1
322.2
323.2
323.4
323.6
323.8
324.9
324
324.1
325.2
325.3
325.4
325.5
325.6
325.7
325.7
326.8
326.9
325.8
326.5
325.2
324.9
324.6
324.3
323
323.7
