276.1
275.7
277.1
277.4
278.7
279
280.3
281.5
281.8
282.9
283.1
284.1
285.1
285.1
286.1
286.1
287.1
287.1
288.2
289.3
289.4
290.2
291.3
291.3
292.1
293
292.8
293.7
294.6
294.5
295.3
294.8
295.6
296.5
296.3
297
297.9
298.7
298.5
299.2
299.9
300.4
301.1
301.6
302.1
302.7
303.1
303.7
304.2
304.7
305.4
305.9
305.6
306.1
306.7
307.3
308
307.6
308.2
308.8
309.3
310
309.7
310.4
310.9
311.5
311.1
311.7
312.2
312.7
313.1
312.4
313
313.7
314.3
313.9
314.4
315
315.4
316
316.3
316.6
316.8
317
317.4
317.7
318
318
318.3
318.7
319
319.4
319.7
319
319.1
320.1
320.3
320.5
320.7
320.8
320.9
321.6
321.2
321
320.9
322.1
322.4
322.6
322.7
322.7
322.9
322.9
324
324.1
324.2
323.3
324.3
324.2
324.2
325.3
325.4
325.4
325.5
325.5
325.6
326.7
325.9
327.1
327.5
326.4
326.1
325.8
324.5
