7.4
51.4
90.7
113.4
123.4
129.3
133.5
137.4
139.8
142
144.3
145.8
147
149.7
152.4
153.2
154.7
155
155.5
156.2
156.5
156.7
157.2
157.6
157.8
158
161.5
162.1
162.7
163.1
163.1
163.1
163.3
163.2
163.2
163.4
163.3
163.5
164.9
166.6
166.7
166.7
166.6
166.4
166.6
166.5
166.5
166.8
166.7
166.6
166.8
168.4
170
170.9
169.7
169.6
169.6
169.5
169.4
169.4
169.2
169.2
169.2
170.6
171.8
172.4
172.3
172.1
172.1
172
171.9
171.8
171.6
171.6
171.7
172.7
173.7
174
173.8
173.7
173.6
173.4
173.4
173.3
173.2
173.2
173.2
174
174.9
175.8
175.6
175.4
175.4
175.2
175.1
175
174.8
174.7
174.9
175.6
176.4
177.2
177.3
177.2
177.1
177.1
176.9
176.8
176.2
176.1
175.9
176.6
177.3
178
178.1
178
178
177.9
177.6
177.6
177.5
177.4
177.3
177.9
178.5
179.1
179.6
179.4
179.3
179.2
179.1
179.1
178.9
178.8
178.8
179.3
179.8
180.4
180.9
180.8
180.7
180.5
180.4
180.3
180.2
180
180
180.5
181.1
181.6
181.9
181.7
181.8
181.6
181.5
181.4
181.3
181.1
181.2
181.6
182
182.5
182.5
182.7
182.7
182.5
182.4
182.3
182.2
182.1
182.2
182.6
182.9
183.2
183
182.9
182.8
182.7
182.7
182.6
182.5
182.4
182.4
182.8
183.2
183.6
183.9
183.8
183.7
183.6
183.5
183.4
183.3
183.2
183.3
183.6
183.8
184.3
184.6
184.5
184.4
184.2
184.1
184
183.9
183.8
183.9
184.3
184.7
185.1
185.3
185.2
185.1
185
184.9
184.8
184.7
184.3
184.4
184.7
185
185.4
185.7
185.6
185.5
185.4
185.3
185.2
185.1
185
185.2
185.5
185.7
186.1
186.1
186.1
186
185.9
185.8
185.7
185.6
185.5
185.6
185.9
186.2
186.4
186.6
186.5
186.5
186.3
186.2
186.2
186.1
186
186.1
186.4
186.6
186.9
187.1
187
186.9
186.8
186.7
186.7
186.6
186.5
186.6
186.8
187
187.3
187.5
187.4
187.1
187
186.9
186.9
186.8
186.7
186.8
187
187.3
187.5
187.6
187.5
187.4
187.4
187.3
187.3
187.2
187.1
187.1
187.3
187.5
187.8
188
187.9
187.9
187.8
187.7
187.6
187.5
187.5
187.5
187.7
187.9
188.2
188.2
188.1
188.1
188
187.9
187.8
187.8
187.7
187.8
188
188.2
188.4
188.7
188.9
188.8
188.7
188.6
188.6
188.5
188.4
188.5
188.4
188.6
188.8
189
188.9
188.8
188.7
188.7
188.6
188.5
188.4
188.6
188.8
188.9
189.1
189.3
189.3
189.3
189.2
189.1
189
189.1
189
189.1
189.3
189.5
189.7
189.9
189.8
189.7
189.7
189.6
189.5
189.4
189.4
189.6
189.7
189.9
190.2
190.3
190.4
190.4
190.3
190.2
190.2
190.1
190
190.2
190.3
190.5
190.7
190.8
190.9
190.9
190.7
190.6
190.5
190.4
190.4
190.5
190.7
190.8
191.1
191.2
191.3
191.3
191.2
191.2
191.1
191
191
191.2
191.3
191.5
191.6
191.8
191.9
191.8
191.7
191.7
191.6
191.5
191.5
191.7
191.8
192
192.1
192.3
192.3
192.2
192.1
192.1
192
191.9
191.9
192.1
192.2
192.4
192.5
192.7
192.8
192.8
192.7
192.6
192.6
192.5
192.5
192.6
192.7
192.9
192.8
192.9
192.9
192.8
192.8
192.7
192.7
192.6
192.6
192.8
192.9
193
193.2
193.2
193.3
193.3
193.2
193.1
193.1
193
193
193.2
193.4
193.5
193.7
193.8
193.8
193.7
193.6
193.5
193.4
193.3
193.3
193.5
193.6
193.7
193.8
194
194.1
194
193.9
193.9
193.8
193.7
193.7
193.9
194
194.1
194.2
194.3
194.5
194.4
194.4
194.3
194.3
194.1
194.2
194.3
194.4
194.5
194.6
194.7
194.8
194.7
194.7
194.6
194.5
194.5
194.5
194.6
194.7
194.9
195
195
195
194.9
194.9
194.8
194.7
194.7
194.7
194.8
194.9
195
195.2
195.3
195.4
195.3
195.3
195.2
195.1
195.1
195.1
195.2
195.4
195.5
195.6
195.7
195.7
195.7
195.6
195.5
195.5
195.4
195.5
195.6
195.7
195.8
195.9
196
196.1
195.9
195.9
195.8
195.8
195.7
195.8
195.9
196
196.1
196.2
196.2
196.2
196.1
196.1
196
196
195.9
196
196.1
196.2
196.3
196.4
196.5
196.4
196.3
196.3
196.2
196.2
196.1
196.2
196.3
196.4
196.5
196.6
196.7
196.8
196.8
196.8
196.7
196.6
196.6
196.7
196.8
196.9
197
197.1
197.2
197.3
197.2
197.2
197.1
197
197
197.1
197.2
197.3
197.3
197.4
197.5
197.4
197.4
197.3
197.3
197.2
197.2
197.3
197.4
197.5
197.6
197.7
197.7
197.6
197.6
197.5
197.5
197.4
197.4
197.5
197.6
197.7
197.8
197.9
197.9
197.9
197.8
197.7
197.7
197.6
197.7
197.7
197.8
197.9
198
198.1
198.2
198.2
198.2
198.1
198.1
198
198
198.1
198.2
198.3
198.4
198.4
198.5
198.6
198.5
198.5
198.4
198.3
198.3
198.4
198.5
198.6
198.7
198.7
198.7
198.7
198.6
198.6
198.5
198.5
198.5
198.6
198.7
198.8
198.9
198.9
199
199
198.9
198.9
198.8
198.8
198.8
198.9
199
199
199.1
199.2
199.3
199.3
199.2
199.2
199.1
199.1
199.1
199.2
199.2
199.3
199.4
199.5
199.6
199.5
199.5
199.4
199.4
199.3
199.4
199.4
199.5
199.6
199.7
199.7
199.8
199.7
199.7
199.6
199.6
199.5
199.6
199.6
199.7
199.8
199.9
199.9
200
199.9
199.9
199.8
199.8
199.7
199.8
199.8
199.9
200
200.1
200.1
200.2
200.2
200.2
200.1
200.1
200.1
200.1
200.2
200.3
200.3
200.4
200.5
200.4
200.4
200.4
200.3
200.2
200.2
200.3
200.3
200.4
200.5
200.5
200.6
200.7
200.7
200.7
200.6
200.6
200.5
200.6
200.7
200.7
200.8
200.9
200.9
201
201.1
201
201
200.9
200.9
201
201.1
201.1
201.2
201.3
201.3
201.4
201.3
201.3
201.2
201.2
201.2
201.3
201.3
201.4
201.5
201.5
201.6
201.6
201.5
201.5
201.4
201.4
201.4
201.5
201.5
201.7
201.8
201.8
201.9
201.9
201.9
201.8
201.8
201.7
201.7
201.8
201.9
201.9
202
202
202.1
201.9
201.9
201.9
201.8
201.8
201.9
201.8
201.9
202
202
202.1
202.1
202.1
202
202
201.9
201.9
201.9
202
202
202.1
202.2
202.2
202.3
202.3
202.2
202.2
202.1
202.1
202.1
202.2
202.3
202.3
202.4
202.4
202.5
202.4
202.4
202.3
202.3
202.2
202.3
202.3
202.4
202.5
202.5
202.6
202.6
202.7
202.6
202.6
202.5
202.5
202.5
202.7
202.6
202.7
202.7
202.8
202.9
202.9
202.9
202.8
202.8
202.8
202.8
202.9
202.9
203
203
203.1
203.1
203.2
203.2
203.2
203.1
203.1
203.2
203.3
203.3
203.4
203.4
203.5
203.4
203.4
203.4
203.3
203.3
203.3
203.3
203.4
203.4
203.5
203.5
203.6
203.6
203.8
203.7
203.7
203.7
203.7
203.8
203.9
204
204
204.1
204.1
204.1
204
204
203.8
203.8
203.8
203.9
203.9
204
204
204.1
204.1
204.1
204
204
204
203.9
203.9
204
204
204.1
204.1
204.2
204.2
204.2
204.2
204.2
204.1
204.1
204.1
204.2
204.2
204.4
204.4
204.5
204.5
204.6
204.6
204.6
204.6
204.5
204.6
204.6
204.7
204.7
204.8
204.8
204.9
204.9
204.8
204.8
204.8
204.7
204.8
204.8
204.9
204.9
205
205
205
205
204.9
204.9
204.9
204.8
204.9
204.9
205
205
205.1
205.1
205.2
205.2
205.3
205.2
205.2
205.2
205.2
205.3
205.3
205.3
205.4
205.4
205.5
205.5
205.5
205.4
205.4
205.4
205.4
205.5
205.5
205.5
205.6
205.6
205.7
205.7
205.7
205.7
205.6
205.6
205.7
205.7
205.8
205.8
205.8
205.9
205.9
205.9
205.9
205.8
205.8
205.8
205.8
205.9
205.9
205.9
206
206
206.1
206.1
206.1
206.1
206
206
206.1
206.1
206.2
206.2
206.3
206.3
206.4
206.4
206.4
206.3
206.3
206.3
206.3
206.4
206.4
206.5
206.5
206.6
206.6
206.5
206.5
206.5
206.4
206.4
206.5
206.5
206.6
206.6
206.6
206.7
206.7
206.8
206.8
206.7
206.7
206.7
206.8
206.8
206.9
206.9
206.9
207.1
207.1
207.2
207
206.9
206.9
207
207
207
207.1
207.1
207.2
207.2
207.2
207.1
207.1
207.1
207.1
207.1
207.1
207.2
207.2
207.3
207.3
207.3
207.3
207.3
207.2
207.2
207.2
207.2
207.3
207.3
207.4
207.4
207.4
207.5
207.5
207.5
207.5
207.5
207.5
207.5
207.6
207.6
207.7
207.7
207.7
207.8
207.8
207.8
207.8
207.8
207.8
207.8
207.8
207.9
207.9
207.9
208
208
208
208.1
208.1
208.1
208.1
208.1
208.1
208.2
208.2
208.3
208.3
208.3
208.3
208.2
208.2
208.2
208.2
208.2
208.2
208.3
208.3
208.4
208.4
208.4
208.5
208.5
208.5
208.4
208.5
208.5
208.5
208.6
208.6
208.6
208.7
208.7
208.7
208.7
208.7
208.6
208.7
208.7
208.7
208.8
208.8
208.8
208.9
208.9
208.9
208.9
208.9
208.9
208.9
208.9
208.9
209
209
209.1
209.1
209.1
209.2
209.2
209.2
209.2
209.2
209.2
209.3
209.3
209.3
209.3
209.3
209.3
209.3
209.3
209.3
209.3
209.3
209.3
209.3
209.3
209.3
209.3
209.3
209.3
209.3
209.3
209.3
209.3
209.3
209.3
209.3
209.3
209.3
209.3
209.3
209.3
209.3
209.3
209.3
209.3
209.3
209.3
209.3
209.3
209.3
209.3
209.3
209.3
209.3
209.3
209.3
209.3
209.3
209.3
209.3
209.3
209.3
209.3
209.3
209.3
209.3
209.3
209.3
209.3
209.3
209.3
209.3
209.3
209.3
209.3
209.3
209.3
209.3
210.3
210.3
210.3
210.3
210.3
210.3
210.3
210.3
210.3
210.3
210.3
210.3
210.3
210.3
210.3
210.3
210.3
210.3
210.3
210.3
210.3
210.3
210.3
210.3
210.3
210.3
210.3
210.3
210.3
210.3
210.3
210.3
210.3
210.3
210.3
210.3
210.3
210.3
210.3
210.3
210.3
210.3
210.3
210.3
210.3
210.3
210.3
210.3
210.3
210.3
210.3
210.3
210.3
210.3
210.3
210.3
210.3
210.3
210.3
210.3
210.3
210.3
210.3
210.3
210.3
210.3
210.3
210.3
211.3
211.3
211.3
210.3
210.3
210.3
210.3
210.3
211.3
211.3
211.3
211.3
211.3
211.3
210.3
210.3
210.3
210.3
210.3
210.3
211.3
211.3
211.3
211.3
211.3
211.3
211.3
211.3
211.3
211.3
211.3
211.3
211.3
211.3
211.3
211.3
211.3
211.3
211.3
211.3
211.3
211.3
211.3
211.3
211.3
211.3
211.3
211.3
211.3
211.3
211.3
211.3
211.3
211.3
211.3
211.3
211.3
211.3
211.3
211.3
211.3
211.3
211.3
211.3
211.3
211.3
211.3
211.3
211.3
211.3
211.3
211.3
211.3
211.3
211.3
211.3
211.3
211.3
211.3
211.3
211.3
211.3
211.3
211.3
211.3
211.3
211.3
211.3
211.3
211.3
211.3
211.3
211.3
211.3
211.3
211.3
211.3
211.3
211.3
211.3
211.3
211.3
211.3
211.3
211.3
211.3
211.3
211.3
211.3
211.3
211.3
211.3
211.3
211.3
211.3
211.3
211.3
211.3
211.3
211.3
211.3
211.3
211.3
211.3
211.3
211.3
211.3
211.3
211.3
212.3
212.3
212.3
212.3
212.3
211.3
211.3
211.3
211.3
212.3
212.3
212.3
212.3
212.3
212.3
212.3
212.3
212.3
212.3
212.3
212.3
212.3
212.3
212.3
212.3
212.3
212.3
212.3
212.3
212.3
212.3
212.3
212.3
212.3
212.3
212.3
212.3
212.3
212.3
212.3
212.3
212.3
212.3
212.3
212.3
212.3
212.3
212.3
212.3
212.3
212.3
212.3
212.3
212.3
212.3
212.3
212.3
212.3
212.3
212.3
212.3
212.3
212.3
212.3
212.3
212.3
212.3
212.3
212.3
212.3
212.3
212.3
212.3
212.3
212.3
212.3
212.3
212.3
212.3
212.3
212.3
212.3
212.3
212.3
212.3
212.3
212.3
212.3
212.3
212.3
212.3
212.3
212.3
212.3
212.3
212.3
212.3
212.3
212.3
212.3
212.3
212.3
212.3
212.3
212.3
212.3
212.3
212.3
212.3
212.3
212.3
212.3
212.3
212.3
212.3
212.3
212.3
212.3
212.3
212.3
212.3
212.3
212.3
212.3
212.3
212.3
212.3
212.3
212.3
212.3
212.3
213.3
213.3
213.3
213.3
212.3
212.3
212.3
212.3
212.3
212.3
212.3
213.3
213.3
213.3
213.3
213.3
213.3
213.3
213.3
213.3
213.3
213.3
213.3
213.3
213.3
213.3
213.3
213.3
213.3
213.3
213.3
213.3
213.3
213.3
213.3
213.3
213.3
213.3
213.3
213.3
213.3
213.3
213.3
213.3
213.3
213.3
213.3
213.3
213.3
213.3
213.3
213.3
213.3
213.3
213.3
213.3
213.3
213.3
213.3
213.3
213.3
213.3
213.3
213.3
213.3
213.3
213.3
213.3
213.3
213.3
213.3
213.3
213.3
213.3
213.3
213.3
213.3
213.3
213.3
213.3
213.3
213.3
213.3
213.3
213.3
213.3
213.3
213.3
213.3
213.3
213.3
213.3
213.3
213.3
213.3
213.3
213.3
213.3
213.3
213.3
213.3
213.3
213.3
213.3
213.3
213.3
213.3
213.3
213.3
213.3
213.3
213.3
213.3
213.3
213.3
213.3
213.3
213.3
213.3
213.3
213.3
214.3
214.3
213.3
213.3
213.3
213.3
213.3
213.3
213.3
213.3
214.3
214.3
214.3
214.3
214.3
213.3
213.2
213.2
213.2
213.3
214.2
214.2
214.1
214.1
