6.9
55.6
99.2
113.1
118.8
123
126.6
128.6
131
132.3
136.2
138.9
140.4
141.1
141.3
141.9
142.3
142.9
142.9
143.6
147.9
148.9
149.3
149.2
149.3
147.2
147.4
147.3
147.8
150.3
152.5
152.4
152.2
152.2
152.1
152.4
152.4
152.3
153.4
155.5
156.9
156.6
156.4
156.2
156
155.8
155.7
156.4
158
159.6
159.8
159.6
159.3
159.1
158.9
158.6
159.1
160.4
161.8
161.9
161.6
161.4
161.3
161
160.8
161.1
162.2
163.4
163.9
163.6
163.5
163.2
163
162.7
162.9
163.9
164.9
165.7
165.6
164.8
164.7
164.5
164.3
164.3
165.1
165.9
166.7
166.9
166.7
166.5
166.3
166.2
166.1
166.8
167.6
168.3
168.6
168.4
168.2
168
167.8
167.7
168.3
169
169.6
170.2
170.1
169.9
169.7
169.5
169.4
169.9
170.5
171.1
171.6
171.5
171.3
171.1
170.8
170.7
171.2
171.8
172.3
172.8
173.2
173
172.8
172.6
172.4
172.9
173.3
173.8
173.8
173.2
173
172.8
172.6
172.4
172.9
173.3
173.7
173.8
173.8
173.8
173.8
173.8
173.6
173.8
173.8
174.8
174.8
174.8
174.8
173.8
173.8
173.8
173.8
174.8
174.8
175.8
174.8
174.9
174.9
174.9
174.9
174.9
174.9
175.9
175.9
175.9
175.9
175.9
175.9
174.9
175.9
175.9
175.9
176.9
176.9
176.9
175.9
175.9
175.9
175.9
176.9
176.9
176.9
176.8
176.8
176.8
176.8
175.8
176.8
176.8
176.8
177.8
177.8
177.8
176.8
176.8
176.8
176.8
177.8
177.8
177.8
177.8
177.8
177.8
176.8
176.8
176.8
177.9
177.9
177.9
177.9
177.9
177.9
177.9
177.9
177.9
177.9
177.9
178.9
178.9
178.9
178.9
177.9
177.9
177.9
178.9
178.9
178.9
178.9
178.9
178.9
178.9
178.9
178.9
178.9
178.9
178.9
179.9
178.8
178.8
178.8
178.8
178.8
178.8
178.8
179.8
179.8
179.8
179.8
179.8
179.8
179.8
179.8
179.8
179.8
180.8
180.8
179.8
179.8
179.8
179.8
179.8
180.8
180.8
180.8
180.8
180.8
180.8
180.8
180.8
180.8
180.8
180.8
181.8
181.8
181.8
180.8
180.8
180.8
181.8
181.8
181.8
181.8
181.8
181.8
181.8
181.8
181.8
181.8
182.8
182.8
182.8
182.7
182.7
182.7
181.8
182.8
182.8
182.8
182.8
182.8
182.8
182.8
182.8
182.8
182.8
182.8
183.8
183.8
183.8
183.8
183.8
183.8
183.8
183.8
183.8
183.8
183.8
183.8
183.8
183.8
183.8
183.8
183.8
183.8
183.8
184.8
184.8
184.8
184.8
184.8
184.8
184.8
184.8
184.8
184.8
184.8
184.8
184.8
184.8
184.8
184.8
184.8
184.8
185.9
185.9
185.8
185.8
185.8
185.8
185.8
185.8
185.8
185.8
185.8
185.8
185.8
185.8
185.8
185.8
185.8
185.8
185.8
185.8
186.8
186.8
185.8
185.8
185.8
185.8
186.8
186.8
186.8
186.8
186.8
186.8
186.8
186.8
186.8
186.8
186.8
186.8
187.8
187.8
186.8
186.8
186.8
186.8
187.8
187.8
187.8
187.8
187.8
187.8
187.8
187.8
187.8
187.8
187.8
187.8
188.8
187.8
187.8
187.8
187.8
187.8
187.8
187.8
188.8
188.8
188.8
188.8
188.8
188.8
188.8
188.8
188.8
188.8
188.8
188.8
188.8
188.8
188.8
188.8
188.8
188.8
188.8
188.8
189.8
188.8
188.8
188.8
188.8
189.8
189.8
189.8
189.8
189.8
189.8
189.8
189.8
189.8
189.8
189.8
189.8
189.8
189.8
189.8
189.8
189.8
189.8
189.8
189.8
189.8
190.8
190.8
189.7
189.8
189.8
189.8
190.8
190.8
190.8
190.8
190.8
190.8
190.8
190.8
190.8
190.8
190.8
190.8
190.8
190.8
190.8
190.8
190.8
190.8
190.8
190.8
190.8
191.8
191.8
191.8
190.8
190.8
191.8
191.8
191.8
191.8
191.8
191.8
191.8
191.8
191.8
191.8
191.8
191.8
191.8
191.8
191.8
191.8
191.8
191.8
191.8
191.8
191.8
191.8
191.8
191.8
191.8
191.7
191.7
191.7
191.7
191.7
192.7
192.7
192.7
192.7
192.7
192.7
192.7
192.7
192.7
192.7
192.7
192.7
192.7
192.7
192.7
192.7
192.7
192.7
192.7
192.7
193.7
193.7
192.7
192.7
193.7
193.7
193.7
193.7
193.7
193.7
193.7
193.7
193.7
193.7
193.7
193.7
193.7
193.7
193.7
193.7
193.7
193.7
193.7
193.7
193.7
193.7
193.7
194.7
193.7
193.7
193.7
193.7
193.7
193.7
194.7
194.7
194.7
194.7
193.7
193.7
194.7
194.7
194.7
194.7
194.7
194.7
194.7
194.7
194.7
194.7
194.7
194.7
194.7
194.7
194.7
194.7
194.7
194.7
194.7
195.7
195.7
195.7
195.7
195.7
195.7
195.7
195.7
195.7
195.7
195.7
195.7
195.7
195.7
195.7
195.7
195.7
195.7
195.7
195.7
195.7
195.7
195.7
195.7
195.7
195.7
195.7
195.7
195.7
195.7
196.7
196.7
196.7
195.7
195.7
195.7
196.7
196.7
196.7
196.7
196.7
196.7
196.7
196.7
196.7
196.7
196.7
196.7
196.7
196.7
196.7
196.7
196.7
196.7
196.7
196.7
196.7
196.7
196.7
196.7
196.7
196.7
196.7
196.7
197.7
197.7
197.7
197.7
197.7
197.7
197.7
197.7
197.7
197.7
197.7
197.7
197.7
197.7
197.7
197.7
197.7
197.7
197.7
197.7
197.7
197.7
197.7
197.7
197.7
197.7
197.7
197.7
197.7
197.7
197.7
197.7
197.7
197.7
197.7
198.7
198.7
198.7
198.7
198.7
198.7
198.7
198.7
198.7
198.7
198.7
198.7
198.7
198.7
198.7
198.7
198.7
198.7
198.7
198.7
198.7
198.7
198.7
198.7
198.7
198.7
198.7
198.7
198.7
198.7
198.7
199.7
199.7
199.7
199.7
199.6
199.6
199.6
199.6
199.6
199.6
199.6
199.6
199.6
199.6
199.6
199.6
199.6
199.6
199.6
199.6
199.6
199.6
199.6
199.6
199.6
199.7
199.7
199.7
199.7
200.7
199.7
199.7
200.7
200.7
200.7
200.7
200.7
200.7
200.7
200.7
200.7
200.7
200.7
200.7
200.7
200.7
200.7
200.7
200.7
200.7
200.7
200.7
200.7
200.7
200.7
200.7
200.7
200.6
200.6
200.6
200.6
200.6
201.6
201.6
201.6
201.6
201.6
201.7
201.7
201.7
201.7
201.7
201.7
201.7
201.7
201.7
201.7
201.7
201.7
201.7
201.7
201.7
201.7
201.7
201.7
201.7
201.7
201.7
201.7
201.7
201.7
201.7
201.7
201.7
201.7
201.7
201.7
201.7
201.7
201.7
201.7
202.7
201.7
201.7
202.7
202.7
202.7
202.7
202.7
202.7
202.7
202.6
202.6
202.6
202.6
202.7
202.7
202.7
202.7
202.7
202.7
202.7
202.7
202.7
202.7
202.7
202.7
202.7
202.7
202.7
202.7
202.7
202.7
202.7
202.7
203.7
203.7
203.7
203.7
203.7
203.7
203.7
203.7
203.7
203.7
203.7
203.7
203.7
203.7
203.7
203.7
203.7
203.7
203.7
203.7
203.7
203.7
203.7
203.7
203.7
203.7
203.7
203.7
204.7
204.7
204.6
204.7
204.7
204.7
204.7
204.7
204.7
204.7
204.7
204.7
204.7
204.7
204.7
204.7
204.7
204.7
204.7
204.7
204.7
204.7
204.7
204.7
204.7
204.7
204.7
204.7
204.7
204.7
204.7
204.7
204.7
204.7
204.7
204.7
204.7
204.7
204.7
204.7
205.7
205.7
205.7
205.7
205.7
205.7
205.7
205.7
205.7
205.7
205.7
205.7
205.7
205.7
205.7
205.7
205.7
205.7
205.7
205.7
205.7
205.7
205.7
205.7
205.7
205.7
205.7
205.7
205.7
205.7
205.7
205.7
205.7
205.7
205.7
205.7
205.7
205.7
205.7
205.7
205.7
205.7
205.7
205.7
205.7
205.7
205.7
205.7
205.7
205.7
205.7
205.7
206.7
206.7
206.7
206.7
206.7
206.7
206.7
206.7
206.7
206.7
206.7
206.7
206.7
206.7
206.7
206.7
206.7
206.6
206.6
206.6
206.6
206.6
206.6
206.6
206.6
206.6
206.6
206.6
206.7
206.7
206.7
206.7
206.7
206.7
206.7
206.7
206.7
207.7
207.7
207.7
207.7
207.7
207.7
207.7
207.7
207.7
207.7
207.7
207.7
207.7
207.7
207.7
207.7
207.7
207.7
207.7
207.7
207.7
207.7
207.7
207.7
207.7
207.7
207.7
207.7
207.7
207.7
207.7
207.7
207.7
207.6
207.6
207.6
207.6
207.6
207.6
207.6
208.6
208.6
208.6
208.6
208.6
208.6
208.6
208.6
208.6
208.6
208.6
208.6
208.6
208.6
208.6
208.6
208.6
208.6
208.6
208.6
208.6
208.6
208.6
208.6
208.6
208.6
208.6
208.6
208.6
208.6
208.6
208.6
208.6
208.6
208.6
208.6
208.6
208.6
208.6
208.7
208.7
208.7
208.7
208.7
208.7
208.7
208.6
208.6
208.6
208.6
208.6
209.6
209.6
209.6
209.6
209.6
209.6
209.6
209.6
209.6
209.6
209.6
209.6
209.6
209.6
209.6
209.6
209.6
209.6
209.6
209.6
209.6
209.6
209.6
209.6
209.7
209.7
209.7
209.7
209.7
209.7
209.7
209.7
209.6
209.6
209.6
209.7
209.7
209.6
209.7
209.7
209.7
209.7
209.7
209.7
209.7
209.7
209.7
209.7
209.6
209.6
209.6
209.6
209.6
209.6
209.6
209.6
210.6
210.6
210.6
210.6
210.6
209.6
209.6
209.6
210.6
210.6
210.6
210.6
210.6
210.6
210.6
210.6
210.6
210.6
210.6
210.6
210.6
210.6
210.6
210.6
210.6
210.6
210.6
210.6
210.6
210.6
210.6
210.6
210.6
210.6
210.6
210.6
210.6
210.6
210.7
210.7
210.7
210.7
210.7
210.7
210.7
210.7
210.6
210.6
210.6
210.6
210.6
210.6
210.6
210.6
210.6
210.6
210.6
210.6
210.6
210.6
210.6
210.6
210.6
210.6
210.6
210.6
210.6
210.6
210.6
210.6
210.6
210.6
210.6
210.6
210.6
210.6
210.6
210.6
210.6
210.6
210.6
211.6
211.6
211.7
211.7
211.7
211.7
211.7
211.7
211.7
211.7
211.7
211.7
211.7
211.7
211.7
211.7
211.7
211.7
211.6
211.6
211.6
211.6
211.6
211.6
211.6
211.6
211.6
211.6
211.6
211.6
211.6
211.6
211.6
211.6
211.6
211.6
211.6
211.6
211.6
211.7
211.7
211.7
211.7
211.7
211.7
211.7
211.7
211.7
211.7
211.7
211.7
211.7
211.7
211.7
211.7
211.7
211.7
211.7
211.7
211.7
211.7
211.7
211.7
211.7
211.7
211.7
211.7
211.7
211.7
211.7
211.7
211.7
211.6
211.6
211.6
211.6
211.6
211.6
211.6
211.6
211.6
211.6
211.6
211.6
211.6
211.6
211.6
211.6
211.6
211.6
211.6
211.6
211.6
211.6
211.6
211.6
211.6
211.6
211.6
212.7
212.6
212.7
212.7
212.7
212.7
212.7
212.7
212.7
212.7
212.7
212.7
212.7
212.7
212.7
212.7
212.7
212.7
212.7
212.7
212.7
212.7
212.7
212.7
212.7
212.7
212.6
212.6
212.6
212.6
212.6
212.6
212.6
212.6
212.6
212.6
212.6
212.6
212.6
212.6
212.6
212.6
212.6
212.6
212.6
212.6
212.6
212.6
212.6
212.6
212.6
212.6
212.6
212.6
212.6
212.6
212.6
212.6
212.6
212.6
212.6
212.6
212.6
212.6
212.6
212.6
212.6
212.6
212.6
212.6
212.6
212.6
212.6
212.6
212.6
212.6
212.6
212.6
212.6
212.6
212.6
212.6
212.6
212.6
212.6
213.6
212.6
212.6
212.6
213.6
213.6
213.6
213.6
213.6
213.6
213.6
213.6
213.6
213.6
213.6
213.6
213.6
213.6
213.6
213.6
213.6
213.6
213.6
213.6
213.6
213.6
213.6
213.6
213.6
213.6
213.6
213.6
213.6
213.6
213.6
213.6
213.6
213.6
213.6
213.6
213.6
213.6
213.6
213.6
213.6
213.6
213.7
213.7
213.6
213.6
213.6
213.6
213.6
213.6
213.6
213.6
213.6
213.6
213.6
213.6
213.6
213.6
213.6
213.6
213.6
213.6
213.6
213.6
213.6
213.6
213.6
213.6
213.6
213.6
213.6
213.6
213.6
213.6
213.6
213.6
213.6
213.6
213.6
213.6
213.6
213.6
213.6
213.6
213.6
213.6
213.6
213.6
213.6
213.6
213.6
213.6
213.6
213.6
213.6
213.6
213.6
213.6
213.6
213.6
213.6
213.6
213.6
213.6
213.6
213.6
213.6
213.6
213.6
213.6
213.6
213.6
213.6
213.6
213.6
213.6
213.6
213.6
213.6
213.6
213.6
213.6
213.6
213.6
213.6
213.6
213.6
213.6
213.6
213.6
213.6
213.6
213.6
213.6
213.6
213.6
213.6
213.6
213.6
214.6
214.6
214.6
214.6
214.6
214.6
214.6
214.6
214.6
214.6
214.6
214.6
214.6
214.6
214.6
214.6
214.6
214.6
214.6
214.6
214.6
214.6
214.6
214.6
214.6
214.6
214.6
214.6
214.6
214.6
214.6
214.6
214.6
214.6
214.6
214.6
214.6
214.6
214.6
214.6
214.6
214.6
214.6
214.6
214.6
214.6
214.6
214.6
214.6
214.6
214.6
214.6
214.6
214.6
214.6
214.6
214.6
214.7
214.7
214.7
214.7
214.7
214.7
214.7
214.7
214.6
214.6
214.6
214.6
214.6
214.6
214.6
214.6
214.6
214.6
214.6
214.6
214.6
214.6
214.6
214.6
214.6
214.6
214.6
214.6
214.6
214.6
214.6
214.6
214.6
214.6
214.6
214.6
214.6
214.6
214.6
214.6
214.6
214.6
214.6
214.6
214.6
214.6
214.6
214.6
214.6
214.6
214.6
214.6
214.6
214.6
214.6
214.6
214.6
214.6
214.6
214.6
214.6
214.6
214.6
214.6
214.6
214.6
214.6
214.6
214.6
214.6
214.6
214.6
214.6
214.6
214.6
214.6
215.6
215.6
215.6
215.6
215.6
215.6
215.6
215.6
215.6
215.6
215.6
215.6
215.6
215.6
215.6
215.6
215.6
215.6
215.6
215.6
215.6
215.6
215.6
215.6
215.6
215.6
215.6
215.6
215.6
215.6
215.6
215.6
215.6
215.6
215.6
215.6
215.6
215.6
215.6
215.6
215.6
215.6
215.6
215.6
215.6
215.6
215.6
215.6
215.6
215.6
215.6
215.6
215.6
215.6
215.6
215.6
215.6
215.6
215.6
215.6
215.6
215.6
215.6
215.6
215.6
215.6
215.6
215.6
215.6
215.6
215.6
215.6
215.6
215.6
215.6
215.6
215.6
215.6
215.6
215.6
215.6
215.6
215.6
215.6
215.6
215.6
215.6
215.6
215.6
215.6
215.6
215.6
215.6
215.6
215.6
215.6
215.6
215.6
215.6
215.6
215.6
215.6
215.6
215.6
215.6
215.6
215.6
215.6
215.6
215.6
215.6
215.6
215.6
215.6
215.6
215.6
215.6
215.6
215.6
215.6
215.6
215.6
215.6
215.6
215.6
215.6
215.6
215.6
215.6
215.6
215.6
215.6
215.6
215.6
215.6
215.6
215.6
215.6
216.6
216.6
216.6
216.6
216.6
216.6
216.6
216.6
216.6
216.6
216.6
216.6
216.6
216.6
216.6
216.6
216.6
216.6
216.6
216.6
216.6
216.6
216.6
216.6
216.6
216.6
216.6
216.6
216.6
216.6
216.6
216.6
216.6
216.6
216.6
216.6
216.6
216.6
216.6
216.6
216.6
216.6
216.6
216.6
216.6
216.6
216.6
216.6
216.6
216.6
216.6
216.6
216.6
216.6
216.6
216.6
216.6
216.6
216.6
216.6
216.6
216.6
216.6
216.6
216.7
216.7
216.6
216.6
216.6
216.6
216.6
216.6
216.6
216.6
216.6
216.6
216.6
216.6
216.6
216.6
216.6
216.6
216.6
216.6
216.6
216.6
216.6
216.6
216.6
216.6
216.6
216.6
216.6
216.6
216.6
216.6
216.6
216.6
216.6
216.6
216.6
216.6
216.6
216.6
216.6
216.6
216.6
216.6
216.6
216.7
216.7
216.7
216.7
216.7
216.7
216.7
216.7
216.7
216.7
216.7
216.7
216.6
216.6
216.6
216.6
216.6
216.6
216.6
216.6
216.6
216.6
216.6
216.6
216.6
216.6
216.6
216.6
216.7
216.7
216.7
216.7
216.7
216.7
216.7
216.7
216.7
217.7
217.7
217.7
217.7
217.7
217.7
217.7
217.7
217.7
217.7
217.7
217.7
217.7
217.7
217.7
217.7
217.7
217.7
217.7
217.7
217.7
217.7
217.7
217.7
217.7
217.7
217.7
217.7
217.7
217.7
217.6
217.6
217.6
217.6
217.6
217.6
217.6
217.7
217.7
217.7
217.7
217.7
217.7
217.7
217.7
217.7
217.7
217.7
217.7
217.7
217.7
217.7
217.7
217.7
217.7
217.7
217.7
217.7
217.7
217.7
217.7
217.7
217.7
217.7
217.7
217.7
217.6
217.6
217.6
217.6
217.6
217.6
217.6
217.6
217.6
217.6
217.6
217.6
