
Node Configure: 
    Node ID: 0
    Node IP: 10.10.1.2
    Listen IP: 0.0.0.0
    Ports: 50051,50052,50053,50054,50055,50056,50057,50058,50059,50060,50061,50062,50063,50064,50065,50066
    KVDB num (at start): 1
    Server thread num (of each KVDB): 16
    CPU cores num: 20
    KVDB base path: /tmp/nofdb

[INFO] CPU monitor is enabled
[INFO] Stats recorder is enabled

mlx5_net: Default miss action is not supported.
mlx5_net: Default miss action is not supported.
mlx5_net: Default miss action is not supported.
mlx5_net: Default miss action is not supported.
get addr_0, ip_10.10.1.3
get addr_1, ip_10.10.1.4
Initiator is bound to core 1
recover: before head 0 before tail 0
recover: after_head 0 after_tail 0
recover: before head 2048
recover: after_head 2048
recover: before head 198656
recover: after_head 198656
recover: before head 395264
recover: after_head 395264
[INFO] NoFDB opened successfully
[INFO] NoFDBKVS No.0 initialized, belongs to node_id: 0
[INFO] Tagged worker 0 is bound to core 4
[INFO] Tagged worker 1 is bound to core 5
[INFO] Tagged worker 2 is bound to core 6
[INFO] Tagged worker 3 is bound to core 7
[INFO] Tagged worker 4 is bound to core 8
[INFO] Tagged worker 5 is bound to core 9
[INFO] Tagged worker 6 is bound to core 10
[INFO] Tagged worker 7 is bound to core 11
[INFO] Tagged worker 8 is bound to core 12
[INFO] Tagged worker 9 is bound to core 13
[INFO] Tagged worker 10 is bound to core 14
[INFO] Tagged worker 11 is bound to core 15
[INFO] Tagged worker 12 is bound to core 16
[INFO] Tagged worker 13 is bound to core 17
[INFO] Tagged worker 14 is bound to core 18
[INFO] Tagged worker 15 is bound to core 19
[INFO] Tagged worker 16 is bound to core 20
[INFO] NoFDBKVS No.0 -- Server No.2 is listening on 0.0.0.0:50053
[INFO] NoFDBKVS No.0 -- Server No.6 is listening on 0.0.0.0:50057
[INFO] NoFDBKVS No.0 -- Server No.3 is listening on 0.0.0.0:50054
[INFO] NoFDBKVS No.0 -- Server No.1 is listening on 0.0.0.0:50052
[INFO] NoFDBKVS No.0 -- Server No.0 is listening on 0.0.0.0:50051
[INFO] NoFDBKVS No.0 -- Server No.12 is listening on 0.0.0.0:50063
[INFO] NoFDBKVS No.0 -- Server No.9 is listening on 0.0.0.0:50060
[INFO] NoFDBKVS No.0 -- Server No.13 is listening on 0.0.0.0:50064
[INFO] NoFDBKVS No.0 -- Server No.11 is listening on 0.0.0.0:50062
[INFO] NoFDBKVS No.0 -- Server No.14 is listening on 0.0.0.0:50065
[INFO] NoFDBKVS No.0 -- Server No.10 is listening on 0.0.0.0:50061
[INFO] NoFDBKVS No.0 -- Server No.8 is listening on 0.0.0.0:50059
[INFO] NoFDBKVS No.0 -- Server No.5 is listening on 0.0.0.0:50056
[INFO] NoFDBKVS No.0 -- Server No.4 is listening on 0.0.0.0:50055
[INFO] NoFDBKVS No.0 -- Server No.7 is listening on 0.0.0.0:50058
[INFO] NoFDBKVS No.0 -- Server No.15 is listening on 0.0.0.0:50066
[INFO] Node No.0 Configure Table is generated
[INFO] Maintainer is listening on 0.0.0.0:50050

nvme io failed with sct 0 sc 15
send to node 0 failed with status: nof op internal err
nvme io failed with sct 0 sc 15
send to node 1 failed with status: nof op internal err
nvme io failed with sct 0 sc 15
send to node 2 failed with status: nof op internal err
Maintainer received PAUSE signal

===== Load Statistics: 
Total requests: 66674162
Total bytes: 68274341888
Avg DB latency (us): 134.14, P90 (us): 181.30, P99 (us): 639.81, P99.9 (us): 2651.15
Avg process latency (us): 134.16, P90 (us): 181.32, P99 (us): 639.84, P99.9 (us): 2651.17
Avg read latency (us): 0.00, P90 (us): 0.00, P99 (us): 0.00, P99.9 (us):   0.00
Avg write (insert, update) latency (us): 134.14, P90 (us): 181.30, P99 (us): 639.81, P99.9 (us): 2651.15
Avg CPU utilization (percent): 450.62
Eplased time (sec): 1888.71
Throughput (MB/s): 34.47
QPS (k): 35.30
KV Cache miss: 0

===== Stage End =====

nvme io failed with sct 0 sc 15
send to node 1 failed with status: nof op internal err
nvme io failed with sct 0 sc 15
send to node 0 failed with status: nof op internal err
nvme io failed with sct 0 sc 15
send to node 2 failed with status: nof op internal err
nvme io failed with sct 0 sc 15
send to node 1 failed with status: nof op internal err
nvme io failed with sct 0 sc 15
send to node 0 failed with status: nof op internal err
nvme io failed with sct 0 sc 15
send to node 2 failed with status: nof op internal err
Maintainer received STOP signal
[INFO] CPU Monitor is shutting down......

===== Transaction Statistics: 
Total requests: 109072900
Total bytes: 111690649600
Avg DB latency (us): 41.00, P90 (us): 173.24, P99 (us): 195.98, P99.9 (us): 367.87
Avg process latency (us): 41.02, P90 (us): 173.27, P99 (us): 196.01, P99.9 (us): 367.89
Avg read latency (us): 1.97, P90 (us): 4.23, P99 (us): 7.52, P99.9 (us):  15.39
Avg write (insert, update) latency (us): 119.04, P90 (us): 177.97, P99 (us): 247.33, P99.9 (us): 849.39
Avg CPU utilization (percent): 458.57
Eplased time (sec): 1393.63
Throughput (MB/s): 76.43
QPS (k): 78.27
KV Cache miss: 0

===== Stage End =====

