Enable statistics: 1
Rocksdb opened: /mnt/motivation
WARNING: Logging before InitGoogleLogging() is written to STDERR
I0419 15:03:20.343657 26047 rdma_helper.cpp:447] RDMA device: mlx5_2
I0419 15:03:20.343690 26047 rdma_helper.cpp:449] RDMA LID: 0
I0419 15:03:20.344944 26047 rdma_helper.cpp:454] RDMA GID Index: 3
I0419 15:03:20.345512 26047 block_pool.cpp:145] Start extend rdma memory 1024MB
I0419 15:03:21.097445 26047 server.cpp:1113] Server[test::PerfTestImpl] is serving on port=50051.
I0419 15:03:21.097465 26047 server.cpp:1116] Check out http://node1.motivation-test.nof-rep-pg0.clemson.cloudlab.us:50051 in web browser.
Server listening on 10.10.1.2:50051

Timer is reset

===== Load Statistics: 10.10.1.2:50051
Total requests: 1638398
Total bytes: 26843512832
Avg latency (us): 24.38, P90 (us): 28.17, P99 (us): 40.84, P99.9 (us):  58.88
Eplased time (sec): 117.77
Throughput (MB/s): 217.38
QPS (k): 13.91
Avg CPU utilization (percent): 195.86

Timer is reset

===== Transaction Statistics: 10.10.1.2:50051
I0419 15:05:39.102202 26223 server.cpp:1173] Server[test::PerfTestImpl] is going to quit
Total requests: 49998
Total bytes: 819167232
Avg latency (us): 25.06, P90 (us): 28.61, P99 (us): 42.10, P99.9 (us):  64.70
Eplased time (sec): 3.70
Throughput (MB/s): 211.02
QPS (k): 13.51
Avg CPU utilization (percent): 175.94

RocksDB Server: 10.10.1.2:50051 is shutting down......

