0
10.2
89.4
129.9
165.1
176.8
188.9
201.4
204.1
213.7
218
223.4
230.7
235
239.6
243.4
246.5
250.8
253.7
255.1
257.2
259.6
261.1
263.4
264.7
265.4
266.3
267.1
268.2
269.2
269.9
269.5
270.4
272.2
273.5
274.8
274.6
275.7
276.7
278.7
279
279
280.3
280.5
282.4
282.6
280.6
281.6
281.6
282.6
284.7
284.6
284.5
284.5
284.6
286.6
286.7
287.9
287.9
287.9
288.9
289
290
289.9
289.7
289.7
291.8
291.8
291.9
291.8
291.8
292.9
293.9
294.9
296
296
296
297
298
299
300.2
299.2
299.4
300.4
301.3
302.4
303.4
304.4
304.4
304.5
305.6
305.1
306.2
306.1
307.1
307
306.8
308
308.5
309.7
310.1
0
