11.9
102.3
140.9
158
167.8
180.3
192.6
198.2
209.5
214.9
222.3
227.1
231.5
236.9
239.4
243
245.7
248.8
250.2
252.5
253.9
255.9
257.1
258.6
259.9
261
262.2
262.2
263.1
264.1
265.2
265.6
267.7
268.9
270.2
270.1
271.3
272.2
273.4
274.4
274.5
274.8
276
278
278.2
279.2
279.3
279.4
279.5
280.6
280.6
280.8
280.9
282
283.1
284.3
284.2
284.4
284.4
284.4
285.5
285.6
285.6
285.7
286
287.1
287
287
287
287.9
287.9
288.9
290
291
291.2
291.2
292.2
293.2
294.2
295.2
295.3
295.4
295.4
296.5
297.6
298.6
298.7
298.8
299.8
300.7
301.7
302.1
303.2
303.4
302
303.1
303.8
304.6
304.7
306.1
305.9
