210.8
210.8
210.9
210.9
210.9
211
211
211
211
211.1
211.1
211.1
211.2
211.2
210.2
210.2
210.3
210.3
210.3
210.4
210.4
210.4
210.4
210.5
210.5
210.5
210.5
210.6
210.6
210.6
209.6
209.6
209.7
209.7
209.7
209.7
209.7
209.8
209.8
209.8
209.8
209.9
209.9
209.9
209.9
210
210
209
209
209
209.1
209.1
209.1
209.1
209.2
209.2
209.2
209.2
209.3
209.3
209.3
209.3
209.4
209.4
208.4
208.4
208.5
208.5
208.5
208.5
208.6
208.6
208.6
208.6
208.7
208.7
208.7
208.7
208.8
208.8
208.8
207.8
207.9
207.9
207.9
207.9
208
208
208
208
208
208
208.1
208.1
208.1
208.1
208.1
208.2
207.2
207.2
207.2
207.3
207.3
207.3
207.3
207.3
207.4
207.4
207.4
207.4
207.5
207.5
207.5
207.5
207.5
207.6
206.6
206.6
206.6
206.7
206.7
206.7
206.7
206.7
206.8
206.8
206.8
206.8
206.8
206.9
206.9
206.9
206.9
206.9
206
206
206
206
206
206.1
206.1
206.1
206.1
206.2
206.2
206.2
206.2
206.2
206.2
206.3
206.3
206.3
205.3
205.3
205.4
205.4
205.4
205.4
205.5
205.5
205.5
205.5
205.5
205.5
205.6
205.6
205.6
205.6
205.6
205.7
205.7
204.7
204.7
204.7
204.8
204.8
204.8
204.8
204.8
204.9
204.9
204.9
204.9
204.9
205
205
205
205
205
205
204.1
204.1
204.1
204.1
204.1
204.2
204.2
204.2
204.2
204.2
204.2
204.3
204.3
204.3
204.3
204.3
204.4
204.4
204.4
203.4
203.4
203.5
203.5
203.5
203.5
203.5
203.6
203.6
203.6
203.6
203.6
203.6
203.7
203.7
203.7
203.7
203.7
203.8
203.8
202.8
202.8
202.8
202.9
202.9
202.9
202.9
202.9
202.9
203
203
203
203
203
203.1
203.1
203.1
203.1
203.1
202.1
202.2
202.2
202.2
202.2
202.2
202.2
202.3
202.3
202.3
202.3
202.3
202.4
202.4
202.4
202.4
202.4
202.4
202.5
202.5
201.5
201.5
201.5
201.6
201.6
201.6
201.6
201.6
201.6
201.7
201.7
201.7
201.7
201.7
201.8
201.8
201.8
201.8
201.8
201.8
201.9
200.9
200.9
200.9
200.9
200.9
201
201
201
201
201
201.1
201.1
201.1
201.1
201.1
201.2
201.2
201.2
201.2
201.2
201.2
200.2
200.3
200.3
200.3
200.3
200.3
200.4
200.4
200.4
200.4
200.4
200.4
200.5
200.5
200.5
200.5
200.5
200.6
200.6
200.6
200.6
199.6
199.6
199.7
199.7
199.7
199.7
199.7
199.8
199.8
199.8
199.8
199.8
199.8
199.9
199.9
199.9
199.9
199.9
199.9
200
200
200
199
199
199
199.1
199.1
199.1
199.1
199.1
199.1
199.1
199.2
199.2
199.2
199.2
199.2
199.3
199.3
199.3
199.3
199.3
199.3
198.3
198.4
198.4
198.4
198.4
198.4
198.4
198.5
198.5
198.5
198.5
198.5
198.5
198.6
198.6
198.6
198.6
198.6
198.6
198.6
198.7
198.7
198.7
197.7
197.7
197.8
197.8
197.8
197.8
197.8
197.8
197.8
197.9
197.9
197.9
197.9
197.9
197.9
198
198
198
198
198
198
198
198.1
197.1
197.1
197.1
197.1
197.1
197.1
197.2
197.2
197.2
197.2
197.2
197.2
197.3
197.3
197.3
197.3
197.3
197.3
197.3
197.4
197.4
197.4
197.4
196.4
196.4
196.5
196.5
196.5
196.5
196.5
196.5
196.6
196.6
196.6
196.6
196.6
196.6
196.6
196.7
196.7
196.7
196.7
196.7
196.7
196.7
196.8
196.8
195.8
195.8
195.8
195.8
195.8
195.9
195.9
195.9
195.9
195.9
195.9
196
196
196
196
196
196
196
196.1
196.1
196.1
196.1
196.1
196.1
195.1
195.2
195.2
195.2
195.2
195.2
195.2
195.2
195.3
195.3
195.3
195.3
195.3
195.3
195.3
195.4
195.4
195.4
195.4
195.4
195.4
195.4
195.5
195.5
195.5
194.5
194.5
194.5
194.6
194.6
194.6
194.6
194.6
194.6
194.6
194.7
194.7
194.7
194.7
194.7
194.7
194.8
194.8
194.8
194.8
194.8
194.8
194.8
194.9
193.9
193.9
193.9
193.9
193.9
194
194
194
194
194
194
194
194.1
194.1
194.1
194.1
194.1
194.1
194.2
194.2
194.2
194.2
194.2
194.2
194.3
194.3
193.3
193.3
193.3
193.3
193.3
193.3
193.4
193.4
193.4
193.4
193.4
193.4
193.4
193.5
193.5
193.5
193.5
193.5
193.5
193.5
193.6
193.6
193.6
193.6
193.6
193.6
192.6
192.7
192.7
192.7
192.7
192.7
192.7
192.8
192.8
192.8
192.8
192.8
192.8
192.8
192.8
192.9
192.9
192.9
192.9
192.9
192.9
192.9
193
193
193
193
192
192
192
192.1
192.1
192.1
192.1
192.1
192.1
192.1
192.1
192.2
192.2
192.2
192.2
192.2
192.2
192.2
192.3
192.3
192.3
192.3
192.3
192.3
192.3
192.3
192.4
192.4
192.4
192.4
192.4
192.4
191.4
191.5
191.5
191.5
191.5
191.5
191.5
191.5
191.6
191.6
191.6
191.6
191.6
191.6
191.6
191.6
191.7
191.7
191.7
191.7
191.7
191.7
191.7
191.8
191.8
191.8
191.8
190.8
190.8
190.8
190.8
190.8
190.9
190.9
190.9
190.9
190.9
190.9
190.9
190.9
191
191
191
191
191
191
191
191.1
191.1
191.1
191.1
191.1
191.1
191.1
191.1
190.2
190.2
190.2
190.2
190.2
190.2
190.2
190.3
190.3
190.3
190.3
190.3
190.3
190.3
190.3
190.4
190.4
190.4
190.4
190.4
190.4
190.4
190.4
190.5
190.5
190.5
190.5
190.5
190.5
189.5
189.5
189.5
189.6
189.6
189.6
189.6
189.6
189.6
189.6
189.6
189.7
189.7
189.7
189.7
189.7
189.7
189.7
189.7
189.8
189.8
189.8
189.8
189.8
189.8
189.8
189.8
189.9
189.9
189.9
188.9
188.9
188.9
188.9
189
189
189
189
189
189
189
189
189
189.1
189.1
189.1
189.1
189.1
189.1
189.1
189.1
189.1
189.2
189.2
189.2
189.2
189.2
189.2
189.2
188.3
188.3
188.3
188.3
188.3
188.3
188.3
188.3
188.3
188.4
188.4
188.4
188.4
188.4
188.4
188.4
188.4
188.5
188.5
188.5
188.5
188.5
188.5
188.5
188.5
188.6
188.6
188.6
188.6
188.6
188.6
187.6
187.6
187.7
187.7
187.7
187.7
187.7
187.7
187.7
187.7
187.7
187.8
187.8
187.8
187.8
187.8
187.8
187.8
187.8
187.8
187.9
187.9
187.9
187.9
187.9
187.9
187.9
187.9
188
188
188
187
187
187
187
187
187
187
187.1
187.1
187.1
187.1
187.1
187.1
187.1
187.1
187.1
187.2
187.2
187.2
187.2
187.2
187.2
187.2
187.2
187.2
187.2
187.3
187.3
187.3
187.3
187.3
187.3
186.3
186.3
186.3
186.3
186.4
186.4
186.4
186.4
186.4
186.4
186.4
186.4
186.4
186.5
186.5
186.5
186.5
186.5
186.5
186.5
186.5
186.5
186.6
186.6
186.6
186.6
186.6
186.6
186.6
186.6
186.7
186.7
186.7
185.7
185.7
185.7
185.7
185.7
185.7
185.7
185.7
185.8
185.8
185.8
185.8
185.8
185.8
185.8
185.8
185.8
185.9
185.9
185.9
185.9
185.9
185.9
185.9
185.9
185.9
185.9
185.9
186
186
186
186
186
185.9
185.9
185.9
185.9
185.9
185.9
185.8
185.8
185.8
185.8
185.7
185.7
185.8
185.7
185.7
185.7
185.7
185.6
185.6
185.6
185.5
185.5
185.6
185.6
185.5
185.5
185.5
185.4
185.4
185.4
185.3
185.4
185.4
185.4
185.3
185.3
185.3
185.2
185.2
185.2
185.1
185.1
185.1
185.2
185.1
185.1
185.1
185
185
185
185
184.9
184.9
185
184.9
184.9
184.9
184.9
184.8
184.8
184.8
184.7
184.7
184.8
184.8
184.7
184.7
184.7
184.6
184.6
184.6
184.6
184.5
184.6
184.6
184.5
184.5
184.5
184.5
184.4
184.4
184.4
184.4
184.4
184.4
184.4
184.3
184.3
184.3
184.3
184.2
184.2
184.2
184.1
184.2
184.2
184.2
184.1
184.1
184.1
184
184
184
184
184
184
184
183.9
183.9
183.9
183.9
183.8
183.8
183.8
183.9
183.8
183.8
183.8
183.7
183.7
183.7
183.7
183.6
183.6
183.6
183.7
183.6
183.6
183.6
183.5
183.5
183.5
183.5
183.4
183.4
183.5
183.5
183.4
183.4
183.4
183.4
183.3
183.3
183.3
183.2
183.2
183.3
183.3
183.2
183.2
183.2
183.1
183.1
183.1
183.1
183
183
183.1
183.1
183
183
183
183
182.9
182.9
182.9
182.8
182.9
182.9
182.9
182.8
182.8
182.8
182.8
182.7
182.7
182.7
182.7
182.7
182.7
182.7
182.7
182.6
182.6
182.6
182.5
182.5
182.5
182.5
182.5
182.5
182.5
182.5
182.4
182.4
182.4
182.4
182.3
182.3
182.3
182.2
182.3
182.3
182.3
182.2
182.2
182.2
182.2
182.1
182.1
182.1
182.1
182.1
182.1
182.1
182.1
182
182
182
182
181.9
181.9
181.9
181.9
181.9
181.9
181.9
181.9
181.8
181.8
181.8
181.8
181.7
181.7
181.7
181.7
181.7
181.7
181.7
181.6
181.6
181.6
181.6
181.5
181.5
181.5
181.6
181.5
181.5
181.5
181.5
181.4
181.4
181.4
181.4
181.3
181.3
181.3
181.4
181.3
181.3
181.3
181.3
181.2
181.2
181.2
181.2
181.1
181.2
181.2
181.2
181.1
181.1
181.1
181.1
181
181
181
181
180.9
181
181
181
180.9
180.9
180.9
180.9
180.8
180.8
180.8
180.8
180.7
180.8
180.8
180.8
180.7
180.7
180.7
180.7
180.6
180.6
180.6
180.6
180.5
180.6
180.6
180.6
180.5
180.5
180.5
180.5
180.4
180.4
180.4
180.5
180.4
180.4
180.4
180.4
180.3
180.3
180.3
180.3
180.2
180.2
180.3
180.3
180.3
180.2
180.2
180.2
180.2
180.1
180.1
180.1
180.2
180.1
180.1
180.1
180.1
180
180
180
180
179.9
180
180
180
180
179.9
179.9
179.9
179.9
179.8
179.8
179.8
179.9
179.8
179.8
179.8
179.8
179.7
179.7
179.7
179.7
179.6
179.6
179.7
179.7
179.6
179.6
179.6
179.6
179.6
179.5
179.5
179.6
179.6
179.5
179.5
179.5
179.5
179.4
179.4
179.4
179.4
179.4
179.4
179.4
179.4
179.4
179.3
179.3
179.3
179.3
179.2
179.3
179.3
179.3
179.2
179.2
179.2
179.2
179.2
179.1
179.1
179.1
179.1
179.1
179.1
179.1
179.1
179
179
179
179
178.9
178.9
178.9
179
179
178.9
178.9
178.9
178.9
178.8
178.8
178.8
178.8
178.8
178.8
178.8
178.8
178.8
178.7
178.7
178.7
178.7
178.7
178.7
178.7
178.7
178.7
178.6
178.6
178.6
178.7
178.6
178.6
178.6
178.6
178.6
178.5
178.5
178.5
178.6
178.5
178.5
178.5
178.5
178.4
178.4
178.4
178.4
178.4
178.3
178.3
178.4
178.4
178.3
178.3
178.3
178.3
178.3
178.2
178.2
178.2
178.2
178.1
178.1
178.1
178.1
178.1
178
178
178
178
177.9
177.9
177.9
177.8
177.7
177.7
177.7
177.7
177.6
177.6
