
Node Configure: 
    Node ID: 1
    Node IP: 10.10.1.3
    Listen IP: 0.0.0.0
    Ports: 50051,50052,50053,50054,50055,50056,50057,50058,50059,50060,50061,50062,50063,50064,50065,50066,50067,50068,50069,50070,50071,50072,50073,50074,50075
    KVDB num (at start): 1
    Server thread num (of each KVDB): 16
    CPU cores num: 32
    KVDB base path: /tmp/nofdb

CPU monitor is enabled
Stats recorder is enabled

recover: before head 608174080 before tail 608174080
recover: after_head 608174080 after_tail 608174080
recover: before head 608176128
recover: after_head 608176128
recover: before head 608372736
recover: after_head 608372736
recover: before head 608569344
recover: after_head 608569344
RocksDB opened at: /tmp/nofdb0
NoFDBKVS No.0 initialized, DB path: /tmp/nofdb0
WARNING: Logging before InitGoogleLogging() is written to STDERR
I0421 22:42:20.432629 413113 rdma_helper.cpp:447] RDMA device: mlx5_2
I0421 22:42:20.432704 413113 rdma_helper.cpp:449] RDMA LID: 0
I0421 22:42:20.434019 413113 rdma_helper.cpp:454] RDMA GID Index: 3
I0421 22:42:20.435240 413113 block_pool.cpp:145] Start extend rdma memory 1024MB
I0421 22:42:21.322686 413113 server.cpp:1113] Server[nofdb::DBServiceImpl] is serving on port=50052.
I0421 22:42:21.322917 413126 server.cpp:1113] Server[nofdb::DBServiceImpl] is serving on port=50065.
I0421 22:42:21.322991 413114 server.cpp:1113] Server[nofdb::DBServiceImpl] is serving on port=50053.
I0421 22:42:21.323129 413119 server.cpp:1113] Server[nofdb::DBServiceImpl] is serving on port=50058.
I0421 22:42:21.323298 413124 server.cpp:1113] Server[nofdb::DBServiceImpl] is serving on port=50063.
I0421 22:42:21.323298 413127 server.cpp:1113] Server[nofdb::DBServiceImpl] is serving on port=50066.
I0421 22:42:21.323319 413116 server.cpp:1113] Server[nofdb::DBServiceImpl] is serving on port=50055.
I0421 22:42:21.323323 413122 server.cpp:1113] Server[nofdb::DBServiceImpl] is serving on port=50061.
I0421 22:42:21.323333 413125 server.cpp:1113] Server[nofdb::DBServiceImpl] is serving on port=50064.
I0421 22:42:21.323606 413112 server.cpp:1113] Server[nofdb::DBServiceImpl] is serving on port=50051.
I0421 22:42:21.323630 413120 server.cpp:1113] Server[nofdb::DBServiceImpl] is serving on port=50059.
I0421 22:42:21.323635 413115 server.cpp:1113] Server[nofdb::DBServiceImpl] is serving on port=50054.
I0421 22:42:21.323691 413121 server.cpp:1113] Server[nofdb::DBServiceImpl] is serving on port=50060.
I0421 22:42:21.323709 413117 server.cpp:1113] Server[nofdb::DBServiceImpl] is serving on port=50056.
I0421 22:42:21.323729 413118 server.cpp:1113] Server[nofdb::DBServiceImpl] is serving on port=50057.
I0421 22:42:21.323733 413123 server.cpp:1113] Server[nofdb::DBServiceImpl] is serving on port=50062.
I0421 22:42:21.322947 413126 server.cpp:1116] Check out http://node2.motivation-test.nof-rep-pg0.clemson.cloudlab.us:50065 in web browser.
I0421 22:42:21.323323 413127 server.cpp:1116] Check out http://node2.motivation-test.nof-rep-pg0.clemson.cloudlab.us:50066 in web browser.
I0421 22:42:21.323619 413112 server.cpp:1116] Check out http://node2.motivation-test.nof-rep-pg0.clemson.cloudlab.us:50051 in web browser.
I0421 22:42:21.323722 413117 server.cpp:1116] Check out http://node2.motivation-test.nof-rep-pg0.clemson.cloudlab.us:50056 in web browser.
I0421 22:42:21.323704 413121 server.cpp:1116] Check out http://node2.motivation-test.nof-rep-pg0.clemson.cloudlab.us:50060 in web browser.
I0421 22:42:21.323333 413116 server.cpp:1116] Check out http://node2.motivation-test.nof-rep-pg0.clemson.cloudlab.us:50055 in web browser.
I0421 22:42:21.323355 413125 server.cpp:1116] Check out http://node2.motivation-test.nof-rep-pg0.clemson.cloudlab.us:50064 in web browser.
I0421 22:42:21.323645 413120 server.cpp:1116] Check out http://node2.motivation-test.nof-rep-pg0.clemson.cloudlab.us:50059 in web browser.
I0421 22:42:21.323657 413115 server.cpp:1116] Check out http://node2.motivation-test.nof-rep-pg0.clemson.cloudlab.us:50054 in web browser.
I0421 22:42:21.323009 413114 server.cpp:1116] Check out http://node2.motivation-test.nof-rep-pg0.clemson.cloudlab.us:50053 in web browser.
NoFDBKVS No.0 -- Server No.14 is listening on 0.0.0.0:50065
NoFDBKVS No.I0421 22:42:21.322710 413113 server.cpp:1116] Check out http://node2.motivation-test.nof-rep-pg0.clemson.cloudlab.us:50052 in web browser.
NoFDBKVS No.0 -- Server No.5 is listening on 0.0.0.0:50056
I0421 22:42:21.323143 413119 server.cpp:1116] Check out http://node2.motivation-test.nof-rep-pg0.clemson.cloudlab.us:50058 in web browser.
NoFDBKVS No.NoFDBKVS No.0 -- Server No.1 is listening on 0.0.0.0:50052
NoFDBKVS No.0 -- Server No.7 is listening on 0.0.0.0:50058
I0421 22:42:21.323745 413118 server.cpp:1116] Check out http://node2.motivation-test.nof-rep-pg0.clemson.cloudlab.us:50057 in web browser.
NoFDBKVS No.0 -- Server No.0 is listening on 0.0.0.0:50051
I0421 22:42:21.323756 413123 server.cpp:1116] Check out http://node2.motivation-test.nof-rep-pg0.clemson.cloudlab.us:50062 in web browser.
I0421 22:42:21.323313 413124 server.cpp:1116] Check out http://node2.motivation-test.nof-rep-pg0.clemson.cloudlab.us:50063 in web browser.
NoFDBKVS No.0 -- Server No.8 is listening on 0.0.0.0:50059NoFDBKVS No.
NoFDBKVS No.0 -- Server No.11 is listening on 0.0.0.0:50062
I0421 22:42:21.323344 413122 server.cpp:1116] Check out http://node2.motivation-test.nof-rep-pg0.clemson.cloudlab.us:50061 in web browser.
0NoFDBKVS No.NoFDBKVS No.0 -- Server No.12 is listening on 0.0.0.0:50063
0 -- Server No.015 -- Server No.NoFDBKVS No.0NoFDBKVS No.2 -- Server No.NoFDBKVS No. is listening on 0.0.0.0:50066 is listening on 
40.0.0.0:50053NoFDBKVS No. is listening on  -- Server No.00
 -- Server No.13 is listening on 0.0.0.0:5006400
3 -- Server No.10 is listening on 0.0.0.0:50061
 -- Server No.6 is listening on 0.0.0.0:50057
0.0.0.0:50055
 -- Server No.9 is listening on 0.0.0.0:50060
 is listening on 0.0.0.0:50054
NoFDBKVS No.0 -- Server No.14 is bound to core 4
NoFDBKVS No.0 -- Server No.1 is bound to core 5
NoFDBKVS No.0 -- Server No.7 is bound to core 6
NoFDBKVS No.0 -- Server No.8 is bound to core 7
NoFDBKVS No.0 -- Server No.0 is bound to core 8
NoFDBKVS No.NoFDBKVS No.0 -- Server No.12 is bound to core 120 -- Server No.
NoFDBKVS No.NoFDBKVS No.13 is bound to core 9
NoFDBKVS No.0 -- Server No.10 is bound to core 11
NoFDBKVS No.NoFDBKVS No.00 -- Server No.0NoFDBKVS No.0 -- Server No.6 is bound to core 14
 -- Server No.2 is bound to core 16
3 is bound to core 18
NoFDBKVS No.0 -- Server No.15 is bound to core 15
 -- Server No.11 is bound to core 10
NoFDBKVS No.0 -- Server No.9 is bound to core 17
0 -- Server No.4 is bound to core 13
NoFDBKVS No.0 -- Server No.5 is bound to core 19
Node No.1 Configure Table is generated
I0421 22:42:21.507948 413088 server.cpp:1113] Server[nofdb::NoFDBMaintainer] is serving on port=50050.
I0421 22:42:21.507961 413088 server.cpp:1116] Check out http://node2.motivation-test.nof-rep-pg0.clemson.cloudlab.us:50050 in web browser.
Maintainer is listening on 0.0.0.0:50050

Maintainer received PAUSE signal

===== Load Statistics: 
Total requests: 16669641
Total bytes: 17069714432
Avg latency (us): 553.66, P90 (us): 173.95, P99 (us): 14801.84, P99.9 (us): 42697.71
Avg CPU utilization (percent): 1880.05
Eplased time (sec): 611.54
Throughput (MB/s): 26.62
QPS (k): 27.26
KV Cache miss: 0

===== Interval =====

nvme io failed with sct 0 sc 15
send to node 1 failed with status: nof op internal err
Maintainer received STOP signal
CPU Monitor is shutting down......

===== Transaction Statistics: 
Total requests: 14537847
Total bytes: 14886757376
Avg latency (us): 484.40, P90 (us): 37.13, P99 (us): 14393.26, P99.9 (us): 41211.93
Avg CPU utilization (percent): 1895.36
Eplased time (sec): 521.29
Throughput (MB/s): 27.23
QPS (k): 27.89
KV Cache miss: 0

===== Interval =====

NoFDBKVS No.NoFDBKVS No.NoFDBKVS No.0 -- Server No.10 is shutting down......
NoFDBKVS No.NoFDBKVS No.0 -- Server No.13 is shutting down......0
 -- Server No.NoFDBKVS No.NoFDBKVS No.0 -- Server No.0 -- Server No.NoFDBKVS No.Stats recorder is shutting down......5124 is shutting down......NoFDBKVS No. is shutting down......0 is shutting down......NoFDBKVS No.NoFDBKVS No.NoFDBKVS No.0 -- Server No.9 is shutting down......

0 -- Server No.1 is shutting down......
NoFDBKVS No.0 -- Server No.3 is shutting down......
0 -- Server No.7 is shutting down......
NoFDBKVS No.0 -- Server No.15 is shutting down......


NoFDBKVS No.0 -- Server No.8 is shutting down......

0 -- Server No.11 is shutting down......
0 -- Server No.6 is shutting down......
NoFDBKVS No.0 -- Server No.2 is shutting down......
 -- Server No.0 is shutting down......
0 -- Server No.14 is shutting down......
NoFDBKVS No.0 is shutting down......
Maintainer is shutting down......
I0421 23:01:36.531960 413292 server.cpp:1173] Server[nofdb::NoFDBMaintainer] is going to quit
In deconstructor: Maintainer is shutting down......
