14
76
126.4
152.8
169
180.2
188.4
194.6
199.2
202.7
205.7
208.3
210.6
212.5
209.9
211.6
213.1
214.2
215.1
216.2
217.2
218
218.8
219.5
220.2
220.8
221.5
222.3
222.7
223.1
223.6
223.9
224.3
224.6
225.1
225.3
225.6
224
224.2
224.5
224.8
225.1
225.4
225.6
225.8
226.1
226.2
226.4
226.6
226.9
227
227.1
227.3
227.5
228.4
228.6
228.8
228.8
229
229.2
228
228.2
228.2
228.4
228.6
228.6
228.8
229
229
229.1
229.1
229.4
229.4
229.5
229.6
229.6
229.8
229.8
229.9
230
230.1
230.1
230.2
229.3
229.5
229.5
229.5
229.7
229.7
229.8
229.8
230
230.1
230.2
230.2
230.2
230.3
230.3
230.4
230.4
230.5
230.6
230.6
230.6
230.6
230.8
230.4
230.9
230.9
231
231
231
231.1
231.1
231.2
231.2
231.3
231.3
231.3
231.5
231.5
231.5
231.6
231.7
231.7
231.7
231.7
231.8
231.9
231.3
231.3
231.3
231.4
231.5
231.5
231.5
231.6
231.6
231.7
231.7
231.7
231.7
231.7
231.7
231.7
232
232
232
232
232
232
232.1
231.6
231.6
231.6
231.7
231.7
231.8
232
232.3
232.5
232.5
232.5
232.6
232.6
232.6
232.6
232.7
232.7
232.7
232.7
232.7
232.7
232.7
232.7
232.4
232.3
232.4
232.4
232.6
232.5
232.5
232.5
232.5
232.6
232.6
232.6
232.6
232.5
232.6
232.7
232.7
232.7
232.7
232.7
232.7
232.7
232.7
232.7
232.4
232.4
232.4
232.5
232.6
232.6
232.6
232.6
232.6
232.6
232.6
232.8
233.1
233.3
233.5
233.5
233.5
233.6
233.7
233.6
233.6
233.6
233.6
233.3
233.3
233.3
233.3
233.3
233.3
233.4
233.5
233.5
233.5
233.4
233.4
233.4
233.4
233.5
233.4
233.4
233.4
233.4
233.6
233.6
233.6
233.6
233.3
233.3
233.3
233.3
233.3
233.3
233.4
233.4
233.3
233.3
233.3
233.3
233.3
233.4
233.4
233.5
233.5
233.6
233.6
233.9
234.1
234.3
234.3
233.9
233.9
233.9
234
234.1
234.1
234.1
234.1
234.1
234.1
234.1
234.1
234.1
234.1
234.1
234
234.1
234.2
234.2
234.2
234.2
234.2
234.2
233.9
233.9
233.9
233.9
233.9
234
234.1
234.1
234.1
234.1
234.1
234.1
234.1
234
234
234
234
234
234.1
234.1
234.1
234.2
234.2
234
234.1
234.2
234.5
234.5
234.7
234.7
234.7
234.6
234.6
234.6
234.6
234.6
234.6
234.6
234.6
234.6
234.6
234.6
234.7
234.7
234.7
234.7
234.5
234.4
234.5
234.5
234.5
234.5
234.4
234.4
234.4
234.5
234.5
234.5
234.5
234.5
234.6
234.6
234.6
234.6
234.6
234.6
234.6
234.6
234.6
234.4
234.4
234.4
234.3
234.3
234.3
234.4
234.6
234.7
234.8
235.1
235.1
235.1
235.1
235.1
235.2
235.2
235.2
235.2
235.2
235.2
235.2
235.1
235
235
234.9
234.9
234.9
235
235
235
235
235
235
235.1
235.1
235.1
235.1
235.1
235.1
235.1
235
235
235
235
234.9
234.9
234.9
234.9
234.8
234.8
234.8
234.9
234.9
234.9
234.9
234.9
235
235
235.1
235.3
235.5
235.4
235.5
235.5
235.5
235.5
235.6
235.6
235.3
235.4
235.4
235.3
235.3
235.3
235.3
235.3
235.4
235.4
235.4
235.4
235.4
235.5
235.5
235.5
235.5
235.4
235.4
235.4
235.4
235.4
235.2
235.2
235.3
235.3
235.3
235.3
235.3
235.3
235.3
235.3
235.3
235.3
235.3
235.3
235.3
235.2
235.2
235.2
235.3
235.4
235.6
235.6
235.7
235.9
235.8
235.8
235.7
235.7
235.8
235.8
235.8
235.8
235.9
235.9
235.9
235.9
235.9
235.9
235.9
235.9
235.8
235.8
235.8
235.8
235.8
235.8
235.8
235.8
235.7
235.7
235.7
235.7
235.7
235.7
235.7
235.7
235.7
235.7
235.7
235.7
235.7
235.6
235.6
235.6
235.7
235.7
235.7
235.7
235.7
235.7
235.7
235.7
235.8
235.9
236
236.1
236.1
236.1
236.1
236.1
236.1
236.1
236.1
236.1
236.1
236.1
236.1
236.1
236.1
236.1
236.1
236.1
236.1
235.9
235.9
235.9
236
236
236
236
236
236
236
236
236
236
235.9
235.9
235.9
235.9
236
236
236
236
236
236
235.8
235.8
235.8
235.8
235.8
235.9
236
236.1
236.1
236.2
236.3
236.4
236.4
236.4
236.4
236.4
236.4
236.4
236.4
236.4
236.4
236.4
236.4
236.3
236.3
236.3
236.3
236.3
236.3
236.3
236.3
236.3
236.3
236.3
236.2
236.3
236.3
236.3
236.3
236.3
236.4
236.4
236.4
236.4
236.4
236.4
236.1
236.1
236.1
236.2
236.3
236.3
236.3
236.3
236.3
236.3
236.3
236.4
236.3
236.4
236.5
236.6
236.8
236.8
236.8
236.8
236.7
236.7
236.7
236.5
236.5
236.6
236.7
236.7
236.6
236.6
236.6
236.6
236.6
236.6
236.6
236.6
236.6
236.6
236.6
236.6
236.6
236.6
236.6
236.5
236.5
236.5
236.5
236.5
236.5
236.5
236.5
236.5
236.5
236.4
236.4
236.4
236.4
236.4
236.4
236.4
236.4
236.4
236.5
236.6
236.7
236.7
236.7
236.8
236.9
236.8
236.8
236.8
236.8
236.8
236.8
236.8
236.8
236.8
236.8
236.8
236.8
236.7
236.7
236.7
236.7
236.7
236.7
236.7
236.7
236.9
236.9
236.9
236.6
236.6
236.6
236.6
236.6
236.6
236.6
236.6
236.6
236.7
236.7
236.7
236.8
236.8
236.7
236.7
236.7
236.7
236.7
236.7
236.7
236.8
236.9
236.7
236.8
236.9
237
237
237
237
237
237
237
237
237
236.9
236.9
236.9
236.9
236.9
236.9
236.9
236.9
236.9
236.9
236.9
236.8
236.8
236.8
236.8
236.8
236.8
236.8
236.8
236.8
236.8
236.8
236.7
236.7
236.7
236.8
236.8
236.9
236.9
236.9
236.9
236.9
236.9
236.9
236.9
236.7
236.7
236.7
236.7
236.8
236.9
237
237.1
237.2
237.2
237.2
237.2
237.2
237.3
237.3
237.3
237.3
237.2
237.2
237.2
237.2
237.2
237.2
237.1
237.2
237.2
237.1
237.1
237.1
237.1
237.1
237.1
237.1
237.1
237.1
237.1
237.1
237.1
237.1
237.1
237.1
237.1
237
237
237
237
237
237
237
237
237
236.9
236.9
236.9
237
237.1
237.2
237.2
237.2
237.2
237.3
237.3
237.3
237.3
237.3
237.3
237.3
237.3
237.4
237.2
237.2
237.2
237.2
237.2
237.2
237.2
237.2
237.3
237.3
237.3
237.2
237.2
237.3
237.3
237.3
237.3
237.3
237.3
237.3
237.3
237.3
237.3
237.2
237.2
237.2
237.2
237.2
237.2
237.2
237.2
237.2
237.2
237.2
237.1
237.1
237.1
237.2
237.3
237.4
237.4
237.4
237.4
237.5
237.5
237.4
237.4
237.4
237.4
237.4
237.4
237.4
237.4
237.4
237.4
237.4
237.3
237.3
237.3
237.4
237.4
237.4
237.4
237.4
237.4
237.4
237.4
237.4
237.4
237.3
237.3
237.3
237.3
237.3
237.3
237.3
237.3
237.3
237.3
237.3
237.3
237.3
237.4
237.3
237.3
237.3
237.3
237.3
237.4
237.3
237.4
237.5
237.4
237.5
237.6
237.6
237.6
237.6
237.6
237.6
237.6
237.6
237.6
237.6
237.6
237.5
237.5
237.4
