 9.1
 8.9
 8.6
10.0
14.6
17.4
17.9
18.3
18.7
19.0
19.3
19.6
19.9
20.1
23.8
23.9
24.1
24.2
24.4
24.5
24.6
24.7
24.8
24.9
25.0
28.7
28.8
28.8
28.8
28.8
28.8
28.8
28.8
29.2
29.2
29.2
32.0
32.0
32.0
32.0
31.9
31.9
32.5
32.5
32.5
33.7
33.7
33.6
33.6
33.5
33.5
33.4
33.4
33.4
33.3
33.3
35.1
35.0
35.0
34.9
34.9
34.8
34.7
34.7
34.6
34.6
34.5
36.4
36.4
36.3
36.2
36.2
36.1
36.1
36.0
35.9
35.9
36.8
36.7
36.6
36.6
36.6
36.4
36.4
36.3
36.3
36.2
37.4
37.4
37.3
37.2
37.2
37.1
37.1
37.1
37.0
37.0
37.8
37.8
37.7
37.7
37.6
37.5
37.5
37.4
37.4
37.3
37.3
37.9
37.8
37.8
37.7
37.7
37.7
37.6
37.6
37.5
37.5
38.0
37.9
37.9
37.8
37.8
37.8
37.7
37.7
37.6
37.6
37.6
38.3
38.3
38.2
38.1
38.1
38.0
38.0
37.9
37.9
39.4
39.7
39.8
39.7
39.7
39.6
39.6
39.5
39.5
39.4
40.0
39.9
39.9
39.8
39.8
39.8
39.7
39.7
39.7
39.6
39.6
40.4
40.3
40.4
40.4
40.3
40.3
40.2
40.2
40.1
40.7
40.6
40.6
40.5
40.5
40.4
40.4
40.3
40.3
40.2
40.2
40.6
40.5
40.5
40.4
40.4
40.3
40.3
40.2
40.2
40.1
40.1
40.4
40.4
40.4
40.3
40.3
40.3
40.2
40.2
40.1
40.1
40.6
40.6
40.5
40.5
40.4
40.4
40.4
40.3
40.3
40.2
40.6
40.8
41.0
41.2
41.2
41.2
41.2
41.1
41.1
41.1
41.4
41.3
41.3
41.3
41.2
41.2
41.1
41.1
41.6
41.9
42.0
42.0
41.9
41.9
42.0
41.9
42.2
42.1
42.1
42.0
42.0
41.9
41.9
41.8
41.8
41.8
41.7
41.7
42.1
42.0
42.0
42.0
41.9
41.9
41.8
41.8
41.8
41.7
41.7
41.9
41.9
41.9
41.8
41.8
41.8
41.8
41.7
41.7
41.6
41.9
41.9
41.8
41.8
41.8
41.7
41.7
41.6
41.6
41.6
41.5
41.7
41.7
41.7
41.7
41.9
41.9
42.0
42.0
42.2
42.2
42.1
42.1
42.1
42.0
42.1
42.0
42.0
42.4
42.3
42.3
42.3
42.2
42.2
42.2
42.1
42.1
42.3
42.3
42.3
42.3
42.2
42.2
42.2
42.1
42.3
42.2
42.2
42.2
42.1
42.1
42.0
42.0
42.0
42.0
41.9
41.9
42.4
42.5
42.4
42.4
42.4
42.3
42.3
42.3
42.2
42.2
42.2
42.5
42.5
42.5
42.5
42.4
42.4
42.4
42.3
42.3
42.3
42.5
42.5
42.4
42.4
42.4
42.3
42.3
42.3
42.3
42.2
42.2
42.5
42.6
42.6
42.9
42.8
42.8
42.8
42.7
42.8
42.8
42.7
42.7
42.7
42.6
42.6
42.6
42.5
42.5
42.6
42.6
42.6
42.6
42.5
42.5
42.5
42.6
42.6
42.6
42.5
42.5
42.5
42.5
42.4
42.4
42.5
42.5
42.4
42.4
42.4
42.3
42.3
42.3
42.3
42.2
42.2
42.2
42.5
42.4
42.4
42.4
42.3
42.3
42.3
42.3
42.3
42.2
42.4
42.4
42.3
42.3
42.3
42.3
42.2
42.2
42.2
42.1
42.1
42.3
42.3
42.3
42.2
42.2
42.2
42.2
42.4
42.6
42.7
42.8
42.7
42.8
42.8
42.7
42.7
42.7
42.7
42.9
42.9
42.8
42.8
42.8
42.8
42.8
42.7
42.7
43.0
42.9
42.9
42.9
42.9
42.9
42.9
42.9
42.9
42.9
42.9
42.9
42.8
42.7
