 9.2
 9.0
 8.7
10.3
17.2
18.2
19.1
20.0
20.8
24.7
25.3
25.8
26.3
26.8
27.2
31.1
31.5
31.8
32.1
32.4
32.7
36.2
36.4
37.0
37.5
37.7
40.1
40.3
40.4
40.5
40.6
40.7
42.7
43.2
43.2
43.3
43.8
45.2
45.5
45.6
45.6
45.7
47.5
47.9
48.8
50.1
50.0
50.0
50.0
49.9
49.9
51.3
51.2
51.2
51.1
51.1
51.0
51.0
52.2
52.1
52.3
52.2
52.2
53.2
53.1
53.1
53.0
53.0
52.9
53.9
55.7
56.1
56.4
56.5
56.4
56.3
56.2
56.1
56.0
56.7
56.6
56.5
56.4
56.6
57.2
57.1
57.0
56.9
56.9
56.8
57.7
57.6
57.5
57.5
57.4
57.3
57.9
57.9
58.8
59.2
59.8
60.1
60.0
59.9
59.8
60.3
60.2
60.1
60.1
60.0
60.6
60.5
60.4
60.3
60.2
60.1
61.4
61.5
61.4
61.4
61.2
61.9
61.8
61.7
61.7
61.6
62.4
62.3
62.3
62.2
62.1
62.8
62.9
63.1
63.4
63.4
63.3
63.7
63.8
63.7
63.6
63.5
63.9
63.9
64.1
64.0
63.9
64.2
64.1
64.0
64.0
63.9
64.3
64.2
64.2
64.1
64.0
64.5
64.4
64.5
65.0
65.1
65.3
65.2
65.1
65.0
65.0
64.9
65.5
66.0
66.0
65.9
66.3
66.2
66.2
66.1
66.0
65.9
66.3
66.2
66.2
66.1
66.0
66.3
66.4
66.3
66.2
66.1
66.5
66.5
66.4
66.3
66.2
66.1
66.7
66.8
67.2
67.3
67.4
67.3
67.2
67.1
67.5
67.4
67.4
67.4
67.3
67.5
67.4
67.3
67.3
67.2
67.5
67.9
67.8
67.7
67.6
67.5
67.7
67.6
67.6
67.5
67.7
67.6
67.6
67.5
67.4
67.4
67.7
67.7
67.8
68.0
68.0
68.1
68.0
67.9
67.9
68.1
68.0
67.9
67.9
68.1
68.1
68.0
68.0
67.9
68.1
68.0
67.9
67.9
68.1
68.1
68.5
68.6
68.8
68.9
68.9
69.0
69.0
69.1
69.0
69.0
69.0
68.9
69.7
69.6
69.6
69.7
69.6
69.6
69.5
69.5
69.4
69.6
69.5
69.4
69.4
69.5
69.5
69.5
69.4
69.3
69.7
69.6
69.6
69.6
69.5
69.4
69.4
69.6
69.7
69.7
69.8
69.8
69.8
69.8
69.7
69.6
69.8
69.8
69.8
69.8
69.8
69.7
69.6
69.6
69.8
69.7
69.6
69.5
69.8
69.9
69.9
69.8
69.9
69.8
69.8
69.8
69.9
69.8
69.7
69.7
69.7
69.7
69.6
69.6
69.7
69.7
69.8
69.9
69.9
69.8
70.0
69.9
69.9
69.8
70.0
70.0
69.9
69.9
69.9
70.1
70.1
70.0
70.0
70.0
69.9
69.9
70.0
70.0
69.9
69.9
70.0
70.0
70.1
70.2
70.2
70.3
70.3
70.5
70.8
70.7
70.8
70.7
70.7
70.7
70.8
70.7
70.7
70.6
70.6
70.7
70.7
70.7
70.7
70.7
70.6
70.6
70.7
70.6
70.6
70.5
70.5
70.6
70.6
70.6
70.6
70.5
70.6
70.7
70.8
70.9
70.9
70.8
70.8
71.0
71.0
70.9
71.0
70.9
70.9
71.0
71.0
70.9
70.9
70.8
70.9
70.9
71.0
71.2
71.1
71.1
71.0
71.2
71.2
71.2
71.2
71.1
71.1
71.2
71.2
71.2
71.2
71.1
71.1
71.3
71.3
71.3
71.3
71.2
71.2
71.4
71.4
71.5
71.5
71.5
71.4
71.5
71.5
71.5
71.4
71.5
71.4
71.4
71.5
71.4
71.4
71.3
71.3
71.4
71.4
71.3
71.3
71.4
71.5
71.5
71.5
71.6
71.5
71.5
71.4
71.7
71.8
71.8
71.8
71.7
71.6
71.7
71.6
