 9.0
 8.7
 8.5
17.0
25.8
35.2
44.2
52.2
61.0
67.2
75.9
82.3
87.3
94.4
 101
 106
 111
 115
 119
 125
 131
 133
 137
 140
 143
 145
 148
 152
 155
 158
 160
 163
 165
 167
 169
 173
 176
 178
 180
 182
 184
 185
 188
 190
 192
 193
 196
 197
 199
 201
 202
 203
 205
 206
 207
 208
 209
 212
 214
 215
 216
 218
 219
 221
 222
 224
 225
 226
 227
 229
 230
 231
 233
 233
 234
 235
 236
 237
 237
 239
 240
 241
 241
 242
 242
 243
 244
 245
 245
 246
 248
 249
 250
 250
 252
 252
 253
 254
 255
 255
 256
 257
 258
 259
 260
 260
 261
 261
 262
 263
 263
 264
 265
 265
 266
 266
 268
 268
 269
 270
 270
 271
 271
 272
 273
 273
 274
 274
 275
 276
 277
 277
 278
 279
 279
 280
 281
 281
 282
 282
 283
 283
 284
 284
 284
 285
 285
 285
 285
 286
 286
 286
 288
 288
 288
 289
 289
 289
 290
 290
 291
 291
 292
 292
 293
 293
 293
 294
 294
 295
 295
 295
 296
 296
 297
 297
 298
 298
 298
 298
 299
 299
 299
 300
 300
 301
 301
 301
 301
 302
 302
 303
 303
 303
 303
 303
 304
 304
 305
 305
 305
 305
 306
 306
 306
 306
 306
 307
 307
 307
 307
 308
 308
 308
 308
 308
 309
 309
 310
 310
 310
 310
 311
 311
 311
 311
 311
 312
 312
 312
 312
 313
 313
 313
 314
 314
 314
 314
 314
 314
 315
 315
 315
 315
 316
 316
 316
 317
 317
 317
 318
 318
 318
 319
 319
 319
 319
 319
 320
 320
 320
 320
 321
 321
 321
 321
 321
 322
 322
 322
 323
 323
 323
 324
 324
 324
 324
 325
 325
 325
 325
 325
 326
 326
 326
 327
 327
 327
 327
 327
 327
 328
 328
 328
 328
 328
 328
 329
 329
 329
 329
 329
 330
 330
 330
 330
 330
 331
 331
 331
 331
 331
 332
 332
 332
 332
 332
 333
 333
 333
 333
 333
 334
 334
 334
 334
 334
 335
 335
 335
 335
 335
 335
 335
 336
 336
 336
 336
 336
 336
 336
 337
 337
 337
 337
 337
 338
 338
 338
 338
 338
 338
 338
 338
 339
 339
 339
 339
 339
 339
 340
 340
 340
 340
 340
 341
 341
 341
 341
 341
 341
 342
 342
 342
 342
 342
 342
 342
 342
 343
 343
 343
 343
 343
 343
 343
 343
 343
 343
 343
 343
 344
 344
 344
 344
 344
 344
 344
 344
 344
 344
 344
 344
 344
 344
 344
 344
 344
 344
 344
 344
 344
 344
 344
 344
 344
 343
 343
 343
 343
 343
 343
 343
 342
 342
 342
 342
 341
 341
 341
 341
 341
 341
 341
 341
 340
 340
 340
 340
 340
 340
 340
 340
 339
 339
 339
 339
 339
 339
 339
 339
 339
 339
 338
 338
 338
 338
 338
 338
 338
 338
 337
 337
 337
 337
 337
 337
 337
 337
 337
 336
 336
 336
 336
 336
 336
 336
 336
 336
 335
 335
 335
 335
 335
 335
 335
 335
 335
 334
 334
 334
 334
 334
 334
 334
 334
 334
 334
 334
 334
 334
 334
 334
 334
 334
 335
 335
 335
 335
 335
 335
 335
 336
 336
 335
 335
 335
 335
 335
 335
 335
 335
 335
 335
 334
 334
 334
 334
 334
 334
 334
 334
 334
 334
 333
 333
 333
 333
 333
 333
 333
 333
 333
 333
 333
 333
 333
 333
 332
 332
 332
 332
 332
 332
 332
 332
 332
 332
 332
 332
 332
 331
 331
 331
 331
 331
 331
 331
 331
 331
 331
 330
 330
 330
 330
 330
 330
 330
 330
 330
 330
 330
 329
 330
 329
 329
 329
 329
 329
 329
 329
 329
 329
 329
 329
 328
 328
 328
 328
 328
 328
 328
 328
 328
 328
 328
 328
 328
 327
 327
 327
 327
 327
 327
 327
 327
 327
 327
 327
 327
 327
 327
 327
 326
 326
 326
 326
 326
 326
 326
 326
 326
 326
 326
 326
 326
 326
 326
 325
 325
 325
 325
 325
 325
 325
 325
 325
 325
 325
 325
 325
 325
 325
 325
 325
 325
 325
 325
 325
 325
 325
 325
 325
 325
 325
 325
 325
 325
 325
 325
 324
 324
 324
 324
 324
 324
 324
 324
 324
 324
 324
 324
 324
 324
 324
 324
 324
 324
 324
 324
 324
 324
 324
 324
 324
 324
 324
 324
 323
 323
 323
 323
 323
 323
 323
 323
 323
 323
 323
 323
 323
 323
 322
 322
 322
 322
 322
 322
 322
 322
 322
 322
 322
 322
 322
 322
 322
 322
 322
 322
 322
 322
 322
 322
 322
 321
 321
 321
 321
 321
 321
 321
 321
 321
 320
