8.3
40.4
64.5
76.5
83.8
85.2
89
92
94.5
97.1
98.9
100.4
101.9
103.5
104.4
105.2
105.9
108.4
110
110.7
111.1
111.5
111.8
111.9
112.2
112.6
112.9
113.1
113.1
113.5
113.6
113.7
113.8
115
116.6
116.7
116.7
116.9
116.9
116.9
117.1
117.2
117.1
117.1
117.1
117.2
117.1
117.1
117.2
118.2
119.9
119.9
119.8
119.8
119.8
119.7
119.7
119.7
119.7
119.7
119
119.1
119
119
119
119.9
121.1
121.8
121.8
121.8
121.7
121.6
121.5
121.6
121.5
121.5
121.4
121.4
121.4
121.3
121.2
122.2
123.3
124
124
124
123.9
123.8
123.8
123.7
123.6
123.6
123.6
123.5
123.5
123.4
123.6
124.4
125.2
125.6
125.6
125.5
125.4
125.3
125.2
125.1
125.1
125.1
125
124.9
124.8
124.8
125.1
125.8
126.5
126.6
126.6
126.6
126.5
126.4
126.4
126.3
126.2
126.1
126.1
126
125.9
125.8
126.3
126.9
127.5
128
127.9
127.8
127.7
127.6
127.7
127.6
127.5
127.5
127.4
127.3
127.2
127.2
127.7
128.2
128.7
129.3
129.2
129.1
129
129
128.9
128.8
128.7
128.8
128.7
128.6
128.5
128.6
129.1
129.5
130
130.4
130.3
130.2
130.1
130.1
130
129.9
129.6
129.6
129.5
129.4
129.3
129.4
129.9
130.4
130.8
131.1
131
130.9
130.9
130.8
130.7
130.6
130.6
130.5
130.5
130.4
130.3
130.4
130.8
131.2
131.6
131.9
131.8
131.7
131.7
131.7
131.6
131.6
131.6
131.5
131.4
131.4
131.3
131.5
131.9
132.2
132.5
132.8
132.8
132.7
132.6
132.6
132.5
132.4
132.3
132.3
132.2
132.1
132.1
132.3
132.7
132.9
133.2
133.4
133.3
133.2
133.2
133.1
133
133
132.9
132.8
132.8
132.7
132.7
133
133.3
133.6
133.8
133.7
133.6
133.6
133.5
133.4
133.4
133.3
133.3
133.2
133.1
133.1
133.1
133.4
133.7
133.9
134.1
134
134
134
134
133.9
133.8
133.8
133.7
133.6
133.6
133.5
133.6
133.9
134.2
134.4
134.7
134.6
134.6
134.6
134.5
134.5
134.1
134.1
134
134
133.9
133.8
134
134.3
134.6
134.9
135.1
135
134.9
134.9
134.8
134.8
134.7
134.7
134.6
134.6
134.5
134.5
134.7
134.9
135.3
135.5
135.4
135.4
135.3
135.3
135.2
135.1
135.1
135
135
134.9
134.9
134.9
135.1
135.3
135.6
135.8
135.9
135.8
135.7
135.7
135.7
135.6
135.5
135.5
135.4
135.4
135.3
135.4
135.6
135.7
135.9
135.9
136
135.9
135.9
135.8
135.8
135.7
135.7
135.6
135.6
135.5
135.5
135.6
135.8
136
136.2
136.4
136.3
136.2
136.2
136.2
136.1
136
136
135.9
135.9
135.8
135.8
136
136.1
136.3
136.5
136.6
136.5
136.4
136.4
136.4
136.3
136.2
136.2
136.2
136.1
136.1
136.1
136.3
136.5
136.6
136.8
136.8
136.7
136.7
136.6
136.6
136.4
136.3
136.3
136.2
136.2
136.1
136.1
136.3
136.5
136.6
136.8
136.9
136.8
136.8
136.7
136.7
136.6
136.6
136.5
136.5
136.5
136.5
136.5
136.7
136.9
137
137.2
137.3
137.3
137.2
137.2
137.1
137.1
137
137
136.9
136.9
136.8
137
137.1
137.3
137.4
137.6
137.7
137.6
137.6
137.5
137.5
137.4
137.4
137.4
137.3
137.3
137.2
137.3
137.5
137.6
137.8
137.9
137.9
137.8
137.8
137.7
137.7
137.6
137.6
137.6
137.5
137.5
137.5
137.6
137.8
137.9
138.1
138.2
138.2
138.2
138.1
138.1
138
138
138
137.9
137.9
137.8
137.8
138
138.1
138.3
138.4
138.6
138.7
138.6
138.6
138.6
138.5
138.5
138.4
138.4
138.4
138.3
138.4
138.5
138.6
138.8
138.9
139.1
138.9
138.9
138.9
138.8
138.8
138.7
138.7
138.6
138.6
138.6
138.7
138.8
138.9
139.1
139.3
139.4
139.4
139.4
139.4
139.3
139.3
139.2
139.2
139.1
139.1
139.1
139.2
139.3
139.5
139.6
139.8
139.9
140
140
139.9
139.9
139.8
139.8
139.8
139.7
139.7
139.7
139.8
139.9
140.1
140.2
140.3
140.4
140.3
140.3
140.3
140.2
140.2
140
140.1
140
140
140
140.2
140.3
140.4
140.5
140.6
140.6
140.6
140.6
140.5
140.5
140.4
140.4
140.4
140.3
140.3
140.4
140.5
140.6
140.7
140.9
141
141.1
141.1
141.1
141
141
141
140.9
140.9
140.8
140.8
140.9
141
141.1
141.3
141.4
141.4
141.3
141.3
141.3
141.2
141.2
141.1
141.1
141.1
141
141.1
141.2
141.3
141.3
141.5
141.6
141.6
141.5
141.5
141.5
141.4
141.4
141.3
141.3
141.3
141.2
141.3
141.4
141.5
141.6
141.7
141.8
141.8
141.7
141.7
141.6
141.6
141.6
141.5
141.5
141.5
141.4
141.5
141.6
141.7
141.9
142
142
142
142
141.9
141.9
141.9
141.8
141.8
141.8
141.7
141.7
141.8
141.9
142
142.1
142.2
142.3
142.3
142.3
142.2
142.2
142.1
142.1
142.1
142
142
142
142.1
142.2
142.3
142.4
142.4
142.4
142.4
142.3
142.3
142.3
142.2
142.2
142.1
142.1
142.1
142.2
142.3
142.4
142.5
142.6
142.7
142.7
142.7
142.6
142.6
142.5
142.5
142.5
142.4
142.4
142.4
142.5
142.6
142.8
142.9
143
143.1
143.1
143
143
143
142.9
142.9
142.9
142.8
142.8
142.9
143
143
143
143.2
143.3
143.3
143.3
143.2
143.2
143.1
143.1
143.1
143.1
143
143
143.1
143.2
143.3
143.4
143.4
143.5
143.5
143.4
143.4
143.4
143.3
143.3
143.3
143.2
143.2
143.2
143.3
143.4
143.5
143.6
143.6
143.7
143.7
143.7
143.6
143.6
143.6
143.5
143.5
143.5
143.4
143.5
143.6
143.6
143.7
143.8
144
144.1
144.1
144.1
144
144
143.9
143.8
143.8
143.8
143.7
143.8
143.9
144
144.1
144.1
144.1
144.1
144.1
144.1
144
144
144
143.9
143.9
143.8
144
144
144.1
144.2
144.3
144.3
144.4
144.4
144.4
144.4
144.3
144.3
144.3
144.2
144.2
144.2
144.2
144.3
144.4
144.4
144.5
144.6
144.7
144.7
144.7
144.6
144.6
144.6
144.5
144.5
144.5
144.4
144.5
144.6
144.7
144.7
144.8
144.9
144.9
145
144.9
144.9
144.8
144.8
144.8
144.8
144.7
144.7
144.8
144.9
144.9
145
145.1
145.1
145.1
145.1
145
145
145
145
144.9
144.9
144.9
144.9
145
145
145.1
145.2
145.2
145.3
145.4
145.3
145.3
145.3
145.2
145.2
145.2
145.1
145.1
145.2
145.2
145.3
145.4
145.4
145.5
145.6
145.6
145.6
145.6
145.5
145.5
145.4
145.4
145.4
145.4
145.4
145.5
145.6
145.7
145.7
145.8
145.8
145.8
145.7
145.7
145.7
145.7
145.6
145.6
145.6
145.6
145.6
145.7
145.8
145.9
145.9
146
146.1
146
146
146
145.9
145.9
145.9
145.8
145.8
145.9
145.9
146
146.1
146.1
146.2
146.3
146.3
146.3
146.2
146.2
146.2
146.2
146.1
146.1
146.1
146.2
146.2
146.3
146.3
146.4
146.5
146.4
146.4
146.4
146.3
146.3
146.3
146.3
146.2
146.2
146.2
146.3
146.3
146.4
146.5
146.5
146.6
146.7
146.7
146.7
146.7
146.7
146.6
146.6
146.6
146.5
146.6
146.7
146.7
146.8
146.8
146.9
146.9
146.9
146.8
146.8
146.8
146.8
146.7
146.7
146.7
146.7
146.7
146.8
146.9
146.9
147
147
147.1
147.2
147.2
147.1
147.1
147.1
147
147
147
147
147.1
147.1
147.2
147.3
147.3
147.3
147.3
147.2
147.2
147.2
147.1
147.1
147.1
147.1
147
147.1
147.2
147.2
147.3
147.3
147.4
147.5
147.5
147.4
147.4
147.4
147.4
147.3
147.3
147.3
147.3
147.3
147.4
147.5
147.5
147.6
147.6
147.6
147.6
147.6
147.6
147.5
147.5
147.5
147.4
147.4
147.5
147.5
147.6
147.6
147.7
147.7
147.8
147.9
147.8
147.8
147.8
147.8
147.7
147.7
147.7
147.7
147.7
147.8
147.9
147.9
148
148.1
148.2
148.2
148.1
148.1
148.1
148.1
148
148
148
148
148.1
148.1
148.2
148.2
148.3
148.3
148.3
148.3
148.3
148.3
148.2
148.2
148.2
148.1
148.1
148.2
148.2
148.3
148.5
148.5
148.6
148.5
148.5
148.5
148.5
148.4
148.4
148.4
148.2
148.2
148.2
148.3
148.3
148.4
148.4
148.5
148.5
148.6
148.6
148.6
148.6
148.6
148.6
148.6
148.6
148.5
148.6
148.6
148.7
148.7
148.8
148.8
148.9
148.9
148.9
148.9
148.9
148.8
148.8
148.8
148.7
148.8
148.8
148.9
148.9
149
149
149
149
149
149
148.9
148.9
148.9
148.9
148.8
148.8
148.8
148.9
148.9
149
149
149
