210.9
210.9
210.9
210.9
211
210
210
210
210.1
210.1
210.1
210.1
210.1
210.2
210.2
210.2
210.2
210.2
210.2
210.3
209.3
209.3
209.3
209.3
209.3
209.4
209.4
209.4
209.4
209.4
209.5
209.5
209.5
209.5
209.5
208.6
208.6
208.6
208.6
208.6
208.6
208.7
208.7
208.7
208.7
208.7
208.7
208.8
208.8
208.8
208.8
207.8
207.9
207.9
207.9
207.9
207.9
208
208
208
208
208
208
208.1
208.1
208.1
208.1
207.1
207.1
207.2
207.2
207.2
207.2
207.2
207.3
207.3
207.3
207.3
207.3
207.3
207.3
207.4
207.4
206.4
206.4
206.4
206.4
206.5
206.5
206.5
206.5
206.5
206.5
206.6
206.6
206.6
206.6
206.6
206.7
205.7
205.7
205.7
205.7
205.7
205.8
205.8
205.8
205.8
205.8
205.8
205.9
205.9
205.9
205.9
205.9
205.9
205
205
205
205
205
205
205.1
205.1
205.1
205.1
205.1
205.1
205.2
205.2
205.2
205.2
205.2
204.2
204.3
204.3
204.3
204.3
204.3
204.3
204.4
204.4
204.4
204.4
204.4
204.4
204.5
204.5
204.5
204.5
203.5
203.5
203.5
203.6
203.6
203.6
203.6
203.6
203.6
203.7
203.7
203.7
203.7
203.7
203.7
203.8
203.8
203.8
202.8
202.8
202.8
202.9
202.9
202.9
202.9
202.9
202.9
203
203
203
203
203
203
203
203.1
203.1
202.1
202.1
202.1
202.1
202.1
202.2
202.2
202.2
202.2
202.2
202.2
202.3
202.3
202.3
202.3
202.3
202.3
201.4
201.4
201.4
201.4
201.4
201.4
201.4
201.5
201.5
201.5
201.5
201.5
201.5
201.6
201.6
201.6
201.6
201.6
201.6
200.7
200.7
200.7
200.7
200.7
200.7
200.7
200.8
200.8
200.8
200.8
200.8
200.8
200.8
200.9
200.9
200.9
200.9
199.9
199.9
199.9
200
200
200
200
200
200
200
200.1
200.1
200.1
200.1
200.1
200.1
200.1
200.2
200.2
199.2
199.2
199.2
199.2
199.3
199.3
199.3
199.3
199.3
199.3
199.3
199.3
199.4
199.4
199.4
199.4
199.4
199.4
199.5
198.5
198.5
198.5
198.5
198.5
198.5
198.6
198.6
198.6
198.6
198.6
198.6
198.7
198.7
198.7
198.7
198.7
198.7
198.7
198.7
197.8
197.8
197.8
197.8
197.8
197.8
197.9
197.9
197.9
197.9
197.9
197.9
197.9
197.9
198
198
198
198
198
198
197
197.1
197.1
197.1
197.1
197.1
197.1
197.1
197.2
197.2
197.2
197.2
197.2
197.2
197.2
197.2
197.3
197.3
197.3
197.3
196.3
196.3
196.3
196.4
196.4
196.4
196.4
196.4
196.4
196.4
196.4
196.5
196.5
196.5
196.5
196.5
196.5
196.5
196.6
196.6
195.6
195.6
195.6
195.6
195.6
195.6
195.7
195.7
195.7
195.7
195.7
195.7
195.7
195.8
195.8
195.8
195.8
195.8
195.8
195.8
195.9
194.9
194.9
194.9
194.9
194.9
194.9
194.9
195
195
195
195
195
195
195
195
195.1
195.1
195.1
195.1
195.1
195.1
194.1
194.2
194.2
194.2
194.2
194.2
194.2
194.2
194.3
194.3
194.3
194.3
194.3
194.3
194.3
194.3
194.3
194.4
194.4
194.4
194.4
194.4
193.4
193.4
193.4
193.5
193.5
193.5
193.5
193.5
193.5
193.5
193.6
193.6
193.6
193.6
193.6
193.6
193.6
193.6
193.6
193.7
193.7
193.7
192.7
192.7
192.7
192.7
192.8
192.8
192.8
192.8
192.8
192.8
192.8
192.8
192.9
192.9
192.9
192.9
192.9
192.9
192.9
192.9
192.9
193
192
192
192
192
192
192
192.1
192.1
192.1
192.1
192.1
192.1
192.1
192.1
192.2
192.2
192.2
192.2
192.2
192.2
192.2
192.2
192.3
191.3
191.3
191.3
191.3
191.3
191.3
191.3
191.3
191.4
191.4
191.4
191.4
191.4
191.4
191.4
191.4
191.5
191.5
191.5
191.5
191.5
191.5
191.5
190.5
190.6
190.6
190.6
190.6
190.6
190.6
190.6
190.6
190.6
190.6
190.7
190.7
190.7
190.7
190.7
190.7
190.7
190.7
190.8
190.8
190.8
190.8
189.8
189.8
189.8
189.8
189.8
189.9
189.9
189.9
189.9
189.9
189.9
189.9
189.9
190
190
190
190
190
190
190
190
190.1
190.1
190.1
189.1
189.1
189.1
189.1
189.1
189.1
189.2
189.2
189.2
189.2
189.2
189.2
189.2
189.2
189.2
189.2
189.3
189.3
189.3
189.3
189.3
189.3
189.3
189.3
188.4
188.4
188.4
188.4
188.4
188.4
188.4
188.4
188.4
188.5
188.5
188.5
188.5
188.5
188.5
188.5
188.5
188.5
188.6
188.6
188.6
188.6
188.6
188.6
188.6
187.6
187.7
187.7
187.7
187.7
187.7
187.7
187.7
187.7
187.7
187.8
187.8
187.8
187.8
187.8
187.8
187.8
187.8
187.8
187.8
187.9
187.9
187.9
187.9
187.9
186.9
186.9
186.9
186.9
187
187
187
187
187
187
187
187
187.1
187.1
187.1
187.1
187.1
187.1
187.1
187.1
187.1
187.1
187.2
187.2
187.2
187.2
186.2
186.2
186.2
186.2
186.2
186.3
186.3
186.3
186.3
186.3
186.3
186.3
186.3
186.3
186.3
186.4
186.4
186.4
186.4
186.4
186.4
186.4
186.4
186.4
186.5
186.5
185.5
185.5
185.5
185.5
185.5
185.5
185.5
185.5
185.5
185.6
185.6
185.6
185.6
185.6
185.6
185.6
185.6
185.6
185.7
185.7
185.7
185.7
185.7
185.7
185.7
185.7
185.7
184.7
184.8
184.8
184.8
184.8
184.8
184.8
184.8
184.8
184.8
184.9
184.9
184.9
184.9
184.9
184.9
184.9
184.9
184.9
184.9
184.9
185
185
185
185
185
185
184
184
184
184
184.1
184.1
184.1
184.1
184.1
184.1
184.1
184.1
184.1
184.2
184.2
184.2
184.2
184.2
184.2
184.2
184.2
184.2
184.2
184.3
184.3
184.3
184.3
184.3
183.3
183.3
183.3
183.3
183.3
183.3
183.4
183.4
183.4
183.4
183.4
183.4
183.4
183.4
183.4
183.5
183.5
183.5
183.5
183.5
183.5
183.5
183.5
183.5
183.5
183.5
183.6
183.6
182.6
182.6
182.6
182.6
182.6
182.6
182.6
182.6
182.7
182.7
182.7
182.7
182.7
182.7
182.7
182.7
182.7
182.7
182.7
182.8
182.8
182.8
182.8
182.8
182.8
182.8
182.8
182.8
182.8
181.8
181.9
181.9
181.9
181.9
181.9
181.9
181.9
181.9
181.9
182
182
182
182
182
182
182
182
182
182
182
182
182
182.1
182.1
182.1
182.1
182.1
182.1
182.1
182
182
182
182
182
182
181.9
181.9
181.9
181.8
181.8
181.8
181.7
181.8
181.8
181.7
181.7
181.7
181.6
181.6
181.6
181.5
181.5
181.5
181.5
181.5
181.5
181.4
181.4
181.4
181.3
181.3
181.3
181.2
181.2
181.3
181.2
181.2
181.2
181.1
181.1
181.1
181
181
181
180.9
181
181
180.9
180.9
180.9
180.8
180.8
180.8
180.7
180.7
180.7
180.6
180.7
180.7
180.6
180.6
180.6
180.5
180.5
180.5
180.4
180.4
180.4
180.5
180.4
180.4
180.4
180.3
180.3
180.3
180.2
180.2
180.2
180.1
180.1
180.2
180.1
180.1
180.1
180
180
180
180
179.9
179.9
179.8
179.8
179.9
179.9
179.8
179.8
179.8
179.7
179.7
179.7
179.6
179.6
179.6
179.6
179.6
179.6
179.5
179.5
179.5
179.5
179.4
179.4
179.4
179.3
179.4
179.4
179.3
179.3
179.3
179.2
179.2
179.2
179.1
179.1
179.1
179.1
179
179.1
179.1
179
179
179
178.9
178.9
178.9
178.9
178.8
178.8
178.9
178.8
178.8
178.8
178.7
178.7
178.7
178.6
178.6
178.6
178.5
178.5
178.5
178.6
178.5
178.5
178.5
178.4
178.4
178.4
178.3
178.3
178.3
178.3
178.2
178.3
178.3
178.2
178.2
178.2
178.1
178.1
178.1
178.1
178
178
178.1
178
178
178
177.9
177.9
177.9
177.9
177.8
177.8
177.8
177.7
177.8
177.8
177.7
177.7
177.7
177.7
177.6
177.6
177.6
177.5
177.5
177.5
177.4
177.5
177.5
177.5
177.4
177.4
177.4
177.3
177.3
177.3
177.3
177.2
177.3
177.3
177.2
177.2
177.2
177.1
177.1
177.1
177.1
177
177
177.1
177
177
177
177
176.9
176.9
176.9
176.8
176.8
176.8
176.8
176.7
176.8
176.8
176.7
176.7
176.7
176.7
176.6
176.6
176.6
176.5
176.5
176.5
176.6
176.5
176.5
176.5
176.4
176.4
176.4
176.3
176.3
176.3
176.3
176.2
176.2
176.2
176.2
176.2
176.2
176.2
176.1
176.1
176.1
176.1
176
176
176
175.9
175.9
176
176
175.9
175.9
175.9
175.8
175.8
175.8
175.8
175.7
175.7
175.7
175.7
175.7
175.7
175.7
175.6
175.6
175.6
175.6
175.5
175.5
175.5
175.4
175.4
175.5
175.5
175.4
175.4
175.4
175.3
175.3
175.3
175.3
175.2
175.2
175.2
175.1
175.1
175.2
175.2
175.1
175.1
175.1
175.1
175
175
175
174.9
174.9
174.9
174.9
174.9
174.9
174.9
174.9
174.8
174.8
174.8
174.8
174.7
174.7
174.7
174.6
174.6
174.7
174.7
174.6
174.6
174.6
174.6
174.5
174.5
174.5
174.4
174.4
174.4
174.4
174.3
174.4
174.4
174.4
174.3
174.3
174.3
174.2
174.2
174.2
174.2
174.1
174.1
174.1
174.1
174.1
174.1
174.1
174.1
174
174
174
173.9
173.9
173.9
173.9
173.8
173.8
173.9
173.9
173.8
173.8
173.8
173.8
173.7
173.7
173.7
173.7
173.6
173.6
173.6
173.6
173.6
173.6
173.6
173.5
173.5
173.5
173.5
173.4
173.4
173.4
173.4
173.3
173.3
173.4
173.4
173.3
173.3
173.3
173.2
173.2
173.2
173.2
173.1
173.1
173.1
173.1
173
173
173.1
173.1
173
173
173
173
172.9
172.9
172.9
172.9
172.8
172.8
172.8
172.8
172.8
172.8
172.8
172.8
172.7
172.7
172.7
172.7
172.6
172.6
172.6
172.6
172.5
172.5
172.6
172.6
172.5
172.5
172.5
172.5
172.4
172.4
172.4
172.4
172.3
172.3
172.3
172.3
172.2
172.2
172.3
172.2
172.2
172.2
172.2
172.1
172.1
172.1
172.1
172
172
172
172
171.9
172
172
172
171.9
171.9
171.9
171.9
171.8
171.8
171.8
171.8
171.8
171.7
171.7
171.8
171.8
171.7
171.7
171.7
171.7
171.6
171.6
171.6
171.6
171.5
171.5
171.5
171.5
171.4
171.5
171.5
171.5
171.4
171.4
171.4
171.4
171.3
171.3
171.3
171.3
171.2
171.2
171.2
171.2
171.2
171.2
171.2
171.2
171.1
171.1
171.1
171.1
171
171
171
171
170.9
170.9
170.9
171
171
170.9
170.9
170.9
170.9
170.8
170.8
170.8
170.8
170.7
170.7
170.7
170.7
170.6
170.7
170.7
170.7
170.6
170.6
170.6
170.6
170.6
170.5
170.5
170.5
170.5
170.4
170.4
170.4
170.5
170.4
170.4
170.4
170.4
170.3
170.3
170.3
170.3
170.2
170.2
170.2
170.2
170.2
170.1
170.2
170.2
170.2
170.1
170.1
170.1
170.1
170
170
170
170
169.9
169.9
169.9
170
170
169.9
169.9
169.9
169.9
169.8
169.8
169.8
169.8
169.7
169.7
169.7
169.7
169.7
169.6
169.6
169.6
169.6
169.4
169.4
169.4
169.4
169.4
169.2
