Heartbeat port addresses read from NoFDBConfig: 
    Node-0: 10.10.1.2:50050
    Node-1: 10.10.1.3:50050
    Node-2: 10.10.1.4:50050
===== Global Configure Table =====
    node_id: 0
    node_ip: 10.10.1.2
    maintainer_port: 50050
    remaining_cpu_cores: 00000000000000000000000000000000000000000000000000000000000000000000000000000000000000000000000000000000000000000000110000000000
    remaining_ports: 50056
    kvses: 
        kvs_id: 0
        belong_to_node_id: 0
        required_cpu_core_num: 5
        using_cpu_cores: 
        using_ports: 50051,50052,50053,50054,50055
        replications: 
            node_id: 0
            node_ip: trtype:rdma adrfam:IPv4 traddr:10.10.1.2 trsvcid:4420 subnqn:nqn.2024-12.io.spdk:0
        replications: 
            node_id: 1
            node_ip: trtype:rdma adrfam:IPv4 traddr:10.10.1.3 trsvcid:4420 subnqn:nqn.2024-12.io.spdk:1
        replications: 
            node_id: 2
            node_ip: trtype:rdma adrfam:IPv4 traddr:10.10.1.4 trsvcid:4420 subnqn:nqn.2024-12.io.spdk:2
    node_id: 1
    node_ip: 10.10.1.3
    maintainer_port: 50050
    remaining_cpu_cores: 00000000000000000000000000000000000000000000000000000000000000000000000000000000000000000000000000000000000000000000110000000000
    remaining_ports: 50056
    kvses: 
        kvs_id: 0
        belong_to_node_id: 1
        required_cpu_core_num: 5
        using_cpu_cores: 
        using_ports: 50051,50052,50053,50054,50055
        replications: 
            node_id: 0
            node_ip: trtype:rdma adrfam:IPv4 traddr:10.10.1.2 trsvcid:4420 subnqn:nqn.2024-12.io.spdk:0
        replications: 
            node_id: 1
            node_ip: trtype:rdma adrfam:IPv4 traddr:10.10.1.3 trsvcid:4420 subnqn:nqn.2024-12.io.spdk:1
        replications: 
            node_id: 2
            node_ip: trtype:rdma adrfam:IPv4 traddr:10.10.1.4 trsvcid:4420 subnqn:nqn.2024-12.io.spdk:2
    node_id: 2
    node_ip: 10.10.1.4
    maintainer_port: 50050
    remaining_cpu_cores: 00000000000000000000000000000000000000000000000000000000000000000000000000000000000000000000000000000000000000000000110000000000
    remaining_ports: 50056
    kvses: 
        kvs_id: 0
        belong_to_node_id: 2
        required_cpu_core_num: 5
        using_cpu_cores: 
        using_ports: 50051,50052,50053,50054,50055
        replications: 
            node_id: 0
            node_ip: trtype:rdma adrfam:IPv4 traddr:10.10.1.2 trsvcid:4420 subnqn:nqn.2024-12.io.spdk:0
        replications: 
            node_id: 1
            node_ip: trtype:rdma adrfam:IPv4 traddr:10.10.1.3 trsvcid:4420 subnqn:nqn.2024-12.io.spdk:1
        replications: 
            node_id: 2
            node_ip: trtype:rdma adrfam:IPv4 traddr:10.10.1.4 trsvcid:4420 subnqn:nqn.2024-12.io.spdk:2
==================================

fieldcount: 1
fieldlength: 1000
zero_padding: 20
recordcount: 200000000
operationcount: 200000000
oks: 1000000
oks: 1000000
oks: 1000000
oks: 1000000
oks: 1000000
oks: 1000000
oks: 1000000
oks: 1000000
oks: 1000000
oks: 1000000
oks: 1000000
oks: 1000000
oks: 1000000
oks: 1000000
oks: 1000000
oks: 1000000
oks: 1000000
oks: 1000000
oks: 1000000
oks: 1000000
oks: 1000000
oks: 1000000
oks: 1000000
oks: 1000000
oks: 1000000
oks: 1000000
oks: 1000000
oks: 1000000
oks: 1000000
oks: 1000000
oks: 1000000
oks: 1000000
oks: 2000000
oks: 2000000
oks: 2000000
oks: 2000000
oks: 2000000
oks: 2000000
oks: 2000000
oks: 2000000
oks: 2000000
oks: 2000000
oks: 2000000
oks: 2000000
oks: 2000000
oks: 2000000
oks: 2000000
oks: 2000000
oks: 2000000
oks: 2000000
oks: 2000000
oks: 2000000
oks: 2000000
oks: 2000000
oks: 2000000
oks: 2000000
oks: 2000000
oks: 2000000
oks: 2000000
oks: 2000000
oks: 2000000
oks: 2000000
oks: 2000000
oks: 2000000
oks: 3000000
oks: 3000000
oks: 3000000
oks: 3000000
oks: 3000000
oks: 3000000
oks: 3000000
oks: 3000000
oks: 3000000
oks: 3000000
oks: 3000000
oks: 3000000
oks: 3000000
oks: 3000000
oks: 3000000
oks: 3000000
oks: 3000000
oks: 3000000
oks: 3000000
oks: 3000000
oks: 3000000
oks: 3000000
oks: 3000000
oks: 3000000
oks: 3000000
oks: 3000000
oks: 3000000
oks: 3000000
oks: 3000000
oks: 3000000
oks: 3000000
oks: 3000000
oks: 4000000
oks: 4000000
oks: 4000000
oks: 4000000
oks: 4000000
oks: 4000000
oks: 4000000
oks: 4000000
oks: 4000000
oks: 4000000
oks: 4000000
oks: 4000000
oks: 4000000
oks: 4000000
oks: 4000000
oks: 4000000
oks: 4000000
oks: 4000000
oks: 4000000
oks: 4000000
oks: 4000000
oks: 4000000
oks: 4000000
oks: 4000000
oks: 4000000
oks: 4000000
oks: 4000000
oks: 4000000
oks: 4000000
oks: 4000000
oks: 4000000
oks: 4000000
oks: 5000000
oks: 5000000
oks: 5000000
oks: 5000000
oks: 5000000
oks: 5000000
oks: 5000000
oks: 5000000
oks: 5000000
oks: 5000000
oks: 5000000
oks: 5000000
oks: 5000000
oks: 5000000
oks: 5000000
oks: 5000000
oks: 5000000
oks: 5000000
oks: 5000000
oks: 5000000
oks: 5000000
oks: 5000000
oks: 5000000
oks: 5000000
oks: 5000000
oks: 5000000
oks: 5000000
oks: 5000000
oks: 5000000
oks: 5000000
oks: 5000000
oks: 5000000
oks: 6000000
oks: 6000000
oks: 6000000
oks: 6000000
oks: 6000000
oks: 6000000
oks: 6000000
oks: 6000000
oks: 6000000
oks: 6000000
oks: 6000000
oks: 6000000
oks: 6000000
oks: 6000000
oks: 6000000
oks: 6000000
oks: 6000000
oks: 6000000
oks: 6000000
oks: 6000000
oks: 6000000
oks: 6000000
oks: 6000000
oks: 6000000
oks: 6000000
oks: 6000000
oks: 6000000
oks: 6000000
oks: 6000000
oks: 6000000
oks: 6000000
oks: 6000000

nofdb	workloads/workloadc.spec	32
# Load duration (sec): 3430.4
# Loading records:	200000000
# Load throughput (KOPS): 58.3022
Count: 200000000  Average: 548.4766  StdDev: 3563.21
Percentiles(us): P50: 251.74 P90: 759.42 P99: 3486.47 P99.9: 44921.60 P99.99: 104762.72
------------------------------------------------------
[      50,      60 )       4   0.000%   0.000% 
[      60,      70 )     349   0.000%   0.000% 
[      70,      80 )    2777   0.001%   0.002% 
[      80,      90 )    6229   0.003%   0.005% 
[      90,     100 )   84865   0.042%   0.047% 
[     100,     120 ) 26039761  13.020%  13.067% ###
[     120,     140 ) 14015249   7.008%  20.075% #
[     140,     160 ) 9312988   4.656%  24.731% #
[     160,     180 ) 7705424   3.853%  28.584% #
[     180,     200 ) 6454015   3.227%  31.811% #
[     200,     250 ) 35623331  17.812%  49.622% ####
[     250,     300 ) 21748766  10.874%  60.497% ##
[     300,     350 ) 13986066   6.993%  67.490% #
[     350,     400 ) 11424014   5.712%  73.202% #
[     400,     450 ) 7212527   3.606%  76.808% #
[     450,     500 ) 5428339   2.714%  79.522% #
[     500,     600 ) 10517277   5.259%  84.781% #
[     600,     700 ) 7637085   3.819%  88.600% #
[     700,     800 ) 4713960   2.357%  90.957% 
[     800,     900 ) 2934531   1.467%  92.424% 
[     900,    1000 ) 2280633   1.140%  93.564% 
[    1000,    1200 ) 3132258   1.566%  95.130% 
[    1200,    1400 ) 1858127   0.929%  96.059% 
[    1400,    1600 ) 1234069   0.617%  96.676% 
[    1600,    1800 )  928442   0.464%  97.141% 
[    1800,    2000 )  726928   0.363%  97.504% 
[    2000,    2500 ) 1422588   0.711%  98.215% 
[    2500,    3000 )  980785   0.490%  98.706% 
[    3000,    3500 )  604984   0.302%  99.008% 
[    3500,    4000 )  354482   0.177%  99.185% 
[    4000,    4500 )  220801   0.110%  99.296% 
[    4500,    5000 )  151376   0.076%  99.372% 
[    5000,    6000 )  183594   0.092%  99.463% 
[    6000,    7000 )  100232   0.050%  99.513% 
[    7000,    8000 )   63013   0.032%  99.545% 
[    8000,    9000 )   45698   0.023%  99.568% 
[    9000,   10000 )   39439   0.020%  99.588% 
[   10000,   12000 )   72192   0.036%  99.624% 
[   12000,   14000 )   82130   0.041%  99.665% 
[   14000,   16000 )   68526   0.034%  99.699% 
[   16000,   18000 )   46164   0.023%  99.722% 
[   18000,   20000 )   36345   0.018%  99.740% 
[   20000,   25000 )   76022   0.038%  99.778% 
[   25000,   30000 )   69235   0.035%  99.813% 
[   30000,   35000 )   66860   0.033%  99.846% 
[   35000,   40000 )   57108   0.029%  99.875% 
[   40000,   45000 )   51215   0.026%  99.900% 
[   45000,   50000 )   39727   0.020%  99.920% 
[   50000,   60000 )   51219   0.026%  99.946% 
[   60000,   70000 )   35478   0.018%  99.964% 
[   70000,   80000 )   23710   0.012%  99.975% 
[   80000,   90000 )   16402   0.008%  99.984% 
[   90000,  100000 )   10157   0.005%  99.989% 
[  100000,  120000 )   10515   0.005%  99.994% 
[  120000,  140000 )    4902   0.002%  99.996% 
[  140000,  160000 )    2363   0.001%  99.998% 
[  160000,  180000 )    1057   0.001%  99.998% 
[  180000,  200000 )     675   0.000%  99.999% 
[  200000,  250000 )     832   0.000%  99.999% 
[  250000,  300000 )     323   0.000%  99.999% 
[  300000,  350000 )     238   0.000%  99.999% 
[  350000,  400000 )     195   0.000%  99.999% 
[  400000,  450000 )     192   0.000%  99.999% 
[  450000,  500000 )     280   0.000% 100.000% 
[  500000,  600000 )     229   0.000% 100.000% 
[  600000,  700000 )     214   0.000% 100.000% 
[  700000,  800000 )      85   0.000% 100.000% 
[  800000,  900000 )     127   0.000% 100.000% 
[  900000, 1000000 )      33   0.000% 100.000% 
[ 1000000, 1200000 )     126   0.000% 100.000% 
[ 1200000, 1400000 )      14   0.000% 100.000% 
[ 1400000, 1600000 )      44   0.000% 100.000% 
[ 1600000, 1800000 )       7   0.000% 100.000% 
[ 1800000, 2000000 )      35   0.000% 100.000% 
[ 2000000, 2500000 )       1   0.000% 100.000% 
[ 2500000, 3000000 )      17   0.000% 100.000% 

Waiting 30s before performing transactions......
Starting performing transactions......

oks: 1000000
oks: 1000000
oks: 1000000
oks: 1000000
oks: 1000000
oks: 1000000
oks: 1000000
oks: 1000000
oks: 1000000
oks: 1000000
oks: 1000000
oks: 1000000
oks: 1000000
oks: 1000000
oks: 1000000
oks: 1000000
oks: 1000000
oks: 1000000
oks: 1000000
oks: 1000000
oks: 1000000
oks: 1000000
oks: 1000000
oks: 1000000
oks: 1000000
oks: 1000000
oks: 1000000
oks: 1000000
oks: 1000000
oks: 1000000
oks: 1000000
oks: 1000000
oks: 2000000
oks: 2000000
oks: 2000000
oks: 2000000
oks: 2000000
oks: 2000000
oks: 2000000
oks: 2000000
oks: 2000000
oks: 2000000
oks: 2000000
oks: 2000000
oks: 2000000
oks: 2000000
oks: 2000000
oks: 2000000
oks: 2000000
oks: 2000000
oks: 2000000
oks: 2000000
oks: 2000000
oks: 2000000
oks: 2000000
oks: 2000000
oks: 2000000
oks: 2000000
oks: 2000000
oks: 2000000
oks: 2000000
oks: 2000000
oks: 2000000
oks: 2000000
oks: 3000000
oks: 3000000
oks: 3000000
oks: 3000000
oks: 3000000
oks: 3000000
oks: 3000000
oks: 3000000
oks: 3000000
oks: 3000000
oks: 3000000
oks: 3000000
oks: 3000000
oks: 3000000
oks: 3000000
oks: 3000000
oks: 3000000
oks: 3000000
oks: 3000000
oks: 3000000
oks: 3000000
oks: 3000000
oks: 3000000
oks: 3000000
oks: 3000000
oks: 3000000
oks: 3000000
oks: 3000000
oks: 3000000
oks: 3000000
oks: 3000000
oks: 3000000
oks: 4000000
oks: 4000000
oks: 4000000
oks: 4000000
oks: 4000000
oks: 4000000
oks: 4000000
oks: 4000000
oks: 4000000
oks: 4000000
oks: 4000000
oks: 4000000
oks: 4000000
oks: 4000000
oks: 4000000
oks: 4000000
oks: 4000000
oks: 4000000
oks: 4000000
oks: 4000000
oks: 4000000
oks: 4000000
oks: 4000000
oks: 4000000
oks: 4000000
oks: 4000000
oks: 4000000
oks: 4000000
oks: 4000000
oks: 4000000
oks: 4000000
oks: 4000000
oks: 5000000
oks: 5000000
oks: 5000000
oks: 5000000
oks: 5000000
oks: 5000000
oks: 5000000
oks: 5000000
oks: 5000000
oks: 5000000
oks: 5000000
oks: 5000000
oks: 5000000
oks: 5000000
oks: 5000000
oks: 5000000
oks: 5000000
oks: 5000000
oks: 5000000
oks: 5000000
oks: 5000000
oks: 5000000
oks: 5000000
oks: 5000000
oks: 5000000
oks: 5000000
oks: 5000000
oks: 5000000
oks: 5000000
oks: 5000000
oks: 5000000
oks: 5000000
oks: 6000000
oks: 6000000
oks: 6000000
oks: 6000000
oks: 6000000
oks: 6000000
oks: 6000000
oks: 6000000
oks: 6000000
oks: 6000000
oks: 6000000
oks: 6000000
oks: 6000000
oks: 6000000
oks: 6000000
oks: 6000000
oks: 6000000
oks: 6000000
oks: 6000000
oks: 6000000
oks: 6000000
oks: 6000000
oks: 6000000
oks: 6000000
oks: 6000000
oks: 6000000
oks: 6000000
oks: 6000000
oks: 6000000
oks: 6000000
oks: 6000000
oks: 6000000
# Run duration (sec): 824.97
# Run operations:	200000000
# Run throughput (KOPS): 242.433
Count: 200000000  Average: 131.6866  StdDev: 123.09
Percentiles(us): P50: 93.64 P90: 266.03 P99: 500.77 P99.9: 1152.61 P99.99: 3231.64
------------------------------------------------------
[      30,      35 )     187   0.000%   0.000% 
[      35,      40 )  404100   0.202%   0.202% 
[      40,      45 ) 5646462   2.823%   3.025% #
[      45,      50 ) 17634470   8.817%  11.843% ##
[      50,      60 ) 38401846  19.201%  31.044% ####
[      60,      70 ) 16643350   8.322%  39.365% ##
[      70,      80 ) 9534132   4.767%  44.132% #
[      80,      90 ) 8765715   4.383%  48.515% #
[      90,     100 ) 8166317   4.083%  52.598% #
[     100,     120 ) 13798880   6.899%  59.498% #
[     120,     140 ) 15645293   7.823%  67.320% ##
[     140,     160 ) 11064846   5.532%  72.853% #
[     160,     180 ) 9155115   4.578%  77.430% #
[     180,     200 ) 7864780   3.932%  81.363% #
[     200,     250 ) 14404128   7.202%  88.565% #
[     250,     300 ) 8953237   4.477%  93.041% #
[     300,     350 ) 5407427   2.704%  95.745% #
[     350,     400 ) 3316910   1.658%  97.404% 
[     400,     450 ) 1997169   0.999%  98.402% 
[     450,     500 ) 1186870   0.593%  98.996% 
[     500,     600 ) 1143206   0.572%  99.567% 
[     600,     700 )  413561   0.207%  99.774% 
[     700,     800 )  150064   0.075%  99.849% 
[     800,     900 )   57814   0.029%  99.878% 
[     900,    1000 )   25352   0.013%  99.891% 
[    1000,    1200 )   24597   0.012%  99.903% 
[    1200,    1400 )   17099   0.009%  99.911% 
[    1400,    1600 )   16842   0.008%  99.920% 
[    1600,    1800 )   17707   0.009%  99.929% 
[    1800,    2000 )   18363   0.009%  99.938% 
[    2000,    2500 )   49569   0.025%  99.963% 
[    2500,    3000 )   44203   0.022%  99.985% 
[    3000,    3500 )   22425   0.011%  99.996% 
[    3500,    4000 )    5466   0.003%  99.999% 
[    4000,    4500 )    1554   0.001% 100.000% 
[    4500,    5000 )     637   0.000% 100.000% 
[    5000,    6000 )     237   0.000% 100.000% 
[    6000,    7000 )      56   0.000% 100.000% 
[    7000,    8000 )      14   0.000% 100.000% 

