fieldlength: 488
recordcount: 52428800
oks: 100000
oks: 200000
oks: 300000
oks: 400000
oks: 500000
oks: 600000
oks: 700000
oks: 800000
oks: 900000
oks: 1000000
oks: 1100000
oks: 1200000
oks: 1300000
oks: 1400000
oks: 1500000
oks: 1600000
oks: 1700000
oks: 1800000
oks: 1900000
oks: 2000000
oks: 2100000
oks: 2200000
oks: 2300000
oks: 2400000
oks: 2500000
oks: 2600000
oks: 2700000
oks: 2800000
oks: 2900000
oks: 3000000
oks: 3100000
oks: 3200000
oks: 3300000
oks: 3400000
oks: 3500000
oks: 3600000
oks: 3700000
oks: 3800000
oks: 3900000
oks: 4000000
oks: 4100000
oks: 4200000
oks: 4300000
oks: 4400000
oks: 4500000
oks: 4600000
oks: 4700000
oks: 4800000
oks: 4900000
oks: 5000000
oks: 5100000
oks: 5200000
oks: 5300000
oks: 5400000
oks: 5500000
oks: 5600000
oks: 5700000
oks: 5800000
oks: 5900000
oks: 6000000
oks: 6100000
oks: 6200000
oks: 6300000
oks: 6400000
oks: 6500000
oks: 6600000
oks: 6700000
oks: 6800000
oks: 6900000
oks: 7000000
oks: 7100000
oks: 7200000
oks: 7300000
oks: 7400000
oks: 7500000
oks: 7600000
oks: 7700000
oks: 7800000
oks: 7900000
oks: 8000000
oks: 8100000
oks: 8200000
oks: 8300000
oks: 8400000
oks: 8500000
oks: 8600000
oks: 8700000
oks: 8800000
oks: 8900000
oks: 9000000
oks: 9100000
oks: 9200000
oks: 9300000
oks: 9400000
oks: 9500000
oks: 9600000
oks: 9700000
oks: 9800000
oks: 9900000
oks: 10000000
oks: 10100000
oks: 10200000
oks: 10300000
oks: 10400000
oks: 10500000
oks: 10600000
oks: 10700000
oks: 10800000
oks: 10900000
oks: 11000000
oks: 11100000
oks: 11200000
oks: 11300000
oks: 11400000
oks: 11500000
oks: 11600000
oks: 11700000
oks: 11800000
oks: 11900000
oks: 12000000
oks: 12100000
oks: 12200000
oks: 12300000
oks: 12400000
oks: 12500000
oks: 12600000
oks: 12700000
oks: 12800000
oks: 12900000
oks: 13000000
oks: 13100000
oks: 13200000
oks: 13300000
oks: 13400000
oks: 13500000
oks: 13600000
oks: 13700000
oks: 13800000
oks: 13900000
oks: 14000000
oks: 14100000
oks: 14200000
oks: 14300000
oks: 14400000
oks: 14500000
oks: 14600000
oks: 14700000
oks: 14800000
oks: 14900000
oks: 15000000
oks: 15100000
oks: 15200000
oks: 15300000
oks: 15400000
oks: 15500000
oks: 15600000
oks: 15700000
oks: 15800000
oks: 15900000
oks: 16000000
oks: 16100000
oks: 16200000
oks: 16300000
oks: 16400000
oks: 16500000
oks: 16600000
oks: 16700000
oks: 16800000
oks: 16900000
oks: 17000000
oks: 17100000
oks: 17200000
oks: 17300000
oks: 17400000
oks: 17500000
oks: 17600000
oks: 17700000
oks: 17800000
oks: 17900000
oks: 18000000
oks: 18100000
oks: 18200000
oks: 18300000
oks: 18400000
oks: 18500000
oks: 18600000
oks: 18700000
oks: 18800000
oks: 18900000
oks: 19000000
oks: 19100000
oks: 19200000
oks: 19300000
oks: 19400000
oks: 19500000
oks: 19600000
oks: 19700000
oks: 19800000
oks: 19900000
oks: 20000000
oks: 20100000
oks: 20200000
oks: 20300000
oks: 20400000
oks: 20500000
oks: 20600000
oks: 20700000
oks: 20800000
oks: 20900000
oks: 21000000
oks: 21100000
oks: 21200000
oks: 21300000
oks: 21400000
oks: 21500000
oks: 21600000
oks: 21700000
oks: 21800000
oks: 21900000
oks: 22000000
oks: 22100000
oks: 22200000
oks: 22300000
oks: 22400000
oks: 22500000
oks: 22600000
oks: 22700000
oks: 22800000
oks: 22900000
oks: 23000000
oks: 23100000
oks: 23200000
oks: 23300000
oks: 23400000
oks: 23500000
oks: 23600000
oks: 23700000
oks: 23800000
oks: 23900000
oks: 24000000
oks: 24100000
oks: 24200000
oks: 24300000
oks: 24400000
oks: 24500000
oks: 24600000
oks: 24700000
oks: 24800000
oks: 24900000
oks: 25000000
oks: 25100000
oks: 25200000
oks: 25300000
oks: 25400000
oks: 25500000
oks: 25600000
oks: 25700000
oks: 25800000
oks: 25900000
oks: 26000000
oks: 26100000
oks: 26200000
oks: 26300000
oks: 26400000
oks: 26500000
oks: 26600000
oks: 26700000
oks: 26800000
oks: 26900000
oks: 27000000
oks: 27100000
oks: 27200000
oks: 27300000
oks: 27400000
oks: 27500000
oks: 27600000
oks: 27700000
oks: 27800000
oks: 27900000
oks: 28000000
oks: 28100000
oks: 28200000
oks: 28300000
oks: 28400000
oks: 28500000
oks: 28600000
oks: 28700000
oks: 28800000
oks: 28900000
oks: 29000000
oks: 29100000
oks: 29200000
oks: 29300000
oks: 29400000
oks: 29500000
oks: 29600000
oks: 29700000
oks: 29800000
oks: 29900000
oks: 30000000
oks: 30100000
oks: 30200000
oks: 30300000
oks: 30400000
oks: 30500000
oks: 30600000
oks: 30700000
oks: 30800000
oks: 30900000
oks: 31000000
oks: 31100000
oks: 31200000
oks: 31300000
oks: 31400000
oks: 31500000
oks: 31600000
oks: 31700000
oks: 31800000
oks: 31900000
oks: 32000000
oks: 32100000
oks: 32200000
oks: 32300000
oks: 32400000
oks: 32500000
oks: 32600000
oks: 32700000
oks: 32800000
oks: 32900000
oks: 33000000
oks: 33100000
oks: 33200000
oks: 33300000
oks: 33400000
oks: 33500000
oks: 33600000
oks: 33700000
oks: 33800000
oks: 33900000
oks: 34000000
oks: 34100000
oks: 34200000
oks: 34300000
oks: 34400000
oks: 34500000
oks: 34600000
oks: 34700000
oks: 34800000
oks: 34900000
oks: 35000000
oks: 35100000
oks: 35200000
oks: 35300000
oks: 35400000
oks: 35500000
oks: 35600000
oks: 35700000
oks: 35800000
oks: 35900000
oks: 36000000
oks: 36100000
oks: 36200000
oks: 36300000
oks: 36400000
oks: 36500000
oks: 36600000
oks: 36700000
oks: 36800000
oks: 36900000
oks: 37000000
oks: 37100000
oks: 37200000
oks: 37300000
oks: 37400000
oks: 37500000
oks: 37600000
oks: 37700000
oks: 37800000
oks: 37900000
oks: 38000000
oks: 38100000
oks: 38200000
oks: 38300000
oks: 38400000
oks: 38500000
oks: 38600000
oks: 38700000
oks: 38800000
oks: 38900000
oks: 39000000
oks: 39100000
oks: 39200000
oks: 39300000
oks: 39400000
oks: 39500000
oks: 39600000
oks: 39700000
oks: 39800000
oks: 39900000
oks: 40000000
oks: 40100000
oks: 40200000
oks: 40300000
oks: 40400000
oks: 40500000
oks: 40600000
oks: 40700000
oks: 40800000
oks: 40900000
oks: 41000000
oks: 41100000
oks: 41200000
oks: 41300000
oks: 41400000
oks: 41500000
oks: 41600000
oks: 41700000
oks: 41800000
oks: 41900000
oks: 42000000
oks: 42100000
oks: 42200000
oks: 42300000
oks: 42400000
oks: 42500000
oks: 42600000
oks: 42700000
oks: 42800000
oks: 42900000
oks: 43000000
oks: 43100000
oks: 43200000
oks: 43300000
oks: 43400000
oks: 43500000
oks: 43600000
oks: 43700000
oks: 43800000
oks: 43900000
oks: 44000000
oks: 44100000
oks: 44200000
oks: 44300000
oks: 44400000
oks: 44500000
oks: 44600000
oks: 44700000
oks: 44800000
oks: 44900000
oks: 45000000
oks: 45100000
oks: 45200000
oks: 45300000
oks: 45400000
oks: 45500000
oks: 45600000
oks: 45700000
oks: 45800000
oks: 45900000
oks: 46000000
oks: 46100000
oks: 46200000
oks: 46300000
oks: 46400000
oks: 46500000
oks: 46600000
oks: 46700000
oks: 46800000
oks: 46900000
oks: 47000000
oks: 47100000
oks: 47200000
oks: 47300000
oks: 47400000
oks: 47500000
oks: 47600000
oks: 47700000
oks: 47800000
oks: 47900000
oks: 48000000
oks: 48100000
oks: 48200000
oks: 48300000
oks: 48400000
oks: 48500000
oks: 48600000
oks: 48700000
oks: 48800000
oks: 48900000
oks: 49000000
oks: 49100000
oks: 49200000
oks: 49300000
oks: 49400000
oks: 49500000
oks: 49600000
oks: 49700000
oks: 49800000
oks: 49900000
oks: 50000000
oks: 50100000
oks: 50200000
oks: 50300000
oks: 50400000
oks: 50500000
oks: 50600000
oks: 50700000
oks: 50800000
oks: 50900000
oks: 51000000
oks: 51100000
oks: 51200000
oks: 51300000
oks: 51400000
oks: 51500000
oks: 51600000
oks: 51700000
oks: 51800000
oks: 51900000
oks: 52000000
oks: 52100000
oks: 52200000
oks: 52300000
oks: 52400000

rocksdb	workloads/motivation.spec	1
# Load duration (sec): 26760.5
# Loading records:	52428800
# Load throughput (KOPS): 1.95919
Count: 52428800  Average: 509.9811  StdDev: 32.33
Percentiles(us): P50: 532.18 P90: 586.81 P99: 599.10 P99.9: 758.75 P99.99: 881.35
------------------------------------------------------
[     450,     500 ) 13862190  26.440%  26.440% #####
[     500,     600 ) 38386230  73.216%  99.656% ###############
[     600,     700 )   78598   0.150%  99.806% 
[     700,     800 )   84011   0.160%  99.966% 
[     800,     900 )   15400   0.029%  99.995% 
[     900,    1000 )    1466   0.003%  99.998% 
[    1000,    1200 )     355   0.001%  99.999% 
[    1200,    1400 )      73   0.000%  99.999% 
[    1400,    1600 )      56   0.000%  99.999% 
[    1600,    1800 )      89   0.000%  99.999% 
[    1800,    2000 )      50   0.000%  99.999% 
[    2000,    2500 )      81   0.000% 100.000% 
[    2500,    3000 )      57   0.000% 100.000% 
[    3000,    3500 )      50   0.000% 100.000% 
[    3500,    4000 )      32   0.000% 100.000% 
[    4000,    4500 )      24   0.000% 100.000% 
[    4500,    5000 )      10   0.000% 100.000% 
[    5000,    6000 )      16   0.000% 100.000% 
[    6000,    7000 )       6   0.000% 100.000% 
[    7000,    8000 )       2   0.000% 100.000% 
[   16000,   18000 )       1   0.000% 100.000% 
[   60000,   70000 )       1   0.000% 100.000% 
[  100000,  120000 )       1   0.000% 100.000% 
[  120000,  140000 )       1   0.000% 100.000% 

Waiting 15s before performing transactions......

Avg CPU utilization (percent): 48.19

Starting performing transactions......

# Run duration (ms): 0.510869
# Run operations:	1000
# Run throughput (KOPS): 1.95745
Count: 1000  Average: 509.8625  StdDev: 46.38
Percentiles(us): P50: 529.30 P90: 586.20 P99: 599.00 P99.9: 1600.00 P99.99: 1710.71
------------------------------------------------------
[     450,     500 )     294  29.400%  29.400% ######
[     500,     600 )     703  70.300%  99.700% ##############
[     600,     700 )       1   0.100%  99.800% 
[    1200,    1400 )       1   0.100%  99.900% 
[    1600,    1800 )       1   0.100% 100.000% 


Avg CPU utilization (percent): 50.00

