fieldlength: 4072
recordcount: 6553600
oks: 100000
oks: 200000
oks: 300000
oks: 400000
oks: 500000
oks: 600000
oks: 700000
oks: 800000
oks: 900000
oks: 1000000
oks: 1100000
oks: 1200000
oks: 1300000
oks: 1400000
oks: 1500000
oks: 1600000
oks: 1700000
oks: 1800000
oks: 1900000
oks: 2000000
oks: 2100000
oks: 2200000
oks: 2300000
oks: 2400000
oks: 2500000
oks: 2600000
oks: 2700000
oks: 2800000
oks: 2900000
oks: 3000000
oks: 3100000
oks: 3200000
oks: 3300000
oks: 3400000
oks: 3500000
oks: 3600000
oks: 3700000
oks: 3800000
oks: 3900000
oks: 4000000
oks: 4100000
oks: 4200000
oks: 4300000
oks: 4400000
oks: 4500000
oks: 4600000
oks: 4700000
oks: 4800000
oks: 4900000
oks: 5000000
oks: 5100000
oks: 5200000
oks: 5300000
oks: 5400000
oks: 5500000
oks: 5600000
oks: 5700000
oks: 5800000
oks: 5900000
oks: 6000000
oks: 6100000
oks: 6200000
oks: 6300000
oks: 6400000
oks: 6500000

rocksdb	workloads/motivation.spec	1
# Load duration (sec): 3488.37
# Loading records:	6553600
# Load throughput (KOPS): 1.8787
Count: 6553600  Average: 531.8656  StdDev: 27.58
Percentiles(us): P50: 550.49 P90: 590.93 P99: 603.65 P99.9: 780.75 P99.99: 1182.79
------------------------------------------------------
[     450,     500 )    3313   0.051%   0.051% 
[     500,     600 ) 6482908  98.921%  98.972% ####################
[     600,     700 )   50553   0.771%  99.743% 
[     700,     800 )   12721   0.194%  99.937% 
[     800,     900 )    2985   0.046%  99.983% 
[     900,    1000 )     344   0.005%  99.988% 
[    1000,    1200 )     132   0.002%  99.990% 
[    1200,    1400 )      72   0.001%  99.991% 
[    1400,    1600 )      81   0.001%  99.993% 
[    1600,    1800 )     107   0.002%  99.994% 
[    1800,    2000 )      68   0.001%  99.995% 
[    2000,    2500 )     146   0.002%  99.997% 
[    2500,    3000 )      86   0.001%  99.999% 
[    3000,    3500 )      45   0.001%  99.999% 
[    3500,    4000 )      23   0.000% 100.000% 
[    4000,    4500 )      10   0.000% 100.000% 
[    4500,    5000 )       3   0.000% 100.000% 
[    5000,    6000 )       1   0.000% 100.000% 
[    9000,   10000 )       1   0.000% 100.000% 
[   14000,   16000 )       1   0.000% 100.000% 

Waiting 15s before performing transactions......

Avg CPU utilization (percent): 46.89

Starting performing transactions......

# Run duration (ms): 0.530178
# Run operations:	1000
# Run throughput (KOPS): 1.88616
Count: 1000  Average: 529.2233  StdDev: 38.62
Percentiles(us): P50: 550.15 P90: 590.27 P99: 599.30 P99.9: 1600.00 P99.99: 1689.12
------------------------------------------------------
[     500,     600 )     997  99.700%  99.700% ####################
[     600,     700 )       2   0.200%  99.900% 
[    1600,    1800 )       1   0.100% 100.000% 


Avg CPU utilization (percent): 46.67

