fieldlength: 16360
recordcount: 1638400
oks: 100000
oks: 200000
oks: 300000
oks: 400000
oks: 500000
oks: 600000
oks: 700000
oks: 800000
oks: 900000
oks: 1000000
oks: 1100000
oks: 1200000
oks: 1300000
oks: 1400000
oks: 1500000
oks: 1600000

rocksdb	workloads/motivation.spec	1
# Load duration (sec): 936.175
# Loading records:	1638400
# Load throughput (KOPS): 1.7501
Count: 1638400  Average: 570.9725  StdDev: 37.48
Percentiles(us): P50: 553.52 P90: 596.33 P99: 735.68 P99.9: 926.00 P99.99: 1601.00
------------------------------------------------------
[     500,     600 ) 1530729  93.428%  93.428% ###################
[     600,     700 )   85286   5.205%  98.634% #
[     700,     800 )   16820   1.027%  99.660% 
[     800,     900 )    3637   0.222%  99.882% 
[     900,    1000 )    1114   0.068%  99.950% 
[    1000,    1200 )     568   0.035%  99.985% 
[    1200,    1400 )      43   0.003%  99.988% 
[    1400,    1600 )      39   0.002%  99.990% 
[    1600,    1800 )      32   0.002%  99.992% 
[    1800,    2000 )      21   0.001%  99.993% 
[    2000,    2500 )      39   0.002%  99.996% 
[    2500,    3000 )      47   0.003%  99.998% 
[    3000,    3500 )      15   0.001%  99.999% 
[    3500,    4000 )       3   0.000% 100.000% 
[    4000,    4500 )       2   0.000% 100.000% 
[    4500,    5000 )       3   0.000% 100.000% 
[    5000,    6000 )       2   0.000% 100.000% 

Waiting 15s before performing transactions......

Avg CPU utilization (percent): 43.93

Starting performing transactions......

# Run duration (ms): 0.615069
# Run operations:	1000
# Run throughput (KOPS): 1.62583
Count: 1000  Average: 614.0495  StdDev: 39.61
Percentiles(us): P50: 642.66 P90: 688.90 P99: 699.31 P99.9: 1600.00 P99.99: 1618.93
------------------------------------------------------
[     500,     600 )     131  13.100%  13.100% ###
[     600,     700 )     865  86.500%  99.600% #################
[     700,     800 )       2   0.200%  99.800% 
[    1200,    1400 )       1   0.100%  99.900% 
[    1600,    1800 )       1   0.100% 100.000% 


Avg CPU utilization (percent): 42.50

