
Node Configure: 
    Node ID: 2
    Node IP: 10.10.1.4
    Listen IP: 0.0.0.0
    Ports: 50051,50052,50053,50054,50055,50056
    KVDB num (at start): 1
    Server thread num (of each KVDB): 4
    CPU cores num: 8
    KVDB base path: /tmp/nofdb

[INFO] CPU monitor is enabled
[INFO] Stats recorder is enabled

get addr_0, ip_10.10.1.2
get addr_1, ip_10.10.1.3
recover: before head 1216348160 before tail 1216348160
recover: after_head 1216348160 after_tail 1216348160
recover: before head 1216350208
recover: after_head 1216350208
recover: before head 1216546816
recover: after_head 1216546816
recover: before head 1216743424
recover: after_head 1216743424
[INFO] NoFDB opened successfully
[INFO] NoFDBKVS No.0 initialized, belongs to node_id: 2
[INFO] Tagged worker 0 is bound to core 4
[INFO] Tagged worker 2 is bound to core 5
[INFO] Tagged worker 3 is bound to core 6
[INFO] Tagged worker 4 is bound to core 7
[INFO] Tagged worker 1 is bound to core 8
[INFO] NoFDBKVS No.0 -- Server No.2 is listening on 0.0.0.0:50053
[INFO] NoFDBKVS No.0 -- Server No.3 is listening on 0.0.0.0:50054
[INFO] NoFDBKVS No.0 -- Server No.0 is listening on 0.0.0.0:50051
[INFO] NoFDBKVS No.0 -- Server No.1 is listening on 0.0.0.0:50052
[INFO] Node No.2 Configure Table is generated
[INFO] Maintainer is listening on 0.0.0.0:50050

nvme io failed with sct 0 sc 15
send to node 2 failed with status: nof op internal err
nvme io failed with sct 0 sc 15
send to node 1 failed with status: nof op internal err
nvme io failed with sct 0 sc 15
send to node 0 failed with status: nof op internal err
nvme io failed with sct 0 sc 15
send to node 2 failed with status: nof op internal err
nvme io failed with sct 0 sc 15
send to node 1 failed with status: nof op internal err
nvme io failed with sct 0 sc 15
send to node 0 failed with status: nof op internal err
nvme io failed with sct 0 sc 15
send to node 0 failed with status: nof op internal err
nvme io failed with sct 0 sc 15
send to node 2 failed with status: nof op internal err
nvme io failed with sct 0 sc 15
send to node 1 failed with status: nof op internal err
Maintainer received PAUSE signal

===== Load Statistics: 
Total requests: 66667760
Total bytes: 68267786240
Avg DB latency (us): 125.81, P90 (us): 180.56, P99 (us): 334.22, P99.9 (us): 2310.57
Avg process latency (us): 125.85, P90 (us): 180.59, P99 (us): 334.26, P99.9 (us): 2310.60
Avg CPU utilization (percent): 569.26
Eplased time (sec): 3638.77
Throughput (MB/s): 17.89
QPS (k): 18.32
KV Cache miss: 0

===== Stage End =====

Maintainer received STOP signal
[INFO] CPU Monitor is shutting down......

===== Transaction Statistics: 
Total requests: 66458166
Total bytes: 68053161984
Avg DB latency (us): 1.66, P90 (us): 4.48, P99 (us): 6.88, P99.9 (us):  13.15
Avg process latency (us): 1.68, P90 (us): 4.50, P99 (us): 6.91, P99.9 (us):  13.17
Avg CPU utilization (percent): 610.11
Eplased time (sec): 809.45
Throughput (MB/s): 80.18
QPS (k): 82.10
KV Cache miss: 0

===== Stage End =====

