Heartbeat port addresses read from NoFDBConfig: 
    Node-0: 10.10.1.2:50050
    Node-1: 10.10.1.3:50050
    Node-2: 10.10.1.4:50050
===== Global Configure Table =====
    node_id: 0
    node_ip: 10.10.1.2
    maintainer_port: 50050
    remaining_cpu_cores: 00000000000000000000000000000000000000000000000000000000000000000000000000000000000000000000000000000000111000000000000000000000
    remaining_ports: 
    kvses: 
        kvs_id: 0
        belong_to_node_id: 0
        required_cpu_core_num: 16
        using_cpu_cores: 
        using_ports: 50051,50052,50053,50054,50055,50056,50057,50058,50059,50060,50061,50062,50063,50064,50065,50066
        replications: 
            node_id: 0
            node_ip: trtype:rdma adrfam:IPv4 traddr:10.10.1.2 trsvcid:4420 subnqn:nqn.2024-12.io.spdk:0
        replications: 
            node_id: 1
            node_ip: trtype:rdma adrfam:IPv4 traddr:10.10.1.3 trsvcid:4420 subnqn:nqn.2024-12.io.spdk:1
        replications: 
            node_id: 2
            node_ip: trtype:rdma adrfam:IPv4 traddr:10.10.1.4 trsvcid:4420 subnqn:nqn.2024-12.io.spdk:2
    node_id: 1
    node_ip: 10.10.1.3
    maintainer_port: 50050
    remaining_cpu_cores: 00000000000000000000000000000000000000000000000000000000000000000000000000000000000000000000000000000000111000000000000000000000
    remaining_ports: 
    kvses: 
        kvs_id: 0
        belong_to_node_id: 1
        required_cpu_core_num: 16
        using_cpu_cores: 
        using_ports: 50051,50052,50053,50054,50055,50056,50057,50058,50059,50060,50061,50062,50063,50064,50065,50066
        replications: 
            node_id: 0
            node_ip: trtype:rdma adrfam:IPv4 traddr:10.10.1.2 trsvcid:4420 subnqn:nqn.2024-12.io.spdk:0
        replications: 
            node_id: 1
            node_ip: trtype:rdma adrfam:IPv4 traddr:10.10.1.3 trsvcid:4420 subnqn:nqn.2024-12.io.spdk:1
        replications: 
            node_id: 2
            node_ip: trtype:rdma adrfam:IPv4 traddr:10.10.1.4 trsvcid:4420 subnqn:nqn.2024-12.io.spdk:2
    node_id: 2
    node_ip: 10.10.1.4
    maintainer_port: 50050
    remaining_cpu_cores: 00000000000000000000000000000000000000000000000000000000000000000000000000000000000000000000000000000000111000000000000000000000
    remaining_ports: 
    kvses: 
        kvs_id: 0
        belong_to_node_id: 2
        required_cpu_core_num: 16
        using_cpu_cores: 
        using_ports: 50051,50052,50053,50054,50055,50056,50057,50058,50059,50060,50061,50062,50063,50064,50065,50066
        replications: 
            node_id: 0
            node_ip: trtype:rdma adrfam:IPv4 traddr:10.10.1.2 trsvcid:4420 subnqn:nqn.2024-12.io.spdk:0
        replications: 
            node_id: 1
            node_ip: trtype:rdma adrfam:IPv4 traddr:10.10.1.3 trsvcid:4420 subnqn:nqn.2024-12.io.spdk:1
        replications: 
            node_id: 2
            node_ip: trtype:rdma adrfam:IPv4 traddr:10.10.1.4 trsvcid:4420 subnqn:nqn.2024-12.io.spdk:2
==================================

fieldcount: 1
fieldlength: 1000
zero_padding: 20
recordcount: 200000000
operationcount: 200000000
oks: 1000000
oks: 1000000
oks: 1000000
oks: 1000000
oks: 1000000
oks: 1000000
oks: 1000000
oks: 1000000
oks: 1000000
oks: 1000000
oks: 1000000
oks: 1000000
oks: 1000000
oks: 1000000
oks: 1000000
oks: 1000000
oks: 1000000
oks: 1000000
oks: 1000000
oks: 1000000
oks: 1000000
oks: 1000000
oks: 1000000
oks: 1000000
oks: 1000000
oks: 1000000
oks: 1000000
oks: 1000000
oks: 1000000
oks: 1000000
oks: 1000000
oks: 1000000
oks: 2000000
oks: 2000000
oks: 2000000
oks: 2000000
oks: 2000000
oks: 2000000
oks: 2000000
oks: 2000000
oks: 2000000
oks: 2000000
oks: 2000000
oks: 2000000
oks: 2000000
oks: 2000000
oks: 2000000
oks: 2000000
oks: 2000000
oks: 2000000
oks: 2000000
oks: 2000000
oks: 2000000
oks: 2000000
oks: 2000000
oks: 2000000
oks: 2000000
oks: 2000000
oks: 2000000
oks: 2000000
oks: 2000000
oks: 2000000
oks: 2000000
oks: 2000000
oks: 3000000
oks: 3000000
oks: 3000000
oks: 3000000
oks: 3000000
oks: 3000000
oks: 3000000
oks: 3000000
oks: 3000000
oks: 3000000
oks: 3000000
oks: 3000000
oks: 3000000
oks: 3000000
oks: 3000000
oks: 3000000
oks: 3000000
oks: 3000000
oks: 3000000
oks: 3000000
oks: 3000000
oks: 3000000
oks: 3000000
oks: 3000000
oks: 3000000
oks: 3000000
oks: 3000000
oks: 3000000
oks: 3000000
oks: 3000000
oks: 3000000
oks: 3000000
oks: 4000000
oks: 4000000
oks: 4000000
oks: 4000000
oks: 4000000
oks: 4000000
oks: 4000000
oks: 4000000
oks: 4000000
oks: 4000000
oks: 4000000
oks: 4000000
oks: 4000000
oks: 4000000
oks: 4000000
oks: 4000000
oks: 4000000
oks: 4000000
oks: 4000000
oks: 4000000
oks: 4000000
oks: 4000000
oks: 4000000
oks: 4000000
oks: 4000000
oks: 4000000
oks: 4000000
oks: 4000000
oks: 4000000
oks: 4000000
oks: 4000000
oks: 4000000
oks: 5000000
oks: 5000000
oks: 5000000
oks: 5000000
oks: 5000000
oks: 5000000
oks: 5000000
oks: 5000000
oks: 5000000
oks: 5000000
oks: 5000000
oks: 5000000
oks: 5000000
oks: 5000000
oks: 5000000
oks: 5000000
oks: 5000000
oks: 5000000
oks: 5000000
oks: 5000000
oks: 5000000
oks: 5000000
oks: 5000000
oks: 5000000
oks: 5000000
oks: 5000000
oks: 5000000
oks: 5000000
oks: 5000000
oks: 5000000
oks: 5000000
oks: 5000000
oks: 6000000
oks: 6000000
oks: 6000000
oks: 6000000
oks: 6000000
oks: 6000000
oks: 6000000
oks: 6000000
oks: 6000000
oks: 6000000
oks: 6000000
oks: 6000000
oks: 6000000
oks: 6000000
oks: 6000000
oks: 6000000
oks: 6000000
oks: 6000000
oks: 6000000
oks: 6000000
oks: 6000000
oks: 6000000
oks: 6000000
oks: 6000000
oks: 6000000
oks: 6000000
oks: 6000000
oks: 6000000
oks: 6000000
oks: 6000000
oks: 6000000
oks: 6000000

nofdb	workloads/workloadg.spec	32
# Load duration (sec): 8069.42
# Loading records:	200000000
# Load throughput (KOPS): 24.7849
Count: 200000000  Average: 1290.6509  StdDev: 1234.70
Percentiles(us): P50: 902.57 P90: 2941.42 P99: 5303.60 P99.9: 8390.06 P99.99: 22320.50
------------------------------------------------------
[      50,      60 )     973   0.000%   0.000% 
[      60,      70 )    7100   0.004%   0.004% 
[      70,      80 )    6140   0.003%   0.007% 
[      80,      90 )   12857   0.006%   0.014% 
[      90,     100 ) 2732998   1.366%   1.380% 
[     100,     120 ) 4698640   2.349%   3.729% 
[     120,     140 ) 1580181   0.790%   4.519% 
[     140,     160 ) 3615717   1.808%   6.327% 
[     160,     180 ) 1667948   0.834%   7.161% 
[     180,     200 ) 1339348   0.670%   7.831% 
[     200,     250 ) 9785671   4.893%  12.724% #
[     250,     300 ) 8531909   4.266%  16.990% #
[     300,     350 ) 7479589   3.740%  20.730% #
[     350,     400 ) 6233364   3.117%  23.846% #
[     400,     450 ) 6909650   3.455%  27.301% #
[     450,     500 ) 6069965   3.035%  30.336% #
[     500,     600 ) 11465092   5.733%  36.069% #
[     600,     700 ) 10083789   5.042%  41.110% #
[     700,     800 ) 9228988   4.614%  45.725% #
[     800,     900 ) 8353731   4.177%  49.902% #
[     900,    1000 ) 7630941   3.815%  53.717% #
[    1000,    1200 ) 13377069   6.689%  60.406% #
[    1200,    1400 ) 11296994   5.648%  66.054% #
[    1400,    1600 ) 9661217   4.831%  70.885% #
[    1600,    1800 ) 8290475   4.145%  75.030% #
[    1800,    2000 ) 7167126   3.584%  78.614% #
[    2000,    2500 ) 14041822   7.021%  85.635% #
[    2500,    3000 ) 9889435   4.945%  90.579% #
[    3000,    3500 ) 6904525   3.452%  94.032% #
[    3500,    4000 ) 4709409   2.355%  96.386% 
[    4000,    4500 ) 3036626   1.518%  97.905% 
[    4500,    5000 ) 1755836   0.878%  98.783% 
[    5000,    6000 ) 1432413   0.716%  99.499% 
[    6000,    7000 )  530558   0.265%  99.764% 
[    7000,    8000 )  234518   0.117%  99.881% 
[    8000,    9000 )   95846   0.048%  99.929% 
[    9000,   10000 )   34122   0.017%  99.946% 
[   10000,   12000 )   18279   0.009%  99.955% 
[   12000,   14000 )   10467   0.005%  99.961% 
[   14000,   16000 )   14386   0.007%  99.968% 
[   16000,   18000 )   13957   0.007%  99.975% 
[   18000,   20000 )   16703   0.008%  99.983% 
[   20000,   25000 )   29360   0.015%  99.998% 
[   25000,   30000 )    2054   0.001%  99.999% 
[   30000,   35000 )     503   0.000%  99.999% 
[   35000,   40000 )     627   0.000%  99.999% 
[   40000,   45000 )     436   0.000% 100.000% 
[   45000,   50000 )     256   0.000% 100.000% 
[   50000,   60000 )     260   0.000% 100.000% 
[   60000,   70000 )     130   0.000% 100.000% 

Waiting 30s before performing transactions......
Starting performing transactions......

oks: 1000000
oks: 1000000
oks: 1000000
oks: 1000000
oks: 1000000
oks: 1000000
oks: 1000000
oks: 1000000
oks: 1000000
oks: 1000000
oks: 1000000
oks: 1000000
oks: 1000000
oks: 1000000
oks: 1000000
oks: 1000000
oks: 1000000
oks: 1000000
oks: 1000000
oks: 1000000
oks: 1000000
oks: 1000000
oks: 1000000
oks: 1000000
oks: 1000000
oks: 1000000
oks: 1000000
oks: 1000000
oks: 1000000
oks: 1000000
oks: 1000000
oks: 1000000
