WARNING: Logging before InitGoogleLogging() is written to STDERR
I0419 15:03:24.321470 28167 rdma_helper.cpp:447] RDMA device: mlx5_2
I0419 15:03:24.321570 28167 rdma_helper.cpp:449] RDMA LID: 0
I0419 15:03:24.322885 28167 rdma_helper.cpp:454] RDMA GID Index: 3
I0419 15:03:24.323491 28167 block_pool.cpp:145] Start extend rdma memory 1024MB
fieldlength: 16360
recordcount: 1638400
oks: 100000
oks: 200000
oks: 300000
oks: 400000
oks: 500000
oks: 600000
oks: 700000
oks: 800000
oks: 900000
oks: 1000000
oks: 1100000
oks: 1200000
oks: 1300000
oks: 1400000
oks: 1500000
oks: 1600000
Special Command: PAUSE, Send SUCCESS

rocksdb	workloads/motivation.spec	1
# Load duration (sec): 117.763
# Loading records:	1638400
# Load throughput (KOPS): 13.9127
Count: 1638400  Average: 71.7242  StdDev: 40.50
Percentiles(us): P50: 69.60 P90: 78.88 P99: 98.69 P99.9: 129.96 P99.99: 1986.86
------------------------------------------------------
[      50,      60 )    3877   0.237%   0.237% 
[      60,      70 )  849127  51.827%  52.063% ##########
[      70,      80 )  700066  42.729%  94.792% #########
[      80,      90 )   52039   3.176%  97.968% #
[      90,     100 )   19465   1.188%  99.156% 
[     100,     120 )   11606   0.708%  99.865% 
[     120,     140 )    1168   0.071%  99.936% 
[     140,     160 )     198   0.012%  99.948% 
[     160,     180 )      63   0.004%  99.952% 
[     180,     200 )      86   0.005%  99.957% 
[     200,     250 )     193   0.012%  99.969% 
[     250,     300 )      47   0.003%  99.972% 
[     300,     350 )      14   0.001%  99.972% 
[     350,     400 )      11   0.001%  99.973% 
[     400,     450 )       8   0.000%  99.974% 
[     450,     500 )      18   0.001%  99.975% 
[     500,     600 )      19   0.001%  99.976% 
[     600,     700 )      22   0.001%  99.977% 
[     700,     800 )      23   0.001%  99.979% 
[     800,     900 )      17   0.001%  99.980% 
[     900,    1000 )      12   0.001%  99.980% 
[    1000,    1200 )      33   0.002%  99.982% 
[    1200,    1400 )      40   0.002%  99.985% 
[    1400,    1600 )      33   0.002%  99.987% 
[    1600,    1800 )      25   0.002%  99.988% 
[    1800,    2000 )      28   0.002%  99.990% 
[    2000,    2500 )      44   0.003%  99.993% 
[    2500,    3000 )      23   0.001%  99.994% 
[    3000,    3500 )      17   0.001%  99.995% 
[    3500,    4000 )      21   0.001%  99.997% 
[    4000,    4500 )      24   0.001%  99.998% 
[    4500,    5000 )      17   0.001%  99.999% 
[    5000,    6000 )      12   0.001% 100.000% 
[    6000,    7000 )       1   0.000% 100.000% 
[    7000,    8000 )       2   0.000% 100.000% 
[   12000,   14000 )       1   0.000% 100.000% 

Waiting 10s before performing transactions......

Avg CPU utilization (percent): 32.59

Starting performing transactions......

Special Command: STOP, Send SUCCESS
# Run duration (ms): 3.68213
# Run operations:	50000
# Run throughput (KOPS): 13.5791
Count: 50000  Average: 73.4952  StdDev: 34.85
Percentiles(us): P50: 73.05 P90: 79.43 P99: 94.77 P99.9: 132.78 P99.99: 2166.67
------------------------------------------------------
[      50,      60 )      15   0.030%   0.030% 
[      60,      70 )   15436  30.872%  30.902% ######
[      70,      80 )   31337  62.674%  93.576% #############
[      80,      90 )    2509   5.018%  98.594% #
[      90,     100 )     426   0.852%  99.446% 
[     100,     120 )     204   0.408%  99.854% 
[     120,     140 )      36   0.072%  99.926% 
[     140,     160 )       6   0.012%  99.938% 
[     160,     180 )       6   0.012%  99.950% 
[     180,     200 )       2   0.004%  99.954% 
[     200,     250 )       6   0.012%  99.966% 
[     250,     300 )       1   0.002%  99.968% 
[     600,     700 )       2   0.004%  99.972% 
[     700,     800 )       1   0.002%  99.974% 
[     800,     900 )       1   0.002%  99.976% 
[    1000,    1200 )       1   0.002%  99.978% 
[    1200,    1400 )       1   0.002%  99.980% 
[    1400,    1600 )       3   0.006%  99.986% 
[    1600,    1800 )       1   0.002%  99.988% 
[    2000,    2500 )       3   0.006%  99.994% 
[    2500,    3000 )       2   0.004%  99.998% 
[    4000,    4500 )       1   0.002% 100.000% 


Avg CPU utilization (percent): 33.30

