222.6
221.9
221.5
221
220.6
220.2
219.6
219.1
218.8
218.4
217.9
217.6
217.1
216.7
216.2
215.8
215
214.6
214.2
213.8
213.3
212.9
212.5
212.1
211.5
211.1
210.5
210.1
209.6
209.1
208.7
208
207.4
207
206.5
206.1
205.6
205.2
204.8
204.4
204
203.6
203.1
202.8
202.3
201.9
201.5
201.2
200.8
200.3
200
199.7
199.3
198.8
198.5
198.3
197.9
197.5
197.1
196.8
196.5
196
195.7
195.4
195
194.8
194.4
194.1
193.9
193.5
193.2
193
192.5
192.2
192
191.6
191.4
191.1
190.8
190.6
190.2
189.9
189.7
189.3
189.2
188.9
188.3
188.1
187.7
187.2
186.6
