
nofdb	workloads/workloadc.spec	50
# Load duration (sec): 66.3627
# Loading records:	10000000
# Load throughput (KOPS): 150.687
Count: 10000000  Average: 329.1098  StdDev: 855.14
Percentiles(us): P50: 214.51 P90: 446.45 P99: 3199.56 P99.9: 10003.33 P99.99: 25617.09
------------------------------------------------------
[      50,      60 )       2   0.000%   0.000% 
[      60,      70 )      81   0.001%   0.001% 
[      70,      80 )     393   0.004%   0.005% 
[      80,      90 )     523   0.005%   0.010% 
[      90,     100 )   24035   0.240%   0.250% 
[     100,     120 ) 2159636  21.596%  21.847% ####
[     120,     140 )  487588   4.876%  26.723% #
[     140,     160 )  691141   6.911%  33.634% #
[     160,     180 )  652650   6.527%  40.160% #
[     180,     200 )  352079   3.521%  43.681% #
[     200,     250 ) 2176830  21.768%  65.450% ####
[     250,     300 ) 1240869  12.409%  77.858% ##
[     300,     350 )  631572   6.316%  84.174% #
[     350,     400 )  371876   3.719%  87.893% #
[     400,     450 )  226832   2.268%  90.161% 
[     450,     500 )  181494   1.815%  91.976% 
[     500,     600 )  194715   1.947%  93.923% 
[     600,     700 )  112659   1.127%  95.050% 
[     700,     800 )   73596   0.736%  95.786% 
[     800,     900 )   48784   0.488%  96.274% 
[     900,    1000 )   32592   0.326%  96.599% 
[    1000,    1200 )   43137   0.431%  97.031% 
[    1200,    1400 )   32523   0.325%  97.356% 
[    1400,    1600 )   26606   0.266%  97.622% 
[    1600,    1800 )   23549   0.235%  97.858% 
[    1800,    2000 )   20950   0.210%  98.067% 
[    2000,    2500 )   45439   0.454%  98.522% 
[    2500,    3000 )   36349   0.363%  98.885% 
[    3000,    3500 )   28813   0.288%  99.173% 
[    3500,    4000 )   22034   0.220%  99.393% 
[    4000,    4500 )   16343   0.163%  99.557% 
[    4500,    5000 )   11554   0.116%  99.672% 
[    5000,    6000 )   12570   0.126%  99.798% 
[    6000,    7000 )    4876   0.049%  99.847% 
[    7000,    8000 )    1826   0.018%  99.865% 
[    8000,    9000 )    1205   0.012%  99.877% 
[    9000,   10000 )    2274   0.023%  99.900% 
[   10000,   12000 )    3000   0.030%  99.930% 
[   12000,   14000 )     915   0.009%  99.939% 
[   14000,   16000 )     443   0.004%  99.944% 
[   16000,   18000 )     372   0.004%  99.947% 
[   18000,   20000 )     571   0.006%  99.953% 
[   20000,   25000 )    3626   0.036%  99.989% 
[   25000,   30000 )     632   0.006%  99.996% 
[   30000,   35000 )     199   0.002%  99.998% 
[   35000,   40000 )      98   0.001%  99.999% 
[   40000,   45000 )      21   0.000%  99.999% 
[   45000,   50000 )      70   0.001%  99.999% 
[   50000,   60000 )       8   0.000% 100.000% 
[  120000,  140000 )      14   0.000% 100.000% 
[  140000,  160000 )      36   0.000% 100.000% 


# Run duration (sec): 71.4098
# Run operations:	10000000
# Run throughput (KOPS): 140.037
Count: 10000000  Average: 354.5570  StdDev: 600.15
Percentiles(us): P50: 227.56 P90: 534.04 P99: 3121.89 P99.9: 6495.07 P99.99: 15035.00
------------------------------------------------------
[      40,      45 )     308   0.003%   0.003% 
[      45,      50 )    2665   0.027%   0.030% 
[      50,      60 )   14054   0.141%   0.170% 
[      60,      70 )    2458   0.025%   0.195% 
[      70,      80 )    1190   0.012%   0.207% 
[      80,      90 )    3255   0.033%   0.239% 
[      90,     100 )    4358   0.044%   0.283% 
[     100,     120 )   33078   0.331%   0.614% 
[     120,     140 )  558066   5.581%   6.194% #
[     140,     160 )  673806   6.738%  12.932% #
[     160,     180 )  400921   4.009%  16.942% #
[     180,     200 ) 2487737  24.877%  41.819% #####
[     200,     250 ) 1484308  14.843%  56.662% ###
[     250,     300 ) 1556411  15.564%  72.226% ###
[     300,     350 )  668750   6.688%  78.914% #
[     350,     400 )  433544   4.335%  83.249% #
[     400,     450 )  331851   3.319%  86.568% #
[     450,     500 )  235364   2.354%  88.921% 
[     500,     600 )  316914   3.169%  92.090% #
[     600,     700 )  179647   1.796%  93.887% 
[     700,     800 )  110028   1.100%  94.987% 
[     800,     900 )   72089   0.721%  95.708% 
[     900,    1000 )   50026   0.500%  96.208% 
[    1000,    1200 )   65811   0.658%  96.866% 
[    1200,    1400 )   42647   0.426%  97.293% 
[    1400,    1600 )   32226   0.322%  97.615% 
[    1600,    1800 )   26289   0.263%  97.878% 
[    1800,    2000 )   22702   0.227%  98.105% 
[    2000,    2500 )   46483   0.465%  98.570% 
[    2500,    3000 )   36091   0.361%  98.931% 
[    3000,    3500 )   28399   0.284%  99.215% 
[    3500,    4000 )   21804   0.218%  99.433% 
[    4000,    4500 )   16392   0.164%  99.597% 
[    4500,    5000 )   12142   0.121%  99.718% 
[    5000,    6000 )   14822   0.148%  99.866% 
[    6000,    7000 )    6795   0.068%  99.934% 
[    7000,    8000 )    2822   0.028%  99.963% 
[    8000,    9000 )    1064   0.011%  99.973% 
[    9000,   10000 )     391   0.004%  99.977% 
[   10000,   12000 )     469   0.005%  99.982% 
[   12000,   14000 )     616   0.006%  99.988% 
[   14000,   16000 )     400   0.004%  99.992% 
[   16000,   18000 )     190   0.002%  99.994% 
[   18000,   20000 )     191   0.002%  99.996% 
[   20000,   25000 )     258   0.003%  99.998% 
[   25000,   30000 )      40   0.000%  99.999% 
[   30000,   35000 )      29   0.000%  99.999% 
[   35000,   40000 )       6   0.000%  99.999% 
[   40000,   45000 )      34   0.000%  99.999% 
[   45000,   50000 )       8   0.000%  99.999% 
[   50000,   60000 )       1   0.000% 100.000% 
[   70000,   80000 )      50   0.001% 100.000% 

Read info: 
Count: 10000000  Average: 354.5570  StdDev: 600.15
Percentiles(us): P50: 227.56 P90: 534.04 P99: 3121.89 P99.9: 6495.07 P99.99: 15035.00
------------------------------------------------------
[      40,      45 )     308   0.003%   0.003% 
[      45,      50 )    2665   0.027%   0.030% 
[      50,      60 )   14054   0.141%   0.170% 
[      60,      70 )    2458   0.025%   0.195% 
[      70,      80 )    1190   0.012%   0.207% 
[      80,      90 )    3255   0.033%   0.239% 
[      90,     100 )    4358   0.044%   0.283% 
[     100,     120 )   33078   0.331%   0.614% 
[     120,     140 )  558066   5.581%   6.194% #
[     140,     160 )  673806   6.738%  12.932% #
[     160,     180 )  400921   4.009%  16.942% #
[     180,     200 ) 2487737  24.877%  41.819% #####
[     200,     250 ) 1484308  14.843%  56.662% ###
[     250,     300 ) 1556411  15.564%  72.226% ###
[     300,     350 )  668750   6.688%  78.914% #
[     350,     400 )  433544   4.335%  83.249% #
[     400,     450 )  331851   3.319%  86.568% #
[     450,     500 )  235364   2.354%  88.921% 
[     500,     600 )  316914   3.169%  92.090% #
[     600,     700 )  179647   1.796%  93.887% 
[     700,     800 )  110028   1.100%  94.987% 
[     800,     900 )   72089   0.721%  95.708% 
[     900,    1000 )   50026   0.500%  96.208% 
[    1000,    1200 )   65811   0.658%  96.866% 
[    1200,    1400 )   42647   0.426%  97.293% 
[    1400,    1600 )   32226   0.322%  97.615% 
[    1600,    1800 )   26289   0.263%  97.878% 
[    1800,    2000 )   22702   0.227%  98.105% 
[    2000,    2500 )   46483   0.465%  98.570% 
[    2500,    3000 )   36091   0.361%  98.931% 
[    3000,    3500 )   28399   0.284%  99.215% 
[    3500,    4000 )   21804   0.218%  99.433% 
[    4000,    4500 )   16392   0.164%  99.597% 
[    4500,    5000 )   12142   0.121%  99.718% 
[    5000,    6000 )   14822   0.148%  99.866% 
[    6000,    7000 )    6795   0.068%  99.934% 
[    7000,    8000 )    2822   0.028%  99.963% 
[    8000,    9000 )    1064   0.011%  99.973% 
[    9000,   10000 )     391   0.004%  99.977% 
[   10000,   12000 )     469   0.005%  99.982% 
[   12000,   14000 )     616   0.006%  99.988% 
[   14000,   16000 )     400   0.004%  99.992% 
[   16000,   18000 )     190   0.002%  99.994% 
[   18000,   20000 )     191   0.002%  99.996% 
[   20000,   25000 )     258   0.003%  99.998% 
[   25000,   30000 )      40   0.000%  99.999% 
[   30000,   35000 )      29   0.000%  99.999% 
[   35000,   40000 )       6   0.000%  99.999% 
[   40000,   45000 )      34   0.000%  99.999% 
[   45000,   50000 )       8   0.000%  99.999% 
[   50000,   60000 )       1   0.000% 100.000% 
[   70000,   80000 )      50   0.001% 100.000% 

Write info: 
Count: 0  Average: 0.0000  StdDev: 0.00
Percentiles(us): P50: -nan P90: -nan P99: -nan P99.9: -nan P99.99: -nan
------------------------------------------------------


