10
105.2
142.7
167.3
172.7
185.7
188.7
200.5
204.4
210.6
216.7
221.5
226.1
228.9
232.4
235.6
237.6
239.4
241.6
243
245.4
246.9
250
252.1
251.7
251.3
253.3
256.1
256
256
257
259.7
260.7
260.8
260.7
260.6
263.5
264.5
264.5
264.4
264.5
266.6
267.7
267.9
265.3
265.5
267.5
269.3
269.3
268.2
268.1
269.1
271.1
271.1
271.2
271.3
272.3
274.3
274.2
274.2
274.3
275.4
276.4
278.4
278.4
278.6
279.7
280.7
282.7
283.7
283.8
282.9
283.9
285.9
286.9
287.7
287
287.8
288.2
290.3
291.2
292
292.4
290.8
291.6
292.9
294.2
295.6
296.6
296.1
294.6
296
296.3
297.5
298.8
299.6
299.1
299
299.3
300.6
300.9
302.2
302
302.7
301.8
303.2
303.6
