17.5
56.4
81.2
84.7
92.1
97.2
100.9
103.6
105.8
107.3
108.5
109.6
110.8
111.7
112.6
113.3
114
114.5
114.8
115.2
115.5
115.7
115.9
116.1
116.3
116.4
115.1
115.3
115.6
115.8
116
116.3
116.4
116.5
116.6
116.7
116.7
116.9
117
117.1
117.3
117.3
117.4
117.5
117.6
117.7
117.9
117.9
117.9
117.3
117.3
117.4
117.5
117.5
117.6
117.7
117.7
117.8
117.9
118
118
118.1
118.5
118.7
118.7
118.7
118.7
118.8
118.8
118.8
118.9
119
119
118.6
118.6
118.6
118.7
118.7
118.7
118.8
118.8
118.8
118.9
119
118.9
119
119
119
119.1
119.1
119.1
119.2
119.2
119.2
119.2
119.3
118.9
118.9
118.9
119.1
119.1
119.1
119.1
119.1
119.1
119.3
119.2
119.3
119.4
119.4
119.4
119.4
119.4
119.5
119.5
119.5
119.5
119.5
119.6
119.2
119.3
119.4
119.7
119.7
119.7
119.7
119.7
119.7
119.9
119.9
119.9
119.8
119.8
119.9
119.9
119.9
119.9
119.9
119.9
120
120.1
120.1
120
119.8
119.8
119.8
119.8
119.9
119.9
119.9
120
120
120
120
120
120
120
120
120.1
120.1
120.1
120.1
120.1
120.1
120.1
120.1
119.9
119.9
119.9
119.9
119.9
120
120
120
120
120
120
120
120
120.1
120.3
120.4
120.4
120.4
120.5
120.5
120.5
120.4
120.4
120.2
120.2
120.2
120.3
120.3
120.4
120.4
120.4
120.4
120.4
120.3
120.3
120.3
120.3
120.3
120.3
120.3
120.3
120.4
120.4
120.5
120.5
120.5
120.3
120.3
120.3
120.3
120.3
120.3
120.2
120.3
120.3
120.3
120.3
120.4
120.4
120.4
120.4
120.4
120.4
120.4
120.4
120.4
120.4
120.4
120.4
120.4
120.3
120.3
120.3
120.4
120.6
120.7
120.7
120.8
120.8
120.8
120.8
120.8
120.8
120.8
120.8
120.8
120.8
120.8
120.8
120.8
120.8
120.8
120.9
120.7
120.7
120.7
120.7
120.7
120.7
120.7
120.7
120.7
120.7
120.8
120.8
120.8
120.8
120.8
120.8
120.8
120.8
120.8
120.8
120.8
120.8
120.8
120.7
120.7
120.7
120.7
120.7
120.7
120.7
120.7
120.7
120.7
120.7
120.7
120.7
120.7
120.7
120.8
120.9
121
121.2
121.1
121.1
121.1
121.1
121.1
121.1
121.1
121.1
121.1
121.1
121.1
121.1
121.1
121.1
121
121
121
121
121
121
121.1
121.1
121.1
121.1
121.1
121.1
121.1
121.1
121
121
121.1
121.1
121
121
121
121.1
121
121
121
121.1
121.1
121.1
121.1
121.1
121.1
121
121
121
121
121
121
121
121
121
121.1
121.1
121.2
121.4
121.4
121.4
121.4
121.4
121.4
121.4
121.4
121.4
121.4
121.4
121.4
121.4
121.4
121.4
121.4
121.4
121.4
121.3
121.3
121.3
121.3
121.3
121.3
121.3
121.3
121.3
121.3
121.3
121.4
121.4
121.4
121.4
121.4
121.4
121.4
121.4
121.4
121.4
121.4
121.4
121.2
121.3
121.3
121.3
121.3
121.3
121.3
121.3
121.3
121.3
121.3
121.3
121.3
121.3
121.3
121.4
121.5
121.6
121.6
121.6
121.6
121.6
121.6
121.5
121.6
121.5
121.6
121.6
121.6
121.6
121.6
121.5
121.5
121.5
121.5
121.5
121.5
121.5
121.5
121.5
121.5
121.5
121.5
121.6
121.6
121.6
121.5
121.5
121.4
121.4
121.4
121.4
121.5
121.5
121.5
121.5
121.5
121.5
121.5
121.5
121.5
121.5
121.5
121.5
121.5
121.5
121.5
121.5
121.5
121.5
121.4
121.4
121.5
121.6
121.6
121.7
121.8
121.8
121.8
121.8
121.8
121.8
121.8
121.8
121.8
121.8
121.8
121.7
121.7
121.7
121.7
121.7
121.7
121.7
121.7
121.7
121.7
121.7
121.7
121.7
121.7
121.7
121.7
121.7
121.7
121.7
121.7
121.7
121.7
121.7
121.7
121.7
121.7
121.7
121.7
121.7
121.7
121.7
121.7
121.7
121.7
121.7
121.7
121.7
121.7
121.7
121.6
121.6
121.6
121.7
121.7
121.8
121.8
121.9
121.9
121.9
121.9
121.9
121.9
121.9
121.9
121.9
121.9
121.9
121.9
121.9
121.9
121.9
121.9
121.9
121.9
121.9
121.8
121.8
121.8
121.8
121.8
121.8
121.8
121.8
121.9
121.9
121.9
121.8
121.8
121.8
121.8
121.9
121.9
121.9
121.9
121.9
121.9
121.9
121.9
121.9
121.8
121.8
121.8
121.8
121.8
121.8
121.8
121.8
121.8
121.8
121.8
121.9
121.9
122
122
122.1
122.1
122.1
122.1
122.1
122.1
122.1
122
122.1
122.1
122
122
122
122
122
122
122
122
122
122
122
122
122
122
122
122
122
122
122
122
122
122
122
122
122
122
122
122
122
122
122
122
122
122
122
122
122
121.9
121.9
121.9
121.9
121.9
121.9
122
122.1
122.1
122.2
122.2
122.2
122.2
122.2
122.2
122.2
122.3
122.3
122.1
122.1
122.1
122.1
122.1
122.1
122.1
122.1
122.2
122.2
122.2
122.2
122.2
122.2
122.2
122.2
122.2
122.2
122.2
122.2
122.2
122.2
122.2
122.2
122.1
122.1
122.1
122.1
122.1
122.1
122.1
122.1
122.1
122.1
122.1
122.1
122.1
122.1
122.1
122.1
122.1
122.1
122.1
122.2
122.2
122.1
122.2
122.1
122.2
122.3
122.3
122.3
122.3
122.4
122.4
122.3
122.3
122.4
122.3
122.3
122.3
122.3
122.3
122.3
122.3
122.3
122.3
122.3
122.3
122.3
122.3
122.3
122.3
122.3
122.3
122.3
122.3
122.2
122.2
122.2
122.2
122.2
122.2
122.2
122.2
122.2
122.2
122.2
122.2
122.2
122.2
122.2
122.3
122.3
122.2
122.2
122.2
122.1
122.1
122.1
122.2
122.2
122.2
122.3
122.3
122.3
122.4
122.5
122.5
122.5
122.5
122.5
122.5
122.5
122.5
122.5
122.4
122.4
122.4
122.4
122.4
122.4
122.4
122.4
122.4
122.4
122.4
122.4
122.4
122.4
122.4
122.4
122.4
122.4
122.4
122.3
122.3
122.3
122.3
122.4
122.3
122.3
122.3
122.3
122.3
122.3
