208.2
207.1
207
207.1
207.1
207.2
207.1
207.1
207.2
207.2
207.1
207.2
207.2
207.3
207.3
207.2
207.3
207.3
207.3
207.3
206.3
206.4
206.4
206.4
206.4
206.4
206.4
206.5
206.4
206.4
206.5
206.5
206.5
206.5
206.5
206.5
206.6
206.5
206.5
206.6
205.6
205.6
205.6
205.6
205.6
205.7
205.6
205.6
205.7
205.7
205.7
205.7
205.7
205.7
205.8
205.7
205.7
205.7
205.8
205.8
205.7
204.8
204.8
204.8
204.8
204.8
204.8
204.9
204.9
204.8
204.8
204.9
204.9
204.8
204.9
204.9
204.9
205
204.9
204.9
205
204.9
204.9
204.8
204.8
204.8
204.7
204.7
204.6
204.6
204.6
204.6
204.4
204.5
204.4
204.4
204.4
204.3
204.2
204.3
204.3
204.2
204.1
204.1
204.1
204
204
203.9
203.9
203.9
203.9
203.7
203.8
203.7
203.7
203.8
203.6
203.6
203.5
203.6
203.5
203.4
203.4
203.4
203.4
203.5
203.4
203.4
203.5
203.5
203.4
203.4
203.4
203.4
203.3
203.3
203.2
203.2
203.3
203.2
203.1
203.1
203.1
203
203.1
202.9
202.9
203
202.9
202.9
202.9
202.8
202.7
202.8
202.7
202.7
202.7
202.6
202.6
202.6
202.6
202.4
202.4
202.4
202.4
202.4
202.3
202.3
202.2
202.2
202.2
202.1
202.1
202.1
202.1
202
201.9
201.9
201.9
201.9
201.9
201.8
201.7
201.8
201.7
201.7
201.6
201.6
201.6
201.5
201.5
201.4
201.4
201.3
201.4
201.4
201.3
201.2
201.2
201.2
201.1
201.2
201.1
201
201.1
201
201
200.8
200.9
200.9
200.8
200.8
200.8
200.7
200.7
200.7
200.7
200.6
200.5
200.5
200.5
200.5
200.5
200.4
200.3
200.3
200.4
200.3
200.3
200.1
200.2
200.2
200.1
200.2
200
200
199.9
200
200
199.9
199.8
199.8
199.8
199.8
199.7
199.7
199.7
199.7
199.8
199.8
199.7
199.7
199.8
199.8
199.8
199.9
199.7
199.7
199.6
199.7
199.6
199.5
199.6
199.5
199.5
199.6
199.5
199.4
199.4
199.4
199.4
199.4
199.4
199.2
199.3
199.3
199.2
199.2
199.1
199.1
199.1
199.1
199.1
199
198.9
198.9
198.9
198.9
198.8
198.9
198.8
198.7
198.7
198.7
198.7
198.7
198.5
198.6
198.6
198.5
198.5
198.5
198.4
198.3
198.3
198.4
198.3
198.2
198.3
198.2
198.2
198.1
198.2
198.1
198
198.1
198
198
198
197.9
197.9
197.9
197.8
197.9
197.8
197.7
197.8
197.7
197.7
197.7
197.7
197.6
197.5
197.5
197.6
197.5
197.5
197.4
197.4
197.4
197.3
197.3
197.4
197.2
197.2
197.2
197.2
197.2
197.2
197
197.1
197
197
197.1
197
196.9
196.9
196.9
196.9
196.8
196.8
196.7
196.7
196.7
196.7
196.6
196.7
196.6
196.6
196.6
196.8
196.8
196.8
196.8
196.7
196.7
196.6
196.7
196.7
196.6
196.5
196.6
196.5
196.5
196.5
196.5
196.4
196.3
196.3
196.4
196.3
196.3
196.2
196.1
196.2
196.2
196.1
196.1
196.2
196
196
195.9
196
196
195.9
195.8
195.9
195.8
195.8
195.8
195.7
195.7
195.7
195.6
195.6
195.7
195.6
195.6
195.4
195.4
195.5
195.4
195.4
195.4
195.3
195.3
195.3
195.2
195.3
195.3
195.1
195.1
195.1
195.1
195.1
195.1
195
195
194.9
194.9
195
194.9
194.9
194.9
194.8
194.8
194.8
194.7
194.8
194.8
194.6
194.6
194.7
194.6
194.6
194.6
194.6
194.5
194.5
194.4
194.5
194.5
194.4
194.4
194.3
194.3
194.3
194.3
194.2
194.3
194.2
194.1
194.1
194.1
194.1
194.1
194.1
193.9
193.9
194
193.9
193.9
193.9
193.8
193.8
193.8
193.7
193.7
193.8
193.8
193.8
193.7
193.8
193.8
193.8
193.8
193.7
193.7
193.7
193.6
193.6
193.6
193.6
193.6
193.5
193.4
193.5
193.5
193.4
193.4
193.4
193.3
193.3
193.3
193.2
193.3
193.3
193.3
193.1
193.1
193.2
193.1
193.1
193.1
193
193
193
192.9
192.9
193
192.9
192.9
192.9
192.7
192.8
192.8
192.7
192.7
192.7
192.6
192.6
192.6
192.5
192.5
192.5
192.5
192.4
192.4
192.4
192.4
192.4
192.4
192.3
192.3
192.3
192.2
192.2
192.2
192.1
192.1
192.2
192.1
192
192
192.1
192
192
192
191.8
191.9
191.9
191.8
191.8
191.8
191.7
191.8
191.7
191.7
191.6
191.7
191.7
191.6
191.6
191.5
191.5
191.5
191.5
191.5
191.4
191.4
191.4
191.3
191.3
191.3
191.3
191.3
191.3
191.1
191.1
191.1
191.1
191.1
191.1
191.1
191
191
191
190.9
190.9
190.9
191
191
191
190.9
191
191
191.1
191.1
191
191.1
191
190.9
190.9
190.9
190.9
190.9
190.9
190.9
190.7
190.8
190.8
190.7
190.7
190.7
190.7
190.7
190.6
190.6
190.5
190.6
190.6
190.5
190.5
190.5
190.5
190.4
190.4
190.4
190.3
190.4
190.4
190.3
190.2
190.2
190.3
190.2
190.2
190.2
190.1
190
190.1
190.1
190
190
190
190
190
189.9
189.9
189.8
189.8
189.9
189.8
189.8
189.8
189.7
189.6
189.7
189.7
189.6
189.6
189.6
189.7
189.5
189.5
189.5
189.4
189.4
189.5
189.5
189.4
189.3
189.3
189.3
189.3
189.3
189.3
189.2
189.2
189.2
189.2
189.1
189.1
189.1
189.1
189.1
189.1
189
188.9
188.9
189
188.9
188.9
188.9
188.9
188.7
188.7
188.8
188.7
188.7
188.7
188.7
188.7
188.6
188.6
188.6
188.5
188.5
188.6
188.6
188.6
188.6
188.5
188.6
188.6
188.6
188.6
188.6
188.7
188.6
188.5
188.5
188.5
188.4
188.5
188.5
188.5
188.4
188.3
188.4
188.3
188.3
188.3
188.3
188.2
188.3
188.3
188.2
188.1
188.1
188.1
188.2
188.1
188.1
188.1
187.9
188
188
188
187.9
187.9
187.9
187.9
187.9
187.8
187.8
187.7
187.7
187.7
187.8
187.7
187.7
187.6
187.6
187.5
187.6
187.6
187.6
187.5
187.5
187.6
187.5
187.4
187.4
187.4
187.3
187.3
187.4
187.4
187.3
187.2
187.2
187.2
187.2
187.2
187.2
187.2
187.1
187
187.1
187.1
187
187
187
187
187
187
186.9
186.9
186.8
186.8
186.9
186.9
186.8
186.8
186.8
186.6
186.7
186.7
186.7
186.6
186.6
186.6
186.6
186.6
186.5
186.5
186.5
186.4
186.4
186.5
186.5
186.4
186.4
186.3
186.3
186.3
186.3
186.3
186.3
186.2
186.2
186.3
186.2
186.2
186.2
186.2
186.2
186.4
186.4
186.4
186.3
186.2
186.2
186.3
186.2
186.2
186.2
186.2
186.1
186.2
186.1
186.1
186
186
186
186.1
186
186
186
186
185.8
185.9
185.9
185.9
185.8
185.8
185.8
185.8
185.8
185.7
185.7
185.7
185.6
185.6
185.6
185.7
185.6
185.6
185.5
185.5
185.4
185.5
185.5
185.5
185.4
185.4
185.4
185.4
185.4
185.3
185.3
185.3
185.3
185.2
185.2
185.3
185.3
185.1
185.1
185.1
185.1
185.1
185.1
185.1
185.1
185
185
185
185
185
184.9
184.9
184.8
184.8
184.7
184.7
