
Node Configure: 
    Node ID: 1
    Node IP: 10.10.1.3
    Listen IP: 0.0.0.0
    Ports: 50051,50052,50053,50054,50055,50056,50057,50058,50059,50060,50061,50062,50063,50064,50065,50066
    KVDB num (at start): 1
    Server thread num (of each KVDB): 16
    CPU cores num: 20
    KVDB base path: /tmp/nofdb

[INFO] CPU monitor is enabled
[INFO] Stats recorder is enabled

mlx5_net: Default miss action is not supported.
mlx5_net: Default miss action is not supported.
mlx5_net: Default miss action is not supported.
mlx5_net: Default miss action is not supported.
get addr_0, ip_10.10.1.4
get addr_1, ip_10.10.1.2
Initiator is bound to core 2
recover: before head 608174080 before tail 608174080
recover: after_head 608174080 after_tail 608174080
recover: before head 608176128
recover: after_head 608176128
recover: before head 608372736
recover: after_head 608372736
recover: before head 608569344
recover: after_head 608569344
[INFO] NoFDB opened successfully
[INFO] NoFDBKVS No.0 initialized, belongs to node_id: 1
[INFO] Tagged worker 0 is bound to core 4
[INFO] Tagged worker 1 is bound to core 8
[INFO] Tagged worker 3 is bound to core 6
[INFO] Tagged worker 2 is bound to core 5
[INFO] Tagged worker 4 is bound to core 7
[INFO] Tagged worker 6 is bound to core 10
[INFO] Tagged worker 5 is bound to core 9
[INFO] Tagged worker 7 is bound to core 11
[INFO] Tagged worker 8 is bound to core 12
[INFO] Tagged worker 9 is bound to core 13
[INFO] Tagged worker 12 is bound to core 15
[INFO] Tagged worker 13 is bound to core 16
[INFO] Tagged worker 11 is bound to core 14
[INFO] Tagged worker 14 is bound to core 18
[INFO] Tagged worker 10 is bound to core 17
[INFO] Tagged worker 15 is bound to core 20
[INFO] Tagged worker 16 is bound to core 19
[INFO] NoFDBKVS No.0 -- Server No.1 is listening on 0.0.0.0:50052
[INFO] NoFDBKVS No.0 -- Server No.7 is listening on 0.0.0.0:50058
[INFO] NoFDBKVS No.0 -- Server No.11 is listening on 0.0.0.0:50062
[INFO] NoFDBKVS No.0 -- Server No.0 is listening on 0.0.0.0:50051
[INFO] NoFDBKVS No.0 -- Server No.2 is listening on 0.0.0.0:50053
[INFO] NoFDBKVS No.0 -- Server No.8 is listening on 0.0.0.0:50059
[INFO] NoFDBKVS No.0 -- Server No.3 is listening on 0.0.0.0:50054
[INFO] NoFDBKVS No.0 -- Server No.15 is listening on 0.0.0.0:50066
[INFO] NoFDBKVS No.0 -- Server No.5 is listening on 0.0.0.0:50056
[INFO] NoFDBKVS No.0 -- Server No.6 is listening on 0.0.0.0:50057
[INFO] NoFDBKVS No.0 -- Server No.12 is listening on 0.0.0.0:50063
[INFO] NoFDBKVS No.0 -- Server No.13 is listening on 0.0.0.0:50064
[INFO] NoFDBKVS No.0 -- Server No.14 is listening on 0.0.0.0:50065
[INFO] NoFDBKVS No.0 -- Server No.4 is listening on 0.0.0.0:50055
[INFO] NoFDBKVS No.0 -- Server No.9 is listening on 0.0.0.0:50060
[INFO] NoFDBKVS No.0 -- Server No.10 is listening on 0.0.0.0:50061
[INFO] Node No.1 Configure Table is generated
[INFO] Maintainer is listening on 0.0.0.0:50050

nvme io failed with sct 0 sc 15
send to node 2 failed with status: nof op internal err
nvme io failed with sct 0 sc 15
send to node 0 failed with status: nof op internal err
nvme io failed with sct 0 sc 15
send to node 1 failed with status: nof op internal err
nvme io failed with sct 0 sc 15
send to node 1 failed with status: nof op internal err
nvme io failed with sct 0 sc 15
send to node 0 failed with status: nof op internal err
nvme io failed with sct 0 sc 15
send to node 2 failed with status: nof op internal err
Maintainer received PAUSE signal

===== Load Statistics: 
Total requests: 66664430
Total bytes: 68264376320
Avg DB latency (us): 204.43, P90 (us): 269.44, P99 (us): 1081.03, P99.9 (us): 4669.03
Avg process latency (us): 204.51, P90 (us): 269.55, P99 (us): 1081.11, P99.9 (us): 4669.11
Avg read latency (us): 0.00, P90 (us): 0.00, P99 (us): 0.00, P99.9 (us):   0.00
Avg write (insert, update) latency (us): 204.43, P90 (us): 269.44, P99 (us): 1081.03, P99.9 (us): 4669.03
Avg CPU utilization (percent): 664.58
Eplased time (sec): 1768.37
Throughput (MB/s): 36.81
QPS (k): 37.70
KV Cache miss: 0

===== Stage End =====

Maintainer received STOP signal
[INFO] CPU Monitor is shutting down......

===== Transaction Statistics: 
Total requests: 64661745
Total bytes: 66213626880
Avg DB latency (us): 76.71, P90 (us): 176.11, P99 (us): 635.80, P99.9 (us): 1250.02
Avg process latency (us): 76.81, P90 (us): 176.20, P99 (us): 635.91, P99.9 (us): 1250.12
Avg read latency (us): 61.94, P90 (us): 114.78, P99 (us): 231.46, P99.9 (us): 1231.23
Avg write (insert, update) latency (us): 357.05, P90 (us): 747.63, P99 (us): 1035.07, P99.9 (us): 1271.40
Avg CPU utilization (percent): 400.05
Eplased time (sec): 1723.76
Throughput (MB/s): 36.63
QPS (k): 37.51
KV Cache miss: 6375307

===== Stage End =====

[INFO] Stats recorder is shutting down......
[INFO] NoFDBKVS No.0 -- Server No.4 is shutting down......
[INFO] NoFDBKVS No.0 -- Server No.8 is shutting down......
[INFO] NoFDBKVS No.0 -- Server No.6 is shutting down......
[INFO] NoFDBKVS No.0 -- Server No.9 is shutting down......
[INFO] NoFDBKVS No.0 -- Server No.10 is shutting down......
[INFO] NoFDBKVS No.0 -- Server No.1 is shutting down......
[INFO] NoFDBKVS No.0 -- Server No.5 is shutting down......
[INFO] NoFDBKVS No.0 -- Server No.15 is shutting down......
[INFO] NoFDBKVS No.0 -- Server No.3 is shutting down......
[INFO] NoFDBKVS No.0 -- Server No.2 is shutting down......
[INFO] NoFDBKVS No.0 -- Server No.7 is shutting down......
[INFO] NoFDBKVS No.0 -- Server No.12 is shutting down......
[INFO] NoFDBKVS No.0 -- Server No.0 is shutting down......
[INFO] NoFDBKVS No.0 -- Server No.13 is shutting down......
[INFO] NoFDBKVS No.0 -- Server No.11 is shutting down......
[INFO] NoFDBKVS No.0 -- Server No.14 is shutting down......
[INFO] NoFDBKVS No.0 is shutting down......
[INFO] Maintainer is shutting down......
