255.9
254.2
252.9
250.2
248.9
246.5
245.2
243.8
242.5
241.1
238.7
237.5
236.1
234.7
233.5
232.1
231
229.7
228.4
227.2
225.9
224.5
223.3
222
220.7
219.4
218.1
216.9
216.6
215.4
215.2
214.9
213.6
213.5
212.2
212
210.7
209.4
208.2
208
206.8
205.6
204.3
204.2
203
201.7
201.5
200.3
199.1
198
197.7
196.5
196.3
195.1
193.9
193.7
192.5
191.4
191.2
190
188.7
188.5
187.3
187.2
186.7
186
185.2
184.6
183.9
183.2
182.6
182
181.4
180.7
180.1
179.4
178.9
178.2
177.6
177
176.4
175.7
175.2
175
174.9
174.7
174.6
174.5
174.4
174.1
173.4
172.9
172.4
171.7
171.2
170.7
170.1
169.6
169.2
168.7
168.1
167.6
167.1
166.6
166.2
