6.7
42.4
82.5
106.3
116.9
123.5
128.3
133
136
138.2
140.8
142.5
143.9
145.8
149.6
150.4
151.4
152.2
152.6
153.1
153.8
154.1
154.6
155.2
155.3
155.5
158.4
159.5
159.9
160.5
160.5
160.6
160.9
160.9
160.9
161.2
161.1
161.3
161.9
164.2
164.9
165.1
165
164.8
165
164.9
164.9
165.1
165.2
165.1
165.1
166.3
167.8
168.7
167.6
167.5
167.4
167.3
167.3
167.3
167.2
167.1
167.1
167.9
169.2
170.3
170.3
170.1
170
170
169.8
169.7
169.7
169.6
169.5
170.2
171.2
172.3
172.5
172.4
172.2
172.2
172.1
171.9
172
171.9
171.7
172.1
173
173.9
174.5
174.2
174.1
174.1
173.9
173.8
173.7
173.6
173.4
173.8
174.5
175.2
176
175.9
175.8
175.8
175.7
175.5
175.5
175.3
175.2
175.3
175.5
176.1
176.8
177
176.8
176.7
176.7
176.7
176.6
176.5
176.3
176.4
176.9
177.5
178.1
178.6
178.6
178.5
178.4
178.3
178.2
178.1
177.9
178
178.5
179
179.5
179.8
179.7
179.6
179.5
179.4
179.4
179.2
179.1
179.1
179.5
180
180.5
180.8
180.7
180.6
180.5
180.4
180.3
180.1
180
180
180.4
180.9
181.3
181.7
181.7
181.6
181.5
181.3
181.3
181.2
181.1
180.8
181.2
181.5
182
182.3
182.3
182.2
182.1
181.9
181.9
181.7
181.6
181.6
181.9
182.3
182.7
183
183.1
183
182.9
182.8
182.7
182.6
182.4
182.4
182.8
183.1
183.4
183.8
183.9
183.8
183.7
183.6
183.5
183.4
183.3
183.3
183.6
183.9
184.3
184.6
184.6
184.5
184.4
184.3
184.3
184.2
184.1
184.1
184.4
184.7
185
185.3
185.1
185.1
185
184.9
184.8
184.7
184.4
184.3
184.6
184.9
185.1
185.4
185.4
185.3
185.2
185.1
185
184.9
184.8
184.8
185
185.3
185.5
185.8
185.8
185.7
185.6
185.5
185.4
185.3
185.2
185.1
185.4
185.7
186
186.2
186.3
186.2
186.1
186
186
185.9
185.8
185.7
185.9
186.1
186.4
186.6
186.7
186.6
186.6
186.5
186.4
186.3
186.2
186.1
186.3
186.6
186.8
187.1
187.1
187
186.9
186.8
186.8
186.5
186.4
186.3
186.4
186.6
186.8
187.1
187.2
187.1
187
186.9
186.9
186.8
186.7
186.6
186.7
187
187.2
187.5
187.4
187.3
187.3
187.2
187.1
187
187
186.9
187
187.2
187.4
187.6
187.8
188
187.9
187.8
187.7
187.7
187.6
187.5
187.6
187.8
188
188.2
188.4
188.4
188.3
188.2
188.1
188.1
188
187.9
188.1
188.2
188.4
188.6
188.8
188.9
188.9
188.8
188.6
188.6
188.5
188.4
188.6
188.7
188.9
189.1
189.2
189.3
189.3
189.2
189.1
189
189
188.9
189
189.2
189.4
189.6
189.7
189.8
189.8
189.7
189.6
189.6
189.5
189.4
189.5
189.7
189.8
190
190.1
190.3
190.3
190.2
190.1
190.1
190
189.9
190
190.2
190.3
190.5
190.7
190.8
190.8
190.7
190.6
190.5
190.5
190.4
190.5
190.6
190.8
190.9
191.1
191.2
191.4
191.2
191.1
191.1
191
190.9
191
191.2
191.3
191.5
191.6
191.5
191.5
191.4
191.3
191.3
191.2
191.1
191.2
191.3
191.5
191.6
191.8
191.8
191.8
191.7
191.6
191.6
191.5
191.4
191.5
191.6
191.8
191.9
192
192.1
192.3
192.2
192.1
192.1
192
191.9
192
192.2
192.3
192.5
192.6
192.7
192.8
192.7
192.6
192.6
192.5
192.4
192.5
192.6
192.7
192.9
193
192.8
192.8
192.7
192.6
192.6
192.5
192.4
192.5
192.6
192.7
192.9
193
193.1
193.1
193
192.9
192.9
192.8
192.7
192.9
193
193.1
193.3
193.4
193.5
193.5
193.5
193.4
193.4
193.3
193.2
193.3
193.4
193.5
193.6
193.7
193.8
193.9
193.9
193.8
193.8
193.7
193.6
193.7
193.8
193.9
194
194.1
194.2
194.3
194.3
194.2
194.1
194.1
194
194.1
194.2
194.3
194.4
194.4
194.5
194.7
194.7
194.6
194.5
194.5
194.4
194.5
194.6
194.7
194.8
194.9
194.9
194.9
194.8
194.7
194.7
194.6
194.6
194.6
194.7
194.8
194.9
195
195.1
195.2
195.3
195.2
195.2
195.1
195
195.1
195.2
195.3
195.4
195.5
195.6
195.5
195.5
195.4
195.4
195.3
195.2
195.3
195.4
195.5
195.6
195.7
195.8
195.8
195.7
195.6
195.6
195.5
195.5
195.5
195.6
195.7
195.8
195.9
196
196.1
196
196
195.9
195.9
195.8
195.9
196
196.1
196.2
196.2
196.4
196.4
196.4
196.3
196.3
196.2
196.2
196.2
196.3
196.4
196.5
196.6
196.7
196.7
196.6
196.6
196.5
196.5
196.4
196.5
196.6
196.7
196.8
196.9
197
197
197
196.9
196.9
196.8
196.8
196.9
197
197.1
197.1
197.2
197.3
197.3
197.2
197.2
197.1
197.1
197.1
197.2
197.2
197.3
197.4
197.4
197.5
197.4
197.4
197.3
197.3
197.2
197.2
197.3
197.4
197.4
197.5
197.6
197.7
197.6
197.5
197.5
197.4
197.4
197.4
197.4
197.5
197.6
197.7
197.8
197.8
197.8
197.8
197.7
197.7
197.6
197.6
197.7
197.8
197.8
197.9
198
198.1
198
198
197.9
197.9
197.8
197.8
197.9
197.9
198
198.1
198.2
198.3
198.3
198.2
198.2
198.1
198.1
197.9
198
198.1
198.1
198.2
198.3
198.4
198.4
198.3
198.3
198.2
198.2
198.1
198.2
198.3
198.4
198.4
198.6
198.7
198.7
198.8
198.7
198.7
198.6
198.6
198.7
198.7
198.8
198.9
198.9
199
199
199
199
198.9
198.9
198.8
198.9
198.9
199
199.1
199.2
199.2
199.3
199.3
199.3
199.2
199.2
199.1
199.2
199.2
199.3
199.4
199.5
199.5
199.5
199.5
199.4
199.3
199.3
199.3
199.3
199.4
199.5
199.5
199.6
199.7
199.7
199.6
199.6
199.5
199.5
199.5
199.5
199.6
199.6
199.7
199.8
199.8
199.8
199.8
199.7
199.7
199.6
199.6
199.7
199.7
199.8
199.9
199.9
200
200.1
200
200
199.9
199.9
199.9
199.9
200
200
200.1
200.2
200.2
200.3
200.2
200.2
200.2
200.1
200.1
200.1
200.2
200.3
200.3
200.3
200.4
200.5
200.4
200.4
200.3
200.3
200.2
200.3
200.4
200.4
200.5
200.5
200.6
200.7
200.7
200.7
200.6
200.6
200.6
200.6
200.7
200.7
200.8
200.8
200.9
201
201
201
201
200.9
200.9
201
201
201.1
201.2
201.2
201.3
201.3
201.3
201.3
201.2
201.2
201.2
201.2
201.3
201.3
201.4
201.5
201.6
201.6
201.6
201.6
201.5
201.5
201.5
201.5
201.6
201.4
201.5
201.5
201.6
201.6
201.7
201.6
201.6
201.5
201.5
201.6
201.6
201.7
201.8
201.8
201.9
201.9
202
201.9
201.9
201.8
201.9
201.9
202
202
202.1
202.1
202.2
202.2
202.3
202.3
202.2
202.2
202.2
202.3
202.4
202.4
202.5
202.5
202.6
202.6
202.6
202.5
202.5
202.5
202.5
202.5
202.6
202.6
202.7
202.7
202.8
202.8
202.9
202.8
202.8
202.8
202.8
202.7
202.8
202.8
202.9
202.9
203
203
203.1
203
203
202.9
203
203
203.1
203.1
203.2
203.2
203.2
203.2
203.1
203.1
203
203
203
203.1
203.1
203.2
203.2
203.3
203.3
203.4
203.4
203.4
203.3
203.3
203.3
203.4
203.4
203.5
203.5
203.5
203.6
203.6
203.6
203.5
203.5
203.5
203.5
203.7
203.7
203.8
203.8
203.8
203.9
203.9
204
203.9
203.9
203.7
203.7
203.8
203.8
203.9
203.9
204
204
204
204
204
203.9
203.9
203.9
204
204
204.1
204.1
204.2
204.2
204.2
204.1
204.2
204.1
204.1
204.2
204.2
204.2
204.3
204.3
204.4
204.4
204.4
204.4
204.3
204.3
204.3
204.3
204.3
204.4
204.4
204.5
204.5
204.6
204.6
204.6
204.5
204.5
204.5
204.5
204.5
204.6
204.6
204.7
204.7
204.8
204.8
204.8
204.8
204.7
204.7
204.8
204.8
204.9
204.9
204.9
205
205
205.1
205.1
205
205
205
205
205
205.1
205.1
205.2
205.2
205.3
205.3
205.2
205.2
205.1
205.1
205.2
205.2
205.2
205.3
205.3
205.4
205.4
205.5
205.4
205.4
205.4
205.3
205.4
205.4
205.5
205.5
205.5
205.6
205.6
205.7
205.7
205.7
205.7
205.7
205.7
205.8
205.8
205.9
205.9
206
206
206
205.9
205.8
205.8
205.8
205.8
205.9
205.9
206
206
206
206.1
206.1
206.1
206.1
206.1
206.1
206.1
206.1
206.2
206.2
206.3
206.3
206.3
206.3
206.2
206.2
206.1
206.2
206.2
206.2
206.3
206.3
206.3
206.4
206.4
206.5
206.4
206.4
206.4
206.3
206.4
206.4
206.5
206.5
206.5
206.6
206.6
206.6
206.7
206.7
206.6
206.6
206.7
206.7
206.7
206.8
206.8
206.9
206.9
206.9
206.9
206.8
206.8
206.8
206.9
206.9
206.9
207
207
207
207.1
207
207
207
206.9
206.9
207
207
207
207.1
207.1
207.1
207.2
207.2
207.2
207.2
207.2
207.2
207.2
207.2
207.2
207.2
207.2
207.2
207.2
207.2
207.2
207.2
207.2
207.2
207.2
207.2
207.2
207.2
207.2
207.2
207.2
207.2
207.2
207.2
207.2
207.2
207.2
207.2
207.2
207.2
207.2
207.2
207.2
207.2
207.2
207.2
207.2
207.2
207.2
207.2
207.2
207.2
207.2
207.2
207.2
207.2
207.2
207.2
207.2
207.2
207.2
207.2
207.2
207.2
207.2
207.2
207.2
208.2
208.2
208.2
208.2
208.2
208.2
208.2
208.2
208.2
208.2
208.2
208.2
208.2
208.2
208.2
208.2
208.2
208.2
208.2
208.2
208.2
208.2
208.2
208.2
208.2
208.2
208.2
208.2
208.2
208.2
208.2
208.2
208.2
208.2
208.2
208.2
208.2
208.2
208.2
208.2
208.2
208.2
208.2
208.2
208.2
208.2
208.2
208.2
208.2
208.2
208.2
208.2
208.2
208.2
208.2
208.2
208.2
208.2
208.2
208.2
208.2
208.2
208.2
208.2
208.2
208.2
208.2
208.2
209.2
209.2
209.2
209.2
209.2
209.2
209.2
209.2
209.2
209.2
209.2
209.2
209.2
209.2
209.2
209.2
209.2
209.2
209.2
209.2
209.2
209.2
209.2
209.2
209.2
209.2
209.2
209.2
209.2
209.2
209.2
209.2
209.2
209.2
209.2
209.2
209.2
209.2
209.2
209.2
209.2
209.2
209.2
209.2
209.2
209.2
209.2
209.2
209.2
209.2
209.2
209.2
209.2
209.2
209.2
209.2
209.2
209.2
209.2
209.2
209.2
209.2
209.2
209.2
209.2
209.2
209.2
209.2
209.2
209.2
209.2
209.2
209.2
209.2
209.2
209.2
209.2
209.2
209.2
209.2
209.2
209.2
209.2
209.2
209.2
210.2
210.2
210.2
210.2
209.2
209.2
209.2
209.2
209.2
210.2
210.2
210.2
210.2
210.2
210.2
210.2
210.2
210.2
210.2
210.2
210.2
210.2
210.2
210.2
210.2
210.2
210.2
210.2
210.2
210.2
210.2
210.2
210.2
210.2
210.2
210.2
210.2
210.2
210.2
210.2
210.2
210.2
210.2
210.2
210.2
210.2
210.2
210.2
210.2
210.2
210.2
210.2
210.2
210.2
210.2
210.2
210.2
210.2
210.2
210.2
210.2
210.2
210.2
210.2
210.2
210.2
210.2
210.2
210.2
210.2
210.2
210.2
210.2
210.2
210.2
210.2
210.2
210.2
210.2
210.2
210.2
210.2
210.2
210.2
210.2
211.2
211.2
210.2
210.2
210.2
210.2
210.2
210.2
211.2
211.2
211.2
211.2
211.2
211.2
211.2
211.2
211.2
211.2
211.2
211.2
211.2
211.2
211.2
211.2
211.2
211.2
211.2
211.2
211.2
211.2
211.2
211.2
211.2
211.2
211.2
211.2
211.2
211.2
211.2
211.2
211.2
211.2
211.2
211.2
211.2
211.2
211.2
211.2
211.2
211.2
211.2
211.2
211.2
211.2
211.2
211.2
211.2
211.2
211.2
211.2
211.2
211.2
211.2
211.2
211.2
211.2
211.2
211.2
211.2
211.2
211.2
211.2
211.2
211.2
211.2
211.2
211.2
211.2
211.2
211.2
211.2
211.2
211.2
211.2
211.2
211.2
211.2
211.2
211.2
211.2
211.2
211.2
211.2
211.2
211.2
211.2
211.2
211.2
211.2
211.2
211.2
211.2
211.2
211.2
211.2
211.2
211.2
211.2
211.2
211.2
211.2
211.2
211.2
211.2
211.2
211.2
211.2
211.2
211.2
212.2
212.2
212.2
212.2
211.2
211.2
211.2
212.2
212.2
212.2
212.2
212.2
212.2
212.2
212.2
212.2
212.2
212.2
212.2
212.2
212.2
212.2
212.2
212.2
212.2
212.2
212.2
212.2
212.2
212.2
212.2
212.2
212.2
212.2
212.2
212.2
212.2
212.2
212.2
212.2
212.2
212.2
212.2
212.2
212.2
212.2
212.2
212.2
212.2
212.2
212.2
212.2
212.2
212.2
212.2
212.2
212.2
212.2
212.2
212.2
212.2
212.2
212.2
212.2
212.2
212.2
212.2
212.2
212.2
212.2
212.2
212.2
212.2
212.2
212.2
212.2
212.2
212.2
212.2
212.2
212.2
212.2
212.2
212.2
212.2
212.2
212.2
212.2
212.2
212.2
212.2
212.2
212.2
212.2
212.2
212.2
212.2
212.2
212.2
212.2
212.2
212.2
212.2
212.2
212.2
212.2
212.2
212.2
212.2
212.2
212.2
212.2
212.2
212.2
212.2
212.2
212.2
212.2
212.2
212.2
212.2
212.2
212.2
212.2
212.2
212.2
212.2
212.2
212.2
212.2
212.2
212.2
212.2
212.2
212.2
212.2
212.2
212.2
212.2
212.2
212.2
212.2
212.2
212.2
212.2
212.2
212.2
212.2
212.2
212.2
212.2
212.2
212.2
212.2
212.2
212.2
212.2
212.2
212.2
212.2
212.2
212.2
212.2
212.2
212.2
213.2
213.2
213.2
213.2
213.2
213.2
213.2
212.2
212.2
213.2
213.2
213.2
213.2
213.2
213.2
213.2
213.2
213.2
213.2
213.2
213.2
213.2
213.2
213.2
213.2
213.2
213.2
213.2
213.2
213.2
213.2
213.2
213.2
213.2
213.2
213.2
213.2
213.2
213.2
213.2
213.2
213.2
213.2
213.2
213.2
213.2
213.2
213.2
213.2
213.2
213.2
213.2
213.2
213.2
213.2
213.2
213.2
213.2
213.2
213.2
213.2
213.2
213.2
213.2
213.2
213.2
213.2
