
nofdb	workloads/workloadc_zipfian.spec	32
# Load duration (sec): 365.196
# Loading records:	50000000
# Load throughput (KOPS): 136.913
Count: 50000000  Average: 232.5086  StdDev: 1347.30
Percentiles(us): P50: 201.82 P90: 340.13 P99: 666.00 P99.9: 3275.39 P99.99: 29477.54
------------------------------------------------------
[      50,      60 )      39   0.000%   0.000% 
[      60,      70 )    2333   0.005%   0.005% 
[      70,      80 )   11198   0.022%   0.027% 
[      80,      90 )   16799   0.034%   0.061% 
[      90,     100 )  452216   0.904%   0.965% 
[     100,     120 ) 12666730  25.333%  26.299% #####
[     120,     140 ) 2079125   4.158%  30.457% #
[     140,     160 ) 4943368   9.887%  40.344% ##
[     160,     180 ) 2782848   5.566%  45.909% #
[     180,     200 ) 1621262   3.243%  49.152% #
[     200,     250 ) 11674175  23.348%  72.500% #####
[     250,     300 ) 6486911  12.974%  85.474% ###
[     300,     350 ) 2819563   5.639%  91.113% #
[     350,     400 ) 1549554   3.099%  94.212% #
[     400,     450 )  899354   1.799%  96.011% 
[     450,     500 )  682371   1.365%  97.376% 
[     500,     600 )  602234   1.204%  98.580% 
[     600,     700 )  318077   0.636%  99.216% 
[     700,     800 )  172773   0.346%  99.562% 
[     800,     900 )   86726   0.173%  99.735% 
[     900,    1000 )   38688   0.077%  99.813% 
[    1000,    1200 )   27140   0.054%  99.867% 
[    1200,    1400 )    9061   0.018%  99.885% 
[    1400,    1600 )    3082   0.006%  99.891% 
[    1600,    1800 )    1440   0.003%  99.894% 
[    1800,    2000 )     758   0.002%  99.896% 
[    2000,    2500 )    1126   0.002%  99.898% 
[    2500,    3000 )     729   0.001%  99.899% 
[    3000,    3500 )     581   0.001%  99.901% 
[    3500,    4000 )     510   0.001%  99.902% 
[    4000,    4500 )     563   0.001%  99.903% 
[    4500,    5000 )     481   0.001%  99.904% 
[    5000,    6000 )    1185   0.002%  99.906% 
[    6000,    7000 )    1736   0.003%  99.909% 
[    7000,    8000 )    3039   0.006%  99.916% 
[    8000,    9000 )    4479   0.009%  99.925% 
[    9000,   10000 )    8297   0.017%  99.941% 
[   10000,   12000 )    5157   0.010%  99.951% 
[   12000,   14000 )    1983   0.004%  99.955% 
[   14000,   16000 )    1230   0.002%  99.958% 
[   16000,   18000 )    1463   0.003%  99.961% 
[   18000,   20000 )    1744   0.003%  99.964% 
[   20000,   25000 )   10001   0.020%  99.984% 
[   25000,   30000 )    3206   0.006%  99.991% 
[   30000,   35000 )    1533   0.003%  99.994% 
[   35000,   40000 )     337   0.001%  99.994% 
[   40000,   45000 )     283   0.001%  99.995% 
[   45000,   50000 )     632   0.001%  99.996% 
[   50000,   60000 )     369   0.001%  99.997% 
[   60000,   70000 )     281   0.001%  99.998% 
[   70000,   80000 )     260   0.001%  99.998% 
[   80000,   90000 )     145   0.000%  99.998% 
[   90000,  100000 )     110   0.000%  99.999% 
[  100000,  120000 )     135   0.000%  99.999% 
[  120000,  140000 )      68   0.000%  99.999% 
[  140000,  160000 )      62   0.000%  99.999% 
[  160000,  180000 )      34   0.000%  99.999% 
[  180000,  200000 )      33   0.000%  99.999% 
[  200000,  250000 )     104   0.000%  99.999% 
[  250000,  300000 )      17   0.000%  99.999% 
[  300000,  350000 )      71   0.000% 100.000% 
[  350000,  400000 )      95   0.000% 100.000% 
[  450000,  500000 )      32   0.000% 100.000% 
[  500000,  600000 )      32   0.000% 100.000% 
[  700000,  800000 )      32   0.000% 100.000% 


# Run duration (sec): 186.577
# Run operations:	50000000
# Run throughput (KOPS): 267.986
Count: 50000000  Average: 118.5331  StdDev: 265.73
Percentiles(us): P50: 91.38 P90: 217.24 P99: 431.94 P99.9: 752.27 P99.99: 1354.43
------------------------------------------------------
[      30,      35 )       1   0.000%   0.000% 
[      35,      40 )    5470   0.011%   0.011% 
[      40,      45 )  535902   1.072%   1.083% 
[      45,      50 ) 4356208   8.712%   9.795% ##
[      50,      60 ) 10750564  21.501%  31.296% ####
[      60,      70 ) 2408169   4.816%  36.113% #
[      70,      80 ) 2223626   4.447%  40.560% #
[      80,      90 ) 4343747   8.687%  49.247% ##
[      90,     100 ) 2719085   5.438%  54.686% #
[     100,     120 ) 3014385   6.029%  60.714% #
[     120,     140 ) 4872972   9.746%  70.460% ##
[     140,     160 ) 3978677   7.957%  78.418% ##
[     160,     180 ) 2671320   5.343%  83.760% #
[     180,     200 ) 2122901   4.246%  88.006% #
[     200,     250 ) 2892009   5.784%  93.790% #
[     250,     300 ) 1356131   2.712%  96.502% #
[     300,     350 )  714736   1.429%  97.932% 
[     350,     400 )  387933   0.776%  98.708% 
[     400,     450 )  228842   0.458%  99.165% 
[     450,     500 )  137498   0.275%  99.440% 
[     500,     600 )  146465   0.293%  99.733% 
[     600,     700 )   66551   0.133%  99.866% 
[     700,     800 )   32154   0.064%  99.931% 
[     800,     900 )   15612   0.031%  99.962% 
[     900,    1000 )    7510   0.015%  99.977% 
[    1000,    1200 )    5424   0.011%  99.988% 
[    1200,    1400 )    1435   0.003%  99.991% 
[    1400,    1600 )     706   0.001%  99.992% 
[    1600,    1800 )     558   0.001%  99.993% 
[    1800,    2000 )     549   0.001%  99.994% 
[    2000,    2500 )    1121   0.002%  99.997% 
[    2500,    3000 )     612   0.001%  99.998% 
[    3000,    3500 )     318   0.001%  99.998% 
[    3500,    4000 )     187   0.000%  99.999% 
[    4000,    4500 )     127   0.000%  99.999% 
[    4500,    5000 )     101   0.000%  99.999% 
[    5000,    6000 )     129   0.000%  99.999% 
[    6000,    7000 )      65   0.000% 100.000% 
[    7000,    8000 )      13   0.000% 100.000% 
[    8000,    9000 )      14   0.000% 100.000% 
[    9000,   10000 )      10   0.000% 100.000% 
[   10000,   12000 )      21   0.000% 100.000% 
[   12000,   14000 )      25   0.000% 100.000% 
[   14000,   16000 )      20   0.000% 100.000% 
[   16000,   18000 )      10   0.000% 100.000% 
[   18000,   20000 )       4   0.000% 100.000% 
[   20000,   25000 )       3   0.000% 100.000% 
[   25000,   30000 )      12   0.000% 100.000% 
[   30000,   35000 )       4   0.000% 100.000% 
[  180000,  200000 )       1   0.000% 100.000% 
[  200000,  250000 )      53   0.000% 100.000% 
[  250000,  300000 )      10   0.000% 100.000% 

Read info: 
Count: 50000000  Average: 118.5331  StdDev: 265.73
Percentiles(us): P50: 91.38 P90: 217.24 P99: 431.94 P99.9: 752.27 P99.99: 1354.43
------------------------------------------------------
[      30,      35 )       1   0.000%   0.000% 
[      35,      40 )    5470   0.011%   0.011% 
[      40,      45 )  535902   1.072%   1.083% 
[      45,      50 ) 4356208   8.712%   9.795% ##
[      50,      60 ) 10750564  21.501%  31.296% ####
[      60,      70 ) 2408169   4.816%  36.113% #
[      70,      80 ) 2223626   4.447%  40.560% #
[      80,      90 ) 4343747   8.687%  49.247% ##
[      90,     100 ) 2719085   5.438%  54.686% #
[     100,     120 ) 3014385   6.029%  60.714% #
[     120,     140 ) 4872972   9.746%  70.460% ##
[     140,     160 ) 3978677   7.957%  78.418% ##
[     160,     180 ) 2671320   5.343%  83.760% #
[     180,     200 ) 2122901   4.246%  88.006% #
[     200,     250 ) 2892009   5.784%  93.790% #
[     250,     300 ) 1356131   2.712%  96.502% #
[     300,     350 )  714736   1.429%  97.932% 
[     350,     400 )  387933   0.776%  98.708% 
[     400,     450 )  228842   0.458%  99.165% 
[     450,     500 )  137498   0.275%  99.440% 
[     500,     600 )  146465   0.293%  99.733% 
[     600,     700 )   66551   0.133%  99.866% 
[     700,     800 )   32154   0.064%  99.931% 
[     800,     900 )   15612   0.031%  99.962% 
[     900,    1000 )    7510   0.015%  99.977% 
[    1000,    1200 )    5424   0.011%  99.988% 
[    1200,    1400 )    1435   0.003%  99.991% 
[    1400,    1600 )     706   0.001%  99.992% 
[    1600,    1800 )     558   0.001%  99.993% 
[    1800,    2000 )     549   0.001%  99.994% 
[    2000,    2500 )    1121   0.002%  99.997% 
[    2500,    3000 )     612   0.001%  99.998% 
[    3000,    3500 )     318   0.001%  99.998% 
[    3500,    4000 )     187   0.000%  99.999% 
[    4000,    4500 )     127   0.000%  99.999% 
[    4500,    5000 )     101   0.000%  99.999% 
[    5000,    6000 )     129   0.000%  99.999% 
[    6000,    7000 )      65   0.000% 100.000% 
[    7000,    8000 )      13   0.000% 100.000% 
[    8000,    9000 )      14   0.000% 100.000% 
[    9000,   10000 )      10   0.000% 100.000% 
[   10000,   12000 )      21   0.000% 100.000% 
[   12000,   14000 )      25   0.000% 100.000% 
[   14000,   16000 )      20   0.000% 100.000% 
[   16000,   18000 )      10   0.000% 100.000% 
[   18000,   20000 )       4   0.000% 100.000% 
[   20000,   25000 )       3   0.000% 100.000% 
[   25000,   30000 )      12   0.000% 100.000% 
[   30000,   35000 )       4   0.000% 100.000% 
[  180000,  200000 )       1   0.000% 100.000% 
[  200000,  250000 )      53   0.000% 100.000% 
[  250000,  300000 )      10   0.000% 100.000% 

Write info: 
Count: 0  Average: 0.0000  StdDev: 0.00
Percentiles(us): P50: -nan P90: -nan P99: -nan P99.9: -nan P99.99: -nan
------------------------------------------------------


