
nofdb	workloads/workloadg_zipfian.spec	32
# Load duration (sec): 371.596
# Loading records:	50000000
# Load throughput (KOPS): 134.555
Count: 50000000  Average: 235.6516  StdDev: 1957.59
Percentiles(us): P50: 203.24 P90: 345.94 P99: 677.41 P99.9: 3030.85 P99.99: 28553.36
------------------------------------------------------
[      50,      60 )      88   0.000%   0.000% 
[      60,      70 )    3497   0.007%   0.007% 
[      70,      80 )   12623   0.025%   0.032% 
[      80,      90 )   17513   0.035%   0.067% 
[      90,     100 )  833887   1.668%   1.735% 
[     100,     120 ) 11825209  23.650%  25.386% #####
[     120,     140 ) 2181409   4.363%  29.748% #
[     140,     160 ) 5099813  10.200%  39.948% ##
[     160,     180 ) 2673067   5.346%  45.294% #
[     180,     200 ) 1607967   3.216%  48.510% #
[     200,     250 ) 11488419  22.977%  71.487% #####
[     250,     300 ) 6608093  13.216%  84.703% ###
[     300,     350 ) 2882339   5.765%  90.468% #
[     350,     400 ) 1633704   3.267%  93.735% #
[     400,     450 )  974279   1.949%  95.684% 
[     450,     500 )  724546   1.449%  97.133% 
[     500,     600 )  662097   1.324%  98.457% 
[     600,     700 )  350669   0.701%  99.158% 
[     700,     800 )  185171   0.370%  99.529% 
[     800,     900 )   93306   0.187%  99.715% 
[     900,    1000 )   42448   0.085%  99.800% 
[    1000,    1200 )   30945   0.062%  99.862% 
[    1200,    1400 )   10442   0.021%  99.883% 
[    1400,    1600 )    3622   0.007%  99.890% 
[    1600,    1800 )    1601   0.003%  99.894% 
[    1800,    2000 )     939   0.002%  99.895% 
[    2000,    2500 )    1417   0.003%  99.898% 
[    2500,    3000 )     851   0.002%  99.900% 
[    3000,    3500 )     632   0.001%  99.901% 
[    3500,    4000 )     568   0.001%  99.902% 
[    4000,    4500 )     565   0.001%  99.903% 
[    4500,    5000 )     601   0.001%  99.905% 
[    5000,    6000 )    2073   0.004%  99.909% 
[    6000,    7000 )    3804   0.008%  99.916% 
[    7000,    8000 )    4787   0.010%  99.926% 
[    8000,    9000 )    4272   0.009%  99.935% 
[    9000,   10000 )    5138   0.010%  99.945% 
[   10000,   12000 )    3992   0.008%  99.953% 
[   12000,   14000 )    1742   0.003%  99.956% 
[   14000,   16000 )    1437   0.003%  99.959% 
[   16000,   18000 )    1420   0.003%  99.962% 
[   18000,   20000 )    1582   0.003%  99.965% 
[   20000,   25000 )   10122   0.020%  99.985% 
[   25000,   30000 )    3242   0.006%  99.992% 
[   30000,   35000 )    1013   0.002%  99.994% 
[   35000,   40000 )     505   0.001%  99.995% 
[   40000,   45000 )     265   0.001%  99.995% 
[   45000,   50000 )     563   0.001%  99.997% 
[   50000,   60000 )     390   0.001%  99.997% 
[   60000,   70000 )     236   0.000%  99.998% 
[   70000,   80000 )      83   0.000%  99.998% 
[   80000,   90000 )      93   0.000%  99.998% 
[   90000,  100000 )     115   0.000%  99.998% 
[  100000,  120000 )     157   0.000%  99.999% 
[  120000,  140000 )     183   0.000%  99.999% 
[  140000,  160000 )      43   0.000%  99.999% 
[  160000,  180000 )      30   0.000%  99.999% 
[  180000,  200000 )       2   0.000%  99.999% 
[  200000,  250000 )      64   0.000%  99.999% 
[  250000,  300000 )      64   0.000%  99.999% 
[  350000,  400000 )      32   0.000% 100.000% 
[  450000,  500000 )      32   0.000% 100.000% 
[  500000,  600000 )      64   0.000% 100.000% 
[  700000,  800000 )      32   0.000% 100.000% 
[  900000, 1000000 )      32   0.000% 100.000% 
[ 1000000, 1200000 )      64   0.000% 100.000% 


# Run duration (sec): 566.941
# Run operations:	50000000
# Run throughput (KOPS): 88.1926
Count: 50000000  Average: 361.0523  StdDev: 1611.76
Percentiles(us): P50: 187.51 P90: 385.43 P99: 3825.79 P99.9: 7355.83 P99.99: 45472.78
------------------------------------------------------
[      50,      60 )     140   0.000%   0.000% 
[      60,      70 )    5833   0.012%   0.012% 
[      70,      80 )   17226   0.034%   0.046% 
[      80,      90 )   20826   0.042%   0.088% 
[      90,     100 ) 1174079   2.348%   2.436% 
[     100,     120 ) 13769904  27.540%  29.976% ######
[     120,     140 ) 1878409   3.757%  33.733% #
[     140,     160 ) 5292806  10.586%  44.318% ##
[     160,     180 ) 2412848   4.826%  49.144% #
[     180,     200 ) 1139429   2.279%  51.423% 
[     200,     250 ) 11136526  22.273%  73.696% ####
[     250,     300 ) 5622562  11.245%  84.941% ##
[     300,     350 ) 1852741   3.705%  88.647% #
[     350,     400 )  954943   1.910%  90.557% 
[     400,     450 )  507513   1.015%  91.572% 
[     450,     500 )  361857   0.724%  92.295% 
[     500,     600 )  333916   0.668%  92.963% 
[     600,     700 )  214084   0.428%  93.391% 
[     700,     800 )  155955   0.312%  93.703% 
[     800,     900 )  126210   0.252%  93.956% 
[     900,    1000 )  108743   0.217%  94.173% 
[    1000,    1200 )  199551   0.399%  94.572% 
[    1200,    1400 )  197369   0.395%  94.967% 
[    1400,    1600 )  193426   0.387%  95.354% 
[    1600,    1800 )  192323   0.385%  95.738% 
[    1800,    2000 )  186329   0.373%  96.111% 
[    2000,    2500 )  458510   0.917%  97.028% 
[    2500,    3000 )  426000   0.852%  97.880% 
[    3000,    3500 )  371212   0.742%  98.623% 
[    3500,    4000 )  289647   0.579%  99.202% 
[    4000,    4500 )  189499   0.379%  99.581% 
[    4500,    5000 )   96028   0.192%  99.773% 
[    5000,    6000 )   50410   0.101%  99.874% 
[    6000,    7000 )   11301   0.023%  99.896% 
[    7000,    8000 )    5185   0.010%  99.907% 
[    8000,    9000 )    3184   0.006%  99.913% 
[    9000,   10000 )    2913   0.006%  99.919% 
[   10000,   12000 )    4243   0.008%  99.927% 
[   12000,   14000 )    3205   0.006%  99.934% 
[   14000,   16000 )    3010   0.006%  99.940% 
[   16000,   18000 )    3024   0.006%  99.946% 
[   18000,   20000 )    3249   0.006%  99.952% 
[   20000,   25000 )    9833   0.020%  99.972% 
[   25000,   30000 )    4583   0.009%  99.981% 
[   30000,   35000 )    2635   0.005%  99.986% 
[   35000,   40000 )     969   0.002%  99.988% 
[   40000,   45000 )     746   0.001%  99.990% 
[   45000,   50000 )     698   0.001%  99.991% 
[   50000,   60000 )    1205   0.002%  99.994% 
[   60000,   70000 )    1262   0.003%  99.996% 
[   70000,   80000 )     369   0.001%  99.997% 
[   80000,   90000 )     418   0.001%  99.998% 
[   90000,  100000 )     156   0.000%  99.998% 
[  100000,  120000 )     147   0.000%  99.998% 
[  120000,  140000 )     178   0.000%  99.999% 
[  140000,  160000 )     157   0.000%  99.999% 
[  160000,  180000 )     218   0.000%  99.999% 
[  180000,  200000 )     130   0.000% 100.000% 
[  200000,  250000 )      96   0.000% 100.000% 
[ 1200000, 1400000 )      32   0.000% 100.000% 

Read info: 
Count: 0  Average: 0.0000  StdDev: 0.00
Percentiles(us): P50: -nan P90: -nan P99: -nan P99.9: -nan P99.99: -nan
------------------------------------------------------

Write info: 
Count: 50000000  Average: 361.0523  StdDev: 1611.76
Percentiles(us): P50: 187.51 P90: 385.43 P99: 3825.79 P99.9: 7355.83 P99.99: 45472.78
------------------------------------------------------
[      50,      60 )     140   0.000%   0.000% 
[      60,      70 )    5833   0.012%   0.012% 
[      70,      80 )   17226   0.034%   0.046% 
[      80,      90 )   20826   0.042%   0.088% 
[      90,     100 ) 1174079   2.348%   2.436% 
[     100,     120 ) 13769904  27.540%  29.976% ######
[     120,     140 ) 1878409   3.757%  33.733% #
[     140,     160 ) 5292806  10.586%  44.318% ##
[     160,     180 ) 2412848   4.826%  49.144% #
[     180,     200 ) 1139429   2.279%  51.423% 
[     200,     250 ) 11136526  22.273%  73.696% ####
[     250,     300 ) 5622562  11.245%  84.941% ##
[     300,     350 ) 1852741   3.705%  88.647% #
[     350,     400 )  954943   1.910%  90.557% 
[     400,     450 )  507513   1.015%  91.572% 
[     450,     500 )  361857   0.724%  92.295% 
[     500,     600 )  333916   0.668%  92.963% 
[     600,     700 )  214084   0.428%  93.391% 
[     700,     800 )  155955   0.312%  93.703% 
[     800,     900 )  126210   0.252%  93.956% 
[     900,    1000 )  108743   0.217%  94.173% 
[    1000,    1200 )  199551   0.399%  94.572% 
[    1200,    1400 )  197369   0.395%  94.967% 
[    1400,    1600 )  193426   0.387%  95.354% 
[    1600,    1800 )  192323   0.385%  95.738% 
[    1800,    2000 )  186329   0.373%  96.111% 
[    2000,    2500 )  458510   0.917%  97.028% 
[    2500,    3000 )  426000   0.852%  97.880% 
[    3000,    3500 )  371212   0.742%  98.623% 
[    3500,    4000 )  289647   0.579%  99.202% 
[    4000,    4500 )  189499   0.379%  99.581% 
[    4500,    5000 )   96028   0.192%  99.773% 
[    5000,    6000 )   50410   0.101%  99.874% 
[    6000,    7000 )   11301   0.023%  99.896% 
[    7000,    8000 )    5185   0.010%  99.907% 
[    8000,    9000 )    3184   0.006%  99.913% 
[    9000,   10000 )    2913   0.006%  99.919% 
[   10000,   12000 )    4243   0.008%  99.927% 
[   12000,   14000 )    3205   0.006%  99.934% 
[   14000,   16000 )    3010   0.006%  99.940% 
[   16000,   18000 )    3024   0.006%  99.946% 
[   18000,   20000 )    3249   0.006%  99.952% 
[   20000,   25000 )    9833   0.020%  99.972% 
[   25000,   30000 )    4583   0.009%  99.981% 
[   30000,   35000 )    2635   0.005%  99.986% 
[   35000,   40000 )     969   0.002%  99.988% 
[   40000,   45000 )     746   0.001%  99.990% 
[   45000,   50000 )     698   0.001%  99.991% 
[   50000,   60000 )    1205   0.002%  99.994% 
[   60000,   70000 )    1262   0.003%  99.996% 
[   70000,   80000 )     369   0.001%  99.997% 
[   80000,   90000 )     418   0.001%  99.998% 
[   90000,  100000 )     156   0.000%  99.998% 
[  100000,  120000 )     147   0.000%  99.998% 
[  120000,  140000 )     178   0.000%  99.999% 
[  140000,  160000 )     157   0.000%  99.999% 
[  160000,  180000 )     218   0.000%  99.999% 
[  180000,  200000 )     130   0.000% 100.000% 
[  200000,  250000 )      96   0.000% 100.000% 
[ 1200000, 1400000 )      32   0.000% 100.000% 


