
nofdb	workloads/workloadc_uniform.spec	32
# Load duration (sec): 410.03
# Loading records:	50000000
# Load throughput (KOPS): 121.942
Count: 50000000  Average: 260.3529  StdDev: 2271.03
Percentiles(us): P50: 205.87 P90: 383.13 P99: 1155.32 P99.9: 3544.26 P99.99: 34269.14
------------------------------------------------------
[      50,      60 )     112   0.000%   0.000% 
[      60,      70 )    4366   0.009%   0.009% 
[      70,      80 )   13948   0.028%   0.037% 
[      80,      90 )   18063   0.036%   0.073% 
[      90,     100 )  926237   1.852%   1.925% 
[     100,     120 ) 11216368  22.433%  24.358% ####
[     120,     140 ) 1963437   3.927%  28.285% #
[     140,     160 ) 5638310  11.277%  39.562% ##
[     160,     180 ) 2483906   4.968%  44.529% #
[     180,     200 ) 1467183   2.934%  47.464% #
[     200,     250 ) 10801977  21.604%  69.068% ####
[     250,     300 ) 6652701  13.305%  82.373% ###
[     300,     350 ) 2727438   5.455%  87.828% #
[     350,     400 ) 1639028   3.278%  91.106% #
[     400,     450 )  999735   1.999%  93.106% 
[     450,     500 )  771338   1.543%  94.648% 
[     500,     600 )  792904   1.586%  96.234% 
[     600,     700 )  501909   1.004%  97.238% 
[     700,     800 )  326989   0.654%  97.892% 
[     800,     900 )  223903   0.448%  98.340% 
[     900,    1000 )  161079   0.322%  98.662% 
[    1000,    1200 )  217700   0.435%  99.097% 
[    1200,    1400 )  142017   0.284%  99.381% 
[    1400,    1600 )   93147   0.186%  99.568% 
[    1600,    1800 )   61410   0.123%  99.690% 
[    1800,    2000 )   39991   0.080%  99.770% 
[    2000,    2500 )   46820   0.094%  99.864% 
[    2500,    3000 )   13977   0.028%  99.892% 
[    3000,    3500 )    3892   0.008%  99.900% 
[    3500,    4000 )    1299   0.003%  99.902% 
[    4000,    4500 )     633   0.001%  99.904% 
[    4500,    5000 )     563   0.001%  99.905% 
[    5000,    6000 )    2305   0.005%  99.909% 
[    6000,    7000 )    2610   0.005%  99.915% 
[    7000,    8000 )    2611   0.005%  99.920% 
[    8000,    9000 )    3188   0.006%  99.926% 
[    9000,   10000 )    7034   0.014%  99.940% 
[   10000,   12000 )    5136   0.010%  99.951% 
[   12000,   14000 )    1688   0.003%  99.954% 
[   14000,   16000 )    1412   0.003%  99.957% 
[   16000,   18000 )    1750   0.003%  99.960% 
[   18000,   20000 )    1699   0.003%  99.964% 
[   20000,   25000 )    9624   0.019%  99.983% 
[   25000,   30000 )    2827   0.006%  99.989% 
[   30000,   35000 )     862   0.002%  99.990% 
[   35000,   40000 )     461   0.001%  99.991% 
[   40000,   45000 )     535   0.001%  99.992% 
[   45000,   50000 )    1017   0.002%  99.994% 
[   50000,   60000 )     591   0.001%  99.995% 
[   60000,   70000 )     867   0.002%  99.997% 
[   70000,   80000 )     197   0.000%  99.998% 
[   80000,   90000 )     184   0.000%  99.998% 
[   90000,  100000 )     128   0.000%  99.998% 
[  100000,  120000 )     257   0.001%  99.999% 
[  120000,  140000 )     108   0.000%  99.999% 
[  140000,  160000 )      94   0.000%  99.999% 
[  160000,  180000 )       2   0.000%  99.999% 
[  200000,  250000 )      49   0.000%  99.999% 
[  250000,  300000 )      64   0.000%  99.999% 
[  300000,  350000 )      32   0.000%  99.999% 
[  350000,  400000 )      33   0.000%  99.999% 
[  400000,  450000 )      59   0.000% 100.000% 
[  450000,  500000 )       4   0.000% 100.000% 
[  600000,  700000 )      64   0.000% 100.000% 
[  700000,  800000 )      32   0.000% 100.000% 
[ 1000000, 1200000 )      32   0.000% 100.000% 
[ 1200000, 1400000 )      64   0.000% 100.000% 


# Run duration (sec): 268.791
# Run operations:	50000000
# Run throughput (KOPS): 186.018
Count: 50000000  Average: 169.5708  StdDev: 448.51
Percentiles(us): P50: 146.49 P90: 276.35 P99: 591.13 P99.9: 1404.45 P99.99: 15151.12
------------------------------------------------------
[      35,      40 )    7786   0.016%   0.016% 
[      40,      45 )  954598   1.909%   1.925% 
[      45,      50 ) 2675281   5.351%   7.275% #
[      50,      60 ) 3234620   6.469%  13.745% #
[      60,      70 )  705120   1.410%  15.155% 
[      70,      80 ) 1468573   2.937%  18.092% #
[      80,      90 ) 2136697   4.273%  22.365% #
[      90,     100 ) 1048229   2.096%  24.462% 
[     100,     120 ) 2295390   4.591%  29.053% #
[     120,     140 ) 8450698  16.901%  45.954% ###
[     140,     160 ) 6235104  12.470%  58.424% ##
[     160,     180 ) 5515381  11.031%  69.455% ##
[     180,     200 ) 4026740   8.053%  77.508% ##
[     200,     250 ) 4993840   9.988%  87.496% ##
[     250,     300 ) 2375890   4.752%  92.248% #
[     300,     350 ) 1399754   2.800%  95.047% #
[     350,     400 )  819292   1.639%  96.686% 
[     400,     450 )  524480   1.049%  97.735% 
[     450,     500 )  313178   0.626%  98.361% 
[     500,     600 )  350435   0.701%  99.062% 
[     600,     700 )  169427   0.339%  99.401% 
[     700,     800 )   94144   0.188%  99.589% 
[     800,     900 )   56263   0.113%  99.702% 
[     900,    1000 )   36446   0.073%  99.775% 
[    1000,    1200 )   41328   0.083%  99.857% 
[    1200,    1400 )   21046   0.042%  99.899% 
[    1400,    1600 )   11679   0.023%  99.923% 
[    1600,    1800 )    6707   0.013%  99.936% 
[    1800,    2000 )    4091   0.008%  99.944% 
[    2000,    2500 )    5369   0.011%  99.955% 
[    2500,    3000 )    2815   0.006%  99.961% 
[    3000,    3500 )    2218   0.004%  99.965% 
[    3500,    4000 )    1576   0.003%  99.968% 
[    4000,    4500 )    1086   0.002%  99.971% 
[    4500,    5000 )     754   0.002%  99.972% 
[    5000,    6000 )     851   0.002%  99.974% 
[    6000,    7000 )     702   0.001%  99.975% 
[    7000,    8000 )     628   0.001%  99.976% 
[    8000,    9000 )     453   0.001%  99.977% 
[    9000,   10000 )     486   0.001%  99.978% 
[   10000,   12000 )    1843   0.004%  99.982% 
[   12000,   14000 )    2947   0.006%  99.988% 
[   14000,   16000 )    1833   0.004%  99.992% 
[   16000,   18000 )    2125   0.004%  99.996% 
[   18000,   20000 )     916   0.002%  99.998% 
[   20000,   25000 )     434   0.001%  99.999% 
[   25000,   30000 )     135   0.000%  99.999% 
[   30000,   35000 )     179   0.000%  99.999% 
[   35000,   40000 )      59   0.000%  99.999% 
[   40000,   45000 )      55   0.000%  99.999% 
[   45000,   50000 )      37   0.000%  99.999% 
[   50000,   60000 )      55   0.000% 100.000% 
[   60000,   70000 )      12   0.000% 100.000% 
[   70000,   80000 )      33   0.000% 100.000% 
[   80000,   90000 )       9   0.000% 100.000% 
[   90000,  100000 )      10   0.000% 100.000% 
[  100000,  120000 )      14   0.000% 100.000% 
[  120000,  140000 )      12   0.000% 100.000% 
[  140000,  160000 )      10   0.000% 100.000% 
[  160000,  180000 )       8   0.000% 100.000% 
[  180000,  200000 )      61   0.000% 100.000% 
[  200000,  250000 )      50   0.000% 100.000% 
[  250000,  300000 )       8   0.000% 100.000% 

Read info: 
Count: 50000000  Average: 169.5708  StdDev: 448.51
Percentiles(us): P50: 146.49 P90: 276.35 P99: 591.13 P99.9: 1404.45 P99.99: 15151.12
------------------------------------------------------
[      35,      40 )    7786   0.016%   0.016% 
[      40,      45 )  954598   1.909%   1.925% 
[      45,      50 ) 2675281   5.351%   7.275% #
[      50,      60 ) 3234620   6.469%  13.745% #
[      60,      70 )  705120   1.410%  15.155% 
[      70,      80 ) 1468573   2.937%  18.092% #
[      80,      90 ) 2136697   4.273%  22.365% #
[      90,     100 ) 1048229   2.096%  24.462% 
[     100,     120 ) 2295390   4.591%  29.053% #
[     120,     140 ) 8450698  16.901%  45.954% ###
[     140,     160 ) 6235104  12.470%  58.424% ##
[     160,     180 ) 5515381  11.031%  69.455% ##
[     180,     200 ) 4026740   8.053%  77.508% ##
[     200,     250 ) 4993840   9.988%  87.496% ##
[     250,     300 ) 2375890   4.752%  92.248% #
[     300,     350 ) 1399754   2.800%  95.047% #
[     350,     400 )  819292   1.639%  96.686% 
[     400,     450 )  524480   1.049%  97.735% 
[     450,     500 )  313178   0.626%  98.361% 
[     500,     600 )  350435   0.701%  99.062% 
[     600,     700 )  169427   0.339%  99.401% 
[     700,     800 )   94144   0.188%  99.589% 
[     800,     900 )   56263   0.113%  99.702% 
[     900,    1000 )   36446   0.073%  99.775% 
[    1000,    1200 )   41328   0.083%  99.857% 
[    1200,    1400 )   21046   0.042%  99.899% 
[    1400,    1600 )   11679   0.023%  99.923% 
[    1600,    1800 )    6707   0.013%  99.936% 
[    1800,    2000 )    4091   0.008%  99.944% 
[    2000,    2500 )    5369   0.011%  99.955% 
[    2500,    3000 )    2815   0.006%  99.961% 
[    3000,    3500 )    2218   0.004%  99.965% 
[    3500,    4000 )    1576   0.003%  99.968% 
[    4000,    4500 )    1086   0.002%  99.971% 
[    4500,    5000 )     754   0.002%  99.972% 
[    5000,    6000 )     851   0.002%  99.974% 
[    6000,    7000 )     702   0.001%  99.975% 
[    7000,    8000 )     628   0.001%  99.976% 
[    8000,    9000 )     453   0.001%  99.977% 
[    9000,   10000 )     486   0.001%  99.978% 
[   10000,   12000 )    1843   0.004%  99.982% 
[   12000,   14000 )    2947   0.006%  99.988% 
[   14000,   16000 )    1833   0.004%  99.992% 
[   16000,   18000 )    2125   0.004%  99.996% 
[   18000,   20000 )     916   0.002%  99.998% 
[   20000,   25000 )     434   0.001%  99.999% 
[   25000,   30000 )     135   0.000%  99.999% 
[   30000,   35000 )     179   0.000%  99.999% 
[   35000,   40000 )      59   0.000%  99.999% 
[   40000,   45000 )      55   0.000%  99.999% 
[   45000,   50000 )      37   0.000%  99.999% 
[   50000,   60000 )      55   0.000% 100.000% 
[   60000,   70000 )      12   0.000% 100.000% 
[   70000,   80000 )      33   0.000% 100.000% 
[   80000,   90000 )       9   0.000% 100.000% 
[   90000,  100000 )      10   0.000% 100.000% 
[  100000,  120000 )      14   0.000% 100.000% 
[  120000,  140000 )      12   0.000% 100.000% 
[  140000,  160000 )      10   0.000% 100.000% 
[  160000,  180000 )       8   0.000% 100.000% 
[  180000,  200000 )      61   0.000% 100.000% 
[  200000,  250000 )      50   0.000% 100.000% 
[  250000,  300000 )       8   0.000% 100.000% 

Write info: 
Count: 0  Average: 0.0000  StdDev: 0.00
Percentiles(us): P50: -nan P90: -nan P99: -nan P99.9: -nan P99.99: -nan
------------------------------------------------------


