
nofdb	workloads/workloadg_uniform.spec	32
# Load duration (sec): 374.867
# Loading records:	50000000
# Load throughput (KOPS): 133.381
Count: 50000000  Average: 239.3414  StdDev: 1912.53
Percentiles(us): P50: 202.75 P90: 343.45 P99: 674.18 P99.9: 3955.04 P99.99: 37266.92
------------------------------------------------------
[      50,      60 )      14   0.000%   0.000% 
[      60,      70 )    2024   0.004%   0.004% 
[      70,      80 )   10978   0.022%   0.026% 
[      80,      90 )   16498   0.033%   0.059% 
[      90,     100 )   86760   0.174%   0.233% 
[     100,     120 ) 12472229  24.944%  25.177% #####
[     120,     140 ) 2585790   5.172%  30.349% #
[     140,     160 ) 4905064   9.810%  40.159% ##
[     160,     180 ) 2660821   5.322%  45.480% #
[     180,     200 ) 1626314   3.253%  48.733% #
[     200,     250 ) 11512513  23.025%  71.758% #####
[     250,     300 ) 6650639  13.301%  85.059% ###
[     300,     350 ) 2842503   5.685%  90.744% #
[     350,     400 ) 1599140   3.198%  93.943% #
[     400,     450 )  942105   1.884%  95.827% 
[     450,     500 )  691994   1.384%  97.211% 
[     500,     600 )  643417   1.287%  98.498% 
[     600,     700 )  338611   0.677%  99.175% 
[     700,     800 )  179187   0.358%  99.533% 
[     800,     900 )   91031   0.182%  99.715% 
[     900,    1000 )   41287   0.083%  99.798% 
[    1000,    1200 )   31286   0.063%  99.860% 
[    1200,    1400 )   10474   0.021%  99.881% 
[    1400,    1600 )    3693   0.007%  99.889% 
[    1600,    1800 )    1568   0.003%  99.892% 
[    1800,    2000 )     804   0.002%  99.893% 
[    2000,    2500 )    1318   0.003%  99.896% 
[    2500,    3000 )     938   0.002%  99.898% 
[    3000,    3500 )     585   0.001%  99.899% 
[    3500,    4000 )     456   0.001%  99.900% 
[    4000,    4500 )     472   0.001%  99.901% 
[    4500,    5000 )     429   0.001%  99.902% 
[    5000,    6000 )    1132   0.002%  99.904% 
[    6000,    7000 )    1897   0.004%  99.908% 
[    7000,    8000 )    4894   0.010%  99.918% 
[    8000,    9000 )    5820   0.012%  99.929% 
[    9000,   10000 )    4581   0.009%  99.939% 
[   10000,   12000 )    3440   0.007%  99.945% 
[   12000,   14000 )    1917   0.004%  99.949% 
[   14000,   16000 )    1247   0.002%  99.952% 
[   16000,   18000 )    1575   0.003%  99.955% 
[   18000,   20000 )    1429   0.003%  99.958% 
[   20000,   25000 )    5576   0.011%  99.969% 
[   25000,   30000 )    7923   0.016%  99.985% 
[   30000,   35000 )    2272   0.005%  99.989% 
[   35000,   40000 )     783   0.002%  99.991% 
[   40000,   45000 )     360   0.001%  99.992% 
[   45000,   50000 )     799   0.002%  99.993% 
[   50000,   60000 )     756   0.002%  99.995% 
[   60000,   70000 )     901   0.002%  99.996% 
[   70000,   80000 )     357   0.001%  99.997% 
[   80000,   90000 )     261   0.001%  99.998% 
[   90000,  100000 )     188   0.000%  99.998% 
[  100000,  120000 )     216   0.000%  99.999% 
[  120000,  140000 )     161   0.000%  99.999% 
[  140000,  160000 )      93   0.000%  99.999% 
[  160000,  180000 )       2   0.000%  99.999% 
[  180000,  200000 )      32   0.000%  99.999% 
[  200000,  250000 )      94   0.000%  99.999% 
[  250000,  300000 )      32   0.000%  99.999% 
[  300000,  350000 )      32   0.000%  99.999% 
[  400000,  450000 )      95   0.000% 100.000% 
[  450000,  500000 )       1   0.000% 100.000% 
[  500000,  600000 )      96   0.000% 100.000% 
[  600000,  700000 )      64   0.000% 100.000% 
[ 1200000, 1400000 )      32   0.000% 100.000% 


# Run duration (sec): 385.122
# Run operations:	50000000
# Run throughput (KOPS): 129.829
Count: 50000000  Average: 245.6114  StdDev: 1411.20
Percentiles(us): P50: 202.47 P90: 342.10 P99: 668.18 P99.9: 3530.04 P99.99: 75975.19
------------------------------------------------------
[      50,      60 )      25   0.000%   0.000% 
[      60,      70 )    1852   0.004%   0.004% 
[      70,      80 )   10500   0.021%   0.025% 
[      80,      90 )   16373   0.033%   0.057% 
[      90,     100 )   90893   0.182%   0.239% 
[     100,     120 ) 12427866  24.856%  25.095% #####
[     120,     140 ) 2691549   5.383%  30.478% #
[     140,     160 ) 4780336   9.561%  40.039% ##
[     160,     180 ) 2784281   5.569%  45.607% #
[     180,     200 ) 1626077   3.252%  48.860% #
[     200,     250 ) 11531578  23.063%  71.923% #####
[     250,     300 ) 6669273  13.339%  85.261% ###
[     300,     350 ) 2814004   5.628%  90.889% #
[     350,     400 ) 1590865   3.182%  94.071% #
[     400,     450 )  923142   1.846%  95.917% 
[     450,     500 )  689442   1.379%  97.296% 
[     500,     600 )  627972   1.256%  98.552% 
[     600,     700 )  328525   0.657%  99.209% 
[     700,     800 )  174183   0.348%  99.557% 
[     800,     900 )   87318   0.175%  99.732% 
[     900,    1000 )   39459   0.079%  99.811% 
[    1000,    1200 )   28085   0.056%  99.867% 
[    1200,    1400 )    9183   0.018%  99.886% 
[    1400,    1600 )    2836   0.006%  99.891% 
[    1600,    1800 )    1195   0.002%  99.894% 
[    1800,    2000 )     593   0.001%  99.895% 
[    2000,    2500 )    1039   0.002%  99.897% 
[    2500,    3000 )     880   0.002%  99.899% 
[    3000,    3500 )     645   0.001%  99.900% 
[    3500,    4000 )     516   0.001%  99.901% 
[    4000,    4500 )     482   0.001%  99.902% 
[    4500,    5000 )     456   0.001%  99.903% 
[    5000,    6000 )    1344   0.003%  99.906% 
[    6000,    7000 )    3507   0.007%  99.913% 
[    7000,    8000 )    4212   0.008%  99.921% 
[    8000,    9000 )    2665   0.005%  99.926% 
[    9000,   10000 )     880   0.002%  99.928% 
[   10000,   12000 )    1316   0.003%  99.931% 
[   12000,   14000 )    1343   0.003%  99.933% 
[   14000,   16000 )    1468   0.003%  99.936% 
[   16000,   18000 )    1241   0.002%  99.939% 
[   18000,   20000 )    1676   0.003%  99.942% 
[   20000,   25000 )    5482   0.011%  99.953% 
[   25000,   30000 )    8326   0.017%  99.970% 
[   30000,   35000 )    2000   0.004%  99.974% 
[   35000,   40000 )     670   0.001%  99.975% 
[   40000,   45000 )     626   0.001%  99.976% 
[   45000,   50000 )    1408   0.003%  99.979% 
[   50000,   60000 )    1310   0.003%  99.982% 
[   60000,   70000 )    2369   0.005%  99.987% 
[   70000,   80000 )    2902   0.006%  99.992% 
[   80000,   90000 )    1847   0.004%  99.996% 
[   90000,  100000 )    1209   0.002%  99.998% 
[  100000,  120000 )     549   0.001% 100.000% 
[  120000,  140000 )      67   0.000% 100.000% 
[  140000,  160000 )      42   0.000% 100.000% 
[  160000,  180000 )      20   0.000% 100.000% 
[  180000,  200000 )       2   0.000% 100.000% 
[  250000,  300000 )      32   0.000% 100.000% 
[  400000,  450000 )       1   0.000% 100.000% 
[  450000,  500000 )      32   0.000% 100.000% 
[  500000,  600000 )      31   0.000% 100.000% 

Read info: 
Count: 0  Average: 0.0000  StdDev: 0.00
Percentiles(us): P50: -nan P90: -nan P99: -nan P99.9: -nan P99.99: -nan
------------------------------------------------------

Write info: 
Count: 50000000  Average: 245.6114  StdDev: 1411.20
Percentiles(us): P50: 202.47 P90: 342.10 P99: 668.18 P99.9: 3530.04 P99.99: 75975.19
------------------------------------------------------
[      50,      60 )      25   0.000%   0.000% 
[      60,      70 )    1852   0.004%   0.004% 
[      70,      80 )   10500   0.021%   0.025% 
[      80,      90 )   16373   0.033%   0.057% 
[      90,     100 )   90893   0.182%   0.239% 
[     100,     120 ) 12427866  24.856%  25.095% #####
[     120,     140 ) 2691549   5.383%  30.478% #
[     140,     160 ) 4780336   9.561%  40.039% ##
[     160,     180 ) 2784281   5.569%  45.607% #
[     180,     200 ) 1626077   3.252%  48.860% #
[     200,     250 ) 11531578  23.063%  71.923% #####
[     250,     300 ) 6669273  13.339%  85.261% ###
[     300,     350 ) 2814004   5.628%  90.889% #
[     350,     400 ) 1590865   3.182%  94.071% #
[     400,     450 )  923142   1.846%  95.917% 
[     450,     500 )  689442   1.379%  97.296% 
[     500,     600 )  627972   1.256%  98.552% 
[     600,     700 )  328525   0.657%  99.209% 
[     700,     800 )  174183   0.348%  99.557% 
[     800,     900 )   87318   0.175%  99.732% 
[     900,    1000 )   39459   0.079%  99.811% 
[    1000,    1200 )   28085   0.056%  99.867% 
[    1200,    1400 )    9183   0.018%  99.886% 
[    1400,    1600 )    2836   0.006%  99.891% 
[    1600,    1800 )    1195   0.002%  99.894% 
[    1800,    2000 )     593   0.001%  99.895% 
[    2000,    2500 )    1039   0.002%  99.897% 
[    2500,    3000 )     880   0.002%  99.899% 
[    3000,    3500 )     645   0.001%  99.900% 
[    3500,    4000 )     516   0.001%  99.901% 
[    4000,    4500 )     482   0.001%  99.902% 
[    4500,    5000 )     456   0.001%  99.903% 
[    5000,    6000 )    1344   0.003%  99.906% 
[    6000,    7000 )    3507   0.007%  99.913% 
[    7000,    8000 )    4212   0.008%  99.921% 
[    8000,    9000 )    2665   0.005%  99.926% 
[    9000,   10000 )     880   0.002%  99.928% 
[   10000,   12000 )    1316   0.003%  99.931% 
[   12000,   14000 )    1343   0.003%  99.933% 
[   14000,   16000 )    1468   0.003%  99.936% 
[   16000,   18000 )    1241   0.002%  99.939% 
[   18000,   20000 )    1676   0.003%  99.942% 
[   20000,   25000 )    5482   0.011%  99.953% 
[   25000,   30000 )    8326   0.017%  99.970% 
[   30000,   35000 )    2000   0.004%  99.974% 
[   35000,   40000 )     670   0.001%  99.975% 
[   40000,   45000 )     626   0.001%  99.976% 
[   45000,   50000 )    1408   0.003%  99.979% 
[   50000,   60000 )    1310   0.003%  99.982% 
[   60000,   70000 )    2369   0.005%  99.987% 
[   70000,   80000 )    2902   0.006%  99.992% 
[   80000,   90000 )    1847   0.004%  99.996% 
[   90000,  100000 )    1209   0.002%  99.998% 
[  100000,  120000 )     549   0.001% 100.000% 
[  120000,  140000 )      67   0.000% 100.000% 
[  140000,  160000 )      42   0.000% 100.000% 
[  160000,  180000 )      20   0.000% 100.000% 
[  180000,  200000 )       2   0.000% 100.000% 
[  250000,  300000 )      32   0.000% 100.000% 
[  400000,  450000 )       1   0.000% 100.000% 
[  450000,  500000 )      32   0.000% 100.000% 
[  500000,  600000 )      31   0.000% 100.000% 


