[OVERALL], RunTime(ms), 289708
[OVERALL], Throughput(ops/sec), 34517.51418669833
[TOTAL_GCS_PS_Scavenge], Count, 163
[TOTAL_GC_TIME_PS_Scavenge], Time(ms), 1848
[TOTAL_GC_TIME_%_PS_Scavenge], Time(%), 0.6378836621701851
[TOTAL_GCS_PS_MarkSweep], Count, 0
[TOTAL_GC_TIME_PS_MarkSweep], Time(ms), 0
[TOTAL_GC_TIME_%_PS_MarkSweep], Time(%), 0.0
[TOTAL_GCs], Count, 163
[TOTAL_GC_TIME], Time(ms), 1848
[TOTAL_GC_TIME_%], Time(%), 0.6378836621701851
[CLEANUP], Operations, 32
[CLEANUP], AverageLatency(us), 69921.65625
[CLEANUP], MinLatency(us), 1
[CLEANUP], MaxLatency(us), 2238463
[CLEANUP], 95thPercentileLatency(us), 14
[CLEANUP], 99thPercentileLatency(us), 2238463
[INSERT], Operations, 10000000
[INSERT], AverageLatency(us), 915.2116757
[INSERT], MinLatency(us), 170
[INSERT], MaxLatency(us), 210943
[INSERT], 95thPercentileLatency(us), 1567
[INSERT], 99thPercentileLatency(us), 1870
[INSERT], Return=OK, 10000000
