[OVERALL], RunTime(ms), 552884
[OVERALL], Throughput(ops/sec), 18086.976653330537
[TOTAL_GCS_PS_Scavenge], Count, 576
[TOTAL_GC_TIME_PS_Scavenge], Time(ms), 4010
[TOTAL_GC_TIME_%_PS_Scavenge], Time(%), 0.7252877637985545
[TOTAL_GCS_PS_MarkSweep], Count, 0
[TOTAL_GC_TIME_PS_MarkSweep], Time(ms), 0
[TOTAL_GC_TIME_%_PS_MarkSweep], Time(%), 0.0
[TOTAL_GCs], Count, 576
[TOTAL_GC_TIME], Time(ms), 4010
[TOTAL_GC_TIME_%], Time(%), 0.7252877637985545
[CLEANUP], Operations, 16
[CLEANUP], AverageLatency(us), 140097.3125
[CLEANUP], MinLatency(us), 0
[CLEANUP], MaxLatency(us), 2242559
[CLEANUP], 95thPercentileLatency(us), 2242559
[CLEANUP], 99thPercentileLatency(us), 2242559
[INSERT], Operations, 10000000
[INSERT], AverageLatency(us), 878.2572267
[INSERT], MinLatency(us), 184
[INSERT], MaxLatency(us), 206719
[INSERT], 95thPercentileLatency(us), 1433
[INSERT], 99thPercentileLatency(us), 1629
[INSERT], Return=OK, 10000000
