[OVERALL], RunTime(ms), 1042272
[OVERALL], Throughput(ops/sec), 9594.42448804151
[TOTAL_GCS_PS_Scavenge], Count, 1087
[TOTAL_GC_TIME_PS_Scavenge], Time(ms), 5972
[TOTAL_GC_TIME_%_PS_Scavenge], Time(%), 0.572979030425839
[TOTAL_GCS_PS_MarkSweep], Count, 0
[TOTAL_GC_TIME_PS_MarkSweep], Time(ms), 0
[TOTAL_GC_TIME_%_PS_MarkSweep], Time(%), 0.0
[TOTAL_GCs], Count, 1087
[TOTAL_GC_TIME], Time(ms), 5972
[TOTAL_GC_TIME_%], Time(%), 0.572979030425839
[CLEANUP], Operations, 8
[CLEANUP], AverageLatency(us), 280706.125
[CLEANUP], MinLatency(us), 1
[CLEANUP], MaxLatency(us), 2246655
[CLEANUP], 95thPercentileLatency(us), 2246655
[CLEANUP], 99thPercentileLatency(us), 2246655
[INSERT], Operations, 10000000
[INSERT], AverageLatency(us), 829.8829465
[INSERT], MinLatency(us), 178
[INSERT], MaxLatency(us), 236543
[INSERT], 95thPercentileLatency(us), 1327
[INSERT], 99thPercentileLatency(us), 1490
[INSERT], Return=OK, 10000000
