15.2
41.2
64.1
75.8
83
88
91.4
90.4
92.8
94.7
96.2
97.4
98.5
99.4
100.3
101.1
101.8
102.4
103.1
103.6
104.1
104.5
104.9
105.2
105.4
105.7
106
106.3
106.4
106.5
105.7
105.9
105.9
106.2
106.3
106.5
106.6
106.8
106.9
106.9
107.1
107.2
107.3
107.4
107.6
107.6
107.7
107.8
107.9
108
108
108.1
108.2
108.3
107.7
107.8
107.9
107.9
108
108
108.1
108.2
108.2
108.3
108.3
108.4
108.5
108.5
108.5
108.5
108.7
108.8
108.8
108.8
108.8
108.8
108.9
108.6
108.6
108.7
108.7
108.7
108.8
108.8
108.8
108.8
108.8
108.9
109
109
109.1
109.1
109.1
109.1
109.1
109.2
109.2
109.2
109.2
109.3
109.3
109
109
109.4
109.4
109.4
109.4
109.4
109.4
109.4
109.4
109.5
109.6
109.6
109.6
109.6
109.6
109.6
109.6
109.6
109.7
109.7
109.7
109.8
109.6
109.6
109.6
109.6
109.6
109.7
109.7
109.7
109.8
109.8
109.8
109.8
109.8
109.8
109.8
109.8
109.9
109.9
109.9
109.9
109.9
110
110
110
109.7
109.7
109.8
109.8
109.8
109.8
109.8
109.8
109.8
109.9
109.9
109.9
109.9
109.9
109.9
109.9
109.9
110
110
110
110
110
110
109.9
109.8
109.8
109.9
109.9
109.8
109.9
109.9
109.9
109.9
110
110.1
110.1
110.1
110.1
110.1
110.1
110.1
110.1
110.1
110.1
110.1
110.1
110.1
110
110
110
110
110
110
110
110.1
110.3
110.3
110.3
110.3
110.3
110.3
110.3
110.3
110.3
110.3
110.3
110.3
110.3
110.3
110.3
110.3
110.3
110.3
110.3
110.3
110.3
110.3
110.3
110.3
110.3
110.3
110.3
110.3
110.3
110.3
110.3
110.3
110.3
110.3
110.3
110.3
110.3
110.3
110.3
110.3
110.3
110.3
110.3
110.3
110.3
110.3
110.3
110.3
110.3
110.3
110.3
110.3
110.3
110.3
110.4
110.4
110.4
110.4
110.4
110.4
110.4
110.4
110.4
110.3
110.3
110.3
110.4
110.4
110.4
110.4
110.4
110.4
110.4
110.4
110.4
110.4
110.4
110.4
110.4
110.4
110.5
110.5
110.5
110.5
110.5
110.5
110.3
110.4
110.4
110.4
110.4
110.4
110.4
110.4
110.4
110.4
110.4
110.4
110.4
110.5
110.7
110.7
110.7
110.7
110.7
110.7
110.7
110.7
110.7
110.7
110.6
110.6
110.6
110.7
110.7
110.7
110.7
110.7
110.7
110.7
110.7
110.7
110.7
110.7
110.7
110.7
110.7
110.7
110.7
110.7
110.7
110.7
110.7
110.7
110.6
110.6
110.6
110.6
110.6
110.6
110.6
110.6
110.6
110.6
110.6
110.6
110.6
110.6
110.6
110.6
110.6
110.6
110.6
110.6
110.6
110.6
110.6
110.6
110.6
110.6
110.6
110.6
110.6
110.6
110.6
110.6
110.6
110.6
110.6
110.6
110.6
110.6
110.6
110.6
110.6
110.6
110.6
110.6
110.6
110.6
110.6
110.6
110.6
110.6
110.6
110.6
110.6
110.6
110.6
110.6
110.6
110.6
110.6
110.6
110.6
110.6
110.6
110.6
110.6
110.8
110.9
111
111
111
111
110.9
110.9
110.9
110.9
110.9
110.9
110.9
110.9
110.9
110.9
110.9
110.9
110.9
110.9
110.9
110.9
110.9
110.9
110.9
110.9
110.9
111
111
110.9
110.9
110.9
110.9
110.9
110.8
110.8
110.8
110.8
110.8
110.8
110.8
111
110.9
111
111
111
111
111
111
111
111
111
111
110.8
110.8
110.8
110.9
110.9
111
111
111
111
111
111
111
111
111
111
111
111
111
111
111
111
111
111
111
110.8
110.8
110.9
110.9
110.9
110.9
110.9
110.9
110.9
110.9
110.9
110.9
110.9
110.9
110.9
110.9
110.9
110.9
110.9
110.9
110.9
111
111
111
111.2
111.2
111.2
111.2
111.2
111.2
111.2
111.1
111.1
111.1
111.1
111.1
111.1
111.1
111.1
111.1
111.1
111.1
111.1
111.1
111.1
111.1
111.1
111.1
111.1
111.1
111.1
111.1
111.1
111.1
111.1
111.1
111.1
111.1
111.1
111.1
111.1
111.1
111.1
111.2
111.2
111.2
111.2
111.2
111.2
111.2
111.1
111.1
111.1
111.1
111.1
111.1
111.1
111.1
111.1
111.1
111.1
111.1
111.1
111.1
111.1
111.1
111.1
111.1
111.1
111.1
111.1
111.1
111.1
111.1
111.1
111.1
111.1
111.1
111.1
111.1
111.1
111.1
111.1
111.1
111.1
111.1
111.1
111.1
111.1
111.1
111.1
111.1
111.1
111.1
111.1
111.1
111.1
111.1
111
111
111.1
111.2
111.2
111.3
111.3
111.3
111.3
111.3
111.4
111.4
111.4
111.4
111.4
111.4
111.4
111.4
111.4
111.3
111.3
111.3
111.3
111.3
111.3
111.3
111.3
111.3
111.3
111.3
111.3
111.3
111.3
111.3
111.3
111.3
111.3
111.3
111.3
111.3
111.3
111.3
111.3
111.3
111.3
111.3
111.3
111.3
111.3
111.3
111.3
111.3
111.3
111.3
111.3
111.3
111.3
111.3
111.3
111.3
111.3
111.3
111.3
111.3
111.3
111.2
111.2
111.2
111.2
111.2
111.2
111.2
111.2
111.2
111.2
111.2
111.2
111.2
111.2
111.2
111.2
111.2
111.2
111.2
111.2
111.2
111.2
111.2
111.2
111.2
111.2
111.2
111.2
111.3
111.2
111.2
111.2
111.2
111.2
111.2
111.2
111.2
111.3
111.4
111.4
111.5
111.5
111.5
111.5
111.5
111.5
111.5
111.6
111.6
111.6
111.6
111.6
111.6
111.4
111.4
111.4
111.4
111.4
111.4
111.5
111.4
111.4
111.5
111.5
111.5
111.5
111.5
111.5
111.5
111.5
111.5
111.5
111.5
111.5
111.5
111.5
111.5
111.5
111.5
111.5
111.5
111.5
111.5
111.5
111.5
111.5
111.5
111.5
111.5
111.5
111.5
111.5
111.5
111.5
111.5
111.5
111.5
111.5
111.5
111.5
111.5
111.5
111.4
111.4
111.4
111.4
111.4
111.4
111.4
111.5
111.4
111.4
111.4
111.4
111.4
111.4
111.4
111.4
111.4
111.4
111.4
111.4
111.4
111.4
111.4
111.4
111.4
111.4
111.4
111.4
111.4
111.4
111.4
111.4
111.4
111.5
111.6
111.5
111.6
111.6
111.6
111.6
111.6
111.6
111.6
111.6
111.6
111.6
111.6
111.6
111.6
111.6
111.6
111.6
111.6
111.6
111.6
111.6
111.6
111.6
111.6
111.6
111.6
111.6
111.5
111.5
111.5
111.5
111.5
111.5
111.5
111.5
111.5
111.5
111.5
111.5
111.5
111.5
111.5
111.5
111.5
111.5
111.5
111.5
111.5
111.5
111.5
111.5
111.5
111.6
111.6
111.6
111.6
111.6
111.6
111.5
111.5
111.5
111.5
111.5
111.5
111.5
111.6
111.6
111.6
111.6
111.6
111.7
111.6
111.6
111.6
111.6
111.6
111.6
111.6
111.6
111.6
111.6
111.6
111.5
111.5
111.6
111.6
111.6
111.6
111.6
111.6
111.6
111.6
111.6
111.6
111.6
111.5
111.5
111.6
111.7
111.7
111.8
111.8
111.8
111.7
111.7
111.7
111.7
111.7
111.7
111.7
111.7
111.7
