62.5
62.6
62.5
62.4
62.4
62.4
62.4
62.3
62.3
62.3
62.3
62.2
62.2
62.2
62.2
62.2
62.1
62.1
62.1
62.2
62
62
62
62.1
62
61.9
61.9
62
62
61.8
61.8
61.9
61.9
61.9
61.7
61.7
61.8
61.8
61.6
61.6
61.7
61.7
61.7
61.5
61.6
61.6
61.6
61.6
61.5
61.5
61.5
61.5
61.5
61.4
61.4
61.4
61.4
61.4
61.3
61.3
61.3
61.3
61.3
61.2
61.2
61.2
61.3
61.2
61.1
61.1
61.2
61.2
61.1
61
61
61.1
61.1
61
60.9
61
61
61
60.9
60.8
60.9
60.9
60.9
60.8
60.9
60.8
60.8
60.8
60.8
60.8
60.7
60.7
60.7
60.7
60.7
60.7
60.6
60.7
60.7
60.6
60.6
60.5
60.6
60.6
60.5
60.5
60.5
60.5
60.5
60.4
60.4
60.5
60.4
60.4
60.4
60.4
60.4
60.4
60.3
60.3
60.3
60.3
60.3
60.2
60.3
60.3
60.2
60.2
60.2
60.2
60.2
60.1
60.1
60.2
60.2
60.1
60.1
60
60.1
60.1
60.1
60
60.1
60
60
60
60
60
59.9
59.9
59.9
59.9
60
59.9
59.8
59.8
59.9
59.9
59.9
59.8
59.7
59.8
59.8
59.8
59.8
59.8
59.7
59.7
59.7
59.7
59.7
59.7
59.6
59.6
59.6
59.7
59.7
59.7
59.5
59.5
59.6
59.6
59.6
59.6
59.5
59.5
59.5
59.5
59.5
59.6
59.6
59.4
59.4
59.4
59.4
59.5
59.5
59.3
59.3
59.3
59.4
59.4
59.4
59.3
59.3
59.3
59.3
59.3
59.3
59.4
59.3
59.2
59.2
59.2
59.3
59.3
59.3
59.1
59.1
59.1
59.2
59.2
59.2
59.1
59.1
59.1
59.1
59.1
59.1
59.2
59.1
59
59
59
59.1
59.1
59.1
59
58.9
59
59
59
59
58.9
58.9
58.9
58.9
58.9
58.9
58.9
58.9
58.9
58.8
58.8
58.8
58.9
58.9
58.8
58.8
58.8
58.7
58.8
58.8
58.8
58.7
58.7
58.8
58.7
58.7
58.7
58.7
58.8
58.7
58.7
58.7
58.6
58.6
58.7
58.7
58.6
58.6
58.6
58.6
58.6
58.6
58.6
58.5
58.5
58.6
58.6
58.5
58.5
58.5
58.5
58.5
58.5
58.5
58.5
58.4
58.5
58.5
58.4
58.4
58.4
58.4
58.5
58.4
58.4
58.4
58.3
58.4
58.4
58.4
58.3
58.3
58.3
58.4
58.3
58.3
58.3
58.3
58.3
58.3
58.3
58.3
58.2
58.2
58.2
58.3
58.3
58.2
58.2
58.2
58.2
58.2
58.2
58.2
58.2
58.1
58.1
58.2
58.1
58.1
58.1
58.1
58.2
58.1
58.1
58.1
58
58
58.1
58.1
58.1
58.1
58
58
57.9
58
58
58
58
58
58
58
57.9
57.9
