0
14.1
103.7
146
174.3
183.4
193.4
204.8
206.2
216.1
215.6
221.3
227
232.9
238.1
240.9
244.7
247.6
250.3
252.8
254.2
256.7
257.8
259.3
261.6
262.8
261.3
261.9
263.2
264.2
265.2
266.1
266.2
267.4
268.7
271
272.3
272.5
272.5
273.5
275.5
277.5
277.9
277.9
277.8
278.9
280.9
281.9
282.2
282.5
282.6
284.7
284.7
285.6
285.7
285.8
286.8
287.8
287.7
287.7
287.7
287.7
288.6
289.8
289.8
289.8
289.8
290
290.9
290.8
290.8
290.8
290.3
291.5
292.5
293.4
293.4
293.4
293.6
294.5
295.6
296.6
297.6
297.6
298.7
299.8
299.8
300.8
301.8
302.8
302.8
302.8
303.8
304.8
304.8
305.7
307.1
306.2
307.2
308.3
308.4
0
