21.2
20.5
20.0
19.5
33.2
69.5
 111
 149
 186
 220
 262
 299
 329
 363
 394
 420
 445
 473
 500
 527
 551
 568
 589
 610
 630
 651
 671
 689
 706
 723
 742
 758
 772
 788
 803
 817
 831
 845
 856
 863
 875
 887
 899
 912
 920
 927
 937
 947
 957
 966
 974
 982
 992
 999
1008
1014
1020
1027
1034
1042
1049
1056
1064
1072
1080
1086
1092
1098
1104
1111
1116
1120
1124
1130
1134
1140
1145
1150
1155
1161
1164
1168
1173
1178
1181
1185
1191
1197
1202
1206
1207
1211
1216
1218
1223
1227
1231
1236
1241
1245
1248
1252
1255
1259
1263
1266
1268
1271
1274
1278
1281
1285
1288
1291
1294
1298
1300
1303
1305
1308
1312
1314
1316
1319
1319
1322
1326
1328
1331
1333
1336
1340
1342
1345
1347
1350
1353
1356
1358
1361
1361
1363
1366
1368
1371
1373
1375
1377
1380
1383
1385
1387
1390
1393
1396
1400
1401
1402
1404
1406
1408
1410
1412
1413
1415
1416
1419
1420
1422
1423
1424
1426
1427
1427
1429
1431
1433
1435
1436
1437
1438
1439
1441
1443
1444
1446
1446
1449
1450
1452
1453
1452
1453
1455
1457
1458
1460
1461
1462
1465
1466
1467
1468
1469
1470
1472
1472
1474
1476
1477
1479
1481
1482
1483
1485
1486
1487
1488
1489
1489
1490
1491
1492
1492
1493
1494
1495
1497
1498
1499
1500
1501
1502
1504
1505
1506
1506
1507
1507
1508
1509
1509
1510
1511
1512
1512
1513
1514
1514
1516
1517
1519
1520
1520
1521
1522
1523
1524
1524
1525
1526
1526
1527
1528
1528
1529
1530
1532
1533
1534
1535
1536
1537
1538
1539
1540
1541
1542
1543
1544
1545
1546
1547
1548
1549
1549
1549
1550
1551
1551
1552
1553
1553
1554
1556
1556
1557
1558
1554
1550
