1525
1521
1518
1519
1525
1528
1530
1533
1538
1543
1549
1555
1562
1569
1576
1582
1588
1593
1600
1605
1609
1615
1621
1624
1628
1632
1633
1638
1642
1646
1650
1654
1657
1660
1663
1667
1672
1677
1682
1687
1692
1697
1700
1705
1708
1712
1717
1722
1727
1732
1736
1740
1743
1744
1746
1748
1749
1751
1752
1754
1756
1758
1760
1765
1768
1772
1777
1781
1786
1790
1793
1797
1801
1806
1810
1811
1813
1815
1817
1821
1825
1830
1834
1838
1842
1845
1849
1853
1856
1860
1862
1866
1867
1870
1874
1878
1882
1886
1889
1893
1895
1898
1902
1906
1910
1914
1918
1920
1923
1927
1930
1932
1935
1939
1941
1945
1949
1952
1955
1958
1961
1965
1968
1971
1975
1979
1981
1984
1986
1988
1991
1992
1995
1996
1998
2000
2003
2005
2007
2010
2013
2016
2019
2021
2023
2026
2028
2030
2032
2034
2035
2037
2040
2042
2045
2048
2051
2053
2056
2058
2060
2061
2062
2064
2064
2066
2068
2069
2071
2072
2073
2075
2076
2077
2078
2079
2079
2080
2081
2083
2083
2084
2086
2088
2090
2092
2093
2095
2096
2098
2099
2100
2102
2102
2103
2104
2104
2104
2104
2106
2106
2108
2109
2111
2112
2113
2115
2116
2118
2119
2120
2122
2122
2124
2125
2125
2127
2128
2129
2129
2129
2129
2129
2130
2130
2130
2131
2132
2132
2133
2134
2134
2134
2135
2136
2137
2138
2139
2140
2139
2135
2133
2133
2131
2131
2131
2132
2131
2131
2131
2132
2133
2133
2134
2135
2136
2137
2138
2139
2139
2140
2141
2142
2143
2143
2144
2144
2146
2146
2147
2148
2148
2148
2149
2150
2151
2152
2151
2152
2153
2153
2154
2154
2155
2156
2156
2157
2158
2158
2159
2159
2156
2153
2150
