1481
1477
1474
1475
1478
1481
1484
1487
1491
1495
1498
1500
1503
1506
1508
1509
1513
1517
1521
1524
1527
1530
1533
1536
1540
1544
1547
1549
1552
1554
1557
1560
1563
1567
1571
1574
1578
1581
1583
1585
1588
1592
1595
1598
1602
1606
1609
1613
1616
1619
1623
1626
1629
1632
1635
1637
1640
1643
1645
1648
1650
1652
1654
1656
1658
1661
1664
1666
1668
1672
1674
1676
1679
1681
1684
1687
1691
1693
1696
1698
1700
1703
1704
1705
1706
1708
1710
1711
1712
1714
1715
1717
1718
1720
1722
1724
1727
1728
1730
1731
1733
1734
1736
1738
1740
1742
1743
1745
1746
1748
1750
1752
1754
1755
1756
1757
1758
1760
1762
1764
1766
1768
1770
1772
1774
1775
1777
1778
1779
1781
1783
1785
1787
1789
1791
1792
1793
1795
1797
1798
1800
1801
1803
1804
1805
1808
1810
1812
1814
1815
1817
1819
1821
1823
1825
1827
1829
1831
1833
1836
1838
1840
1842
1843
1845
1847
1848
1850
1851
1852
1854
1855
1857
1858
1861
1863
1865
1867
1868
1870
1872
1874
1875
1877
1879
1881
1883
1885
1886
1887
1888
1890
1891
1892
1893
1895
1897
1899
1901
1903
1905
1906
1907
1909
1911
1913
1914
1916
1918
1920
1922
1924
1926
1928
1929
1931
1933
1935
1937
1939
1940
1942
1944
1945
1946
1948
1949
1950
1952
1953
1955
1957
1958
1960
1961
1963
1964
1966
1967
1969
1970
1971
1972
1974
1975
1976
1977
1978
1979
1980
1981
1981
1982
1983
1984
1985
1986
1988
1990
1991
1993
1994
1995
1996
1997
1999
2000
2002
2004
2005
2007
2008
2010
2011
2013
2014
2016
2017
2019
2020
2022
2023
2024
2026
2028
2030
2031
2033
2035
2036
2037
2039
2040
2042
2044
2045
2047
2049
2050
2052
2054
2055
2056
2058
2060
2061
2063
2064
2066
2067
2068
2070
2071
2073
2074
2076
2077
2079
2080
2082
2083
2084
2086
2088
2088
2090
2091
2092
2094
2096
2097
2099
2101
2102
2104
2105
2107
2109
2111
2112
2113
2114
2115
2116
2117
2118
2120
2122
2123
2125
2127
2129
2129
2131
2132
2133
2135
2137
2138
2139
2140
2142
2143
2145
2147
2148
2150
2151
2152
2154
2155
2156
2157
2159
2160
2162
2163
2165
2166
2167
2169
2170
2170
2171
2172
2173
2173
2174
2175
2175
2176
2176
2177
2178
2178
2179
2179
2180
2181
2182
2182
2183
2183
2184
2184
2185
2186
2187
2185
2186
2187
2187
2187
2187
2188
2188
2189
2189
2190
2191
2192
2193
2194
2195
2196
2197
2198
2198
2199
2200
2200
2201
2201
2202
2202
2203
2204
2204
2205
2206
2206
2207
2209
2210
2210
2212
2213
2214
2214
2214
2215
2217
2218
2219
2219
2219
2220
2220
2220
2221
2221
2222
2223
2224
2225
2226
2227
2227
2229
2230
2231
2232
2233
2235
2236
2236
2237
2237
2238
2238
2239
2240
2240
2240
2241
2241
2242
2242
2243
2243
2244
2245
2246
2246
2247
2247
2248
2248
2249
2250
2251
2252
2253
2253
2253
2254
2254
2253
2254
2255
2255
2256
2255
2252
2250
2248
