1494
1490
1486
1484
1484
1484
1485
1485
1485
1485
1485
1486
1485
1485
1485
1486
1486
1486
1486
1487
1487
1488
1488
1488
1489
1489
1489
1490
1490
1490
1489
1490
1490
1490
1490
1491
1491
1491
1491
1491
1492
1492
1491
1491
1492
1492
1493
1492
1492
1493
1493
1493
1493
1494
1494
1494
1494
1495
1495
1495
1495
1495
1495
1496
1495
1495
1495
1495
1495
1496
1496
1496
1496
1497
1497
1497
1497
1497
1497
1498
1498
1498
1497
1498
1498
1498
1498
1499
1499
1500
1500
1500
1501
1501
1502
1502
1502
1503
1503
1502
1503
1503
1503
1504
1504
1504
1504
1505
1505
1505
1505
1505
1505
1506
1506
1506
1506
1506
1506
1506
1507
1507
1507
1507
1507
1507
1508
1508
1508
1508
1508
1509
1509
1509
1508
1508
1508
1509
1509
1509
1509
1510
1510
1510
1510
1511
1511
1511
1511
1511
1512
1511
1511
1511
1511
1512
1512
1512
1512
1512
1513
1513
1513
1514
1514
1514
1514
1514
1515
1514
1514
1514
1514
1514
1514
1515
1515
1515
1515
1515
1516
1516
1516
1516
1516
1516
1516
1516
1516
1516
1516
1516
1516
1516
1517
1517
1517
1517
1517
1517
1518
1518
1518
1518
1518
1518
1518
1518
1518
1519
1519
1519
1519
1519
1519
1519
1519
1519
1519
1519
1519
1519
1518
1518
1518
1518
1519
1519
1519
1519
1519
1519
1519
1519
1519
1519
1519
1519
1520
1520
1520
1520
1520
1520
1520
1520
1520
1520
1520
1520
1521
1521
1521
1521
1521
1521
1521
1521
1521
1521
1521
1522
1522
1522
1522
1522
1522
1522
1520
1518
