1401
1397
1393
1389
1385
1388
1389
1392
1396
1398
1402
1405
1408
1410
1413
1416
1419
1422
1425
1428
1432
1435
1438
1441
1442
1444
1448
1451
1454
1458
1461
1464
1467
1471
1474
1477
1480
1483
1486
1490
1493
1495
1498
1501
1504
1506
1509
1512
1514
1517
1520
1523
1525
1526
1529
1532
1535
1538
1541
1544
1547
1551
1554
1557
1559
1561
1564
1566
1569
1572
1574
1577
1579
1582
1585
1587
1590
1592
1595
1597
1600
1603
1606
1609
1611
1614
1617
1620
1622
1625
1627
1630
1633
1635
1637
1639
1642
1644
1646
1649
1651
1654
1657
1659
1661
1664
1666
1668
1669
1671
1674
1676
1678
1680
1683
1685
1687
1690
1692
1695
1697
1699
1702
1704
1705
1707
1710
1712
1714
1716
1718
1720
1722
1724
1727
1729
1731
1733
1734
1736
1738
1740
1742
1744
1746
1748
1750
1752
1754
1756
1758
1760
1761
1760
1761
1763
1765
1767
1769
1771
1773
1774
1776
1778
1780
1782
1783
1784
1786
1787
1789
1790
1792
1794
1796
1797
1800
1801
1803
1805
1807
1809
1810
1811
1813
1815
1816
1818
1819
1821
1822
1824
1826
1827
1829
1831
1831
1832
1833
1835
1836
1838
1839
1841
1843
1844
1846
1848
1849
1851
1852
1853
1854
1855
1856
1857
1858
1859
1860
1862
1863
1864
1866
1867
1868
1868
1870
1871
1872
1873
1874
1875
1876
1877
1879
1880
1881
1882
1883
1883
1884
1886
1886
1887
1888
1889
1890
1891
1892
1893
1894
1895
1895
1896
1897
1897
1897
1898
1899
1900
1901
1901
1901
1903
1904
1905
1906
1907
1908
1909
1910
1910
1911
1912
1913
1912
1909
1906
