1537
1533
1529
1530
1531
1532
1534
1535
1536
1538
1539
1541
1542
1544
1546
1548
1550
1551
1552
1554
1555
1557
1558
1560
1561
1563
1565
1566
1567
1569
1570
1571
1573
1575
1576
1578
1579
1581
1581
1583
1584
1585
1587
1588
1589
1591
1591
1593
1594
1595
1596
1597
1598
1599
1601
1602
1603
1605
1606
1607
1609
1610
1611
1613
1615
1616
1617
1618
1619
1620
1621
1622
1623
1624
1626
1627
1628
1630
1630
1631
1632
1633
1634
1635
1636
1637
1638
1638
1639
1640
1641
1642
1640
1642
1642
1643
1644
1645
1646
1648
1649
1649
1651
1651
1652
1653
1654
1655
1655
1656
1657
1658
1659
1660
1660
1661
1662
1664
1665
1666
1667
1669
1669
1670
1672
1673
1674
1675
1676
1677
1678
1679
1681
1682
1683
1685
1686
1687
1687
1689
1690
1692
1693
1695
1696
1697
1698
1700
1701
1703
1704
1705
1706
1707
1708
1710
1711
1712
1713
1714
1716
1717
1719
1720
1722
1724
1725
1726
1727
1728
1729
1730
1732
1733
1735
1737
1739
1740
1741
1743
1744
1745
1746
1747
1749
1750
1751
1753
1754
1754
1755
1756
1757
1758
1759
1761
1762
1763
1765
1767
1767
1768
1769
1771
1773
1774
1776
1778
1780
1781
1783
1784
1785
1787
1788
1789
1790
1791
1793
1795
1796
1797
1799
1801
1803
1804
1806
1807
1809
1810
1812
1814
1815
1816
1818
1819
1821
1822
1824
1825
1827
1829
1831
1833
1834
1835
1837
1837
1838
1840
1841
1843
1845
1846
1848
1850
1852
1853
1854
1855
1857
1858
1860
1862
1863
1865
1866
1868
1870
1871
1872
1874
1876
1878
1879
1881
1883
1885
1886
1887
1889
1890
1891
1892
1893
1894
1895
1896
1897
1898
1899
1900
1901
1901
1902
1903
1903
1904
1904
1905
1905
1906
1907
1907
1908
1908
1909
1909
1910
1910
1910
1911
1911
1912
1912
1913
1914
1915
1915
1916
1916
1917
1917
1918
1919
1919
1919
1920
1920
1921
1922
1922
1921
1919
1917
