334
334
334
334
335
335
336
336
337
337
337
337
338
338
339
339
339
340
340
340
340
341
341
341
341
342
341
342
343
343
343
343
344
344
344
345
345
345
345
345
345
345
346
345
346
346
347
346
346
347
346
347
347
347
347
347
348
347
348
348
348
348
348
348
348
349
349
349
349
349
350
349
350
350
350
350
350
350
351
351
351
351
351
352
352
352
352
351
352
352
352
352
352
352
353
352
353
353
352
352
353
352
353
353
353
353
353
353
353
353
353
353
352
352
352
351
350
350
350
349
348
348
347
346
345
344
344
343
342
341
341
340
