15
121
153.3
185.4
192.4
203.1
202.1
209.3
211.1
217
221.9
227.4
229.9
232.7
236
237.9
235.5
237.6
238.5
239
239.8
240.9
244.7
245.8
246.6
247.7
249.6
252.7
253.9
254.1
254.2
258
259.1
259.1
259.2
259
261.9
262.8
262.7
262.7
262.8
265.8
265.9
265.9
265.8
266.8
267.7
267.8
267.7
267.6
269.6
269.5
269.4
269.3
269.1
271.1
272.1
272.2
272.3
273.3
275.3
276.3
277.3
277.3
278.3
279.2
280.2
282.2
281.2
281.3
281
282
283.8
284.9
284.3
284.3
284.2
285.2
286.6
287.3
288.8
289.8
289
289
290.4
290.8
292.1
293.4
293.8
294.7
295.3
295.8
297.4
297.5
298.9
299.6
299.2
299.9
301.4
301.9
303
303.4
304.2
303.5
304.2
304.8
305.5
