fieldlength: 4072
recordcount: 6553600
oks: 100000
oks: 100000
oks: 100000
oks: 100000
oks: 200000
oks: 200000
oks: 200000
oks: 200000
oks: 300000
oks: 300000
oks: 300000
oks: 300000
oks: 400000
oks: 400000
oks: 400000
oks: 400000
oks: 500000
oks: 500000
oks: 500000
oks: 500000
oks: 600000
oks: 600000
oks: 600000
oks: 600000
oks: 700000
oks: 700000
oks: 700000
oks: 700000
oks: 800000
oks: 800000
oks: 800000
oks: 800000
oks: 900000
oks: 900000
oks: 900000
oks: 900000
oks: 1000000
oks: 1000000
oks: 1000000
oks: 1000000
oks: 1100000
oks: 1100000
oks: 1100000
oks: 1100000
oks: 1200000
oks: 1200000
oks: 1200000
oks: 1200000
oks: 1300000
oks: 1300000
oks: 1300000
oks: 1300000
oks: 1400000
oks: 1400000
oks: 1400000
oks: 1400000
oks: 1500000
oks: 1500000
oks: 1500000
oks: 1500000
oks: 1600000
oks: 1600000
oks: 1600000
oks: 1600000

rocksdb	workloads/motivation.spec	4
# Load duration (sec): 638.924
# Loading records:	6553600
# Load throughput (KOPS): 10.2572
Count: 6553600  Average: 389.2945  StdDev: 108.35
Percentiles(us): P50: 368.77 P90: 494.17 P99: 778.79 P99.9: 1268.81 P99.99: 2907.37
------------------------------------------------------
[     200,     250 )    1425   0.022%   0.022% 
[     250,     300 )  675518  10.308%  10.329% ##
[     300,     350 ) 1935926  29.540%  39.869% ######
[     350,     400 ) 1768465  26.985%  66.854% #####
[     400,     450 ) 1002194  15.292%  82.146% ###
[     450,     500 )  582696   8.891%  91.037% ##
[     500,     600 )  357221   5.451%  96.488% #
[     600,     700 )  120360   1.837%  98.325% 
[     700,     800 )   56170   0.857%  99.182% 
[     800,     900 )   24928   0.380%  99.562% 
[     900,    1000 )   11727   0.179%  99.741% 
[    1000,    1200 )    9293   0.142%  99.883% 
[    1200,    1400 )    3265   0.050%  99.933% 
[    1400,    1600 )    1363   0.021%  99.953% 
[    1600,    1800 )     763   0.012%  99.965% 
[    1800,    2000 )     546   0.008%  99.973% 
[    2000,    2500 )     762   0.012%  99.985% 
[    2500,    3000 )     396   0.006%  99.991% 
[    3000,    3500 )     216   0.003%  99.994% 
[    3500,    4000 )     187   0.003%  99.997% 
[    4000,    4500 )      87   0.001%  99.999% 
[    4500,    5000 )      42   0.001%  99.999% 
[    5000,    6000 )      42   0.001% 100.000% 
[    6000,    7000 )       4   0.000% 100.000% 
[    7000,    8000 )       1   0.000% 100.000% 
[    8000,    9000 )       3   0.000% 100.000% 

Waiting 30s before performing transactions......

Avg CPU utilization (percent): 90.04

Starting performing transactions......

# Run duration (ms): 0.481214
# Run operations:	5000
# Run throughput (KOPS): 10.3904
Count: 5000  Average: 383.4285  StdDev: 74.28
Percentiles(us): P50: 371.62 P90: 482.84 P99: 623.08 P99.9: 833.33 P99.99: 914.27
------------------------------------------------------
[     200,     250 )       4   0.080%   0.080% 
[     250,     300 )     420   8.400%   8.480% ##
[     300,     350 )    1458  29.160%  37.640% ######
[     350,     400 )    1429  28.580%  66.220% ######
[     400,     450 )     879  17.580%  83.800% ####
[     450,     500 )     472   9.440%  93.240% ##
[     500,     600 )     279   5.580%  98.820% #
[     600,     700 )      39   0.780%  99.600% 
[     700,     800 )      13   0.260%  99.860% 
[     800,     900 )       6   0.120%  99.980% 
[     900,    1000 )       1   0.020% 100.000% 


Avg CPU utilization (percent): 86.67

