fieldlength: 4072
recordcount: 6553600
oks: 100000
oks: 100000
oks: 100000
oks: 100000
oks: 100000
oks: 100000
oks: 100000
oks: 100000
oks: 100000
oks: 100000
oks: 100000
oks: 100000
oks: 100000
oks: 100000
oks: 100000
oks: 100000
oks: 200000
oks: 200000
oks: 200000
oks: 200000
oks: 200000
oks: 200000
oks: 200000
oks: 200000
oks: 200000
oks: 200000
oks: 200000
oks: 200000
oks: 200000
oks: 200000
oks: 200000
oks: 200000
oks: 300000
oks: 300000
oks: 300000
oks: 300000
oks: 300000
oks: 300000
oks: 300000
oks: 300000
oks: 300000
oks: 300000
oks: 300000
oks: 300000
oks: 300000
oks: 300000
oks: 300000
oks: 300000
oks: 400000
oks: 400000
oks: 400000
oks: 400000
oks: 400000
oks: 400000
oks: 400000
oks: 400000
oks: 400000
oks: 400000
oks: 400000
oks: 400000
oks: 400000
oks: 400000
oks: 400000
oks: 400000

rocksdb	workloads/motivation.spec	16
# Load duration (sec): 387.431
# Loading records:	6553600
# Load throughput (KOPS): 16.9155
Count: 6553600  Average: 942.4001  StdDev: 385.32
Percentiles(us): P50: 927.17 P90: 1155.50 P99: 1611.70 P99.9: 6557.68 P99.99: 10577.69
------------------------------------------------------
[     200,     250 )     372   0.006%   0.006% 
[     250,     300 )     382   0.006%   0.012% 
[     300,     350 )     635   0.010%   0.021% 
[     350,     400 )    1152   0.018%   0.039% 
[     400,     450 )    1927   0.029%   0.068% 
[     450,     500 )    5567   0.085%   0.153% 
[     500,     600 )  122162   1.864%   2.017% 
[     600,     700 )  669051  10.209%  12.226% ##
[     700,     800 )  669745  10.219%  22.446% ##
[     800,     900 ) 1225557  18.701%  41.146% ####
[     900,    1000 ) 2135865  32.591%  73.737% #######
[    1000,    1200 ) 1370795  20.917%  94.653% ####
[    1200,    1400 )  244744   3.734%  98.388% #
[    1400,    1600 )   39523   0.603%  98.991% 
[    1600,    1800 )   10032   0.153%  99.144% 
[    1800,    2000 )    4312   0.066%  99.210% 
[    2000,    2500 )    7054   0.108%  99.318% 
[    2500,    3000 )    8280   0.126%  99.444% 
[    3000,    3500 )    6688   0.102%  99.546% 
[    3500,    4000 )    4934   0.075%  99.621% 
[    4000,    4500 )    4929   0.075%  99.696% 
[    4500,    5000 )    4981   0.076%  99.772% 
[    5000,    6000 )    6180   0.094%  99.867% 
[    6000,    7000 )    3908   0.060%  99.926% 
[    7000,    8000 )    2295   0.035%  99.961% 
[    8000,    9000 )    1134   0.017%  99.979% 
[    9000,   10000 )     563   0.009%  99.987% 
[   10000,   12000 )     615   0.009%  99.997% 
[   12000,   14000 )     119   0.002%  99.998% 
[   14000,   16000 )      64   0.001%  99.999% 
[   16000,   18000 )      19   0.000% 100.000% 
[   20000,   25000 )      16   0.000% 100.000% 

Waiting 30s before performing transactions......

Avg CPU utilization (percent): 181.10

Starting performing transactions......

# Run duration (ms): 0.285058
# Run operations:	4992
# Run throughput (KOPS): 17.5403
Count: 4992  Average: 907.8146  StdDev: 136.42
Percentiles(us): P50: 906.86 P90: 1090.85 P99: 1349.71 P99.9: 1800.32 P99.99: 1834.18
------------------------------------------------------
[     300,     350 )       3   0.060%   0.060% 
[     350,     400 )       2   0.040%   0.100% 
[     400,     450 )       3   0.060%   0.160% 
[     450,     500 )       2   0.040%   0.200% 
[     500,     600 )      85   1.703%   1.903% 
[     600,     700 )     248   4.968%   6.871% #
[     700,     800 )     374   7.492%  14.363% #
[     800,     900 )    1654  33.133%  47.496% #######
[     900,    1000 )    1822  36.498%  83.994% #######
[    1000,    1200 )     660  13.221%  97.216% ###
[    1200,    1400 )     119   2.384%  99.599% 
[    1400,    1600 )      11   0.220%  99.820% 
[    1600,    1800 )       4   0.080%  99.900% 
[    1800,    2000 )       5   0.100% 100.000% 


Avg CPU utilization (percent): -nan

