fieldlength: 4072
recordcount: 6553600
oks: 100000
oks: 100000
oks: 100000
oks: 100000
oks: 100000
oks: 100000
oks: 100000
oks: 100000
oks: 200000
oks: 200000
oks: 200000
oks: 200000
oks: 200000
oks: 200000
oks: 200000
oks: 200000
oks: 300000
oks: 300000
oks: 300000
oks: 300000
oks: 300000
oks: 300000
oks: 300000
oks: 300000
oks: 400000
oks: 400000
oks: 400000
oks: 400000
oks: 400000
oks: 400000
oks: 400000
oks: 400000
oks: 500000
oks: 500000
oks: 500000
oks: 500000
oks: 500000
oks: 500000
oks: 500000
oks: 500000
oks: 600000
oks: 600000
oks: 600000
oks: 600000
oks: 600000
oks: 600000
oks: 600000
oks: 600000
oks: 700000
oks: 700000
oks: 700000
oks: 700000
oks: 700000
oks: 700000
oks: 700000
oks: 700000
oks: 800000
oks: 800000
oks: 800000
oks: 800000
oks: 800000
oks: 800000
oks: 800000
oks: 800000

rocksdb	workloads/motivation.spec	8
# Load duration (sec): 477.334
# Loading records:	6553600
# Load throughput (KOPS): 13.7296
Count: 6553600  Average: 579.6394  StdDev: 277.28
Percentiles(us): P50: 554.25 P90: 719.01 P99: 1083.49 P99.9: 4858.26 P99.99: 7928.22
------------------------------------------------------
[     200,     250 )    3148   0.048%   0.048% 
[     250,     300 )    1852   0.028%   0.076% 
[     300,     350 )   57006   0.870%   0.946% 
[     350,     400 )  406283   6.199%   7.146% #
[     400,     450 )  668113  10.195%  17.340% ##
[     450,     500 )  775777  11.837%  29.178% ##
[     500,     600 ) 2515302  38.380%  67.558% ########
[     600,     700 ) 1393253  21.259%  88.817% ####
[     700,     800 )  407614   6.220%  95.037% #
[     800,     900 )  169745   2.590%  97.627% #
[     900,    1000 )   73289   1.118%  98.745% 
[    1000,    1200 )   39963   0.610%  99.355% 
[    1200,    1400 )    6897   0.105%  99.460% 
[    1400,    1600 )    2595   0.040%  99.500% 
[    1600,    1800 )    1905   0.029%  99.529% 
[    1800,    2000 )    1580   0.024%  99.553% 
[    2000,    2500 )    4854   0.074%  99.627% 
[    2500,    3000 )    5977   0.091%  99.719% 
[    3000,    3500 )    3593   0.055%  99.773% 
[    3500,    4000 )    3357   0.051%  99.825% 
[    4000,    4500 )    3026   0.046%  99.871% 
[    4500,    5000 )    2676   0.041%  99.912% 
[    5000,    6000 )    2418   0.037%  99.948% 
[    6000,    7000 )    2148   0.033%  99.981% 
[    7000,    8000 )     618   0.009%  99.991% 
[    8000,    9000 )     342   0.005%  99.996% 
[    9000,   10000 )     137   0.002%  99.998% 
[   10000,   12000 )     104   0.002% 100.000% 
[   12000,   14000 )      21   0.000% 100.000% 
[   14000,   16000 )       7   0.000% 100.000% 

Waiting 30s before performing transactions......

Avg CPU utilization (percent): 127.34

Starting performing transactions......

# Run duration (ms): 0.327451
# Run operations:	5000
# Run throughput (KOPS): 15.2694
Count: 5000  Average: 521.5617  StdDev: 93.54
Percentiles(us): P50: 524.24 P90: 645.81 P99: 793.04 P99.9: 1133.33 P99.99: 1288.18
------------------------------------------------------
[     300,     350 )      85   1.700%   1.700% 
[     350,     400 )     442   8.840%  10.540% ##
[     400,     450 )     603  12.060%  22.600% ##
[     450,     500 )     823  16.460%  39.060% ###
[     500,     600 )    2257  45.140%  84.200% #########
[     600,     700 )     633  12.660%  96.860% ###
[     700,     800 )     115   2.300%  99.160% 
[     800,     900 )      32   0.640%  99.800% 
[     900,    1000 )       3   0.060%  99.860% 
[    1000,    1200 )       3   0.060%  99.920% 
[    1200,    1400 )       4   0.080% 100.000% 


Avg CPU utilization (percent): 130.00

