fieldlength: 16360
recordcount: 1638400
oks: 100000
oks: 200000
oks: 300000
oks: 400000
oks: 500000
oks: 600000
oks: 700000
oks: 800000
oks: 900000
oks: 1000000
oks: 1100000
oks: 1200000
oks: 1300000
oks: 1400000
oks: 1500000
oks: 1600000

rocksdb	workloads/motivation.spec	1
# Load duration (sec): 461.575
# Loading records:	1638400
# Load throughput (KOPS): 3.54959
Count: 1638400  Average: 281.4286  StdDev: 42.82
Percentiles(us): P50: 277.29 P90: 299.13 P99: 473.90 P99.9: 599.61 P99.99: 1370.03
------------------------------------------------------
[     200,     250 )       2   0.000%   0.000% 
[     250,     300 ) 1500674  91.594%  91.594% ##################
[     300,     350 )   54719   3.340%  94.934% #
[     350,     400 )   34693   2.117%  97.051% 
[     400,     450 )   25695   1.568%  98.620% 
[     450,     500 )   13042   0.796%  99.416% 
[     500,     600 )    7968   0.486%  99.902% 
[     600,     700 )     950   0.058%  99.960% 
[     700,     800 )     214   0.013%  99.973% 
[     800,     900 )      89   0.005%  99.978% 
[     900,    1000 )      66   0.004%  99.982% 
[    1000,    1200 )      74   0.005%  99.987% 
[    1200,    1400 )      59   0.004%  99.991% 
[    1400,    1600 )      37   0.002%  99.993% 
[    1600,    1800 )      30   0.002%  99.995% 
[    1800,    2000 )      24   0.001%  99.996% 
[    2000,    2500 )      43   0.003%  99.999% 
[    2500,    3000 )      11   0.001%  99.999% 
[    3000,    3500 )       5   0.000% 100.000% 
[    3500,    4000 )       2   0.000% 100.000% 
[    4000,    4500 )       1   0.000% 100.000% 
[    5000,    6000 )       1   0.000% 100.000% 
[    6000,    7000 )       1   0.000% 100.000% 

Waiting 30s before performing transactions......

Avg CPU utilization (percent): 25.96

Starting performing transactions......

# Run duration (ms): 0.282661
# Run operations:	1000
# Run throughput (KOPS): 3.5378
Count: 1000  Average: 282.3071  StdDev: 10.87
Percentiles(us): P50: 275.91 P90: 296.63 P99: 340.32 P99.9: 422.38 P99.99: 422.38
------------------------------------------------------
[     250,     300 )     965  96.500%  96.500% ###################
[     300,     350 )      31   3.100%  99.600% #
[     350,     400 )       1   0.100%  99.700% 
[     400,     450 )       3   0.300% 100.000% 


Avg CPU utilization (percent): 20.00

