
nofdb	workloads/workloadb.spec	50
# Load duration (sec): 1768.39
# Loading records:	200000000
# Load throughput (KOPS): 113.097
Count: 200000000  Average: 439.4721  StdDev: 11913.41
Percentiles(us): P50: 233.72 P90: 635.79 P99: 2816.73 P99.9: 17058.40 P99.99: 82701.55
------------------------------------------------------
[      60,      70 )      88   0.000%   0.000% 
[      70,      80 )    1254   0.001%   0.001% 
[      80,      90 )    4704   0.002%   0.003% 
[      90,     100 )    9311   0.005%   0.008% 
[     100,     120 ) 28827108  14.414%  14.421% ###
[     120,     140 ) 19899341   9.950%  24.371% ##
[     140,     160 ) 9139444   4.570%  28.941% #
[     160,     180 ) 8175979   4.088%  33.029% #
[     180,     200 ) 7483704   3.742%  36.770% #
[     200,     250 ) 39230791  19.615%  56.386% ####
[     250,     300 ) 21425732  10.713%  67.099% ##
[     300,     350 ) 14216342   7.108%  74.207% #
[     350,     400 ) 9832965   4.916%  79.123% #
[     400,     450 ) 6623823   3.312%  82.435% #
[     450,     500 ) 5165813   2.583%  85.018% #
[     500,     600 ) 8089167   4.045%  89.063% #
[     600,     700 ) 5237352   2.619%  91.681% #
[     700,     800 ) 3554239   1.777%  93.459% 
[     800,     900 ) 2419466   1.210%  94.668% 
[     900,    1000 ) 1733589   0.867%  95.535% 
[    1000,    1200 ) 2202660   1.101%  96.636% 
[    1200,    1400 ) 1319451   0.660%  97.296% 
[    1400,    1600 )  905883   0.453%  97.749% 
[    1600,    1800 )  672620   0.336%  98.085% 
[    1800,    2000 )  535822   0.268%  98.353% 
[    2000,    2500 )  939331   0.470%  98.823% 
[    2500,    3000 )  558863   0.279%  99.102% 
[    3000,    3500 )  350305   0.175%  99.278% 
[    3500,    4000 )  234111   0.117%  99.395% 
[    4000,    4500 )  167032   0.084%  99.478% 
[    4500,    5000 )  124601   0.062%  99.540% 
[    5000,    6000 )  175666   0.088%  99.628% 
[    6000,    7000 )  121058   0.061%  99.689% 
[    7000,    8000 )   91916   0.046%  99.735% 
[    8000,    9000 )   73122   0.037%  99.771% 
[    9000,   10000 )   57972   0.029%  99.800% 
[   10000,   12000 )   79524   0.040%  99.840% 
[   12000,   14000 )   61359   0.031%  99.871% 
[   14000,   16000 )   42434   0.021%  99.892% 
[   16000,   18000 )   30344   0.015%  99.907% 
[   18000,   20000 )   22319   0.011%  99.918% 
[   20000,   25000 )   43197   0.022%  99.940% 
[   25000,   30000 )   27980   0.014%  99.954% 
[   30000,   35000 )   17200   0.009%  99.962% 
[   35000,   40000 )   13076   0.007%  99.969% 
[   40000,   45000 )    9886   0.005%  99.974% 
[   45000,   50000 )    8057   0.004%  99.978% 
[   50000,   60000 )   11240   0.006%  99.984% 
[   60000,   70000 )    7074   0.004%  99.987% 
[   70000,   80000 )    4864   0.002%  99.990% 
[   80000,   90000 )    3039   0.002%  99.991% 
[   90000,  100000 )    2958   0.001%  99.993% 
[  100000,  120000 )    4209   0.002%  99.995% 
[  120000,  140000 )    3408   0.002%  99.996% 
[  140000,  160000 )    1239   0.001%  99.997% 
[  160000,  180000 )     670   0.000%  99.997% 
[  180000,  200000 )     243   0.000%  99.997% 
[  200000,  250000 )     650   0.000%  99.998% 
[  250000,  300000 )     281   0.000%  99.998% 
[  300000,  350000 )     280   0.000%  99.998% 
[  350000,  400000 )     136   0.000%  99.998% 
[  400000,  450000 )     153   0.000%  99.998% 
[  450000,  500000 )     134   0.000%  99.998% 
[  500000,  600000 )     357   0.000%  99.998% 
[  600000,  700000 )     166   0.000%  99.999% 
[  700000,  800000 )     166   0.000%  99.999% 
[  800000,  900000 )      57   0.000%  99.999% 
[  900000, 1000000 )      60   0.000%  99.999% 
[ 1000000, 1200000 )      65   0.000%  99.999% 
[ 1200000, 1400000 )     653   0.000%  99.999% 
[ 1400000, 1600000 )     682   0.000%  99.999% 
[ 1600000, 1800000 )     468   0.000% 100.000% 
[ 1800000, 2000000 )     191   0.000% 100.000% 
[ 2000000, 2500000 )     173   0.000% 100.000% 
[ 3000000, 3500000 )     100   0.000% 100.000% 
[ 3500000, 4000000 )      33   0.000% 100.000% 
[ 6000000, 7000000 )     100   0.000% 100.000% 
[ 7000000, 8000000 )      50   0.000% 100.000% 
[ 10000000, 12000000 )     100   0.000% 100.000% 


# Run duration (sec): 1723.72
# Run operations:	200000000
# Run throughput (KOPS): 116.028
Count: 200000000  Average: 426.8731  StdDev: 12974.51
Percentiles(us): P50: 126.46 P90: 462.71 P99: 1261.87 P99.9: 41414.95 P99.99: 408693.98
------------------------------------------------------
[      30,      35 )       3   0.000%   0.000% 
[      35,      40 )   16656   0.008%   0.008% 
[      40,      45 ) 1910968   0.955%   0.964% 
[      45,      50 ) 11733884   5.867%   6.831% #
[      50,      60 ) 39083392  19.542%  26.372% ####
[      60,      70 ) 15981464   7.991%  34.363% ##
[      70,      80 ) 6471877   3.236%  37.599% #
[      80,      90 ) 6098911   3.049%  40.649% #
[      90,     100 ) 5569184   2.785%  43.433% #
[     100,     120 ) 9655250   4.828%  48.261% #
[     120,     140 ) 10762079   5.381%  53.642% #
[     140,     160 ) 6723721   3.362%  57.004% #
[     160,     180 ) 5873408   2.937%  59.940% #
[     180,     200 ) 10014416   5.007%  64.948% #
[     200,     250 ) 17815465   8.908%  73.855% ##
[     250,     300 ) 11239776   5.620%  79.475% #
[     300,     350 ) 8429592   4.215%  83.690% #
[     350,     400 ) 6524757   3.262%  86.952% #
[     400,     450 ) 5076412   2.538%  89.491% #
[     450,     500 ) 4008325   2.004%  91.495% 
[     500,     600 ) 5642821   2.821%  94.316% #
[     600,     700 ) 3400006   1.700%  96.016% 
[     700,     800 ) 2124854   1.062%  97.079% 
[     800,     900 ) 1399156   0.700%  97.778% 
[     900,    1000 )  973409   0.487%  98.265% 
[    1000,    1200 ) 1256516   0.628%  98.893% 
[    1200,    1400 )  690803   0.345%  99.239% 
[    1400,    1600 )  359862   0.180%  99.418% 
[    1600,    1800 )  184401   0.092%  99.511% 
[    1800,    2000 )   99326   0.050%  99.560% 
[    2000,    2500 )  113657   0.057%  99.617% 
[    2500,    3000 )   51662   0.026%  99.643% 
[    3000,    3500 )   27666   0.014%  99.657% 
[    3500,    4000 )   18494   0.009%  99.666% 
[    4000,    4500 )   16583   0.008%  99.674% 
[    4500,    5000 )   16762   0.008%  99.683% 
[    5000,    6000 )   35674   0.018%  99.701% 
[    6000,    7000 )   39740   0.020%  99.720% 
[    7000,    8000 )   45271   0.023%  99.743% 
[    8000,    9000 )   39456   0.020%  99.763% 
[    9000,   10000 )   39092   0.020%  99.782% 
[   10000,   12000 )   30118   0.015%  99.797% 
[   12000,   14000 )   21284   0.011%  99.808% 
[   14000,   16000 )   18315   0.009%  99.817% 
[   16000,   18000 )   14467   0.007%  99.824% 
[   18000,   20000 )   10141   0.005%  99.830% 
[   20000,   25000 )   25447   0.013%  99.842% 
[   25000,   30000 )   20370   0.010%  99.852% 
[   30000,   35000 )   26880   0.013%  99.866% 
[   35000,   40000 )   59188   0.030%  99.895% 
[   40000,   45000 )   31941   0.016%  99.911% 
[   45000,   50000 )   22838   0.011%  99.923% 
[   50000,   60000 )   17184   0.009%  99.931% 
[   60000,   70000 )   10332   0.005%  99.937% 
[   70000,   80000 )   15126   0.008%  99.944% 
[   80000,   90000 )   17692   0.009%  99.953% 
[   90000,  100000 )    9432   0.005%  99.958% 
[  100000,  120000 )    8380   0.004%  99.962% 
[  120000,  140000 )    3944   0.002%  99.964% 
[  140000,  160000 )    6366   0.003%  99.967% 
[  160000,  180000 )   10283   0.005%  99.972% 
[  180000,  200000 )    5989   0.003%  99.975% 
[  200000,  250000 )    8979   0.004%  99.980% 
[  250000,  300000 )    9011   0.005%  99.984% 
[  300000,  350000 )    6131   0.003%  99.987% 
[  350000,  400000 )    4732   0.002%  99.990% 
[  400000,  450000 )    3905   0.002%  99.992% 
[  450000,  500000 )    2553   0.001%  99.993% 
[  500000,  600000 )    4050   0.002%  99.995% 
[  600000,  700000 )    2636   0.001%  99.996% 
[  700000,  800000 )    1993   0.001%  99.997% 
[  800000,  900000 )    1377   0.001%  99.998% 
[  900000, 1000000 )     993   0.000%  99.998% 
[ 1000000, 1200000 )    1284   0.001%  99.999% 
[ 1200000, 1400000 )     659   0.000%  99.999% 
[ 1400000, 1600000 )     344   0.000% 100.000% 
[ 1600000, 1800000 )     164   0.000% 100.000% 
[ 1800000, 2000000 )     145   0.000% 100.000% 
[ 2000000, 2500000 )     176   0.000% 100.000% 
[ 2500000, 3000000 )      82   0.000% 100.000% 
[ 3000000, 3500000 )      50   0.000% 100.000% 
[ 3500000, 4000000 )      44   0.000% 100.000% 
[ 4000000, 4500000 )      31   0.000% 100.000% 
[ 4500000, 5000000 )      28   0.000% 100.000% 
[ 5000000, 6000000 )      44   0.000% 100.000% 
[ 6000000, 7000000 )      28   0.000% 100.000% 
[ 7000000, 8000000 )      14   0.000% 100.000% 
[ 8000000, 9000000 )      11   0.000% 100.000% 
[ 9000000, 10000000 )      20   0.000% 100.000% 
[ 10000000, 12000000 )      23   0.000% 100.000% 
[ 12000000, 14000000 )       8   0.000% 100.000% 
[ 14000000, 16000000 )       6   0.000% 100.000% 
[ 16000000, 18000000 )       5   0.000% 100.000% 
[ 18000000, 20000000 )       5   0.000% 100.000% 
[ 20000000, 25000000 )       1   0.000% 100.000% 

Read info: 
Count: 189999058  Average: 420.6867  StdDev: 13086.78
Percentiles(us): P50: 120.17 P90: 445.39 P99: 1203.29 P99.9: 41583.85 P99.99: 411326.04
------------------------------------------------------
[      30,      35 )       3   0.000%   0.000% 
[      35,      40 )   16656   0.009%   0.009% 
[      40,      45 ) 1910968   1.006%   1.015% 
[      45,      50 ) 11733884   6.176%   7.190% #
[      50,      60 ) 39083392  20.570%  27.761% ####
[      60,      70 ) 15981462   8.411%  36.172% ##
[      70,      80 ) 6471795   3.406%  39.578% #
[      80,      90 ) 6098671   3.210%  42.788% #
[      90,     100 ) 5568904   2.931%  45.719% #
[     100,     120 ) 8052623   4.238%  49.957% #
[     120,     140 ) 9579147   5.042%  54.999% #
[     140,     160 ) 6367637   3.351%  58.350% #
[     160,     180 ) 5577131   2.935%  61.286% #
[     180,     200 ) 9691870   5.101%  66.387% #
[     200,     250 ) 15934521   8.387%  74.773% ##
[     250,     300 ) 10525299   5.540%  80.313% #
[     300,     350 ) 7913661   4.165%  84.478% #
[     350,     400 ) 6155104   3.240%  87.718% #
[     400,     450 ) 4776618   2.514%  90.232% #
[     450,     500 ) 3741814   1.969%  92.201% 
[     500,     600 ) 5181039   2.727%  94.928% #
[     600,     700 ) 3029550   1.595%  96.522% 
[     700,     800 ) 1824519   0.960%  97.483% 
[     800,     900 ) 1150964   0.606%  98.089% 
[     900,    1000 )  766397   0.403%  98.492% 
[    1000,    1200 )  956597   0.503%  98.995% 
[    1200,    1400 )  537397   0.283%  99.278% 
[    1400,    1600 )  293251   0.154%  99.433% 
[    1600,    1800 )  156876   0.083%  99.515% 
[    1800,    2000 )   87312   0.046%  99.561% 
[    2000,    2500 )  103379   0.054%  99.615% 
[    2500,    3000 )   48052   0.025%  99.641% 
[    3000,    3500 )   25919   0.014%  99.654% 
[    3500,    4000 )   17485   0.009%  99.664% 
[    4000,    4500 )   15774   0.008%  99.672% 
[    4500,    5000 )   16021   0.008%  99.680% 
[    5000,    6000 )   34079   0.018%  99.698% 
[    6000,    7000 )   38083   0.020%  99.718% 
[    7000,    8000 )   43409   0.023%  99.741% 
[    8000,    9000 )   37800   0.020%  99.761% 
[    9000,   10000 )   37608   0.020%  99.781% 
[   10000,   12000 )   28658   0.015%  99.796% 
[   12000,   14000 )   20378   0.011%  99.807% 
[   14000,   16000 )   17560   0.009%  99.816% 
[   16000,   18000 )   13864   0.007%  99.823% 
[   18000,   20000 )    9725   0.005%  99.828% 
[   20000,   25000 )   24452   0.013%  99.841% 
[   25000,   30000 )   19536   0.010%  99.851% 
[   30000,   35000 )   25690   0.014%  99.865% 
[   35000,   40000 )   56840   0.030%  99.895% 
[   40000,   45000 )   30574   0.016%  99.911% 
[   45000,   50000 )   21875   0.012%  99.923% 
[   50000,   60000 )   16435   0.009%  99.931% 
[   60000,   70000 )    9881   0.005%  99.936% 
[   70000,   80000 )   14433   0.008%  99.944% 
[   80000,   90000 )   16815   0.009%  99.953% 
[   90000,  100000 )    8956   0.005%  99.958% 
[  100000,  120000 )    7973   0.004%  99.962% 
[  120000,  140000 )    3745   0.002%  99.964% 
[  140000,  160000 )    6079   0.003%  99.967% 
[  160000,  180000 )    9820   0.005%  99.972% 
[  180000,  200000 )    5684   0.003%  99.975% 
[  200000,  250000 )    8578   0.005%  99.980% 
[  250000,  300000 )    8611   0.005%  99.984% 
[  300000,  350000 )    5848   0.003%  99.987% 
[  350000,  400000 )    4529   0.002%  99.990% 
[  400000,  450000 )    3744   0.002%  99.992% 
[  450000,  500000 )    2454   0.001%  99.993% 
[  500000,  600000 )    3893   0.002%  99.995% 
[  600000,  700000 )    2528   0.001%  99.996% 
[  700000,  800000 )    1914   0.001%  99.997% 
[  800000,  900000 )    1317   0.001%  99.998% 
[  900000, 1000000 )     950   0.001%  99.998% 
[ 1000000, 1200000 )    1237   0.001%  99.999% 
[ 1200000, 1400000 )     632   0.000%  99.999% 
[ 1400000, 1600000 )     326   0.000% 100.000% 
[ 1600000, 1800000 )     159   0.000% 100.000% 
[ 1800000, 2000000 )     141   0.000% 100.000% 
[ 2000000, 2500000 )     166   0.000% 100.000% 
[ 2500000, 3000000 )      80   0.000% 100.000% 
[ 3000000, 3500000 )      48   0.000% 100.000% 
[ 3500000, 4000000 )      44   0.000% 100.000% 
[ 4000000, 4500000 )      28   0.000% 100.000% 
[ 4500000, 5000000 )      26   0.000% 100.000% 
[ 5000000, 6000000 )      44   0.000% 100.000% 
[ 6000000, 7000000 )      26   0.000% 100.000% 
[ 7000000, 8000000 )      14   0.000% 100.000% 
[ 8000000, 9000000 )      11   0.000% 100.000% 
[ 9000000, 10000000 )      19   0.000% 100.000% 
[ 10000000, 12000000 )      23   0.000% 100.000% 
[ 12000000, 14000000 )       7   0.000% 100.000% 
[ 14000000, 16000000 )       6   0.000% 100.000% 
[ 16000000, 18000000 )       5   0.000% 100.000% 
[ 18000000, 20000000 )       5   0.000% 100.000% 
[ 20000000, 25000000 )       1   0.000% 100.000% 

Write info: 
Count: 10000942  Average: 544.4042  StdDev: 10617.73
Percentiles(us): P50: 232.95 P90: 824.13 P99: 1554.48 P99.9: 38624.48 P99.99: 358351.18
------------------------------------------------------
[      60,      70 )       2   0.000%   0.000% 
[      70,      80 )      82   0.001%   0.001% 
[      80,      90 )     240   0.002%   0.003% 
[      90,     100 )     280   0.003%   0.006% 
[     100,     120 ) 1602627  16.025%  16.031% ###
[     120,     140 ) 1182932  11.828%  27.859% ##
[     140,     160 )  356084   3.561%  31.420% #
[     160,     180 )  296277   2.962%  34.382% #
[     180,     200 )  322546   3.225%  37.607% #
[     200,     250 ) 1880944  18.808%  56.415% ####
[     250,     300 )  714477   7.144%  63.559% #
[     300,     350 )  515931   5.159%  68.718% #
[     350,     400 )  369653   3.696%  72.414% #
[     400,     450 )  299794   2.998%  75.412% #
[     450,     500 )  266511   2.665%  78.076% #
[     500,     600 )  461782   4.617%  82.694% #
[     600,     700 )  370456   3.704%  86.398% #
[     700,     800 )  300335   3.003%  89.401% #
[     800,     900 )  248192   2.482%  91.883% 
[     900,    1000 )  207012   2.070%  93.953% 
[    1000,    1200 )  299919   2.999%  96.952% #
[    1200,    1400 )  153406   1.534%  98.486% 
[    1400,    1600 )   66611   0.666%  99.152% 
[    1600,    1800 )   27525   0.275%  99.427% 
[    1800,    2000 )   12014   0.120%  99.547% 
[    2000,    2500 )   10278   0.103%  99.650% 
[    2500,    3000 )    3610   0.036%  99.686% 
[    3000,    3500 )    1747   0.017%  99.703% 
[    3500,    4000 )    1009   0.010%  99.713% 
[    4000,    4500 )     809   0.008%  99.721% 
[    4500,    5000 )     741   0.007%  99.729% 
[    5000,    6000 )    1595   0.016%  99.745% 
[    6000,    7000 )    1657   0.017%  99.761% 
[    7000,    8000 )    1862   0.019%  99.780% 
[    8000,    9000 )    1656   0.017%  99.797% 
[    9000,   10000 )    1484   0.015%  99.811% 
[   10000,   12000 )    1460   0.015%  99.826% 
[   12000,   14000 )     906   0.009%  99.835% 
[   14000,   16000 )     755   0.008%  99.843% 
[   16000,   18000 )     603   0.006%  99.849% 
[   18000,   20000 )     416   0.004%  99.853% 
[   20000,   25000 )     995   0.010%  99.863% 
[   25000,   30000 )     834   0.008%  99.871% 
[   30000,   35000 )    1190   0.012%  99.883% 
[   35000,   40000 )    2348   0.023%  99.906% 
[   40000,   45000 )    1367   0.014%  99.920% 
[   45000,   50000 )     963   0.010%  99.930% 
[   50000,   60000 )     749   0.007%  99.937% 
[   60000,   70000 )     451   0.005%  99.942% 
[   70000,   80000 )     693   0.007%  99.949% 
[   80000,   90000 )     877   0.009%  99.957% 
[   90000,  100000 )     476   0.005%  99.962% 
[  100000,  120000 )     407   0.004%  99.966% 
[  120000,  140000 )     199   0.002%  99.968% 
[  140000,  160000 )     287   0.003%  99.971% 
[  160000,  180000 )     463   0.005%  99.976% 
[  180000,  200000 )     305   0.003%  99.979% 
[  200000,  250000 )     401   0.004%  99.983% 
[  250000,  300000 )     400   0.004%  99.987% 
[  300000,  350000 )     283   0.003%  99.990% 
[  350000,  400000 )     203   0.002%  99.992% 
[  400000,  450000 )     161   0.002%  99.993% 
[  450000,  500000 )      99   0.001%  99.994% 
[  500000,  600000 )     157   0.002%  99.996% 
[  600000,  700000 )     108   0.001%  99.997% 
[  700000,  800000 )      79   0.001%  99.998% 
[  800000,  900000 )      60   0.001%  99.998% 
[  900000, 1000000 )      43   0.000%  99.999% 
[ 1000000, 1200000 )      47   0.000%  99.999% 
[ 1200000, 1400000 )      27   0.000% 100.000% 
[ 1400000, 1600000 )      18   0.000% 100.000% 
[ 1600000, 1800000 )       5   0.000% 100.000% 
[ 1800000, 2000000 )       4   0.000% 100.000% 
[ 2000000, 2500000 )      10   0.000% 100.000% 
[ 2500000, 3000000 )       2   0.000% 100.000% 
[ 3000000, 3500000 )       2   0.000% 100.000% 
[ 4000000, 4500000 )       3   0.000% 100.000% 
[ 4500000, 5000000 )       2   0.000% 100.000% 
[ 6000000, 7000000 )       2   0.000% 100.000% 
[ 9000000, 10000000 )       1   0.000% 100.000% 
[ 12000000, 14000000 )       1   0.000% 100.000% 


