
nofdb	workloads/workloadd.spec	50
# Load duration (sec): 1767.84
# Loading records:	200000000
# Load throughput (KOPS): 113.133
Count: 200000000  Average: 440.9272  StdDev: 21902.83
Percentiles(us): P50: 233.76 P90: 571.66 P99: 2665.75 P99.9: 17163.14 P99.99: 75633.66
------------------------------------------------------
[      50,      60 )       1   0.000%   0.000% 
[      60,      70 )      97   0.000%   0.000% 
[      70,      80 )    1091   0.001%   0.001% 
[      80,      90 )    3925   0.002%   0.003% 
[      90,     100 )    7346   0.004%   0.006% 
[     100,     120 ) 23978609  11.989%  11.996% ##
[     120,     140 ) 22998132  11.499%  23.495% ##
[     140,     160 ) 9704854   4.852%  28.347% #
[     160,     180 ) 9197482   4.599%  32.946% #
[     180,     200 ) 7710525   3.855%  36.801% #
[     200,     250 ) 39095394  19.548%  56.349% ####
[     250,     300 ) 22831117  11.416%  67.764% ##
[     300,     350 ) 15408693   7.704%  75.469% ##
[     350,     400 ) 10705338   5.353%  80.821% #
[     400,     450 ) 7047373   3.524%  84.345% #
[     450,     500 ) 5436683   2.718%  87.063% #
[     500,     600 ) 8196207   4.098%  91.161% #
[     600,     700 ) 4980165   2.490%  93.652% 
[     700,     800 ) 3111552   1.556%  95.207% 
[     800,     900 ) 1918173   0.959%  96.166% 
[     900,    1000 ) 1276395   0.638%  96.805% 
[    1000,    1200 ) 1465371   0.733%  97.537% 
[    1200,    1400 )  810069   0.405%  97.942% 
[    1400,    1600 )  542530   0.271%  98.214% 
[    1600,    1800 )  405486   0.203%  98.416% 
[    1800,    2000 )  340615   0.170%  98.587% 
[    2000,    2500 )  675685   0.338%  98.924% 
[    2500,    3000 )  455789   0.228%  99.152% 
[    3000,    3500 )  302206   0.151%  99.303% 
[    3500,    4000 )  214052   0.107%  99.410% 
[    4000,    4500 )  157583   0.079%  99.489% 
[    4500,    5000 )  121502   0.061%  99.550% 
[    5000,    6000 )  175689   0.088%  99.638% 
[    6000,    7000 )  119743   0.060%  99.698% 
[    7000,    8000 )   87491   0.044%  99.741% 
[    8000,    9000 )   66359   0.033%  99.775% 
[    9000,   10000 )   51265   0.026%  99.800% 
[   10000,   12000 )   68691   0.034%  99.835% 
[   12000,   14000 )   60457   0.030%  99.865% 
[   14000,   16000 )   51015   0.026%  99.890% 
[   16000,   18000 )   33100   0.017%  99.907% 
[   18000,   20000 )   21988   0.011%  99.918% 
[   20000,   25000 )   41389   0.021%  99.939% 
[   25000,   30000 )   30448   0.015%  99.954% 
[   30000,   35000 )   19332   0.010%  99.964% 
[   35000,   40000 )   12629   0.006%  99.970% 
[   40000,   45000 )   10081   0.005%  99.975% 
[   45000,   50000 )    8202   0.004%  99.979% 
[   50000,   60000 )   12282   0.006%  99.985% 
[   60000,   70000 )    6994   0.003%  99.989% 
[   70000,   80000 )    4979   0.002%  99.991% 
[   80000,   90000 )    3938   0.002%  99.993% 
[   90000,  100000 )    3035   0.002%  99.995% 
[  100000,  120000 )    2419   0.001%  99.996% 
[  120000,  140000 )    2005   0.001%  99.997% 
[  140000,  160000 )     886   0.000%  99.997% 
[  160000,  180000 )     463   0.000%  99.997% 
[  180000,  200000 )      81   0.000%  99.998% 
[  200000,  250000 )     305   0.000%  99.998% 
[  250000,  300000 )     473   0.000%  99.998% 
[  300000,  350000 )     205   0.000%  99.998% 
[  350000,  400000 )     115   0.000%  99.998% 
[  400000,  450000 )      29   0.000%  99.998% 
[  450000,  500000 )      88   0.000%  99.998% 
[  500000,  600000 )     310   0.000%  99.998% 
[  600000,  700000 )      60   0.000%  99.998% 
[  700000,  800000 )      85   0.000%  99.998% 
[  800000,  900000 )      53   0.000%  99.998% 
[  900000, 1000000 )     115   0.000%  99.998% 
[ 1000000, 1200000 )     225   0.000%  99.999% 
[ 1200000, 1400000 )     646   0.000%  99.999% 
[ 1400000, 1600000 )     619   0.000%  99.999% 
[ 1600000, 1800000 )     382   0.000%  99.999% 
[ 1800000, 2000000 )     361   0.000% 100.000% 
[ 2000000, 2500000 )     115   0.000% 100.000% 
[ 2500000, 3000000 )      36   0.000% 100.000% 
[ 3000000, 3500000 )      92   0.000% 100.000% 
[ 3500000, 4000000 )      62   0.000% 100.000% 
[ 4000000, 4500000 )      23   0.000% 100.000% 
[ 5000000, 6000000 )      50   0.000% 100.000% 
[ 6000000, 7000000 )     150   0.000% 100.000% 
[ 7000000, 8000000 )      50   0.000% 100.000% 
[ 8000000, 9000000 )      50   0.000% 100.000% 
[ 9000000, 10000000 )      50   0.000% 100.000% 
[ 10000000, 12000000 )     100   0.000% 100.000% 
[ 14000000, 16000000 )      50   0.000% 100.000% 
[ 20000000, 25000000 )     100   0.000% 100.000% 


# Run duration (sec): 2187.1
# Run operations:	200000000
# Run throughput (KOPS): 91.4451
Count: 200000000  Average: 542.8990  StdDev: 11545.17
Percentiles(us): P50: 113.73 P90: 476.10 P99: 989.92 P99.9: 91499.17 P99.99: 488056.30
------------------------------------------------------
[      30,      35 )       1   0.000%   0.000% 
[      35,      40 )    4631   0.002%   0.002% 
[      40,      45 )  829414   0.415%   0.417% 
[      45,      50 ) 6375682   3.188%   3.605% #
[      50,      60 ) 42227998  21.114%  24.719% ####
[      60,      70 ) 24438940  12.219%  36.938% ##
[      70,      80 ) 7884850   3.942%  40.881% #
[      80,      90 ) 6199640   3.100%  43.981% #
[      90,     100 ) 5742646   2.871%  46.852% #
[     100,     120 ) 9168543   4.584%  51.436% #
[     120,     140 ) 10574490   5.287%  56.723% #
[     140,     160 ) 6208333   3.104%  59.828% #
[     160,     180 ) 5332603   2.666%  62.494% #
[     180,     200 ) 6198127   3.099%  65.593% #
[     200,     250 ) 15265952   7.633%  73.226% ##
[     250,     300 ) 10062119   5.031%  78.257% #
[     300,     350 ) 8309730   4.155%  82.412% #
[     350,     400 ) 6951820   3.476%  85.888% #
[     400,     450 ) 5753954   2.877%  88.765% #
[     450,     500 ) 4732818   2.366%  91.131% 
[     500,     600 ) 6923228   3.462%  94.593% #
[     600,     700 ) 4296616   2.148%  96.741% 
[     700,     800 ) 2493189   1.247%  97.988% 
[     800,     900 ) 1367743   0.684%  98.672% 
[     900,    1000 )  730611   0.365%  99.037% 
[    1000,    1200 )  599445   0.300%  99.337% 
[    1200,    1400 )  198633   0.099%  99.436% 
[    1400,    1600 )   84585   0.042%  99.478% 
[    1600,    1800 )   46037   0.023%  99.501% 
[    1800,    2000 )   30704   0.015%  99.517% 
[    2000,    2500 )   46213   0.023%  99.540% 
[    2500,    3000 )   26495   0.013%  99.553% 
[    3000,    3500 )   17503   0.009%  99.562% 
[    3500,    4000 )   14397   0.007%  99.569% 
[    4000,    4500 )   13868   0.007%  99.576% 
[    4500,    5000 )   13456   0.007%  99.583% 
[    5000,    6000 )   29584   0.015%  99.597% 
[    6000,    7000 )   34403   0.017%  99.615% 
[    7000,    8000 )   33760   0.017%  99.631% 
[    8000,    9000 )   32935   0.016%  99.648% 
[    9000,   10000 )   31830   0.016%  99.664% 
[   10000,   12000 )   48348   0.024%  99.688% 
[   12000,   14000 )   45031   0.023%  99.710% 
[   14000,   16000 )   37950   0.019%  99.729% 
[   16000,   18000 )   21357   0.011%  99.740% 
[   18000,   20000 )   14902   0.007%  99.748% 
[   20000,   25000 )   33855   0.017%  99.764% 
[   25000,   30000 )   30823   0.015%  99.780% 
[   30000,   35000 )   40726   0.020%  99.800% 
[   35000,   40000 )   49072   0.025%  99.825% 
[   40000,   45000 )   31345   0.016%  99.840% 
[   45000,   50000 )   22844   0.011%  99.852% 
[   50000,   60000 )   23629   0.012%  99.864% 
[   60000,   70000 )   16183   0.008%  99.872% 
[   70000,   80000 )   25867   0.013%  99.885% 
[   80000,   90000 )   26729   0.013%  99.898% 
[   90000,  100000 )   25434   0.013%  99.911% 
[  100000,  120000 )   32175   0.016%  99.927% 
[  120000,  140000 )   13102   0.007%  99.933% 
[  140000,  160000 )   11573   0.006%  99.939% 
[  160000,  180000 )   13909   0.007%  99.946% 
[  180000,  200000 )   12460   0.006%  99.952% 
[  200000,  250000 )   27028   0.014%  99.966% 
[  250000,  300000 )   14539   0.007%  99.973% 
[  300000,  350000 )   14570   0.007%  99.980% 
[  350000,  400000 )    8215   0.004%  99.985% 
[  400000,  450000 )    7131   0.004%  99.988% 
[  450000,  500000 )    4831   0.002%  99.991% 
[  500000,  600000 )    6504   0.003%  99.994% 
[  600000,  700000 )    4148   0.002%  99.996% 
[  700000,  800000 )    2504   0.001%  99.997% 
[  800000,  900000 )    1671   0.001%  99.998% 
[  900000, 1000000 )    1202   0.001%  99.999% 
[ 1000000, 1200000 )    1285   0.001%  99.999% 
[ 1200000, 1400000 )     586   0.000% 100.000% 
[ 1400000, 1600000 )     359   0.000% 100.000% 
[ 1600000, 1800000 )     190   0.000% 100.000% 
[ 1800000, 2000000 )     113   0.000% 100.000% 
[ 2000000, 2500000 )     106   0.000% 100.000% 
[ 2500000, 3000000 )      60   0.000% 100.000% 
[ 3000000, 3500000 )      30   0.000% 100.000% 
[ 3500000, 4000000 )      32   0.000% 100.000% 
[ 4000000, 4500000 )      19   0.000% 100.000% 
[ 4500000, 5000000 )      11   0.000% 100.000% 
[ 5000000, 6000000 )       4   0.000% 100.000% 
[ 6000000, 7000000 )       5   0.000% 100.000% 
[ 7000000, 8000000 )       2   0.000% 100.000% 
[ 9000000, 10000000 )       2   0.000% 100.000% 
[ 10000000, 12000000 )       7   0.000% 100.000% 
[ 12000000, 14000000 )       3   0.000% 100.000% 
[ 14000000, 16000000 )       3   0.000% 100.000% 

Read info: 
Count: 189998873  Average: 539.4880  StdDev: 11576.61
Percentiles(us): P50: 103.31 P90: 469.91 P99: 983.20 P99.9: 91719.51 P99.99: 488718.95
------------------------------------------------------
[      30,      35 )       1   0.000%   0.000% 
[      35,      40 )    4631   0.002%   0.002% 
[      40,      45 )  829414   0.437%   0.439% 
[      45,      50 ) 6375682   3.356%   3.795% #
[      50,      60 ) 42227998  22.225%  26.020% ####
[      60,      70 ) 24438939  12.863%  38.883% ###
[      70,      80 ) 7884787   4.150%  43.033% #
[      80,      90 ) 6199419   3.263%  46.295% #
[      90,     100 ) 5742473   3.022%  49.318% #
[     100,     120 ) 7840544   4.127%  53.444% #
[     120,     140 ) 8917729   4.694%  58.138% #
[     140,     160 ) 5849361   3.079%  61.217% #
[     160,     180 ) 4978920   2.620%  63.837% #
[     180,     200 ) 5833714   3.070%  66.908% #
[     200,     250 ) 13232039   6.964%  73.872% #
[     250,     300 ) 9285970   4.887%  78.759% #
[     300,     350 ) 7686068   4.045%  82.805% #
[     350,     400 ) 6511286   3.427%  86.232% #
[     400,     450 ) 5397308   2.841%  89.072% #
[     450,     500 ) 4427140   2.330%  91.402% 
[     500,     600 ) 6432467   3.386%  94.788% #
[     600,     700 ) 3955060   2.082%  96.869% 
[     700,     800 ) 2269779   1.195%  98.064% 
[     800,     900 ) 1233528   0.649%  98.713% 
[     900,    1000 )  654607   0.345%  99.058% 
[    1000,    1200 )  537070   0.283%  99.341% 
[    1200,    1400 )  180554   0.095%  99.436% 
[    1400,    1600 )   78316   0.041%  99.477% 
[    1600,    1800 )   43142   0.023%  99.500% 
[    1800,    2000 )   28954   0.015%  99.515% 
[    2000,    2500 )   43591   0.023%  99.538% 
[    2500,    3000 )   25092   0.013%  99.551% 
[    3000,    3500 )   16595   0.009%  99.560% 
[    3500,    4000 )   13740   0.007%  99.567% 
[    4000,    4500 )   13188   0.007%  99.574% 
[    4500,    5000 )   12819   0.007%  99.581% 
[    5000,    6000 )   28143   0.015%  99.595% 
[    6000,    7000 )   32845   0.017%  99.613% 
[    7000,    8000 )   32300   0.017%  99.630% 
[    8000,    9000 )   31454   0.017%  99.646% 
[    9000,   10000 )   30495   0.016%  99.662% 
[   10000,   12000 )   46085   0.024%  99.687% 
[   12000,   14000 )   42905   0.023%  99.709% 
[   14000,   16000 )   36308   0.019%  99.728% 
[   16000,   18000 )   20433   0.011%  99.739% 
[   18000,   20000 )   14223   0.007%  99.746% 
[   20000,   25000 )   32413   0.017%  99.764% 
[   25000,   30000 )   29490   0.016%  99.779% 
[   30000,   35000 )   38817   0.020%  99.799% 
[   35000,   40000 )   47058   0.025%  99.824% 
[   40000,   45000 )   29929   0.016%  99.840% 
[   45000,   50000 )   21878   0.012%  99.851% 
[   50000,   60000 )   22627   0.012%  99.863% 
[   60000,   70000 )   15490   0.008%  99.872% 
[   70000,   80000 )   24551   0.013%  99.884% 
[   80000,   90000 )   25341   0.013%  99.898% 
[   90000,  100000 )   24217   0.013%  99.911% 
[  100000,  120000 )   30573   0.016%  99.927% 
[  120000,  140000 )   12477   0.007%  99.933% 
[  140000,  160000 )   10982   0.006%  99.939% 
[  160000,  180000 )   13262   0.007%  99.946% 
[  180000,  200000 )   11844   0.006%  99.952% 
[  200000,  250000 )   25785   0.014%  99.966% 
[  250000,  300000 )   13868   0.007%  99.973% 
[  300000,  350000 )   13923   0.007%  99.980% 
[  350000,  400000 )    7816   0.004%  99.985% 
[  400000,  450000 )    6847   0.004%  99.988% 
[  450000,  500000 )    4609   0.002%  99.991% 
[  500000,  600000 )    6192   0.003%  99.994% 
[  600000,  700000 )    3963   0.002%  99.996% 
[  700000,  800000 )    2388   0.001%  99.997% 
[  800000,  900000 )    1585   0.001%  99.998% 
[  900000, 1000000 )    1143   0.001%  99.999% 
[ 1000000, 1200000 )    1223   0.001%  99.999% 
[ 1200000, 1400000 )     557   0.000% 100.000% 
[ 1400000, 1600000 )     347   0.000% 100.000% 
[ 1600000, 1800000 )     179   0.000% 100.000% 
[ 1800000, 2000000 )     110   0.000% 100.000% 
[ 2000000, 2500000 )     105   0.000% 100.000% 
[ 2500000, 3000000 )      58   0.000% 100.000% 
[ 3000000, 3500000 )      30   0.000% 100.000% 
[ 3500000, 4000000 )      29   0.000% 100.000% 
[ 4000000, 4500000 )      16   0.000% 100.000% 
[ 4500000, 5000000 )      10   0.000% 100.000% 
[ 5000000, 6000000 )       4   0.000% 100.000% 
[ 6000000, 7000000 )       4   0.000% 100.000% 
[ 7000000, 8000000 )       2   0.000% 100.000% 
[ 9000000, 10000000 )       2   0.000% 100.000% 
[ 10000000, 12000000 )       7   0.000% 100.000% 
[ 12000000, 14000000 )       3   0.000% 100.000% 
[ 14000000, 16000000 )       3   0.000% 100.000% 

Write info: 
Count: 10001127  Average: 607.6986  StdDev: 10930.45
Percentiles(us): P50: 223.07 P90: 581.94 P99: 1116.40 P99.9: 87470.27 P99.99: 474298.94
------------------------------------------------------
[      60,      70 )       1   0.000%   0.000% 
[      70,      80 )      63   0.001%   0.001% 
[      80,      90 )     221   0.002%   0.003% 
[      90,     100 )     173   0.002%   0.005% 
[     100,     120 ) 1327999  13.278%  13.283% ###
[     120,     140 ) 1656761  16.566%  29.849% ###
[     140,     160 )  358972   3.589%  33.438% #
[     160,     180 )  353683   3.536%  36.975% #
[     180,     200 )  364413   3.644%  40.618% #
[     200,     250 ) 2033913  20.337%  60.955% ####
[     250,     300 )  776149   7.761%  68.716% ##
[     300,     350 )  623662   6.236%  74.952% #
[     350,     400 )  440534   4.405%  79.356% #
[     400,     450 )  356646   3.566%  82.923% #
[     450,     500 )  305678   3.056%  85.979% #
[     500,     600 )  490761   4.907%  90.886% #
[     600,     700 )  341556   3.415%  94.301% #
[     700,     800 )  223410   2.234%  96.535% 
[     800,     900 )  134215   1.342%  97.877% 
[     900,    1000 )   76004   0.760%  98.637% 
[    1000,    1200 )   62375   0.624%  99.261% 
[    1200,    1400 )   18079   0.181%  99.441% 
[    1400,    1600 )    6269   0.063%  99.504% 
[    1600,    1800 )    2895   0.029%  99.533% 
[    1800,    2000 )    1750   0.017%  99.551% 
[    2000,    2500 )    2622   0.026%  99.577% 
[    2500,    3000 )    1403   0.014%  99.591% 
[    3000,    3500 )     908   0.009%  99.600% 
[    3500,    4000 )     657   0.007%  99.606% 
[    4000,    4500 )     680   0.007%  99.613% 
[    4500,    5000 )     637   0.006%  99.620% 
[    5000,    6000 )    1441   0.014%  99.634% 
[    6000,    7000 )    1558   0.016%  99.650% 
[    7000,    8000 )    1460   0.015%  99.664% 
[    8000,    9000 )    1481   0.015%  99.679% 
[    9000,   10000 )    1335   0.013%  99.692% 
[   10000,   12000 )    2263   0.023%  99.715% 
[   12000,   14000 )    2126   0.021%  99.736% 
[   14000,   16000 )    1642   0.016%  99.753% 
[   16000,   18000 )     924   0.009%  99.762% 
[   18000,   20000 )     679   0.007%  99.769% 
[   20000,   25000 )    1442   0.014%  99.783% 
[   25000,   30000 )    1333   0.013%  99.796% 
[   30000,   35000 )    1909   0.019%  99.816% 
[   35000,   40000 )    2014   0.020%  99.836% 
[   40000,   45000 )    1416   0.014%  99.850% 
[   45000,   50000 )     966   0.010%  99.860% 
[   50000,   60000 )    1002   0.010%  99.870% 
[   60000,   70000 )     693   0.007%  99.876% 
[   70000,   80000 )    1316   0.013%  99.890% 
[   80000,   90000 )    1388   0.014%  99.904% 
[   90000,  100000 )    1217   0.012%  99.916% 
[  100000,  120000 )    1602   0.016%  99.932% 
[  120000,  140000 )     625   0.006%  99.938% 
[  140000,  160000 )     591   0.006%  99.944% 
[  160000,  180000 )     647   0.006%  99.950% 
[  180000,  200000 )     616   0.006%  99.956% 
[  200000,  250000 )    1243   0.012%  99.969% 
[  250000,  300000 )     671   0.007%  99.976% 
[  300000,  350000 )     647   0.006%  99.982% 
[  350000,  400000 )     399   0.004%  99.986% 
[  400000,  450000 )     284   0.003%  99.989% 
[  450000,  500000 )     222   0.002%  99.991% 
[  500000,  600000 )     312   0.003%  99.994% 
[  600000,  700000 )     185   0.002%  99.996% 
[  700000,  800000 )     116   0.001%  99.997% 
[  800000,  900000 )      86   0.001%  99.998% 
[  900000, 1000000 )      59   0.001%  99.999% 
[ 1000000, 1200000 )      62   0.001%  99.999% 
[ 1200000, 1400000 )      29   0.000% 100.000% 
[ 1400000, 1600000 )      12   0.000% 100.000% 
[ 1600000, 1800000 )      11   0.000% 100.000% 
[ 1800000, 2000000 )       3   0.000% 100.000% 
[ 2000000, 2500000 )       1   0.000% 100.000% 
[ 2500000, 3000000 )       2   0.000% 100.000% 
[ 3500000, 4000000 )       3   0.000% 100.000% 
[ 4000000, 4500000 )       3   0.000% 100.000% 
[ 4500000, 5000000 )       1   0.000% 100.000% 
[ 6000000, 7000000 )       1   0.000% 100.000% 


