17.1
16.7
16.4
16.1
20.3
27.2
33.4
36.1
39.5
42.0
44.4
46.8
52.2
54.1
56.0
58.3
60.1
61.9
63.6
67.4
69.7
71.5
73.0
74.4
75.6
76.9
79.8
81.8
83.1
84.3
85.8
87.0
88.1
89.3
91.8
93.1
93.7
94.6
95.3
96.1
96.9
98.7
 100
 101
 102
 102
 103
 104
 105
 107
 109
 110
 110
 111
 112
 113
 114
 115
 117
 118
 119
 119
 120
 121
 122
 124
 125
 126
 126
 127
 127
 128
 129
 131
 132
 132
 133
 133
 133
 134
 135
 137
 137
 137
 137
 137
 138
 138
 139
 140
 141
 141
 141
 141
 142
 143
 144
 144
 144
 144
 145
 145
 146
 147
 148
 148
 148
 148
 148
 149
 150
 151
 151
 151
 151
 151
 152
 152
 153
 154
 154
 154
 154
 154
 155
 155
 156
 157
 157
 157
 157
 157
 158
 158
 159
 159
 159
 159
 159
 160
 161
 161
 162
 162
 162
 162
 162
 163
 163
 164
 164
 164
 164
 164
 164
 165
 165
 165
 165
 165
 165
 166
 166
 167
 167
 167
 167
 167
 167
 168
 168
 169
 169
 169
 169
 169
 170
 170
 170
 170
 170
 170
 171
 171
 171
 172
 172
 172
 172
 172
 172
 173
 173
 174
 174
 174
 174
 174
 174
 175
 175
 175
 175
 175
 175
 175
 176
 176
 177
 177
 177
 177
 177
 178
 178
 179
 179
 179
 179
 179
 179
 180
 180
 180
 181
 181
 181
 181
 181
 182
 182
 182
 182
 182
 182
 183
 183
 183
 184
 184
 184
 184
 184
 184
 184
 185
 185
 185
 185
 185
 185
 185
 186
 186
 186
 186
 186
 186
 186
 187
 187
 187
 187
 187
 187
 187
 188
 188
 188
 188
 188
 188
 188
 188
 189
 189
 189
 189
 189
 189
 189
 189
 190
 190
 190
 190
 190
 190
 190
 190
 191
 191
 191
 190
 190
 191
 191
 191
 191
 192
 191
 191
 191
 192
 192
 192
 192
 192
 192
 192
 192
 192
 192
 193
 193
 193
 193
 193
 193
 193
 194
 194
 194
 194
 194
 194
 194
 194
 194
 194
 195
 195
 195
 195
 195
 195
 196
 196
 196
 196
 196
 196
 196
 196
 196
 196
 196
 196
 197
 197
 197
 197
 197
 197
 197
 197
 198
 198
 198
 198
 198
 198
 198
 199
 199
 199
 199
 199
 199
 199
 199
 200
 200
 200
 200
 200
 200
 201
 201
 201
 201
 201
 201
 201
 201
 201
 201
 202
 202
 202
 202
 202
 202
 202
 203
 203
 203
 203
 203
 203
 203
 203
 203
 204
 203
 203
 203
 204
 204
 204
 204
 204
 204
 204
 204
 204
 204
 205
 205
 205
 205
 205
 205
 205
 205
 205
 205
 205
 205
 206
 206
 206
 206
 206
 206
 207
 207
 207
 207
 207
 207
 207
 207
 207
 207
 207
 208
 208
 208
 208
 208
 208
 208
 208
 208
 208
 209
 208
 208
 209
 209
 209
 209
 209
 209
 209
 209
 209
 209
 210
 210
 209
 209
 209
