16.7
16.4
16.1
15.8
30.4
55.0
77.3
97.0
 116
 136
 155
 173
 190
 207
 223
 238
 251
 266
 281
 296
 311
 324
 338
 352
 365
 377
 389
 400
 410
 419
 430
 440
 450
 461
 471
 479
 488
 497
 506
 515
 522
 530
 537
 545
 552
 558
 564
 571
 579
 585
 592
 597
 604
 610
 616
 621
 627
 632
 637
 642
 648
 653
 658
 663
 669
 674
 679
 685
 689
 694
 699
 703
 708
 712
 716
 721
 726
 729
 733
 738
 741
 745
 749
 753
 757
 761
 765
 769
 773
 777
 781
 785
 789
 793
 797
 801
 804
 806
 809
 813
 816
 819
 822
 825
 828
 830
 833
 837
 839
 842
 844
 847
 850
 853
 856
 859
 861
 864
 866
 868
 871
 873
 875
 877
 879
 881
 885
 887
 888
 890
 892
 894
 896
 898
 900
 901
 903
 905
 908
 909
 910
 912
 914
 915
 917
 918
 919
 921
 923
 925
 926
 928
 930
 932
 933
 935
 937
 938
 941
 942
 943
 945
 947
 948
 950
 952
 953
 955
 957
 958
 960
 962
 963
 964
 966
 967
 968
 970
 971
 972
 972
 974
 975
 976
 977
 978
 979
 981
 981
 982
 983
 984
 985
 986
 986
 988
 989
 990
 990
 992
 992
 993
 994
 995
 996
 997
 998
 999
1001
1002
1003
1004
1005
1006
1007
1009
1010
1011
1012
1013
1013
1014
1015
1016
1017
1018
1019
1020
1020
1021
1022
1023
1025
1025
1026
1027
1028
1029
1030
1030
1032
1032
1033
1033
1034
1035
1036
1037
1038
1039
1039
1040
1041
1042
1043
1043
1044
1045
1046
1046
1047
1048
1048
1049
1050
1051
1052
1053
1053
1054
1055
1055
1056
1057
1058
1059
1059
1060
1060
1061
1062
1062
1063
1064
1064
1065
1065
1066
1067
1067
1068
1068
1069
1069
1070
1070
1071
1071
1072
1072
1073
1073
1074
1074
1074
1074
1075
1075
1075
1076
1076
1077
1077
1078
1078
1079
1079
1079
1080
1080
1081
1081
1082
1082
1083
1083
1083
1083
1084
1084
1085
1085
1086
1086
1087
1088
1088
1089
1089
1090
1090
1091
1091
1091
1092
1092
1092
1093
1093
1093
1094
1094
1094
1095
1095
1095
1096
1097
1097
1098
1098
1099
1099
1100
1100
1101
1101
1101
1102
1102
1103
1103
1104
1104
1105
1105
1106
1106
1107
1107
1108
1108
1108
1109
1109
1110
1110
1110
1110
1110
1111
1111
1111
1111
1112
1112
1112
1113
1113
1113
1114
1114
1114
1115
1115
1115
1115
1116
1116
1116
1116
1116
1117
1117
1117
1118
1118
1118
1118
1119
1119
1119
1120
1120
1121
1121
1121
1121
1122
1122
1122
1122
1122
1123
1123
1123
1124
1124
1124
1125
1126
1126
1126
1127
1127
1128
1128
1129
1129
1129
1129
1129
1130
1130
1131
1131
1131
1132
1132
1133
1133
1133
1134
1134
1135
1135
1135
1136
1136
1136
1136
1137
1137
1137
1137
1137
1138
1138
1138
1138
1138
1138
1139
1139
1139
1139
1139
1140
1140
1140
1140
1140
1141
1140
1141
1141
1141
1142
1142
1142
1142
1142
1143
1143
1143
1143
1144
1144
1144
1144
1144
1145
1145
1145
1144
1145
1145
1145
1144
1143
