
nofdb	workloads/workloadc.spec	50
# Load duration (sec): 68.7646
# Loading records:	10000000
# Load throughput (KOPS): 145.424
Count: 10000000  Average: 341.3302  StdDev: 1082.93
Percentiles(us): P50: 211.62 P90: 433.23 P99: 3760.78 P99.9: 10141.84 P99.99: 28454.65
------------------------------------------------------
[      50,      60 )       3   0.000%   0.000% 
[      60,      70 )     101   0.001%   0.001% 
[      70,      80 )     343   0.003%   0.004% 
[      80,      90 )     485   0.005%   0.009% 
[      90,     100 )   28458   0.285%   0.294% 
[     100,     120 ) 2350663  23.507%  23.801% #####
[     120,     140 )  467839   4.678%  28.479% #
[     140,     160 )  704665   7.047%  35.526% #
[     160,     180 )  538516   5.385%  40.911% #
[     180,     200 )  385124   3.851%  44.762% #
[     200,     250 ) 2254159  22.542%  67.304% #####
[     250,     300 ) 1147492  11.475%  78.778% ##
[     300,     350 )  643990   6.440%  85.218% #
[     350,     400 )  340773   3.408%  88.626% #
[     400,     450 )  206751   2.068%  90.694% 
[     450,     500 )  162551   1.626%  92.319% 
[     500,     600 )  183014   1.830%  94.149% 
[     600,     700 )   96139   0.961%  95.111% 
[     700,     800 )   63183   0.632%  95.742% 
[     800,     900 )   42165   0.422%  96.164% 
[     900,    1000 )   28511   0.285%  96.449% 
[    1000,    1200 )   37528   0.375%  96.825% 
[    1200,    1400 )   27633   0.276%  97.101% 
[    1400,    1600 )   23113   0.231%  97.332% 
[    1600,    1800 )   20872   0.209%  97.541% 
[    1800,    2000 )   19434   0.194%  97.735% 
[    2000,    2500 )   43915   0.439%  98.174% 
[    2500,    3000 )   37497   0.375%  98.549% 
[    3000,    3500 )   31584   0.316%  98.865% 
[    3500,    4000 )   25882   0.259%  99.124% 
[    4000,    4500 )   20565   0.206%  99.329% 
[    4500,    5000 )   16000   0.160%  99.489% 
[    5000,    6000 )   20528   0.205%  99.695% 
[    6000,    7000 )   10507   0.105%  99.800% 
[    7000,    8000 )    4951   0.050%  99.849% 
[    8000,    9000 )    2562   0.026%  99.875% 
[    9000,   10000 )    2325   0.023%  99.898% 
[   10000,   12000 )    2524   0.025%  99.923% 
[   12000,   14000 )     882   0.009%  99.932% 
[   14000,   16000 )     614   0.006%  99.938% 
[   16000,   18000 )     499   0.005%  99.943% 
[   18000,   20000 )     570   0.006%  99.949% 
[   20000,   25000 )    3473   0.035%  99.984% 
[   25000,   30000 )     893   0.009%  99.993% 
[   30000,   35000 )     251   0.003%  99.995% 
[   35000,   40000 )      52   0.001%  99.996% 
[   40000,   45000 )       4   0.000%  99.996% 
[   45000,   50000 )       2   0.000%  99.996% 
[   60000,   70000 )      58   0.001%  99.996% 
[   70000,   80000 )     105   0.001%  99.997% 
[   80000,   90000 )      52   0.001%  99.998% 
[   90000,  100000 )      93   0.001%  99.999% 
[  100000,  120000 )      56   0.001%  99.999% 
[  120000,  140000 )       1   0.000% 100.000% 
[  180000,  200000 )      50   0.001% 100.000% 


# Run duration (sec): 71.9383
# Run operations:	10000000
# Run throughput (KOPS): 139.008
Count: 10000000  Average: 357.1403  StdDev: 650.34
Percentiles(us): P50: 223.23 P90: 507.79 P99: 3487.84 P99.9: 6913.25 P99.99: 15831.22
------------------------------------------------------
[      40,      45 )     354   0.004%   0.004% 
[      45,      50 )    3043   0.030%   0.034% 
[      50,      60 )   14374   0.144%   0.178% 
[      60,      70 )    2638   0.026%   0.204% 
[      70,      80 )    1283   0.013%   0.217% 
[      80,      90 )    3728   0.037%   0.254% 
[      90,     100 )    4084   0.041%   0.295% 
[     100,     120 )   31450   0.315%   0.610% 
[     120,     140 )  568019   5.680%   6.290% #
[     140,     160 )  719295   7.193%  13.483% #
[     160,     180 )  424277   4.243%  17.725% #
[     180,     200 ) 2526195  25.262%  42.987% #####
[     200,     250 ) 1509699  15.097%  58.084% ###
[     250,     300 ) 1532386  15.324%  73.408% ###
[     300,     350 )  666605   6.666%  80.074% #
[     350,     400 )  421610   4.216%  84.290% #
[     400,     450 )  322709   3.227%  87.517% #
[     450,     500 )  225435   2.254%  89.772% 
[     500,     600 )  293065   2.931%  92.702% #
[     600,     700 )  166391   1.664%  94.366% 
[     700,     800 )   95981   0.960%  95.326% 
[     800,     900 )   62011   0.620%  95.946% 
[     900,    1000 )   41114   0.411%  96.357% 
[    1000,    1200 )   52200   0.522%  96.879% 
[    1200,    1400 )   33766   0.338%  97.217% 
[    1400,    1600 )   25868   0.259%  97.476% 
[    1600,    1800 )   22087   0.221%  97.697% 
[    1800,    2000 )   19910   0.199%  97.896% 
[    2000,    2500 )   43603   0.436%  98.332% 
[    2500,    3000 )   36824   0.368%  98.700% 
[    3000,    3500 )   30744   0.307%  99.007% 
[    3500,    4000 )   24939   0.249%  99.257% 
[    4000,    4500 )   19561   0.196%  99.452% 
[    4500,    5000 )   15258   0.153%  99.605% 
[    5000,    6000 )   20114   0.201%  99.806% 
[    6000,    7000 )   10271   0.103%  99.909% 
[    7000,    8000 )    4679   0.047%  99.956% 
[    8000,    9000 )    1872   0.019%  99.974% 
[    9000,   10000 )     631   0.006%  99.981% 
[   10000,   12000 )     420   0.004%  99.985% 
[   12000,   14000 )     290   0.003%  99.988% 
[   14000,   16000 )     237   0.002%  99.990% 
[   16000,   18000 )     140   0.001%  99.992% 
[   18000,   20000 )     123   0.001%  99.993% 
[   20000,   25000 )     215   0.002%  99.995% 
[   25000,   30000 )     135   0.001%  99.996% 
[   30000,   35000 )      56   0.001%  99.997% 
[   35000,   40000 )     162   0.002%  99.999% 
[   40000,   45000 )     121   0.001% 100.000% 
[   45000,   50000 )      28   0.000% 100.000% 

Read info: 
Count: 10000000  Average: 357.1403  StdDev: 650.34
Percentiles(us): P50: 223.23 P90: 507.79 P99: 3487.84 P99.9: 6913.25 P99.99: 15831.22
------------------------------------------------------
[      40,      45 )     354   0.004%   0.004% 
[      45,      50 )    3043   0.030%   0.034% 
[      50,      60 )   14374   0.144%   0.178% 
[      60,      70 )    2638   0.026%   0.204% 
[      70,      80 )    1283   0.013%   0.217% 
[      80,      90 )    3728   0.037%   0.254% 
[      90,     100 )    4084   0.041%   0.295% 
[     100,     120 )   31450   0.315%   0.610% 
[     120,     140 )  568019   5.680%   6.290% #
[     140,     160 )  719295   7.193%  13.483% #
[     160,     180 )  424277   4.243%  17.725% #
[     180,     200 ) 2526195  25.262%  42.987% #####
[     200,     250 ) 1509699  15.097%  58.084% ###
[     250,     300 ) 1532386  15.324%  73.408% ###
[     300,     350 )  666605   6.666%  80.074% #
[     350,     400 )  421610   4.216%  84.290% #
[     400,     450 )  322709   3.227%  87.517% #
[     450,     500 )  225435   2.254%  89.772% 
[     500,     600 )  293065   2.931%  92.702% #
[     600,     700 )  166391   1.664%  94.366% 
[     700,     800 )   95981   0.960%  95.326% 
[     800,     900 )   62011   0.620%  95.946% 
[     900,    1000 )   41114   0.411%  96.357% 
[    1000,    1200 )   52200   0.522%  96.879% 
[    1200,    1400 )   33766   0.338%  97.217% 
[    1400,    1600 )   25868   0.259%  97.476% 
[    1600,    1800 )   22087   0.221%  97.697% 
[    1800,    2000 )   19910   0.199%  97.896% 
[    2000,    2500 )   43603   0.436%  98.332% 
[    2500,    3000 )   36824   0.368%  98.700% 
[    3000,    3500 )   30744   0.307%  99.007% 
[    3500,    4000 )   24939   0.249%  99.257% 
[    4000,    4500 )   19561   0.196%  99.452% 
[    4500,    5000 )   15258   0.153%  99.605% 
[    5000,    6000 )   20114   0.201%  99.806% 
[    6000,    7000 )   10271   0.103%  99.909% 
[    7000,    8000 )    4679   0.047%  99.956% 
[    8000,    9000 )    1872   0.019%  99.974% 
[    9000,   10000 )     631   0.006%  99.981% 
[   10000,   12000 )     420   0.004%  99.985% 
[   12000,   14000 )     290   0.003%  99.988% 
[   14000,   16000 )     237   0.002%  99.990% 
[   16000,   18000 )     140   0.001%  99.992% 
[   18000,   20000 )     123   0.001%  99.993% 
[   20000,   25000 )     215   0.002%  99.995% 
[   25000,   30000 )     135   0.001%  99.996% 
[   30000,   35000 )      56   0.001%  99.997% 
[   35000,   40000 )     162   0.002%  99.999% 
[   40000,   45000 )     121   0.001% 100.000% 
[   45000,   50000 )      28   0.000% 100.000% 

Write info: 
Count: 0  Average: 0.0000  StdDev: 0.00
Percentiles(us): P50: -nan P90: -nan P99: -nan P99.9: -nan P99.99: -nan
------------------------------------------------------


