132.2
132.3
132.2
132.2
132.1
132.1
132
132
132
131.9
131.9
131.8
131.8
131.8
131.7
131.8
131.6
131.7
131.5
131.6
131.5
131.5
131.5
131.3
131.4
131.2
131.3
131.1
131.2
131
131.1
131.2
131
131.1
130.9
131
130.8
130.9
130.8
130.8
130.8
130.7
130.7
130.7
130.6
130.6
130.5
130.5
130.4
130.4
130.4
130.4
130.3
130.3
130.2
130.2
130.1
130.2
130.1
130.1
130.1
130
130.1
129.9
130
129.8
129.9
129.8
129.8
129.8
129.7
129.7
129.7
129.6
129.6
129.6
129.5
129.6
129.4
129.5
129.4
129.4
129.4
129.3
129.3
129.3
129.2
129.2
129.1
129.2
129.2
129.1
129.1
129.1
129
129
128.9
128.9
129
128.8
128.9
128.7
128.8
128.7
128.7
128.7
128.7
128.6
128.6
128.6
128.6
128.6
128.5
128.5
128.5
128.4
128.4
128.5
128.3
128.4
128.2
128.3
128.3
128.2
128.2
128.2
128.1
128.1
128.1
128.1
128
128.1
127.9
128
127.9
127.9
127.9
127.9
127.8
127.9
127.7
127.8
127.7
127.7
127.7
127.7
127.6
127.6
127.6
127.6
127.5
127.6
127.5
127.5
127.5
127.4
127.4
127.5
127.3
127.4
127.4
127.3
127.3
127.3
127.2
127.3
127.2
127.1
127.1
127.1
127.1
127
127.1
127
127
127
126.9
126.9
127
126.8
126.9
126.9
126.8
126.8
126.9
126.7
126.8
126.7
126.7
126.7
126.6
126.6
126.6
126.6
126.6
126.6
126.5
126.6
126.4
126.5
126.5
126.4
126.4
126.5
126.3
126.4
126.4
126.3
126.3
126.3
126.3
126.2
126.3
126.2
126.2
126.1
126.2
126.1
126
126.1
126.1
126
126
126.1
125.9
126
126
125.9
125.9
126
125.9
125.8
125.9
125.8
125.8
125.8
125.8
125.7
125.7
125.7
125.7
125.7
125.6
125.7
125.7
125.6
125.6
125.6
125.5
125.5
125.6
125.5
125.5
125.5
125.5
125.4
125.4
125.5
125.4
125.4
125.4
125.3
125.3
125.3
125.3
125.3
125.2
125.2
125.2
125.2
125.1
125.2
125.2
125
125.1
125.1
125.2
125
125
125.1
125
125
125
125
124.9
124.9
124.9
124.9
124.8
124.9
124.8
124.9
124.8
124.7
124.8
124.7
124.7
124.7
124.8
124.7
124.6
124.7
124.7
124.6
124.6
124.6
124.6
124.5
124.5
124.6
124.5
124.5
124.5
124.4
124.5
124.4
124.4
124.4
124.4
124.4
124.3
124.3
124.4
124.3
124.3
124.3
124.3
124.2
124.2
124.2
124.3
124.1
124.1
124.2
124
124.1
124.1
124
124.1
124
124
124
124
124
124
123.9
124
123.9
123.8
123.9
123.9
123.9
123.8
123.8
123.9
123.8
123.7
123.8
123.8
123.6
123.7
123.7
123.7
123.7
123.6
123.7
123.7
123.6
123.6
123.6
123.5
123.6
123.5
123.5
123.5
123.5
123.5
123.5
123.4
123.4
123.5
123.4
123.3
123.3
123.3
