Heartbeat port addresses read from NoFDBConfig: 
    Node-0: 10.10.1.2:50050
    Node-1: 10.10.1.3:50050
    Node-2: 10.10.1.4:50050
===== Global Configure Table =====
    node_id: 0
    node_ip: 10.10.1.2
    maintainer_port: 50050
    remaining_cpu_cores: 00000000000000000000000000000000000000000000000000000000000000000000000000000000000000000000000000000000000000000000111000000000
    remaining_ports: 50055,50056
    kvses: 
        kvs_id: 0
        belong_to_node_id: 0
        required_cpu_core_num: 4
        using_cpu_cores: 
        using_ports: 50051,50052,50053,50054
        replications: 
            node_id: 0
            node_ip: trtype:rdma adrfam:IPv4 traddr:10.10.1.2 trsvcid:4420 subnqn:nqn.2024-12.io.spdk:0
        replications: 
            node_id: 1
            node_ip: trtype:rdma adrfam:IPv4 traddr:10.10.1.3 trsvcid:4420 subnqn:nqn.2024-12.io.spdk:1
        replications: 
            node_id: 2
            node_ip: trtype:rdma adrfam:IPv4 traddr:10.10.1.4 trsvcid:4420 subnqn:nqn.2024-12.io.spdk:2
    node_id: 1
    node_ip: 10.10.1.3
    maintainer_port: 50050
    remaining_cpu_cores: 00000000000000000000000000000000000000000000000000000000000000000000000000000000000000000000000000000000000000000000111000000000
    remaining_ports: 50055,50056
    kvses: 
        kvs_id: 0
        belong_to_node_id: 1
        required_cpu_core_num: 4
        using_cpu_cores: 
        using_ports: 50051,50052,50053,50054
        replications: 
            node_id: 0
            node_ip: trtype:rdma adrfam:IPv4 traddr:10.10.1.2 trsvcid:4420 subnqn:nqn.2024-12.io.spdk:0
        replications: 
            node_id: 1
            node_ip: trtype:rdma adrfam:IPv4 traddr:10.10.1.3 trsvcid:4420 subnqn:nqn.2024-12.io.spdk:1
        replications: 
            node_id: 2
            node_ip: trtype:rdma adrfam:IPv4 traddr:10.10.1.4 trsvcid:4420 subnqn:nqn.2024-12.io.spdk:2
    node_id: 2
    node_ip: 10.10.1.4
    maintainer_port: 50050
    remaining_cpu_cores: 00000000000000000000000000000000000000000000000000000000000000000000000000000000000000000000000000000000000000000000111000000000
    remaining_ports: 50055,50056
    kvses: 
        kvs_id: 0
        belong_to_node_id: 2
        required_cpu_core_num: 4
        using_cpu_cores: 
        using_ports: 50051,50052,50053,50054
        replications: 
            node_id: 0
            node_ip: trtype:rdma adrfam:IPv4 traddr:10.10.1.2 trsvcid:4420 subnqn:nqn.2024-12.io.spdk:0
        replications: 
            node_id: 1
            node_ip: trtype:rdma adrfam:IPv4 traddr:10.10.1.3 trsvcid:4420 subnqn:nqn.2024-12.io.spdk:1
        replications: 
            node_id: 2
            node_ip: trtype:rdma adrfam:IPv4 traddr:10.10.1.4 trsvcid:4420 subnqn:nqn.2024-12.io.spdk:2
==================================

fieldcount: 1
fieldlength: 1000
zero_padding: 20
recordcount: 200000000
operationcount: 200000000
oks: 1000000
oks: 1000000
oks: 1000000
oks: 1000000
oks: 1000000
oks: 1000000
oks: 1000000
oks: 1000000
oks: 1000000
oks: 1000000
oks: 1000000
oks: 1000000
oks: 1000000
oks: 1000000
oks: 1000000
oks: 1000000
oks: 1000000
oks: 1000000
oks: 1000000
oks: 1000000
oks: 1000000
oks: 1000000
oks: 1000000
oks: 1000000
oks: 1000000
oks: 1000000
oks: 1000000
oks: 1000000
oks: 1000000
oks: 1000000
oks: 1000000
oks: 1000000
oks: 2000000
oks: 2000000
oks: 2000000
oks: 2000000
oks: 2000000
oks: 2000000
oks: 2000000
oks: 2000000
oks: 2000000
oks: 2000000
oks: 2000000
oks: 2000000
oks: 2000000
oks: 2000000
oks: 2000000
oks: 2000000
oks: 2000000
oks: 2000000
oks: 2000000
oks: 2000000
oks: 2000000
oks: 2000000
oks: 2000000
oks: 2000000
oks: 2000000
oks: 2000000
oks: 2000000
oks: 2000000
oks: 2000000
oks: 2000000
oks: 2000000
oks: 2000000
oks: 3000000
oks: 3000000
oks: 3000000
oks: 3000000
oks: 3000000
oks: 3000000
oks: 3000000
oks: 3000000
oks: 3000000
oks: 3000000
oks: 3000000
oks: 3000000
oks: 3000000
oks: 3000000
oks: 3000000
oks: 3000000
oks: 3000000
oks: 3000000
oks: 3000000
oks: 3000000
oks: 3000000
oks: 3000000
oks: 3000000
oks: 3000000
oks: 3000000
oks: 3000000
oks: 3000000
oks: 3000000
oks: 3000000
oks: 3000000
oks: 3000000
oks: 3000000
oks: 4000000
oks: 4000000
oks: 4000000
oks: 4000000
oks: 4000000
oks: 4000000
oks: 4000000
oks: 4000000
oks: 4000000
oks: 4000000
oks: 4000000
oks: 4000000
oks: 4000000
oks: 4000000
oks: 4000000
oks: 4000000
oks: 4000000
oks: 4000000
oks: 4000000
oks: 4000000
oks: 4000000
oks: 4000000
oks: 4000000
oks: 4000000
oks: 4000000
oks: 4000000
oks: 4000000
oks: 4000000
oks: 4000000
oks: 4000000
oks: 4000000
oks: 4000000
oks: 5000000
oks: 5000000
oks: 5000000
oks: 5000000
oks: 5000000
oks: 5000000
oks: 5000000
oks: 5000000
oks: 5000000
oks: 5000000
oks: 5000000
oks: 5000000
oks: 5000000
oks: 5000000
oks: 5000000
oks: 5000000
oks: 5000000
oks: 5000000
oks: 5000000
oks: 5000000
oks: 5000000
oks: 5000000
oks: 5000000
oks: 5000000
oks: 5000000
oks: 5000000
oks: 5000000
oks: 5000000
oks: 5000000
oks: 5000000
oks: 5000000
oks: 5000000
oks: 6000000
oks: 6000000
oks: 6000000
oks: 6000000
oks: 6000000
oks: 6000000
oks: 6000000
oks: 6000000
oks: 6000000
oks: 6000000
oks: 6000000
oks: 6000000
oks: 6000000
oks: 6000000
oks: 6000000
oks: 6000000
oks: 6000000
oks: 6000000
oks: 6000000
oks: 6000000
oks: 6000000
oks: 6000000
oks: 6000000
oks: 6000000
oks: 6000000
oks: 6000000
oks: 6000000
oks: 6000000
oks: 6000000
oks: 6000000
oks: 6000000
oks: 6000000

nofdb	workloads/workloadc.spec	32
# Load duration (sec): 3743.88
# Loading records:	200000000
# Load throughput (KOPS): 53.4206
Count: 200000000  Average: 598.6559  StdDev: 2830.38
Percentiles(us): P50: 280.78 P90: 941.12 P99: 3961.99 P99.9: 40664.56 P99.99: 95116.61
------------------------------------------------------
[      50,      60 )       1   0.000%   0.000% 
[      60,      70 )     340   0.000%   0.000% 
[      70,      80 )    3177   0.002%   0.002% 
[      80,      90 )    6170   0.003%   0.005% 
[      90,     100 )   70552   0.035%   0.040% 
[     100,     120 ) 21618552  10.809%  10.849% ##
[     120,     140 ) 12352938   6.176%  17.026% #
[     140,     160 ) 8625009   4.313%  21.338% #
[     160,     180 ) 7139460   3.570%  24.908% #
[     180,     200 ) 6070368   3.035%  27.943% #
[     200,     250 ) 31457935  15.729%  43.672% ###
[     250,     300 ) 20555803  10.278%  53.950% ##
[     300,     350 ) 14002583   7.001%  60.951% #
[     350,     400 ) 11770038   5.885%  66.836% #
[     400,     450 ) 7827038   3.914%  70.750% #
[     450,     500 ) 6063098   3.032%  73.782% #
[     500,     600 ) 11910421   5.955%  79.737% #
[     600,     700 ) 9250593   4.625%  84.362% #
[     700,     800 ) 6013392   3.007%  87.369% #
[     800,     900 ) 3932998   1.966%  89.335% 
[     900,    1000 ) 3233098   1.617%  90.952% 
[    1000,    1200 ) 4610488   2.305%  93.257% 
[    1200,    1400 ) 2897170   1.449%  94.706% 
[    1400,    1600 ) 1902596   0.951%  95.657% 
[    1600,    1800 ) 1409528   0.705%  96.362% 
[    1800,    2000 ) 1036324   0.518%  96.880% 
[    2000,    2500 ) 1857504   0.929%  97.809% 
[    2500,    3000 ) 1183780   0.592%  98.400% 
[    3000,    3500 )  756615   0.378%  98.779% 
[    3500,    4000 )  478835   0.239%  99.018% 
[    4000,    4500 )  313513   0.157%  99.175% 
[    4500,    5000 )  215857   0.108%  99.283% 
[    5000,    6000 )  261525   0.131%  99.414% 
[    6000,    7000 )  140261   0.070%  99.484% 
[    7000,    8000 )   83584   0.042%  99.526% 
[    8000,    9000 )   57426   0.029%  99.554% 
[    9000,   10000 )   45606   0.023%  99.577% 
[   10000,   12000 )   79241   0.040%  99.617% 
[   12000,   14000 )   81866   0.041%  99.658% 
[   14000,   16000 )   81443   0.041%  99.698% 
[   16000,   18000 )   60643   0.030%  99.729% 
[   18000,   20000 )   48297   0.024%  99.753% 
[   20000,   25000 )   94723   0.047%  99.800% 
[   25000,   30000 )   76464   0.038%  99.838% 
[   30000,   35000 )   66826   0.033%  99.872% 
[   35000,   40000 )   51332   0.026%  99.898% 
[   40000,   45000 )   37536   0.019%  99.916% 
[   45000,   50000 )   30182   0.015%  99.931% 
[   50000,   60000 )   44036   0.022%  99.953% 
[   60000,   70000 )   30953   0.015%  99.969% 
[   70000,   80000 )   22425   0.011%  99.980% 
[   80000,   90000 )   15491   0.008%  99.988% 
[   90000,  100000 )    8533   0.004%  99.992% 
[  100000,  120000 )    8514   0.004%  99.996% 
[  120000,  140000 )    3502   0.002%  99.998% 
[  140000,  160000 )    1490   0.001%  99.999% 
[  160000,  180000 )     606   0.000%  99.999% 
[  180000,  200000 )     488   0.000%  99.999% 
[  200000,  250000 )     465   0.000% 100.000% 
[  250000,  300000 )     155   0.000% 100.000% 
[  300000,  350000 )     144   0.000% 100.000% 
[  350000,  400000 )      99   0.000% 100.000% 
[  400000,  450000 )      58   0.000% 100.000% 
[  450000,  500000 )      31   0.000% 100.000% 
[  500000,  600000 )     118   0.000% 100.000% 
[  600000,  700000 )      54   0.000% 100.000% 
[  700000,  800000 )       3   0.000% 100.000% 
[  800000,  900000 )      32   0.000% 100.000% 
[ 1000000, 1200000 )      23   0.000% 100.000% 
[ 1200000, 1400000 )      41   0.000% 100.000% 
[ 1400000, 1600000 )       9   0.000% 100.000% 
[ 1800000, 2000000 )       1   0.000% 100.000% 

Waiting 30s before performing transactions......
Starting performing transactions......

oks: 1000000
oks: 1000000
oks: 1000000
oks: 1000000
oks: 1000000
oks: 1000000
oks: 1000000
oks: 1000000
oks: 1000000
oks: 1000000
oks: 1000000
oks: 1000000
oks: 1000000
oks: 1000000
oks: 1000000
oks: 1000000
oks: 1000000
oks: 1000000
oks: 1000000
oks: 1000000
oks: 1000000
oks: 1000000
oks: 1000000
oks: 1000000
oks: 1000000
oks: 1000000
oks: 1000000
oks: 1000000
oks: 1000000
oks: 1000000
oks: 1000000
oks: 1000000
oks: 2000000
oks: 2000000
oks: 2000000
oks: 2000000
oks: 2000000
oks: 2000000
oks: 2000000
oks: 2000000
oks: 2000000
oks: 2000000
oks: 2000000
oks: 2000000
oks: 2000000
oks: 2000000
oks: 2000000
oks: 2000000
oks: 2000000
oks: 2000000
oks: 2000000
oks: 2000000
oks: 2000000
oks: 2000000
oks: 2000000
oks: 2000000
oks: 2000000
oks: 2000000
oks: 2000000
oks: 2000000
oks: 2000000
oks: 2000000
oks: 2000000
oks: 2000000
oks: 3000000
oks: 3000000
oks: 3000000
oks: 3000000
oks: 3000000
oks: 3000000
oks: 3000000
oks: 3000000
oks: 3000000
oks: 3000000
oks: 3000000
oks: 3000000
oks: 3000000
oks: 3000000
oks: 3000000
oks: 3000000
oks: 3000000
oks: 3000000
oks: 3000000
oks: 3000000
oks: 3000000
oks: 3000000
oks: 3000000
oks: 3000000
oks: 3000000
oks: 3000000
oks: 3000000
oks: 3000000
oks: 3000000
oks: 3000000
oks: 3000000
oks: 3000000
oks: 4000000
oks: 4000000
oks: 4000000
oks: 4000000
oks: 4000000
oks: 4000000
oks: 4000000
oks: 4000000
oks: 4000000
oks: 4000000
oks: 4000000
oks: 4000000
oks: 4000000
oks: 4000000
oks: 4000000
oks: 4000000
oks: 4000000
oks: 4000000
oks: 4000000
oks: 4000000
oks: 4000000
oks: 4000000
oks: 4000000
oks: 4000000
oks: 4000000
oks: 4000000
oks: 4000000
oks: 4000000
oks: 4000000
oks: 4000000
oks: 4000000
oks: 4000000
oks: 5000000
oks: 5000000
oks: 5000000
oks: 5000000
oks: 5000000
oks: 5000000
oks: 5000000
oks: 5000000
oks: 5000000
oks: 5000000
oks: 5000000
oks: 5000000
oks: 5000000
oks: 5000000
oks: 5000000
oks: 5000000
oks: 5000000
oks: 5000000
oks: 5000000
oks: 5000000
oks: 5000000
oks: 5000000
oks: 5000000
oks: 5000000
oks: 5000000
oks: 5000000
oks: 5000000
oks: 5000000
oks: 5000000
oks: 5000000
oks: 5000000
oks: 5000000
oks: 6000000
oks: 6000000
oks: 6000000
oks: 6000000
oks: 6000000
oks: 6000000
oks: 6000000
oks: 6000000
oks: 6000000
oks: 6000000
oks: 6000000
oks: 6000000
oks: 6000000
oks: 6000000
oks: 6000000
oks: 6000000
oks: 6000000
oks: 6000000
oks: 6000000
oks: 6000000
oks: 6000000
oks: 6000000
oks: 6000000
oks: 6000000
oks: 6000000
oks: 6000000
oks: 6000000
oks: 6000000
oks: 6000000
oks: 6000000
oks: 6000000
oks: 6000000
# Run duration (sec): 941.623
# Run operations:	200000000
# Run throughput (KOPS): 212.399
Count: 200000000  Average: 150.3110  StdDev: 131.65
Percentiles(us): P50: 115.82 P90: 299.85 P99: 556.49 P99.9: 1192.80 P99.99: 3133.17
------------------------------------------------------
[      30,      35 )     688   0.000%   0.000% 
[      35,      40 )  549597   0.275%   0.275% 
[      40,      45 ) 5595111   2.798%   3.073% #
[      45,      50 ) 15043499   7.522%  10.594% ##
[      50,      60 ) 30061756  15.031%  25.625% ###
[      60,      70 ) 13008228   6.504%  32.129% #
[      70,      80 ) 8537628   4.269%  36.398% #
[      80,      90 ) 8450623   4.225%  40.624% #
[      90,     100 ) 7891827   3.946%  44.569% #
[     100,     120 ) 13733223   6.867%  51.436% #
[     120,     140 ) 15869409   7.935%  59.371% ##
[     140,     160 ) 12215161   6.108%  65.478% #
[     160,     180 ) 10403366   5.202%  70.680% #
[     180,     200 ) 9179300   4.590%  75.270% #
[     200,     250 ) 17728782   8.864%  84.134% ##
[     250,     300 ) 11767593   5.884%  90.018% #
[     300,     350 ) 7460014   3.730%  93.748% #
[     350,     400 ) 4737531   2.369%  96.117% 
[     400,     450 ) 2959159   1.480%  97.596% 
[     450,     500 ) 1807600   0.904%  98.500% 
[     500,     600 ) 1769913   0.885%  99.385% 
[     600,     700 )  641555   0.321%  99.706% 
[     700,     800 )  231478   0.116%  99.822% 
[     800,     900 )   87123   0.044%  99.865% 
[     900,    1000 )   37655   0.019%  99.884% 
[    1000,    1200 )   33382   0.017%  99.901% 
[    1200,    1400 )   20953   0.010%  99.911% 
[    1400,    1600 )   18707   0.009%  99.920% 
[    1600,    1800 )   18985   0.009%  99.930% 
[    1800,    2000 )   19833   0.010%  99.940% 
[    2000,    2500 )   53668   0.027%  99.967% 
[    2500,    3000 )   41690   0.021%  99.988% 
[    3000,    3500 )   18634   0.009%  99.997% 
[    3500,    4000 )    4126   0.002%  99.999% 
[    4000,    4500 )    1148   0.001%  99.999% 
[    4500,    5000 )     549   0.000% 100.000% 
[    5000,    6000 )     441   0.000% 100.000% 
[    6000,    7000 )      53   0.000% 100.000% 
[    7000,    8000 )      12   0.000% 100.000% 

