 9.9
 9.6
 9.4
10.0
12.2
12.9
14.2
15.9
16.0
16.1
16.2
16.8
16.9
17.0
17.1
17.1
17.2
17.2
18.8
18.8
18.8
18.9
18.9
18.9
18.9
18.9
19.1
19.1
19.2
19.2
19.2
19.2
19.1
21.1
21.2
21.1
21.2
21.2
21.1
21.1
21.2
21.2
21.1
21.1
21.5
21.5
21.5
21.8
22.0
22.0
23.6
23.6
23.5
23.5
23.5
23.4
23.4
23.4
23.3
23.3
23.2
23.3
23.9
24.0
23.9
23.9
23.8
23.8
23.8
23.8
23.7
24.2
24.2
24.2
24.1
24.1
24.2
24.8
24.9
24.9
24.8
24.7
24.7
24.7
24.6
24.6
24.5
24.8
24.7
24.7
24.7
24.9
25.3
25.4
25.3
25.3
25.3
25.2
25.2
25.5
25.5
25.4
25.4
25.3
25.3
25.5
25.8
26.2
26.2
26.1
26.1
26.1
26.1
26.0
26.0
25.9
25.9
25.8
25.8
26.2
26.4
26.7
26.8
27.0
27.2
27.1
27.1
27.1
27.0
27.0
26.9
26.8
26.8
26.8
27.3
27.4
28.1
28.0
28.0
27.9
27.9
27.8
27.8
27.8
27.7
27.7
27.6
27.9
28.0
28.4
28.6
28.8
28.7
28.7
28.7
28.6
28.6
28.5
28.5
28.4
28.4
28.3
28.5
28.6
28.9
28.9
28.9
28.8
28.8
28.8
28.7
28.7
28.7
28.7
28.6
28.6
28.5
28.6
28.9
29.0
29.1
29.0
29.0
28.9
28.9
28.9
28.8
28.8
28.7
28.7
28.6
29.0
29.2
29.2
29.3
29.2
29.3
29.2
29.2
29.2
29.1
29.1
29.0
29.0
29.0
28.9
29.2
29.2
29.5
29.5
29.5
29.4
29.4
29.4
29.3
29.5
29.4
29.4
29.4
29.3
29.4
29.6
29.8
29.8
29.8
29.8
29.7
29.7
29.6
29.6
29.6
29.5
29.5
29.4
29.6
29.7
29.9
30.0
30.0
29.9
29.9
29.9
29.8
29.8
29.7
29.7
29.7
29.6
29.8
29.8
30.1
30.2
30.1
30.1
30.1
30.1
30.0
30.0
30.0
29.9
29.9
29.9
29.8
30.0
30.1
30.2
30.3
30.4
30.3
30.3
30.3
30.2
30.2
30.2
30.1
30.1
30.1
30.3
30.3
30.5
30.5
30.5
30.5
30.4
30.4
30.4
30.4
30.3
30.3
30.3
30.2
30.2
30.4
30.4
30.6
30.5
30.5
30.5
30.4
30.4
30.4
30.4
30.3
30.3
30.5
30.4
30.5
30.6
31.0
31.1
31.0
31.0
31.0
30.9
30.9
30.9
31.0
31.0
31.0
30.9
31.0
31.1
31.2
31.3
31.3
31.3
31.3
31.2
31.2
31.2
31.1
31.1
31.1
31.1
31.1
31.2
31.5
31.5
31.5
31.5
31.4
31.5
31.4
31.4
31.4
31.3
31.3
31.3
31.3
31.4
31.4
31.5
31.6
31.6
31.6
31.5
31.5
31.5
31.4
31.4
31.4
31.3
31.3
31.5
31.6
31.7
31.7
31.7
31.7
31.7
31.6
31.6
31.6
31.5
31.5
31.5
31.5
31.6
31.7
31.7
31.8
31.8
31.8
31.8
31.7
31.7
31.7
31.6
31.6
31.6
31.7
31.7
31.8
32.0
31.9
31.9
31.9
31.9
31.8
31.8
31.8
31.7
31.7
31.7
31.8
31.8
31.9
32.0
32.0
32.1
32.0
32.0
32.0
32.0
32.0
31.9
31.9
31.9
31.9
32.1
32.1
32.2
32.2
32.1
32.1
32.1
32.1
32.0
32.0
32.0
32.0
32.0
32.0
32.0
32.1
32.3
32.3
32.4
32.4
32.4
32.4
32.3
32.3
32.3
32.3
32.2
32.2
32.3
32.4
32.4
32.4
