10.2
 9.9
 9.6
10.8
15.1
16.6
17.1
17.9
18.3
18.6
18.8
21.3
21.4
21.6
21.7
22.1
22.2
22.4
22.8
25.0
25.1
25.1
25.3
25.4
25.5
25.5
27.4
27.7
27.7
27.7
28.1
28.1
28.1
28.4
29.2
29.4
29.4
29.4
29.4
29.4
29.4
30.1
31.0
31.2
31.1
31.2
31.1
31.1
31.6
31.8
32.5
32.5
32.4
32.4
32.4
32.3
33.2
33.4
34.0
34.2
34.4
34.3
34.3
34.2
34.3
34.9
35.4
35.7
35.6
35.6
35.5
36.0
36.3
36.7
37.1
37.1
37.0
36.9
36.8
36.9
37.3
37.6
37.8
37.7
37.7
38.0
37.9
38.1
39.0
39.6
39.6
39.5
39.4
39.4
39.4
39.7
40.1
40.2
40.2
40.3
40.2
40.1
40.3
40.9
41.3
41.3
41.2
41.1
41.0
41.0
41.3
41.7
41.8
42.7
42.6
42.5
42.4
42.5
42.8
43.0
43.1
43.0
42.9
42.8
42.7
42.9
43.2
43.3
43.5
43.4
43.3
43.2
43.6
43.7
43.9
44.1
44.0
43.9
43.8
43.7
43.8
44.2
44.6
44.7
44.9
44.8
44.7
44.6
44.9
45.1
45.2
45.2
45.3
45.3
45.2
45.3
45.6
45.9
46.0
46.1
46.0
45.9
45.9
46.2
46.2
46.4
46.4
46.3
46.2
46.4
46.4
46.7
46.7
47.1
47.1
47.2
47.1
47.1
47.4
47.4
47.6
47.6
47.5
47.4
47.3
47.5
47.8
47.9
48.0
47.9
47.8
47.7
48.0
48.1
48.2
48.4
48.4
48.3
48.2
48.2
48.3
48.4
48.5
48.6
48.6
48.5
48.6
48.6
48.7
48.8
48.9
48.8
48.8
48.7
48.6
48.9
48.9
49.0
49.2
49.2
49.2
49.2
49.2
49.3
49.3
49.4
49.4
49.3
49.3
49.2
49.7
49.9
49.9
50.1
50.2
50.1
50.0
50.0
50.1
50.1
50.2
50.2
50.3
50.2
50.1
50.1
50.2
50.3
50.5
50.6
50.6
50.5
50.5
50.6
50.6
50.8
50.9
50.9
51.1
51.0
50.9
51.2
51.2
51.4
51.5
51.5
51.4
51.3
51.3
51.4
51.6
51.6
51.7
51.6
51.6
51.6
51.6
51.7
51.7
52.1
52.0
52.0
51.9
51.8
52.2
52.2
52.5
52.5
52.7
52.7
52.6
52.8
52.8
52.9
53.0
53.0
52.9
52.8
52.8
52.9
53.1
53.1
53.4
53.4
53.4
53.4
53.3
53.4
53.4
53.5
53.5
53.5
53.4
53.4
53.5
53.5
53.6
53.7
53.7
53.8
53.7
53.6
53.7
53.7
53.8
53.8
53.8
53.7
53.7
53.6
53.8
53.8
53.9
53.9
54.0
54.1
54.1
54.2
54.4
54.4
54.4
54.4
54.3
54.3
54.3
54.4
54.4
54.5
54.5
54.6
54.5
54.5
54.5
54.7
54.9
54.9
54.8
55.0
54.9
54.9
55.0
55.1
55.1
55.1
55.2
55.1
55.1
55.2
55.2
55.3
55.2
55.1
55.1
55.1
55.1
55.2
55.4
55.4
55.4
55.6
55.6
55.7
55.8
55.8
55.9
55.9
55.9
55.9
55.8
55.9
55.9
56.0
56.0
56.0
56.1
56.1
56.1
56.1
56.3
56.3
56.3
56.2
56.2
56.1
56.1
56.2
56.2
56.3
56.3
56.3
56.3
56.3
56.4
56.7
56.8
56.8
56.8
56.8
56.7
56.8
56.8
56.9
56.9
56.9
56.9
57.0
57.1
57.1
57.1
57.2
57.2
57.1
57.1
57.0
57.1
57.2
57.2
57.2
57.2
57.3
57.3
57.3
57.3
57.3
57.4
57.4
57.4
57.3
57.3
57.4
57.4
57.4
57.4
57.4
57.4
57.3
57.3
57.4
57.4
57.4
57.4
57.5
57.5
57.5
57.5
57.5
57.6
57.6
57.6
57.7
57.7
57.7
57.7
57.7
57.8
57.7
