 224
 223
 223
 224
 225
 226
 226
 227
 228
 228
 229
 229
 230
 230
 230
 231
 231
 232
 232
 232
 233
 233
 233
 234
 234
 234
 234
 234
 235
 235
 235
 235
 235
 235
 235
 235
 235
 235
 235
 236
 236
 235
 235
 235
 235
 235
 235
 235
 235
 235
 235
 235
 235
 235
 235
 235
 236
 236
 236
 236
 236
 236
 236
 236
 236
 236
 236
 236
 236
 236
 236
 236
 236
 236
 236
 236
 236
 236
 236
 236
 236
 236
 236
 236
 236
 236
 236
 236
 236
 236
 236
 236
 236
 236
 236
 236
 236
 236
 236
 236
 236
 236
 236
 236
 236
 236
 236
 236
 236
 236
 236
 236
 236
 236
 236
 236
 236
 236
 236
 236
 236
 236
 236
 236
 236
 236
 236
 236
 236
 236
 236
 236
 236
 235
 235
 235
 235
 235
 235
 235
 235
 235
 235
 235
 235
 235
 235
 235
 235
 236
 236
 236
 236
 236
 236
 236
 236
 236
 236
 236
 236
 236
 236
 236
 236
 236
 236
 236
 236
 236
 237
 237
 237
 237
 237
 237
 237
 237
 237
 237
 237
 237
 237
 237
 237
 237
 237
 237
 237
 238
 238
 238
 238
 238
 238
 238
 238
 238
 238
 238
 238
 238
 238
 238
 238
 238
 238
 238
 238
 239
 239
 239
 239
 239
 239
 239
 239
 239
 239
 239
 239
 239
 239
 239
 240
 240
 240
 240
 240
 240
 240
 240
 240
 240
 240
 240
 240
 240
 241
 241
 241
 241
 241
 241
 241
 241
 241
 241
 241
 241
 242
 242
 242
 242
 242
 242
 242
 242
 242
 242
 242
 242
 243
 243
 243
 243
 243
 243
 243
 243
 243
 243
 243
 243
 243
 244
 244
 244
 244
 244
 244
 244
 244
 244
 244
 244
 244
 244
 244
 244
 244
 244
 244
 244
 244
 244
 244
 244
 244
 244
 244
 244
 244
 244
 244
 244
 244
 244
 244
 243
 243
 243
 243
 243
 243
 243
 243
 243
 243
 243
 243
 243
 243
 243
 243
 243
 243
 243
 243
 243
 243
 243
 243
 243
 243
 243
 243
 243
 243
 243
 243
 243
 243
 243
 242
 242
 242
 242
 242
 242
 242
 242
 242
 242
