 361
 360
 359
 361
 363
 366
 368
 371
 372
 375
 377
 380
 383
 385
 388
 390
 393
 395
 397
 399
 402
 405
 408
 410
 412
 414
 416
 419
 421
 423
 425
 427
 428
 430
 433
 435
 437
 439
 441
 443
 446
 448
 450
 453
 455
 457
 459
 462
 464
 466
 468
 470
 473
 475
 477
 479
 481
 483
 485
 488
 490
 492
 494
 496
 498
 500
 502
 504
 506
 509
 511
 513
 515
 517
 519
 521
 523
 525
 527
 529
 530
 532
 534
 535
 537
 538
 539
 540
 542
 543
 544
 545
 546
 546
 547
 548
 549
 549
 551
 552
 553
 554
 555
 556
 557
 558
 560
 562
 563
 565
 567
 568
 570
 571
 573
 574
 576
 577
 579
 580
 582
 584
 585
 587
 588
 590
 591
 593
 594
 596
 597
 599
 600
 602
 603
 605
 606
 607
 608
 610
 611
 613
 614
 616
 617
 618
 619
 620
 621
 622
 624
 625
 626
 627
 629
 630
 631
 632
 633
 634
 636
 637
 637
 638
 639
 640
 641
 642
 644
 645
 646
 647
 648
 648
 650
 650
 651
 652
 653
 653
 654
 655
 656
 657
 658
 658
 659
 660
 661
 662
 663
 664
 664
 665
 666
 667
 668
 669
 669
 670
 671
 672
 673
 674
 675
 676
 677
 678
 679
 681
 682
 683
 684
 685
 686
 687
 688
 689
 690
 691
 692
 693
 694
 694
 695
 696
 697
 698
 698
 699
 700
 701
 701
 702
 703
 704
 704
 705
 706
 706
 707
 708
 708
 709
 709
 710
 711
 711
 712
 712
 713
 713
 714
 714
 714
 715
 715
 715
 715
 716
 716
 716
 716
 716
 716
 717
 717
 717
 717
 717
 717
 717
 717
 717
 717
 717
 717
 716
 716
 716
 716
 716
 716
 715
 715
 715
 715
 714
 714
 714
 714
 713
 713
 713
 713
 712
 712
 712
 712
 711
 711
 711
 710
 710
 710
 710
 709
 709
 709
 709
 708
 708
 708
 708
 707
 707
 707
 707
 706
 706
 706
 706
 705
 705
 705
 705
 705
 704
 704
 704
 704
 703
 703
 703
 703
 703
 702
 702
 702
 702
 702
 701
 701
 701
 701
 701
 700
 700
 700
 700
 700
 699
 699
 699
 699
 699
 698
 698
 698
 698
 698
 697
 697
 697
 697
 697
 697
 696
 696
 696
 696
 696
 696
 695
 695
 695
 695
 695
 695
 695
 695
 694
 694
 694
 694
 694
 694
 693
 693
 693
 693
 693
 692
 692
 692
 692
 692
 692
 691
 691
 691
 691
 691
 691
 691
 690
 690
 690
 690
 690
 689
 689
 689
 689
 689
 689
 689
 688
 688
 688
 688
 688
 688
 688
 688
 688
 688
 688
 687
 687
 687
 687
 687
 687
 687
 686
 686
 686
 686
 686
 686
 686
 686
 686
 686
 685
 685
 685
 685
 685
 685
 685
 685
 685
 684
 684
 684
 684
 684
 684
 684
 684
 684
 684
 683
 683
 683
 683
 683
 683
 683
 683
 683
 682
 682
 682
 682
 682
 682
 682
 682
 682
 682
 682
 682
 682
 681
 681
 681
 681
 681
 681
 681
 681
 681
 681
 681
 681
 680
 680
 680
 680
 680
 680
 680
 680
 680
 679
 679
