247.6
248.3
249.7
250.1
251.5
252.8
254
255.4
256.6
257.7
257.9
259.1
260
261.2
261.3
262.4
263.5
264.3
265.5
266.5
267.6
268.6
269.6
269.6
270.5
271.3
272.3
273.3
274.2
275
276
276.9
277.7
278.2
278.7
279.1
279.5
280.8
281.3
281.9
282.8
282.5
283.2
284
284.8
285.4
286.2
287
287.6
288.4
289
289.7
290.4
290.1
290.8
291.4
292.1
292.7
293
293.6
294.3
294.9
294.5
295.1
295.7
296.3
296.6
297.9
298.1
298.3
298.4
298.6
299.8
299.2
299.8
300.4
300.8
301.3
301.9
302.4
302.9
303.4
303.9
304.4
304.8
305.4
305.8
306.4
305.8
306.3
306.8
307.2
307.6
308.1
308.6
309
309.4
309.9
310.2
310.3
310.5
310.7
311.8
311.9
312.1
311.9
312.2
312.6
312.9
313.2
313.6
314
314.4
313.8
314.2
314.6
315
315.3
315.6
316
316.4
316.8
317.2
317.4
317.8
318.2
318.4
318.8
319.2
319.5
319.7
319.8
319.9
320
320.1
320.2
321.3
321.3
321.5
321.5
321.9
322.1
322.5
322.8
323.1
323.4
323.7
323
323.3
323.6
323.9
323.9
324.3
324.5
324.8
325.1
325.3
325.7
325.9
326.1
326.5
326.7
326.8
327
327
327
327.1
327.1
328.2
328.2
328
326.9
