Enable statistics: 1
Rocksdb opened: /mnt/motivation
Server listening on 0.0.0.0:50051

Timer is reset

===== Load Statistics: 0.0.0.0:50051
Total requests: 52428798
Total bytes: 26843544576
Avg latency (us): 9.96, P90 (us): 12.42, P99 (us): 14.79, P99.9 (us):  18.96
Eplased time (sec): 7873.20
Throughput (MB/s): 3.25
QPS (k): 6.66
Avg CPU utilization (percent): 176.06

Timer is reset

===== Transaction Statistics: 0.0.0.0:50051
Total requests: 998
Total bytes: 510976
Avg latency (us): 9.59, P90 (us): 12.05, P99 (us): 14.19, P99.9 (us):  19.24
Eplased time (sec): 0.15
Throughput (MB/s): 3.25
QPS (k): 6.65
Avg CPU utilization (percent): 199.26

RocksDB Server: 0.0.0.0:50051 is shutting down......

