42.4
42.3
42.2
42.2
42.4
42.4
42.4
42.4
42.4
42.4
42.4
42.4
42.4
42.4
42.4
42.4
42.4
42.4
42.4
42.4
42.4
42.4
42.4
42.4
42.4
42.4
42.4
42.4
42.4
42.4
42.4
42.4
42.4
42.4
42.4
42.4
42.3
42.3
42.4
42.4
42.4
42.4
42.4
42.4
42.3
42.4
42.4
42.4
42.4
42.3
42.3
42.3
42.3
42.3
42.3
42.3
42.3
42.3
42.3
42.3
42.2
42.3
42.3
42.3
42.3
42.3
42.2
42.2
42.3
42.3
42.3
42.3
42.3
42.3
42.3
42.2
42.3
42.3
42.3
42.3
42.3
42.3
42.3
42.3
42.3
42.3
42.3
42.2
42.2
42.2
42.2
42.2
42.2
42.2
42.2
42.2
42.2
42.2
42.1
42.2
42.2
42.2
42.1
42.1
42.1
42.1
42.1
42.1
42.1
42.1
42.1
42.1
42.1
42.1
42.1
42.1
42.1
42.1
42.0
42.0
42.0
42.0
42.0
42.0
42.0
42.0
42.0
42.0
42.0
42.0
42.0
42.0
42.0
42.0
41.9
41.9
41.9
41.9
41.9
41.9
41.9
41.9
41.9
41.9
41.9
41.8
41.8
42.0
42.0
42.0
42.0
41.9
41.9
41.9
41.9
42.0
42.0
42.0
42.0
42.0
42.0
41.9
42.0
42.0
42.0
42.0
42.0
42.0
42.0
42.0
41.9
42.0
42.0
42.0
42.0
41.9
41.9
41.9
41.9
41.9
41.9
41.9
41.9
41.9
41.9
41.9
41.9
41.9
41.9
41.9
41.9
41.8
41.8
41.8
41.8
41.8
41.8
41.8
41.8
41.8
41.8
41.8
41.8
41.8
41.8
41.8
41.7
41.7
41.7
41.7
41.7
41.7
41.7
41.7
41.7
41.7
41.7
41.7
41.7
41.7
41.7
41.7
41.7
41.7
41.7
41.7
41.7
41.7
41.7
41.7
41.7
41.7
41.6
41.6
41.6
41.6
41.6
41.6
41.6
41.6
41.6
41.6
41.6
41.6
41.6
41.6
41.6
41.5
41.5
41.5
41.5
41.5
41.5
41.5
41.5
41.5
41.5
41.5
41.5
41.5
41.5
41.5
41.5
41.5
41.5
41.4
41.4
41.4
41.4
41.4
41.4
41.4
41.4
41.4
41.4
41.4
41.4
41.4
41.4
41.4
41.4
41.4
41.4
41.4
41.4
41.4
41.4
41.4
41.4
41.3
41.3
41.3
41.4
41.4
41.3
41.3
41.3
41.3
41.3
41.3
41.3
41.3
41.3
41.3
41.3
41.3
41.3
41.3
41.3
41.3
41.3
41.3
41.3
41.3
41.2
41.2
41.3
41.2
41.2
41.2
41.2
41.2
41.2
41.2
41.2
41.2
41.2
41.2
41.2
41.2
41.2
41.2
41.2
41.2
41.2
41.2
41.2
41.2
41.1
