fieldlength: 4072
recordcount: 6553600
oks: 100000
oks: 200000
oks: 300000
oks: 400000
oks: 500000
oks: 600000
oks: 700000
oks: 800000
oks: 900000
oks: 1000000
oks: 1100000
oks: 1200000
oks: 1300000
oks: 1400000
oks: 1500000
oks: 1600000
oks: 1700000
oks: 1800000
oks: 1900000
oks: 2000000
oks: 2100000
oks: 2200000
oks: 2300000
oks: 2400000
oks: 2500000
oks: 2600000
oks: 2700000
oks: 2800000
oks: 2900000
oks: 3000000
oks: 3100000
oks: 3200000
oks: 3300000
oks: 3400000
oks: 3500000
oks: 3600000
oks: 3700000
oks: 3800000
oks: 3900000
oks: 4000000
oks: 4100000
oks: 4200000
oks: 4300000
oks: 4400000
oks: 4500000
oks: 4600000
oks: 4700000
oks: 4800000
oks: 4900000
oks: 5000000
oks: 5100000
oks: 5200000
oks: 5300000
oks: 5400000
oks: 5500000
oks: 5600000
oks: 5700000
oks: 5800000
oks: 5900000
oks: 6000000
oks: 6100000
oks: 6200000
oks: 6300000
oks: 6400000
oks: 6500000
Special Command: PAUSE, Send SUCCESS

rocksdb	workloads/motivation.spec	1
# Load duration (sec): 412.447
# Loading records:	6553600
# Load throughput (KOPS): 15.8896
Count: 6553600  Average: 62.7935  StdDev: 14.19
Percentiles(us): P50: 63.53 P90: 69.11 P99: 78.41 P99.9: 95.20 P99.99: 127.44
------------------------------------------------------
[      50,      60 ) 1618016  24.689%  24.689% #####
[      60,      70 ) 4698616  71.695%  96.384% ##############
[      70,      80 )  203835   3.110%  99.494% #
[      80,      90 )   22189   0.339%  99.833% 
[      90,     100 )    8438   0.129%  99.962% 
[     100,     120 )    1752   0.027%  99.988% 
[     120,     140 )     265   0.004%  99.993% 
[     140,     160 )      84   0.001%  99.994% 
[     160,     180 )      55   0.001%  99.995% 
[     180,     200 )      54   0.001%  99.995% 
[     200,     250 )     194   0.003%  99.998% 
[     250,     300 )      61   0.001%  99.999% 
[     300,     350 )      10   0.000% 100.000% 
[     350,     400 )       7   0.000% 100.000% 
[     400,     450 )       4   0.000% 100.000% 
[     450,     500 )       1   0.000% 100.000% 
[     500,     600 )       7   0.000% 100.000% 
[     600,     700 )       1   0.000% 100.000% 
[    1200,    1400 )       1   0.000% 100.000% 
[    1600,    1800 )       3   0.000% 100.000% 
[    2000,    2500 )       1   0.000% 100.000% 
[    3000,    3500 )       2   0.000% 100.000% 
[    5000,    6000 )       1   0.000% 100.000% 
[    7000,    8000 )       1   0.000% 100.000% 
[   12000,   14000 )       1   0.000% 100.000% 
[   25000,   30000 )       1   0.000% 100.000% 

Waiting 10s before performing transactions......

Avg CPU utilization (percent): 38.13

Starting performing transactions......

Special Command: STOP, Send SUCCESS
# Run duration (ms): 3.16698
# Run operations:	50000
# Run throughput (KOPS): 15.7879
Count: 50000  Average: 63.1967  StdDev: 2.58
Percentiles(us): P50: 65.02 P90: 69.09 P99: 70.75 P99.9: 81.48 P99.99: 130.00
------------------------------------------------------
[      50,      60 )     360   0.720%   0.720% 
[      60,      70 )   49104  98.208%  98.928% ####################
[      70,      80 )     482   0.964%  99.892% 
[      80,      90 )      27   0.054%  99.946% 
[      90,     100 )      11   0.022%  99.968% 
[     100,     120 )      10   0.020%  99.988% 
[     120,     140 )       2   0.004%  99.992% 
[     160,     180 )       1   0.002%  99.994% 
[     180,     200 )       1   0.002%  99.996% 
[     200,     250 )       1   0.002%  99.998% 
[     250,     300 )       1   0.002% 100.000% 


Avg CPU utilization (percent): 38.62

