fieldlength: 4072
recordcount: 6553600
oks: 100000
oks: 100000
oks: 100000
oks: 100000
oks: 100000
oks: 100000
oks: 100000
oks: 100000
oks: 100000
oks: 100000
oks: 100000
oks: 100000
oks: 100000
oks: 100000
oks: 100000
oks: 100000
oks: 200000
oks: 200000
oks: 200000
oks: 200000
oks: 200000
oks: 200000
oks: 200000
oks: 200000
oks: 200000
oks: 200000
oks: 200000
oks: 200000
oks: 200000
oks: 200000
oks: 200000
oks: 200000
oks: 300000
oks: 300000
oks: 300000
oks: 300000
oks: 300000
oks: 300000
oks: 300000
oks: 300000
oks: 300000
oks: 300000
oks: 300000
oks: 300000
oks: 300000
oks: 300000
oks: 300000
oks: 300000
oks: 400000
oks: 400000
oks: 400000
oks: 400000
oks: 400000
oks: 400000
oks: 400000
oks: 400000
oks: 400000
oks: 400000
oks: 400000
oks: 400000
oks: 400000
oks: 400000
oks: 400000
oks: 400000
Special Command: PAUSE, Send SUCCESS

rocksdb	workloads/motivation.spec	16
# Load duration (sec): 77.8904
# Loading records:	6553600
# Load throughput (KOPS): 84.1387
Count: 6553600  Average: 188.4385  StdDev: 79.05
Percentiles(us): P50: 172.17 P90: 284.24 P99: 398.45 P99.9: 490.15 P99.99: 1480.50
------------------------------------------------------
[      50,      60 )     164   0.003%   0.003% 
[      60,      70 )    7885   0.120%   0.123% 
[      70,      80 )   19576   0.299%   0.422% 
[      80,      90 )   31278   0.477%   0.899% 
[      90,     100 )   74737   1.140%   2.039% 
[     100,     120 )  403211   6.153%   8.192% #
[     120,     140 )  912122  13.918%  22.110% ###
[     140,     160 ) 1189707  18.153%  40.263% ####
[     160,     180 ) 1048451  15.998%  56.261% ###
[     180,     200 )  770169  11.752%  68.013% ##
[     200,     250 ) 1056527  16.121%  84.134% ###
[     250,     300 )  561365   8.566%  92.700% ##
[     300,     350 )  278662   4.252%  96.952% #
[     350,     400 )  138503   2.113%  99.066% 
[     400,     450 )   46078   0.703%  99.769% 
[     450,     500 )   10724   0.164%  99.932% 
[     500,     600 )    3119   0.048%  99.980% 
[     600,     700 )     350   0.005%  99.985% 
[     700,     800 )     108   0.002%  99.987% 
[     800,     900 )      60   0.001%  99.988% 
[     900,    1000 )      37   0.001%  99.988% 
[    1000,    1200 )      25   0.000%  99.989% 
[    1200,    1400 )      48   0.001%  99.989% 
[    1400,    1600 )      96   0.001%  99.991% 
[    1600,    1800 )     178   0.003%  99.994% 
[    1800,    2000 )     200   0.003%  99.997% 
[    2000,    2500 )     171   0.003%  99.999% 
[    2500,    3000 )      16   0.000%  99.999% 
[    6000,    7000 )       2   0.000% 100.000% 
[   12000,   14000 )      15   0.000% 100.000% 
[   20000,   25000 )      16   0.000% 100.000% 

Waiting 10s before performing transactions......

Avg CPU utilization (percent): 201.31

Starting performing transactions......

Special Command: STOP, Send SUCCESS
# Run duration (ms): 0.57098
# Run operations:	50000
# Run throughput (KOPS): 87.5688
Count: 50000  Average: 179.6807  StdDev: 60.85
Percentiles(us): P50: 165.57 P90: 266.52 P99: 392.20 P99.9: 461.32 P99.99: 628.57
------------------------------------------------------
[      60,      70 )      60   0.120%   0.120% 
[      70,      80 )     187   0.374%   0.494% 
[      80,      90 )     310   0.620%   1.114% 
[      90,     100 )     674   1.348%   2.462% 
[     100,     120 )    3538   7.076%   9.538% #
[     120,     140 )    7980  15.960%  25.498% ###
[     140,     160 )    9861  19.722%  45.220% ####
[     160,     180 )    8581  17.162%  62.382% ###
[     180,     200 )    5759  11.518%  73.900% ##
[     200,     250 )    6925  13.850%  87.750% ###
[     250,     300 )    3404   6.808%  94.558% #
[     300,     350 )    1550   3.100%  97.658% #
[     350,     400 )     795   1.590%  99.248% 
[     400,     450 )     314   0.628%  99.876% 
[     450,     500 )      53   0.106%  99.982% 
[     500,     600 )       2   0.004%  99.986% 
[     600,     700 )       7   0.014% 100.000% 


Avg CPU utilization (percent): 202.50

