fieldlength: 4072
recordcount: 6553600
oks: 100000
oks: 100000
oks: 100000
oks: 100000
oks: 100000
oks: 100000
oks: 100000
oks: 100000
oks: 200000
oks: 200000
oks: 200000
oks: 200000
oks: 200000
oks: 200000
oks: 200000
oks: 200000
oks: 300000
oks: 300000
oks: 300000
oks: 300000
oks: 300000
oks: 300000
oks: 300000
oks: 300000
oks: 400000
oks: 400000
oks: 400000
oks: 400000
oks: 400000
oks: 400000
oks: 400000
oks: 400000
oks: 500000
oks: 500000
oks: 500000
oks: 500000
oks: 500000
oks: 500000
oks: 500000
oks: 500000
oks: 600000
oks: 600000
oks: 600000
oks: 600000
oks: 600000
oks: 600000
oks: 600000
oks: 600000
oks: 700000
oks: 700000
oks: 700000
oks: 700000
oks: 700000
oks: 700000
oks: 700000
oks: 700000
oks: 800000
oks: 800000
oks: 800000
oks: 800000
oks: 800000
oks: 800000
oks: 800000
oks: 800000
Special Command: PAUSE, Send SUCCESS

rocksdb	workloads/motivation.spec	8
# Load duration (sec): 113.04
# Loading records:	6553600
# Load throughput (KOPS): 57.9761
Count: 6553600  Average: 136.8004  StdDev: 43.98
Percentiles(us): P50: 129.59 P90: 194.15 P99: 282.40 P99.9: 343.61 P99.99: 438.77
------------------------------------------------------
[      50,      60 )    1923   0.029%   0.029% 
[      60,      70 )   51977   0.793%   0.822% 
[      70,      80 )  181975   2.777%   3.599% #
[      80,      90 )  391499   5.974%   9.573% #
[      90,     100 )  536685   8.189%  17.762% ##
[     100,     120 ) 1403562  21.417%  39.179% ####
[     120,     140 ) 1479629  22.577%  61.756% #####
[     140,     160 ) 1009704  15.407%  77.163% ###
[     160,     180 )  572969   8.743%  85.906% ##
[     180,     200 )  379147   5.785%  91.691% #
[     200,     250 )  402929   6.148%  97.839% #
[     250,     300 )  117389   1.791%  99.631% 
[     300,     350 )   20246   0.309%  99.939% 
[     350,     400 )    2833   0.043%  99.983% 
[     400,     450 )     616   0.009%  99.992% 
[     450,     500 )     129   0.002%  99.994% 
[     500,     600 )      93   0.001%  99.995% 
[     600,     700 )      36   0.001%  99.996% 
[     700,     800 )      10   0.000%  99.996% 
[     800,     900 )       6   0.000%  99.996% 
[     900,    1000 )      16   0.000%  99.997% 
[    1000,    1200 )      10   0.000%  99.997% 
[    1200,    1400 )      13   0.000%  99.997% 
[    1400,    1600 )      57   0.001%  99.998% 
[    1600,    1800 )      40   0.001%  99.998% 
[    1800,    2000 )      67   0.001%  99.999% 
[    2000,    2500 )      15   0.000% 100.000% 
[    2500,    3000 )       9   0.000% 100.000% 
[    4500,    5000 )      16   0.000% 100.000% 

Waiting 10s before performing transactions......

Avg CPU utilization (percent): 154.41

Starting performing transactions......

Special Command: STOP, Send SUCCESS
# Run duration (ms): 0.852937
# Run operations:	50000
# Run throughput (KOPS): 58.621
Count: 50000  Average: 135.4771  StdDev: 42.23
Percentiles(us): P50: 127.89 P90: 195.15 P99: 278.63 P99.9: 330.16 P99.99: 345.31
------------------------------------------------------
[      50,      60 )      10   0.020%   0.020% 
[      60,      70 )     487   0.974%   0.994% 
[      70,      80 )    1449   2.898%   3.892% #
[      80,      90 )    3190   6.380%  10.272% #
[      90,     100 )    4280   8.560%  18.832% ##
[     100,     120 )   11067  22.134%  40.966% ####
[     120,     140 )   11448  22.896%  63.862% #####
[     140,     160 )    7181  14.362%  78.224% ###
[     160,     180 )    3865   7.730%  85.954% ##
[     180,     200 )    2670   5.340%  91.294% #
[     200,     250 )    3352   6.704%  97.998% #
[     250,     300 )     875   1.750%  99.748% 
[     300,     350 )     126   0.252% 100.000% 


Avg CPU utilization (percent): 158.10

