fieldlength: 1000
recordcount: 26214400
oks: 100000
oks: 200000
oks: 300000
oks: 400000
oks: 500000
oks: 600000
oks: 700000
oks: 800000
oks: 900000
oks: 1000000
oks: 1100000
oks: 1200000
oks: 1300000
oks: 1400000
oks: 1500000
oks: 1600000
oks: 1700000
oks: 1800000
oks: 1900000
oks: 2000000
oks: 2100000
oks: 2200000
oks: 2300000
oks: 2400000
oks: 2500000
oks: 2600000
oks: 2700000
oks: 2800000
oks: 2900000
oks: 3000000
oks: 3100000
oks: 3200000
oks: 3300000
oks: 3400000
oks: 3500000
oks: 3600000
oks: 3700000
oks: 3800000
oks: 3900000
oks: 4000000
oks: 4100000
oks: 4200000
oks: 4300000
oks: 4400000
oks: 4500000
oks: 4600000
oks: 4700000
oks: 4800000
oks: 4900000
oks: 5000000
oks: 5100000
oks: 5200000
oks: 5300000
oks: 5400000
oks: 5500000
oks: 5600000
oks: 5700000
oks: 5800000
oks: 5900000
oks: 6000000
oks: 6100000
oks: 6200000
oks: 6300000
oks: 6400000
oks: 6500000
oks: 6600000
oks: 6700000
oks: 6800000
oks: 6900000
oks: 7000000
oks: 7100000
oks: 7200000
oks: 7300000
oks: 7400000
oks: 7500000
oks: 7600000
oks: 7700000
oks: 7800000
oks: 7900000
oks: 8000000
oks: 8100000
oks: 8200000
oks: 8300000
oks: 8400000
oks: 8500000
oks: 8600000
oks: 8700000
oks: 8800000
oks: 8900000
oks: 9000000
oks: 9100000
oks: 9200000
oks: 9300000
oks: 9400000
oks: 9500000
oks: 9600000
oks: 9700000
oks: 9800000
oks: 9900000
oks: 10000000
oks: 10100000
oks: 10200000
oks: 10300000
oks: 10400000
oks: 10500000
oks: 10600000
oks: 10700000
oks: 10800000
oks: 10900000
oks: 11000000
oks: 11100000
oks: 11200000
oks: 11300000
oks: 11400000
oks: 11500000
oks: 11600000
oks: 11700000
oks: 11800000
oks: 11900000
oks: 12000000
oks: 12100000
oks: 12200000
oks: 12300000
oks: 12400000
oks: 12500000
oks: 12600000
oks: 12700000
oks: 12800000
oks: 12900000
oks: 13000000
oks: 13100000
oks: 13200000
oks: 13300000
oks: 13400000
oks: 13500000
oks: 13600000
oks: 13700000
oks: 13800000
oks: 13900000
oks: 14000000
oks: 14100000
oks: 14200000
oks: 14300000
oks: 14400000
oks: 14500000
oks: 14600000
oks: 14700000
oks: 14800000
oks: 14900000
oks: 15000000
oks: 15100000
oks: 15200000
oks: 15300000
oks: 15400000
oks: 15500000
oks: 15600000
oks: 15700000
oks: 15800000
oks: 15900000
oks: 16000000
oks: 16100000
oks: 16200000
oks: 16300000
oks: 16400000
oks: 16500000
oks: 16600000
oks: 16700000
oks: 16800000
oks: 16900000
oks: 17000000
oks: 17100000
oks: 17200000
oks: 17300000
oks: 17400000
oks: 17500000
oks: 17600000
oks: 17700000
oks: 17800000
oks: 17900000
oks: 18000000
oks: 18100000
oks: 18200000
oks: 18300000
oks: 18400000
oks: 18500000
oks: 18600000
oks: 18700000
oks: 18800000
oks: 18900000
oks: 19000000
oks: 19100000
oks: 19200000
oks: 19300000
oks: 19400000
oks: 19500000
oks: 19600000
oks: 19700000
oks: 19800000
oks: 19900000
oks: 20000000
oks: 20100000
oks: 20200000
oks: 20300000
oks: 20400000
oks: 20500000
oks: 20600000
oks: 20700000
oks: 20800000
oks: 20900000
oks: 21000000
oks: 21100000
oks: 21200000
oks: 21300000
oks: 21400000
oks: 21500000
oks: 21600000
oks: 21700000
oks: 21800000
oks: 21900000
oks: 22000000
oks: 22100000
oks: 22200000
oks: 22300000
oks: 22400000
oks: 22500000
oks: 22600000
oks: 22700000
oks: 22800000
oks: 22900000
oks: 23000000
oks: 23100000
oks: 23200000
oks: 23300000
oks: 23400000
oks: 23500000
oks: 23600000
oks: 23700000
oks: 23800000
oks: 23900000
oks: 24000000
oks: 24100000
oks: 24200000
oks: 24300000
oks: 24400000
oks: 24500000
oks: 24600000
oks: 24700000
oks: 24800000
oks: 24900000
oks: 25000000
oks: 25100000
oks: 25200000
oks: 25300000
oks: 25400000
oks: 25500000
oks: 25600000
oks: 25700000
oks: 25800000
oks: 25900000
oks: 26000000
oks: 26100000
oks: 26200000
Special Command: PAUSE, Send SUCCESS

rocksdb	workloads/motivation.spec	1
# Load duration (sec): 1482.59
# Loading records:	26214400
# Load throughput (KOPS): 17.6815
Count: 26214400  Average: 56.4204  StdDev: 27.37
Percentiles(us): P50: 55.77 P90: 63.12 P99: 69.66 P99.9: 79.97 P99.99: 97.95
------------------------------------------------------
[      45,      50 )  321847   1.228%   1.228% 
[      50,      60 ) 22145321  84.478%  85.705% #################
[      60,      70 ) 3607785  13.763%  99.468% ###
[      70,      80 )  113530   0.433%  99.901% 
[      80,      90 )   21044   0.080%  99.981% 
[      90,     100 )    2832   0.011%  99.992% 
[     100,     120 )    1028   0.004%  99.996% 
[     120,     140 )     588   0.002%  99.998% 
[     140,     160 )      76   0.000%  99.999% 
[     160,     180 )      36   0.000%  99.999% 
[     180,     200 )      51   0.000%  99.999% 
[     200,     250 )     160   0.001% 100.000% 
[     250,     300 )      53   0.000% 100.000% 
[     300,     350 )       2   0.000% 100.000% 
[     400,     450 )       1   0.000% 100.000% 
[     450,     500 )       1   0.000% 100.000% 
[     500,     600 )       3   0.000% 100.000% 
[     600,     700 )       3   0.000% 100.000% 
[     700,     800 )       2   0.000% 100.000% 
[     800,     900 )       1   0.000% 100.000% 
[     900,    1000 )       2   0.000% 100.000% 
[    1000,    1200 )       2   0.000% 100.000% 
[    1200,    1400 )       4   0.000% 100.000% 
[    1400,    1600 )       2   0.000% 100.000% 
[    1600,    1800 )       2   0.000% 100.000% 
[    1800,    2000 )       3   0.000% 100.000% 
[    2000,    2500 )      14   0.000% 100.000% 
[    2500,    3000 )       1   0.000% 100.000% 
[    3000,    3500 )       1   0.000% 100.000% 
[   12000,   14000 )       1   0.000% 100.000% 
[   14000,   16000 )       1   0.000% 100.000% 
[   25000,   30000 )       1   0.000% 100.000% 
[   50000,   60000 )       1   0.000% 100.000% 
[  120000,  140000 )       1   0.000% 100.000% 

Waiting 10s before performing transactions......

Avg CPU utilization (percent): 40.75

Starting performing transactions......

Special Command: STOP, Send SUCCESS
# Run duration (ms): 2.90118
# Run operations:	50000
# Run throughput (KOPS): 17.2344
Count: 50000  Average: 57.8825  StdDev: 3.22
Percentiles(us): P50: 56.27 P90: 65.10 P99: 69.59 P99.9: 76.29 P99.99: 110.00
------------------------------------------------------
[      50,      60 )   39898  79.796%  79.796% ################
[      60,      70 )   10008  20.016%  99.812% ####
[      70,      80 )      70   0.140%  99.952% 
[      80,      90 )      12   0.024%  99.976% 
[      90,     100 )       5   0.010%  99.986% 
[     100,     120 )       4   0.008%  99.994% 
[     120,     140 )       2   0.004%  99.998% 
[     250,     300 )       1   0.002% 100.000% 


Avg CPU utilization (percent): 40.29

