fieldlength: 8168
recordcount: 3276800
oks: 100000
oks: 200000
oks: 300000
oks: 400000
oks: 500000
oks: 600000
oks: 700000
oks: 800000
oks: 900000
oks: 1000000
oks: 1100000
oks: 1200000
oks: 1300000
oks: 1400000
oks: 1500000
oks: 1600000
oks: 1700000
oks: 1800000
oks: 1900000
oks: 2000000
oks: 2100000
oks: 2200000
oks: 2300000
oks: 2400000
oks: 2500000
oks: 2600000
oks: 2700000
oks: 2800000
oks: 2900000
oks: 3000000
oks: 3100000
oks: 3200000
Special Command: PAUSE, Send SUCCESS

rocksdb	workloads/motivation.spec	1
# Load duration (sec): 234.371
# Loading records:	3276800
# Load throughput (KOPS): 13.9812
Count: 3276800  Average: 71.3801  StdDev: 11.82
Percentiles(us): P50: 71.13 P90: 78.85 P99: 91.37 P99.9: 116.50 P99.99: 198.88
------------------------------------------------------
[      60,      70 ) 1446336  44.139%  44.139% #########
[      70,      80 ) 1698556  51.836%  95.974% ##########
[      80,      90 )   95952   2.928%  98.903% #
[      90,     100 )   23187   0.708%  99.610% 
[     100,     120 )   11509   0.351%  99.962% 
[     120,     140 )     679   0.021%  99.982% 
[     140,     160 )     137   0.004%  99.986% 
[     160,     180 )      71   0.002%  99.989% 
[     180,     200 )      48   0.001%  99.990% 
[     200,     250 )     181   0.006%  99.996% 
[     250,     300 )      68   0.002%  99.998% 
[     300,     350 )      30   0.001%  99.999% 
[     350,     400 )      18   0.001%  99.999% 
[     400,     450 )       7   0.000%  99.999% 
[     500,     600 )       5   0.000% 100.000% 
[     600,     700 )       2   0.000% 100.000% 
[     800,     900 )       1   0.000% 100.000% 
[     900,    1000 )       1   0.000% 100.000% 
[    1200,    1400 )       1   0.000% 100.000% 
[    1400,    1600 )       1   0.000% 100.000% 
[    1600,    1800 )       3   0.000% 100.000% 
[    1800,    2000 )       2   0.000% 100.000% 
[    3000,    3500 )       1   0.000% 100.000% 
[    4000,    4500 )       1   0.000% 100.000% 
[    5000,    6000 )       1   0.000% 100.000% 
[   10000,   12000 )       1   0.000% 100.000% 
[   12000,   14000 )       1   0.000% 100.000% 

Waiting 10s before performing transactions......

Avg CPU utilization (percent): 34.41

Starting performing transactions......

Special Command: STOP, Send SUCCESS
# Run duration (ms): 3.53131
# Run operations:	50000
# Run throughput (KOPS): 14.1591
Count: 50000  Average: 70.4806  StdDev: 3.96
Percentiles(us): P50: 69.28 P90: 78.00 P99: 79.99 P99.9: 114.13 P99.99: 230.00
------------------------------------------------------
[      60,      70 )   26927  53.854%  53.854% ###########
[      70,      80 )   22595  45.190%  99.044% #########
[      80,      90 )     301   0.602%  99.646% 
[      90,     100 )      62   0.124%  99.770% 
[     100,     120 )      92   0.184%  99.954% 
[     120,     140 )      12   0.024%  99.978% 
[     140,     160 )       3   0.006%  99.984% 
[     200,     250 )       5   0.010%  99.994% 
[     250,     300 )       2   0.004%  99.998% 
[     300,     350 )       1   0.002% 100.000% 


Avg CPU utilization (percent): 35.15

