210.4
210.4
210.4
210.5
210.5
210.5
210.5
210.6
210.6
210.6
210.6
210.6
210.7
210.7
210.7
210.7
210.7
210.8
210.8
210.8
209.8
209.9
209.9
209.9
209.9
210
210
210
210
210
210.1
210.1
210.1
210.1
210.2
210.2
210.2
210.2
210.3
210.3
210.3
210.3
210.3
210.4
210.4
210.4
210.4
210.5
210.5
210.5
210.5
210.5
210.6
210.6
209.6
209.6
209.7
209.7
209.7
209.7
209.7
209.8
209.8
209.8
209.8
209.9
209.9
209.9
209.9
210
210
210
210
210
210.1
210.1
210.1
210.1
210.2
210.2
210.2
210.2
210.2
210.3
210.3
210.3
210.3
210.3
210.4
210.4
210.4
210.4
210.5
210.5
210.5
209.5
209.5
209.6
209.6
209.6
209.6
209.6
209.7
209.7
209.7
209.7
209.8
209.8
209.8
209.8
209.8
209.9
209.9
209.9
209.9
209.9
210
210
210
210
210.1
210.1
210.1
210.1
210.1
210.2
210.2
210.2
210.2
209.2
209.2
209.3
209.3
209.3
209.3
209.3
209.4
209.4
209.4
209.4
209.4
209.5
209.5
209.5
209.5
209.5
209.5
209.6
209.6
209.6
209.6
209.6
209.6
209.7
209.7
209.7
209.7
209.8
209.8
209.8
209.8
209.8
209.8
208.9
208.9
208.9
208.9
209
209
209
209
209
209.1
209.1
209.1
209.1
209.1
209.2
209.2
209.2
209.2
209.2
209.2
209.3
209.3
209.3
209.3
209.3
209.4
209.4
209.4
209.4
209.4
209.4
209.5
209.5
209.5
209.5
209.5
209.6
209.6
209.6
209.6
209.6
208.6
208.7
208.7
208.7
208.7
208.7
208.7
208.8
208.8
208.8
208.8
208.8
208.8
208.9
208.9
208.9
208.9
208.9
208.9
209
209
209
209
209
209
209.1
209.1
209.1
209.1
209.1
209.2
209.2
209.2
209.2
209.2
209.2
208.3
208.3
208.3
208.3
208.3
208.3
208.4
208.4
208.4
208.4
208.4
208.5
208.5
208.5
208.5
208.5
208.5
208.6
208.6
208.6
208.6
208.6
208.6
208.6
208.7
208.7
208.7
208.7
208.7
208.7
208.7
208.8
208.8
208.8
208.8
208.8
208.9
208.9
208.9
208.9
208.9
208.9
209
209
209
209
209
209
208.1
208.1
208.1
208.1
208.1
208.1
208.1
208.2
208.2
208.2
208.2
208.2
208.3
208.3
208.3
208.3
208.3
208.3
208.4
208.4
208.4
208.4
208.4
208.4
208.5
208.5
208.5
208.5
208.5
208.5
208.5
208.6
208.6
208.6
208.6
208.6
208.6
208.7
207.7
207.7
207.7
207.7
207.7
207.8
207.8
207.8
207.8
207.8
207.8
207.9
207.9
207.9
207.9
207.9
207.9
207.9
208
208
208
208
208
208
208.1
208.1
208.1
208.1
208.1
208.2
208.2
208.2
208.2
208.2
208.2
208.3
208.3
208.3
208.3
208.3
208.3
207.3
207.4
207.4
207.4
207.4
207.4
207.4
207.5
207.5
207.5
207.5
207.5
207.5
207.5
207.6
207.6
207.6
207.6
207.6
207.6
207.7
207.7
207.7
207.7
207.7
207.7
207.7
207.8
207.8
207.8
207.8
207.8
207.8
207.9
207.9
207.9
207.9
207.9
207.9
208
208
208
208
208
208
208
208.1
208.1
207.1
207.1
207.1
207.1
207.1
207.2
207.2
207.2
207.2
207.2
207.2
207.3
207.3
207.3
207.3
207.3
207.3
207.4
207.4
207.4
207.4
207.4
207.4
207.4
207.5
207.5
207.5
207.5
207.5
207.5
207.5
207.5
207.6
207.6
207.6
207.6
207.6
207.6
207.6
207.7
207.7
207.7
207.7
207.7
207.7
207.8
206.8
206.8
206.8
206.8
206.8
206.8
206.9
206.9
206.9
206.9
206.9
206.9
206.9
207
207
207
207
207
207
207
207.1
207.1
207.1
207.1
207.1
207.1
207.1
207.2
207.2
207.2
207.2
207.2
207.2
207.2
207.2
207.3
207.3
207.3
207.3
207.3
207.3
207.4
207.4
207.4
207.4
207.4
207.4
207.4
207.4
207.5
207.5
207.5
207.5
207.5
207.5
206.6
206.6
206.6
206.6
206.6
206.6
206.6
206.7
206.7
206.7
206.7
206.7
206.7
206.7
206.7
206.8
206.8
206.8
206.8
206.8
206.8
206.8
206.9
206.9
206.9
206.9
206.9
206.9
206.9
207
207
207
207
207
207
207
207.1
207.1
207.1
207.1
207.1
207.1
207.1
207.1
207.2
207.2
207.2
207.2
207.2
206.2
206.2
206.2
206.3
206.3
206.3
206.3
206.3
206.3
206.3
206.3
206.4
206.4
206.4
206.4
206.4
206.4
206.4
206.4
206.5
206.5
206.5
206.5
206.5
206.5
206.5
206.6
206.6
206.6
206.6
206.6
206.6
206.6
206.7
206.7
206.7
206.7
206.7
206.7
206.7
206.7
206.8
206.8
206.8
206.8
206.8
206.8
206.8
206.8
206.9
206.9
206.9
206.9
206.9
206.9
206.9
206.9
207
207
207
207
207
206
206
206
206
206
206.1
206.1
206.1
206.1
206.1
206.1
206.1
206.1
206.1
206.2
206.2
206.2
206.2
206.2
206.2
206.2
206.2
206.3
206.3
206.3
206.3
206.3
206.3
206.3
206.3
206.4
206.4
206.4
206.4
206.4
206.4
206.4
206.4
206.5
206.5
206.5
206.5
206.5
206.5
206.5
206.5
206.5
206.5
206.6
206.6
206.6
206.6
206.6
206.6
206.6
206.6
206.6
206.6
206.7
206.7
205.7
205.7
205.7
205.7
205.7
205.7
205.7
205.8
205.8
205.8
205.8
205.8
205.8
205.8
205.8
205.9
205.9
205.9
205.9
205.9
205.9
205.9
205.9
206
206
206
206
206
206
206
206
206.1
206.1
206.1
206.1
206.1
206.1
206.1
206.2
206.2
206.2
206.2
206.2
206.2
206.2
206.2
206.3
206.3
206.3
206.3
206.3
206.3
205.3
205.3
205.3
205.4
205.4
205.4
205.4
205.4
205.4
205.4
205.4
205.4
205.5
205.5
205.5
205.5
205.5
205.5
205.5
205.5
205.6
205.6
205.6
205.6
205.6
205.6
205.6
205.6
205.6
205.7
205.7
205.7
205.7
205.7
205.7
205.7
205.7
205.8
205.8
205.8
205.8
205.8
205.8
205.8
205.8
205.9
205.9
205.9
205.9
205.9
205.9
205.9
205.9
205.9
206
206
206
206
206
206
206
206
206
206
205
205.1
205.1
205.1
205.1
205.1
205.1
205.1
205.1
205.1
205.2
205.2
205.2
205.2
205.2
205.2
205.2
205.2
205.2
205.2
205.3
205.3
205.3
205.3
205.3
205.3
205.3
205.3
205.3
205.3
205.3
205.4
205.4
205.4
205.4
205.4
205.4
205.4
205.4
205.5
205.5
205.5
205.5
205.5
205.5
205.5
205.5
205.5
205.5
205.5
205.5
205.6
205.6
205.6
205.6
205.6
205.6
204.6
204.6
204.6
204.6
204.7
204.7
204.7
204.7
204.7
204.7
204.7
204.7
204.7
204.7
204.8
204.8
204.8
204.8
204.8
204.8
204.8
204.8
204.8
204.9
204.9
204.9
204.9
204.9
204.9
204.9
204.9
204.9
204.9
205
205
205
205
205
205
205
205
205
205
205.1
205.1
205.1
205.1
205.1
205.1
205.1
205.1
205.1
205.1
205.1
205.2
205.2
205.2
205.2
205.2
205.2
205.2
205.2
205.2
205.2
205.3
205.3
205.3
205.3
205.3
205.3
205.3
205.3
205.3
205.4
204.4
204.4
204.4
204.4
204.4
204.4
204.4
204.4
204.4
204.5
204.5
204.5
204.5
204.5
204.5
204.5
204.5
204.6
204.6
204.6
204.6
204.6
204.6
204.6
204.6
204.6
204.6
204.6
204.6
204.7
204.7
204.7
204.7
204.7
204.7
204.7
204.7
204.7
204.7
204.8
204.8
204.8
204.8
204.8
204.8
204.8
204.8
204.8
204.9
204.9
204.9
204.9
204.9
204.9
204.9
204.9
204.9
204.9
204.9
205
205
205
205
205
205
205
205
205.1
205.1
205.1
205.1
205.1
205.1
204.1
204.1
204.1
204.1
204.1
204.2
204.2
204.2
204.2
204.2
204.2
204.2
204.2
204.2
204.2
204.3
204.3
204.3
204.3
204.3
204.3
204.3
204.3
204.3
204.3
204.4
204.4
204.4
204.4
204.4
204.4
204.4
204.4
204.4
204.4
204.4
204.4
204.5
204.5
204.5
204.5
204.5
204.5
204.5
204.5
204.5
204.6
204.6
204.6
204.6
204.6
204.6
204.6
204.6
204.6
204.6
204.7
204.6
204.7
204.7
204.7
204.7
204.7
204.7
204.7
204.7
203.7
203.8
203.8
203.8
203.8
203.8
203.8
203.8
203.8
203.8
203.8
203.8
203.9
203.9
203.9
203.9
203.9
203.9
203.9
203.9
203.9
203.9
204
204
204
204
204
204
204
204
204
204
204.1
204.1
204.1
204.1
204.1
204.1
204.1
204.1
204.1
204.1
204.1
204.2
204.2
204.2
204.2
204.2
204.2
204.2
204.2
204.2
204.2
204.2
204.3
204.3
204.3
204.3
204.3
204.3
204.3
204.3
204.3
204.3
204.3
204.4
204.4
204.4
204.4
204.4
204.4
204.4
204.4
204.4
204.4
204.5
204.5
204.5
204.5
204.5
204.5
204.5
204.5
204.5
204.5
204.5
204.6
204.6
203.6
203.6
203.6
203.6
203.6
203.6
203.6
203.6
203.6
203.7
203.7
203.7
203.7
203.7
203.7
203.7
203.7
203.7
203.7
203.7
203.8
203.8
203.8
203.8
203.8
203.8
203.8
203.8
203.8
203.8
203.8
203.9
203.9
203.9
203.9
203.9
203.9
203.9
203.9
203.9
203.9
203.9
203.9
203.9
204
204
204
204
204
204
204
204
204
204
204
204.1
204.1
204.1
204.1
204.1
204.1
204.1
204.1
204.1
204.1
204.1
204.1
204.1
204.2
204.2
204.2
204.2
204.2
204.2
204.2
204.2
204.2
204.2
204.2
204.2
204.2
204.3
204.3
204.3
203.3
203.3
203.3
203.3
203.3
203.3
203.3
203.3
203.3
203.4
203.4
203.4
203.4
203.4
203.4
203.4
203.4
203.4
203.4
203.4
203.4
203.5
203.5
203.5
203.5
203.5
203.5
203.5
203.5
203.5
203.5
203.5
203.5
203.6
203.6
203.6
203.6
203.6
203.6
203.6
203.6
203.6
203.6
203.6
203.7
203.7
203.7
203.7
203.7
203.7
203.7
203.7
203.7
203.7
203.8
203.8
203.8
203.8
203.8
203.8
203.8
203.8
203.8
203.8
203.8
203.8
203.9
203.9
203.9
203.9
203.9
203.9
203.9
203.9
203.9
203.9
203.9
204
204
204
204
204
204
204
204
204
204.1
204.1
204.1
204.1
204.1
204.1
203.1
203.1
203.1
203.1
203.1
203.1
203.1
203.2
203.2
203.2
203.2
203.2
203.2
203.2
203.2
203.2
203.2
203.2
203.2
203.2
203.3
203.3
203.3
203.3
203.3
203.3
203.3
203.3
203.3
203.3
203.4
203.4
203.4
203.4
203.4
203.4
203.4
203.4
203.4
203.4
203.4
203.4
203.5
203.5
203.5
203.5
203.5
203.5
203.5
203.5
203.5
203.5
203.5
203.5
203.5
203.5
203.6
203.6
203.6
203.6
203.6
203.6
203.6
203.6
203.6
203.6
203.6
203.6
203.7
203.7
203.7
203.7
203.7
203.7
203.7
203.7
203.7
203.7
203.7
203.7
203.7
203.7
203.8
203.8
203.8
203.8
203.8
203.8
203.8
203.8
203.8
203.8
203.8
203.8
202.8
202.9
202.9
202.9
202.9
202.9
202.9
202.9
202.9
202.9
202.9
202.9
202.9
202.9
202.9
203
203
203
203
203
203
203
203
203
203
203
203
203.1
203.1
203.1
203.1
203.1
203.1
203.1
203.1
203.1
203.1
203.1
203.1
203.1
203.1
203.1
203.2
203.2
203.2
203.2
203.2
203.2
203.2
203.2
203.2
203.2
203.2
203.2
203.2
203.3
203.3
203.3
203.3
203.3
203.3
203.3
203.3
203.3
203.3
203.3
203.3
203.3
203.3
203.3
203.4
203.4
203.4
203.4
203.4
203.4
203.4
203.4
203.4
203.4
203.4
203.4
203.4
203.5
203.5
203.5
203.5
203.5
203.5
203.5
203.5
203.5
203.5
202.5
202.5
202.6
202.6
202.6
202.6
202.6
202.6
202.6
202.6
202.6
202.6
202.6
202.6
202.6
202.7
202.7
202.7
202.7
202.7
202.7
202.7
202.7
202.7
202.7
202.7
202.7
202.7
202.8
202.8
202.8
202.8
202.8
202.8
202.8
202.8
202.8
202.8
202.8
202.8
202.8
202.8
202.8
202.9
202.9
202.9
202.9
202.9
202.9
202.9
202.9
202.9
202.9
202.9
202.9
202.9
203
203
203
203
203
203
203
203
203
203
203
203
203
203
203
203
203.1
203.1
203.1
203.1
203.1
203.1
203.1
203.1
203.1
203.1
203.1
203.1
203.1
203.1
203.1
203.1
203.2
203.2
203.2
203.2
203.2
203.2
203.2
203.2
203.2
203.2
203.2
203.2
203.2
203.2
203.3
203.3
203.3
202.3
202.3
202.3
202.3
202.3
202.3
202.3
202.3
202.3
202.3
202.3
202.3
202.3
202.3
202.4
202.4
202.4
202.4
202.4
202.4
202.4
202.4
202.4
202.4
202.4
202.4
202.4
202.4
202.4
202.4
202.5
202.5
202.5
202.5
202.5
202.5
202.5
202.5
202.5
202.5
202.5
202.5
202.5
202.5
202.5
202.6
202.6
202.6
202.6
202.6
202.6
202.6
202.6
202.6
202.6
202.6
202.6
202.6
202.6
202.6
202.6
202.6
202.6
202.6
202.6
202.6
202.6
202.6
202.5
202.5
202.5
