/usr/bin/java -Xmx64G -XX:MaxDirectMemorySize=64G -classpath /root/YCSB/conf:/root/YCSB/core/target/core-0.18.0-SNAPSHOT.jar:/root/YCSB/rocksdb/target/rocksdb-binding-0.18.0-SNAPSHOT.jar:/root/YCSB/rocksdb/target/dependency/HdrHistogram-2.1.4.jar:/root/YCSB/rocksdb/target/dependency/animal-sniffer-annotations-1.19.jar:/root/YCSB/rocksdb/target/dependency/annotations-4.1.1.4.jar:/root/YCSB/rocksdb/target/dependency/checker-compat-qual-2.5.5.jar:/root/YCSB/rocksdb/target/dependency/error_prone_annotations-2.4.0.jar:/root/YCSB/rocksdb/target/dependency/failureaccess-1.0.1.jar:/root/YCSB/rocksdb/target/dependency/grpc-api-1.37.1.jar:/root/YCSB/rocksdb/target/dependency/grpc-context-1.37.1.jar:/root/YCSB/rocksdb/target/dependency/grpc-core-1.37.1.jar:/root/YCSB/rocksdb/target/dependency/grpc-netty-shaded-1.37.1.jar:/root/YCSB/rocksdb/target/dependency/grpc-protobuf-1.37.1.jar:/root/YCSB/rocksdb/target/dependency/grpc-protobuf-lite-1.37.1.jar:/root/YCSB/rocksdb/target/dependency/grpc-stub-1.37.1.jar:/root/YCSB/rocksdb/target/dependency/gson-2.8.6.jar:/root/YCSB/rocksdb/target/dependency/guava-30.0-android.jar:/root/YCSB/rocksdb/target/dependency/htrace-core4-4.1.0-incubating.jar:/root/YCSB/rocksdb/target/dependency/j2objc-annotations-1.3.jar:/root/YCSB/rocksdb/target/dependency/jcip-annotations-1.0.jar:/root/YCSB/rocksdb/target/dependency/jsr305-3.0.2.jar:/root/YCSB/rocksdb/target/dependency/listenablefuture-9999.0-empty-to-avoid-conflict-with-guava.jar:/root/YCSB/rocksdb/target/dependency/perfmark-api-0.23.0.jar:/root/YCSB/rocksdb/target/dependency/proto-google-common-protos-2.0.1.jar:/root/YCSB/rocksdb/target/dependency/protobuf-java-3.12.0.jar:/root/YCSB/rocksdb/target/dependency/rocksdbjni-6.14.0.jar:/root/YCSB/rocksdb/target/dependency/slf4j-api-1.7.25.jar:/root/YCSB/rocksdb/target/dependency/slf4j-simple-1.7.25.jar site.ycsb.db.rocksdb.Replicator  -db site.ycsb.db.rocksdb.RocksDBClient -s -P workloads/workloadc -p port=50040 -p shard=3 -p client=4 -p head0=10.10.1.2:50050 -p tail0=10.10.1.4:50050 -p head1=10.10.1.3:50051 -p tail1=10.10.1.2:50051 -p head2=10.10.1.4:50052 -p tail2=10.10.1.3:50052 -p replica=3
Command line: -db site.ycsb.db.rocksdb.RocksDBClient -s -P workloads/workloadc -p port=50040 -p shard=3 -p client=4 -p head0=10.10.1.2:50050 -p tail0=10.10.1.4:50050 -p head1=10.10.1.3:50051 -p tail1=10.10.1.2:50051 -p head2=10.10.1.4:50052 -p tail2=10.10.1.3:50052 -p replica=3
[main] INFO site.ycsb.db.rocksdb.Replicator - Server started, listening on 50040
Detecting ssh root@10.10.1.4 "while true; do     if  ps aux | grep 'db_node 50050' | grep -v grep > /dev/null; then       break;     fi;     sleep 1; done"
Detecting ssh root@10.10.1.2 "while true; do     if  ps aux | grep 'db_node 50051' | grep -v grep > /dev/null; then       break;     fi;     sleep 1; done"
Detecting ssh root@10.10.1.3 "while true; do     if  ps aux | grep 'db_node 50052' | grep -v grep > /dev/null; then       break;     fi;     sleep 1; done"
Detected shard 2 alive true on 10.10.1.3 with code 0
Detected shard 0 alive true on 10.10.1.4 with code 0
Detecting ssh root@10.10.1.3 "while true; do     if ! ps aux | grep 'db_node 50052' | grep -v grep > /dev/null; then       break;     fi;     sleep 1; done"
Detecting ssh root@10.10.1.4 "while true; do     if ! ps aux | grep 'db_node 50050' | grep -v grep > /dev/null; then       break;     fi;     sleep 1; done"
Detected shard 1 alive true on 10.10.1.2 with code 0
Detecting ssh root@10.10.1.2 "while true; do     if ! ps aux | grep 'db_node 50051' | grep -v grep > /dev/null; then       break;     fi;     sleep 1; done"
observerMap[0] [2] [1] changes from null to io.grpc.stub.ServerCalls$ServerCallStreamObserverImpl@12a6e942
observerMap[2] [0] [1] changes from null to io.grpc.stub.ServerCalls$ServerCallStreamObserverImpl@40ca7c9f
observerMap[0] [1] [1] changes from null to io.grpc.stub.ServerCalls$ServerCallStreamObserverImpl@56a166ca
observerMap[2] [3] [1] changes from null to io.grpc.stub.ServerCalls$ServerCallStreamObserverImpl@4363d006
observerAccumulator 2 shard 2
observerAccumulator 2 shard 0
observerAccumulator 3 shard 0
observerAccumulator 4 shard 2
observerMap[1] [3] [1] changes from null to io.grpc.stub.ServerCalls$ServerCallStreamObserverImpl@7486d6dc
observerAccumulator 5 shard 1
observerMap[2] [2] [1] changes from null to io.grpc.stub.ServerCalls$ServerCallStreamObserverImpl@164271ad
observerMap[1] [0] [1] changes from null to io.grpc.stub.ServerCalls$ServerCallStreamObserverImpl@7844dd20
observerAccumulator 6 shard 1
observerAccumulator 7 shard 2
observerMap[2] [1] [1] changes from null to io.grpc.stub.ServerCalls$ServerCallStreamObserverImpl@312271d2
observerAccumulator 8 shard 2
observerMap[1] [1] [1] changes from null to io.grpc.stub.ServerCalls$ServerCallStreamObserverImpl@e904525
observerAccumulator 9 shard 1
observerMap[1] [2] [1] changes from null to io.grpc.stub.ServerCalls$ServerCallStreamObserverImpl@d164de6
observerAccumulator 10 shard 1
observerMap[0] [3] [1] changes from null to io.grpc.stub.ServerCalls$ServerCallStreamObserverImpl@984b967
observerAccumulator 11 shard 0
observerMap[0] [0] [1] changes from null to io.grpc.stub.ServerCalls$ServerCallStreamObserverImpl@469e9c15
observerAccumulator 12 shard 0
observerMap[0] [3] [1] changes from io.grpc.stub.ServerCalls$ServerCallStreamObserverImpl@984b967 to io.grpc.stub.ServerCalls$ServerCallStreamObserverImpl@71993169
observerMap[2] [3] [1] changes from io.grpc.stub.ServerCalls$ServerCallStreamObserverImpl@4363d006 to io.grpc.stub.ServerCalls$ServerCallStreamObserverImpl@3642e7ce
observerMap[1] [3] [1] changes from io.grpc.stub.ServerCalls$ServerCallStreamObserverImpl@7486d6dc to io.grpc.stub.ServerCalls$ServerCallStreamObserverImpl@4ac1410f
observerAccumulator 15 shard 1
observerAccumulator 15 shard 2
observerAccumulator 15 shard 0
headObserver.onCompleted shard: 0 client: 3 write:true 2025-08-10 18:55:25.42
dumbObserver.onError shard: 0 client: 3 write:true 2025-08-10 18:55:25.424
dumbObserver.onCompleted shard: 2 client: 3 write:true 2025-08-10 18:55:25.424
dumbObserver.onError shard: 2 client: 3 write:true 2025-08-10 18:55:25.425
sendReply.onError shard: -1 client: -1 write:false 2025-08-10 18:55:25.421
headObserver.onCompleted shard: 2 client: 3 write:true 2025-08-10 18:55:25.42
headObserver.onCompleted shard: 2 client: 3 write:true 2025-08-10 18:55:25.42
sendReply.onError shard: 1 client: 3 write:true 2025-08-10 18:55:25.421
[grpc-default-executor-32] ERROR site.ycsb.db.rocksdb.Replicator - Encountered error in sendReply
[grpc-default-executor-27] ERROR site.ycsb.db.rocksdb.Replicator - Encountered error in sendReplydumbObserver.onCompleted shard: 1 client: 3 write:true 2025-08-10 18:55:25.425

dumbObserver.onCompleted shard: 0 client: 3 write:true 2025-08-10 18:55:25.424
sendReply.onError shard: 2 client: 3 write:true 2025-08-10 18:55:25.421
[grpc-default-executor-17] ERROR site.ycsb.db.rocksdb.Replicator - Encountered error in sendReplyheadObserver.onCompleted shard: 1 client: 3 write:true 2025-08-10 18:55:25.42

headObserver.onCompleted shard: 0 client: 3 write:true 2025-08-10 18:55:25.42
io.grpc.StatusRuntimeException: CANCELLED: client cancelledsendReply.onError shard: -1 client: -1 write:false 2025-08-10 18:55:25.421

headObserver.onCompleted shard: 1 client: 3 write:true 2025-08-10 18:55:25.42
sendReply.onError shard: 0 client: 3 write:true 2025-08-10 18:55:25.421
dumbObserver.onCompleted shard: 1 client: 3 write:true 2025-08-10 18:55:25.424
sendReply.onError shard: -1 client: -1 write:false 2025-08-10 18:55:25.421
	at io.grpc.Status.asRuntimeException(Status.java:526)
	at io.grpc.stub.ServerCalls$StreamingServerCallHandler$StreamingServerCallListener.onCancel(ServerCalls.java:284)
	at io.grpc.internal.ServerCallImpl$ServerStreamListenerImpl.closedInternal(ServerCallImpl.java:353)
	at io.grpc.internal.ServerCallImpl$ServerStreamListenerImpl.closed(ServerCallImpl.java:341)
	at io.grpc.internal.ServerImpl$JumpToApplicationThreadServerStreamListener$1Closed.runInContext(ServerImpl.java:844)
	at io.grpc.internal.ContextRunnable.run(ContextRunnable.java:37)
	at io.grpc.internal.SerializingExecutor.run(SerializingExecutor.java:123)
	at java.base/java.util.concurrent.ThreadPoolExecutor.runWorker(ThreadPoolExecutor.java:1128)
	at java.base/java.util.concurrent.ThreadPoolExecutor$Worker.run(ThreadPoolExecutor.java:628)
	at java.base/java.lang.Thread.run(Thread.java:829)
[grpc-default-executor-31] ERROR site.ycsb.db.rocksdb.Replicator - Encountered error in sendReply
[grpc-default-executor-15] ERROR site.ycsb.db.rocksdb.Replicator - Encountered error in sendReply
[grpc-default-executor-30] ERROR site.ycsb.db.rocksdb.Replicator - Encountered error in sendReply
io.grpc.StatusRuntimeException: CANCELLED: client cancelled
	at io.grpc.Status.asRuntimeException(Status.java:526)
	at io.grpc.stub.ServerCalls$StreamingServerCallHandler$StreamingServerCallListener.onCancel(ServerCalls.java:284)
	at io.grpc.internal.ServerCallImpl$ServerStreamListenerImpl.closedInternal(ServerCallImpl.java:353)
	at io.grpc.internal.ServerCallImpl$ServerStreamListenerImpl.closed(ServerCallImpl.java:341)
	at io.grpc.internal.ServerImpl$JumpToApplicationThreadServerStreamListener$1Closed.runInContext(ServerImpl.java:844)
	at io.grpc.internal.ContextRunnable.run(ContextRunnable.java:37)
	at io.grpc.internal.SerializingExecutor.run(SerializingExecutor.java:123)
	at java.base/java.util.concurrent.ThreadPoolExecutor.runWorker(ThreadPoolExecutor.java:1128)
	at java.base/java.util.concurrent.ThreadPoolExecutor$Worker.run(ThreadPoolExecutor.java:628)
	at java.base/java.lang.Thread.run(Thread.java:829)
io.grpc.StatusRuntimeException: CANCELLED: client cancelled
	at io.grpc.Status.asRuntimeException(Status.java:526)
	at io.grpc.stub.ServerCalls$StreamingServerCallHandler$StreamingServerCallListener.onCancel(ServerCalls.java:284)
	at io.grpc.internal.ServerCallImpl$ServerStreamListenerImpl.closedInternal(ServerCallImpl.java:353)
	at io.grpc.internal.ServerCallImpl$ServerStreamListenerImpl.closed(ServerCallImpl.java:341)
	at io.grpc.internal.ServerImpl$JumpToApplicationThreadServerStreamListener$1Closed.runInContext(ServerImpl.java:844)
	at io.grpc.internal.ContextRunnable.run(ContextRunnable.java:37)
	at io.grpc.internal.SerializingExecutor.run(SerializingExecutor.java:123)
	at java.base/java.util.concurrent.ThreadPoolExecutor.runWorker(ThreadPoolExecutor.java:1128)
	at java.base/java.util.concurrent.ThreadPoolExecutor$Worker.run(ThreadPoolExecutor.java:628)
	at java.base/java.lang.Thread.run(Thread.java:829)
io.grpc.StatusRuntimeException: CANCELLED: client cancelled
	at io.grpc.Status.asRuntimeException(Status.java:526)
	at io.grpc.stub.ServerCalls$StreamingServerCallHandler$StreamingServerCallListener.onCancel(ServerCalls.java:284)
	at io.grpc.internal.ServerCallImpl$ServerStreamListenerImpl.closedInternal(ServerCallImpl.java:353)
	at io.grpc.internal.ServerCallImpl$ServerStreamListenerImpl.closed(ServerCallImpl.java:341)
	at io.grpc.internal.ServerImpl$JumpToApplicationThreadServerStreamListener$1Closed.runInContext(ServerImpl.java:844)
	at io.grpc.internal.ContextRunnable.run(ContextRunnable.java:37)
	at io.grpc.internal.SerializingExecutor.run(SerializingExecutor.java:123)
	at java.base/java.util.concurrent.ThreadPoolExecutor.runWorker(ThreadPoolExecutor.java:1128)
	at java.base/java.util.concurrent.ThreadPoolExecutor$Worker.run(ThreadPoolExecutor.java:628)
	at java.base/java.lang.Thread.run(Thread.java:829)
io.grpc.StatusRuntimeException: CANCELLED: client cancelled
	at io.grpc.Status.asRuntimeException(Status.java:526)
	at io.grpc.stub.ServerCalls$StreamingServerCallHandler$StreamingServerCallListener.onCancel(ServerCalls.java:284)
	at io.grpc.internal.ServerCallImpl$ServerStreamListenerImpl.closedInternal(ServerCallImpl.java:353)
	at io.grpc.internal.ServerCallImpl$ServerStreamListenerImpl.closed(ServerCallImpl.java:341)
	at io.grpc.internal.ServerImpl$JumpToApplicationThreadServerStreamListener$1Closed.runInContext(ServerImpl.java:844)
	at io.grpc.internal.ContextRunnable.run(ContextRunnable.java:37)
	at io.grpc.internal.SerializingExecutor.run(SerializingExecutor.java:123)
	at java.base/java.util.concurrent.ThreadPoolExecutor.runWorker(ThreadPoolExecutor.java:1128)
	at java.base/java.util.concurrent.ThreadPoolExecutor$Worker.run(ThreadPoolExecutor.java:628)
	at java.base/java.lang.Thread.run(Thread.java:829)
io.grpc.StatusRuntimeException: CANCELLED: client cancelled
	at io.grpc.Status.asRuntimeException(Status.java:526)
	at io.grpc.stub.ServerCalls$StreamingServerCallHandler$StreamingServerCallListener.onCancel(ServerCalls.java:284)
	at io.grpc.internal.ServerCallImpl$ServerStreamListenerImpl.closedInternal(ServerCallImpl.java:353)
	at io.grpc.internal.ServerCallImpl$ServerStreamListenerImpl.closed(ServerCallImpl.java:341)
	at io.grpc.internal.ServerImpl$JumpToApplicationThreadServerStreamListener$1Closed.runInContext(ServerImpl.java:844)
	at io.grpc.internal.ContextRunnable.run(ContextRunnable.java:37)
	at io.grpc.internal.SerializingExecutor.run(SerializingExecutor.java:123)
	at java.base/java.util.concurrent.ThreadPoolExecutor.runWorker(ThreadPoolExecutor.java:1128)
	at java.base/java.util.concurrent.ThreadPoolExecutor$Worker.run(ThreadPoolExecutor.java:628)
	at java.base/java.lang.Thread.run(Thread.java:829)
observerMap[0] [2] [1] changes from io.grpc.stub.ServerCalls$ServerCallStreamObserverImpl@12a6e942 to io.grpc.stub.ServerCalls$ServerCallStreamObserverImpl@481e1672
observerMap[1] [2] [1] changes from io.grpc.stub.ServerCalls$ServerCallStreamObserverImpl@d164de6 to io.grpc.stub.ServerCalls$ServerCallStreamObserverImpl@651a27e1
observerMap[2] [2] [1] changes from io.grpc.stub.ServerCalls$ServerCallStreamObserverImpl@164271ad to io.grpc.stub.ServerCalls$ServerCallStreamObserverImpl@6f98edb2
observerAccumulator 18 shard 2
observerAccumulator 18 shard 0
observerAccumulator 18 shard 1
headObserver.onCompleted shard: 1 client: 2 write:true 2025-08-10 18:55:26.094
headObserver.onCompleted shard: 0 client: 2 write:true 2025-08-10 18:55:26.094
headObserver.onCompleted shard: 0 client: 2 write:true 2025-08-10 18:55:26.094
headObserver.onCompleted shard: 2 client: 2 write:true 2025-08-10 18:55:26.094
headObserver.onCompleted shard: 1 client: 2 write:true 2025-08-10 18:55:26.094
headObserver.onCompleted shard: 2 client: 2 write:true 2025-08-10 18:55:26.094
sendReply.onError shard: 0 client: 2 write:true 2025-08-10 18:55:26.095
sendReply.onError shard: -1 client: -1 write:false 2025-08-10 18:55:26.096[grpc-default-executor-17] ERROR site.ycsb.db.rocksdb.Replicator - Encountered error in sendReply

sendReply.onError shard: -1 client: -1 write:false 2025-08-10 18:55:26.095
[grpc-default-executor-15] ERROR site.ycsb.db.rocksdb.Replicator - Encountered error in sendReply
sendReply.onError shard: -1 client: -1 write:false 2025-08-10 18:55:26.096[grpc-default-executor-30] ERROR site.ycsb.db.rocksdb.Replicator - Encountered error in sendReply

dumbObserver.onCompleted shard: 1 client: 2 write:true 2025-08-10 18:55:26.096
io.grpc.StatusRuntimeException: CANCELLED: client cancelled
sendReply.onError shard: 2 client: 2 write:true 2025-08-10 18:55:26.096
sendReply.onError shard: 1 client: 2 write:true 2025-08-10 18:55:26.096
	at io.grpc.Status.asRuntimeException(Status.java:526)
dumbObserver.onCompleted shard: 2 client: 2 write:true 2025-08-10 18:55:26.096
dumbObserver.onCompleted shard: 0 client: 2 write:true 2025-08-10 18:55:26.096
	at io.grpc.stub.ServerCalls$StreamingServerCallHandler$StreamingServerCallListener.onCancel(ServerCalls.java:284)
dumbObserver.onCompleted shard: 1 client: 2 write:true 2025-08-10 18:55:26.097
	at io.grpc.internal.ServerCallImpl$ServerStreamListenerImpl.closedInternal(ServerCallImpl.java:353)
dumbObserver.onCompleted shard: 2 client: 2 write:true 2025-08-10 18:55:26.096	at io.grpc.internal.ServerCallImpl$ServerStreamListenerImpl.closed(ServerCallImpl.java:341)

dumbObserver.onCompleted shard: 0 client: 2 write:true 2025-08-10 18:55:26.097
	at io.grpc.internal.ServerImpl$JumpToApplicationThreadServerStreamListener$1Closed.runInContext(ServerImpl.java:844)
	at io.grpc.internal.ContextRunnable.run(ContextRunnable.java:37)
	at io.grpc.internal.SerializingExecutor.run(SerializingExecutor.java:123)
	at java.base/java.util.concurrent.ThreadPoolExecutor.runWorker(ThreadPoolExecutor.java:1128)
	at java.base/java.util.concurrent.ThreadPoolExecutor$Worker.run(ThreadPoolExecutor.java:628)
	at java.base/java.lang.Thread.run(Thread.java:829)
io.grpc.StatusRuntimeException: CANCELLED: client cancelled
	at io.grpc.Status.asRuntimeException(Status.java:526)
	at io.grpc.stub.ServerCalls$StreamingServerCallHandler$StreamingServerCallListener.onCancel(ServerCalls.java:284)
	at io.grpc.internal.ServerCallImpl$ServerStreamListenerImpl.closedInternal(ServerCallImpl.java:353)
	at io.grpc.internal.ServerCallImpl$ServerStreamListenerImpl.closed(ServerCallImpl.java:341)
	at io.grpc.internal.ServerImpl$JumpToApplicationThreadServerStreamListener$1Closed.runInContext(ServerImpl.java:844)
	at io.grpc.internal.ContextRunnable.run(ContextRunnable.java:37)
	at io.grpc.internal.SerializingExecutor.run(SerializingExecutor.java:123)
	at java.base/java.util.concurrent.ThreadPoolExecutor.runWorker(ThreadPoolExecutor.java:1128)
	at java.base/java.util.concurrent.ThreadPoolExecutor$Worker.run(ThreadPoolExecutor.java:628)
	at java.base/java.lang.Thread.run(Thread.java:829)
[grpc-default-executor-40] ERROR site.ycsb.db.rocksdb.Replicator - Encountered error in sendReply
[grpc-default-executor-31] ERROR site.ycsb.db.rocksdb.Replicator - Encountered error in sendReply
io.grpc.StatusRuntimeException: CANCELLED: client cancelled
	at io.grpc.Status.asRuntimeException(Status.java:526)
	at io.grpc.stub.ServerCalls$StreamingServerCallHandler$StreamingServerCallListener.onCancel(ServerCalls.java:284)
	at io.grpc.internal.ServerCallImpl$ServerStreamListenerImpl.closedInternal(ServerCallImpl.java:353)
	at io.grpc.internal.ServerCallImpl$ServerStreamListenerImpl.closed(ServerCallImpl.java:341)
	at io.grpc.internal.ServerImpl$JumpToApplicationThreadServerStreamListener$1Closed.runInContext(ServerImpl.java:844)
	at io.grpc.internal.ContextRunnable.run(ContextRunnable.java:37)
	at io.grpc.internal.SerializingExecutor.run(SerializingExecutor.java:123)
	at java.base/java.util.concurrent.ThreadPoolExecutor.runWorker(ThreadPoolExecutor.java:1128)
	at java.base/java.util.concurrent.ThreadPoolExecutor$Worker.run(ThreadPoolExecutor.java:628)
	at java.base/java.lang.Thread.run(Thread.java:829)
[grpc-default-executor-32] ERROR site.ycsb.db.rocksdb.Replicator - Encountered error in sendReply
io.grpc.StatusRuntimeException: CANCELLED: client cancelled
	at io.grpc.Status.asRuntimeException(Status.java:526)
	at io.grpc.stub.ServerCalls$StreamingServerCallHandler$StreamingServerCallListener.onCancel(ServerCalls.java:284)
	at io.grpc.internal.ServerCallImpl$ServerStreamListenerImpl.closedInternal(ServerCallImpl.java:353)
	at io.grpc.internal.ServerCallImpl$ServerStreamListenerImpl.closed(ServerCallImpl.java:341)
	at io.grpc.internal.ServerImpl$JumpToApplicationThreadServerStreamListener$1Closed.runInContext(ServerImpl.java:844)
	at io.grpc.internal.ContextRunnable.run(ContextRunnable.java:37)
	at io.grpc.internal.SerializingExecutor.run(SerializingExecutor.java:123)
	at java.base/java.util.concurrent.ThreadPoolExecutor.runWorker(ThreadPoolExecutor.java:1128)
	at java.base/java.util.concurrent.ThreadPoolExecutor$Worker.run(ThreadPoolExecutor.java:628)
	at java.base/java.lang.Thread.run(Thread.java:829)
io.grpc.StatusRuntimeException: CANCELLED: client cancelled
	at io.grpc.Status.asRuntimeException(Status.java:526)
	at io.grpc.stub.ServerCalls$StreamingServerCallHandler$StreamingServerCallListener.onCancel(ServerCalls.java:284)
	at io.grpc.internal.ServerCallImpl$ServerStreamListenerImpl.closedInternal(ServerCallImpl.java:353)
	at io.grpc.internal.ServerCallImpl$ServerStreamListenerImpl.closed(ServerCallImpl.java:341)
	at io.grpc.internal.ServerImpl$JumpToApplicationThreadServerStreamListener$1Closed.runInContext(ServerImpl.java:844)
	at io.grpc.internal.ContextRunnable.run(ContextRunnable.java:37)
	at io.grpc.internal.SerializingExecutor.run(SerializingExecutor.java:123)
	at java.base/java.util.concurrent.ThreadPoolExecutor.runWorker(ThreadPoolExecutor.java:1128)
	at java.base/java.util.concurrent.ThreadPoolExecutor$Worker.run(ThreadPoolExecutor.java:628)
	at java.base/java.lang.Thread.run(Thread.java:829)
io.grpc.StatusRuntimeException: CANCELLED: client cancelled
	at io.grpc.Status.asRuntimeException(Status.java:526)
	at io.grpc.stub.ServerCalls$StreamingServerCallHandler$StreamingServerCallListener.onCancel(ServerCalls.java:284)
	at io.grpc.internal.ServerCallImpl$ServerStreamListenerImpl.closedInternal(ServerCallImpl.java:353)
	at io.grpc.internal.ServerCallImpl$ServerStreamListenerImpl.closed(ServerCallImpl.java:341)
	at io.grpc.internal.ServerImpl$JumpToApplicationThreadServerStreamListener$1Closed.runInContext(ServerImpl.java:844)
	at io.grpc.internal.ContextRunnable.run(ContextRunnable.java:37)
	at io.grpc.internal.SerializingExecutor.run(SerializingExecutor.java:123)
	at java.base/java.util.concurrent.ThreadPoolExecutor.runWorker(ThreadPoolExecutor.java:1128)
	at java.base/java.util.concurrent.ThreadPoolExecutor$Worker.run(ThreadPoolExecutor.java:628)
	at java.base/java.lang.Thread.run(Thread.java:829)
observerMap[0] [0] [1] changes from io.grpc.stub.ServerCalls$ServerCallStreamObserverImpl@469e9c15 to io.grpc.stub.ServerCalls$ServerCallStreamObserverImpl@674f1b59
observerMap[2] [0] [1] changes from io.grpc.stub.ServerCalls$ServerCallStreamObserverImpl@40ca7c9f to io.grpc.stub.ServerCalls$ServerCallStreamObserverImpl@38069051
observerMap[1] [0] [1] changes from io.grpc.stub.ServerCalls$ServerCallStreamObserverImpl@7844dd20 to io.grpc.stub.ServerCalls$ServerCallStreamObserverImpl@8da4c5
observerAccumulator 21 shard 2
observerAccumulator 21 shard 0
observerAccumulator 21 shard 1
headObserver.onCompleted shard: 0 client: 0 write:true 2025-08-10 18:55:31.567
headObserver.onCompleted shard: 2 client: 0 write:true 2025-08-10 18:55:31.567
headObserver.onCompleted shard: 1 client: 0 write:true 2025-08-10 18:55:31.567
headObserver.onCompleted shard: 1 client: 0 write:true 2025-08-10 18:55:31.567
headObserver.onCompleted shard: 0 client: 0 write:true 2025-08-10 18:55:31.567
headObserver.onCompleted shard: 2 client: 0 write:true 2025-08-10 18:55:31.567
sendReply.onError shard: -1 client: -1 write:false 2025-08-10 18:55:31.568
[grpc-default-executor-17] ERROR site.ycsb.db.rocksdb.Replicator - Encountered error in sendReply
sendReply.onError shard: -1 client: -1 write:false 2025-08-10 18:55:31.568
sendReply.onError shard: -1 client: -1 write:false 2025-08-10 18:55:31.568
io.grpc.StatusRuntimeException: CANCELLED: client cancelled
sendReply.onError shard: 2 client: 0 write:true 2025-08-10 18:55:31.568
sendReply.onError shard: 1 client: 0 write:true 2025-08-10 18:55:31.568	at io.grpc.Status.asRuntimeException(Status.java:526)
	at io.grpc.stub.ServerCalls$StreamingServerCallHandler$StreamingServerCallListener.onCancel(ServerCalls.java:284)
	at io.grpc.internal.ServerCallImpl$ServerStreamListenerImpl.closedInternal(ServerCallImpl.java:353)
	at io.grpc.internal.ServerCallImpl$ServerStreamListenerImpl.closed(ServerCallImpl.java:341)

	at io.grpc.internal.ServerImpl$JumpToApplicationThreadServerStreamListener$1Closed.runInContext(ServerImpl.java:844)
sendReply.onError shard: 0 client: 0 write:true 2025-08-10 18:55:31.568	at io.grpc.internal.ContextRunnable.run(ContextRunnable.java:37)

	at io.grpc.internal.SerializingExecutor.run(SerializingExecutor.java:123)
dumbObserver.onCompleted shard: 2 client: 0 write:true 2025-08-10 18:55:31.568	at java.base/java.util.concurrent.ThreadPoolExecutor.runWorker(ThreadPoolExecutor.java:1128)

	at java.base/java.util.concurrent.ThreadPoolExecutor$Worker.run(ThreadPoolExecutor.java:628)
dumbObserver.onCompleted shard: 0 client: 0 write:true 2025-08-10 18:55:31.568	at java.base/java.lang.Thread.run(Thread.java:829)
dumbObserver.onCompleted shard: 1 client: 0 write:true 2025-08-10 18:55:31.568
[grpc-default-executor-39] ERROR site.ycsb.db.rocksdb.Replicator - Encountered error in sendReply
[grpc-default-executor-40] ERROR site.ycsb.db.rocksdb.Replicator - Encountered error in sendReply

[grpc-default-executor-24] ERROR site.ycsb.db.rocksdb.Replicator - Encountered error in sendReplydumbObserver.onCompleted shard: 2 client: 0 write:true 2025-08-10 18:55:31.569

io.grpc.StatusRuntimeException: CANCELLED: client cancelleddumbObserver.onError shard: 0 client: 0 write:true 2025-08-10 18:55:31.568

dumbObserver.onError shard: 1 client: 0 write:true 2025-08-10 18:55:31.568
	at io.grpc.Status.asRuntimeException(Status.java:526)
	at io.grpc.stub.ServerCalls$StreamingServerCallHandler$StreamingServerCallListener.onCancel(ServerCalls.java:284)
	at io.grpc.internal.ServerCallImpl$ServerStreamListenerImpl.closedInternal(ServerCallImpl.java:353)
	at io.grpc.internal.ServerCallImpl$ServerStreamListenerImpl.closed(ServerCallImpl.java:341)
	at io.grpc.internal.ServerImpl$JumpToApplicationThreadServerStreamListener$1Closed.runInContext(ServerImpl.java:844)
	at io.grpc.internal.ContextRunnable.run(ContextRunnable.java:37)
	at io.grpc.internal.SerializingExecutor.run(SerializingExecutor.java:123)
	at java.base/java.util.concurrent.ThreadPoolExecutor.runWorker(ThreadPoolExecutor.java:1128)
	at java.base/java.util.concurrent.ThreadPoolExecutor$Worker.run(ThreadPoolExecutor.java:628)
	at java.base/java.lang.Thread.run(Thread.java:829)
[grpc-default-executor-30] ERROR site.ycsb.db.rocksdb.Replicator - Encountered error in sendReply
[grpc-default-executor-32] ERROR site.ycsb.db.rocksdb.Replicator - Encountered error in sendReply
io.grpc.StatusRuntimeException: CANCELLED: client cancelled
	at io.grpc.Status.asRuntimeException(Status.java:526)
	at io.grpc.stub.ServerCalls$StreamingServerCallHandler$StreamingServerCallListener.onCancel(ServerCalls.java:284)
	at io.grpc.internal.ServerCallImpl$ServerStreamListenerImpl.closedInternal(ServerCallImpl.java:353)
	at io.grpc.internal.ServerCallImpl$ServerStreamListenerImpl.closed(ServerCallImpl.java:341)
	at io.grpc.internal.ServerImpl$JumpToApplicationThreadServerStreamListener$1Closed.runInContext(ServerImpl.java:844)
	at io.grpc.internal.ContextRunnable.run(ContextRunnable.java:37)
	at io.grpc.internal.SerializingExecutor.run(SerializingExecutor.java:123)
	at java.base/java.util.concurrent.ThreadPoolExecutor.runWorker(ThreadPoolExecutor.java:1128)
	at java.base/java.util.concurrent.ThreadPoolExecutor$Worker.run(ThreadPoolExecutor.java:628)
	at java.base/java.lang.Thread.run(Thread.java:829)
io.grpc.StatusRuntimeException: CANCELLED: client cancelled
	at io.grpc.Status.asRuntimeException(Status.java:526)
	at io.grpc.stub.ServerCalls$StreamingServerCallHandler$StreamingServerCallListener.onCancel(ServerCalls.java:284)
	at io.grpc.internal.ServerCallImpl$ServerStreamListenerImpl.closedInternal(ServerCallImpl.java:353)
	at io.grpc.internal.ServerCallImpl$ServerStreamListenerImpl.closed(ServerCallImpl.java:341)
	at io.grpc.internal.ServerImpl$JumpToApplicationThreadServerStreamListener$1Closed.runInContext(ServerImpl.java:844)
	at io.grpc.internal.ContextRunnable.run(ContextRunnable.java:37)
	at io.grpc.internal.SerializingExecutor.run(SerializingExecutor.java:123)
	at java.base/java.util.concurrent.ThreadPoolExecutor.runWorker(ThreadPoolExecutor.java:1128)
	at java.base/java.util.concurrent.ThreadPoolExecutor$Worker.run(ThreadPoolExecutor.java:628)
	at java.base/java.lang.Thread.run(Thread.java:829)
io.grpc.StatusRuntimeException: CANCELLED: client cancelled
	at io.grpc.Status.asRuntimeException(Status.java:526)
	at io.grpc.stub.ServerCalls$StreamingServerCallHandler$StreamingServerCallListener.onCancel(ServerCalls.java:284)
	at io.grpc.internal.ServerCallImpl$ServerStreamListenerImpl.closedInternal(ServerCallImpl.java:353)
	at io.grpc.internal.ServerCallImpl$ServerStreamListenerImpl.closed(ServerCallImpl.java:341)
	at io.grpc.internal.ServerImpl$JumpToApplicationThreadServerStreamListener$1Closed.runInContext(ServerImpl.java:844)
	at io.grpc.internal.ContextRunnable.run(ContextRunnable.java:37)
	at io.grpc.internal.SerializingExecutor.run(SerializingExecutor.java:123)
	at java.base/java.util.concurrent.ThreadPoolExecutor.runWorker(ThreadPoolExecutor.java:1128)
	at java.base/java.util.concurrent.ThreadPoolExecutor$Worker.run(ThreadPoolExecutor.java:628)
	at java.base/java.lang.Thread.run(Thread.java:829)
io.grpc.StatusRuntimeException: CANCELLED: client cancelled
	at io.grpc.Status.asRuntimeException(Status.java:526)
	at io.grpc.stub.ServerCalls$StreamingServerCallHandler$StreamingServerCallListener.onCancel(ServerCalls.java:284)
	at io.grpc.internal.ServerCallImpl$ServerStreamListenerImpl.closedInternal(ServerCallImpl.java:353)
	at io.grpc.internal.ServerCallImpl$ServerStreamListenerImpl.closed(ServerCallImpl.java:341)
	at io.grpc.internal.ServerImpl$JumpToApplicationThreadServerStreamListener$1Closed.runInContext(ServerImpl.java:844)
	at io.grpc.internal.ContextRunnable.run(ContextRunnable.java:37)
	at io.grpc.internal.SerializingExecutor.run(SerializingExecutor.java:123)
	at java.base/java.util.concurrent.ThreadPoolExecutor.runWorker(ThreadPoolExecutor.java:1128)
	at java.base/java.util.concurrent.ThreadPoolExecutor$Worker.run(ThreadPoolExecutor.java:628)
	at java.base/java.lang.Thread.run(Thread.java:829)
observerMap[0] [1] [1] changes from io.grpc.stub.ServerCalls$ServerCallStreamObserverImpl@56a166ca to io.grpc.stub.ServerCalls$ServerCallStreamObserverImpl@7c80880
observerMap[1] [1] [1] changes from io.grpc.stub.ServerCalls$ServerCallStreamObserverImpl@e904525 to io.grpc.stub.ServerCalls$ServerCallStreamObserverImpl@34010420
observerMap[2] [1] [1] changes from io.grpc.stub.ServerCalls$ServerCallStreamObserverImpl@312271d2 to io.grpc.stub.ServerCalls$ServerCallStreamObserverImpl@5ad3f934
observerAccumulator 22 shard 0
observerAccumulator 23 shard 1
observerAccumulator 24 shard 2
headObserver.onCompleted shard: 0 client: 1 write:true 2025-08-10 18:55:33.192
headObserver.onCompleted shard: 2 client: 1 write:true 2025-08-10 18:55:33.192
headObserver.onCompleted shard: 1 client: 1 write:true 2025-08-10 18:55:33.192
headObserver.onCompleted shard: 0 client: 1 write:true 2025-08-10 18:55:33.192
headObserver.onCompleted shard: 1 client: 1 write:true 2025-08-10 18:55:33.192
headObserver.onCompleted shard: 2 client: 1 write:true 2025-08-10 18:55:33.192
sendReply.onError shard: 0 client: 1 write:true 2025-08-10 18:55:33.193
[grpc-default-executor-24] ERROR site.ycsb.db.rocksdb.Replicator - Encountered error in sendReply
io.grpc.StatusRuntimeException: CANCELLED: client cancelled
	at io.grpc.Status.asRuntimeException(Status.java:526)
	at io.grpc.stub.ServerCalls$StreamingServerCallHandler$StreamingServerCallListener.onCancel(ServerCalls.java:284)
	at io.grpc.internal.ServerCallImpl$ServerStreamListenerImpl.closedInternal(ServerCallImpl.java:353)
	at io.grpc.internal.ServerCallImpl$ServerStreamListenerImpl.closed(ServerCallImpl.java:341)
	at io.grpc.internal.ServerImpl$JumpToApplicationThreadServerStreamListener$1Closed.runInContext(ServerImpl.java:844)
	at io.grpc.internal.ContextRunnable.run(ContextRunnable.java:37)
	at io.grpc.internal.SerializingExecutor.run(SerializingExecutor.java:123)
	at java.base/java.util.concurrent.ThreadPoolExecutor.runWorker(ThreadPoolExecutor.java:1128)
	at java.base/java.util.concurrent.ThreadPoolExecutor$Worker.run(ThreadPoolExecutor.java:628)
	at java.base/java.lang.Thread.run(Thread.java:829)
dumbObserver.onError shard: 1 client: 1 write:true 2025-08-10 18:55:33.193
sendReply.onError shard: 2 client: 1 write:true 2025-08-10 18:55:33.193
[grpc-default-executor-15] ERROR site.ycsb.db.rocksdb.Replicator - Encountered error in sendReply
io.grpc.StatusRuntimeException: CANCELLED: client cancelled
	at io.grpc.Status.asRuntimeException(Status.java:526)dumbObserver.onError shard: 2 client: 1 write:true 2025-08-10 18:55:33.193

	at io.grpc.stub.ServerCalls$StreamingServerCallHandler$StreamingServerCallListener.onCancel(ServerCalls.java:284)
	at io.grpc.internal.ServerCallImpl$ServerStreamListenerImpl.closedInternal(ServerCallImpl.java:353)dumbObserver.onError shard: 1 client: 1 write:true 2025-08-10 18:55:33.193

	at io.grpc.internal.ServerCallImpl$ServerStreamListenerImpl.closed(ServerCallImpl.java:341)
dumbObserver.onError shard: 2 client: 1 write:true 2025-08-10 18:55:33.193
	at io.grpc.internal.ServerImpl$JumpToApplicationThreadServerStreamListener$1Closed.runInContext(ServerImpl.java:844)sendReply.onError shard: 1 client: 1 write:true 2025-08-10 18:55:33.193

	at io.grpc.internal.ContextRunnable.run(ContextRunnable.java:37)dumbObserver.onError shard: 0 client: 1 write:true 2025-08-10 18:55:33.194

	at io.grpc.internal.SerializingExecutor.run(SerializingExecutor.java:123)
dumbObserver.onError shard: 0 client: 1 write:true 2025-08-10 18:55:33.193	at java.base/java.util.concurrent.ThreadPoolExecutor.runWorker(ThreadPoolExecutor.java:1128)

sendReply.onError shard: -1 client: -1 write:false 2025-08-10 18:55:33.194	at java.base/java.util.concurrent.ThreadPoolExecutor$Worker.run(ThreadPoolExecutor.java:628)

	at java.base/java.lang.Thread.run(Thread.java:829)sendReply.onError shard: -1 client: -1 write:false 2025-08-10 18:55:33.194

sendReply.onError shard: -1 client: -1 write:false 2025-08-10 18:55:33.194[grpc-default-executor-31] ERROR site.ycsb.db.rocksdb.Replicator - Encountered error in sendReply

[grpc-default-executor-32] ERROR site.ycsb.db.rocksdb.Replicator - Encountered error in sendReply
[grpc-default-executor-27] ERROR site.ycsb.db.rocksdb.Replicator - Encountered error in sendReply
io.grpc.StatusRuntimeException: CANCELLED: client cancelled
	at io.grpc.Status.asRuntimeException(Status.java:526)
	at io.grpc.stub.ServerCalls$StreamingServerCallHandler$StreamingServerCallListener.onCancel(ServerCalls.java:284)
	at io.grpc.internal.ServerCallImpl$ServerStreamListenerImpl.closedInternal(ServerCallImpl.java:353)
	at io.grpc.internal.ServerCallImpl$ServerStreamListenerImpl.closed(ServerCallImpl.java:341)
	at io.grpc.internal.ServerImpl$JumpToApplicationThreadServerStreamListener$1Closed.runInContext(ServerImpl.java:844)
	at io.grpc.internal.ContextRunnable.run(ContextRunnable.java:37)
	at io.grpc.internal.SerializingExecutor.run(SerializingExecutor.java:123)
	at java.base/java.util.concurrent.ThreadPoolExecutor.runWorker(ThreadPoolExecutor.java:1128)
	at java.base/java.util.concurrent.ThreadPoolExecutor$Worker.run(ThreadPoolExecutor.java:628)
	at java.base/java.lang.Thread.run(Thread.java:829)
io.grpc.StatusRuntimeException: CANCELLED: client cancelled
	at io.grpc.Status.asRuntimeException(Status.java:526)
	at io.grpc.stub.ServerCalls$StreamingServerCallHandler$StreamingServerCallListener.onCancel(ServerCalls.java:284)
	at io.grpc.internal.ServerCallImpl$ServerStreamListenerImpl.closedInternal(ServerCallImpl.java:353)
	at io.grpc.internal.ServerCallImpl$ServerStreamListenerImpl.closed(ServerCallImpl.java:341)
	at io.grpc.internal.ServerImpl$JumpToApplicationThreadServerStreamListener$1Closed.runInContext(ServerImpl.java:844)
	at io.grpc.internal.ContextRunnable.run(ContextRunnable.java:37)
	at io.grpc.internal.SerializingExecutor.run(SerializingExecutor.java:123)
	at java.base/java.util.concurrent.ThreadPoolExecutor.runWorker(ThreadPoolExecutor.java:1128)
	at java.base/java.util.concurrent.ThreadPoolExecutor$Worker.run(ThreadPoolExecutor.java:628)
	at java.base/java.lang.Thread.run(Thread.java:829)
[grpc-default-executor-40] ERROR site.ycsb.db.rocksdb.Replicator - Encountered error in sendReply
io.grpc.StatusRuntimeException: CANCELLED: client cancelled
	at io.grpc.Status.asRuntimeException(Status.java:526)
	at io.grpc.stub.ServerCalls$StreamingServerCallHandler$StreamingServerCallListener.onCancel(ServerCalls.java:284)
	at io.grpc.internal.ServerCallImpl$ServerStreamListenerImpl.closedInternal(ServerCallImpl.java:353)
	at io.grpc.internal.ServerCallImpl$ServerStreamListenerImpl.closed(ServerCallImpl.java:341)
	at io.grpc.internal.ServerImpl$JumpToApplicationThreadServerStreamListener$1Closed.runInContext(ServerImpl.java:844)
	at io.grpc.internal.ContextRunnable.run(ContextRunnable.java:37)
	at io.grpc.internal.SerializingExecutor.run(SerializingExecutor.java:123)
	at java.base/java.util.concurrent.ThreadPoolExecutor.runWorker(ThreadPoolExecutor.java:1128)
	at java.base/java.util.concurrent.ThreadPoolExecutor$Worker.run(ThreadPoolExecutor.java:628)
	at java.base/java.lang.Thread.run(Thread.java:829)
io.grpc.StatusRuntimeException: CANCELLED: client cancelled
	at io.grpc.Status.asRuntimeException(Status.java:526)
	at io.grpc.stub.ServerCalls$StreamingServerCallHandler$StreamingServerCallListener.onCancel(ServerCalls.java:284)
	at io.grpc.internal.ServerCallImpl$ServerStreamListenerImpl.closedInternal(ServerCallImpl.java:353)
	at io.grpc.internal.ServerCallImpl$ServerStreamListenerImpl.closed(ServerCallImpl.java:341)
	at io.grpc.internal.ServerImpl$JumpToApplicationThreadServerStreamListener$1Closed.runInContext(ServerImpl.java:844)
	at io.grpc.internal.ContextRunnable.run(ContextRunnable.java:37)
	at io.grpc.internal.SerializingExecutor.run(SerializingExecutor.java:123)
	at java.base/java.util.concurrent.ThreadPoolExecutor.runWorker(ThreadPoolExecutor.java:1128)
	at java.base/java.util.concurrent.ThreadPoolExecutor$Worker.run(ThreadPoolExecutor.java:628)
	at java.base/java.lang.Thread.run(Thread.java:829)
*** shutting down gRPC server since JVM is shutting down
*** server shut down
