[OVERALL], RunTime(ms), 1487741
[OVERALL], Throughput(ops/sec), 67216.00063451905
[TOTAL_GCS_PS_Scavenge], Count, 1292
[TOTAL_GC_TIME_PS_Scavenge], Time(ms), 11854
[TOTAL_GC_TIME_%_PS_Scavenge], Time(%), 0.7967784715215889
[TOTAL_GCS_PS_MarkSweep], Count, 0
[TOTAL_GC_TIME_PS_MarkSweep], Time(ms), 0
[TOTAL_GC_TIME_%_PS_MarkSweep], Time(%), 0.0
[TOTAL_GCs], Count, 1292
[TOTAL_GC_TIME], Time(ms), 11854
[TOTAL_GC_TIME_%], Time(%), 0.7967784715215889
[CLEANUP], Operations, 50
[CLEANUP], AverageLatency(us), 44668.08
[CLEANUP], MinLatency(us), 1
[CLEANUP], MaxLatency(us), 2234367
[CLEANUP], 95thPercentileLatency(us), 3
[CLEANUP], 99thPercentileLatency(us), 2234367
[INSERT], Operations, 100000000
[INSERT], AverageLatency(us), 740.8515153
[INSERT], MinLatency(us), 114
[INSERT], MaxLatency(us), 239359
[INSERT], 95thPercentileLatency(us), 1400
[INSERT], 99thPercentileLatency(us), 1727
[INSERT], Return=OK, 100000000
