[OVERALL], RunTime(ms), 2585990
[OVERALL], Throughput(ops/sec), 38669.90978310048
[TOTAL_GCS_PS_Scavenge], Count, 2936
[TOTAL_GC_TIME_PS_Scavenge], Time(ms), 20083
[TOTAL_GC_TIME_%_PS_Scavenge], Time(%), 0.7766077981740068
[TOTAL_GCS_PS_MarkSweep], Count, 0
[TOTAL_GC_TIME_PS_MarkSweep], Time(ms), 0
[TOTAL_GC_TIME_%_PS_MarkSweep], Time(%), 0.0
[TOTAL_GCs], Count, 2936
[TOTAL_GC_TIME], Time(ms), 20083
[TOTAL_GC_TIME_%], Time(%), 0.7766077981740068
[READ], Operations, 99990441
[READ], AverageLatency(us), 920.9487059868053
[READ], MinLatency(us), 90
[READ], MaxLatency(us), 2400255
[READ], 95thPercentileLatency(us), 1947
[READ], 99thPercentileLatency(us), 3293
[READ], Return=OK, 99990441
[READ], Return=NOT_FOUND, 9559
[UPDATE-FAILED], Operations, 29
[UPDATE-FAILED], AverageLatency(us), 2018268.6896551724
[UPDATE-FAILED], MinLatency(us), 1999872
[UPDATE-FAILED], MaxLatency(us), 2396159
[UPDATE-FAILED], 95thPercentileLatency(us), 2012159
[UPDATE-FAILED], 99thPercentileLatency(us), 2396159
[READ-MODIFY-WRITE], Operations, 50001003
[READ-MODIFY-WRITE], AverageLatency(us), 1651.322085938956
[READ-MODIFY-WRITE], MinLatency(us), 263
[READ-MODIFY-WRITE], MaxLatency(us), 2400255
[READ-MODIFY-WRITE], 95thPercentileLatency(us), 2955
[READ-MODIFY-WRITE], 99thPercentileLatency(us), 4747
[CLEANUP], Operations, 50
[CLEANUP], AverageLatency(us), 45078.22
[CLEANUP], MinLatency(us), 0
[CLEANUP], MaxLatency(us), 2254847
[CLEANUP], 95thPercentileLatency(us), 4
[CLEANUP], 99thPercentileLatency(us), 2254847
[UPDATE], Operations, 50000974
[UPDATE], AverageLatency(us), 727.4241021384903
[UPDATE], MinLatency(us), 120
[UPDATE], MaxLatency(us), 2398207
[UPDATE], 95thPercentileLatency(us), 1299
[UPDATE], 99thPercentileLatency(us), 1644
[UPDATE], Return=OK, 50000974
[UPDATE], Return=ERROR, 29
[READ-FAILED], Operations, 9559
[READ-FAILED], AverageLatency(us), 683.1550371377759
[READ-FAILED], MinLatency(us), 102
[READ-FAILED], MaxLatency(us), 82111
[READ-FAILED], 95thPercentileLatency(us), 1433
[READ-FAILED], 99thPercentileLatency(us), 3663
