[OVERALL], RunTime(ms), 1315306
[OVERALL], Throughput(ops/sec), 76027.93570469534
[TOTAL_GCS_PS_Scavenge], Count, 1189
[TOTAL_GC_TIME_PS_Scavenge], Time(ms), 10692
[TOTAL_GC_TIME_%_PS_Scavenge], Time(%), 0.8128906885546026
[TOTAL_GCS_PS_MarkSweep], Count, 0
[TOTAL_GC_TIME_PS_MarkSweep], Time(ms), 0
[TOTAL_GC_TIME_%_PS_MarkSweep], Time(%), 0.0
[TOTAL_GCs], Count, 1189
[TOTAL_GC_TIME], Time(ms), 10692
[TOTAL_GC_TIME_%], Time(%), 0.8128906885546026
[CLEANUP], Operations, 50
[CLEANUP], AverageLatency(us), 45038.22
[CLEANUP], MinLatency(us), 1
[CLEANUP], MaxLatency(us), 2252799
[CLEANUP], 95thPercentileLatency(us), 4
[CLEANUP], 99thPercentileLatency(us), 2252799
[INSERT], Operations, 100000000
[INSERT], AverageLatency(us), 652.74846627
[INSERT], MinLatency(us), 112
[INSERT], MaxLatency(us), 283647
[INSERT], 95thPercentileLatency(us), 1220
[INSERT], 99thPercentileLatency(us), 1590
[INSERT], Return=OK, 100000000
