247.2
247.8
249.1
249.5
250.8
252.1
253.4
254.6
255.9
256.9
258.1
259.3
259.4
260.2
261.4
262.5
263.5
264.4
264.5
265.6
266.6
267.6
268.5
269.5
270.4
271.3
272.2
273.2
274.1
273.9
274.9
275.7
276.6
277.1
278.6
279
279.3
279.8
280.1
280.8
281.6
282.4
283
283.8
284.6
285.2
286
286.8
287.4
288.2
288.7
288.4
289
289.8
290.4
291.1
291.8
292.4
293
293.6
293.9
293.6
294.2
294.8
295.4
296
296.5
296.7
298
298.2
298.4
298.6
298.9
299.3
299.8
300.3
300.8
301.3
301.8
302.4
302.9
303.4
303.9
304.3
304.8
305.2
305.8
306.2
305.8
306.2
306.7
307.1
307.4
308
308.4
308.8
309.2
309.7
310.2
310.5
310.7
310.8
310.9
312
312.1
312.3
312.5
312.7
313
313.4
313.8
314.2
313.6
313.9
314.3
314.7
315
315.3
315.7
316
316.4
316.8
317.2
317.5
317.7
318.1
318.5
318.8
319.1
319.5
319.8
320.1
320.3
320.4
320.4
320.5
320.6
320.7
321.7
321.8
322.1
322.3
322.7
322.9
323.3
322.5
322.9
323.1
323.4
323.6
323.9
324.2
324.5
324.6
324.8
325.1
325.3
325.6
325.9
326.2
326.5
326.7
327
326.3
327.3
327.5
327.5
327.5
327.6
327.5
328.3
327.7
