21.1
20.6
20.0
48.4
89.0
 133
 171
 205
 243
 276
 309
 338
 368
 393
 419
 444
 469
 495
 518
 537
 557
 575
 596
 615
 630
 648
 664
 682
 697
 711
 724
 736
 749
 759
 770
 784
 794
 806
 819
 834
 846
 856
 866
 875
 884
 893
 902
 911
 920
 930
 942
 951
 962
 971
 980
 990
 997
1004
1010
1013
1020
1028
1035
1041
1047
1053
1059
1066
1072
1076
1081
1086
1089
1093
1098
1103
1107
1111
1117
1122
1124
1131
1138
1142
1146
1152
1159
1164
1169
1173
1177
1182
1188
1193
1197
1201
1206
1211
1213
1217
1221
1225
1229
1234
1237
1241
1244
1247
1251
1254
1257
1260
1264
1267
1269
1272
1274
1277
1280
1282
1285
1288
1291
1294
1298
1301
1303
1305
1308
1311
1313
1316
1318
1321
1323
1325
1327
1329
1332
1332
1335
1337
1339
1342
1344
1345
1347
1349
1351
1353
1354
1357
1360
1362
1363
1366
1368
1370
1372
1373
1375
1377
1381
1381
1382
1385
1387
1389
1391
1393
1394
1396
1398
1400
1402
1403
1405
1406
1408
1410
1411
1413
1415
1417
1417
1418
1420
1422
1424
1426
1428
1430
1432
1433
1434
1435
1436
1437
1439
1440
1441
1442
1444
1443
1445
1446
1447
1448
1450
1452
1453
1454
1456
1457
1459
1460
1461
1463
1465
1466
1467
1468
1468
1469
1471
1472
1473
1474
1475
1476
1477
1478
1479
1480
1481
1482
1483
1483
1485
1486
1486
1487
1488
1489
1489
1489
1490
1491
1492
1493
1494
1494
1495
1496
1498
1499
1500
1501
1503
1504
1505
1505
1504
1501
1497
