21.6
21.1
20.5
46.4
87.9
 139
 182
 223
 261
 296
 337
 370
 399
 429
 455
 481
 506
 530
 554
 580
 601
 619
 638
 653
 671
 689
 705
 723
 740
 756
 769
 781
 792
 804
 817
 828
 841
 852
 867
 878
 889
 900
 910
 916
 925
 932
 941
 949
 959
 969
 978
 986
 995
1003
1011
1020
1028
1035
1042
1049
1056
1064
1071
1079
1082
1089
1095
1103
1110
1115
1118
1123
1128
1133
1138
1143
1147
1154
1159
1162
1165
1169
1173
1176
1178
1181
1186
1190
1194
1199
1204
1208
1213
1217
1221
1226
1229
1233
1238
1243
1246
1250
1253
1255
1258
1261
1264
1267
1271
1275
1279
1282
1285
1288
1291
1295
1298
1301
1304
1307
1310
1313
1316
1319
1321
1324
1326
1328
1332
1335
1338
1341
1343
1346
1349
1351
1354
1356
1358
1361
1363
1366
1370
1373
1375
1377
1377
1379
1381
1383
1385
1387
1389
1391
1393
1395
1395
1397
1399
1402
1404
1406
1408
1410
1412
1414
1416
1417
1419
1421
1423
1425
1426
1428
1428
1430
1432
1434
1435
1436
1438
1440
1442
1443
1445
1446
1448
1450
1452
1453
1455
1457
1457
1459
1460
1462
1464
1466
1468
1469
1470
1472
1473
1475
1478
1479
1480
1481
1482
1483
1482
1484
1485
1486
1487
1487
1489
1489
1490
1491
1492
1493
1493
1495
1496
1497
1498
1498
1499
1501
1502
1503
1504
1505
1506
1507
1508
1509
1510
1511
1512
1514
1515
1515
1515
1516
1518
1519
1519
1520
1521
1521
1522
1522
1523
1524
1525
1526
1527
1527
1528
1529
1530
1530
1531
1531
1532
1533
1534
1534
1535
1536
1537
1538
1539
1539
1539
1540
1541
1542
1542
1543
1544
1544
1545
1546
1547
1543
1540
