19.8
19.4
18.9
51.5
95.7
 138
 185
 227
 265
 302
 331
 363
 395
 423
 451
 476
 501
 531
 555
 577
 601
 623
 646
 674
 692
 711
 728
 745
 761
 778
 792
 807
 823
 838
 851
 865
 878
 890
 901
 912
 925
 936
 947
 957
 967
 975
 988
 997
1007
1016
1025
1034
1044
1051
1058
1065
1072
1080
1090
1097
1103
1110
1117
1121
1127
1134
1140
1146
1152
1159
1165
1170
1174
1178
1183
1188
1193
1197
1202
1206
1212
1218
1223
1225
1230
1233
1239
1242
1247
1251
1254
1257
1262
1267
1270
1274
1278
1282
1286
1290
1294
1295
1298
1302
1306
1311
1314
1318
1321
1324
1329
1333
1336
1339
1341
1344
1348
1351
1351
1353
1356
1358
1362
1364
1367
1370
1373
1376
1379
1381
1383
1386
1388
1391
1394
1396
1397
1399
1402
1405
1407
1409
1412
1414
1416
1418
1420
1422
1423
1425
1427
1429
1431
1433
1434
1434
1436
1439
1440
1442
1444
1445
1448
1450
1451
1453
1455
1457
1460
1461
1463
1465
1467
1468
1470
1472
1473
1475
1476
1479
1481
1482
1484
1486
1488
1490
1491
1493
1495
1496
1498
1499
1501
1502
1504
1506
1508
1510
1512
1513
1515
1515
1516
1518
1519
1520
1522
1523
1524
1526
1527
1528
1530
1531
1532
1533
1534
1535
1536
1539
1539
1541
1542
1541
1542
1544
1545
1546
1547
1548
1550
1551
1551
1552
1553
1554
1555
1556
1557
1558
1558
1559
1560
1561
1562
1563
1564
1565
1566
1567
1568
1569
1570
1571
1572
1573
1573
1574
1575
1577
1578
1578
1579
1580
1581
1582
1583
1583
1584
1584
1586
1587
1588
1588
1588
1589
1589
1590
1591
1592
1592
1593
1594
1595
1595
1596
1596
1597
1598
1599
1598
1600
1601
1601
1602
1603
1604
1604
1605
1605
1606
1607
1607
1604
1601
1597
1593
