1577
1573
1570
1571
1576
1580
1585
1591
1598
1603
1609
1615
1621
1626
1632
1636
1640
1645
1650
1656
1662
1667
1672
1677
1680
1682
1685
1689
1693
1698
1700
1702
1707
1711
1715
1718
1721
1723
1726
1729
1732
1735
1738
1741
1743
1744
1745
1747
1748
1749
1750
1752
1754
1757
1759
1762
1764
1765
1768
1771
1773
1776
1778
1780
1782
1785
1786
1789
1791
1793
1794
1795
1797
1799
1801
1803
1805
1808
1810
1812
1814
1816
1817
1819
1820
1821
1823
1825
1828
1830
1832
1835
1837
1839
1842
1845
1846
1847
1849
1851
1854
1856
1857
1857
1858
1859
1859
1860
1861
1862
1864
1866
1868
1870
1872
1874
1875
1877
1880
1882
1885
1887
1889
1891
1893
1895
1897
1900
1902
1904
1905
1906
1908
1910
1912
1914
1915
1917
1919
1921
1922
1924
1926
1928
1929
1932
1933
1934
1936
1938
1940
1942
1943
1944
1946
1949
1951
1953
1954
1956
1957
1958
1958
1959
1961
1962
1964
1965
1966
1968
1969
1971
1972
1973
1974
1975
1976
1977
1978
1979
1981
1982
1983
1984
1985
1986
1987
1988
1988
1989
1989
1990
1991
1992
1992
1993
1994
1996
1997
1998
1999
2001
2002
2003
2004
2005
2007
2008
2008
2009
2011
2011
2013
2014
2015
2016
2017
2018
2019
2020
2021
2022
2023
2024
2021
2018
2014
2011
2008
2005
2004
2005
2005
2006
2007
2008
2007
2005
2007
2007
2008
2009
2010
2010
2012
2013
2015
2016
2017
2017
2018
2019
2021
2022
2023
2024
2025
2026
2027
2028
2029
2030
2031
2032
2032
2033
2035
2036
2037
2038
2040
2041
2042
2043
2044
2045
2046
2047
2048
2049
2050
2051
2052
2054
2053
2051
2048
