
nofdb	workloads/workloadg_zipfian.spec	32
# Load duration (sec): 794.389
# Loading records:	50000000
# Load throughput (KOPS): 62.9415
Count: 50000000  Average: 506.1821  StdDev: 3472.35
Percentiles(us): P50: 193.40 P90: 473.75 P99: 6945.01 P99.9: 45761.75 P99.99: 105867.92
------------------------------------------------------
[      60,      70 )     121   0.000%   0.000% 
[      70,      80 )    2800   0.006%   0.006% 
[      80,      90 )    8940   0.018%   0.024% 
[      90,     100 )   13406   0.027%   0.051% 
[     100,     120 ) 7481474  14.963%  15.013% ###
[     120,     140 ) 5488075  10.976%  25.990% ##
[     140,     160 ) 2417322   4.835%  30.824% #
[     160,     180 ) 6563776  13.128%  43.952% ###
[     180,     200 ) 4512583   9.025%  52.977% ##
[     200,     250 ) 6784950  13.570%  66.547% ###
[     250,     300 ) 3824224   7.648%  74.195% ##
[     300,     350 ) 3690284   7.381%  81.576% #
[     350,     400 ) 2434270   4.869%  86.444% #
[     400,     450 ) 1344165   2.688%  89.133% #
[     450,     500 )  912764   1.826%  90.958% 
[     500,     600 ) 1189468   2.379%  93.337% 
[     600,     700 )  717250   1.434%  94.772% 
[     700,     800 )  453326   0.907%  95.678% 
[     800,     900 )  304428   0.609%  96.287% 
[     900,    1000 )  214616   0.429%  96.716% 
[    1000,    1200 )  276892   0.554%  97.270% 
[    1200,    1400 )  167338   0.335%  97.605% 
[    1400,    1600 )  110700   0.221%  97.826% 
[    1600,    1800 )   79158   0.158%  97.985% 
[    1800,    2000 )   59707   0.119%  98.104% 
[    2000,    2500 )  103219   0.206%  98.311% 
[    2500,    3000 )   71221   0.142%  98.453% 
[    3000,    3500 )   53844   0.108%  98.561% 
[    3500,    4000 )   47042   0.094%  98.655% 
[    4000,    4500 )   37904   0.076%  98.731% 
[    4500,    5000 )   35402   0.071%  98.801% 
[    5000,    6000 )   58360   0.117%  98.918% 
[    6000,    7000 )   43355   0.087%  99.005% 
[    7000,    8000 )   37778   0.076%  99.080% 
[    8000,    9000 )   31411   0.063%  99.143% 
[    9000,   10000 )   30030   0.060%  99.203% 
[   10000,   12000 )   83679   0.167%  99.371% 
[   12000,   14000 )   46556   0.093%  99.464% 
[   14000,   16000 )   52999   0.106%  99.570% 
[   16000,   18000 )   36562   0.073%  99.643% 
[   18000,   20000 )   17919   0.036%  99.679% 
[   20000,   25000 )   30916   0.062%  99.740% 
[   25000,   30000 )   26048   0.052%  99.793% 
[   30000,   35000 )   21641   0.043%  99.836% 
[   35000,   40000 )   15172   0.030%  99.866% 
[   40000,   45000 )   15128   0.030%  99.896% 
[   45000,   50000 )   11664   0.023%  99.920% 
[   50000,   60000 )   16508   0.033%  99.953% 
[   60000,   70000 )    8681   0.017%  99.970% 
[   70000,   80000 )    4814   0.010%  99.980% 
[   80000,   90000 )    2818   0.006%  99.985% 
[   90000,  100000 )    1670   0.003%  99.989% 
[  100000,  120000 )    2120   0.004%  99.993% 
[  120000,  140000 )    1237   0.002%  99.995% 
[  140000,  160000 )     804   0.002%  99.997% 
[  160000,  180000 )     312   0.001%  99.998% 
[  180000,  200000 )     250   0.001%  99.998% 
[  200000,  250000 )     346   0.001%  99.999% 
[  250000,  300000 )      60   0.000%  99.999% 
[  300000,  350000 )      71   0.000%  99.999% 
[  350000,  400000 )      78   0.000%  99.999% 
[  400000,  450000 )      47   0.000%  99.999% 
[  450000,  500000 )      26   0.000%  99.999% 
[  500000,  600000 )      79   0.000% 100.000% 
[  600000,  700000 )      93   0.000% 100.000% 
[  700000,  800000 )      32   0.000% 100.000% 
[  800000,  900000 )      35   0.000% 100.000% 
[  900000, 1000000 )      32   0.000% 100.000% 


# Run duration (sec): 1207.25
# Run operations:	50000000
# Run throughput (KOPS): 41.4165
Count: 50000000  Average: 771.1502  StdDev: 5579.95
Percentiles(us): P50: 156.99 P90: 499.56 P99: 13139.51 P99.9: 74295.99 P99.99: 175926.08
------------------------------------------------------
[      60,      70 )     358   0.001%   0.001% 
[      70,      80 )    6676   0.013%   0.014% 
[      80,      90 )   19175   0.038%   0.052% 
[      90,     100 )   26181   0.052%   0.105% 
[     100,     120 ) 13688823  27.378%  27.482% #####
[     120,     140 ) 8445649  16.891%  44.374% ###
[     140,     160 ) 3310558   6.621%  50.995% #
[     160,     180 ) 8058679  16.117%  67.112% ###
[     180,     200 ) 3509388   7.019%  74.131% #
[     200,     250 ) 3301745   6.603%  80.734% #
[     250,     300 ) 2003630   4.007%  84.742% #
[     300,     350 ) 1015988   2.032%  86.774% 
[     350,     400 )  773198   1.546%  88.320% 
[     400,     450 )  469876   0.940%  89.260% 
[     450,     500 )  373391   0.747%  90.007% 
[     500,     600 )  523227   1.046%  91.053% 
[     600,     700 )  363730   0.727%  91.781% 
[     700,     800 )  269181   0.538%  92.319% 
[     800,     900 )  224744   0.449%  92.768% 
[     900,    1000 )  193849   0.388%  93.156% 
[    1000,    1200 )  332359   0.665%  93.821% 
[    1200,    1400 )  288790   0.578%  94.398% 
[    1400,    1600 )  263105   0.526%  94.925% 
[    1600,    1800 )  245164   0.490%  95.415% 
[    1800,    2000 )  227347   0.455%  95.870% 
[    2000,    2500 )  477337   0.955%  96.824% 
[    2500,    3000 )  320146   0.640%  97.465% 
[    3000,    3500 )  173588   0.347%  97.812% 
[    3500,    4000 )   77422   0.155%  97.967% 
[    4000,    4500 )   49855   0.100%  98.066% 
[    4500,    5000 )   42606   0.085%  98.152% 
[    5000,    6000 )   64665   0.129%  98.281% 
[    6000,    7000 )   49229   0.098%  98.379% 
[    7000,    8000 )   42498   0.085%  98.464% 
[    8000,    9000 )   44030   0.088%  98.552% 
[    9000,   10000 )   58760   0.118%  98.670% 
[   10000,   12000 )  121473   0.243%  98.913% 
[   12000,   14000 )   76489   0.153%  99.066% 
[   14000,   16000 )   64685   0.129%  99.195% 
[   16000,   18000 )   35365   0.071%  99.266% 
[   18000,   20000 )   17515   0.035%  99.301% 
[   20000,   25000 )   43011   0.086%  99.387% 
[   25000,   30000 )   37175   0.074%  99.461% 
[   30000,   35000 )   36083   0.072%  99.533% 
[   35000,   40000 )   19874   0.040%  99.573% 
[   40000,   45000 )   24439   0.049%  99.622% 
[   45000,   50000 )   27830   0.056%  99.678% 
[   50000,   60000 )   59247   0.118%  99.796% 
[   60000,   70000 )   40102   0.080%  99.876% 
[   70000,   80000 )   27386   0.055%  99.931% 
[   80000,   90000 )   10038   0.020%  99.951% 
[   90000,  100000 )    4431   0.009%  99.960% 
[  100000,  120000 )    4779   0.010%  99.970% 
[  120000,  140000 )    3909   0.008%  99.978% 
[  140000,  160000 )    4283   0.009%  99.986% 
[  160000,  180000 )    2435   0.005%  99.991% 
[  180000,  200000 )     752   0.002%  99.992% 
[  200000,  250000 )    1786   0.004%  99.996% 
[  250000,  300000 )     768   0.002%  99.998% 
[  300000,  350000 )     566   0.001%  99.999% 
[  350000,  400000 )     287   0.001%  99.999% 
[  400000,  450000 )     130   0.000% 100.000% 
[  450000,  500000 )      77   0.000% 100.000% 
[  500000,  600000 )      61   0.000% 100.000% 
[  600000,  700000 )      10   0.000% 100.000% 
[  700000,  800000 )      32   0.000% 100.000% 
[  800000,  900000 )      35   0.000% 100.000% 

Read info: 
Count: 0  Average: 0.0000  StdDev: 0.00
Percentiles(us): P50: -nan P90: -nan P99: -nan P99.9: -nan P99.99: -nan
------------------------------------------------------

Write info: 
Count: 50000000  Average: 771.1502  StdDev: 5579.95
Percentiles(us): P50: 156.99 P90: 499.56 P99: 13139.51 P99.9: 74295.99 P99.99: 175926.08
------------------------------------------------------
[      60,      70 )     358   0.001%   0.001% 
[      70,      80 )    6676   0.013%   0.014% 
[      80,      90 )   19175   0.038%   0.052% 
[      90,     100 )   26181   0.052%   0.105% 
[     100,     120 ) 13688823  27.378%  27.482% #####
[     120,     140 ) 8445649  16.891%  44.374% ###
[     140,     160 ) 3310558   6.621%  50.995% #
[     160,     180 ) 8058679  16.117%  67.112% ###
[     180,     200 ) 3509388   7.019%  74.131% #
[     200,     250 ) 3301745   6.603%  80.734% #
[     250,     300 ) 2003630   4.007%  84.742% #
[     300,     350 ) 1015988   2.032%  86.774% 
[     350,     400 )  773198   1.546%  88.320% 
[     400,     450 )  469876   0.940%  89.260% 
[     450,     500 )  373391   0.747%  90.007% 
[     500,     600 )  523227   1.046%  91.053% 
[     600,     700 )  363730   0.727%  91.781% 
[     700,     800 )  269181   0.538%  92.319% 
[     800,     900 )  224744   0.449%  92.768% 
[     900,    1000 )  193849   0.388%  93.156% 
[    1000,    1200 )  332359   0.665%  93.821% 
[    1200,    1400 )  288790   0.578%  94.398% 
[    1400,    1600 )  263105   0.526%  94.925% 
[    1600,    1800 )  245164   0.490%  95.415% 
[    1800,    2000 )  227347   0.455%  95.870% 
[    2000,    2500 )  477337   0.955%  96.824% 
[    2500,    3000 )  320146   0.640%  97.465% 
[    3000,    3500 )  173588   0.347%  97.812% 
[    3500,    4000 )   77422   0.155%  97.967% 
[    4000,    4500 )   49855   0.100%  98.066% 
[    4500,    5000 )   42606   0.085%  98.152% 
[    5000,    6000 )   64665   0.129%  98.281% 
[    6000,    7000 )   49229   0.098%  98.379% 
[    7000,    8000 )   42498   0.085%  98.464% 
[    8000,    9000 )   44030   0.088%  98.552% 
[    9000,   10000 )   58760   0.118%  98.670% 
[   10000,   12000 )  121473   0.243%  98.913% 
[   12000,   14000 )   76489   0.153%  99.066% 
[   14000,   16000 )   64685   0.129%  99.195% 
[   16000,   18000 )   35365   0.071%  99.266% 
[   18000,   20000 )   17515   0.035%  99.301% 
[   20000,   25000 )   43011   0.086%  99.387% 
[   25000,   30000 )   37175   0.074%  99.461% 
[   30000,   35000 )   36083   0.072%  99.533% 
[   35000,   40000 )   19874   0.040%  99.573% 
[   40000,   45000 )   24439   0.049%  99.622% 
[   45000,   50000 )   27830   0.056%  99.678% 
[   50000,   60000 )   59247   0.118%  99.796% 
[   60000,   70000 )   40102   0.080%  99.876% 
[   70000,   80000 )   27386   0.055%  99.931% 
[   80000,   90000 )   10038   0.020%  99.951% 
[   90000,  100000 )    4431   0.009%  99.960% 
[  100000,  120000 )    4779   0.010%  99.970% 
[  120000,  140000 )    3909   0.008%  99.978% 
[  140000,  160000 )    4283   0.009%  99.986% 
[  160000,  180000 )    2435   0.005%  99.991% 
[  180000,  200000 )     752   0.002%  99.992% 
[  200000,  250000 )    1786   0.004%  99.996% 
[  250000,  300000 )     768   0.002%  99.998% 
[  300000,  350000 )     566   0.001%  99.999% 
[  350000,  400000 )     287   0.001%  99.999% 
[  400000,  450000 )     130   0.000% 100.000% 
[  450000,  500000 )      77   0.000% 100.000% 
[  500000,  600000 )      61   0.000% 100.000% 
[  600000,  700000 )      10   0.000% 100.000% 
[  700000,  800000 )      32   0.000% 100.000% 
[  800000,  900000 )      35   0.000% 100.000% 


