
nofdb	workloads/workloadc_zipfian.spec	32
# Load duration (sec): 744.063
# Loading records:	50000000
# Load throughput (KOPS): 67.1986
Count: 50000000  Average: 474.6617  StdDev: 3149.12
Percentiles(us): P50: 188.24 P90: 422.91 P99: 6766.91 P99.9: 44166.45 P99.99: 98127.46
------------------------------------------------------
[      60,      70 )      93   0.000%   0.000% 
[      70,      80 )    2386   0.005%   0.005% 
[      80,      90 )    8309   0.017%   0.022% 
[      90,     100 )   12737   0.025%   0.047% 
[     100,     120 ) 7819878  15.640%  15.687% ###
[     120,     140 ) 5537586  11.075%  26.762% ##
[     140,     160 ) 2687452   5.375%  32.137% #
[     160,     180 ) 6916882  13.834%  45.971% ###
[     180,     200 ) 4890416   9.781%  55.751% ##
[     200,     250 ) 6931024  13.862%  69.614% ###
[     250,     300 ) 3938940   7.878%  77.491% ##
[     300,     350 ) 3477130   6.954%  84.446% #
[     350,     400 ) 2216260   4.433%  88.878% #
[     400,     450 ) 1223982   2.448%  91.326% 
[     450,     500 )  817501   1.635%  92.961% 
[     500,     600 ) 1018071   2.036%  94.997% 
[     600,     700 )  567288   1.135%  96.132% 
[     700,     800 )  328397   0.657%  96.789% 
[     800,     900 )  205269   0.411%  97.199% 
[     900,    1000 )  135034   0.270%  97.469% 
[    1000,    1200 )  160466   0.321%  97.790% 
[    1200,    1400 )   89884   0.180%  97.970% 
[    1400,    1600 )   56802   0.114%  98.084% 
[    1600,    1800 )   41114   0.082%  98.166% 
[    1800,    2000 )   33339   0.067%  98.232% 
[    2000,    2500 )   64648   0.129%  98.362% 
[    2500,    3000 )   52727   0.105%  98.467% 
[    3000,    3500 )   46035   0.092%  98.559% 
[    3500,    4000 )   47021   0.094%  98.653% 
[    4000,    4500 )   41215   0.082%  98.736% 
[    4500,    5000 )   36028   0.072%  98.808% 
[    5000,    6000 )   60204   0.120%  98.928% 
[    6000,    7000 )   46788   0.094%  99.022% 
[    7000,    8000 )   42560   0.085%  99.107% 
[    8000,    9000 )   39891   0.080%  99.187% 
[    9000,   10000 )   30355   0.061%  99.247% 
[   10000,   12000 )   89124   0.178%  99.426% 
[   12000,   14000 )   40901   0.082%  99.507% 
[   14000,   16000 )   45807   0.092%  99.599% 
[   16000,   18000 )   28444   0.057%  99.656% 
[   18000,   20000 )   17201   0.034%  99.690% 
[   20000,   25000 )   30477   0.061%  99.751% 
[   25000,   30000 )   24179   0.048%  99.800% 
[   30000,   35000 )   21047   0.042%  99.842% 
[   35000,   40000 )   16192   0.032%  99.874% 
[   40000,   45000 )   15500   0.031%  99.905% 
[   45000,   50000 )   11656   0.023%  99.928% 
[   50000,   60000 )   15302   0.031%  99.959% 
[   60000,   70000 )    8010   0.016%  99.975% 
[   70000,   80000 )    4123   0.008%  99.983% 
[   80000,   90000 )    2292   0.005%  99.988% 
[   90000,  100000 )    1271   0.003%  99.990% 
[  100000,  120000 )    1986   0.004%  99.994% 
[  120000,  140000 )    1169   0.002%  99.997% 
[  140000,  160000 )     515   0.001%  99.998% 
[  160000,  180000 )     272   0.001%  99.998% 
[  180000,  200000 )      96   0.000%  99.999% 
[  200000,  250000 )     161   0.000%  99.999% 
[  250000,  300000 )     102   0.000%  99.999% 
[  300000,  350000 )      93   0.000%  99.999% 
[  350000,  400000 )     167   0.000% 100.000% 
[  400000,  450000 )      68   0.000% 100.000% 
[  450000,  500000 )       4   0.000% 100.000% 
[  500000,  600000 )      65   0.000% 100.000% 
[  600000,  700000 )      32   0.000% 100.000% 
[  700000,  800000 )      32   0.000% 100.000% 


# Run duration (sec): 196.111
# Run operations:	50000000
# Run throughput (KOPS): 254.957
Count: 50000000  Average: 124.1059  StdDev: 99.64
Percentiles(us): P50: 94.22 P90: 232.73 P99: 460.09 P99.9: 756.45 P99.99: 1303.82
------------------------------------------------------
[      30,      35 )       5   0.000%   0.000% 
[      35,      40 )   18976   0.038%   0.038% 
[      40,      45 ) 1309094   2.618%   2.656% #
[      45,      50 ) 4607866   9.216%  11.872% ##
[      50,      60 ) 8471038  16.942%  28.814% ###
[      60,      70 ) 2186158   4.372%  33.186% #
[      70,      80 ) 3243490   6.487%  39.673% #
[      80,      90 ) 4223128   8.446%  48.120% ##
[      90,     100 ) 2229966   4.460%  52.579% #
[     100,     120 ) 2875293   5.751%  58.330% #
[     120,     140 ) 4740320   9.481%  67.811% ##
[     140,     160 ) 3879874   7.760%  75.570% ##
[     160,     180 ) 2914599   5.829%  81.400% #
[     180,     200 ) 2225094   4.450%  85.850% #
[     200,     250 ) 3170273   6.341%  92.190% #
[     250,     300 ) 1617700   3.235%  95.426% #
[     300,     350 )  915285   1.831%  97.256% 
[     350,     400 )  520551   1.041%  98.297% 
[     400,     450 )  312963   0.626%  98.923% 
[     450,     500 )  189930   0.380%  99.303% 
[     500,     600 )  195329   0.391%  99.694% 
[     600,     700 )   82572   0.165%  99.859% 
[     700,     800 )   36309   0.073%  99.932% 
[     800,     900 )   16243   0.032%  99.964% 
[     900,    1000 )    7451   0.015%  99.979% 
[    1000,    1200 )    4868   0.010%  99.989% 
[    1200,    1400 )    1204   0.002%  99.991% 
[    1400,    1600 )     473   0.001%  99.992% 
[    1600,    1800 )     395   0.001%  99.993% 
[    1800,    2000 )     340   0.001%  99.994% 
[    2000,    2500 )     739   0.001%  99.995% 
[    2500,    3000 )     621   0.001%  99.996% 
[    3000,    3500 )     625   0.001%  99.998% 
[    3500,    4000 )     410   0.001%  99.998% 
[    4000,    4500 )     140   0.000%  99.999% 
[    4500,    5000 )      66   0.000%  99.999% 
[    5000,    6000 )     159   0.000%  99.999% 
[    6000,    7000 )     191   0.000%  99.999% 
[    7000,    8000 )     121   0.000% 100.000% 
[    8000,    9000 )      30   0.000% 100.000% 
[    9000,   10000 )      10   0.000% 100.000% 
[   10000,   12000 )      28   0.000% 100.000% 
[   12000,   14000 )       7   0.000% 100.000% 
[   14000,   16000 )      18   0.000% 100.000% 
[   16000,   18000 )       5   0.000% 100.000% 
[   18000,   20000 )       4   0.000% 100.000% 
[   20000,   25000 )      14   0.000% 100.000% 
[   30000,   35000 )       7   0.000% 100.000% 
[   35000,   40000 )      13   0.000% 100.000% 
[   40000,   45000 )       5   0.000% 100.000% 

Read info: 
Count: 50000000  Average: 124.1059  StdDev: 99.64
Percentiles(us): P50: 94.22 P90: 232.73 P99: 460.09 P99.9: 756.45 P99.99: 1303.82
------------------------------------------------------
[      30,      35 )       5   0.000%   0.000% 
[      35,      40 )   18976   0.038%   0.038% 
[      40,      45 ) 1309094   2.618%   2.656% #
[      45,      50 ) 4607866   9.216%  11.872% ##
[      50,      60 ) 8471038  16.942%  28.814% ###
[      60,      70 ) 2186158   4.372%  33.186% #
[      70,      80 ) 3243490   6.487%  39.673% #
[      80,      90 ) 4223128   8.446%  48.120% ##
[      90,     100 ) 2229966   4.460%  52.579% #
[     100,     120 ) 2875293   5.751%  58.330% #
[     120,     140 ) 4740320   9.481%  67.811% ##
[     140,     160 ) 3879874   7.760%  75.570% ##
[     160,     180 ) 2914599   5.829%  81.400% #
[     180,     200 ) 2225094   4.450%  85.850% #
[     200,     250 ) 3170273   6.341%  92.190% #
[     250,     300 ) 1617700   3.235%  95.426% #
[     300,     350 )  915285   1.831%  97.256% 
[     350,     400 )  520551   1.041%  98.297% 
[     400,     450 )  312963   0.626%  98.923% 
[     450,     500 )  189930   0.380%  99.303% 
[     500,     600 )  195329   0.391%  99.694% 
[     600,     700 )   82572   0.165%  99.859% 
[     700,     800 )   36309   0.073%  99.932% 
[     800,     900 )   16243   0.032%  99.964% 
[     900,    1000 )    7451   0.015%  99.979% 
[    1000,    1200 )    4868   0.010%  99.989% 
[    1200,    1400 )    1204   0.002%  99.991% 
[    1400,    1600 )     473   0.001%  99.992% 
[    1600,    1800 )     395   0.001%  99.993% 
[    1800,    2000 )     340   0.001%  99.994% 
[    2000,    2500 )     739   0.001%  99.995% 
[    2500,    3000 )     621   0.001%  99.996% 
[    3000,    3500 )     625   0.001%  99.998% 
[    3500,    4000 )     410   0.001%  99.998% 
[    4000,    4500 )     140   0.000%  99.999% 
[    4500,    5000 )      66   0.000%  99.999% 
[    5000,    6000 )     159   0.000%  99.999% 
[    6000,    7000 )     191   0.000%  99.999% 
[    7000,    8000 )     121   0.000% 100.000% 
[    8000,    9000 )      30   0.000% 100.000% 
[    9000,   10000 )      10   0.000% 100.000% 
[   10000,   12000 )      28   0.000% 100.000% 
[   12000,   14000 )       7   0.000% 100.000% 
[   14000,   16000 )      18   0.000% 100.000% 
[   16000,   18000 )       5   0.000% 100.000% 
[   18000,   20000 )       4   0.000% 100.000% 
[   20000,   25000 )      14   0.000% 100.000% 
[   30000,   35000 )       7   0.000% 100.000% 
[   35000,   40000 )      13   0.000% 100.000% 
[   40000,   45000 )       5   0.000% 100.000% 

Write info: 
Count: 0  Average: 0.0000  StdDev: 0.00
Percentiles(us): P50: -nan P90: -nan P99: -nan P99.9: -nan P99.99: -nan
------------------------------------------------------


