
nofdb	workloads/workloadc_uniform.spec	32
# Load duration (sec): 765.895
# Loading records:	50000000
# Load throughput (KOPS): 65.2831
Count: 50000000  Average: 487.0727  StdDev: 3854.86
Percentiles(us): P50: 148.45 P90: 369.70 P99: 7151.52 P99.9: 44640.12 P99.99: 105400.39
------------------------------------------------------
[      60,      70 )     418   0.001%   0.001% 
[      70,      80 )    7244   0.014%   0.015% 
[      80,      90 )   19111   0.038%   0.054% 
[      90,     100 )   26296   0.053%   0.106% 
[     100,     120 ) 15220180  30.440%  30.546% ######
[     120,     140 ) 8171243  16.342%  46.889% ###
[     140,     160 ) 3683171   7.366%  54.255% #
[     160,     180 ) 7282746  14.565%  68.821% ###
[     180,     200 ) 3833215   7.666%  76.487% ##
[     200,     250 ) 3438613   6.877%  83.364% #
[     250,     300 ) 2072835   4.146%  87.510% #
[     300,     350 )  964545   1.929%  89.439% 
[     350,     400 )  711492   1.423%  90.862% 
[     400,     450 )  402804   0.806%  91.668% 
[     450,     500 )  303193   0.606%  92.274% 
[     500,     600 )  407329   0.815%  93.089% 
[     600,     700 )  293968   0.588%  93.677% 
[     700,     800 )  231359   0.463%  94.140% 
[     800,     900 )  206787   0.414%  94.553% 
[     900,    1000 )  183030   0.366%  94.919% 
[    1000,    1200 )  316270   0.633%  95.552% 
[    1200,    1400 )  264051   0.528%  96.080% 
[    1400,    1600 )  226183   0.452%  96.532% 
[    1600,    1800 )  194721   0.389%  96.922% 
[    1800,    2000 )  167064   0.334%  97.256% 
[    2000,    2500 )  311842   0.624%  97.879% 
[    2500,    3000 )  190104   0.380%  98.260% 
[    3000,    3500 )  111711   0.223%  98.483% 
[    3500,    4000 )   68954   0.138%  98.621% 
[    4000,    4500 )   42494   0.085%  98.706% 
[    4500,    5000 )   35181   0.070%  98.776% 
[    5000,    6000 )   61797   0.124%  98.900% 
[    6000,    7000 )   45478   0.091%  98.991% 
[    7000,    8000 )   30168   0.060%  99.051% 
[    8000,    9000 )   28415   0.057%  99.108% 
[    9000,   10000 )   29329   0.059%  99.167% 
[   10000,   12000 )   76673   0.153%  99.320% 
[   12000,   14000 )   51462   0.103%  99.423% 
[   14000,   16000 )   68856   0.138%  99.561% 
[   16000,   18000 )   38468   0.077%  99.638% 
[   18000,   20000 )   17778   0.036%  99.673% 
[   20000,   25000 )   34021   0.068%  99.741% 
[   25000,   30000 )   26106   0.052%  99.793% 
[   30000,   35000 )   22242   0.044%  99.838% 
[   35000,   40000 )   16161   0.032%  99.870% 
[   40000,   45000 )   16047   0.032%  99.902% 
[   45000,   50000 )   12213   0.024%  99.927% 
[   50000,   60000 )   14991   0.030%  99.957% 
[   60000,   70000 )    7743   0.015%  99.972% 
[   70000,   80000 )    4228   0.008%  99.981% 
[   80000,   90000 )    2628   0.005%  99.986% 
[   90000,  100000 )    1489   0.003%  99.989% 
[  100000,  120000 )    2048   0.004%  99.993% 
[  120000,  140000 )    1183   0.002%  99.995% 
[  140000,  160000 )     639   0.001%  99.997% 
[  160000,  180000 )     331   0.001%  99.997% 
[  180000,  200000 )     186   0.000%  99.998% 
[  200000,  250000 )     391   0.001%  99.998% 
[  250000,  300000 )     129   0.000%  99.999% 
[  300000,  350000 )     125   0.000%  99.999% 
[  350000,  400000 )     112   0.000%  99.999% 
[  400000,  450000 )      40   0.000%  99.999% 
[  450000,  500000 )      72   0.000%  99.999% 
[  500000,  600000 )     134   0.000% 100.000% 
[  600000,  700000 )      35   0.000% 100.000% 
[  900000, 1000000 )      22   0.000% 100.000% 
[ 1000000, 1200000 )      42   0.000% 100.000% 
[ 1200000, 1400000 )      32   0.000% 100.000% 
[ 1400000, 1600000 )      32   0.000% 100.000% 


# Run duration (sec): 259.781
# Run operations:	50000000
# Run throughput (KOPS): 192.47
Count: 50000000  Average: 165.3289  StdDev: 122.30
Percentiles(us): P50: 146.07 P90: 275.14 P99: 588.78 P99.9: 1247.70 P99.99: 2404.91
------------------------------------------------------
[      35,      40 )     837   0.002%   0.002% 
[      40,      45 )  173060   0.346%   0.348% 
[      45,      50 ) 1667907   3.336%   3.684% #
[      50,      60 ) 5461465  10.923%  14.607% ##
[      60,      70 ) 1018257   2.037%  16.643% 
[      70,      80 )  626875   1.254%  17.897% 
[      80,      90 ) 1645681   3.291%  21.188% #
[      90,     100 ) 1344970   2.690%  23.878% #
[     100,     120 ) 2023017   4.046%  27.924% #
[     120,     140 ) 8839475  17.679%  45.603% ####
[     140,     160 ) 7240270  14.481%  60.084% ###
[     160,     180 ) 4440807   8.882%  68.965% ##
[     180,     200 ) 4110596   8.221%  77.186% ##
[     200,     250 ) 5235842  10.472%  87.658% ##
[     250,     300 ) 2328924   4.658%  92.316% #
[     300,     350 ) 1421873   2.844%  95.160% #
[     350,     400 )  795732   1.591%  96.751% 
[     400,     450 )  515662   1.031%  97.782% 
[     450,     500 )  305955   0.612%  98.394% 
[     500,     600 )  341060   0.682%  99.077% 
[     600,     700 )  166932   0.334%  99.410% 
[     700,     800 )   93899   0.188%  99.598% 
[     800,     900 )   58774   0.118%  99.716% 
[     900,    1000 )   39342   0.079%  99.794% 
[    1000,    1200 )   46991   0.094%  99.888% 
[    1200,    1400 )   24304   0.049%  99.937% 
[    1400,    1600 )   13127   0.026%  99.963% 
[    1600,    1800 )    6806   0.014%  99.977% 
[    1800,    2000 )    3737   0.007%  99.984% 
[    2000,    2500 )    3486   0.007%  99.991% 
[    2500,    3000 )    1133   0.002%  99.994% 
[    3000,    3500 )     957   0.002%  99.996% 
[    3500,    4000 )     888   0.002%  99.997% 
[    4000,    4500 )     314   0.001%  99.998% 
[    4500,    5000 )     233   0.000%  99.998% 
[    5000,    6000 )     414   0.001%  99.999% 
[    6000,    7000 )     117   0.000%  99.999% 
[    7000,    8000 )      73   0.000% 100.000% 
[    8000,    9000 )      67   0.000% 100.000% 
[    9000,   10000 )      23   0.000% 100.000% 
[   10000,   12000 )      45   0.000% 100.000% 
[   12000,   14000 )       7   0.000% 100.000% 
[   14000,   16000 )       6   0.000% 100.000% 
[   16000,   18000 )       7   0.000% 100.000% 
[   18000,   20000 )       5   0.000% 100.000% 
[   20000,   25000 )       9   0.000% 100.000% 
[   25000,   30000 )      13   0.000% 100.000% 
[   30000,   35000 )      25   0.000% 100.000% 
[   35000,   40000 )       1   0.000% 100.000% 

Read info: 
Count: 50000000  Average: 165.3289  StdDev: 122.30
Percentiles(us): P50: 146.07 P90: 275.14 P99: 588.78 P99.9: 1247.70 P99.99: 2404.91
------------------------------------------------------
[      35,      40 )     837   0.002%   0.002% 
[      40,      45 )  173060   0.346%   0.348% 
[      45,      50 ) 1667907   3.336%   3.684% #
[      50,      60 ) 5461465  10.923%  14.607% ##
[      60,      70 ) 1018257   2.037%  16.643% 
[      70,      80 )  626875   1.254%  17.897% 
[      80,      90 ) 1645681   3.291%  21.188% #
[      90,     100 ) 1344970   2.690%  23.878% #
[     100,     120 ) 2023017   4.046%  27.924% #
[     120,     140 ) 8839475  17.679%  45.603% ####
[     140,     160 ) 7240270  14.481%  60.084% ###
[     160,     180 ) 4440807   8.882%  68.965% ##
[     180,     200 ) 4110596   8.221%  77.186% ##
[     200,     250 ) 5235842  10.472%  87.658% ##
[     250,     300 ) 2328924   4.658%  92.316% #
[     300,     350 ) 1421873   2.844%  95.160% #
[     350,     400 )  795732   1.591%  96.751% 
[     400,     450 )  515662   1.031%  97.782% 
[     450,     500 )  305955   0.612%  98.394% 
[     500,     600 )  341060   0.682%  99.077% 
[     600,     700 )  166932   0.334%  99.410% 
[     700,     800 )   93899   0.188%  99.598% 
[     800,     900 )   58774   0.118%  99.716% 
[     900,    1000 )   39342   0.079%  99.794% 
[    1000,    1200 )   46991   0.094%  99.888% 
[    1200,    1400 )   24304   0.049%  99.937% 
[    1400,    1600 )   13127   0.026%  99.963% 
[    1600,    1800 )    6806   0.014%  99.977% 
[    1800,    2000 )    3737   0.007%  99.984% 
[    2000,    2500 )    3486   0.007%  99.991% 
[    2500,    3000 )    1133   0.002%  99.994% 
[    3000,    3500 )     957   0.002%  99.996% 
[    3500,    4000 )     888   0.002%  99.997% 
[    4000,    4500 )     314   0.001%  99.998% 
[    4500,    5000 )     233   0.000%  99.998% 
[    5000,    6000 )     414   0.001%  99.999% 
[    6000,    7000 )     117   0.000%  99.999% 
[    7000,    8000 )      73   0.000% 100.000% 
[    8000,    9000 )      67   0.000% 100.000% 
[    9000,   10000 )      23   0.000% 100.000% 
[   10000,   12000 )      45   0.000% 100.000% 
[   12000,   14000 )       7   0.000% 100.000% 
[   14000,   16000 )       6   0.000% 100.000% 
[   16000,   18000 )       7   0.000% 100.000% 
[   18000,   20000 )       5   0.000% 100.000% 
[   20000,   25000 )       9   0.000% 100.000% 
[   25000,   30000 )      13   0.000% 100.000% 
[   30000,   35000 )      25   0.000% 100.000% 
[   35000,   40000 )       1   0.000% 100.000% 

Write info: 
Count: 0  Average: 0.0000  StdDev: 0.00
Percentiles(us): P50: -nan P90: -nan P99: -nan P99.9: -nan P99.99: -nan
------------------------------------------------------


