
nofdb	workloads/workloadd.spec	50
# Load duration (sec): 1690.29
# Loading records:	200000000
# Load throughput (KOPS): 118.323
Count: 200000000  Average: 420.4449  StdDev: 20991.36
Percentiles(us): P50: 232.88 P90: 622.60 P99: 2312.52 P99.9: 14307.45 P99.99: 56167.63
------------------------------------------------------
[      50,      60 )      65   0.000%   0.000% 
[      60,      70 )     955   0.000%   0.001% 
[      70,      80 )    2310   0.001%   0.002% 
[      80,      90 )    3873   0.002%   0.004% 
[      90,     100 )   10519   0.005%   0.009% 
[     100,     120 ) 32908061  16.454%  16.463% ###
[     120,     140 ) 16345803   8.173%  24.636% ##
[     140,     160 ) 9151767   4.576%  29.212% #
[     160,     180 ) 8396373   4.198%  33.410% #
[     180,     200 ) 6925460   3.463%  36.873% #
[     200,     250 ) 39919303  19.960%  56.832% ####
[     250,     300 ) 21532563  10.766%  67.599% ##
[     300,     350 ) 13316374   6.658%  74.257% #
[     350,     400 ) 9473836   4.737%  78.994% #
[     400,     450 ) 6794993   3.397%  82.391% #
[     450,     500 ) 5460061   2.730%  85.121% #
[     500,     600 ) 8500715   4.250%  89.372% #
[     600,     700 ) 5560968   2.780%  92.152% #
[     700,     800 ) 3677962   1.839%  93.991% 
[     800,     900 ) 2500598   1.250%  95.241% 
[     900,    1000 ) 1758622   0.879%  96.121% 
[    1000,    1200 ) 2195464   1.098%  97.218% 
[    1200,    1400 ) 1303083   0.652%  97.870% 
[    1400,    1600 )  840912   0.420%  98.290% 
[    1600,    1800 )  573187   0.287%  98.577% 
[    1800,    2000 )  415918   0.208%  98.785% 
[    2000,    2500 )  688354   0.344%  99.129% 
[    2500,    3000 )  398092   0.199%  99.328% 
[    3000,    3500 )  254447   0.127%  99.455% 
[    3500,    4000 )  177218   0.089%  99.544% 
[    4000,    4500 )  127759   0.064%  99.608% 
[    4500,    5000 )   95363   0.048%  99.655% 
[    5000,    6000 )  137419   0.069%  99.724% 
[    6000,    7000 )   95124   0.048%  99.772% 
[    7000,    8000 )   70297   0.035%  99.807% 
[    8000,    9000 )   51600   0.026%  99.833% 
[    9000,   10000 )   34803   0.017%  99.850% 
[   10000,   12000 )   40489   0.020%  99.870% 
[   12000,   14000 )   53174   0.027%  99.897% 
[   14000,   16000 )   39785   0.020%  99.917% 
[   16000,   18000 )   26503   0.013%  99.930% 
[   18000,   20000 )   16039   0.008%  99.938% 
[   20000,   25000 )   24137   0.012%  99.950% 
[   25000,   30000 )   36169   0.018%  99.968% 
[   30000,   35000 )   16960   0.008%  99.977% 
[   35000,   40000 )    9016   0.005%  99.981% 
[   40000,   45000 )    6882   0.003%  99.985% 
[   45000,   50000 )    5739   0.003%  99.988% 
[   50000,   60000 )    7922   0.004%  99.992% 
[   60000,   70000 )    4465   0.002%  99.994% 
[   70000,   80000 )    2263   0.001%  99.995% 
[   80000,   90000 )    1317   0.001%  99.996% 
[   90000,  100000 )     763   0.000%  99.996% 
[  100000,  120000 )    1137   0.001%  99.996% 
[  120000,  140000 )    2945   0.001%  99.998% 
[  140000,  160000 )     486   0.000%  99.998% 
[  160000,  180000 )     402   0.000%  99.998% 
[  180000,  200000 )     269   0.000%  99.999% 
[  200000,  250000 )     298   0.000%  99.999% 
[  250000,  300000 )     235   0.000%  99.999% 
[  300000,  350000 )     279   0.000%  99.999% 
[  350000,  400000 )     134   0.000%  99.999% 
[  400000,  450000 )      90   0.000%  99.999% 
[  450000,  500000 )     133   0.000%  99.999% 
[  500000,  600000 )     130   0.000%  99.999% 
[  600000,  700000 )      99   0.000%  99.999% 
[  700000,  800000 )     165   0.000%  99.999% 
[  800000,  900000 )      55   0.000%  99.999% 
[  900000, 1000000 )     107   0.000%  99.999% 
[ 1000000, 1200000 )      14   0.000%  99.999% 
[ 1200000, 1400000 )      32   0.000%  99.999% 
[ 1400000, 1600000 )     131   0.000%  99.999% 
[ 1600000, 1800000 )      91   0.000% 100.000% 
[ 1800000, 2000000 )      19   0.000% 100.000% 
[ 2000000, 2500000 )      55   0.000% 100.000% 
[ 2500000, 3000000 )      50   0.000% 100.000% 
[ 3000000, 3500000 )      50   0.000% 100.000% 
[ 4500000, 5000000 )      50   0.000% 100.000% 
[ 5000000, 6000000 )     100   0.000% 100.000% 
[ 6000000, 7000000 )     150   0.000% 100.000% 
[ 7000000, 8000000 )      50   0.000% 100.000% 
[ 8000000, 9000000 )      98   0.000% 100.000% 
[ 9000000, 10000000 )       2   0.000% 100.000% 
[ 10000000, 12000000 )      50   0.000% 100.000% 
[ 12000000, 14000000 )      73   0.000% 100.000% 
[ 14000000, 16000000 )      77   0.000% 100.000% 
[ 16000000, 18000000 )     100   0.000% 100.000% 


# Run duration (sec): 1853.01
# Run operations:	200000000
# Run throughput (KOPS): 107.932
Count: 200000000  Average: 457.5865  StdDev: 10519.58
Percentiles(us): P50: 127.75 P90: 472.78 P99: 1039.73 P99.9: 52934.10 P99.99: 470901.41
------------------------------------------------------
[      30,      35 )      13   0.000%   0.000% 
[      35,      40 )   51450   0.026%   0.026% 
[      40,      45 ) 4009722   2.005%   2.031% 
[      45,      50 ) 17503443   8.752%  10.782% ##
[      50,      60 ) 37497216  18.749%  29.531% ####
[      60,      70 ) 11279286   5.640%  35.171% #
[      70,      80 ) 5338425   2.669%  37.840% #
[      80,      90 ) 5922271   2.961%  40.801% #
[      90,     100 ) 4970225   2.485%  43.286% 
[     100,     120 ) 9771661   4.886%  48.172% #
[     120,     140 ) 9440268   4.720%  52.892% #
[     140,     160 ) 6233654   3.117%  56.009% #
[     160,     180 ) 5663849   2.832%  58.841% #
[     180,     200 ) 11360997   5.680%  64.521% #
[     200,     250 ) 16356925   8.178%  72.700% ##
[     250,     300 ) 11140401   5.570%  78.270% #
[     300,     350 ) 8648529   4.324%  82.594% #
[     350,     400 ) 6989278   3.495%  86.089% #
[     400,     450 ) 5700199   2.850%  88.939% #
[     450,     500 ) 4657854   2.329%  91.268% 
[     500,     600 ) 6693390   3.347%  94.615% #
[     600,     700 ) 4039755   2.020%  96.634% 
[     700,     800 ) 2365899   1.183%  97.817% 
[     800,     900 ) 1385035   0.693%  98.510% 
[     900,    1000 )  821331   0.411%  98.921% 
[    1000,    1200 )  800099   0.400%  99.321% 
[    1200,    1400 )  304275   0.152%  99.473% 
[    1400,    1600 )  122978   0.061%  99.534% 
[    1600,    1800 )   58840   0.029%  99.564% 
[    1800,    2000 )   35838   0.018%  99.582% 
[    2000,    2500 )   56167   0.028%  99.610% 
[    2500,    3000 )   38335   0.019%  99.629% 
[    3000,    3500 )   30973   0.015%  99.644% 
[    3500,    4000 )   25936   0.013%  99.657% 
[    4000,    4500 )   19781   0.010%  99.667% 
[    4500,    5000 )   14132   0.007%  99.674% 
[    5000,    6000 )   28616   0.014%  99.689% 
[    6000,    7000 )   34302   0.017%  99.706% 
[    7000,    8000 )   31186   0.016%  99.721% 
[    8000,    9000 )   29124   0.015%  99.736% 
[    9000,   10000 )   30399   0.015%  99.751% 
[   10000,   12000 )   44355   0.022%  99.773% 
[   12000,   14000 )   42181   0.021%  99.794% 
[   14000,   16000 )   35483   0.018%  99.812% 
[   16000,   18000 )   19136   0.010%  99.822% 
[   18000,   20000 )   10339   0.005%  99.827% 
[   20000,   25000 )   19394   0.010%  99.836% 
[   25000,   30000 )   22446   0.011%  99.848% 
[   30000,   35000 )   24819   0.012%  99.860% 
[   35000,   40000 )   27254   0.014%  99.874% 
[   40000,   45000 )   25814   0.013%  99.887% 
[   45000,   50000 )   19434   0.010%  99.896% 
[   50000,   60000 )   24839   0.012%  99.909% 
[   60000,   70000 )   14667   0.007%  99.916% 
[   70000,   80000 )   22690   0.011%  99.927% 
[   80000,   90000 )   22063   0.011%  99.938% 
[   90000,  100000 )   12165   0.006%  99.945% 
[  100000,  120000 )   14709   0.007%  99.952% 
[  120000,  140000 )    7025   0.004%  99.955% 
[  140000,  160000 )    8220   0.004%  99.960% 
[  160000,  180000 )    9628   0.005%  99.964% 
[  180000,  200000 )    6864   0.003%  99.968% 
[  200000,  250000 )   14045   0.007%  99.975% 
[  250000,  300000 )    9781   0.005%  99.980% 
[  300000,  350000 )    8639   0.004%  99.984% 
[  350000,  400000 )    5488   0.003%  99.987% 
[  400000,  450000 )    4981   0.002%  99.989% 
[  450000,  500000 )    3550   0.002%  99.991% 
[  500000,  600000 )    5312   0.003%  99.994% 
[  600000,  700000 )    3699   0.002%  99.996% 
[  700000,  800000 )    2480   0.001%  99.997% 
[  800000,  900000 )    1659   0.001%  99.998% 
[  900000, 1000000 )    1264   0.001%  99.998% 
[ 1000000, 1200000 )    1523   0.001%  99.999% 
[ 1200000, 1400000 )     761   0.000%  99.999% 
[ 1400000, 1600000 )     476   0.000% 100.000% 
[ 1600000, 1800000 )     275   0.000% 100.000% 
[ 1800000, 2000000 )     171   0.000% 100.000% 
[ 2000000, 2500000 )     143   0.000% 100.000% 
[ 2500000, 3000000 )      78   0.000% 100.000% 
[ 3000000, 3500000 )      30   0.000% 100.000% 
[ 3500000, 4000000 )      10   0.000% 100.000% 
[ 4000000, 4500000 )      10   0.000% 100.000% 
[ 4500000, 5000000 )      12   0.000% 100.000% 
[ 5000000, 6000000 )      18   0.000% 100.000% 
[ 6000000, 7000000 )      12   0.000% 100.000% 
[ 7000000, 8000000 )       1   0.000% 100.000% 

Read info: 
Count: 190003184  Average: 453.0941  StdDev: 10562.91
Percentiles(us): P50: 121.77 P90: 460.54 P99: 995.83 P99.9: 53227.97 P99.99: 473887.31
------------------------------------------------------
[      30,      35 )      13   0.000%   0.000% 
[      35,      40 )   51450   0.027%   0.027% 
[      40,      45 ) 4009722   2.110%   2.137% 
[      45,      50 ) 17503443   9.212%  11.350% ##
[      50,      60 ) 37497216  19.735%  31.085% ####
[      60,      70 ) 11279264   5.936%  37.021% #
[      70,      80 ) 5338311   2.810%  39.831% #
[      80,      90 ) 5922152   3.117%  42.947% #
[      90,     100 ) 4969946   2.616%  45.563% #
[     100,     120 ) 7676032   4.040%  49.603% #
[     120,     140 ) 8544139   4.497%  54.100% #
[     140,     160 ) 5900533   3.105%  57.205% #
[     160,     180 ) 5354247   2.818%  60.023% #
[     180,     200 ) 11044203   5.813%  65.836% #
[     200,     250 ) 14349014   7.552%  73.388% ##
[     250,     300 ) 10459847   5.505%  78.893% #
[     300,     350 ) 8160277   4.295%  83.188% #
[     350,     400 ) 6623242   3.486%  86.674% #
[     400,     450 ) 5396613   2.840%  89.514% #
[     450,     500 ) 4380546   2.306%  91.820% 
[     500,     600 ) 6192247   3.259%  95.079% #
[     600,     700 ) 3623494   1.907%  96.986% 
[     700,     800 ) 2041212   1.074%  98.060% 
[     800,     900 ) 1151836   0.606%  98.666% 
[     900,    1000 )  661774   0.348%  99.015% 
[    1000,    1200 )  635359   0.334%  99.349% 
[    1200,    1400 )  247140   0.130%  99.479% 
[    1400,    1600 )  104398   0.055%  99.534% 
[    1600,    1800 )   52611   0.028%  99.562% 
[    1800,    2000 )   33087   0.017%  99.579% 
[    2000,    2500 )   52914   0.028%  99.607% 
[    2500,    3000 )   36505   0.019%  99.626% 
[    3000,    3500 )   29591   0.016%  99.642% 
[    3500,    4000 )   24915   0.013%  99.655% 
[    4000,    4500 )   19099   0.010%  99.665% 
[    4500,    5000 )   13539   0.007%  99.672% 
[    5000,    6000 )   27460   0.014%  99.686% 
[    6000,    7000 )   32808   0.017%  99.704% 
[    7000,    8000 )   29893   0.016%  99.719% 
[    8000,    9000 )   27911   0.015%  99.734% 
[    9000,   10000 )   29128   0.015%  99.749% 
[   10000,   12000 )   42496   0.022%  99.772% 
[   12000,   14000 )   40352   0.021%  99.793% 
[   14000,   16000 )   33920   0.018%  99.811% 
[   16000,   18000 )   18302   0.010%  99.821% 
[   18000,   20000 )    9905   0.005%  99.826% 
[   20000,   25000 )   18597   0.010%  99.836% 
[   25000,   30000 )   21441   0.011%  99.847% 
[   30000,   35000 )   23807   0.013%  99.859% 
[   35000,   40000 )   26200   0.014%  99.873% 
[   40000,   45000 )   24729   0.013%  99.886% 
[   45000,   50000 )   18626   0.010%  99.896% 
[   50000,   60000 )   23776   0.013%  99.908% 
[   60000,   70000 )   14038   0.007%  99.916% 
[   70000,   80000 )   21665   0.011%  99.927% 
[   80000,   90000 )   21005   0.011%  99.938% 
[   90000,  100000 )   11545   0.006%  99.944% 
[  100000,  120000 )   13970   0.007%  99.952% 
[  120000,  140000 )    6677   0.004%  99.955% 
[  140000,  160000 )    7805   0.004%  99.959% 
[  160000,  180000 )    9144   0.005%  99.964% 
[  180000,  200000 )    6533   0.003%  99.968% 
[  200000,  250000 )   13365   0.007%  99.975% 
[  250000,  300000 )    9274   0.005%  99.980% 
[  300000,  350000 )    8255   0.004%  99.984% 
[  350000,  400000 )    5242   0.003%  99.987% 
[  400000,  450000 )    4756   0.003%  99.989% 
[  450000,  500000 )    3407   0.002%  99.991% 
[  500000,  600000 )    5097   0.003%  99.994% 
[  600000,  700000 )    3550   0.002%  99.995% 
[  700000,  800000 )    2381   0.001%  99.997% 
[  800000,  900000 )    1597   0.001%  99.998% 
[  900000, 1000000 )    1215   0.001%  99.998% 
[ 1000000, 1200000 )    1458   0.001%  99.999% 
[ 1200000, 1400000 )     738   0.000%  99.999% 
[ 1400000, 1600000 )     459   0.000% 100.000% 
[ 1600000, 1800000 )     263   0.000% 100.000% 
[ 1800000, 2000000 )     164   0.000% 100.000% 
[ 2000000, 2500000 )     139   0.000% 100.000% 
[ 2500000, 3000000 )      72   0.000% 100.000% 
[ 3000000, 3500000 )      28   0.000% 100.000% 
[ 3500000, 4000000 )       9   0.000% 100.000% 
[ 4000000, 4500000 )      10   0.000% 100.000% 
[ 4500000, 5000000 )      11   0.000% 100.000% 
[ 5000000, 6000000 )      17   0.000% 100.000% 
[ 6000000, 7000000 )      12   0.000% 100.000% 
[ 7000000, 8000000 )       1   0.000% 100.000% 

Write info: 
Count: 9996816  Average: 542.9718  StdDev: 9658.74
Percentiles(us): P50: 226.06 P90: 701.32 P99: 1276.33 P99.9: 47606.34 P99.99: 418070.76
------------------------------------------------------
[      60,      70 )      22   0.000%   0.000% 
[      70,      80 )     114   0.001%   0.001% 
[      80,      90 )     119   0.001%   0.003% 
[      90,     100 )     279   0.003%   0.005% 
[     100,     120 ) 2095629  20.963%  20.968% ####
[     120,     140 )  896129   8.964%  29.932% ##
[     140,     160 )  333121   3.332%  33.265% #
[     160,     180 )  309602   3.097%  36.362% #
[     180,     200 )  316794   3.169%  39.531% #
[     200,     250 ) 2007911  20.086%  59.616% ####
[     250,     300 )  680554   6.808%  66.424% #
[     300,     350 )  488252   4.884%  71.308% #
[     350,     400 )  366036   3.662%  74.969% #
[     400,     450 )  303586   3.037%  78.006% #
[     450,     500 )  277308   2.774%  80.780% #
[     500,     600 )  501143   5.013%  85.793% #
[     600,     700 )  416261   4.164%  89.957% #
[     700,     800 )  324687   3.248%  93.205% #
[     800,     900 )  233199   2.333%  95.538% 
[     900,    1000 )  159557   1.596%  97.134% 
[    1000,    1200 )  164740   1.648%  98.782% 
[    1200,    1400 )   57135   0.572%  99.353% 
[    1400,    1600 )   18580   0.186%  99.539% 
[    1600,    1800 )    6229   0.062%  99.602% 
[    1800,    2000 )    2751   0.028%  99.629% 
[    2000,    2500 )    3253   0.033%  99.662% 
[    2500,    3000 )    1830   0.018%  99.680% 
[    3000,    3500 )    1382   0.014%  99.694% 
[    3500,    4000 )    1021   0.010%  99.704% 
[    4000,    4500 )     682   0.007%  99.711% 
[    4500,    5000 )     593   0.006%  99.717% 
[    5000,    6000 )    1156   0.012%  99.728% 
[    6000,    7000 )    1494   0.015%  99.743% 
[    7000,    8000 )    1293   0.013%  99.756% 
[    8000,    9000 )    1213   0.012%  99.768% 
[    9000,   10000 )    1271   0.013%  99.781% 
[   10000,   12000 )    1859   0.019%  99.800% 
[   12000,   14000 )    1829   0.018%  99.818% 
[   14000,   16000 )    1563   0.016%  99.834% 
[   16000,   18000 )     834   0.008%  99.842% 
[   18000,   20000 )     434   0.004%  99.846% 
[   20000,   25000 )     797   0.008%  99.854% 
[   25000,   30000 )    1005   0.010%  99.864% 
[   30000,   35000 )    1012   0.010%  99.874% 
[   35000,   40000 )    1054   0.011%  99.885% 
[   40000,   45000 )    1085   0.011%  99.896% 
[   45000,   50000 )     808   0.008%  99.904% 
[   50000,   60000 )    1063   0.011%  99.915% 
[   60000,   70000 )     629   0.006%  99.921% 
[   70000,   80000 )    1025   0.010%  99.931% 
[   80000,   90000 )    1058   0.011%  99.942% 
[   90000,  100000 )     620   0.006%  99.948% 
[  100000,  120000 )     739   0.007%  99.955% 
[  120000,  140000 )     348   0.003%  99.959% 
[  140000,  160000 )     415   0.004%  99.963% 
[  160000,  180000 )     484   0.005%  99.968% 
[  180000,  200000 )     331   0.003%  99.971% 
[  200000,  250000 )     680   0.007%  99.978% 
[  250000,  300000 )     507   0.005%  99.983% 
[  300000,  350000 )     384   0.004%  99.987% 
[  350000,  400000 )     246   0.002%  99.989% 
[  400000,  450000 )     225   0.002%  99.991% 
[  450000,  500000 )     143   0.001%  99.993% 
[  500000,  600000 )     215   0.002%  99.995% 
[  600000,  700000 )     149   0.001%  99.997% 
[  700000,  800000 )      99   0.001%  99.997% 
[  800000,  900000 )      62   0.001%  99.998% 
[  900000, 1000000 )      49   0.000%  99.999% 
[ 1000000, 1200000 )      65   0.001%  99.999% 
[ 1200000, 1400000 )      23   0.000%  99.999% 
[ 1400000, 1600000 )      17   0.000% 100.000% 
[ 1600000, 1800000 )      12   0.000% 100.000% 
[ 1800000, 2000000 )       7   0.000% 100.000% 
[ 2000000, 2500000 )       4   0.000% 100.000% 
[ 2500000, 3000000 )       6   0.000% 100.000% 
[ 3000000, 3500000 )       2   0.000% 100.000% 
[ 3500000, 4000000 )       1   0.000% 100.000% 
[ 4500000, 5000000 )       1   0.000% 100.000% 
[ 5000000, 6000000 )       1   0.000% 100.000% 


