Heartbeat port addresses read from NoFDBConfig: 
    Node-0: 10.10.1.2:50050
    Node-1: 10.10.1.3:50050
    Node-2: 10.10.1.4:50050
===== Global Configure Table =====
    node_id: 0
    node_ip: 10.10.1.2
    maintainer_port: 50050
    remaining_cpu_cores: 00000000000000000000000000000000000000000000000000000000000000000000000000000000000000000000000000000000111000000000000000000000
    remaining_ports: 
    kvses: 
        kvs_id: 0
        belong_to_node_id: 0
        required_cpu_core_num: 16
        using_cpu_cores: 
        using_ports: 50051,50052,50053,50054,50055,50056,50057,50058,50059,50060,50061,50062,50063,50064,50065,50066
        replications: 
            node_id: 0
            node_ip: trtype:rdma adrfam:IPv4 traddr:10.10.1.2 trsvcid:4420 subnqn:nqn.2024-12.io.spdk:0
        replications: 
            node_id: 1
            node_ip: trtype:rdma adrfam:IPv4 traddr:10.10.1.3 trsvcid:4420 subnqn:nqn.2024-12.io.spdk:1
        replications: 
            node_id: 2
            node_ip: trtype:rdma adrfam:IPv4 traddr:10.10.1.4 trsvcid:4420 subnqn:nqn.2024-12.io.spdk:2
    node_id: 1
    node_ip: 10.10.1.3
    maintainer_port: 50050
    remaining_cpu_cores: 00000000000000000000000000000000000000000000000000000000000000000000000000000000000000000000000000000000111000000000000000000000
    remaining_ports: 
    kvses: 
        kvs_id: 0
        belong_to_node_id: 1
        required_cpu_core_num: 16
        using_cpu_cores: 
        using_ports: 50051,50052,50053,50054,50055,50056,50057,50058,50059,50060,50061,50062,50063,50064,50065,50066
        replications: 
            node_id: 0
            node_ip: trtype:rdma adrfam:IPv4 traddr:10.10.1.2 trsvcid:4420 subnqn:nqn.2024-12.io.spdk:0
        replications: 
            node_id: 1
            node_ip: trtype:rdma adrfam:IPv4 traddr:10.10.1.3 trsvcid:4420 subnqn:nqn.2024-12.io.spdk:1
        replications: 
            node_id: 2
            node_ip: trtype:rdma adrfam:IPv4 traddr:10.10.1.4 trsvcid:4420 subnqn:nqn.2024-12.io.spdk:2
    node_id: 2
    node_ip: 10.10.1.4
    maintainer_port: 50050
    remaining_cpu_cores: 00000000000000000000000000000000000000000000000000000000000000000000000000000000000000000000000000000000111000000000000000000000
    remaining_ports: 
    kvses: 
        kvs_id: 0
        belong_to_node_id: 2
        required_cpu_core_num: 16
        using_cpu_cores: 
        using_ports: 50051,50052,50053,50054,50055,50056,50057,50058,50059,50060,50061,50062,50063,50064,50065,50066
        replications: 
            node_id: 0
            node_ip: trtype:rdma adrfam:IPv4 traddr:10.10.1.2 trsvcid:4420 subnqn:nqn.2024-12.io.spdk:0
        replications: 
            node_id: 1
            node_ip: trtype:rdma adrfam:IPv4 traddr:10.10.1.3 trsvcid:4420 subnqn:nqn.2024-12.io.spdk:1
        replications: 
            node_id: 2
            node_ip: trtype:rdma adrfam:IPv4 traddr:10.10.1.4 trsvcid:4420 subnqn:nqn.2024-12.io.spdk:2
==================================

fieldcount: 1
fieldlength: 1000
zero_padding: 20
recordcount: 200000000
operationcount: 200000000
oks: 1000000
oks: 1000000
oks: 1000000
oks: 1000000
oks: 1000000
oks: 1000000
oks: 1000000
oks: 1000000
oks: 1000000
oks: 1000000
oks: 1000000
oks: 1000000
oks: 1000000
oks: 1000000
oks: 1000000
oks: 1000000
oks: 1000000
oks: 1000000
oks: 1000000
oks: 1000000
oks: 1000000
oks: 1000000
oks: 1000000
oks: 1000000
oks: 1000000
oks: 1000000
oks: 1000000
oks: 1000000
oks: 1000000
oks: 1000000
oks: 1000000
oks: 1000000
oks: 1000000
oks: 1000000
oks: 1000000
oks: 1000000
oks: 1000000
oks: 1000000
oks: 1000000
oks: 1000000
oks: 1000000
oks: 1000000
oks: 1000000
oks: 1000000
oks: 1000000
oks: 1000000
oks: 1000000
oks: 1000000
oks: 2000000
oks: 2000000
oks: 2000000
oks: 2000000
oks: 2000000
oks: 2000000
oks: 2000000
oks: 2000000
oks: 2000000
oks: 2000000
oks: 2000000
oks: 2000000
oks: 2000000
oks: 2000000
oks: 2000000
oks: 2000000
oks: 2000000
oks: 2000000
oks: 2000000
oks: 2000000
oks: 2000000
oks: 2000000
oks: 2000000
oks: 2000000
oks: 2000000
oks: 2000000
oks: 2000000
oks: 2000000
oks: 2000000
oks: 2000000
oks: 2000000
oks: 2000000
oks: 2000000
oks: 2000000
oks: 2000000
oks: 2000000
oks: 2000000
oks: 2000000
oks: 2000000
oks: 2000000
oks: 2000000
oks: 2000000
oks: 2000000
oks: 2000000
oks: 2000000
oks: 2000000
oks: 2000000
oks: 2000000
oks: 3000000
oks: 3000000
oks: 3000000
oks: 3000000
oks: 3000000
oks: 3000000
oks: 3000000
oks: 3000000
oks: 3000000
oks: 3000000
oks: 3000000
oks: 3000000
oks: 3000000
oks: 3000000
oks: 3000000
oks: 3000000
oks: 3000000
oks: 3000000
oks: 3000000
oks: 3000000
oks: 3000000
oks: 3000000
oks: 3000000
oks: 3000000
oks: 3000000
oks: 3000000
oks: 3000000
oks: 3000000
oks: 3000000
oks: 3000000
oks: 3000000
oks: 3000000
oks: 3000000
oks: 3000000
oks: 3000000
oks: 3000000
oks: 3000000
oks: 3000000
oks: 3000000
oks: 3000000
oks: 3000000
oks: 3000000
oks: 3000000
oks: 3000000
oks: 3000000
oks: 3000000
oks: 3000000
oks: 3000000
oks: 4000000
oks: 4000000
oks: 4000000
oks: 4000000
oks: 4000000
oks: 4000000
oks: 4000000
oks: 4000000
oks: 4000000
oks: 4000000
oks: 4000000
oks: 4000000
oks: 4000000
oks: 4000000
oks: 4000000
oks: 4000000
oks: 4000000
oks: 4000000
oks: 4000000
oks: 4000000
oks: 4000000
oks: 4000000
oks: 4000000
oks: 4000000
oks: 4000000
oks: 4000000
oks: 4000000
oks: 4000000
oks: 4000000
oks: 4000000
oks: 4000000
oks: 4000000
oks: 4000000
oks: 4000000
oks: 4000000
oks: 4000000
oks: 4000000
oks: 4000000
oks: 4000000
oks: 4000000
oks: 4000000
oks: 4000000
oks: 4000000
oks: 4000000
oks: 4000000
oks: 4000000
oks: 4000000
oks: 4000000

nofdb	workloads/workloadg.spec	48
# Load duration (sec): 1802.6
# Loading records:	199999968
# Load throughput (KOPS): 110.951
Count: 199999968  Average: 432.0053  StdDev: 4467.75
Percentiles(us): P50: 221.76 P90: 450.92 P99: 2801.61 P99.9: 37407.10 P99.99: 142990.73
------------------------------------------------------
[      60,      70 )      11   0.000%   0.000% 
[      70,      80 )     307   0.000%   0.000% 
[      80,      90 )    1929   0.001%   0.001% 
[      90,     100 )    4553   0.002%   0.003% 
[     100,     120 ) 13316963   6.658%   6.662% #
[     120,     140 ) 38407012  19.204%  25.865% ####
[     140,     160 ) 12795862   6.398%  32.263% #
[     160,     180 ) 8782916   4.391%  36.655% #
[     180,     200 ) 8245445   4.123%  40.778% #
[     200,     250 ) 42384761  21.192%  61.970% ####
[     250,     300 ) 26018015  13.009%  74.979% ###
[     300,     350 ) 15286929   7.643%  82.622% ##
[     350,     400 ) 9788907   4.894%  87.517% #
[     400,     450 ) 4907935   2.454%  89.971% 
[     450,     500 ) 3164976   1.582%  91.553% 
[     500,     600 ) 4936723   2.468%  94.022% 
[     600,     700 ) 2602210   1.301%  95.323% 
[     700,     800 ) 1443667   0.722%  96.045% 
[     800,     900 )  804746   0.402%  96.447% 
[     900,    1000 )  584935   0.292%  96.739% 
[    1000,    1200 )  898018   0.449%  97.188% 
[    1200,    1400 )  627732   0.314%  97.502% 
[    1400,    1600 )  568941   0.284%  97.787% 
[    1600,    1800 )  525136   0.263%  98.049% 
[    1800,    2000 )  511972   0.256%  98.305% 
[    2000,    2500 ) 1020268   0.510%  98.815% 
[    2500,    3000 )  611882   0.306%  99.121% 
[    3000,    3500 )  356496   0.178%  99.300% 
[    3500,    4000 )  219310   0.110%  99.409% 
[    4000,    4500 )  144918   0.072%  99.482% 
[    4500,    5000 )  100435   0.050%  99.532% 
[    5000,    6000 )  120825   0.060%  99.592% 
[    6000,    7000 )   64883   0.032%  99.625% 
[    7000,    8000 )   41454   0.021%  99.646% 
[    8000,    9000 )   30167   0.015%  99.661% 
[    9000,   10000 )   25049   0.013%  99.673% 
[   10000,   12000 )   50589   0.025%  99.698% 
[   12000,   14000 )   86852   0.043%  99.742% 
[   14000,   16000 )   53678   0.027%  99.769% 
[   16000,   18000 )   43552   0.022%  99.790% 
[   18000,   20000 )   36935   0.018%  99.809% 
[   20000,   25000 )   74796   0.037%  99.846% 
[   25000,   30000 )   48237   0.024%  99.870% 
[   30000,   35000 )   43171   0.022%  99.892% 
[   35000,   40000 )   32965   0.016%  99.909% 
[   40000,   45000 )   21926   0.011%  99.920% 
[   45000,   50000 )   19179   0.010%  99.929% 
[   50000,   60000 )   33709   0.017%  99.946% 
[   60000,   70000 )   21959   0.011%  99.957% 
[   70000,   80000 )   18064   0.009%  99.966% 
[   80000,   90000 )   13667   0.007%  99.973% 
[   90000,  100000 )   10487   0.005%  99.978% 
[  100000,  120000 )   14021   0.007%  99.985% 
[  120000,  140000 )    8991   0.004%  99.990% 
[  140000,  160000 )    6032   0.003%  99.993% 
[  160000,  180000 )    4115   0.002%  99.995% 
[  180000,  200000 )    2824   0.001%  99.996% 
[  200000,  250000 )    3879   0.002%  99.998% 
[  250000,  300000 )    1869   0.001%  99.999% 
[  300000,  350000 )    1032   0.001%  99.999% 
[  350000,  400000 )     329   0.000% 100.000% 
[  400000,  450000 )     164   0.000% 100.000% 
[  450000,  500000 )      74   0.000% 100.000% 
[  500000,  600000 )     107   0.000% 100.000% 
[  600000,  700000 )      70   0.000% 100.000% 
[  700000,  800000 )      39   0.000% 100.000% 
[  800000,  900000 )      74   0.000% 100.000% 
[  900000, 1000000 )      20   0.000% 100.000% 
[ 1000000, 1200000 )       2   0.000% 100.000% 
[ 1200000, 1400000 )      36   0.000% 100.000% 
[ 1400000, 1600000 )      60   0.000% 100.000% 
[ 1600000, 1800000 )      27   0.000% 100.000% 
[ 1800000, 2000000 )       5   0.000% 100.000% 
[ 2500000, 3000000 )      54   0.000% 100.000% 
[ 3000000, 3500000 )      50   0.000% 100.000% 
[ 3500000, 4000000 )      14   0.000% 100.000% 
[ 4000000, 4500000 )      22   0.000% 100.000% 
[ 4500000, 5000000 )       4   0.000% 100.000% 

Waiting 30s before performing transactions......
Starting performing transactions......

oks: 1000000
oks: 1000000
oks: 1000000
oks: 1000000
oks: 1000000
oks: 1000000
oks: 1000000
oks: 1000000
oks: 1000000
oks: 1000000
oks: 1000000
oks: 1000000
oks: 1000000
oks: 1000000
oks: 1000000
oks: 1000000
oks: 1000000
oks: 1000000
oks: 1000000
oks: 1000000
oks: 1000000
oks: 1000000
oks: 1000000
oks: 1000000
oks: 1000000
oks: 1000000
oks: 1000000
oks: 1000000
oks: 1000000
oks: 1000000
oks: 1000000
oks: 1000000
oks: 1000000
oks: 1000000
oks: 1000000
oks: 1000000
oks: 1000000
oks: 1000000
oks: 1000000
oks: 1000000
oks: 1000000
oks: 1000000
oks: 1000000
oks: 1000000
oks: 1000000
oks: 1000000
oks: 1000000
oks: 1000000
oks: 2000000
oks: 2000000
oks: 2000000
oks: 2000000
oks: 2000000
oks: 2000000
oks: 2000000
oks: 2000000
oks: 2000000
oks: 2000000
oks: 2000000
oks: 2000000
oks: 2000000
oks: 2000000
oks: 2000000
oks: 2000000
oks: 2000000
oks: 2000000
oks: 2000000
oks: 2000000
oks: 2000000
oks: 2000000
oks: 2000000
oks: 2000000
oks: 2000000
oks: 2000000
oks: 2000000
oks: 2000000
oks: 2000000
oks: 2000000
oks: 2000000
oks: 2000000
oks: 2000000
oks: 2000000
oks: 2000000
oks: 2000000
oks: 2000000
oks: 2000000
oks: 2000000
oks: 2000000
oks: 2000000
oks: 2000000
oks: 2000000
oks: 2000000
oks: 2000000
oks: 2000000
oks: 2000000
oks: 2000000
oks: 3000000
oks: 3000000
oks: 3000000
oks: 3000000
oks: 3000000
oks: 3000000
oks: 3000000
oks: 3000000
oks: 3000000
oks: 3000000
oks: 3000000
oks: 3000000
oks: 3000000
oks: 3000000
oks: 3000000
oks: 3000000
oks: 3000000
oks: 3000000
oks: 3000000
oks: 3000000
oks: 3000000
oks: 3000000
oks: 3000000
oks: 3000000
oks: 3000000
oks: 3000000
oks: 3000000
oks: 3000000
oks: 3000000
oks: 3000000
oks: 3000000
oks: 3000000
oks: 3000000
oks: 3000000
oks: 3000000
oks: 3000000
oks: 3000000
oks: 3000000
oks: 3000000
oks: 3000000
oks: 3000000
oks: 3000000
oks: 3000000
oks: 3000000
oks: 3000000
oks: 3000000
oks: 3000000
oks: 3000000
oks: 4000000
oks: 4000000
oks: 4000000
oks: 4000000
oks: 4000000
oks: 4000000
oks: 4000000
oks: 4000000
oks: 4000000
oks: 4000000
oks: 4000000
oks: 4000000
oks: 4000000
oks: 4000000
oks: 4000000
oks: 4000000
oks: 4000000
oks: 4000000
oks: 4000000
oks: 4000000
oks: 4000000
oks: 4000000
oks: 4000000
oks: 4000000
oks: 4000000
oks: 4000000
oks: 4000000
oks: 4000000
oks: 4000000
oks: 4000000
oks: 4000000
oks: 4000000
oks: 4000000
oks: 4000000
oks: 4000000
oks: 4000000
oks: 4000000
oks: 4000000
oks: 4000000
oks: 4000000
oks: 4000000
oks: 4000000
oks: 4000000
oks: 4000000
oks: 4000000
oks: 4000000
oks: 4000000
oks: 4000000
# Run duration (sec): 2168.5
# Run operations:	199999968
# Run throughput (KOPS): 92.2295
Count: 199999968  Average: 519.3745  StdDev: 3215.33
Percentiles(us): P50: 203.70 P90: 398.88 P99: 4905.37 P99.9: 44216.01 P99.99: 107302.03
------------------------------------------------------
[      50,      60 )       1   0.000%   0.000% 
[      60,      70 )      46   0.000%   0.000% 
[      70,      80 )    1199   0.001%   0.001% 
[      80,      90 )    4917   0.002%   0.003% 
[      90,     100 )    9087   0.005%   0.008% 
[     100,     120 ) 35341079  17.671%  17.678% ####
[     120,     140 ) 37995846  18.998%  36.676% ####
[     140,     160 ) 9246296   4.623%  41.299% #
[     160,     180 ) 6632764   3.316%  44.616% #
[     180,     200 ) 7010032   3.505%  48.121% #
[     200,     250 ) 50815097  25.408%  73.528% #####
[     250,     300 ) 18465086   9.233%  82.761% ##
[     300,     350 ) 9510583   4.755%  87.516% #
[     350,     400 ) 5082132   2.541%  90.057% #
[     400,     450 ) 2164230   1.082%  91.139% 
[     450,     500 ) 1387930   0.694%  91.833% 
[     500,     600 ) 2270292   1.135%  92.968% 
[     600,     700 ) 1132334   0.566%  93.534% 
[     700,     800 )  640724   0.320%  93.855% 
[     800,     900 )  474861   0.237%  94.092% 
[     900,    1000 )  428948   0.214%  94.307% 
[    1000,    1200 )  733290   0.367%  94.673% 
[    1200,    1400 )  682200   0.341%  95.015% 
[    1400,    1600 )  638693   0.319%  95.334% 
[    1600,    1800 )  625942   0.313%  95.647% 
[    1800,    2000 )  616493   0.308%  95.955% 
[    2000,    2500 ) 1466824   0.733%  96.688% 
[    2500,    3000 ) 1367330   0.684%  97.372% 
[    3000,    3500 ) 1174289   0.587%  97.959% 
[    3500,    4000 )  969093   0.485%  98.444% 
[    4000,    4500 )  730151   0.365%  98.809% 
[    4500,    5000 )  471391   0.236%  99.045% 
[    5000,    6000 )  409746   0.205%  99.249% 
[    6000,    7000 )  145009   0.073%  99.322% 
[    7000,    8000 )   84878   0.042%  99.364% 
[    8000,    9000 )   64460   0.032%  99.397% 
[    9000,   10000 )   58411   0.029%  99.426% 
[   10000,   12000 )  122726   0.061%  99.487% 
[   12000,   14000 )  116254   0.058%  99.545% 
[   14000,   16000 )   96920   0.048%  99.594% 
[   16000,   18000 )   81511   0.041%  99.635% 
[   18000,   20000 )   68038   0.034%  99.669% 
[   20000,   25000 )  148887   0.074%  99.743% 
[   25000,   30000 )  115721   0.058%  99.801% 
[   30000,   35000 )   90082   0.045%  99.846% 
[   35000,   40000 )   67625   0.034%  99.880% 
[   40000,   45000 )   48055   0.024%  99.904% 
[   45000,   50000 )   36734   0.018%  99.922% 
[   50000,   60000 )   54872   0.027%  99.950% 
[   60000,   70000 )   34032   0.017%  99.967% 
[   70000,   80000 )   21884   0.011%  99.978% 
[   80000,   90000 )   13409   0.007%  99.984% 
[   90000,  100000 )    8090   0.004%  99.988% 
[  100000,  120000 )    9433   0.005%  99.993% 
[  120000,  140000 )    5878   0.003%  99.996% 
[  140000,  160000 )    2747   0.001%  99.997% 
[  160000,  180000 )    2123   0.001%  99.998% 
[  180000,  200000 )    1128   0.001%  99.999% 
[  200000,  250000 )     948   0.000%  99.999% 
[  250000,  300000 )     350   0.000% 100.000% 
[  300000,  350000 )     200   0.000% 100.000% 
[  350000,  400000 )     101   0.000% 100.000% 
[  400000,  450000 )     134   0.000% 100.000% 
[  450000,  500000 )      47   0.000% 100.000% 
[  500000,  600000 )      67   0.000% 100.000% 
[  600000,  700000 )      48   0.000% 100.000% 
[  700000,  800000 )      48   0.000% 100.000% 
[  800000,  900000 )      78   0.000% 100.000% 
[  900000, 1000000 )      48   0.000% 100.000% 
[ 1000000, 1200000 )      18   0.000% 100.000% 
[ 1200000, 1400000 )      48   0.000% 100.000% 

