Heartbeat port addresses read from NoFDBConfig: 
    Node-0: 10.10.1.2:50050
    Node-1: 10.10.1.3:50050
    Node-2: 10.10.1.4:50050
===== Global Configure Table =====
    node_id: 0
    node_ip: 10.10.1.2
    maintainer_port: 50050
    remaining_cpu_cores: 00000000000000000000000000000000000000000000000000000000000000000000000000000000000000000000000000000000111111111110000000000000
    remaining_ports: 50059,50060,50061,50062,50063,50064,50065,50066
    kvses: 
        kvs_id: 0
        belong_to_node_id: 0
        required_cpu_core_num: 8
        using_cpu_cores: 
        using_ports: 50051,50052,50053,50054,50055,50056,50057,50058
        replications: 
            node_id: 0
            node_ip: trtype:rdma adrfam:IPv4 traddr:10.10.1.2 trsvcid:4420 subnqn:nqn.2024-12.io.spdk:0
        replications: 
            node_id: 1
            node_ip: trtype:rdma adrfam:IPv4 traddr:10.10.1.3 trsvcid:4420 subnqn:nqn.2024-12.io.spdk:1
        replications: 
            node_id: 2
            node_ip: trtype:rdma adrfam:IPv4 traddr:10.10.1.4 trsvcid:4420 subnqn:nqn.2024-12.io.spdk:2
    node_id: 1
    node_ip: 10.10.1.3
    maintainer_port: 50050
    remaining_cpu_cores: 00000000000000000000000000000000000000000000000000000000000000000000000000000000000000000000000000000000111111111110000000000000
    remaining_ports: 50059,50060,50061,50062,50063,50064,50065,50066
    kvses: 
        kvs_id: 0
        belong_to_node_id: 1
        required_cpu_core_num: 8
        using_cpu_cores: 
        using_ports: 50051,50052,50053,50054,50055,50056,50057,50058
        replications: 
            node_id: 0
            node_ip: trtype:rdma adrfam:IPv4 traddr:10.10.1.2 trsvcid:4420 subnqn:nqn.2024-12.io.spdk:0
        replications: 
            node_id: 1
            node_ip: trtype:rdma adrfam:IPv4 traddr:10.10.1.3 trsvcid:4420 subnqn:nqn.2024-12.io.spdk:1
        replications: 
            node_id: 2
            node_ip: trtype:rdma adrfam:IPv4 traddr:10.10.1.4 trsvcid:4420 subnqn:nqn.2024-12.io.spdk:2
    node_id: 2
    node_ip: 10.10.1.4
    maintainer_port: 50050
    remaining_cpu_cores: 00000000000000000000000000000000000000000000000000000000000000000000000000000000000000000000000000000000111111111110000000000000
    remaining_ports: 50059,50060,50061,50062,50063,50064,50065,50066
    kvses: 
        kvs_id: 0
        belong_to_node_id: 2
        required_cpu_core_num: 8
        using_cpu_cores: 
        using_ports: 50051,50052,50053,50054,50055,50056,50057,50058
        replications: 
            node_id: 0
            node_ip: trtype:rdma adrfam:IPv4 traddr:10.10.1.2 trsvcid:4420 subnqn:nqn.2024-12.io.spdk:0
        replications: 
            node_id: 1
            node_ip: trtype:rdma adrfam:IPv4 traddr:10.10.1.3 trsvcid:4420 subnqn:nqn.2024-12.io.spdk:1
        replications: 
            node_id: 2
            node_ip: trtype:rdma adrfam:IPv4 traddr:10.10.1.4 trsvcid:4420 subnqn:nqn.2024-12.io.spdk:2
==================================

fieldcount: 1
fieldlength: 1000
zero_padding: 20
recordcount: 200000000
operationcount: 200000000
oks: 1000000
oks: 1000000
oks: 1000000
oks: 1000000
oks: 1000000
oks: 1000000
oks: 1000000
oks: 1000000
oks: 1000000
oks: 1000000
oks: 1000000
oks: 1000000
oks: 1000000
oks: 1000000
oks: 1000000
oks: 1000000
oks: 1000000
oks: 1000000
oks: 1000000
oks: 1000000
oks: 1000000
oks: 1000000
oks: 1000000
oks: 1000000
oks: 1000000
oks: 1000000
oks: 1000000
oks: 1000000
oks: 1000000
oks: 1000000
oks: 1000000
oks: 1000000
oks: 1000000
oks: 1000000
oks: 1000000
oks: 1000000
oks: 1000000
oks: 1000000
oks: 1000000
oks: 1000000
oks: 1000000
oks: 1000000
oks: 1000000
oks: 1000000
oks: 1000000
oks: 1000000
oks: 1000000
oks: 1000000
oks: 2000000
oks: 2000000
oks: 2000000
oks: 2000000
oks: 2000000
oks: 2000000
oks: 2000000
oks: 2000000
oks: 2000000
oks: 2000000
oks: 2000000
oks: 2000000
oks: 2000000
oks: 2000000
oks: 2000000
oks: 2000000
oks: 2000000
oks: 2000000
oks: 2000000
oks: 2000000
oks: 2000000
oks: 2000000
oks: 2000000
oks: 2000000
oks: 2000000
oks: 2000000
oks: 2000000
oks: 2000000
oks: 2000000
oks: 2000000
oks: 2000000
oks: 2000000
oks: 2000000
oks: 2000000
oks: 2000000
oks: 2000000
oks: 2000000
oks: 2000000
oks: 2000000
oks: 2000000
oks: 2000000
oks: 2000000
oks: 2000000
oks: 2000000
oks: 2000000
oks: 2000000
oks: 2000000
oks: 2000000
oks: 3000000
oks: 3000000
oks: 3000000
oks: 3000000
oks: 3000000
oks: 3000000
oks: 3000000
oks: 3000000
oks: 3000000
oks: 3000000
oks: 3000000
oks: 3000000
oks: 3000000
oks: 3000000
oks: 3000000
oks: 3000000
oks: 3000000
oks: 3000000
oks: 3000000
oks: 3000000
oks: 3000000
oks: 3000000
oks: 3000000
oks: 3000000
oks: 3000000
oks: 3000000
oks: 3000000
oks: 3000000
oks: 3000000
oks: 3000000
oks: 3000000
oks: 3000000
oks: 3000000
oks: 3000000
oks: 3000000
oks: 3000000
oks: 3000000
oks: 3000000
oks: 3000000
oks: 3000000
oks: 3000000
oks: 3000000
oks: 3000000
oks: 3000000
oks: 3000000
oks: 3000000
oks: 3000000
oks: 3000000
oks: 4000000
oks: 4000000
oks: 4000000
oks: 4000000
oks: 4000000
oks: 4000000
oks: 4000000
oks: 4000000
oks: 4000000
oks: 4000000
oks: 4000000
oks: 4000000
oks: 4000000
oks: 4000000
oks: 4000000
oks: 4000000
oks: 4000000
oks: 4000000
oks: 4000000
oks: 4000000
oks: 4000000
oks: 4000000
oks: 4000000
oks: 4000000
oks: 4000000
oks: 4000000
oks: 4000000
oks: 4000000
oks: 4000000
oks: 4000000
oks: 4000000
oks: 4000000
oks: 4000000
oks: 4000000
oks: 4000000
oks: 4000000
oks: 4000000
oks: 4000000
oks: 4000000
oks: 4000000
oks: 4000000
oks: 4000000
oks: 4000000
oks: 4000000
oks: 4000000
oks: 4000000
oks: 4000000
oks: 4000000

nofdb	workloads/workloadg.spec	48
# Load duration (sec): 2071.56
# Loading records:	199999968
# Load throughput (KOPS): 96.5456
Count: 199999968  Average: 496.7074  StdDev: 3817.00
Percentiles(us): P50: 253.91 P90: 761.10 P99: 3730.08 P99.9: 25127.85 P99.99: 61169.14
------------------------------------------------------
[      60,      70 )       5   0.000%   0.000% 
[      70,      80 )     177   0.000%   0.000% 
[      80,      90 )    1158   0.001%   0.001% 
[      90,     100 )    2681   0.001%   0.002% 
[     100,     120 ) 14385525   7.193%   7.195% #
[     120,     140 ) 23522484  11.761%  18.956% ##
[     140,     160 ) 9929467   4.965%  23.921% #
[     160,     180 ) 7945775   3.973%  27.894% #
[     180,     200 ) 7383058   3.692%  31.585% #
[     200,     250 ) 35052788  17.526%  49.112% ####
[     250,     300 ) 22747242  11.374%  60.485% ##
[     300,     350 ) 15545605   7.773%  68.258% ##
[     350,     400 ) 11849372   5.925%  74.183% #
[     400,     450 ) 7136595   3.568%  77.751% #
[     450,     500 ) 5392287   2.696%  80.447% #
[     500,     600 ) 9763632   4.882%  85.329% #
[     600,     700 ) 6734966   3.367%  88.696% #
[     700,     800 ) 4266990   2.133%  90.830% 
[     800,     900 ) 2714162   1.357%  92.187% 
[     900,    1000 ) 2067423   1.034%  93.221% 
[    1000,    1200 ) 2822620   1.411%  94.632% 
[    1200,    1400 ) 1816089   0.908%  95.540% 
[    1400,    1600 ) 1285016   0.643%  96.183% 
[    1600,    1800 ) 1014791   0.507%  96.690% 
[    1800,    2000 )  823836   0.412%  97.102% 
[    2000,    2500 ) 1609255   0.805%  97.907% 
[    2500,    3000 ) 1181617   0.591%  98.497% 
[    3000,    3500 )  783508   0.392%  98.889% 
[    3500,    4000 )  482105   0.241%  99.130% 
[    4000,    4500 )  305070   0.153%  99.283% 
[    4500,    5000 )  209721   0.105%  99.388% 
[    5000,    6000 )  263803   0.132%  99.519% 
[    6000,    7000 )  150321   0.075%  99.595% 
[    7000,    8000 )   91856   0.046%  99.641% 
[    8000,    9000 )   62679   0.031%  99.672% 
[    9000,   10000 )   47132   0.024%  99.695% 
[   10000,   12000 )   78892   0.039%  99.735% 
[   12000,   14000 )   98001   0.049%  99.784% 
[   14000,   16000 )   69861   0.035%  99.819% 
[   16000,   18000 )   48250   0.024%  99.843% 
[   18000,   20000 )   37879   0.019%  99.862% 
[   20000,   25000 )   74834   0.037%  99.899% 
[   25000,   30000 )   56318   0.028%  99.927% 
[   30000,   35000 )   43833   0.022%  99.949% 
[   35000,   40000 )   27258   0.014%  99.963% 
[   40000,   45000 )   19636   0.010%  99.973% 
[   45000,   50000 )   14609   0.007%  99.980% 
[   50000,   60000 )   18727   0.009%  99.989% 
[   60000,   70000 )    9058   0.005%  99.994% 
[   70000,   80000 )    4388   0.002%  99.996% 
[   80000,   90000 )    2192   0.001%  99.997% 
[   90000,  100000 )    1497   0.001%  99.998% 
[  100000,  120000 )     909   0.000%  99.998% 
[  120000,  140000 )     687   0.000%  99.999% 
[  140000,  160000 )     414   0.000%  99.999% 
[  160000,  180000 )     337   0.000%  99.999% 
[  180000,  200000 )     161   0.000%  99.999% 
[  200000,  250000 )     329   0.000%  99.999% 
[  250000,  300000 )     202   0.000% 100.000% 
[  300000,  350000 )     144   0.000% 100.000% 
[  350000,  400000 )      70   0.000% 100.000% 
[  400000,  450000 )      86   0.000% 100.000% 
[  450000,  500000 )      11   0.000% 100.000% 
[  600000,  700000 )      35   0.000% 100.000% 
[  700000,  800000 )      33   0.000% 100.000% 
[  800000,  900000 )      50   0.000% 100.000% 
[  900000, 1000000 )      13   0.000% 100.000% 
[ 1000000, 1200000 )      13   0.000% 100.000% 
[ 1200000, 1400000 )      29   0.000% 100.000% 
[ 1400000, 1600000 )     106   0.000% 100.000% 
[ 1800000, 2000000 )      34   0.000% 100.000% 
[ 2000000, 2500000 )     165   0.000% 100.000% 
[ 2500000, 3000000 )      41   0.000% 100.000% 
[ 3000000, 3500000 )      55   0.000% 100.000% 

Waiting 30s before performing transactions......
Starting performing transactions......

oks: 1000000
oks: 1000000
oks: 1000000
oks: 1000000
oks: 1000000
oks: 1000000
oks: 1000000
oks: 1000000
oks: 1000000
oks: 1000000
oks: 1000000
oks: 1000000
oks: 1000000
oks: 1000000
oks: 1000000
oks: 1000000
oks: 1000000
oks: 1000000
oks: 1000000
oks: 1000000
oks: 1000000
oks: 1000000
oks: 1000000
oks: 1000000
oks: 1000000
oks: 1000000
oks: 1000000
oks: 1000000
oks: 1000000
oks: 1000000
oks: 1000000
oks: 1000000
oks: 1000000
oks: 1000000
oks: 1000000
oks: 1000000
oks: 1000000
oks: 1000000
oks: 1000000
oks: 1000000
oks: 1000000
oks: 1000000
oks: 1000000
oks: 1000000
oks: 1000000
oks: 1000000
oks: 1000000
oks: 1000000
oks: 2000000
oks: 2000000
oks: 2000000
oks: 2000000
oks: 2000000
oks: 2000000
oks: 2000000
oks: 2000000
oks: 2000000
oks: 2000000
oks: 2000000
oks: 2000000
oks: 2000000
oks: 2000000
oks: 2000000
oks: 2000000
oks: 2000000
oks: 2000000
oks: 2000000
oks: 2000000
oks: 2000000
oks: 2000000
oks: 2000000
oks: 2000000
oks: 2000000
oks: 2000000
oks: 2000000
oks: 2000000
oks: 2000000
oks: 2000000
oks: 2000000
oks: 2000000
oks: 2000000
oks: 2000000
oks: 2000000
oks: 2000000
oks: 2000000
oks: 2000000
oks: 2000000
oks: 2000000
oks: 2000000
oks: 2000000
oks: 2000000
oks: 2000000
oks: 2000000
oks: 2000000
oks: 2000000
oks: 2000000
oks: 3000000
oks: 3000000
oks: 3000000
oks: 3000000
oks: 3000000
oks: 3000000
oks: 3000000
oks: 3000000
oks: 3000000
oks: 3000000
oks: 3000000
oks: 3000000
oks: 3000000
oks: 3000000
oks: 3000000
oks: 3000000
oks: 3000000
oks: 3000000
oks: 3000000
oks: 3000000
oks: 3000000
oks: 3000000
oks: 3000000
oks: 3000000
oks: 3000000
oks: 3000000
oks: 3000000
oks: 3000000
oks: 3000000
oks: 3000000
oks: 3000000
oks: 3000000
oks: 3000000
oks: 3000000
oks: 3000000
oks: 3000000
oks: 3000000
oks: 3000000
oks: 3000000
oks: 3000000
oks: 3000000
oks: 3000000
oks: 3000000
oks: 3000000
oks: 3000000
oks: 3000000
oks: 3000000
oks: 3000000
oks: 4000000
oks: 4000000
oks: 4000000
oks: 4000000
oks: 4000000
oks: 4000000
oks: 4000000
oks: 4000000
oks: 4000000
oks: 4000000
oks: 4000000
oks: 4000000
oks: 4000000
oks: 4000000
oks: 4000000
oks: 4000000
oks: 4000000
oks: 4000000
oks: 4000000
oks: 4000000
oks: 4000000
oks: 4000000
oks: 4000000
oks: 4000000
oks: 4000000
oks: 4000000
oks: 4000000
oks: 4000000
oks: 4000000
oks: 4000000
oks: 4000000
oks: 4000000
oks: 4000000
oks: 4000000
oks: 4000000
oks: 4000000
oks: 4000000
oks: 4000000
oks: 4000000
oks: 4000000
oks: 4000000
oks: 4000000
oks: 4000000
oks: 4000000
oks: 4000000
oks: 4000000
oks: 4000000
oks: 4000000
# Run duration (sec): 2718.66
# Run operations:	199999968
# Run throughput (KOPS): 73.5657
Count: 199999968  Average: 651.7046  StdDev: 3400.97
Percentiles(us): P50: 225.00 P90: 712.98 P99: 6283.00 P99.9: 49885.99 P99.99: 108965.58
------------------------------------------------------
[      60,      70 )      12   0.000%   0.000% 
[      70,      80 )     494   0.000%   0.000% 
[      80,      90 )    4595   0.002%   0.003% 
[      90,     100 )    9499   0.005%   0.007% 
[     100,     120 ) 27013769  13.507%  13.514% ###
[     120,     140 ) 27501478  13.751%  27.265% ###
[     140,     160 ) 9499715   4.750%  32.015% #
[     160,     180 ) 7132228   3.566%  35.581% #
[     180,     200 ) 7102600   3.551%  39.132% #
[     200,     250 ) 43471565  21.736%  60.868% ####
[     250,     300 ) 20752617  10.376%  71.244% ##
[     300,     350 ) 12610746   6.305%  77.550% #
[     350,     400 ) 8149740   4.075%  81.625% #
[     400,     450 ) 4326637   2.163%  83.788% 
[     450,     500 ) 3124285   1.562%  85.350% 
[     500,     600 ) 5659040   2.830%  88.180% #
[     600,     700 ) 3390821   1.695%  89.875% 
[     700,     800 ) 1926512   0.963%  90.838% 
[     800,     900 ) 1317196   0.659%  91.497% 
[     900,    1000 ) 1123930   0.562%  92.059% 
[    1000,    1200 ) 1629932   0.815%  92.874% 
[    1200,    1400 ) 1304540   0.652%  93.526% 
[    1400,    1600 ) 1053705   0.527%  94.053% 
[    1600,    1800 )  949701   0.475%  94.528% 
[    1800,    2000 )  870395   0.435%  94.963% 
[    2000,    2500 ) 1873798   0.937%  95.900% 
[    2500,    3000 ) 1603526   0.802%  96.702% 
[    3000,    3500 ) 1326160   0.663%  97.365% 
[    3500,    4000 ) 1087195   0.544%  97.908% 
[    4000,    4500 )  848850   0.424%  98.333% 
[    4500,    5000 )  609785   0.305%  98.638% 
[    5000,    6000 )  652092   0.326%  98.964% 
[    6000,    7000 )  257277   0.129%  99.092% 
[    7000,    8000 )  135121   0.068%  99.160% 
[    8000,    9000 )   90243   0.045%  99.205% 
[    9000,   10000 )   77225   0.039%  99.244% 
[   10000,   12000 )  152725   0.076%  99.320% 
[   12000,   14000 )  148187   0.074%  99.394% 
[   14000,   16000 )  127232   0.064%  99.458% 
[   16000,   18000 )  109516   0.055%  99.512% 
[   18000,   20000 )   92873   0.046%  99.559% 
[   20000,   25000 )  198312   0.099%  99.658% 
[   25000,   30000 )  152116   0.076%  99.734% 
[   30000,   35000 )  125048   0.063%  99.797% 
[   35000,   40000 )   93241   0.047%  99.843% 
[   40000,   45000 )   65184   0.033%  99.876% 
[   45000,   50000 )   49642   0.025%  99.901% 
[   50000,   60000 )   71592   0.036%  99.936% 
[   60000,   70000 )   45963   0.023%  99.959% 
[   70000,   80000 )   28575   0.014%  99.974% 
[   80000,   90000 )   16815   0.008%  99.982% 
[   90000,  100000 )   10467   0.005%  99.987% 
[  100000,  120000 )   12171   0.006%  99.993% 
[  120000,  140000 )    6135   0.003%  99.996% 
[  140000,  160000 )    3163   0.002%  99.998% 
[  160000,  180000 )    1937   0.001%  99.999% 
[  180000,  200000 )    1066   0.001% 100.000% 
[  200000,  250000 )     717   0.000% 100.000% 
[  250000,  300000 )     123   0.000% 100.000% 
[  500000,  600000 )      48   0.000% 100.000% 
[  900000, 1000000 )      30   0.000% 100.000% 
[ 1000000, 1200000 )      18   0.000% 100.000% 
[ 1200000, 1400000 )       1   0.000% 100.000% 
[ 1400000, 1600000 )      47   0.000% 100.000% 

