
Node Configure: 
    Node ID: 2
    Node IP: 10.10.1.4
    Listen IP: 0.0.0.0
    Ports: 50051,50052,50053,50054,50055,50056,50057,50058,50059,50060,50061,50062,50063,50064,50065,50066,50067,50068,50069,50070,50071,50072,50073,50074,50075
    KVDB num (at start): 1
    Server thread num (of each KVDB): 16
    CPU cores num: 32
    KVDB base path: /tmp/nofdb

CPU monitor is enabled
Stats recorder is enabled

recover: before head 1216348160 before tail 1216348160
recover: after_head 1216348160 after_tail 1216348160
recover: before head 1216350208
recover: after_head 1216350208
recover: before head 1216546816
recover: after_head 1216546816
recover: before head 1216743424
recover: after_head 1216743424
RocksDB opened at: /tmp/nofdb0
NoFDBKVS No.0 initialized, DB path: /tmp/nofdb0
WARNING: Logging before InitGoogleLogging() is written to STDERR
I0421 22:28:21.719388 391730 rdma_helper.cpp:447] RDMA device: mlx5_2
I0421 22:28:21.719480 391730 rdma_helper.cpp:449] RDMA LID: 0
I0421 22:28:21.720816 391730 rdma_helper.cpp:454] RDMA GID Index: 3
I0421 22:28:21.721580 391730 block_pool.cpp:145] Start extend rdma memory 1024MB
I0421 22:28:22.481495 391730 server.cpp:1113] Server[nofdb::DBServiceImpl] is serving on port=50055.
I0421 22:28:22.481609 391728 server.cpp:1113] Server[nofdb::DBServiceImpl] is serving on port=50053.
I0421 22:28:22.481616 391738 server.cpp:1113] Server[nofdb::DBServiceImpl] is serving on port=50063.
I0421 22:28:22.481639 391732 server.cpp:1113] Server[nofdb::DBServiceImpl] is serving on port=50057.
I0421 22:28:22.481631 391726 server.cpp:1113] Server[nofdb::DBServiceImpl] is serving on port=50051.
I0421 22:28:22.481621 391735 server.cpp:1113] Server[nofdb::DBServiceImpl] is serving on port=50060.
I0421 22:28:22.481663 391729 server.cpp:1113] Server[nofdb::DBServiceImpl] is serving on port=50054.
I0421 22:28:22.481745 391740 server.cpp:1113] Server[nofdb::DBServiceImpl] is serving on port=50065.
I0421 22:28:22.481762 391734 server.cpp:1113] Server[nofdb::DBServiceImpl] is serving on port=50059.
I0421 22:28:22.481763 391737 server.cpp:1113] Server[nofdb::DBServiceImpl] is serving on port=50062.
I0421 22:28:22.481788 391733 server.cpp:1113] Server[nofdb::DBServiceImpl] is serving on port=50058.
I0421 22:28:22.482012 391727 server.cpp:1113] Server[nofdb::DBServiceImpl] is serving on port=50052.
I0421 22:28:22.482101 391736 server.cpp:1113] Server[nofdb::DBServiceImpl] is serving on port=50061.
I0421 22:28:22.482103 391731 server.cpp:1113] Server[nofdb::DBServiceImpl] is serving on port=50056.
I0421 22:28:22.482106 391741 server.cpp:1113] Server[nofdb::DBServiceImpl] is serving on port=50066.
I0421 22:28:22.482160 391739 server.cpp:1113] Server[nofdb::DBServiceImpl] is serving on port=50064.
I0421 22:28:22.481631 391728 server.cpp:1116] Check out http://node3.motivation-test.nof-rep-pg0.clemson.cloudlab.us:50053 in web browser.
I0421 22:28:22.481655 391732 server.cpp:1116] Check out http://node3.motivation-test.nof-rep-pg0.clemson.cloudlab.us:50057 in web browser.
I0421 22:28:22.481779 391734 server.cpp:1116] Check out http://node3.motivation-test.nof-rep-pg0.clemson.cloudlab.us:50059 in web browser.
I0421 22:28:22.482116 391736 server.cpp:1116] Check out http://node3.motivation-test.nof-rep-pg0.clemson.cloudlab.us:50061 in web browser.
I0421 22:28:22.482174 391739 server.cpp:1116] Check out http://node3.motivation-test.nof-rep-pg0.clemson.cloudlab.us:50064 in web browser.
I0421 22:28:22.481693 391729 server.cpp:1116] Check out http://node3.motivation-test.nof-rep-pg0.clemson.cloudlab.us:50054 in web browser.
I0421 22:28:22.481760 391740 server.cpp:1116] Check out http://node3.motivation-test.nof-rep-pg0.clemson.cloudlab.us:50065 in web browser.
I0421 22:28:22.481791 391737 server.cpp:1116] Check out http://node3.motivation-test.nof-rep-pg0.clemson.cloudlab.us:50062 in web browser.
I0421 22:28:22.481804 391733 server.cpp:1116] Check out http://node3.motivation-test.nof-rep-pg0.clemson.cloudlab.us:50058 in web browser.
I0421 22:28:22.482026 391727 server.cpp:1116] Check out http://node3.motivation-test.nof-rep-pg0.clemson.cloudlab.us:50052 in web browser.
NoFDBKVS No.0 -- Server No.2 is listening on 0.0.0.0:50053
NoFDBKVS No.0I0421 22:28:22.481668 391726 server.cpp:1116] Check out http://node3.motivation-test.nof-rep-pg0.clemson.cloudlab.us:50051 in web browser.
I0421 22:28:22.482129 391731 server.cpp:1116] Check out http://node3.motivation-test.nof-rep-pg0.clemson.cloudlab.us:50056 in web browser.
I0421 22:28:22.481518 391730 server.cpp:1116] Check out http://node3.motivation-test.nof-rep-pg0.clemson.cloudlab.us:50055 in web browser.
I0421 22:28:22.482141 391741 server.cpp:1116] Check out http://node3.motivation-test.nof-rep-pg0.clemson.cloudlab.us:50066 in web browser.
 -- Server No.NoFDBKVS No.0 -- Server No.60 is listening on NoFDBKVS No. is listening on 0.0.0.0:50057NoFDBKVS No.0NoFDBKVS No.NoFDBKVS No.NoFDBKVS No.0NoFDBKVS No.NoFDBKVS No. -- Server No.00 -- Server No.10 is listening on 000
NoFDBKVS No.0.0.0.0:500510.0.0.0:50061 -- Server No.13 is listening on  -- Server No. -- Server No.14 is listening on 0.0.0.0:50065 -- Server No.NoFDBKVS No. -- Server No.3 is listening on 0.0.0.0:50054
I0421 22:28:22.481680 391735 server.cpp:1116] Check out http://node3.motivation-test.nof-rep-pg0.clemson.cloudlab.us:50060 in web browser.


050I0421 22:28:22.481644 391738 server.cpp:1116] Check out http://node3.motivation-test.nof-rep-pg0.clemson.cloudlab.us:50063 in web browser.
8NoFDBKVS No. -- Server No.40.0.0.0:50064NoFDBKVS No.NoFDBKVS No. is listening on  is listening on 0NoFDBKVS No. -- Server No.0
0 -- Server No.120.0.0.0:500590.0.0.0:5005511
 -- Server No. is listening on 7
 is listening on 1 -- Server No.0 is listening on 0.0.0.0:500620.0.0.0:50056
 is listening on NoFDBKVS No.0 -- Server No.2 is bound to core 4

15 is listening on 0.0.0.0:50066
0.0.0.0:50058 -- Server No.9 is listening on 0.0.0.0:50060
 is listening on 0.0.0.0:50052
NoFDBKVS No.0.0.0.0:500630


NoFDBKVS No.0 -- Server No.0 is bound to core 7
NoFDBKVS No.0 -- Server No.14 is bound to core 6
NoFDBKVS No.0 -- Server No.4 is bound to core 10
NoFDBKVS No.0 -- Server No.8 is bound to core 11NoFDBKVS No.
0NoFDBKVS No. -- Server No.013 is bound to core 9
 -- Server No.9NoFDBKVS No.0 -- Server No.1 is bound to core NoFDBKVS No.14
NoFDBKVS No.0 -- Server No.5 is bound to core 18
0NoFDBKVS No. -- Server No.0 -- Server No.7 is bound to core 17
NoFDBKVS No.0 -- Server No.12 is bound to core 16
15 is bound to core 12
 is bound to core 13
NoFDBKVS No.0 -- Server No.11 is bound to core 15
NoFDBKVS No.0 -- Server No.3 is bound to core 19
 -- Server No.6 is bound to core 5
NoFDBKVS No.0 -- Server No.10 is bound to core 8
Node No.2 Configure Table is generated
I0421 22:28:22.643469 391702 server.cpp:1113] Server[nofdb::NoFDBMaintainer] is serving on port=50050.
I0421 22:28:22.643481 391702 server.cpp:1116] Check out http://node3.motivation-test.nof-rep-pg0.clemson.cloudlab.us:50050 in web browser.
Maintainer is listening on 0.0.0.0:50050

Maintainer received PAUSE signal

===== Load Statistics: 
Total requests: 16661995
Total bytes: 17061884928
Avg latency (us): 541.58, P90 (us): 174.71, P99 (us): 14981.98, P99.9 (us): 41119.96
Avg CPU utilization (percent): 1875.61
Eplased time (sec): 623.65
Throughput (MB/s): 26.09
QPS (k): 26.72
KV Cache miss: 0

===== Interval =====

Maintainer received STOP signal

===== Transaction Statistics: 
Total requests: 17393550
Total bytes: 17810997248
Avg latency (us): 3.53, P90 (us): 5.83, P99 (us): 18.88, P99.9 (us):  33.29
Avg CPU utilization (percent): 2128.91
Eplased time (sec): 76.24
Throughput (MB/s): 222.79
QPS (k): 228.14
KV Cache miss: 0

===== Interval =====

CPU Monitor is shutting down......
NoFDBKVS No.0 -- Server No.1 is shutting down......
NoFDBKVS No.0 -- Server No.12NoFDBKVS No. is shutting down......
NoFDBKVS No.NoFDBKVS No.NoFDBKVS No.NoFDBKVS No.0 -- Server No.11 is shutting down......NoFDBKVS No.0 -- Server No.7 is shutting down......0
000 -- Server No. -- Server No.NoFDBKVS No.NoFDBKVS No.0 -- Server No.10 is shutting down......
4 is shutting down......
NoFDBKVS No.0 -- Server No.2 is shutting down......
NoFDBKVS No.0 -- Server No.3 is shutting down......
NoFDBKVS No.0 -- Server No.6 is shutting down......
 -- Server No.8 is shutting down......
0 -- Server No.15 is shutting down......
NoFDBKVS No.0 -- Server No.14 is shutting down......
NoFDBKVS No.0 -- Server No.9 is shutting down......
5 is shutting down......
Stats recorder is shutting down......
NoFDBKVS No.0 -- Server No.13
 is shutting down......
 -- Server No.0 is shutting down......
NoFDBKVS No.0 is shutting down......
Maintainer is shutting down......
I0421 22:40:19.657115 391908 server.cpp:1173] Server[nofdb::NoFDBMaintainer] is going to quit
In deconstructor: Maintainer is shutting down......
