130611
166731
142787
122102
158339
143028
160840
176967
139426
146712
163501
167727
169188
165730
154579
174316
161698
148826
178839
183135
162437
157980
168717
170319
149803
151047
178380
154738
150318
170443
184897
151543
156262
158785
177323
158461
155686
176044
175934
144385
148968
171745
157177
162672
152200
187866
159228
136152
39196
37656
91363
74536
80843
104733
124512
124366
124422
120315
120168
122590
114121
116828
112235
122216
117135
132564
122813
130752
123315
124006
133850
117740
133122
124324
132293
128266
128436
131008
120975
130659
123622
129374
128978
117243
125603
117896
98492
125969
128468
120579
132001
110754
127274
127965
121724
133450
121879
129318
121576
122358
137156
126083
136443
120234
131066
115454
105733
120609
125434
116564
125713
127084
119153
145007
121319
129138
126783
124468
139329
117426
130911
109983
133136
132071
125580
131092
120235
116217
120868
126019
126262
128456
135284
125901
128261
116774
119637
128326
129115
109611
118760
126399
127120
138706
126715
133925
133908
99695
103032
132825
135486
111166
135665
116128
135024
144852
120539
142111
122709
134760
133189
119713
136488
114619
130083
134815
128742
148496
119534
121887
26813
103655
120009
142092
127622
139963
127493
128562
119834
132304
132440
115350
129278
116880
142296
139302
140187
136244
131511
125727
131963
130836
141199
139347
132107
144224
128097
118286
129358
144524
143732
129438
138936
143471
132443
133582
124228
124497
121750
126254
137557
144562
130386
135664
126856
148283
127043
132877
142294
138338
133743
131439
130001
134480
102923
141707
141444
126307
123215
118772
124050
126490
134996
126848
129120
137342
136314
134302
119994
125977
131732
126271
147922
138377
139357
140768
143629
133775
134645
133880
127898
127254
115972
113112
123848
119489
126410
136060
127916
138835
133335
122358
121617
130170
136133
105234
134047
133210
129566
130795
142681
133962
124318
135198
139937
129718
143590
129944
126693
130934
112924
124721
125040
85659
127272
117825
115216
131366
133920
125603
130319
135855
132827
138208
135458
140775
129943
136553
133398
136982
137591
119024
127196
129383
121752
137132
133316
130114
133221
130180
130760
127086
127359
119140
128898
110784
121232
135297
125614
132335
127521
127678
128583
134572
142865
126885
141704
138953
130363
140204
126387
130106
131856
122511
138348
124530
103398
126002
127374
133239
126793
127360
108487
148292
110379
129114
140649
120206
163558
137687
136463
160970
134201
139787
145627
125329
123348
109775
130068
120396
137144
143409
123224
136633
110243
130059
137527
132802
137925
127467
131977
132728
135366
131435
128325
127840
139121
139340
130701
99916
71784
4941
