15.3
14.7
28.9
61.4
94.1
 121
 144
 169
 188
 204
 220
 237
 251
 264
 277
 292
 303
 314
 326
 336
 346
 356
 364
 373
 381
 389
 396
 402
 410
 416
 422
 427
 433
 438
 443
 449
 454
 459
 463
 468
 472
 476
 482
 486
 489
 494
 498
 502
 506
 510
 513
 517
 520
 523
 525
 529
 532
 535
 538
 541
 544
 546
 550
 552
 555
 557
 559
 561
 563
 567
 569
 571
 574
 576
 578
 581
 582
 584
 586
 588
 590
 592
 594
 596
 598
 600
 602
 603
 605
 606
 608
 609
 610
 612
 613
 614
 616
 616
 618
 619
 620
 622
 623
 624
 626
 626
 628
 629
 630
 631
 632
 633
 634
 635
 637
 638
 638
 640
 641
 642
 643
 645
 646
 647
 648
 649
 650
 651
 652
 653
 654
 655
 656
 657
 658
 658
 659
 660
 661
 662
 663
 664
 665
 665
 666
 667
 667
 668
 669
 669
 670
 670
 671
 671
 672
 673
 673
 674
 674
 675
 676
 676
 677
 677
 677
 678
 678
 679
 680
 680
 680
 681
 682
 682
 683
 683
 684
 684
 684
 685
 685
 686
 686
 686
 687
 687
 688
 688
 688
 689
 689
 689
 690
 690
 690
 691
 692
 692
 692
 693
 693
 694
 694
 694
 695
 696
 696
 696
 697
 697
 697
 698
 698
 698
 698
 699
 699
 699
 699
 699
 699
 700
 700
 700
 700
 701
 701
 701
 702
 702
 701
 702
 702
 702
 702
 703
 703
 703
 704
 704
 704
 704
 704
 705
 705
 705
 705
 705
 703
 702
 701
 700
 698
 697
 695
 694
 693
 692
 690
 689
 688
 687
 685
 684
 683
 682
 681
 679
 678
 677
 676
 674
 673
 672
 671
 670
 669
 667
 666
 665
 664
 663
 662
 661
 660
 659
 658
 657
 656
 655
 654
 653
 652
 651
 650
 649
 648
 647
 646
 645
 644
 643
 643
 642
 641
 640
 639
 638
 637
 636
 635
 634
 634
 633
 633
 632
 631
 630
 630
 628
 627
 625
