14.6
14.0
34.4
68.0
99.2
 132
 156
 185
 206
 227
 250
 266
 279
 292
 307
 319
 330
 340
 351
 362
 374
 383
 392
 400
 409
 416
 423
 432
 439
 446
 453
 460
 466
 474
 481
 487
 494
 498
 503
 510
 514
 519
 525
 530
 534
 538
 542
 546
 550
 554
 557
 560
 564
 566
 570
 572
 576
 579
 582
 585
 587
 588
 591
 593
 596
 599
 601
 604
 607
 608
 610
 613
 614
 616
 618
 620
 621
 623
 625
 626
 628
 630
 631
 634
 635
 636
 638
 639
 641
 642
 643
 645
 647
 648
 650
 651
 653
 655
 656
 658
 659
 660
 662
 663
 665
 665
 666
 668
 669
 671
 671
 673
 674
 675
 676
 678
 679
 680
 681
 682
 684
 685
 686
 687
 688
 689
 690
 691
 691
 692
 693
 694
 695
 696
 696
 697
 698
 698
 700
 700
 701
 701
 702
 703
 704
 704
 705
 706
 706
 706
 707
 708
 708
 709
 709
 710
 711
 711
 712
 712
 712
 713
 713
 714
 714
 715
 715
 716
 717
 717
 718
 718
 718
 719
 719
 720
 720
 721
 721
 722
 722
 723
 723
 724
 724
 725
 725
 726
 726
 726
 726
 727
 727
 727
 727
 728
 728
 729
 729
 729
 730
 729
 727
 725
 724
 722
 720
 718
 717
 715
 714
 712
 710
 709
 707
 705
 704
 703
 701
 699
 698
 696
 695
 693
 692
 691
 689
 688
 686
 685
 684
 683
 681
 680
 679
 677
 676
 675
 674
 672
 670
 669
 668
 667
 666
 664
 665
 665
 666
 666
 667
 667
 668
 668
 669
 670
 670
 670
 671
 671
 672
 672
 671
 670
 669
 667
 666
 665
 664
 663
 662
 660
 659
 658
 657
 656
 655
 654
 653
 652
 651
 649
 648
 647
 646
 645
 644
 643
 642
 641
 640
 639
 638
 637
 636
 635
 634
 633
 633
 632
 631
 630
 629
 628
 627
 626
 626
 625
 624
 623
 622
 622
 621
 620
 619
 619
 618
 617
 617
 616
 615
 615
 614
 614
 613
 612
 612
 611
 611
 610
 609
 607
 606
