14.9
14.3
24.2
61.4
94.2
 131
 154
 180
 198
 215
 234
 251
 265
 280
 293
 305
 315
 327
 337
 347
 358
 369
 379
 388
 397
 404
 411
 419
 426
 432
 439
 445
 451
 456
 462
 466
 470
 475
 479
 484
 490
 494
 498
 503
 508
 513
 517
 521
 524
 529
 532
 536
 539
 543
 546
 549
 553
 555
 558
 561
 563
 566
 568
 571
 573
 575
 579
 581
 583
 586
 588
 590
 592
 594
 596
 598
 600
 602
 604
 605
 607
 608
 610
 612
 613
 615
 617
 619
 620
 622
 624
 625
 627
 628
 629
 631
 632
 634
 635
 637
 638
 639
 641
 643
 644
 645
 646
 647
 649
 650
 652
 653
 654
 655
 656
 657
 658
 659
 660
 661
 662
 663
 664
 663
 665
 665
 667
 667
 669
 669
 670
 671
 672
 673
 674
 675
 676
 677
 678
 679
 679
 680
 681
 682
 683
 684
 684
 685
 685
 686
 687
 688
 689
 689
 690
 690
 691
 692
 692
 693
 694
 694
 695
 695
 696
 697
 696
 697
 697
 698
 698
 699
 699
 700
 700
 701
 702
 702
 703
 703
 704
 704
 705
 705
 706
 706
 706
 706
 707
 707
 707
 708
 708
 708
 708
 709
 709
 710
 710
 711
 711
 712
 712
 712
 713
 713
 713
 714
 712
 710
 708
 706
 705
 703
 702
 700
 699
 698
 698
 698
 699
 699
 699
 699
 698
 696
 694
 693
 691
 690
 689
 687
 686
 685
 683
 682
 681
 679
 678
 677
 676
 674
 673
 672
 670
 669
 667
 666
 665
 664
 662
 661
 660
 659
 658
 656
 655
 654
 653
 652
 651
 650
 648
 647
 646
 645
 644
 643
 642
 641
 640
 639
 638
 637
 636
 635
 634
 633
 632
 631
 630
 630
 629
 628
 627
 626
 625
 624
 623
 622
 621
 621
 620
 619
 618
 617
 617
 616
 615
 615
 614
 613
 612
 612
 611
 610
 610
 609
 609
 608
 607
 607
 606
 606
 605
 604
 604
 603
 603
 602
 601
 601
 600
 600
 599
 598
 598
 597
 596
 596
 595
 594
 594
 593
 592
 591
 591
 590
 588
 587
