14.6
14.0
13.4
12.9
43.0
73.3
98.5
 123
 144
 169
 186
 205
 222
 240
 254
 268
 284
 295
 308
 322
 333
 345
 354
 366
 375
 384
 395
 403
 410
 417
 425
 431
 438
 445
 451
 456
 462
 469
 474
 478
 483
 490
 494
 498
 503
 507
 509
 512
 516
 519
 522
 527
 531
 534
 537
 540
 542
 546
 550
 552
 555
 558
 560
 562
 565
 567
 569
 571
 573
 574
 576
 579
 581
 583
 586
 588
 590
 592
 594
 595
 596
 598
 600
 602
 603
 605
 606
 608
 609
 611
 611
 614
 615
 616
 618
 619
 620
 622
 623
 624
 626
 627
 628
 630
 631
 632
 634
 634
 635
 636
 637
 639
 639
 640
 642
 643
 644
 645
 646
 647
 648
 649
 650
 651
 652
 653
 654
 655
 656
 657
 658
 660
 660
 661
 661
 661
 662
 662
 664
 664
 665
 666
 667
 668
 668
 669
 670
 670
 671
 672
 673
 673
 674
 675
 676
 677
 677
 678
 678
 679
 679
 680
 680
 680
 681
 682
 682
 683
 683
 684
 684
 685
 685
 685
 686
 686
 686
 687
 687
 688
 688
 688
 689
 689
 689
 690
 690
 691
 691
 692
 692
 693
 694
 694
 695
 695
 695
 696
 696
 696
 696
 697
 697
 698
 698
 699
 699
 699
 700
 700
 700
 701
 701
 700
 699
 697
 696
 694
 693
 691
 690
 688
 686
 685
 684
 682
 680
 679
 677
 676
 675
 673
 672
 671
 669
 668
 667
 665
 664
 663
 662
 660
 659
 658
 656
 655
 654
 653
 652
 650
 649
 648
 647
 646
 644
 643
 643
 641
 640
 639
 638
 637
 636
 635
 634
 633
 632
 631
 630
 629
 628
 627
 626
 625
 624
 623
 622
 621
 620
 619
 618
 617
 616
 615
 614
 613
 613
 612
 611
 610
 609
 608
 607
 606
 606
 605
 604
 603
 603
 602
 602
 601
 601
 602
 603
 603
 603
 604
 605
 605
 605
 605
 604
 603
 602
 601
 601
 600
 599
 599
 598
 597
 597
 596
 595
 595
 594
 593
 593
 593
 592
 591
 591
 590
 590
 589
 588
 588
 587
 587
 586
 586
 585
 585
 584
 584
 583
 583
 582
 582
 581
 581
 580
 580
 579
 579
 578
 578
 577
 576
 575
 574
