 581
 580
 580
 584
 586
 588
 589
 591
 593
 595
 597
 598
 600
 602
 604
 606
 607
 609
 611
 613
 614
 616
 618
 620
 621
 623
 625
 626
 628
 630
 631
 633
 635
 637
 639
 641
 643
 645
 647
 649
 651
 653
 655
 657
 659
 661
 663
 664
 666
 668
 670
 672
 675
 677
 679
 681
 682
 684
 686
 688
 690
 692
 694
 696
 698
 700
 701
 703
 704
 705
 706
 707
 708
 709
 710
 711
 712
 713
 714
 715
 715
 716
 717
 718
 719
 720
 720
 721
 722
 723
 724
 725
 726
 727
 727
 728
 729
 730
 731
 731
 732
 733
 734
 735
 735
 736
 737
 738
 739
 739
 740
 741
 742
 742
 743
 744
 745
 746
 747
 748
 749
 750
 751
 751
 752
 753
 754
 755
 756
 757
 758
 758
 759
 760
 761
 762
 763
 764
 765
 765
 766
 767
 768
 769
 770
 771
 771
 771
 772
 772
 772
 773
 773
 773
 774
 774
 775
 775
 775
 776
 776
 776
 777
 777
 777
 778
 778
 778
 778
 779
 779
 779
 779
 780
 780
 780
 780
 781
 781
 781
 781
 782
 782
 783
 783
 784
 784
 784
 784
 785
 785
 785
 786
 786
 786
 787
 787
 787
 788
 788
 788
 789
 789
 789
 790
 790
 790
 790
 790
 790
 790
 790
 791
 791
 791
 791
 790
 790
 790
 790
 790
 790
 789
 788
 787
