 569
 568
 567
 566
 568
 571
 573
 577
 580
 583
 586
 589
 593
 597
 601
 606
 610
 615
 620
 624
 629
 633
 638
 643
 648
 653
 659
 664
 670
 675
 679
 684
 689
 694
 699
 703
 707
 711
 715
 720
 723
 725
 727
 729
 731
 733
 735
 737
 739
 741
 743
 744
 746
 749
 751
 752
 754
 756
 758
 759
 761
 763
 765
 767
 768
 770
 772
 774
 776
 778
 780
 782
 784
 786
 787
 789
 791
 793
 795
 797
 798
 800
 802
 804
 806
 807
 808
 810
 812
 813
 815
 817
 818
 820
 821
 823
 825
 827
 829
 831
 833
 835
 837
 840
 842
 845
 847
 849
 851
 853
 855
 858
 860
 863
 865
 867
 869
 872
 875
 877
 879
 881
 883
 885
 887
 889
 891
 893
 895
 896
 896
 897
 898
 898
 899
 900
 901
 901
 902
 902
 903
 904
 904
 905
 905
 906
 906
 907
 908
 909
 909
 910
 911
 911
 912
 912
 913
 914
 914
 915
 916
 916
 917
 918
 919
 920
 921
 921
 922
 923
 924
 925
 925
 926
 927
 927
 928
 929
 929
 930
 931
 932
 933
 933
 934
 935
 936
 937
 937
 938
 939
 940
 940
 941
 942
 943
 943
 944
 945
 946
 946
 946
 947
 947
 947
 947
 947
 948
 948
 948
 948
 949
 949
 949
 949
 949
 949
 949
 949
 950
 950
 950
 950
 950
 951
 951
 951
 951
 951
 952
 952
 953
 953
 953
 954
 954
 954
 955
 955
 955
 955
 955
 956
 956
 956
 956
 957
 957
 957
 958
 958
 958
 958
 957
 956
