[OVERALL], RunTime(ms), 1893670
[OVERALL], Throughput(ops/sec), 52807.51134041306
[TOTAL_GCS_PS_Scavenge], Count, 1185
[TOTAL_GC_TIME_PS_Scavenge], Time(ms), 12631
[TOTAL_GC_TIME_%_PS_Scavenge], Time(%), 0.6670116757407574
[TOTAL_GCS_PS_MarkSweep], Count, 0
[TOTAL_GC_TIME_PS_MarkSweep], Time(ms), 0
[TOTAL_GC_TIME_%_PS_MarkSweep], Time(%), 0.0
[TOTAL_GCs], Count, 1185
[TOTAL_GC_TIME], Time(ms), 12631
[TOTAL_GC_TIME_%], Time(%), 0.6670116757407574
[CLEANUP], Operations, 50
[CLEANUP], AverageLatency(us), 44995.96
[CLEANUP], MinLatency(us), 0
[CLEANUP], MaxLatency(us), 2250751
[CLEANUP], 95thPercentileLatency(us), 3
[CLEANUP], 99thPercentileLatency(us), 2250751
[UPDATE], Operations, 100000000
[UPDATE], AverageLatency(us), 943.3458351
[UPDATE], MinLatency(us), 124
[UPDATE], MaxLatency(us), 161023
[UPDATE], 95thPercentileLatency(us), 1845
[UPDATE], 99thPercentileLatency(us), 2030
[UPDATE], Return=OK, 100000000
