[OVERALL], RunTime(ms), 1785568
[OVERALL], Throughput(ops/sec), 56004.58789584043
[TOTAL_GCS_PS_Scavenge], Count, 1221
[TOTAL_GC_TIME_PS_Scavenge], Time(ms), 14339
[TOTAL_GC_TIME_%_PS_Scavenge], Time(%), 0.8030497858384559
[TOTAL_GCS_PS_MarkSweep], Count, 0
[TOTAL_GC_TIME_PS_MarkSweep], Time(ms), 0
[TOTAL_GC_TIME_%_PS_MarkSweep], Time(%), 0.0
[TOTAL_GCs], Count, 1221
[TOTAL_GC_TIME], Time(ms), 14339
[TOTAL_GC_TIME_%], Time(%), 0.8030497858384559
[CLEANUP], Operations, 50
[CLEANUP], AverageLatency(us), 44995.62
[CLEANUP], MinLatency(us), 0
[CLEANUP], MaxLatency(us), 2250751
[CLEANUP], 95thPercentileLatency(us), 3
[CLEANUP], 99thPercentileLatency(us), 2250751
[INSERT], Operations, 100000000
[INSERT], AverageLatency(us), 888.76511271
[INSERT], MinLatency(us), 128
[INSERT], MaxLatency(us), 183295
[INSERT], 95thPercentileLatency(us), 1795
[INSERT], 99thPercentileLatency(us), 2071
[INSERT], Return=OK, 100000000
