 9.6
 9.3
 9.0
 9.6
12.6
13.4
17.4
17.6
17.7
17.8
18.1
19.0
19.6
19.7
19.6
19.7
19.8
21.5
21.5
21.5
21.5
21.5
21.5
21.6
21.6
21.6
21.6
21.6
22.2
23.3
23.3
23.3
23.3
23.3
23.5
23.5
23.5
23.5
24.7
24.7
24.6
24.6
24.6
24.5
24.5
24.4
24.5
24.8
24.8
24.8
25.0
25.2
25.4
25.4
25.3
25.3
25.2
25.2
25.2
25.2
25.1
25.1
25.1
25.5
25.6
25.6
25.5
25.5
25.8
25.8
25.7
25.7
25.6
25.9
26.3
26.3
26.2
26.2
26.1
26.1
26.1
26.0
26.2
26.1
26.1
26.0
26.2
26.7
26.8
26.8
26.7
26.7
26.9
27.0
26.9
26.9
27.0
27.4
27.5
27.7
27.6
27.6
27.6
27.5
27.7
27.6
27.6
27.5
27.5
27.9
28.0
28.4
28.6
28.7
28.6
28.6
28.5
28.5
28.5
28.4
28.4
28.4
28.7
29.0
29.1
29.1
29.0
29.0
29.0
28.9
29.1
29.0
29.2
29.5
29.9
29.8
29.8
29.7
29.7
29.7
29.6
29.6
29.5
29.5
29.7
29.8
30.0
30.1
30.0
30.0
29.9
29.9
29.9
29.9
29.9
29.8
29.8
30.1
30.2
30.4
30.4
30.3
30.3
30.2
30.2
30.3
30.3
30.2
30.2
30.1
30.2
30.4
30.7
30.6
30.6
30.6
30.5
30.5
30.4
30.4
30.4
30.5
30.6
30.9
30.9
30.9
30.8
30.8
30.7
30.8
30.8
30.9
31.1
31.1
31.2
31.2
31.1
31.1
31.1
31.1
31.0
31.0
30.9
31.1
31.2
31.4
31.4
31.5
31.5
31.4
31.4
31.4
31.3
31.5
31.6
31.7
31.8
31.7
31.7
31.7
31.7
31.9
31.8
31.8
31.7
31.7
31.9
32.0
32.1
32.1
32.1
32.0
32.0
32.0
31.9
32.1
32.0
32.0
32.0
32.2
32.2
32.4
32.4
32.3
32.3
32.3
32.2
32.2
32.1
32.3
32.5
32.5
32.5
32.5
32.5
32.5
32.4
32.4
32.4
32.3
32.3
32.3
32.5
32.6
32.7
32.8
32.7
32.7
32.7
32.6
32.6
32.6
32.5
32.6
32.7
32.9
32.9
33.0
32.9
32.9
32.8
32.8
32.8
32.8
32.9
33.1
33.1
33.1
33.0
33.0
33.0
32.9
32.9
32.9
33.1
33.1
33.2
33.3
33.4
33.4
33.4
33.3
33.3
33.3
33.2
33.4
33.4
33.5
33.6
33.6
33.6
33.5
33.5
33.5
33.5
33.4
33.4
33.5
33.6
33.6
33.7
33.7
33.6
33.6
33.6
33.5
33.5
33.6
33.7
33.8
33.9
33.8
33.8
33.8
33.8
33.8
33.7
33.7
33.7
33.6
33.7
33.8
33.9
34.0
34.0
33.9
33.9
33.9
33.8
33.8
33.8
33.7
33.8
33.9
34.0
34.0
34.1
34.1
34.1
34.1
34.0
34.0
34.0
34.1
34.2
34.2
34.2
34.2
34.2
34.2
34.1
34.1
34.1
34.1
34.2
34.3
34.4
34.4
34.4
34.4
34.3
34.3
34.3
34.3
34.3
34.2
34.3
34.4
34.6
34.6
34.6
34.6
34.5
34.5
34.5
34.5
34.5
34.6
34.6
34.7
34.7
34.7
34.6
34.6
34.6
34.5
34.5
34.5
34.5
34.5
34.6
34.6
34.8
34.8
34.8
34.8
34.8
34.7
34.7
34.7
34.7
34.6
34.6
34.7
34.9
34.9
35.0
35.0
34.9
34.9
34.9
34.8
34.8
34.9
34.9
35.0
35.0
35.1
35.1
35.0
35.0
35.0
34.9
34.9
34.9
35.0
35.0
35.1
35.2
35.1
35.1
35.1
35.1
35.0
35.1
35.1
35.2
35.3
35.3
35.3
35.3
35.2
35.2
35.3
35.3
35.2
35.2
35.2
35.3
35.4
35.4
35.5
35.5
35.5
35.5
35.5
35.5
35.4
35.5
35.5
35.6
35.6
35.6
35.6
35.6
35.6
35.6
35.5
35.5
35.5
35.6
35.6
35.7
35.7
35.7
35.7
35.7
35.6
35.6
35.6
35.6
35.5
35.5
35.6
35.6
35.7
35.8
35.8
35.8
35.7
35.7
35.7
35.7
35.7
35.7
35.8
35.8
35.9
35.9
35.9
35.9
35.9
35.8
35.8
35.8
35.8
35.9
35.9
36.0
36.0
36.1
36.1
36.1
36.0
36.0
36.0
36.0
35.9
36.0
36.1
36.1
36.1
36.1
36.1
36.1
36.1
36.1
36.0
36.1
36.1
36.0
36.1
36.1
36.2
36.3
36.3
36.3
36.3
36.3
36.2
36.2
36.2
36.2
36.2
36.3
36.3
36.3
36.4
36.4
36.3
36.3
36.3
36.3
36.3
36.4
36.4
36.4
36.5
36.4
36.4
36.4
36.4
36.4
36.3
36.3
36.3
36.4
36.5
36.5
36.5
36.6
36.6
36.6
36.6
36.6
36.7
36.7
36.7
36.7
36.7
36.7
36.7
36.6
36.6
36.6
36.7
36.7
36.8
36.8
36.8
36.8
36.7
36.7
36.7
36.7
36.6
36.6
36.6
36.7
36.7
36.8
36.8
36.8
36.8
36.8
36.8
36.8
36.7
36.7
36.8
36.8
36.9
36.9
36.9
36.9
36.9
36.9
36.9
36.8
36.9
36.9
36.9
37.0
37.0
37.0
37.0
37.0
37.0
36.9
36.9
36.9
36.9
36.9
37.0
37.0
37.1
37.1
37.1
37.2
37.2
37.2
37.1
37.2
37.2
37.3
37.3
37.3
37.3
37.3
37.2
37.2
37.2
37.2
37.2
37.2
37.2
37.3
37.3
37.3
37.3
37.3
37.2
37.2
37.2
37.2
37.2
37.2
37.2
37.2
37.2
37.3
37.3
37.3
37.3
37.3
37.3
37.3
37.2
37.2
37.2
37.3
37.3
37.4
37.4
37.5
37.5
37.5
37.5
37.5
37.5
37.5
37.5
37.6
37.6
37.6
37.6
37.6
37.6
37.5
37.5
37.5
37.5
37.6
37.6
37.6
37.7
37.7
37.7
37.6
37.6
37.6
37.6
37.6
37.6
37.5
37.6
37.7
37.7
37.7
37.7
37.7
37.7
37.7
37.7
37.6
37.7
37.7
37.7
37.8
37.8
37.8
37.8
37.7
37.7
37.7
37.7
37.7
37.7
37.8
37.8
37.8
37.9
37.9
38.0
38.0
37.9
38.0
38.0
38.0
38.0
38.0
38.0
38.1
38.1
38.1
38.1
38.1
38.1
38.0
38.0
38.0
38.0
38.1
38.1
38.2
38.2
38.2
38.2
38.2
38.1
38.1
38.1
38.1
38.2
38.2
38.2
38.3
38.2
38.2
38.2
38.2
38.2
38.1
38.1
38.1
38.2
38.2
38.2
38.3
38.3
38.4
38.4
38.4
38.4
38.4
38.4
38.4
38.4
38.4
38.4
38.4
38.4
38.5
38.5
38.5
38.5
38.5
38.5
38.4
38.4
38.4
38.4
38.5
38.6
38.6
38.7
38.7
38.8
38.8
38.8
38.8
38.9
38.9
39.0
39.0
39.1
39.1
39.1
39.0
39.1
39.0
39.0
39.0
39.0
39.1
39.1
39.1
39.2
39.2
39.2
39.2
39.2
39.2
39.2
39.2
39.3
39.3
39.3
39.3
39.3
39.3
39.3
39.3
39.3
39.2
39.2
39.3
39.3
39.3
39.4
39.4
39.4
39.4
39.4
39.4
39.3
39.3
39.3
39.3
39.3
39.3
39.4
39.4
39.4
39.4
39.5
39.5
39.5
39.5
39.5
39.5
39.5
39.5
39.6
39.6
39.7
39.7
39.7
39.7
39.7
39.7
39.7
39.7
39.8
39.8
39.8
39.9
39.9
39.9
39.9
39.9
39.8
39.8
39.8
39.8
39.8
39.9
39.9
39.9
39.9
39.9
39.9
39.9
39.9
39.9
39.9
39.9
40.0
40.0
40.0
40.0
40.0
40.0
40.0
40.0
39.9
39.9
39.9
39.9
39.9
40.0
40.0
40.0
40.1
40.1
40.1
40.1
40.1
40.1
40.1
40.1
40.1
40.1
40.1
40.1
40.3
40.4
40.4
40.4
40.4
40.5
40.5
40.5
40.5
40.6
40.6
40.6
40.6
40.7
40.7
40.6
40.6
40.6
40.6
40.6
40.6
40.6
40.6
40.7
40.7
40.7
40.7
40.7
40.7
40.6
40.7
40.7
40.7
40.7
40.8
40.8
40.8
40.8
40.8
40.7
40.7
40.7
40.7
40.8
40.8
40.8
40.9
40.9
40.9
40.9
40.9
40.9
40.9
40.9
40.9
41.0
41.0
41.0
41.0
41.1
41.1
41.1
41.2
41.2
41.2
41.2
41.2
41.3
41.3
41.3
41.3
41.3
41.3
41.3
41.2
41.2
41.2
41.2
41.2
41.3
41.3
41.3
41.3
41.4
41.4
41.3
41.3
41.3
41.3
41.3
41.4
41.4
41.4
41.5
41.5
41.5
41.4
41.4
41.4
41.4
41.5
41.5
41.5
41.5
41.6
41.6
41.6
41.5
41.5
41.5
41.5
41.5
41.5
41.5
41.6
41.6
41.6
41.6
41.7
41.7
41.7
41.7
41.7
41.6
41.6
41.6
41.7
41.7
41.7
41.8
41.8
41.8
41.8
41.9
41.9
41.8
41.8
41.8
41.9
41.9
41.9
41.9
42.0
42.0
42.0
42.0
42.0
42.0
42.0
42.1
42.1
42.1
42.1
42.1
42.1
42.1
42.0
42.0
42.0
42.1
42.1
42.1
42.1
42.2
42.2
42.2
42.2
42.2
42.3
42.3
42.3
42.3
42.3
42.3
42.4
42.4
42.4
42.4
42.4
42.4
42.3
42.3
42.4
42.4
42.4
42.4
42.4
42.5
42.5
42.5
42.5
42.4
42.4
42.4
42.4
42.4
42.4
42.5
42.5
42.5
42.5
42.5
42.6
42.5
42.5
42.6
42.6
42.6
42.6
42.6
42.6
42.6
42.6
42.6
42.6
42.6
42.6
42.6
42.7
42.7
42.7
42.7
42.7
42.8
42.8
42.8
42.8
42.8
42.8
42.8
42.8
42.9
42.9
42.9
42.9
42.9
43.0
43.0
43.0
43.0
43.0
43.0
43.1
43.1
43.1
43.1
43.1
43.0
43.0
43.0
43.0
43.0
43.1
43.1
43.1
43.1
43.1
43.0
43.0
43.0
43.0
43.0
43.0
43.0
43.0
43.0
43.0
43.0
43.0
43.0
43.0
43.0
43.0
42.9
42.9
43.0
43.0
43.0
43.0
43.0
43.0
43.0
43.0
42.9
42.9
42.9
42.9
43.0
43.0
43.0
43.0
43.0
43.0
43.0
43.0
43.0
43.0
43.0
43.0
43.1
43.0
43.0
43.0
43.0
43.0
43.0
43.0
43.0
43.0
43.0
43.0
43.0
43.0
43.1
43.1
43.0
43.0
43.0
43.0
43.1
43.1
43.1
43.1
43.1
43.1
43.1
43.1
43.1
43.1
43.1
43.1
43.2
43.2
43.2
43.2
43.2
43.2
43.2
43.2
43.2
43.2
43.2
43.2
43.2
43.3
43.3
43.2
43.2
43.2
43.2
43.2
43.2
43.2
43.2
43.2
43.2
43.2
43.2
43.2
43.2
43.2
43.2
43.2
43.2
43.1
43.2
43.2
43.2
43.2
43.2
43.2
43.2
43.2
43.2
43.1
43.1
43.1
43.1
43.1
43.1
43.2
43.1
43.1
43.1
43.1
43.1
43.1
43.1
43.1
43.1
43.2
43.2
43.2
43.1
43.1
43.1
43.1
43.1
43.1
43.1
43.1
43.1
43.1
43.2
43.2
43.1
43.1
43.1
43.1
43.1
43.1
43.2
43.2
43.2
43.2
43.2
43.1
43.1
43.1
43.1
43.1
43.1
43.1
43.2
43.2
43.2
43.2
43.2
43.2
43.2
43.3
43.3
43.3
43.3
43.3
43.3
43.4
43.4
43.3
43.3
43.3
43.3
43.3
43.3
43.3
43.3
43.3
43.3
43.4
43.3
43.3
43.3
43.3
43.3
43.3
43.3
43.2
43.3
43.3
43.3
43.3
43.3
43.3
43.3
43.3
43.3
43.3
43.2
43.3
43.3
43.3
43.3
43.3
43.3
43.3
43.3
43.3
43.3
43.3
43.3
43.3
43.3
43.4
43.3
43.3
43.3
43.3
43.3
43.3
43.3
43.3
43.2
43.2
43.3
43.3
43.3
43.3
43.3
43.3
43.3
43.3
43.3
43.2
43.3
43.3
43.3
43.3
43.3
43.3
43.3
43.3
43.3
43.3
43.3
43.3
43.2
43.2
