 9.4
 9.1
 8.8
13.1
18.8
20.3
21.2
23.9
24.8
25.5
28.7
29.5
31.8
32.4
33.0
33.9
34.8
35.9
36.3
37.7
38.4
38.5
39.7
40.6
40.9
41.6
42.2
43.4
44.0
44.6
45.7
46.9
47.5
48.8
49.7
50.6
51.0
51.9
52.8
53.4
54.1
54.5
55.1
55.9
56.6
57.0
57.6
58.2
58.8
59.5
59.6
60.2
60.7
61.3
61.5
62.0
62.5
62.9
63.3
63.5
63.9
64.2
65.0
65.4
65.6
65.9
66.4
66.8
66.9
67.2
67.6
68.1
68.5
68.6
69.0
69.3
69.7
70.1
70.5
70.6
70.9
71.1
71.6
71.7
72.0
72.4
72.7
72.8
73.0
73.4
73.7
73.9
74.0
74.3
74.6
74.9
75.9
75.8
76.0
76.1
76.3
76.4
76.5
76.6
76.9
77.0
77.5
77.6
77.9
78.1
78.3
78.4
78.5
78.7
78.9
79.1
79.1
79.3
79.5
79.7
79.9
79.9
80.0
80.3
80.4
80.5
80.7
80.9
81.0
81.0
81.1
81.3
81.4
81.6
81.6
81.8
81.9
82.0
82.2
82.4
82.4
82.5
82.7
82.8
82.8
83.0
83.1
83.1
83.2
83.3
83.4
83.6
83.8
84.1
84.3
84.4
84.4
84.6
84.6
84.7
84.8
84.8
85.0
85.1
85.1
85.2
85.3
85.5
85.7
85.9
85.9
86.0
86.0
86.1
86.3
86.2
86.3
86.4
86.4
86.4
86.5
86.7
86.8
86.9
87.1
87.1
87.2
87.3
87.5
87.6
87.9
87.9
88.1
88.2
88.1
88.3
88.3
88.5
88.7
88.7
88.8
88.8
88.9
89.2
89.2
89.3
89.4
89.3
89.4
89.5
89.5
89.5
89.5
89.7
89.8
89.9
90.0
90.0
90.1
90.2
90.2
90.3
90.4
90.5
90.7
90.7
90.8
90.9
90.9
90.9
91.1
91.2
91.3
91.5
91.5
91.5
91.6
91.7
91.8
91.7
91.8
91.9
91.9
92.0
92.1
92.2
92.3
92.4
92.5
92.5
92.5
92.6
92.6
92.5
92.6
92.7
92.7
92.7
92.7
92.8
92.9
92.9
93.0
93.1
93.2
93.1
93.2
93.2
93.2
93.2
93.2
93.2
93.2
93.2
93.2
93.3
93.4
93.5
93.4
93.5
93.5
93.5
93.5
93.5
93.5
93.5
93.5
93.6
93.6
93.6
93.7
93.8
93.8
93.8
93.8
93.8
93.9
93.9
93.9
93.9
93.9
93.9
94.0
94.0
94.0
94.1
94.1
94.2
94.2
94.2
94.3
94.2
94.2
94.2
94.3
94.2
94.2
94.2
94.3
94.2
94.2
94.2
94.3
94.2
94.2
94.2
94.3
94.4
94.5
94.6
94.7
94.7
94.7
94.7
94.7
94.7
94.7
94.7
94.7
94.7
94.7
94.7
94.7
94.7
94.7
94.6
94.7
94.8
95.1
95.2
95.3
95.3
95.3
95.3
95.3
95.3
95.3
95.3
95.3
95.3
95.3
95.3
95.3
95.3
95.3
95.3
95.4
95.4
95.5
95.6
95.6
95.6
95.6
95.7
95.7
95.6
95.6
95.7
95.6
95.6
95.7
95.7
95.7
95.7
95.7
95.7
95.7
95.7
95.8
95.9
95.9
96.0
96.0
96.0
96.0
96.0
96.0
95.9
95.9
95.9
95.8
95.9
95.9
95.9
95.9
96.0
96.0
95.9
