
nofdb	workloads/workloadg_zipfian.spec	32
# Load duration (sec): 749.238
# Loading records:	100000000
# Load throughput (KOPS): 133.469
Count: 100000000  Average: 237.2261  StdDev: 1339.70
Percentiles(us): P50: 204.35 P90: 350.38 P99: 693.86 P99.9: 3002.64 P99.99: 31632.70
------------------------------------------------------
[      50,      60 )     128   0.000%   0.000% 
[      60,      70 )    6363   0.006%   0.006% 
[      70,      80 )   22896   0.023%   0.029% 
[      80,      90 )   32117   0.032%   0.062% 
[      90,     100 ) 1562523   1.563%   1.624% 
[     100,     120 ) 23661191  23.661%  25.285% #####
[     120,     140 ) 4352206   4.352%  29.637% #
[     140,     160 ) 9252479   9.252%  38.890% ##
[     160,     180 ) 5768581   5.769%  44.658% #
[     180,     200 ) 3337378   3.337%  47.996% #
[     200,     250 ) 23051652  23.052%  71.048% #####
[     250,     300 ) 13011579  13.012%  84.059% ###
[     300,     350 ) 5915202   5.915%  89.974% #
[     350,     400 ) 3383190   3.383%  93.357% #
[     400,     450 ) 1994704   1.995%  95.352% 
[     450,     500 ) 1523620   1.524%  96.876% 
[     500,     600 ) 1428474   1.428%  98.304% 
[     600,     700 )  741197   0.741%  99.045% 
[     700,     800 )  410515   0.411%  99.456% 
[     800,     900 )  213149   0.213%  99.669% 
[     900,    1000 )  103705   0.104%  99.773% 
[    1000,    1200 )   79039   0.079%  99.852% 
[    1200,    1400 )   27557   0.028%  99.879% 
[    1400,    1600 )    9890   0.010%  99.889% 
[    1600,    1800 )    4316   0.004%  99.894% 
[    1800,    2000 )    2199   0.002%  99.896% 
[    2000,    2500 )    2655   0.003%  99.899% 
[    2500,    3000 )    1489   0.001%  99.900% 
[    3000,    3500 )    1138   0.001%  99.901% 
[    3500,    4000 )    1014   0.001%  99.902% 
[    4000,    4500 )    1013   0.001%  99.903% 
[    4500,    5000 )    1186   0.001%  99.904% 
[    5000,    6000 )    4422   0.004%  99.909% 
[    6000,    7000 )    9346   0.009%  99.918% 
[    7000,    8000 )    5053   0.005%  99.923% 
[    8000,    9000 )    4010   0.004%  99.927% 
[    9000,   10000 )    4682   0.005%  99.932% 
[   10000,   12000 )   15025   0.015%  99.947% 
[   12000,   14000 )    5644   0.006%  99.953% 
[   14000,   16000 )    3644   0.004%  99.956% 
[   16000,   18000 )    3720   0.004%  99.960% 
[   18000,   20000 )    3134   0.003%  99.963% 
[   20000,   25000 )   20040   0.020%  99.983% 
[   25000,   30000 )    6230   0.006%  99.989% 
[   30000,   35000 )    2159   0.002%  99.991% 
[   35000,   40000 )    1076   0.001%  99.993% 
[   40000,   45000 )    1218   0.001%  99.994% 
[   45000,   50000 )    1928   0.002%  99.996% 
[   50000,   60000 )    1293   0.001%  99.997% 
[   60000,   70000 )     544   0.001%  99.998% 
[   70000,   80000 )     453   0.000%  99.998% 
[   80000,   90000 )     507   0.001%  99.998% 
[   90000,  100000 )     248   0.000%  99.999% 
[  100000,  120000 )     418   0.000%  99.999% 
[  120000,  140000 )     285   0.000%  99.999% 
[  140000,  160000 )      63   0.000%  99.999% 
[  160000,  180000 )      67   0.000% 100.000% 
[  180000,  200000 )      36   0.000% 100.000% 
[  200000,  250000 )      26   0.000% 100.000% 
[  250000,  300000 )      65   0.000% 100.000% 
[  300000,  350000 )     127   0.000% 100.000% 
[  350000,  400000 )      31   0.000% 100.000% 
[  400000,  450000 )      65   0.000% 100.000% 
[  700000,  800000 )      64   0.000% 100.000% 
[ 1000000, 1200000 )      32   0.000% 100.000% 


# Run duration (sec): 749.301
# Run operations:	100000000
# Run throughput (KOPS): 133.458
Count: 100000000  Average: 237.3157  StdDev: 954.30
Percentiles(us): P50: 159.64 P90: 368.09 P99: 1373.82 P99.9: 2627.96 P99.99: 24893.63
------------------------------------------------------
[      45,      50 )       2   0.000%   0.000% 
[      50,      60 )    1329   0.001%   0.001% 
[      60,      70 )   15600   0.016%   0.017% 
[      70,      80 )   35167   0.035%   0.052% 
[      80,      90 )   44269   0.044%   0.096% 
[      90,     100 ) 7257922   7.258%   7.354% #
[     100,     120 ) 25623624  25.624%  32.978% #####
[     120,     140 ) 7119371   7.119%  40.097% #
[     140,     160 ) 10082030  10.082%  50.179% ##
[     160,     180 ) 6545689   6.546%  56.725% #
[     180,     200 ) 3233149   3.233%  59.958% #
[     200,     250 ) 15578844  15.579%  75.537% ###
[     250,     300 ) 9059263   9.059%  84.596% ##
[     300,     350 ) 4437282   4.437%  89.034% #
[     350,     400 ) 2671276   2.671%  91.705% #
[     400,     450 ) 1603865   1.604%  93.309% 
[     450,     500 ) 1117309   1.117%  94.426% 
[     500,     600 ) 1339013   1.339%  95.765% 
[     600,     700 )  807990   0.808%  96.573% 
[     700,     800 )  587007   0.587%  97.160% 
[     800,     900 )  463702   0.464%  97.624% 
[     900,    1000 )  383954   0.384%  98.008% 
[    1000,    1200 )  606435   0.606%  98.614% 
[    1200,    1400 )  444036   0.444%  99.058% 
[    1400,    1600 )  314457   0.314%  99.373% 
[    1600,    1800 )  216100   0.216%  99.589% 
[    1800,    2000 )  141962   0.142%  99.731% 
[    2000,    2500 )  159262   0.159%  99.890% 
[    2500,    3000 )   39430   0.039%  99.929% 
[    3000,    3500 )    8777   0.009%  99.938% 
[    3500,    4000 )    2107   0.002%  99.940% 
[    4000,    4500 )     748   0.001%  99.941% 
[    4500,    5000 )     761   0.001%  99.942% 
[    5000,    6000 )    3489   0.003%  99.945% 
[    6000,    7000 )    7510   0.008%  99.953% 
[    7000,    8000 )    4616   0.005%  99.957% 
[    8000,    9000 )    2727   0.003%  99.960% 
[    9000,   10000 )    2607   0.003%  99.963% 
[   10000,   12000 )    5491   0.005%  99.968% 
[   12000,   14000 )    5071   0.005%  99.973% 
[   14000,   16000 )    2559   0.003%  99.976% 
[   16000,   18000 )    1257   0.001%  99.977% 
[   18000,   20000 )     888   0.001%  99.978% 
[   20000,   25000 )   12315   0.012%  99.990% 
[   25000,   30000 )    2955   0.003%  99.993% 
[   30000,   35000 )    1178   0.001%  99.994% 
[   35000,   40000 )     557   0.001%  99.995% 
[   40000,   45000 )     454   0.000%  99.995% 
[   45000,   50000 )     449   0.000%  99.996% 
[   50000,   60000 )     832   0.001%  99.997% 
[   60000,   70000 )     814   0.001%  99.998% 
[   70000,   80000 )     754   0.001%  99.998% 
[   80000,   90000 )     413   0.000%  99.999% 
[   90000,  100000 )     375   0.000%  99.999% 
[  100000,  120000 )     320   0.000%  99.999% 
[  120000,  140000 )     232   0.000% 100.000% 
[  140000,  160000 )      21   0.000% 100.000% 
[  160000,  180000 )       1   0.000% 100.000% 
[  180000,  200000 )      31   0.000% 100.000% 
[  200000,  250000 )      99   0.000% 100.000% 
[  250000,  300000 )      72   0.000% 100.000% 
[  300000,  350000 )      53   0.000% 100.000% 
[  400000,  450000 )       6   0.000% 100.000% 
[  450000,  500000 )      91   0.000% 100.000% 
[  500000,  600000 )      31   0.000% 100.000% 

Read info: 
Count: 0  Average: 0.0000  StdDev: 0.00
Percentiles(us): P50: -nan P90: -nan P99: -nan P99.9: -nan P99.99: -nan
------------------------------------------------------

Write info: 
Count: 100000000  Average: 237.3157  StdDev: 954.30
Percentiles(us): P50: 159.64 P90: 368.09 P99: 1373.82 P99.9: 2627.96 P99.99: 24893.63
------------------------------------------------------
[      45,      50 )       2   0.000%   0.000% 
[      50,      60 )    1329   0.001%   0.001% 
[      60,      70 )   15600   0.016%   0.017% 
[      70,      80 )   35167   0.035%   0.052% 
[      80,      90 )   44269   0.044%   0.096% 
[      90,     100 ) 7257922   7.258%   7.354% #
[     100,     120 ) 25623624  25.624%  32.978% #####
[     120,     140 ) 7119371   7.119%  40.097% #
[     140,     160 ) 10082030  10.082%  50.179% ##
[     160,     180 ) 6545689   6.546%  56.725% #
[     180,     200 ) 3233149   3.233%  59.958% #
[     200,     250 ) 15578844  15.579%  75.537% ###
[     250,     300 ) 9059263   9.059%  84.596% ##
[     300,     350 ) 4437282   4.437%  89.034% #
[     350,     400 ) 2671276   2.671%  91.705% #
[     400,     450 ) 1603865   1.604%  93.309% 
[     450,     500 ) 1117309   1.117%  94.426% 
[     500,     600 ) 1339013   1.339%  95.765% 
[     600,     700 )  807990   0.808%  96.573% 
[     700,     800 )  587007   0.587%  97.160% 
[     800,     900 )  463702   0.464%  97.624% 
[     900,    1000 )  383954   0.384%  98.008% 
[    1000,    1200 )  606435   0.606%  98.614% 
[    1200,    1400 )  444036   0.444%  99.058% 
[    1400,    1600 )  314457   0.314%  99.373% 
[    1600,    1800 )  216100   0.216%  99.589% 
[    1800,    2000 )  141962   0.142%  99.731% 
[    2000,    2500 )  159262   0.159%  99.890% 
[    2500,    3000 )   39430   0.039%  99.929% 
[    3000,    3500 )    8777   0.009%  99.938% 
[    3500,    4000 )    2107   0.002%  99.940% 
[    4000,    4500 )     748   0.001%  99.941% 
[    4500,    5000 )     761   0.001%  99.942% 
[    5000,    6000 )    3489   0.003%  99.945% 
[    6000,    7000 )    7510   0.008%  99.953% 
[    7000,    8000 )    4616   0.005%  99.957% 
[    8000,    9000 )    2727   0.003%  99.960% 
[    9000,   10000 )    2607   0.003%  99.963% 
[   10000,   12000 )    5491   0.005%  99.968% 
[   12000,   14000 )    5071   0.005%  99.973% 
[   14000,   16000 )    2559   0.003%  99.976% 
[   16000,   18000 )    1257   0.001%  99.977% 
[   18000,   20000 )     888   0.001%  99.978% 
[   20000,   25000 )   12315   0.012%  99.990% 
[   25000,   30000 )    2955   0.003%  99.993% 
[   30000,   35000 )    1178   0.001%  99.994% 
[   35000,   40000 )     557   0.001%  99.995% 
[   40000,   45000 )     454   0.000%  99.995% 
[   45000,   50000 )     449   0.000%  99.996% 
[   50000,   60000 )     832   0.001%  99.997% 
[   60000,   70000 )     814   0.001%  99.998% 
[   70000,   80000 )     754   0.001%  99.998% 
[   80000,   90000 )     413   0.000%  99.999% 
[   90000,  100000 )     375   0.000%  99.999% 
[  100000,  120000 )     320   0.000%  99.999% 
[  120000,  140000 )     232   0.000% 100.000% 
[  140000,  160000 )      21   0.000% 100.000% 
[  160000,  180000 )       1   0.000% 100.000% 
[  180000,  200000 )      31   0.000% 100.000% 
[  200000,  250000 )      99   0.000% 100.000% 
[  250000,  300000 )      72   0.000% 100.000% 
[  300000,  350000 )      53   0.000% 100.000% 
[  400000,  450000 )       6   0.000% 100.000% 
[  450000,  500000 )      91   0.000% 100.000% 
[  500000,  600000 )      31   0.000% 100.000% 


