
nofdb	workloads/workloadc_zipfian.spec	32
# Load duration (sec): 760.636
# Loading records:	100000000
# Load throughput (KOPS): 131.469
Count: 100000000  Average: 242.5784  StdDev: 2181.06
Percentiles(us): P50: 204.91 P90: 352.11 P99: 691.69 P99.9: 4815.29 P99.99: 36242.88
------------------------------------------------------
[      50,      60 )      35   0.000%   0.000% 
[      60,      70 )    4114   0.004%   0.004% 
[      70,      80 )   22347   0.022%   0.026% 
[      80,      90 )   32909   0.033%   0.059% 
[      90,     100 )  232668   0.233%   0.292% 
[     100,     120 ) 23869264  23.869%  24.161% #####
[     120,     140 ) 5050616   5.051%  29.212% #
[     140,     160 ) 8558159   8.558%  37.770% ##
[     160,     180 ) 6412449   6.412%  44.183% #
[     180,     200 ) 3592227   3.592%  47.775% #
[     200,     250 ) 22658929  22.659%  70.434% #####
[     250,     300 ) 13312097  13.312%  83.746% ###
[     300,     350 ) 6106974   6.107%  89.853% #
[     350,     400 ) 3490503   3.491%  93.343% #
[     400,     450 ) 2039482   2.039%  95.383% 
[     450,     500 ) 1532559   1.533%  96.915% 
[     500,     600 ) 1431098   1.431%  98.346% 
[     600,     700 )  712830   0.713%  99.059% 
[     700,     800 )  402308   0.402%  99.462% 
[     800,     900 )  206941   0.207%  99.669% 
[     900,    1000 )  102114   0.102%  99.771% 
[    1000,    1200 )   77065   0.077%  99.848% 
[    1200,    1400 )   26792   0.027%  99.874% 
[    1400,    1600 )    9696   0.010%  99.884% 
[    1600,    1800 )    4098   0.004%  99.888% 
[    1800,    2000 )    2121   0.002%  99.890% 
[    2000,    2500 )    2923   0.003%  99.893% 
[    2500,    3000 )    1959   0.002%  99.895% 
[    3000,    3500 )    1566   0.002%  99.897% 
[    3500,    4000 )    1257   0.001%  99.898% 
[    4000,    4500 )    1166   0.001%  99.899% 
[    4500,    5000 )    1164   0.001%  99.900% 
[    5000,    6000 )    2474   0.002%  99.903% 
[    6000,    7000 )    3678   0.004%  99.907% 
[    7000,    8000 )    4172   0.004%  99.911% 
[    8000,    9000 )    7215   0.007%  99.918% 
[    9000,   10000 )   11346   0.011%  99.929% 
[   10000,   12000 )   14462   0.014%  99.944% 
[   12000,   14000 )    4782   0.005%  99.949% 
[   14000,   16000 )    3668   0.004%  99.952% 
[   16000,   18000 )    3184   0.003%  99.955% 
[   18000,   20000 )    3471   0.003%  99.959% 
[   20000,   25000 )   14786   0.015%  99.974% 
[   25000,   30000 )   12285   0.012%  99.986% 
[   30000,   35000 )    3654   0.004%  99.990% 
[   35000,   40000 )    1581   0.002%  99.991% 
[   40000,   45000 )    1234   0.001%  99.992% 
[   45000,   50000 )    1257   0.001%  99.994% 
[   50000,   60000 )    1206   0.001%  99.995% 
[   60000,   70000 )     928   0.001%  99.996% 
[   70000,   80000 )    1048   0.001%  99.997% 
[   80000,   90000 )    1254   0.001%  99.998% 
[   90000,  100000 )     755   0.001%  99.999% 
[  100000,  120000 )     285   0.000%  99.999% 
[  120000,  140000 )      47   0.000%  99.999% 
[  140000,  160000 )     171   0.000%  99.999% 
[  160000,  180000 )     142   0.000% 100.000% 
[  180000,  200000 )      53   0.000% 100.000% 
[  200000,  250000 )      80   0.000% 100.000% 
[  250000,  300000 )      96   0.000% 100.000% 
[  300000,  350000 )      32   0.000% 100.000% 
[  350000,  400000 )      31   0.000% 100.000% 
[  400000,  450000 )      33   0.000% 100.000% 
[  450000,  500000 )      32   0.000% 100.000% 
[  500000,  600000 )      32   0.000% 100.000% 
[  600000,  700000 )      32   0.000% 100.000% 
[ 1200000, 1400000 )      32   0.000% 100.000% 
[ 2500000, 3000000 )      32   0.000% 100.000% 


# Run duration (sec): 674.918
# Run operations:	100000000
# Run throughput (KOPS): 148.166
Count: 100000000  Average: 215.1463  StdDev: 520.47
Percentiles(us): P50: 168.54 P90: 323.06 P99: 742.00 P99.9: 3919.62 P99.99: 19905.33
------------------------------------------------------
[      35,      40 )       5   0.000%   0.000% 
[      40,      45 )     712   0.001%   0.001% 
[      45,      50 )    8306   0.008%   0.009% 
[      50,      60 )   17977   0.018%   0.027% 
[      60,      70 )    2424   0.002%   0.029% 
[      70,      80 )  165792   0.166%   0.195% 
[      80,      90 ) 1434893   1.435%   1.630% 
[      90,     100 ) 1217092   1.217%   2.847% 
[     100,     120 ) 2513771   2.514%   5.361% #
[     120,     140 ) 20781964  20.782%  26.143% ####
[     140,     160 ) 18020170  18.020%  44.163% ####
[     160,     180 ) 13663427  13.663%  57.827% ###
[     180,     200 ) 11389123  11.389%  69.216% ##
[     200,     250 ) 12823971  12.824%  82.040% ###
[     250,     300 ) 6209083   6.209%  88.249% #
[     300,     350 ) 3797694   3.798%  92.046% #
[     350,     400 ) 2387994   2.388%  94.434% 
[     400,     450 ) 1578231   1.578%  96.013% 
[     450,     500 )  998332   0.998%  97.011% 
[     500,     600 ) 1201675   1.202%  98.213% 
[     600,     700 )  633658   0.634%  98.846% 
[     700,     800 )  366004   0.366%  99.212% 
[     800,     900 )  220180   0.220%  99.432% 
[     900,    1000 )  138260   0.138%  99.571% 
[    1000,    1200 )  145500   0.145%  99.716% 
[    1200,    1400 )   63776   0.064%  99.780% 
[    1400,    1600 )   31890   0.032%  99.812% 
[    1600,    1800 )   18427   0.018%  99.830% 
[    1800,    2000 )   12528   0.013%  99.843% 
[    2000,    2500 )   21470   0.021%  99.864% 
[    2500,    3000 )   14975   0.015%  99.879% 
[    3000,    3500 )   11962   0.012%  99.891% 
[    3500,    4000 )   10407   0.010%  99.902% 
[    4000,    4500 )    9500   0.009%  99.911% 
[    4500,    5000 )    8261   0.008%  99.919% 
[    5000,    6000 )   13173   0.013%  99.933% 
[    6000,    7000 )    8844   0.009%  99.941% 
[    7000,    8000 )    6917   0.007%  99.948% 
[    8000,    9000 )    5014   0.005%  99.953% 
[    9000,   10000 )    4983   0.005%  99.958% 
[   10000,   12000 )   10692   0.011%  99.969% 
[   12000,   14000 )    5856   0.006%  99.975% 
[   14000,   16000 )    7237   0.007%  99.982% 
[   16000,   18000 )    5153   0.005%  99.987% 
[   18000,   20000 )    2831   0.003%  99.990% 
[   20000,   25000 )    2696   0.003%  99.993% 
[   25000,   30000 )    2401   0.002%  99.995% 
[   30000,   35000 )    2061   0.002%  99.997% 
[   35000,   40000 )     647   0.001%  99.998% 
[   40000,   45000 )     800   0.001%  99.999% 
[   45000,   50000 )     500   0.001%  99.999% 
[   50000,   60000 )     280   0.000% 100.000% 
[   60000,   70000 )     171   0.000% 100.000% 
[   70000,   80000 )     103   0.000% 100.000% 
[   80000,   90000 )      61   0.000% 100.000% 
[   90000,  100000 )      20   0.000% 100.000% 
[  100000,  120000 )      35   0.000% 100.000% 
[  120000,  140000 )      24   0.000% 100.000% 
[  140000,  160000 )      13   0.000% 100.000% 
[  160000,  180000 )       3   0.000% 100.000% 
[  180000,  200000 )       6   0.000% 100.000% 
[  200000,  250000 )      20   0.000% 100.000% 
[  250000,  300000 )       3   0.000% 100.000% 
[  300000,  350000 )       9   0.000% 100.000% 
[  350000,  400000 )       8   0.000% 100.000% 
[  400000,  450000 )       5   0.000% 100.000% 

Read info: 
Count: 100000000  Average: 215.1463  StdDev: 520.47
Percentiles(us): P50: 168.54 P90: 323.06 P99: 742.00 P99.9: 3919.62 P99.99: 19905.33
------------------------------------------------------
[      35,      40 )       5   0.000%   0.000% 
[      40,      45 )     712   0.001%   0.001% 
[      45,      50 )    8306   0.008%   0.009% 
[      50,      60 )   17977   0.018%   0.027% 
[      60,      70 )    2424   0.002%   0.029% 
[      70,      80 )  165792   0.166%   0.195% 
[      80,      90 ) 1434893   1.435%   1.630% 
[      90,     100 ) 1217092   1.217%   2.847% 
[     100,     120 ) 2513771   2.514%   5.361% #
[     120,     140 ) 20781964  20.782%  26.143% ####
[     140,     160 ) 18020170  18.020%  44.163% ####
[     160,     180 ) 13663427  13.663%  57.827% ###
[     180,     200 ) 11389123  11.389%  69.216% ##
[     200,     250 ) 12823971  12.824%  82.040% ###
[     250,     300 ) 6209083   6.209%  88.249% #
[     300,     350 ) 3797694   3.798%  92.046% #
[     350,     400 ) 2387994   2.388%  94.434% 
[     400,     450 ) 1578231   1.578%  96.013% 
[     450,     500 )  998332   0.998%  97.011% 
[     500,     600 ) 1201675   1.202%  98.213% 
[     600,     700 )  633658   0.634%  98.846% 
[     700,     800 )  366004   0.366%  99.212% 
[     800,     900 )  220180   0.220%  99.432% 
[     900,    1000 )  138260   0.138%  99.571% 
[    1000,    1200 )  145500   0.145%  99.716% 
[    1200,    1400 )   63776   0.064%  99.780% 
[    1400,    1600 )   31890   0.032%  99.812% 
[    1600,    1800 )   18427   0.018%  99.830% 
[    1800,    2000 )   12528   0.013%  99.843% 
[    2000,    2500 )   21470   0.021%  99.864% 
[    2500,    3000 )   14975   0.015%  99.879% 
[    3000,    3500 )   11962   0.012%  99.891% 
[    3500,    4000 )   10407   0.010%  99.902% 
[    4000,    4500 )    9500   0.009%  99.911% 
[    4500,    5000 )    8261   0.008%  99.919% 
[    5000,    6000 )   13173   0.013%  99.933% 
[    6000,    7000 )    8844   0.009%  99.941% 
[    7000,    8000 )    6917   0.007%  99.948% 
[    8000,    9000 )    5014   0.005%  99.953% 
[    9000,   10000 )    4983   0.005%  99.958% 
[   10000,   12000 )   10692   0.011%  99.969% 
[   12000,   14000 )    5856   0.006%  99.975% 
[   14000,   16000 )    7237   0.007%  99.982% 
[   16000,   18000 )    5153   0.005%  99.987% 
[   18000,   20000 )    2831   0.003%  99.990% 
[   20000,   25000 )    2696   0.003%  99.993% 
[   25000,   30000 )    2401   0.002%  99.995% 
[   30000,   35000 )    2061   0.002%  99.997% 
[   35000,   40000 )     647   0.001%  99.998% 
[   40000,   45000 )     800   0.001%  99.999% 
[   45000,   50000 )     500   0.001%  99.999% 
[   50000,   60000 )     280   0.000% 100.000% 
[   60000,   70000 )     171   0.000% 100.000% 
[   70000,   80000 )     103   0.000% 100.000% 
[   80000,   90000 )      61   0.000% 100.000% 
[   90000,  100000 )      20   0.000% 100.000% 
[  100000,  120000 )      35   0.000% 100.000% 
[  120000,  140000 )      24   0.000% 100.000% 
[  140000,  160000 )      13   0.000% 100.000% 
[  160000,  180000 )       3   0.000% 100.000% 
[  180000,  200000 )       6   0.000% 100.000% 
[  200000,  250000 )      20   0.000% 100.000% 
[  250000,  300000 )       3   0.000% 100.000% 
[  300000,  350000 )       9   0.000% 100.000% 
[  350000,  400000 )       8   0.000% 100.000% 
[  400000,  450000 )       5   0.000% 100.000% 

Write info: 
Count: 0  Average: 0.0000  StdDev: 0.00
Percentiles(us): P50: -nan P90: -nan P99: -nan P99.9: -nan P99.99: -nan
------------------------------------------------------


