
nofdb	workloads/workloadc_uniform.spec	32
# Load duration (sec): 751.061
# Loading records:	100000000
# Load throughput (KOPS): 133.145
Count: 100000000  Average: 238.2249  StdDev: 1217.55
Percentiles(us): P50: 204.81 P90: 350.92 P99: 687.14 P99.9: 2393.75 P99.99: 35261.88
------------------------------------------------------
[      50,      60 )      97   0.000%   0.000% 
[      60,      70 )    5404   0.005%   0.006% 
[      70,      80 )   22225   0.022%   0.028% 
[      80,      90 )   32163   0.032%   0.060% 
[      90,     100 ) 1016891   1.017%   1.077% 
[     100,     120 ) 23715356  23.715%  24.792% #####
[     120,     140 ) 4266400   4.266%  29.059% #
[     140,     160 ) 9509824   9.510%  38.568% ##
[     160,     180 ) 5765558   5.766%  44.334% #
[     180,     200 ) 3464707   3.465%  47.799% #
[     200,     250 ) 22896962  22.897%  70.696% #####
[     250,     300 ) 13219919  13.220%  83.916% ###
[     300,     350 ) 6020282   6.020%  89.936% #
[     350,     400 ) 3493288   3.493%  93.429% #
[     400,     450 ) 1995332   1.995%  95.424% 
[     450,     500 ) 1538125   1.538%  96.963% 
[     500,     600 ) 1414919   1.415%  98.377% 
[     600,     700 )  714405   0.714%  99.092% 
[     700,     800 )  395188   0.395%  99.487% 
[     800,     900 )  204147   0.204%  99.691% 
[     900,    1000 )   96501   0.097%  99.788% 
[    1000,    1200 )   71456   0.071%  99.859% 
[    1200,    1400 )   24125   0.024%  99.883% 
[    1400,    1600 )    8589   0.009%  99.892% 
[    1600,    1800 )    3861   0.004%  99.896% 
[    1800,    2000 )    2060   0.002%  99.898% 
[    2000,    2500 )    2814   0.003%  99.901% 
[    2500,    3000 )    1836   0.002%  99.902% 
[    3000,    3500 )    1448   0.001%  99.904% 
[    3500,    4000 )    1159   0.001%  99.905% 
[    4000,    4500 )    1032   0.001%  99.906% 
[    4500,    5000 )     963   0.001%  99.907% 
[    5000,    6000 )    2147   0.002%  99.909% 
[    6000,    7000 )    5007   0.005%  99.914% 
[    7000,    8000 )    9853   0.010%  99.924% 
[    8000,    9000 )    5944   0.006%  99.930% 
[    9000,   10000 )    7518   0.008%  99.938% 
[   10000,   12000 )   11448   0.011%  99.949% 
[   12000,   14000 )    3966   0.004%  99.953% 
[   14000,   16000 )    2678   0.003%  99.956% 
[   16000,   18000 )    3300   0.003%  99.959% 
[   18000,   20000 )    3156   0.003%  99.962% 
[   20000,   25000 )   19636   0.020%  99.982% 
[   25000,   30000 )    5893   0.006%  99.988% 
[   30000,   35000 )    2364   0.002%  99.990% 
[   35000,   40000 )    1031   0.001%  99.991% 
[   40000,   45000 )     848   0.001%  99.992% 
[   45000,   50000 )    1547   0.002%  99.993% 
[   50000,   60000 )    1737   0.002%  99.995% 
[   60000,   70000 )    1502   0.002%  99.997% 
[   70000,   80000 )     935   0.001%  99.998% 
[   80000,   90000 )     650   0.001%  99.998% 
[   90000,  100000 )     705   0.001%  99.999% 
[  100000,  120000 )     433   0.000%  99.999% 
[  120000,  140000 )     122   0.000%  99.999% 
[  140000,  160000 )      92   0.000% 100.000% 
[  160000,  180000 )       2   0.000% 100.000% 
[  180000,  200000 )      69   0.000% 100.000% 
[  200000,  250000 )      52   0.000% 100.000% 
[  250000,  300000 )       9   0.000% 100.000% 
[  300000,  350000 )      35   0.000% 100.000% 
[  350000,  400000 )      93   0.000% 100.000% 
[  400000,  450000 )      64   0.000% 100.000% 
[  450000,  500000 )      32   0.000% 100.000% 
[  500000,  600000 )      32   0.000% 100.000% 
[  600000,  700000 )      32   0.000% 100.000% 
[  700000,  800000 )      32   0.000% 100.000% 


# Run duration (sec): 643.477
# Run operations:	100000000
# Run throughput (KOPS): 155.406
Count: 100000000  Average: 204.9277  StdDev: 329.11
Percentiles(us): P50: 170.46 P90: 304.07 P99: 589.99 P99.9: 1812.54 P99.99: 14084.36
------------------------------------------------------
[      35,      40 )       9   0.000%   0.000% 
[      40,      45 )    1185   0.001%   0.001% 
[      45,      50 )   13577   0.014%   0.015% 
[      50,      60 )   20738   0.021%   0.036% 
[      60,      70 )    2608   0.003%   0.038% 
[      70,      80 )    4579   0.005%   0.043% 
[      80,      90 )   11564   0.012%   0.054% 
[      90,     100 )    6587   0.007%   0.061% 
[     100,     120 ) 2068582   2.069%   2.129% 
[     120,     140 ) 21794220  21.794%  23.924% ####
[     140,     160 ) 18456063  18.456%  42.380% ####
[     160,     180 ) 14572606  14.573%  56.952% ###
[     180,     200 ) 12174139  12.174%  69.126% ##
[     200,     250 ) 14034946  14.035%  83.161% ###
[     250,     300 ) 6529024   6.529%  89.690% #
[     300,     350 ) 3802127   3.802%  93.493% #
[     350,     400 ) 2366307   2.366%  95.859% 
[     400,     450 ) 1487350   1.487%  97.346% 
[     450,     500 )  838612   0.839%  98.185% 
[     500,     600 )  905806   0.906%  99.091% 
[     600,     700 )  382866   0.383%  99.473% 
[     700,     800 )  179504   0.180%  99.653% 
[     800,     900 )   89926   0.090%  99.743% 
[     900,    1000 )   50546   0.051%  99.793% 
[    1000,    1200 )   51848   0.052%  99.845% 
[    1200,    1400 )   26480   0.026%  99.872% 
[    1400,    1600 )   16476   0.016%  99.888% 
[    1600,    1800 )   11224   0.011%  99.899% 
[    1800,    2000 )    7991   0.008%  99.907% 
[    2000,    2500 )   12191   0.012%  99.920% 
[    2500,    3000 )    6735   0.007%  99.926% 
[    3000,    3500 )    4349   0.004%  99.931% 
[    3500,    4000 )    4400   0.004%  99.935% 
[    4000,    4500 )    4408   0.004%  99.940% 
[    4500,    5000 )    4644   0.005%  99.944% 
[    5000,    6000 )   10054   0.010%  99.954% 
[    6000,    7000 )    6965   0.007%  99.961% 
[    7000,    8000 )    9133   0.009%  99.970% 
[    8000,    9000 )    3923   0.004%  99.974% 
[    9000,   10000 )    4156   0.004%  99.978% 
[   10000,   12000 )    8334   0.008%  99.987% 
[   12000,   14000 )    2957   0.003%  99.990% 
[   14000,   16000 )    6188   0.006%  99.996% 
[   16000,   18000 )    1280   0.001%  99.997% 
[   18000,   20000 )     496   0.000%  99.998% 
[   20000,   25000 )    1011   0.001%  99.999% 
[   25000,   30000 )     638   0.001%  99.999% 
[   30000,   35000 )     195   0.000% 100.000% 
[   35000,   40000 )     110   0.000% 100.000% 
[   40000,   45000 )      91   0.000% 100.000% 
[   45000,   50000 )      38   0.000% 100.000% 
[   50000,   60000 )      51   0.000% 100.000% 
[   60000,   70000 )      55   0.000% 100.000% 
[   70000,   80000 )      21   0.000% 100.000% 
[   80000,   90000 )      13   0.000% 100.000% 
[   90000,  100000 )       8   0.000% 100.000% 
[  100000,  120000 )      16   0.000% 100.000% 
[  120000,  140000 )      13   0.000% 100.000% 
[  140000,  160000 )      10   0.000% 100.000% 
[  160000,  180000 )       3   0.000% 100.000% 
[  180000,  200000 )       3   0.000% 100.000% 
[  200000,  250000 )      13   0.000% 100.000% 
[  250000,  300000 )       4   0.000% 100.000% 
[  300000,  350000 )       3   0.000% 100.000% 
[  350000,  400000 )       1   0.000% 100.000% 

Read info: 
Count: 100000000  Average: 204.9277  StdDev: 329.11
Percentiles(us): P50: 170.46 P90: 304.07 P99: 589.99 P99.9: 1812.54 P99.99: 14084.36
------------------------------------------------------
[      35,      40 )       9   0.000%   0.000% 
[      40,      45 )    1185   0.001%   0.001% 
[      45,      50 )   13577   0.014%   0.015% 
[      50,      60 )   20738   0.021%   0.036% 
[      60,      70 )    2608   0.003%   0.038% 
[      70,      80 )    4579   0.005%   0.043% 
[      80,      90 )   11564   0.012%   0.054% 
[      90,     100 )    6587   0.007%   0.061% 
[     100,     120 ) 2068582   2.069%   2.129% 
[     120,     140 ) 21794220  21.794%  23.924% ####
[     140,     160 ) 18456063  18.456%  42.380% ####
[     160,     180 ) 14572606  14.573%  56.952% ###
[     180,     200 ) 12174139  12.174%  69.126% ##
[     200,     250 ) 14034946  14.035%  83.161% ###
[     250,     300 ) 6529024   6.529%  89.690% #
[     300,     350 ) 3802127   3.802%  93.493% #
[     350,     400 ) 2366307   2.366%  95.859% 
[     400,     450 ) 1487350   1.487%  97.346% 
[     450,     500 )  838612   0.839%  98.185% 
[     500,     600 )  905806   0.906%  99.091% 
[     600,     700 )  382866   0.383%  99.473% 
[     700,     800 )  179504   0.180%  99.653% 
[     800,     900 )   89926   0.090%  99.743% 
[     900,    1000 )   50546   0.051%  99.793% 
[    1000,    1200 )   51848   0.052%  99.845% 
[    1200,    1400 )   26480   0.026%  99.872% 
[    1400,    1600 )   16476   0.016%  99.888% 
[    1600,    1800 )   11224   0.011%  99.899% 
[    1800,    2000 )    7991   0.008%  99.907% 
[    2000,    2500 )   12191   0.012%  99.920% 
[    2500,    3000 )    6735   0.007%  99.926% 
[    3000,    3500 )    4349   0.004%  99.931% 
[    3500,    4000 )    4400   0.004%  99.935% 
[    4000,    4500 )    4408   0.004%  99.940% 
[    4500,    5000 )    4644   0.005%  99.944% 
[    5000,    6000 )   10054   0.010%  99.954% 
[    6000,    7000 )    6965   0.007%  99.961% 
[    7000,    8000 )    9133   0.009%  99.970% 
[    8000,    9000 )    3923   0.004%  99.974% 
[    9000,   10000 )    4156   0.004%  99.978% 
[   10000,   12000 )    8334   0.008%  99.987% 
[   12000,   14000 )    2957   0.003%  99.990% 
[   14000,   16000 )    6188   0.006%  99.996% 
[   16000,   18000 )    1280   0.001%  99.997% 
[   18000,   20000 )     496   0.000%  99.998% 
[   20000,   25000 )    1011   0.001%  99.999% 
[   25000,   30000 )     638   0.001%  99.999% 
[   30000,   35000 )     195   0.000% 100.000% 
[   35000,   40000 )     110   0.000% 100.000% 
[   40000,   45000 )      91   0.000% 100.000% 
[   45000,   50000 )      38   0.000% 100.000% 
[   50000,   60000 )      51   0.000% 100.000% 
[   60000,   70000 )      55   0.000% 100.000% 
[   70000,   80000 )      21   0.000% 100.000% 
[   80000,   90000 )      13   0.000% 100.000% 
[   90000,  100000 )       8   0.000% 100.000% 
[  100000,  120000 )      16   0.000% 100.000% 
[  120000,  140000 )      13   0.000% 100.000% 
[  140000,  160000 )      10   0.000% 100.000% 
[  160000,  180000 )       3   0.000% 100.000% 
[  180000,  200000 )       3   0.000% 100.000% 
[  200000,  250000 )      13   0.000% 100.000% 
[  250000,  300000 )       4   0.000% 100.000% 
[  300000,  350000 )       3   0.000% 100.000% 
[  350000,  400000 )       1   0.000% 100.000% 

Write info: 
Count: 0  Average: 0.0000  StdDev: 0.00
Percentiles(us): P50: -nan P90: -nan P99: -nan P99.9: -nan P99.99: -nan
------------------------------------------------------


