0
13.8
95.1
142.8
173
183.6
191.8
201.8
203.5
213.7
216.4
221.9
227.6
232.1
236.5
240
243.2
245.7
243
246.6
248.2
250.3
252.7
254.4
255.8
256.6
257.6
258.8
260
261.3
261.5
262.6
263.6
264.7
266.9
268
269
269
270
273.1
273.2
274.1
274.3
275.1
276.1
278.3
278.4
278.4
278.4
279.5
280.6
280.6
281.8
281.6
281.5
283.6
283.7
284.6
284.4
284.5
285.4
286.5
286.6
286.5
284.8
284.8
286.9
286.9
286.9
287.1
287.1
288.3
289.3
290.3
290.5
290.5
290.7
291.7
292.7
293.7
294.8
294.8
294.7
295.7
296.7
297.9
298.9
298.9
298.9
300
301
301.1
302.1
303.1
303.1
303.3
303.6
304.5
305.6
305.9
307.2
306.7
