[OVERALL], RunTime(ms), 2573642
[OVERALL], Throughput(ops/sec), 77710.8859740399
[TOTAL_GCS_PS_Scavenge], Count, 2937
[TOTAL_GC_TIME_PS_Scavenge], Time(ms), 21891
[TOTAL_GC_TIME_%_PS_Scavenge], Time(%), 0.8505845024288538
[TOTAL_GCS_PS_MarkSweep], Count, 0
[TOTAL_GC_TIME_PS_MarkSweep], Time(ms), 0
[TOTAL_GC_TIME_%_PS_MarkSweep], Time(%), 0.0
[TOTAL_GCs], Count, 2937
[TOTAL_GC_TIME], Time(ms), 21891
[TOTAL_GC_TIME_%], Time(%), 0.8505845024288538
[CLEANUP], Operations, 50
[CLEANUP], AverageLatency(us), 44913.98
[CLEANUP], MinLatency(us), 1
[CLEANUP], MaxLatency(us), 2246655
[CLEANUP], 95thPercentileLatency(us), 3
[CLEANUP], 99thPercentileLatency(us), 2246655
[INSERT], Operations, 200000000
[INSERT], AverageLatency(us), 640.948811725
[INSERT], MinLatency(us), 124
[INSERT], MaxLatency(us), 317439
[INSERT], 95thPercentileLatency(us), 917
[INSERT], 99thPercentileLatency(us), 1123
[INSERT], Return=OK, 200000000
