fieldlength: 4072
recordcount: 6553600
oks: 100000
oks: 200000
oks: 300000
oks: 400000
oks: 500000
oks: 600000
oks: 700000
oks: 800000
oks: 900000
oks: 1000000
oks: 1100000
oks: 1200000
oks: 1300000
oks: 1400000
oks: 1500000
oks: 1600000
oks: 1700000
oks: 1800000
oks: 1900000
oks: 2000000
oks: 2100000
oks: 2200000
oks: 2300000
oks: 2400000
oks: 2500000
oks: 2600000
oks: 2700000
oks: 2800000
oks: 2900000
oks: 3000000
oks: 3100000
oks: 3200000
oks: 3300000
oks: 3400000
oks: 3500000
oks: 3600000
oks: 3700000
oks: 3800000
oks: 3900000
oks: 4000000
oks: 4100000
oks: 4200000
oks: 4300000
oks: 4400000
oks: 4500000
oks: 4600000
oks: 4700000
oks: 4800000
oks: 4900000
oks: 5000000
oks: 5100000
oks: 5200000
oks: 5300000
oks: 5400000
oks: 5500000
oks: 5600000
oks: 5700000
oks: 5800000
oks: 5900000
oks: 6000000
oks: 6100000
oks: 6200000
oks: 6300000
oks: 6400000
oks: 6500000

rocksdb	workloads/motivation.spec	1
# Load duration (sec): 1057.61
# Loading records:	6553600
# Load throughput (KOPS): 6.19662
Count: 6553600  Average: 161.0812  StdDev: 12.33
Percentiles(us): P50: 163.18 P90: 176.79 P99: 179.86 P99.9: 231.04 P99.99: 249.40
------------------------------------------------------
[     140,     160 ) 2663883  40.648%  40.648% ########
[     160,     180 ) 3851662  58.772%  99.419% ############
[     180,     200 )   21526   0.328%  99.748% 
[     200,     250 )   16067   0.245%  99.993% 
[     250,     300 )     167   0.003%  99.995% 
[     300,     350 )     156   0.002%  99.998% 
[     350,     400 )      53   0.001%  99.999% 
[     400,     450 )      26   0.000%  99.999% 
[     450,     500 )       6   0.000%  99.999% 
[     500,     600 )       3   0.000%  99.999% 
[     600,     700 )       1   0.000%  99.999% 
[     700,     800 )       2   0.000%  99.999% 
[     800,     900 )       2   0.000%  99.999% 
[     900,    1000 )       2   0.000%  99.999% 
[    1000,    1200 )       6   0.000%  99.999% 
[    1200,    1400 )       6   0.000% 100.000% 
[    1400,    1600 )       3   0.000% 100.000% 
[    1600,    1800 )       3   0.000% 100.000% 
[    1800,    2000 )       3   0.000% 100.000% 
[    2000,    2500 )       5   0.000% 100.000% 
[    2500,    3000 )       9   0.000% 100.000% 
[    3000,    3500 )       5   0.000% 100.000% 
[    3500,    4000 )       1   0.000% 100.000% 
[    4000,    4500 )       1   0.000% 100.000% 
[    9000,   10000 )       1   0.000% 100.000% 
[   20000,   25000 )       1   0.000% 100.000% 

Waiting 30s before performing transactions......

Avg CPU utilization (percent): 41.69

Starting performing transactions......

# Run duration (ms): 0.163578
# Run operations:	1000
# Run throughput (KOPS): 6.1133
Count: 1000  Average: 163.2234  StdDev: 8.62
Percentiles(us): P50: 167.70 P90: 177.60 P99: 179.83 P99.9: 400.00 P99.99: 402.96
------------------------------------------------------
[     140,     160 )     189  18.900%  18.900% ####
[     160,     180 )     808  80.800%  99.700% ################
[     180,     200 )       1   0.100%  99.800% 
[     200,     250 )       1   0.100%  99.900% 
[     400,     450 )       1   0.100% 100.000% 


Avg CPU utilization (percent): -nan

