fieldlength: 16360
recordcount: 1638400
oks: 100000
oks: 200000
oks: 300000
oks: 400000
oks: 500000
oks: 600000
oks: 700000
oks: 800000
oks: 900000
oks: 1000000
oks: 1100000
oks: 1200000
oks: 1300000
oks: 1400000
oks: 1500000
oks: 1600000

rocksdb	workloads/motivation.spec	1
# Load duration (sec): 305.058
# Loading records:	1638400
# Load throughput (KOPS): 5.37078
Count: 1638400  Average: 185.8799  StdDev: 11.13
Percentiles(us): P50: 189.57 P90: 198.31 P99: 228.35 P99.9: 248.46 P99.99: 376.42
------------------------------------------------------
[     160,     180 )  101430   6.191%   6.191% #
[     180,     200 ) 1499793  91.540%  97.731% ##################
[     200,     250 )   36671   2.238%  99.969% 
[     250,     300 )     193   0.012%  99.981% 
[     300,     350 )      72   0.004%  99.985% 
[     350,     400 )     146   0.009%  99.994% 
[     400,     450 )      12   0.001%  99.995% 
[     450,     500 )      10   0.001%  99.996% 
[     500,     600 )      10   0.001%  99.996% 
[     600,     700 )      13   0.001%  99.997% 
[     700,     800 )      14   0.001%  99.998% 
[     800,     900 )       3   0.000%  99.998% 
[     900,    1000 )       3   0.000%  99.998% 
[    1000,    1200 )       6   0.000%  99.999% 
[    1200,    1400 )       6   0.000%  99.999% 
[    1400,    1600 )       2   0.000%  99.999% 
[    1600,    1800 )       3   0.000%  99.999% 
[    1800,    2000 )       2   0.000%  99.999% 
[    2000,    2500 )       1   0.000%  99.999% 
[    2500,    3000 )       1   0.000%  99.999% 
[    3000,    3500 )       4   0.000% 100.000% 
[    3500,    4000 )       5   0.000% 100.000% 

Waiting 30s before performing transactions......

Avg CPU utilization (percent): 39.52

Starting performing transactions......

# Run duration (ms): 0.207013
# Run operations:	1000
# Run throughput (KOPS): 4.83061
Count: 1000  Average: 206.6470  StdDev: 46.59
Percentiles(us): P50: 208.68 P90: 242.41 P99: 250.00 P99.9: 1400.00 P99.99: 1569.01
------------------------------------------------------
[     180,     200 )     397  39.700%  39.700% ########
[     200,     250 )     593  59.300%  99.000% ############
[     250,     300 )       7   0.700%  99.700% 
[     350,     400 )       1   0.100%  99.800% 
[     600,     700 )       1   0.100%  99.900% 
[    1400,    1600 )       1   0.100% 100.000% 


Avg CPU utilization (percent): -nan

