fieldlength: 4072
recordcount: 6553600
oks: 100000
oks: 100000
oks: 100000
oks: 100000
oks: 100000
oks: 100000
oks: 100000
oks: 100000
oks: 200000
oks: 200000
oks: 200000
oks: 200000
oks: 200000
oks: 200000
oks: 200000
oks: 200000
oks: 300000
oks: 300000
oks: 300000
oks: 300000
oks: 300000
oks: 300000
oks: 300000
oks: 300000
oks: 400000
oks: 400000
oks: 400000
oks: 400000
oks: 400000
oks: 400000
oks: 400000
oks: 400000
oks: 500000
oks: 500000
oks: 500000
oks: 500000
oks: 500000
oks: 500000
oks: 500000
oks: 500000
oks: 600000
oks: 600000
oks: 600000
oks: 600000
oks: 600000
oks: 600000
oks: 600000
oks: 600000
oks: 700000
oks: 700000
oks: 700000
oks: 700000
oks: 700000
oks: 700000
oks: 700000
oks: 700000
oks: 800000
oks: 800000
oks: 800000
oks: 800000
oks: 800000
oks: 800000
oks: 800000
oks: 800000

rocksdb	workloads/motivation.spec	8
# Load duration (sec): 390.751
# Loading records:	6553600
# Load throughput (KOPS): 16.7718
Count: 6553600  Average: 474.7096  StdDev: 110.72
Percentiles(us): P50: 449.68 P90: 640.32 P99: 737.93 P99.9: 819.75 P99.99: 1898.92
------------------------------------------------------
[     140,     160 )    1183   0.018%   0.018% 
[     160,     180 )    3386   0.052%   0.070% 
[     180,     200 )     337   0.005%   0.075% 
[     200,     250 )    9783   0.149%   0.224% 
[     250,     300 )   59640   0.910%   1.134% 
[     300,     350 )  557457   8.506%   9.640% ##
[     350,     400 ) 1431713  21.846%  31.486% ####
[     400,     450 ) 1221069  18.632%  50.119% ####
[     450,     500 )  691937  10.558%  60.677% ##
[     500,     600 ) 1547224  23.609%  84.285% #####
[     600,     700 )  928915  14.174%  98.460% ###
[     700,     800 )   93372   1.425%  99.884% 
[     800,     900 )    5218   0.080%  99.964% 
[     900,    1000 )     639   0.010%  99.974% 
[    1000,    1200 )     340   0.005%  99.979% 
[    1200,    1400 )     270   0.004%  99.983% 
[    1400,    1600 )     215   0.003%  99.986% 
[    1600,    1800 )     168   0.003%  99.989% 
[    1800,    2000 )     159   0.002%  99.991% 
[    2000,    2500 )     276   0.004%  99.995% 
[    2500,    3000 )     126   0.002%  99.997% 
[    3000,    3500 )      53   0.001%  99.998% 
[    3500,    4000 )      61   0.001%  99.999% 
[    4000,    4500 )      28   0.000% 100.000% 
[    4500,    5000 )       8   0.000% 100.000% 
[    5000,    6000 )       8   0.000% 100.000% 
[    6000,    7000 )      14   0.000% 100.000% 
[   12000,   14000 )       1   0.000% 100.000% 

Waiting 30s before performing transactions......

Avg CPU utilization (percent): 156.35

Starting performing transactions......

# Run duration (ms): 0.0616612
# Run operations:	1000
# Run throughput (KOPS): 16.2176
Count: 1000  Average: 487.4105  StdDev: 115.02
Percentiles(us): P50: 494.53 P90: 648.78 P99: 754.55 P99.9: 972.43 P99.99: 972.43
------------------------------------------------------
[     180,     200 )       1   0.100%   0.100% 
[     200,     250 )       3   0.300%   0.400% 
[     250,     300 )       3   0.300%   0.700% 
[     300,     350 )     108  10.800%  11.500% ##
[     350,     400 )     206  20.600%  32.100% ####
[     400,     450 )     122  12.200%  44.300% ##
[     450,     500 )      64   6.400%  50.700% #
[     500,     600 )     313  31.300%  82.000% ######
[     600,     700 )     164  16.400%  98.400% ###
[     700,     800 )      11   1.100%  99.500% 
[     900,    1000 )       5   0.500% 100.000% 

