15.8
533
1126
1427
1613
1748
1848
1924
1984
2031
2071
2103
2135
2163
2136
2156
2176
2192
2208
2221
2233
2244
2257
2268
2278
2287
2293
2301
2307
2313
2319
2324
2330
2337
2320
2327
2332
2336
2340
2343
2348
2351
2355
2358
2362
2367
2370
2373
2377
2381
2383
2386
2387
2389
2378
2381
2384
2386
2389
2392
2392
2393
2397
2399
2400
2402
2405
2407
2409
2410
2413
2414
2416
2417
2408
2410
2411
2413
2414
2417
2418
2420
2422
2423
2423
2425
2427
2428
2430
2432
2432
2433
2435
2435
2437
2430
2430
2432
2434
2434
2435
2436
2437
2439
2439
2440
2441
2442
2442
2444
2445
2446
2446
2447
2447
2442
2443
2444
2445
2445
2447
2447
2447
2448
2448
2450
2451
2452
2452
2452
2453
2454
2456
2456
2456
2451
2451
2452
2453
2454
2455
2455
2455
2455
2456
2456
2457
2459
2459
2459
2459
2460
2460
