[OVERALL], RunTime(ms), 183451
[OVERALL], Throughput(ops/sec), 5451.046873552065
[TOTAL_GCS_PS_Scavenge], Count, 5
[TOTAL_GC_TIME_PS_Scavenge], Time(ms), 361
[TOTAL_GC_TIME_%_PS_Scavenge], Time(%), 0.1967827921352296
[TOTAL_GCS_PS_MarkSweep], Count, 0
[TOTAL_GC_TIME_PS_MarkSweep], Time(ms), 0
[TOTAL_GC_TIME_%_PS_MarkSweep], Time(%), 0.0
[TOTAL_GCs], Count, 5
[TOTAL_GC_TIME], Time(ms), 361
[TOTAL_GC_TIME_%], Time(%), 0.1967827921352296
[READ], Operations, 617665
[READ], AverageLatency(us), 705.5069495600366
[READ], MinLatency(us), 88
[READ], MaxLatency(us), 98943
[READ], 95thPercentileLatency(us), 1490
[READ], 99thPercentileLatency(us), 1970
[READ], Return=OK, 617665
[CLEANUP], Operations, 32
[CLEANUP], AverageLatency(us), 71586.125
[CLEANUP], MinLatency(us), 1
[CLEANUP], MaxLatency(us), 2291711
[CLEANUP], 95thPercentileLatency(us), 11
[CLEANUP], 99thPercentileLatency(us), 2291711
[INSERT], Operations, 382335
[INSERT], AverageLatency(us), 1403.866378960859
[INSERT], MinLatency(us), 129
[INSERT], MaxLatency(us), 99519
[INSERT], 95thPercentileLatency(us), 3427
[INSERT], 99thPercentileLatency(us), 5155
[INSERT], Return=OK, 382335
