[OVERALL], RunTime(ms), 17927
[OVERALL], Throughput(ops/sec), 55781.781670106546
[TOTAL_GCS_PS_Scavenge], Count, 1
[TOTAL_GC_TIME_PS_Scavenge], Time(ms), 50
[TOTAL_GC_TIME_%_PS_Scavenge], Time(%), 0.2789089083505327
[TOTAL_GCS_PS_MarkSweep], Count, 0
[TOTAL_GC_TIME_PS_MarkSweep], Time(ms), 0
[TOTAL_GC_TIME_%_PS_MarkSweep], Time(%), 0.0
[TOTAL_GCs], Count, 1
[TOTAL_GC_TIME], Time(ms), 50
[TOTAL_GC_TIME_%], Time(%), 0.2789089083505327
[READ], Operations, 786208
[READ], AverageLatency(us), 421.62904091538115
[READ], MinLatency(us), 64
[READ], MaxLatency(us), 88511
[READ], 95thPercentileLatency(us), 1092
[READ], 99thPercentileLatency(us), 1339
[READ], Return=OK, 786208
[CLEANUP], Operations, 32
[CLEANUP], AverageLatency(us), 69985.28125
[CLEANUP], MinLatency(us), 0
[CLEANUP], MaxLatency(us), 2240511
[CLEANUP], 95thPercentileLatency(us), 6
[CLEANUP], 99thPercentileLatency(us), 2240511
[INSERT], Operations, 213792
[INSERT], AverageLatency(us), 692.1798710896572
[INSERT], MinLatency(us), 120
[INSERT], MaxLatency(us), 88767
[INSERT], 95thPercentileLatency(us), 1228
[INSERT], 99thPercentileLatency(us), 1438
[INSERT], Return=OK, 213792
