[OVERALL], RunTime(ms), 27160
[OVERALL], Throughput(ops/sec), 36818.85125184094
[TOTAL_GCS_PS_Scavenge], Count, 1
[TOTAL_GC_TIME_PS_Scavenge], Time(ms), 39
[TOTAL_GC_TIME_%_PS_Scavenge], Time(%), 0.1435935198821797
[TOTAL_GCS_PS_MarkSweep], Count, 0
[TOTAL_GC_TIME_PS_MarkSweep], Time(ms), 0
[TOTAL_GC_TIME_%_PS_MarkSweep], Time(%), 0.0
[TOTAL_GCs], Count, 1
[TOTAL_GC_TIME], Time(ms), 39
[TOTAL_GC_TIME_%], Time(%), 0.1435935198821797
[CLEANUP], Operations, 32
[CLEANUP], AverageLatency(us), 69986.4375
[CLEANUP], MinLatency(us), 0
[CLEANUP], MaxLatency(us), 2240511
[CLEANUP], 95thPercentileLatency(us), 47
[CLEANUP], 99thPercentileLatency(us), 2240511
[INSERT], Operations, 1000000
[INSERT], AverageLatency(us), 772.534076
[INSERT], MinLatency(us), 118
[INSERT], MaxLatency(us), 202239
[INSERT], 95thPercentileLatency(us), 1393
[INSERT], 99thPercentileLatency(us), 1651
[INSERT], Return=OK, 1000000
