[OVERALL], RunTime(ms), 30668
[OVERALL], Throughput(ops/sec), 32607.2779444372
[TOTAL_GCS_PS_Scavenge], Count, 2
[TOTAL_GC_TIME_PS_Scavenge], Time(ms), 133
[TOTAL_GC_TIME_%_PS_Scavenge], Time(%), 0.4336767966610147
[TOTAL_GCS_PS_MarkSweep], Count, 0
[TOTAL_GC_TIME_PS_MarkSweep], Time(ms), 0
[TOTAL_GC_TIME_%_PS_MarkSweep], Time(%), 0.0
[TOTAL_GCs], Count, 2
[TOTAL_GC_TIME], Time(ms), 133
[TOTAL_GC_TIME_%], Time(%), 0.4336767966610147
[READ], Operations, 210743
[READ], AverageLatency(us), 628.5168902407197
[READ], MinLatency(us), 85
[READ], MaxLatency(us), 130175
[READ], 95thPercentileLatency(us), 1356
[READ], 99thPercentileLatency(us), 1652
[READ], Return=OK, 210743
[CLEANUP], Operations, 32
[CLEANUP], AverageLatency(us), 72545.53125
[CLEANUP], MinLatency(us), 1
[CLEANUP], MaxLatency(us), 2322431
[CLEANUP], 95thPercentileLatency(us), 15
[CLEANUP], 99thPercentileLatency(us), 2322431
[INSERT], Operations, 789257
[INSERT], AverageLatency(us), 781.5889944593459
[INSERT], MinLatency(us), 115
[INSERT], MaxLatency(us), 130175
[INSERT], 95thPercentileLatency(us), 1452
[INSERT], 99thPercentileLatency(us), 1821
[INSERT], Return=OK, 789257
