[OVERALL], RunTime(ms), 24646
[OVERALL], Throughput(ops/sec), 40574.535421569424
[TOTAL_GCS_PS_Scavenge], Count, 1
[TOTAL_GC_TIME_PS_Scavenge], Time(ms), 44
[TOTAL_GC_TIME_%_PS_Scavenge], Time(%), 0.17852795585490544
[TOTAL_GCS_PS_MarkSweep], Count, 0
[TOTAL_GC_TIME_PS_MarkSweep], Time(ms), 0
[TOTAL_GC_TIME_%_PS_MarkSweep], Time(%), 0.0
[TOTAL_GCs], Count, 1
[TOTAL_GC_TIME], Time(ms), 44
[TOTAL_GC_TIME_%], Time(%), 0.17852795585490544
[READ], Operations, 57734
[READ], AverageLatency(us), 537.4266290227596
[READ], MinLatency(us), 85
[READ], MaxLatency(us), 84799
[READ], 95thPercentileLatency(us), 1302
[READ], 99thPercentileLatency(us), 1603
[READ], Return=OK, 57734
[CLEANUP], Operations, 32
[CLEANUP], AverageLatency(us), 70306.3125
[CLEANUP], MinLatency(us), 0
[CLEANUP], MaxLatency(us), 2250751
[CLEANUP], 95thPercentileLatency(us), 43
[CLEANUP], 99thPercentileLatency(us), 2250751
[INSERT], Operations, 942266
[INSERT], AverageLatency(us), 705.5267695109449
[INSERT], MinLatency(us), 111
[INSERT], MaxLatency(us), 85439
[INSERT], 95thPercentileLatency(us), 1403
[INSERT], 99thPercentileLatency(us), 1633
[INSERT], Return=OK, 942266
