[OVERALL], RunTime(ms), 25522
[OVERALL], Throughput(ops/sec), 39181.882297625576
[TOTAL_GCS_PS_Scavenge], Count, 1
[TOTAL_GC_TIME_PS_Scavenge], Time(ms), 40
[TOTAL_GC_TIME_%_PS_Scavenge], Time(%), 0.1567275291905023
[TOTAL_GCS_PS_MarkSweep], Count, 0
[TOTAL_GC_TIME_PS_MarkSweep], Time(ms), 0
[TOTAL_GC_TIME_%_PS_MarkSweep], Time(%), 0.0
[TOTAL_GCs], Count, 1
[TOTAL_GC_TIME], Time(ms), 40
[TOTAL_GC_TIME_%], Time(%), 0.1567275291905023
[CLEANUP], Operations, 32
[CLEANUP], AverageLatency(us), 70177.8125
[CLEANUP], MinLatency(us), 0
[CLEANUP], MaxLatency(us), 2246655
[CLEANUP], 95thPercentileLatency(us), 27
[CLEANUP], 99thPercentileLatency(us), 2246655
[INSERT], Operations, 1000000
[INSERT], AverageLatency(us), 719.106842
[INSERT], MinLatency(us), 116
[INSERT], MaxLatency(us), 206975
[INSERT], 95thPercentileLatency(us), 1435
[INSERT], 99thPercentileLatency(us), 1711
[INSERT], Return=OK, 1000000
