[OVERALL], RunTime(ms), 42547
[OVERALL], Throughput(ops/sec), 23503.419747573273
[TOTAL_GCS_PS_Scavenge], Count, 2
[TOTAL_GC_TIME_PS_Scavenge], Time(ms), 99
[TOTAL_GC_TIME_%_PS_Scavenge], Time(%), 0.23268385550097537
[TOTAL_GCS_PS_MarkSweep], Count, 0
[TOTAL_GC_TIME_PS_MarkSweep], Time(ms), 0
[TOTAL_GC_TIME_%_PS_MarkSweep], Time(%), 0.0
[TOTAL_GCs], Count, 2
[TOTAL_GC_TIME], Time(ms), 99
[TOTAL_GC_TIME_%], Time(%), 0.23268385550097537
[CLEANUP], Operations, 32
[CLEANUP], AverageLatency(us), 71841.84375
[CLEANUP], MinLatency(us), 1
[CLEANUP], MaxLatency(us), 2299903
[CLEANUP], 95thPercentileLatency(us), 25
[CLEANUP], 99thPercentileLatency(us), 2299903
[INSERT], Operations, 1000000
[INSERT], AverageLatency(us), 770.309273
[INSERT], MinLatency(us), 112
[INSERT], MaxLatency(us), 225407
[INSERT], 95thPercentileLatency(us), 1437
[INSERT], 99thPercentileLatency(us), 1863
[INSERT], Return=OK, 1000000
