[OVERALL], RunTime(ms), 25628
[OVERALL], Throughput(ops/sec), 39019.822069611364
[TOTAL_GCS_PS_Scavenge], Count, 1
[TOTAL_GC_TIME_PS_Scavenge], Time(ms), 45
[TOTAL_GC_TIME_%_PS_Scavenge], Time(%), 0.17558919931325112
[TOTAL_GCS_PS_MarkSweep], Count, 0
[TOTAL_GC_TIME_PS_MarkSweep], Time(ms), 0
[TOTAL_GC_TIME_%_PS_MarkSweep], Time(%), 0.0
[TOTAL_GCs], Count, 1
[TOTAL_GC_TIME], Time(ms), 45
[TOTAL_GC_TIME_%], Time(%), 0.17558919931325112
[CLEANUP], Operations, 32
[CLEANUP], AverageLatency(us), 69793.40625
[CLEANUP], MinLatency(us), 0
[CLEANUP], MaxLatency(us), 2234367
[CLEANUP], 95thPercentileLatency(us), 13
[CLEANUP], 99thPercentileLatency(us), 2234367
[INSERT], Operations, 1000000
[INSERT], AverageLatency(us), 726.406844
[INSERT], MinLatency(us), 113
[INSERT], MaxLatency(us), 202495
[INSERT], 95thPercentileLatency(us), 1376
[INSERT], 99thPercentileLatency(us), 1614
[INSERT], Return=OK, 1000000
