320.5
319.1
317.1
315
313.9
311.7
309.5
308.4
306.2
305.1
303
301.8
299.8
298.7
296.6
295.4
294.3
292.1
291
288.9
287.5
285.4
284.3
283.2
282.1
280
278.9
277.8
276.7
275.6
274.5
272.4
271.3
270.3
269.2
268.1
267
265.9
264.9
263.8
262.7
261.6
260.5
259.5
259.5
258.4
258.4
257.4
257.3
256.2
255.2
254.1
253
252
250.9
250.8
249.8
248.7
247.6
246.6
245.5
245.4
244.3
243.2
242.2
241.1
241.1
240
238.9
237.9
237.8
236.7
235.6
234.6
234.6
233.5
232.5
231.3
231.2
230.1
229
229
227.9
226.9
226.8
226.8
226.8
225.8
225.8
225.7
225.7
224.7
224.6
223.6
223.5
222.5
222.5
221.4
221.4
220.3
219.2
219.2
218.1
218.1
217
217
216
215.9
214.9
213.8
213.8
212.7
212.6
211.6
211.6
210.5
210.5
209.5
209.4
208.4
