/usr/bin/java -Xmx64G -XX:MaxDirectMemorySize=64G -classpath /root/YCSB/conf:/root/YCSB/core/target/core-0.18.0-SNAPSHOT.jar:/root/YCSB/rocksdb/target/rocksdb-binding-0.18.0-SNAPSHOT.jar:/root/YCSB/rocksdb/target/dependency/HdrHistogram-2.1.4.jar:/root/YCSB/rocksdb/target/dependency/animal-sniffer-annotations-1.19.jar:/root/YCSB/rocksdb/target/dependency/annotations-4.1.1.4.jar:/root/YCSB/rocksdb/target/dependency/checker-compat-qual-2.5.5.jar:/root/YCSB/rocksdb/target/dependency/error_prone_annotations-2.4.0.jar:/root/YCSB/rocksdb/target/dependency/failureaccess-1.0.1.jar:/root/YCSB/rocksdb/target/dependency/grpc-api-1.37.1.jar:/root/YCSB/rocksdb/target/dependency/grpc-context-1.37.1.jar:/root/YCSB/rocksdb/target/dependency/grpc-core-1.37.1.jar:/root/YCSB/rocksdb/target/dependency/grpc-netty-shaded-1.37.1.jar:/root/YCSB/rocksdb/target/dependency/grpc-protobuf-1.37.1.jar:/root/YCSB/rocksdb/target/dependency/grpc-protobuf-lite-1.37.1.jar:/root/YCSB/rocksdb/target/dependency/grpc-stub-1.37.1.jar:/root/YCSB/rocksdb/target/dependency/gson-2.8.6.jar:/root/YCSB/rocksdb/target/dependency/guava-30.0-android.jar:/root/YCSB/rocksdb/target/dependency/htrace-core4-4.1.0-incubating.jar:/root/YCSB/rocksdb/target/dependency/j2objc-annotations-1.3.jar:/root/YCSB/rocksdb/target/dependency/jcip-annotations-1.0.jar:/root/YCSB/rocksdb/target/dependency/jsr305-3.0.2.jar:/root/YCSB/rocksdb/target/dependency/listenablefuture-9999.0-empty-to-avoid-conflict-with-guava.jar:/root/YCSB/rocksdb/target/dependency/perfmark-api-0.23.0.jar:/root/YCSB/rocksdb/target/dependency/proto-google-common-protos-2.0.1.jar:/root/YCSB/rocksdb/target/dependency/protobuf-java-3.12.0.jar:/root/YCSB/rocksdb/target/dependency/rocksdbjni-6.14.0.jar:/root/YCSB/rocksdb/target/dependency/slf4j-api-1.7.25.jar:/root/YCSB/rocksdb/target/dependency/slf4j-simple-1.7.25.jar site.ycsb.db.rocksdb.Replicator  -db site.ycsb.db.rocksdb.RocksDBClient -s -P workloads/workloadc -p port=50040 -p shard=3 -p client=2 -p head0=10.10.1.2:50050 -p tail0=10.10.1.4:50050 -p head1=10.10.1.3:50051 -p tail1=10.10.1.2:50051 -p head2=10.10.1.4:50052 -p tail2=10.10.1.3:50052 -p replica=3
Command line: -db site.ycsb.db.rocksdb.RocksDBClient -s -P workloads/workloadc -p port=50040 -p shard=3 -p client=2 -p head0=10.10.1.2:50050 -p tail0=10.10.1.4:50050 -p head1=10.10.1.3:50051 -p tail1=10.10.1.2:50051 -p head2=10.10.1.4:50052 -p tail2=10.10.1.3:50052 -p replica=3
[main] INFO site.ycsb.db.rocksdb.Replicator - Server started, listening on 50040
Detecting ssh root@10.10.1.4 "while true; do     if  ps aux | grep 'db_node 50050' | grep -v grep > /dev/null; then       break;     fi;     sleep 1; done"
Detecting ssh root@10.10.1.2 "while true; do     if  ps aux | grep 'db_node 50051' | grep -v grep > /dev/null; then       break;     fi;     sleep 1; done"
Detecting ssh root@10.10.1.3 "while true; do     if  ps aux | grep 'db_node 50052' | grep -v grep > /dev/null; then       break;     fi;     sleep 1; done"
Detected shard 0 alive true on 10.10.1.4 with code 0
Detecting ssh root@10.10.1.4 "while true; do     if ! ps aux | grep 'db_node 50050' | grep -v grep > /dev/null; then       break;     fi;     sleep 1; done"
Detected shard 2 alive true on 10.10.1.3 with code 0
Detecting ssh root@10.10.1.3 "while true; do     if ! ps aux | grep 'db_node 50052' | grep -v grep > /dev/null; then       break;     fi;     sleep 1; done"
Detected shard 1 alive true on 10.10.1.2 with code 0
Detecting ssh root@10.10.1.2 "while true; do     if ! ps aux | grep 'db_node 50051' | grep -v grep > /dev/null; then       break;     fi;     sleep 1; done"
observerMap[2] [0] [1] changes from null to io.grpc.stub.ServerCalls$ServerCallStreamObserverImpl@442f155c
observerMap[2] [1] [1] changes from null to io.grpc.stub.ServerCalls$ServerCallStreamObserverImpl@6858b2c9
observerAccumulator 1 shard 2
observerAccumulator 2 shard 2
observerMap[0] [0] [1] changes from null to io.grpc.stub.ServerCalls$ServerCallStreamObserverImpl@2f963fd3
observerMap[0] [1] [1] changes from null to io.grpc.stub.ServerCalls$ServerCallStreamObserverImpl@101300d1
observerAccumulator 3 shard 0
observerAccumulator 4 shard 0
observerMap[1] [1] [1] changes from null to io.grpc.stub.ServerCalls$ServerCallStreamObserverImpl@6b8f0fac
observerAccumulator 5 shard 1
observerMap[1] [0] [1] changes from null to io.grpc.stub.ServerCalls$ServerCallStreamObserverImpl@72385448
observerAccumulator 6 shard 1
observerMap[0] [1] [1] changes from io.grpc.stub.ServerCalls$ServerCallStreamObserverImpl@101300d1 to io.grpc.stub.ServerCalls$ServerCallStreamObserverImpl@66f954fa
observerMap[1] [1] [1] changes from io.grpc.stub.ServerCalls$ServerCallStreamObserverImpl@6b8f0fac to io.grpc.stub.ServerCalls$ServerCallStreamObserverImpl@18a71046
observerMap[2] [1] [1] changes from io.grpc.stub.ServerCalls$ServerCallStreamObserverImpl@6858b2c9 to io.grpc.stub.ServerCalls$ServerCallStreamObserverImpl@7278f7bf
observerMap[1] [1] [1] changes from io.grpc.stub.ServerCalls$ServerCallStreamObserverImpl@18a71046 to io.grpc.stub.ServerCalls$ServerCallStreamObserverImpl@6b8f0fac
observerMap[2] [1] [1] changes from io.grpc.stub.ServerCalls$ServerCallStreamObserverImpl@7278f7bf to io.grpc.stub.ServerCalls$ServerCallStreamObserverImpl@6858b2c9
observerAccumulator 8 shard 1
observerAccumulator 9 shard 2
observerAccumulator 8 shard 0
headObserver.onCompleted shard: 1 client: 1 write:true 2025-08-10 20:53:54.285
headObserver.onCompleted shard: 0 client: 1 write:true 2025-08-10 20:53:54.285
headObserver.onCompleted shard: 1 client: 1 write:true 2025-08-10 20:53:54.285
dumbObserver.onCompleted shard: 1 client: 1 write:true 2025-08-10 20:53:54.286
sendReply.onError shard: 0 client: 1 write:true 2025-08-10 20:53:54.286
sendReply.onError shard: 2 client: 1 write:true 2025-08-10 20:53:54.287
[grpc-default-executor-31] ERROR site.ycsb.db.rocksdb.Replicator - Encountered error in sendReply
[grpc-default-executor-23] ERROR site.ycsb.db.rocksdb.Replicator - Encountered error in sendReplydumbObserver.onError shard: 0 client: 1 write:true 2025-08-10 20:53:54.288

dumbObserver.onError shard: 1 client: 1 write:true 2025-08-10 20:53:54.29
dumbObserver.onCompleted shard: 0 client: 1 write:true 2025-08-10 20:53:54.286
sendReply.onError shard: -1 client: -1 write:false 2025-08-10 20:53:54.286
[grpc-default-executor-26] ERROR site.ycsb.db.rocksdb.Replicator - Encountered error in sendReplyheadObserver.onCompleted shard: 2 client: 1 write:true 2025-08-10 20:53:54.285

sendReply.onError shard: -1 client: -1 write:false 2025-08-10 20:53:54.286
io.grpc.StatusRuntimeException: CANCELLED: client cancelled
sendReply.onError shard: -1 client: -1 write:false 2025-08-10 20:53:54.286
headObserver.onCompleted shard: 2 client: 1 write:true 2025-08-10 20:53:54.285
dumbObserver.onCompleted shard: 2 client: 1 write:true 2025-08-10 20:53:54.286
dumbObserver.onCompleted shard: 2 client: 1 write:true 2025-08-10 20:53:54.288
headObserver.onCompleted shard: 0 client: 1 write:true 2025-08-10 20:53:54.285
	at io.grpc.Status.asRuntimeException(Status.java:526)
	at io.grpc.stub.ServerCalls$StreamingServerCallHandler$StreamingServerCallListener.onCancel(ServerCalls.java:284)
	at io.grpc.internal.ServerCallImpl$ServerStreamListenerImpl.closedInternal(ServerCallImpl.java:353)
	at io.grpc.internal.ServerCallImpl$ServerStreamListenerImpl.closed(ServerCallImpl.java:341)
	at io.grpc.internal.ServerImpl$JumpToApplicationThreadServerStreamListener$1Closed.runInContext(ServerImpl.java:844)
	at io.grpc.internal.ContextRunnable.run(ContextRunnable.java:37)
	at io.grpc.internal.SerializingExecutor.run(SerializingExecutor.java:123)
	at java.base/java.util.concurrent.ThreadPoolExecutor.runWorker(ThreadPoolExecutor.java:1128)
	at java.base/java.util.concurrent.ThreadPoolExecutor$Worker.run(ThreadPoolExecutor.java:628)
	at java.base/java.lang.Thread.run(Thread.java:829)
io.grpc.StatusRuntimeException: CANCELLED: client cancelled
	at io.grpc.Status.asRuntimeException(Status.java:526)
	at io.grpc.stub.ServerCalls$StreamingServerCallHandler$StreamingServerCallListener.onCancel(ServerCalls.java:284)
	at io.grpc.internal.ServerCallImpl$ServerStreamListenerImpl.closedInternal(ServerCallImpl.java:353)
	at io.grpc.internal.ServerCallImpl$ServerStreamListenerImpl.closed(ServerCallImpl.java:341)
	at io.grpc.internal.ServerImpl$JumpToApplicationThreadServerStreamListener$1Closed.runInContext(ServerImpl.java:844)
	at io.grpc.internal.ContextRunnable.run(ContextRunnable.java:37)
	at io.grpc.internal.SerializingExecutor.run(SerializingExecutor.java:123)
	at java.base/java.util.concurrent.ThreadPoolExecutor.runWorker(ThreadPoolExecutor.java:1128)
	at java.base/java.util.concurrent.ThreadPoolExecutor$Worker.run(ThreadPoolExecutor.java:628)
	at java.base/java.lang.Thread.run(Thread.java:829)
[grpc-default-executor-24] ERROR site.ycsb.db.rocksdb.Replicator - Encountered error in sendReply
[grpc-default-executor-25] ERROR site.ycsb.db.rocksdb.Replicator - Encountered error in sendReply
io.grpc.StatusRuntimeException: CANCELLED: client cancelled
	at io.grpc.Status.asRuntimeException(Status.java:526)
	at io.grpc.stub.ServerCalls$StreamingServerCallHandler$StreamingServerCallListener.onCancel(ServerCalls.java:284)
	at io.grpc.internal.ServerCallImpl$ServerStreamListenerImpl.closedInternal(ServerCallImpl.java:353)
	at io.grpc.internal.ServerCallImpl$ServerStreamListenerImpl.closed(ServerCallImpl.java:341)
	at io.grpc.internal.ServerImpl$JumpToApplicationThreadServerStreamListener$1Closed.runInContext(ServerImpl.java:844)
	at io.grpc.internal.ContextRunnable.run(ContextRunnable.java:37)
	at io.grpc.internal.SerializingExecutor.run(SerializingExecutor.java:123)
	at java.base/java.util.concurrent.ThreadPoolExecutor.runWorker(ThreadPoolExecutor.java:1128)
	at java.base/java.util.concurrent.ThreadPoolExecutor$Worker.run(ThreadPoolExecutor.java:628)
	at java.base/java.lang.Thread.run(Thread.java:829)
io.grpc.StatusRuntimeException: CANCELLED: client cancelled
sendReply.onError shard: 1 client: 1 write:true 2025-08-10 20:53:54.296	at io.grpc.Status.asRuntimeException(Status.java:526)

	at io.grpc.stub.ServerCalls$StreamingServerCallHandler$StreamingServerCallListener.onCancel(ServerCalls.java:284)
	at io.grpc.internal.ServerCallImpl$ServerStreamListenerImpl.closedInternal(ServerCallImpl.java:353)
	at io.grpc.internal.ServerCallImpl$ServerStreamListenerImpl.closed(ServerCallImpl.java:341)
	at io.grpc.internal.ServerImpl$JumpToApplicationThreadServerStreamListener$1Closed.runInContext(ServerImpl.java:844)
	at io.grpc.internal.ContextRunnable.run(ContextRunnable.java:37)
	at io.grpc.internal.SerializingExecutor.run(SerializingExecutor.java:123)
	at java.base/java.util.concurrent.ThreadPoolExecutor.runWorker(ThreadPoolExecutor.java:1128)
	at java.base/java.util.concurrent.ThreadPoolExecutor$Worker.run(ThreadPoolExecutor.java:628)
	at java.base/java.lang.Thread.run(Thread.java:829)
[grpc-default-executor-31] ERROR site.ycsb.db.rocksdb.Replicator - Encountered error in sendReply
io.grpc.StatusRuntimeException: CANCELLED: client cancelled
	at io.grpc.Status.asRuntimeException(Status.java:526)
	at io.grpc.stub.ServerCalls$StreamingServerCallHandler$StreamingServerCallListener.onCancel(ServerCalls.java:284)
	at io.grpc.internal.ServerCallImpl$ServerStreamListenerImpl.closedInternal(ServerCallImpl.java:353)
	at io.grpc.internal.ServerCallImpl$ServerStreamListenerImpl.closed(ServerCallImpl.java:341)
	at io.grpc.internal.ServerImpl$JumpToApplicationThreadServerStreamListener$1Closed.runInContext(ServerImpl.java:844)
	at io.grpc.internal.ContextRunnable.run(ContextRunnable.java:37)
	at io.grpc.internal.SerializingExecutor.run(SerializingExecutor.java:123)
	at java.base/java.util.concurrent.ThreadPoolExecutor.runWorker(ThreadPoolExecutor.java:1128)
	at java.base/java.util.concurrent.ThreadPoolExecutor$Worker.run(ThreadPoolExecutor.java:628)
	at java.base/java.lang.Thread.run(Thread.java:829)
io.grpc.StatusRuntimeException: CANCELLED: client cancelled
	at io.grpc.Status.asRuntimeException(Status.java:526)
	at io.grpc.stub.ServerCalls$StreamingServerCallHandler$StreamingServerCallListener.onCancel(ServerCalls.java:284)
	at io.grpc.internal.ServerCallImpl$ServerStreamListenerImpl.closedInternal(ServerCallImpl.java:353)
	at io.grpc.internal.ServerCallImpl$ServerStreamListenerImpl.closed(ServerCallImpl.java:341)
	at io.grpc.internal.ServerImpl$JumpToApplicationThreadServerStreamListener$1Closed.runInContext(ServerImpl.java:844)
	at io.grpc.internal.ContextRunnable.run(ContextRunnable.java:37)
	at io.grpc.internal.SerializingExecutor.run(SerializingExecutor.java:123)
	at java.base/java.util.concurrent.ThreadPoolExecutor.runWorker(ThreadPoolExecutor.java:1128)
	at java.base/java.util.concurrent.ThreadPoolExecutor$Worker.run(ThreadPoolExecutor.java:628)
	at java.base/java.lang.Thread.run(Thread.java:829)
observerMap[0] [0] [1] changes from io.grpc.stub.ServerCalls$ServerCallStreamObserverImpl@2f963fd3 to io.grpc.stub.ServerCalls$ServerCallStreamObserverImpl@ab66620
observerMap[1] [0] [1] changes from io.grpc.stub.ServerCalls$ServerCallStreamObserverImpl@72385448 to io.grpc.stub.ServerCalls$ServerCallStreamObserverImpl@b846c76
observerMap[2] [0] [1] changes from io.grpc.stub.ServerCalls$ServerCallStreamObserverImpl@442f155c to io.grpc.stub.ServerCalls$ServerCallStreamObserverImpl@51ab1c3c
observerAccumulator 12 shard 0
observerAccumulator 12 shard 1
observerAccumulator 12 shard 2
headObserver.onCompleted shard: 0 client: 0 write:true 2025-08-10 20:53:56.672
headObserver.onCompleted shard: 2 client: 0 write:true 2025-08-10 20:53:56.673
headObserver.onCompleted shard: 0 client: 0 write:true 2025-08-10 20:53:56.673
headObserver.onCompleted shard: 1 client: 0 write:true 2025-08-10 20:53:56.673
headObserver.onCompleted shard: 1 client: 0 write:true 2025-08-10 20:53:56.673
headObserver.onCompleted shard: 2 client: 0 write:true 2025-08-10 20:53:56.673
sendReply.onError shard: 1 client: 0 write:true 2025-08-10 20:53:56.673
[grpc-default-executor-24] ERROR site.ycsb.db.rocksdb.Replicator - Encountered error in sendReply
io.grpc.StatusRuntimeException: CANCELLED: client cancelled
	at io.grpc.Status.asRuntimeException(Status.java:526)
	at io.grpc.stub.ServerCalls$StreamingServerCallHandler$StreamingServerCallListener.onCancel(ServerCalls.java:284)
	at io.grpc.internal.ServerCallImpl$ServerStreamListenerImpl.closedInternal(ServerCallImpl.java:353)
	at io.grpc.internal.ServerCallImpl$ServerStreamListenerImpl.closed(ServerCallImpl.java:341)
	at io.grpc.internal.ServerImpl$JumpToApplicationThreadServerStreamListener$1Closed.runInContext(ServerImpl.java:844)
	at io.grpc.internal.ContextRunnable.run(ContextRunnable.java:37)
	at io.grpc.internal.SerializingExecutor.run(SerializingExecutor.java:123)
dumbObserver.onCompleted shard: 1 client: 0 write:true 2025-08-10 20:53:56.673	at java.base/java.util.concurrent.ThreadPoolExecutor.runWorker(ThreadPoolExecutor.java:1128)

	at java.base/java.util.concurrent.ThreadPoolExecutor$Worker.run(ThreadPoolExecutor.java:628)
	at java.base/java.lang.Thread.run(Thread.java:829)
sendReply.onError shard: -1 client: -1 write:false 2025-08-10 20:53:56.674
[grpc-default-executor-25] ERROR site.ycsb.db.rocksdb.Replicator - Encountered error in sendReplysendReply.onError shard: 2 client: 0 write:true 2025-08-10 20:53:56.674

[grpc-default-executor-24] ERROR site.ycsb.db.rocksdb.Replicator - Encountered error in sendReply
sendReply.onError shard: 0 client: 0 write:true 2025-08-10 20:53:56.674
io.grpc.StatusRuntimeException: CANCELLED: client cancelled
	at io.grpc.Status.asRuntimeException(Status.java:526)
	at io.grpc.stub.ServerCalls$StreamingServerCallHandler$StreamingServerCallListener.onCancel(ServerCalls.java:284)
	at io.grpc.internal.ServerCallImpl$ServerStreamListenerImpl.closedInternal(ServerCallImpl.java:353)
	at io.grpc.internal.ServerCallImpl$ServerStreamListenerImpl.closed(ServerCallImpl.java:341)
	at io.grpc.internal.ServerImpl$JumpToApplicationThreadServerStreamListener$1Closed.runInContext(ServerImpl.java:844)
	at io.grpc.internal.ContextRunnable.run(ContextRunnable.java:37)
	at io.grpc.internal.SerializingExecutor.run(SerializingExecutor.java:123)
	at java.base/java.util.concurrent.ThreadPoolExecutor.runWorker(ThreadPoolExecutor.java:1128)
	at java.base/java.util.concurrent.ThreadPoolExecutor$Worker.run(ThreadPoolExecutor.java:628)
	at java.base/java.lang.Thread.run(Thread.java:829)
[grpc-default-executor-17] ERROR site.ycsb.db.rocksdb.Replicator - Encountered error in sendReply
io.grpc.StatusRuntimeException: CANCELLED: client cancelled
sendReply.onError shard: -1 client: -1 write:false 2025-08-10 20:53:56.674
	at io.grpc.Status.asRuntimeException(Status.java:526)
	at io.grpc.stub.ServerCalls$StreamingServerCallHandler$StreamingServerCallListener.onCancel(ServerCalls.java:284)
	at io.grpc.internal.ServerCallImpl$ServerStreamListenerImpl.closedInternal(ServerCallImpl.java:353)
	at io.grpc.internal.ServerCallImpl$ServerStreamListenerImpl.closed(ServerCallImpl.java:341)
	at io.grpc.internal.ServerImpl$JumpToApplicationThreadServerStreamListener$1Closed.runInContext(ServerImpl.java:844)
	at io.grpc.internal.ContextRunnable.run(ContextRunnable.java:37)
dumbObserver.onCompleted shard: 2 client: 0 write:true 2025-08-10 20:53:56.674	at io.grpc.internal.SerializingExecutor.run(SerializingExecutor.java:123)

	at java.base/java.util.concurrent.ThreadPoolExecutor.runWorker(ThreadPoolExecutor.java:1128)
dumbObserver.onCompleted shard: 1 client: 0 write:true 2025-08-10 20:53:56.675
	at java.base/java.util.concurrent.ThreadPoolExecutor$Worker.run(ThreadPoolExecutor.java:628)
dumbObserver.onError shard: 0 client: 0 write:true 2025-08-10 20:53:56.675	at java.base/java.lang.Thread.run(Thread.java:829)

[grpc-default-executor-26] ERROR site.ycsb.db.rocksdb.Replicator - Encountered error in sendReplydumbObserver.onError shard: 0 client: 0 write:true 2025-08-10 20:53:56.675

io.grpc.StatusRuntimeException: CANCELLED: client cancelleddumbObserver.onError shard: 2 client: 0 write:true 2025-08-10 20:53:56.675

	at io.grpc.Status.asRuntimeException(Status.java:526)
	at io.grpc.stub.ServerCalls$StreamingServerCallHandler$StreamingServerCallListener.onCancel(ServerCalls.java:284)
	at io.grpc.internal.ServerCallImpl$ServerStreamListenerImpl.closedInternal(ServerCallImpl.java:353)
	at io.grpc.internal.ServerCallImpl$ServerStreamListenerImpl.closed(ServerCallImpl.java:341)
	at io.grpc.internal.ServerImpl$JumpToApplicationThreadServerStreamListener$1Closed.runInContext(ServerImpl.java:844)
	at io.grpc.internal.ContextRunnable.run(ContextRunnable.java:37)
	at io.grpc.internal.SerializingExecutor.run(SerializingExecutor.java:123)
	at java.base/java.util.concurrent.ThreadPoolExecutor.runWorker(ThreadPoolExecutor.java:1128)
	at java.base/java.util.concurrent.ThreadPoolExecutor$Worker.run(ThreadPoolExecutor.java:628)
	at java.base/java.lang.Thread.run(Thread.java:829)
io.grpc.StatusRuntimeException: CANCELLED: client cancelled
	at io.grpc.Status.asRuntimeException(Status.java:526)
	at io.grpc.stub.ServerCalls$StreamingServerCallHandler$StreamingServerCallListener.onCancel(ServerCalls.java:284)
	at io.grpc.internal.ServerCallImpl$ServerStreamListenerImpl.closedInternal(ServerCallImpl.java:353)
	at io.grpc.internal.ServerCallImpl$ServerStreamListenerImpl.closed(ServerCallImpl.java:341)
	at io.grpc.internal.ServerImpl$JumpToApplicationThreadServerStreamListener$1Closed.runInContext(ServerImpl.java:844)
	at io.grpc.internal.ContextRunnable.run(ContextRunnable.java:37)
	at io.grpc.internal.SerializingExecutor.run(SerializingExecutor.java:123)
	at java.base/java.util.concurrent.ThreadPoolExecutor.runWorker(ThreadPoolExecutor.java:1128)
	at java.base/java.util.concurrent.ThreadPoolExecutor$Worker.run(ThreadPoolExecutor.java:628)
	at java.base/java.lang.Thread.run(Thread.java:829)
sendReply.onError shard: -1 client: -1 write:false 2025-08-10 20:53:56.687
[grpc-default-executor-17] ERROR site.ycsb.db.rocksdb.Replicator - Encountered error in sendReply
io.grpc.StatusRuntimeException: CANCELLED: client cancelled
	at io.grpc.Status.asRuntimeException(Status.java:526)
	at io.grpc.stub.ServerCalls$StreamingServerCallHandler$StreamingServerCallListener.onCancel(ServerCalls.java:284)
	at io.grpc.internal.ServerCallImpl$ServerStreamListenerImpl.closedInternal(ServerCallImpl.java:353)
	at io.grpc.internal.ServerCallImpl$ServerStreamListenerImpl.closed(ServerCallImpl.java:341)
	at io.grpc.internal.ServerImpl$JumpToApplicationThreadServerStreamListener$1Closed.runInContext(ServerImpl.java:844)
	at io.grpc.internal.ContextRunnable.run(ContextRunnable.java:37)
	at io.grpc.internal.SerializingExecutor.run(SerializingExecutor.java:123)
	at java.base/java.util.concurrent.ThreadPoolExecutor.runWorker(ThreadPoolExecutor.java:1128)
	at java.base/java.util.concurrent.ThreadPoolExecutor$Worker.run(ThreadPoolExecutor.java:628)
	at java.base/java.lang.Thread.run(Thread.java:829)
*** shutting down gRPC server since JVM is shutting down
*** server shut down
