 8.1
 8.0
 7.8
 7.6
20.8
38.2
54.1
70.8
83.7
99.0
 111
 123
 136
 147
 158
 169
 179
 188
 199
 207
 215
 224
 233
 241
 249
 256
 263
 270
 278
 284
 291
 298
 304
 309
 315
 322
 328
 333
 339
 345
 350
 355
 360
 364
 369
 374
 378
 382
 387
 392
 396
 401
 405
 409
 413
 417
 421
 425
 428
 432
 436
 439
 442
 445
 449
 452
 455
 459
 461
 465
 468
 470
 474
 477
 479
 482
 485
 487
 490
 492
 495
 497
 500
 502
 505
 507
 510
 512
 514
 516
 518
 521
 523
 525
 527
 529
 531
 533
 535
 537
 538
 540
 543
 544
 546
 548
 550
 551
 553
 555
 557
 559
 561
 562
 564
 565
 567
 569
 570
 572
 573
 575
 576
 578
 579
 580
 582
 583
 584
 586
 587
 588
 589
 590
 592
 593
 594
 595
 597
 598
 599
 600
 601
 602
 603
 604
 605
 607
 608
 609
 610
 610
 611
 613
 613
 614
 616
 616
 617
 618
 619
 620
 621
 622
 623
 624
 625
 625
 626
 627
 627
 628
 629
 629
 630
 631
 632
 633
 634
 634
 635
 636
 636
 637
 638
 639
 640
 641
 641
 642
 643
 644
 645
 645
 646
 647
 647
 648
 649
 650
 650
 651
 652
 652
 653
 654
 655
 655
 656
 656
 655
 653
 653
 651
 650
 648
 647
 646
 645
 645
 646
 647
 648
 649
 650
 649
 648
 647
 646
 645
 644
 643
 642
 640
 639
 639
 638
 636
 635
 634
 633
 632
 631
 631
 630
 629
 628
 627
 626
 625
 624
 623
 622
 621
 620
 619
 619
 618
 617
 616
 615
 614
 613
 612
 612
 611
 610
 609
 608
 608
 607
 606
 605
 604
 603
 603
 602
 601
 600
 599
 599
 598
 597
 596
 596
 595
 594
 593
 593
 592
 591
 590
 589
 589
 588
 588
 587
 586
 586
 585
 584
 584
 583
 583
 582
 582
 581
 581
 580
 579
 579
 578
 578
 577
 577
 576
 576
 575
 575
 574
 574
 574
 573
 573
 572
 572
 571
 571
 570
 570
 569
 569
 569
 568
 568
 567
 567
 567
 566
 565
