 8.1
 8.0
 7.8
 7.7
 7.5
 7.8
28.2
43.0
57.5
69.4
83.1
94.9
 106
 117
 128
 137
 147
 157
 167
 176
 185
 194
 202
 209
 219
 227
 234
 240
 248
 255
 261
 269
 275
 280
 287
 293
 298
 303
 309
 314
 319
 324
 329
 333
 338
 343
 347
 350
 356
 360
 365
 369
 373
 378
 382
 386
 390
 394
 398
 401
 405
 409
 412
 415
 418
 422
 425
 428
 431
 435
 438
 441
 444
 447
 450
 452
 454
 457
 460
 462
 464
 467
 469
 471
 474
 476
 479
 481
 484
 486
 488
 490
 492
 494
 497
 498
 501
 502
 504
 506
 508
 510
 512
 514
 516
 518
 520
 522
 523
 525
 526
 528
 530
 532
 534
 535
 536
 538
 540
 542
 543
 545
 546
 548
 549
 551
 552
 553
 555
 556
 557
 559
 560
 562
 563
 564
 566
 567
 567
 569
 570
 571
 573
 573
 575
 576
 577
 578
 579
 580
 581
 582
 583
 584
 586
 587
 587
 589
 590
 590
 591
 592
 593
 594
 595
 596
 597
 598
 599
 600
 600
 601
 602
 603
 603
 604
 605
 606
 606
 607
 608
 609
 610
 610
 611
 611
 612
 613
 613
 614
 615
 616
 617
 617
 618
 619
 620
 621
 621
 622
 622
 623
 624
 625
 625
 626
 627
 627
 628
 629
 630
 630
 631
 631
 632
 631
 630
 628
 627
 626
 625
 624
 623
 622
 621
 620
 619
 618
 616
 616
 615
 614
 613
 612
 611
 610
 609
 608
 607
 606
 605
 604
 603
 602
 601
 601
 600
 599
 598
 597
 596
 595
 595
 594
 593
 592
 591
 591
 590
 589
 588
 588
 587
 586
 586
 585
 584
 584
 583
 582
 582
 581
 581
 580
 579
 578
 578
 577
 577
 576
 576
 575
 574
 574
 573
 573
 572
 572
 571
 571
 570
 570
 569
 569
 568
 568
 567
 566
 566
 566
 566
 566
 565
 565
 566
 567
 567
 568
 569
 569
 570
 571
 571
 570
 570
 569
 569
 569
 568
 568
 567
 567
 566
 565
 565
 564
 564
 563
 563
 563
 562
 562
 561
 561
 561
 560
 560
 559
 559
 558
 558
 558
 557
 557
 557
 556
 556
 555
 555
 555
 554
 554
 553
 553
 553
 552
 552
 552
 551
 551
 550
 549
