 545
 544
 543
 542
 541
 540
 544
 547
 549
 552
 554
 557
 559
 562
 565
 567
 570
 573
 575
 578
 581
 583
 586
 589
 591
 593
 594
 596
 597
 599
 601
 602
 604
 606
 607
 609
 610
 612
 614
 615
 617
 618
 620
 622
 624
 626
 628
 630
 632
 634
 636
 638
 640
 642
 644
 646
 648
 650
 652
 654
 656
 658
 660
 661
 663
 665
 667
 669
 671
 673
 675
 676
 678
 680
 682
 684
 686
 688
 690
 692
 693
 695
 697
 699
 701
 703
 704
 706
 708
 709
 711
 713
 714
 716
 718
 720
 721
 723
 725
 727
 728
 729
 730
 731
 732
 733
 734
 735
 737
 738
 739
 740
 741
 742
 742
 743
 744
 745
 746
 747
 749
 750
 751
 752
 753
 754
 755
 756
 757
 758
 759
 760
 761
 762
 764
 765
 766
 767
 768
 769
 770
 771
 772
 773
 775
 776
 777
 778
 779
 780
 781
 782
 783
 784
 785
 786
 787
 788
 789
 790
 791
 792
 793
 793
 794
 794
 795
 795
 796
 797
 797
 798
 798
 799
 799
 800
 800
 801
 801
 802
 802
 803
 803
 803
 804
 804
 805
 805
 806
 807
 807
 807
 808
 808
 809
 809
 810
 810
 810
 811
 811
 812
 812
 813
 813
 814
 814
 815
 815
 816
 816
 817
 817
 818
 818
 819
 819
 820
 820
 821
 821
 821
 821
 821
 821
 822
 822
 822
 822
 822
 822
 823
 823
 823
 823
 823
 823
 823
 823
 823
 823
 823
 822
 822
 822
 822
 821
 821
 821
 821
 821
 821
 820
 820
 819
