 602
 601
 600
 599
 602
 604
 605
 606
 607
 608
 608
 609
 610
 611
 611
 612
 613
 614
 615
 616
 617
 618
 619
 620
 621
 622
 623
 624
 625
 626
 626
 628
 629
 630
 631
 632
 632
 632
 631
 631
 633
 634
 636
 637
 639
 641
 642
 644
 645
 647
 649
 650
 652
 653
 655
 657
 658
 660
 661
 663
 665
 666
 668
 669
 671
 672
 674
 676
 677
 679
 681
 683
 684
 686
 687
 689
 691
 693
 694
 696
 697
 700
 701
 702
 703
 704
 705
 706
 706
 707
 709
 710
 712
 714
 716
 717
 718
 720
 722
 723
 725
 726
 728
 729
 731
 732
 733
 735
 737
 738
 739
 741
 743
 744
 746
 747
 749
 750
 752
 753
 754
 756
 757
 759
 761
 762
 764
 765
 767
 768
 770
 771
 773
 774
 776
 777
 779
 781
 782
 784
 785
 787
 788
 790
 791
 793
 795
 796
 798
 799
 801
 803
 804
 806
 808
 809
 811
 812
 814
 816
 817
 819
 821
 822
 824
 825
 826
 828
 829
 830
 831
 833
 834
 835
 836
 838
 839
 840
 842
 843
 844
 846
 847
 849
 850
 851
 853
 854
 856
 857
 858
 860
 861
 863
 864
 866
 867
 869
 870
 872
 873
 875
 876
 878
 879
 881
 882
 884
 885
 886
 888
 889
 891
 892
 893
 894
 895
 896
 897
 898
 899
 900
 901
 901
 903
 903
 904
 905
 906
 906
 907
 908
 909
 910
 910
 911
 912
 912
 913
 913
 914
 915
 916
 916
 917
 918
 918
 919
 920
 920
 920
 921
 922
 922
 922
 923
 923
 924
 924
 925
 925
 925
 926
 926
 927
 927
 928
 928
 929
 929
 930
 930
 931
 931
 932
 932
 933
 933
 934
 934
 935
 935
 936
 936
 937
 937
 937
 938
 938
 938
 939
 939
 939
 940
 940
 940
 941
 941
 941
 941
 942
 942
 943
 943
 943
 944
 944
 945
 945
 946
 946
 946
 946
 946
 947
 947
 947
 948
 948
 948
 948
 949
 949
 949
 949
 950
 950
 950
 951
 951
 951
 951
 952
 952
 952
 953
 953
 953
 954
 954
 955
 955
 956
 956
 956
 957
 957
 957
 958
 958
 959
 959
 960
 960
 960
 961
 962
 962
 963
 963
 964
 965
 965
 966
 967
 967
 968
 968
 969
 970
 970
 971
 970
 971
 971
 972
 973
 973
 974
 975
 975
 976
 977
 977
 977
 978
 978
 979
 979
 979
 980
 980
 980
 981
 981
 981
 982
 982
 982
 983
 983
 984
 984
 985
 985
 986
 986
 986
 987
 986
