 549
 548
 547
 546
 548
 551
 553
 555
 557
 560
 562
 564
 566
 568
 571
 574
 578
 581
 584
 587
 590
 594
 597
 600
 603
 606
 610
 613
 616
 619
 622
 626
 629
 632
 635
 638
 641
 644
 647
 650
 653
 655
 658
 660
 663
 665
 668
 671
 673
 676
 678
 681
 684
 686
 687
 689
 690
 691
 692
 693
 694
 696
 697
 699
 700
 701
 702
 704
 705
 706
 708
 709
 710
 712
 713
 715
 716
 718
 719
 720
 722
 723
 724
 726
 727
 728
 729
 731
 732
 733
 735
 736
 737
 738
 740
 741
 742
 743
 744
 746
 747
 748
 749
 750
 751
 753
 754
 756
 757
 758
 760
 761
 763
 764
 765
 767
 768
 770
 771
 773
 774
 775
 776
 778
 779
 781
 782
 783
 785
 786
 787
 788
 789
 790
 790
 791
 791
 792
 793
 793
 794
 795
 795
 796
 796
 797
 798
 798
 799
 799
 800
 801
 802
 802
 803
 804
 804
 805
 806
 807
 807
 808
 809
 810
 811
 811
 812
 813
 813
 814
 815
 816
 816
 817
 818
 818
 819
 820
 821
 821
 822
 823
 824
 824
 825
 826
 826
 827
 828
 829
 829
 829
 829
 830
 830
 830
 830
 831
 831
 831
 832
 832
 832
 832
 833
 833
 833
 834
 834
 834
 835
 835
 835
 836
 836
 836
 837
 837
 837
 837
 838
 838
 839
 839
 839
 839
 838
