 560
 559
 558
 557
 559
 564
 570
 575
 580
 586
 591
 596
 601
 607
 612
 617
 622
 627
 632
 637
 642
 648
 652
 657
 662
 667
 672
 678
 683
 687
 693
 699
 704
 709
 714
 719
 725
 728
 731
 734
 737
 740
 743
 745
 748
 751
 754
 756
 759
 762
 766
 769
 771
 774
 777
 780
 782
 785
 788
 790
 793
 795
 798
 801
 803
 806
 808
 811
 814
 816
 819
 821
 824
 826
 829
 831
 834
 836
 838
 841
 843
 846
 848
 850
 853
 855
 857
 860
 862
 864
 866
 869
 871
 873
 875
 877
 880
 882
 884
 886
 888
 890
 892
 894
 896
 898
 900
 902
 904
 906
 908
 910
 912
 914
 916
 918
 921
 923
 925
 927
 929
 931
 933
 935
 938
 939
 942
 944
 945
 946
 947
 948
 949
 950
 951
 951
 952
 953
 954
 954
 955
 956
 957
 957
 958
 959
 960
 960
 961
 962
 963
 964
 964
 965
 966
 967
 967
 968
 969
 970
 971
 972
 972
 973
 974
 975
 976
 976
 977
 978
 978
 979
 980
 980
 981
 981
 982
 983
 983
 984
 985
 985
 986
 987
 988
 989
 989
 990
 991
 991
 992
 993
 993
 994
 995
 995
 996
 996
 996
 996
 996
 996
 997
 997
 997
 997
 997
 997
 997
 998
 998
 998
 998
 998
 998
 998
 998
 998
 998
 998
 998
 998
 998
 998
 997
