0
13.6
200.8
247
260.9
271.7
274.8
279.7
285.7
291.3
296
303.6
307.6
309.7
312.5
316.5
318.7
319.9
320.6
322.9
325
325.5
326.9
331.5
332.7
333.9
334.9
334.5
338.4
339.4
339.5
340.2
344.7
346.3
347.5
347.4
349.6
353.1
352.6
352.6
353.7
354.8
358.8
358.6
358.7
359.4
360.7
363.8
363.6
363.3
362.2
364.4
365.5
365.6
365.3
365.3
367.4
368.3
367.3
367.2
367.7
370.7
371.6
371.6
371.4
371.3
373.2
375.3
376.4
375.2
376.1
378.1
378.9
379.3
379.6
380.8
383.1
384.1
385.8
385.5
386.8
387.8
389.8
390.9
390.2
386.2
382.3
379.4
375.6
372.8
370
366.4
363.7
361
357.4
354.9
352.3
349.8
347.3
343.9
341.5
339.1
336.7
334.4
332.1
329.8
327.5
325.3
323.1
320.9
317.7
314.5
312.4
309.3
306.2
304.6
304.9
306.2
306.5
306.8
308
307.9
308.1
308.3
309.4
309.3
310.4
310.5
311.6
311.6
312.7
312.8
313.8
313.8
314.7
314.6
315.6
315.5
316.5
316.4
317.4
317.2
318.2
318.1
318.9
319.6
319.4
320.4
321.2
321
321.7
321.5
322.4
323.1
322.9
323.3
323.9
324.4
324.8
325.3
325.7
326.1
326.4
326.8
327.4
327.1
327.6
328.3
327.6
328
328.5
329.2
328.9
329.4
330
330.3
329.8
330.5
331.1
330.7
331.3
331.9
331.2
331.2
332.4
332.4
333
332.3
332.6
333.9
333.1
333.4
334.6
334.9
334.1
334.2
336.4
336.5
336.5
336.7
336.7
336.8
337.8
337.8
337
337.1
338.3
338.4
338.6
338.9
339
339.1
339.3
340.4
339.4
339.4
339.5
340.6
339.7
339.7
339.8
340.9
340
340.1
341.1
341.3
341.3
341.4
341.5
341.6
341.7
342.8
342.9
341.9
342
342
343.1
343.2
344.2
344.1
343
342.6
343.3
342
341.6
341.3
341
