84.4
84.4
84.4
84.4
84.3
84.4
84.3
84.2
84.2
84.2
84.2
84.1
84.1
84.1
84
84
83.9
84
83.9
83.9
83.9
83.9
83.8
83.8
83.8
83.8
83.7
83.7
83.7
83.7
83.6
83.7
83.6
83.5
83.5
83.5
83.5
83.4
83.4
83.4
83.4
83.3
83.3
83.3
83.3
83.2
83.2
83.2
83.2
83.1
83.1
83.1
83.1
83
83
83
83
82.9
82.9
82.9
82.9
82.8
82.8
82.8
82.8
82.7
82.7
82.7
82.7
82.6
82.6
82.6
82.6
82.5
82.5
82.4
82.5
82.5
82.4
82.4
82.4
82.4
82.3
82.3
82.3
82.3
82.2
82.2
82.2
82.2
82.1
82.1
82.1
82.1
82.1
82
82
82
82
81.9
81.9
81.9
81.9
81.8
81.8
81.8
81.8
81.8
81.7
81.7
81.7
81.7
81.6
81.6
81.6
81.6
81.6
81.5
81.5
81.4
81.5
81.4
81.4
81.3
81.4
81.4
81.3
81.3
81.2
81.3
81.2
81.2
81.2
81.1
81.2
81.1
81.1
81
81
81.1
81
81
80.9
81
80.9
80.9
80.9
80.8
80.9
80.8
80.8
80.8
80.7
80.8
80.7
80.7
80.6
80.6
80.7
80.6
80.6
80.5
80.5
80.6
80.5
80.5
80.4
80.4
80.5
80.4
80.4
80.3
80.3
80.4
80.3
80.3
80.2
80.2
80.2
80.2
80.2
80.1
80.1
80.2
80.1
80.1
80
80
80.1
80
80
79.9
79.9
80
79.9
79.9
79.8
79.8
79.8
79.8
79.8
79.8
79.7
79.7
79.7
79.7
79.7
79.6
79.6
79.7
79.6
79.6
79.5
79.5
79.6
79.5
79.5
79.5
79.4
79.4
79.4
79.4
79.4
79.3
79.3
79.4
79.3
79.3
79.3
79.2
79.2
79.2
79.2
79.2
79.1
79.1
79.1
79.1
79.1
79
79
79
79
79
79
78.9
78.9
79
78.9
78.9
78.9
78.8
78.8
78.8
78.8
78.8
78.7
78.7
78.8
78.7
78.7
78.7
78.6
78.6
78.7
78.6
78.6
78.6
78.5
78.6
78.6
78.5
78.5
78.5
78.4
78.5
78.5
78.4
78.4
78.4
78.3
78.4
78.4
78.3
78.3
78.2
78.2
78.3
78.2
78.2
78.2
78.1
78.1
78.2
78.1
78.1
78.1
78.1
78
78.1
78.1
78
78
78
77.9
78
78
77.9
77.9
77.9
77.8
77.9
77.9
77.8
77.8
77.8
77.7
77.8
77.8
77.7
77.7
77.7
77.7
77.6
77.7
77.7
77.6
77.6
77.6
77.5
77.6
77.6
77.5
77.5
77.5
77.4
77.5
77.5
77.4
77.4
77.4
77.4
77.3
77.4
77.4
77.3
77.3
77.3
77.2
77.2
77.3
77.3
77.2
77.2
77.2
77.1
77.2
77.2
77.1
77.1
77.1
77.1
77
77.1
77.1
77
77
77
76.9
77
77
77
76.9
76.9
76.9
76.8
76.9
76.9
76.9
76.8
76.8
76.8
76.7
76.8
76.8
76.8
76.7
76.7
76.7
76.7
76.7
76.7
76.7
76.6
76.6
76.6
76.5
76.6
76.6
76.6
76.5
76.5
76.5
76.4
76.5
76.5
76.5
76.4
76.4
76.4
76.3
76.4
76.4
76.4
76.3
76.3
76.3
76.3
76.3
76.3
76.3
76.2
76.2
76.2
76.2
76.1
76.2
76.2
76.2
76.1
76.1
76.1
76.1
76.1
76.1
76.1
76
76
76
76
75.9
76
76
76
75.9
75.9
75.9
75.8
75.8
75.9
75.9
75.8
75.8
75.8
75.8
75.7
75.8
75.8
75.8
75.7
75.7
75.7
75.7
75.6
75.7
75.7
75.7
75.6
75.6
75.6
75.6
75.6
75.6
75.6
75.6
75.5
75.5
75.5
75.5
75.5
75.5
75.5
75.5
75.4
75.4
75.4
75.4
75.4
75.4
75.4
75.4
75.3
75.3
75.3
75.3
75.3
75.3
75.3
75.3
75.2
75.2
75.2
75.2
75.1
75.2
75.2
75.2
75.1
75.1
75.1
75.1
75
75
75.1
75.1
75
75
75
75
74.9
74.9
75
75
75
74.9
74.9
74.9
74.9
74.8
74.8
74.9
74.9
74.8
74.8
74.8
74.8
74.8
74.7
74.8
74.8
74.8
74.7
74.7
74.7
74.7
74.6
74.7
74.7
74.7
74.7
74.6
74.6
74.6
74.6
74.5
74.6
74.6
74.6
74.5
74.5
74.5
74.5
74.5
74.4
74.5
74.5
74.5
74.4
74.4
74.4
74.4
74.4
74.3
74.4
74.4
74.4
74.3
74.3
74.3
74.3
74.3
74.2
74.3
74.3
74.3
74.2
74.2
74.2
74.2
74.2
74.1
74.2
74.2
74.2
74.1
74.1
74.1
74.1
74.1
74
74.1
74.1
74.1
74.1
74
74
74
74
74
73.9
74
74
74
73.9
73.9
73.9
73.9
73.9
73.8
73.8
73.9
73.9
73.9
73.8
73.8
73.8
73.8
73.7
73.7
73.8
73.8
73.8
73.7
73.7
73.7
73.7
73.7
73.6
73.6
73.7
73.7
73.7
73.6
73.6
73.6
73.6
73.6
73.5
73.5
73.6
73.6
73.6
73.5
73.5
73.5
73.5
73.5
73.4
73.4
73.5
73.5
73.5
73.4
73.4
73.4
73.4
73.4
73.3
73.3
73.3
73.4
73.4
73.3
73.3
73.3
73.3
73.3
73.2
73.2
73.2
73.2
73.3
73.2
73.2
73.2
73.2
73.2
73.1
73.1
73.1
73.1
73.2
73.2
73.1
73.1
73.1
73.1
73.1
73
73
73
73
73.1
73
73
73
73
73
73
72.9
72.9
72.9
73
73
72.9
72.9
72.9
72.9
72.9
72.8
72.8
72.8
72.8
72.9
72.8
72.8
72.8
72.8
72.8
72.8
72.7
72.7
72.7
72.7
72.7
