 8.7
 8.6
 8.4
 8.2
24.1
43.8
64.8
79.2
98.1
 111
 124
 134
 146
 157
 170
 183
 194
 205
 214
 224
 235
 243
 251
 259
 267
 273
 281
 289
 297
 303
 310
 316
 322
 328
 334
 339
 345
 351
 357
 363
 368
 373
 379
 384
 389
 393
 397
 401
 404
 408
 412
 416
 420
 424
 429
 433
 437
 442
 446
 451
 455
 459
 463
 467
 471
 475
 478
 482
 485
 489
 492
 496
 500
 504
 507
 510
 513
 516
 519
 522
 525
 528
 530
 533
 535
 538
 541
 543
 545
 547
 549
 552
 553
 555
 558
 560
 562
 564
 566
 568
 570
 572
 575
 576
 577
 579
 581
 583
 584
 586
 587
 589
 591
 593
 594
 594
 595
 597
 599
 600
 601
 603
 604
 606
 608
 609
 610
 611
 612
 613
 615
 616
 617
 619
 620
 621
 622
 624
 625
 627
 628
 629
 630
 632
 633
 634
 635
 636
 638
 638
 639
 640
 642
 643
 644
 645
 646
 648
 648
 649
 649
 650
 651
 651
 652
 653
 654
 655
 657
 658
 659
 659
 661
 662
 663
 664
 665
 665
 666
 667
 668
 669
 670
 671
 672
 673
 675
 675
 676
 677
 677
 678
 679
 679
 680
 681
 681
 682
 683
 683
 684
 685
 686
 687
 688
 688
 688
 689
 690
 691
 691
 692
 693
 693
 694
 694
 695
 696
 697
 697
 698
 698
 699
 699
 700
 700
 700
 701
 702
 702
 703
 704
 704
 705
 705
 706
 706
 706
 707
 708
 708
 708
 709
 709
 709
 710
 710
 711
 711
 711
 712
 712
 713
 714
 714
 714
 715
 716
 716
 716
 717
 717
 717
 718
 718
 719
 720
 720
 721
 722
 722
 722
 723
 723
 724
 724
 724
 724
 724
 725
 725
 726
 726
 727
 727
 728
 728
 728
 729
 730
 730
 730
 731
 731
 731
 731
 732
 732
 733
 733
 733
 734
 734
 735
 735
 735
 736
 736
 737
 737
 737
 738
 739
 739
 739
 740
 740
 740
 741
 741
 742
 742
 742
 743
 743
 744
 744
 744
 745
 746
 746
 746
 746
 747
 747
 748
 748
 749
 749
 749
 750
 750
 751
 751
 751
 752
 753
 753
 754
 754
 754
 755
 755
 756
 756
 757
 757
 757
 758
 758
 759
 759
 759
 760
 760
 760
 761
 761
 761
 762
 762
 762
 763
 763
 763
 763
 764
 764
 765
 765
 765
 766
 766
 766
 766
 766
 766
 767
 767
 768
 768
 768
 768
 769
 769
 769
 769
 770
 770
 770
 771
 771
 771
 772
 772
 772
 773
 773
 773
 774
 774
 775
 775
 775
 775
 776
 776
 777
 777
 777
 778
 778
 778
 779
 779
 779
 780
 780
 780
 780
 781
 781
 781
 782
 782
 782
 782
 783
 783
 784
 784
 784
 784
 785
 785
 786
 786
 786
 787
 787
 787
 788
 788
 788
 788
 789
 789
 789
 790
 790
 790
 790
 791
 791
 791
 791
 792
 792
 792
 792
 793
 793
 793
 793
 793
 794
 794
 795
 795
 795
 795
 796
 796
 796
 796
 797
 797
 797
 797
 798
 798
 798
 799
 799
 799
 799
 800
 800
 800
 801
 801
 801
 802
 802
 802
 802
 803
 803
 803
 802
