8.5
10.2
13.3
13.6
14.6
15.3
15.8
16.2
16.5
16.7
16.9
17
17.2
17.3
17.4
17.6
17.7
17.8
17.8
18.1
18.1
18.1
18.1
18.1
18.2
18.3
18.3
18.6
18.6
18.6
18.6
18.6
18.6
18.6
18.6
18.6
18.6
18.6
18.6
18.7
18.7
18.7
18.7
18.7
18.7
18.7
18.7
18.7
18.7
18.7
18.7
18.7
18.7
18.8
18.8
18.8
18.8
18.8
18.8
18.8
18.8
18.8
18.8
18.8
18.8
18.8
18.8
18.8
18.8
18.8
18.8
18.8
18.8
18.8
18.8
18.8
18.8
18.8
18.9
18.9
18.9
18.9
18.9
18.9
18.9
18.9
18.8
18.8
18.8
18.8
18.8
18.8
18.8
18.9
18.9
18.9
18.8
18.8
18.8
18.8
18.8
18.8
18.8
18.9
19.5
19.4
19.5
19.5
19.4
19.3
19.3
19.3
19.3
19.3
19.3
19.3
19.3
19.3
19.3
19.3
19.3
19.3
19.3
19.3
19.3
19.3
19.3
19.2
19.3
19.3
19.3
19.3
19.3
19.3
19.3
19.3
19.4
19.4
19.4
19.4
19.3
19.3
19.3
19.3
19.3
19.3
19.3
19.3
19.3
19.3
19.3
19.3
19.3
19.3
19.3
19.3
19.3
19.3
19.3
19.3
19.3
19.3
19.3
19.3
19.3
19.3
19.3
19.3
19.3
19.3
19.3
19.2
19.2
19.2
19.2
19.2
19.2
19.2
19.3
19.3
19.3
19.3
19.3
19.3
19.3
19.3
19.3
19.3
19.3
19.3
19.3
19.3
19.3
19.3
19.3
19.3
19.3
19.3
19.3
19.3
19.3
19.3
19.3
19.3
19.3
19.7
19.7
19.7
19.7
19.7
19.7
19.7
19.7
19.7
19.7
19.7
19.7
19.7
19.7
19.7
19.7
19.7
19.6
19.6
19.6
19.6
19.6
19.6
19.6
19.6
19.6
19.6
19.6
19.6
19.6
19.6
19.6
19.6
19.6
19.6
19.6
19.6
19.6
19.6
19.6
19.6
19.6
19.6
19.6
19.6
19.6
19.6
19.6
19.6
19.6
19.6
19.6
19.6
19.6
19.6
19.6
19.6
19.6
19.6
19.6
19.6
19.6
19.6
19.6
19.6
19.6
19.5
19.6
19.5
19.5
19.5
19.5
19.6
19.6
19.6
19.7
19.7
19.6
19.6
19.5
19.5
19.5
19.5
19.5
19.5
19.5
19.5
19.5
19.5
19.5
19.5
19.5
19.5
19.5
19.5
19.5
19.5
19.5
19.5
19.5
19.7
20
20
20
20
20
20
20
20
20
20
20
20
20
20
20
20
20
20
19.9
19.9
19.9
19.9
19.9
19.9
20
19.9
19.9
19.9
19.9
19.9
19.9
19.9
19.9
19.9
19.9
19.9
19.9
19.9
19.9
19.9
19.9
19.9
19.9
19.9
19.9
19.9
19.9
19.9
19.9
19.9
19.9
19.9
19.9
19.9
19.9
19.9
19.9
19.9
19.9
19.9
19.9
19.9
19.9
19.9
19.9
19.9
19.9
19.9
19.9
19.8
19.8
19.8
19.8
19.8
19.8
19.9
19.9
19.9
19.8
19.8
19.8
19.8
19.8
19.8
19.8
19.8
19.8
19.8
19.8
19.8
19.8
19.8
19.7
19.7
19.7
19.7
19.8
19.7
19.8
19.8
20
20.2
20.4
20.4
20.4
20.4
20.4
20.4
20.3
20.3
20.3
20.3
20.3
20.3
20.3
20.3
20.3
20.3
20.3
20.3
20.3
20.3
20.3
20.3
20.3
20.3
20.3
20.3
20.3
20.3
20.3
20.3
20.3
20.3
20.3
20.3
20.3
20.3
20.3
20.3
20.3
20.3
20.3
20.3
20.3
20.3
20.2
20.2
20.2
20.2
20.2
20.2
20.2
20.2
20.2
20.2
20.2
20.2
20.2
20.2
20.2
20.2
20.2
20.2
20.2
20.2
20.2
20.2
20.2
20.2
20.2
20.2
20.2
20.2
20.2
20.2
20.2
20.2
20.2
20.2
20.2
20.2
20.2
20.2
20.2
20.2
20.2
20.2
20.2
20.2
20.2
20.2
20.2
20.2
20.2
20.2
20.1
20.1
20.1
20.2
20.4
20.6
20.6
20.6
20.6
20.6
20.6
20.6
20.6
20.6
20.6
20.6
20.6
20.6
20.6
20.6
20.6
20.6
20.6
20.6
20.6
20.6
20.6
20.6
20.6
20.6
20.6
20.6
20.5
20.5
20.5
20.5
20.5
20.5
20.5
20.5
20.5
20.5
20.5
20.5
20.5
20.5
20.5
20.5
20.5
20.5
20.5
20.5
20.5
20.5
20.5
20.5
20.5
20.5
20.5
20.5
20.5
20.5
20.5
20.5
20.5
20.5
20.5
20.5
20.5
20.5
20.5
20.5
20.5
20.4
20.4
20.4
20.4
20.4
20.4
20.4
20.4
20.4
20.4
20.4
20.4
20.4
20.4
20.4
20.4
20.4
20.4
20.4
20.4
20.4
20.4
20.4
20.4
20.4
20.4
20.4
20.4
20.4
20.4
20.5
20.6
20.8
20.8
20.8
20.8
20.8
20.8
20.8
20.8
20.8
20.8
20.8
20.8
20.8
20.8
20.8
20.8
20.8
20.8
20.7
20.7
20.7
20.7
20.8
20.7
20.7
20.7
20.7
20.7
20.7
20.7
20.7
20.7
20.7
20.7
20.7
20.7
20.7
20.7
20.7
20.7
20.7
20.7
20.7
20.7
20.7
20.7
20.7
20.7
20.7
20.7
20.7
20.7
20.7
20.7
20.7
20.7
20.7
20.7
20.7
20.7
20.7
20.7
20.7
20.7
20.7
20.6
20.6
20.6
20.6
20.6
20.6
20.6
20.6
20.6
20.6
20.6
20.6
20.6
20.6
20.6
20.6
20.6
20.6
20.6
20.6
20.6
20.6
20.6
20.6
20.6
20.6
20.6
20.6
20.6
20.6
20.6
20.6
20.6
20.7
20.9
21
21
21
21
21
21
21
21
21
21
21
21
21
21
21
21
20.9
20.9
20.9
20.9
20.9
20.9
20.9
20.9
20.9
20.9
20.9
20.9
20.9
20.9
20.9
20.9
20.9
20.9
20.9
20.9
20.9
20.9
20.9
20.9
20.9
20.9
20.9
20.9
20.9
20.9
20.9
20.9
20.9
20.9
20.9
20.9
20.9
20.9
20.9
20.9
20.9
20.9
20.9
20.9
20.9
20.8
20.8
20.8
20.8
20.8
20.8
20.8
20.8
20.8
20.8
20.8
20.8
20.8
20.8
20.8
20.8
20.8
20.8
20.8
20.8
20.8
20.8
20.8
20.8
20.8
20.8
20.8
20.8
20.8
20.8
20.8
20.8
20.8
20.8
20.8
20.8
20.9
21
21.1
21.1
21.1
21.1
21.1
21.1
21.1
21.1
21.1
21.1
21.1
21.1
21.1
21.1
21.1
21.1
21.1
21.1
21.1
21.1
21.1
21.1
21.1
21.1
21.1
21.1
21.1
21.1
21.1
21.1
21.1
21.1
21.1
21.1
21.1
21.1
21.1
21.1
21.1
21.1
21
21
21
21
21
21
21
21
21
21
21
21
21
21
21
21
21
21
21
21
21
21
21
21
21
21
21
21
21
21
21
21
21
21
21
21
21
21
21
21
21
21
21
21
21
21
21
21
20.9
20.9
20.9
20.9
20.9
20.9
20.9
20.9
20.9
21
21.1
21.2
21.3
21.3
21.3
21.3
21.3
21.3
21.3
21.3
21.3
21.2
21.2
21.2
