fieldlength: 16360
recordcount: 1638400
oks: 100000
oks: 200000
oks: 300000
oks: 400000
oks: 500000
oks: 600000
oks: 700000
oks: 800000
oks: 900000
oks: 1000000
oks: 1100000
oks: 1200000
oks: 1300000
oks: 1400000
oks: 1500000
oks: 1600000

rocksdb	workloads/motivation.spec	1
# Load duration (sec): 2858.69
# Loading records:	1638400
# Load throughput (KOPS): 0.57313
Count: 1638400  Average: 1742.7610  StdDev: 328.83
Percentiles(us): P50: 1837.25 P90: 1974.61 P99: 2312.78 P99.9: 2487.85 P99.99: 2968.01
------------------------------------------------------
[     450,     500 )    2204   0.135%   0.135% 
[     500,     600 )   42235   2.578%   2.712% #
[     600,     700 )   11396   0.696%   3.408% 
[     700,     800 )   14311   0.873%   4.281% 
[     800,     900 )   14499   0.885%   5.166% 
[     900,    1000 )   17424   1.063%   6.230% 
[    1000,    1200 )   25954   1.584%   7.814% 
[    1200,    1400 )   43047   2.627%  10.441% #
[    1400,    1600 )  114548   6.991%  17.433% #
[    1600,    1800 )  355881  21.721%  39.154% ####
[    1800,    2000 )  954172  58.238%  97.392% ############
[    2000,    2500 )   42114   2.570%  99.962% #
[    2500,    3000 )     482   0.029%  99.992% 
[    3000,    3500 )     130   0.008% 100.000% 
[    3500,    4000 )       2   0.000% 100.000% 
[    5000,    6000 )       1   0.000% 100.000% 

Waiting 15s before performing transactions......

Avg CPU utilization (percent): 56.87

Starting performing transactions......

# Run duration (ms): 1.07149
# Run operations:	1000
# Run throughput (KOPS): 0.933277
Count: 1000  Average: 1069.5338  StdDev: 210.20
Percentiles(us): P50: 1018.75 P90: 1349.17 P99: 1523.81 P99.9: 2500.00 P99.99: 2742.86
------------------------------------------------------
[     600,     700 )       6   0.600%   0.600% 
[     700,     800 )     128  12.800%  13.400% ###
[     800,     900 )      69   6.900%  20.300% #
[     900,    1000 )     279  27.900%  48.200% ######
[    1000,    1200 )     192  19.200%  67.400% ####
[    1200,    1400 )     303  30.300%  97.700% ######
[    1400,    1600 )      21   2.100%  99.800% 
[    1600,    1800 )       1   0.100%  99.900% 
[    2500,    3000 )       1   0.100% 100.000% 


Avg CPU utilization (percent): 45.06

