fieldlength: 4072
recordcount: 6553600
oks: 100000
oks: 100000
oks: 200000
oks: 200000
oks: 300000
oks: 300000
oks: 400000
oks: 400000
oks: 500000
oks: 500000
oks: 600000
oks: 600000
oks: 700000
oks: 700000
oks: 800000
oks: 800000
oks: 900000
oks: 900000
oks: 1000000
oks: 1000000
oks: 1100000
oks: 1100000
oks: 1200000
oks: 1200000
oks: 1300000
oks: 1300000
oks: 1400000
oks: 1400000
oks: 1500000
oks: 1500000
oks: 1600000
oks: 1600000
oks: 1700000
oks: 1700000
oks: 1800000
oks: 1800000
oks: 1900000
oks: 1900000
oks: 2000000
oks: 2000000
oks: 2100000
oks: 2100000
oks: 2200000
oks: 2200000
oks: 2300000
oks: 2300000
oks: 2400000
oks: 2400000
oks: 2500000
oks: 2500000
oks: 2600000
oks: 2600000
oks: 2700000
oks: 2700000
oks: 2800000
oks: 2800000
oks: 2900000
oks: 2900000
oks: 3000000
oks: 3000000
oks: 3100000
oks: 3100000
oks: 3200000
oks: 3200000

rocksdb	workloads/motivation.spec	2
# Load duration (sec): 5792.08
# Loading records:	6553600
# Load throughput (KOPS): 1.13148
Count: 6553600  Average: 1765.1635  StdDev: 212.22
Percentiles(us): P50: 1753.66 P90: 2104.15 P99: 2467.80 P99.9: 2769.02 P99.99: 3071.70
------------------------------------------------------
[     500,     600 )       1   0.000%   0.000% 
[     600,     700 )      18   0.000%   0.000% 
[     700,     800 )      14   0.000%   0.001% 
[     800,     900 )      21   0.000%   0.001% 
[     900,    1000 )      33   0.001%   0.001% 
[    1000,    1200 )   13607   0.208%   0.209% 
[    1200,    1400 )  212323   3.240%   3.449% #
[    1400,    1600 ) 1192351  18.194%  21.643% ####
[    1600,    1800 ) 2418854  36.909%  58.551% #######
[    1800,    2000 ) 1892101  28.871%  87.423% ######
[    2000,    2500 )  810963  12.374%  99.797% ##
[    2500,    3000 )   12565   0.192%  99.989% 
[    3000,    3500 )     653   0.010%  99.999% 
[    3500,    4000 )      48   0.001%  99.999% 
[    4000,    4500 )      20   0.000% 100.000% 
[    4500,    5000 )      14   0.000% 100.000% 
[    5000,    6000 )      10   0.000% 100.000% 
[    6000,    7000 )       3   0.000% 100.000% 
[    7000,    8000 )       1   0.000% 100.000% 

Waiting 15s before performing transactions......

Avg CPU utilization (percent): 130.25

Starting performing transactions......

# Run duration (ms): 0.811272
# Run operations:	1000
# Run throughput (KOPS): 1.23263
Count: 1000  Average: 1608.2865  StdDev: 252.00
Percentiles(us): P50: 1613.01 P90: 1945.98 P99: 2405.66 P99.9: 2437.56 P99.99: 2437.56
------------------------------------------------------
[     800,     900 )       3   0.300%   0.300% 
[     900,    1000 )       3   0.300%   0.600% 
[    1000,    1200 )      53   5.300%   5.900% #
[    1200,    1400 )     131  13.100%  19.000% ###
[    1400,    1600 )     291  29.100%  48.100% ######
[    1600,    1800 )     292  29.200%  77.300% ######
[    1800,    2000 )     174  17.400%  94.700% ###
[    2000,    2500 )      53   5.300% 100.000% #


Avg CPU utilization (percent): 129.84

