274.8
274.3
275.6
275.9
277.2
277.4
278.6
278.8
280
281.1
281.2
282.2
283.4
283.3
284.4
285.4
285.4
286.4
286.3
287.3
288.3
288.9
289.7
290.5
291.2
291.9
292.7
292.4
293.3
294.1
294.9
295.6
296.4
295.9
296.8
296.6
297.4
298.2
299
298.8
299.5
300.2
300.9
300.7
301.4
302
301.8
302.4
303.1
303.7
304.4
304
304.8
305.6
305.3
306
306.6
307.3
306.8
307.5
307.9
308.3
308.7
309.1
310.5
310.9
311.4
311.8
312.1
312.6
312.2
312.7
313.2
313.6
314.2
314.7
314.3
314.8
315.4
315.9
316.3
315.8
316.3
316.8
317.3
317.7
317.2
317.7
318.1
318.3
318.8
318.3
318.4
318.5
319.6
319.7
318.8
319.9
320.1
320.2
320.2
320.3
321.4
321.5
321.6
321.7
321.8
321.9
323
324.1
323.2
323.3
323.4
324.5
324.6
324.7
325.8
324.9
325
325.1
326.1
326.2
326.3
327.4
326.5
326.5
325.2
325.9
324.6
325.3
324
323.7
323.4
