13.8
104.3
153.8
181.2
189.4
197.9
208
208.5
217
219.2
218.3
224.2
230.8
235.8
240
243.7
246.3
249.3
252.6
253.5
255.8
256.8
257.7
259
260.2
262.2
263.1
263.1
264.2
265.5
265.7
266.8
268.1
270.3
271.8
271.9
271.9
274.1
276.1
277
278.1
278.2
278.4
279.3
281.3
281.3
281.5
282.5
282.4
283.5
284.5
284.5
284.5
284.5
285.4
286.4
286.6
286.6
286.5
286.5
288.5
288.7
288.7
289.7
288
288.8
289.8
289.8
289.9
289.8
289.9
290.9
291.9
293
294
294
293.9
294.8
295.8
296.9
297.8
297.9
297.9
298.9
298.9
300
301
302
302.2
302.2
303.1
303.7
303.9
305.3
305.6
305.5
305.2
306.2
307.2
307.6
308.9
