 8.0
 7.9
 7.7
 7.5
 7.4
22.2
36.4
51.0
63.8
79.8
92.4
 106
 119
 134
 148
 162
 175
 0.0
 186
 196
 207
 217
 226
 235
 245
 252
 260
 268
 276
 284
 291
 298
 305
 312
 317
 323
 328
 334
 339
 346
 351
 355
 361
 366
 371
 375
 380
 386
 391
 395
 399
 403
 406
 411
 415
 420
 423
 427
 430
 434
 438
 442
 446
 449
 453
 456
 459
 463
 466
 470
 473
 477
 479
 482
 484
 487
 490
 493
 496
 499
 501
 505
 507
 510
 513
 516
 519
 522
 523
 525
 528
 530
 532
 535
 537
 539
 541
 543
 545
 548
 550
 553
 555
 557
 559
 561
 562
 564
 566
 568
 569
 571
 572
 574
 575
 577
 579
 580
 581
 583
 585
 586
 587
 589
 590
 592
 593
 594
 595
 595
 597
 598
 599
 601
 603
 604
 605
 607
 608
 609
 610
 612
 612
 613
 615
 616
 617
 618
 619
 620
 621
 623
 624
 625
 626
 627
 628
 630
 631
 632
 632
 634
 635
 636
 636
 638
 639
 640
 641
 642
 643
 644
 645
 646
 647
 648
 648
 649
 650
 650
 651
 652
 652
 653
 654
 655
 655
 656
 657
 658
 659
 660
 661
 661
 662
 663
 664
 665
 665
 666
 667
 667
 668
 669
 670
 670
 671
 672
 672
 673
 673
 674
 674
 675
 676
 676
 677
 677
 678
 679
 679
 680
 681
 681
 682
 683
 683
 684
 685
 685
 686
 686
 687
 687
 688
 688
 689
 690
 690
 691
 691
 692
 693
 693
 694
 695
 695
 696
 696
 697
 698
 698
 699
 699
 700
 701
 701
 702
 702
 703
 703
 704
 704
 704
 705
 705
 706
 706
 707
 707
 708
 708
 709
 709
 710
 710
 711
 711
 712
 712
 713
 713
 714
 715
 715
 715
 716
 716
 716
 717
 718
 718
 718
 719
 719
 720
 720
 720
 721
 721
 722
 722
 723
 723
 723
 723
 724
 724
 725
 725
 726
 726
 727
 727
 728
 728
 728
 729
 729
 730
 730
 731
 731
 731
 732
 733
 733
 734
 734
 735
 735
 735
 736
 736
 737
 737
 737
 738
 738
 739
 739
 739
 740
 740
 741
 741
 741
 742
 742
 743
 743
 743
 744
 744
 745
 745
 745
 746
 746
 746
 747
 747
 748
 748
 748
 749
 749
 749
 750
 750
 750
 751
 751
 752
 752
 753
 753
 753
 754
 754
 754
 755
 755
 755
 756
 756
 756
 757
 757
 757
 758
 758
 758
 759
 759
 759
 759
 759
 759
 760
 760
 760
 760
 761
 761
 761
 762
 762
 762
 762
 763
 763
 763
 764
 764
 764
 765
 765
 765
 766
 766
 766
 767
 767
 767
 768
 768
 768
 769
 769
 769
 770
 770
 770
 771
 771
 771
 772
 772
 772
 773
 773
 773
 773
 774
 774
 774
 774
 775
 775
 775
 776
 776
 776
 777
 777
 777
 778
 778
 778
 779
 779
 779
 780
 780
 780
 781
 781
 781
 781
 782
 782
 782
 783
 783
 783
 784
 784
 785
 785
 785
 785
 786
 786
 786
 786
 787
 787
 787
 787
 787
 788
 788
 788
 788
 789
 789
 789
 790
 790
 790
 790
 791
 791
 791
 791
 791
 792
 792
 792
 792
 793
 793
 793
 793
 794
 794
 794
 795
 795
 795
 795
 795
 796
 796
 796
 796
 797
 797
 797
 797
 798
 798
 798
 798
 798
 799
 799
 799
 799
 799
 798
 797
 796
 799
 800
 801
 802
 803
 805
 806
 807
 808
 809
 811
 812
 813
 814
 816
 817
 818
 819
 820
 821
 823
 824
 825
 826
 827
 829
 830
 831
 832
 833
 834
 835
 836
 837
 839
 839
 841
 842
 843
 844
 845
 846
 847
 848
 849
 850
 852
 853
 854
 855
 856
 857
 858
 859
 860
 861
 862
 863
 864
 865
 866
 867
 868
 869
 870
 871
 872
 873
 874
 875
 876
 877
 878
 879
 880
 881
 882
 883
 884
 885
 886
 887
 887
 888
 889
 890
 891
 892
 893
 894
 895
 896
 897
 898
 898
 899
 900
 901
 902
 903
 904
 905
 905
 906
 907
 908
 909
 910
 910
 911
 912
 913
 914
 915
 916
 916
 917
 918
 919
 920
 920
 921
 922
 923
 923
 924
 925
 926
 927
 928
 928
 929
 930
 931
 931
 932
 933
 934
 934
 935
 936
 937
 937
 938
 939
 939
 940
 941
 941
 942
 943
 944
 944
 945
 946
 946
 947
 948
 949
 949
 950
 951
 951
 952
 952
 953
 954
 954
 955
 956
 956
 957
 957
 958
 959
 959
 960
 961
 961
 962
 963
 963
 964
 964
 965
 966
 966
 967
 967
 968
 969
 969
 970
 971
 971
 972
 972
 973
 974
 974
 975
 975
 976
 976
 977
 977
 978
 978
 979
 979
 980
 980
 981
 981
 982
 983
 983
 984
 984
 985
 985
 986
 986
 987
 987
 988
 988
 989
 989
 990
 990
 991
 991
 992
 992
 993
 993
 994
 994
 995
 995
 996
 996
 997
 997
 997
 998
 998
 999
 999
 999
1000
1000
1001
1001
1002
1002
1002
1003
1003
1004
1004
1004
1005
1005
1006
1006
1007
1007
1007
1008
1008
1009
1009
1009
1010
1010
1011
1011
1011
1012
1012
1012
1013
1013
1013
1014
1014
1015
1015
1015
1016
1016
1016
1017
1017
1017
1018
1018
1018
1019
1019
1019
1020
1020
1020
1021
1021
1021
1022
1022
1022
1022
1023
1023
1023
1024
1024
1024
1025
1025
1025
1026
1026
1026
1027
1027
1027
1028
1028
1028
1028
1029
1029
1029
1029
1030
1030
1030
1031
1031
1031
1031
1032
1032
1032
1032
1033
1033
1033
1033
1034
1034
1034
1034
1035
1035
1035
1036
1036
1036
1036
1036
1037
1037
1037
1038
1038
1038
1038
1039
1039
1039
1039
1040
1040
1040
1041
1041
1041
1041
1042
1042
1042
1042
1043
1043
1043
1043
1044
1044
1044
1044
1045
1045
1045
1045
1046
1046
1046
1046
1047
1047
1047
1047
1047
1048
1048
1048
1049
1049
1049
1049
1049
1050
1050
1050
1050
1050
1051
1051
1051
1051
1051
1051
1051
1052
1052
1052
1052
1052
1052
1053
1053
1053
1053
1053
1054
1054
1054
1054
1054
1054
1054
1055
1055
1055
1055
1055
1055
1056
1056
1056
1056
1056
1056
1056
1056
1057
1057
1057
1057
1057
1057
1057
1057
1058
1058
1058
1058
1058
1058
1058
1058
1058
1058
1058
1058
1059
1059
1059
1059
1059
1059
1059
1059
1059
1060
1060
1060
1060
1060
1060
1060
1060
1060
1060
1060
1059
1059
 8.1
 7.9
 7.8
 7.6
23.7
39.0
58.7
72.5
89.9
 103
 116
 129
 141
 154
 164
 175
 185
 193
 201
 210
 220
 228
 235
 243
 250
 256
 264
 271
 280
 286
 291
 298
 304
 309
 315
 322
 327
 332
 338
 343
 348
 353
 358
 365
 369
 373
 379
 383
 388
 392
 398
 402
 407
 411
 415
 419
 423
 427
 431
 436
 439
 443
 447
 450
 454
 457
 461
 464
 468
 471
 474
 478
 481
 485
 488
 491
 494
 496
 499
 502
 505
 508
 511
 514
 516
 518
 520
 523
 526
 528
 530
 532
 534
 535
 537
 539
 541
 543
 545
 546
 547
 549
 551
 553
 555
 557
 559
 561
 563
 565
 567
 569
 570
 572
 573
 575
 576
 578
 580
 581
 582
 584
 585
 586
 588
 589
 592
 593
 594
 596
 597
 599
 600
 602
 603
 604
 605
 607
 608
 609
 610
 611
 613
 614
 615
 616
 617
 618
 620
 621
 622
 622
 623
 624
 625
 627
 628
 629
 630
 632
 633
 634
 635
 636
 637
 638
 639
 640
 641
 642
 643
 644
 645
 646
 647
 648
 649
 650
 651
 652
 653
 654
 655
 656
 657
 658
 659
 659
 660
 661
 661
 662
 664
 664
 666
 666
 667
 668
 669
 670
 670
 672
 672
 673
 674
 674
 675
 676
 677
 678
 678
 679
 680
 681
 681
 682
 683
 684
 684
 685
 686
 687
 687
 688
 689
 689
 690
 690
 691
 691
 692
 692
 693
 693
 694
 694
 695
 695
 696
 696
 697
 697
 698
 698
 699
 699
 700
 701
 702
 702
 703
 704
 704
 705
 706
 706
 707
 707
 708
 709
 709
 710
 711
 711
 712
 712
 713
 713
 714
 715
 715
 716
 716
 717
 717
 718
 719
 720
 720
 720
 720
 721
 721
 722
 722
 723
 723
 723
 724
 724
 725
 725
 726
 726
 727
 727
 727
 728
 728
 729
 729
 730
 730
 731
 731
 732
 732
 733
 733
 734
 734
 734
 735
 736
 736
 736
 737
 737
 738
 738
 738
 739
 739
 740
 740
 740
 741
 741
 741
 742
 742
 743
 743
 744
 744
 745
 745
 745
 746
 746
 747
 748
 748
 749
 749
 750
 750
 751
 751
 752
 752
 753
 753
 754
 754
 755
 755
 755
 756
 756
 757
 757
 758
 758
 758
 759
 759
 759
 760
 760
 761
 761
 761
 762
 762
 763
 763
 764
 764
 764
 765
 765
 766
 766
 767
 767
 768
 768
 768
 769
 769
 770
 770
 770
 771
 771
 772
 772
 772
 773
 773
 773
 773
 774
 774
 774
 775
 775
 775
 776
 776
 776
 776
 777
 777
 777
 778
 778
 778
 778
 779
 779
 779
 779
 780
 780
 780
 781
 781
 782
 782
 783
 783
 783
 784
 784
 784
 784
 785
 785
 785
 786
 786
 787
 787
 787
 787
 788
 788
 788
 788
 789
 789
 789
 790
 790
 790
 791
 791
 791
 792
 792
 792
 793
 793
 793
 793
 794
 794
 794
 794
 795
 795
 795
 796
 796
 796
 796
 797
 797
 797
 797
 798
 798
 798
 798
 799
 799
 799
 800
 800
 800
 800
 800
 801
 801
 801
 802
 802
 803
 803
 803
 803
 804
 804
 804
 804
 804
 805
 804
 805
 805
 805
 805
 806
 806
 805
 803
 802
 802
 802
 803
 803
 803
 803
 803
 803
 803
 803
 803
 803
 803
 803
 803
 803
 803
 803
 803
 803
 803
 803
 803
 803
 803
 803
 803
 803
 803
 803
 803
 803
 803
 803
 804
 803
 803
 803
 804
 804
 804
 804
 804
 804
 804
 804
 804
 804
 804
 804
 804
 804
 804
 804
 804
 804
 804
 804
 805
 804
 804
 804
 804
 805
 805
 805
 805
 805
 805
 805
 805
 805
 805
 805
 805
 805
 805
 805
 805
 805
 805
 806
 806
 806
 806
 806
 806
 806
 806
 806
 806
 806
 806
 806
 807
 807
 807
 807
 807
 807
 807
 807
 807
 807
 807
 807
 807
 807
 807
 807
 807
 807
 807
 807
 807
 807
 807
 807
 807
 807
 807
 807
 807
 807
 807
 807
 807
 807
 807
 807
 807
 807
 807
 807
 807
 807
 807
 807
 807
 807
 807
 807
 807
 807
 807
 807
 807
 807
 807
 807
 807
 807
 807
 807
 807
 807
 807
 807
 807
 807
 807
 807
 807
 807
 807
 807
 807
 807
 807
 807
 807
 807
 807
 807
 807
 807
 807
 807
 807
 807
 807
 807
 807
 807
 807
 808
 808
 807
 807
 807
 807
 807
 807
 807
 807
 808
 808
 808
 808
 808
 808
 808
 808
 808
 808
 808
 808
 808
 808
 808
 808
 808
 808
 808
 808
 808
 808
 808
 808
 808
 808
 808
 808
 808
 808
 808
 808
 808
 808
 808
 808
 808
 808
 808
 808
 808
 808
 808
 808
 808
 808
 808
 808
 808
 808
 808
 808
 808
 808
 808
 808
 808
 808
 808
 808
 807
 807
 807
 807
 807
 807
 807
 807
 807
 807
 807
 808
 807
 808
 808
 808
 808
 808
 808
 808
 808
 808
 808
 808
 808
 808
 808
 808
 808
 808
 808
 808
 808
 808
 808
 808
 808
 808
 808
 808
 809
 809
 809
 809
 809
 809
 808
 809
 808
 808
 808
 808
 808
 808
 808
 809
 809
 809
 809
 809
 809
 809
 809
 809
 809
 809
 809
 809
 809
 809
 809
 809
 809
 809
 809
 809
 809
 809
 809
 809
 809
 809
 809
 809
 809
 809
 809
 809
 809
 809
 809
 809
 809
 809
 810
 810
 810
 810
 810
 810
 810
 810
 810
 810
 810
 810
 810
 810
 810
 810
 810
 810
 810
 810
 810
 810
 810
 810
 810
 810
 810
 810
 810
 810
 810
 810
 810
 810
 810
 810
 810
 810
 810
 810
 810
 810
 810
 810
 810
 810
 810
 810
 810
 810
 810
 810
 810
 810
 810
 810
 810
 811
 811
 811
 811
 811
 811
 811
 811
 811
 811
 811
 811
 811
 811
 811
 811
 811
 811
 811
 811
 811
 811
 811
 811
 811
 811
 811
 811
 811
 811
 811
 811
 811
 811
 811
 811
 811
 812
 812
 812
 812
 812
 812
 812
 812
 812
 812
 811
 811
