237.1
236.3
235.8
235.2
234.6
234.2
233.5
233
232.5
231.7
231.3
230.6
230.2
229.6
229
228.4
227.8
227.3
226.8
226.2
225.7
225.3
224.6
224.2
223.6
223
222.6
222
221.6
221.2
220.6
220.2
219.7
219.2
218.8
218.2
217.8
217.4
216.5
216
215.6
215.2
214.7
214.3
213.8
213.6
212.9
212.7
212.3
211.8
211.5
211
210.6
210.4
209.9
209.5
209.1
208.7
208.5
208
207.6
207.3
206.8
206.5
206.1
205.8
205.5
205
204.7
204.4
204.1
203.7
203.3
203
202.8
202.3
202
201.7
201.4
201.1
200.8
200.4
200.1
199.8
199.5
199.3
198.9
198.7
198.4
197.8
197.2
