16
111
148.7
173.7
178.1
190.8
192
202.8
204.8
209.6
216.9
222.4
227
224.6
227.7
230.1
232.4
234.6
236.8
239.4
240.9
243.2
244.3
247.2
247.8
247.3
248.2
251.3
252.3
252.2
252.2
253.9
257
257
256.9
256.8
258.7
260.6
260.5
260.5
260.6
263.6
264.6
264.7
265.8
265.9
267.8
267.7
267.7
267.5
268.4
269.3
269.4
269.4
269.4
270.5
271.6
271.7
271.7
271.8
272.8
274.8
275.8
275.9
275.9
276.9
277.9
277.5
279.5
278.6
279.6
280.4
281.3
282.8
284
284
283.9
284.4
286.2
287.6
288
289.4
289.4
288.9
289.5
290.8
291.3
292.6
294
293.7
293.3
294.1
295.5
295.8
297
298.5
297.2
296.9
297
298.3
299.6
299.9
300.8
299.5
300.2
301.3
301.6
