0
56
248.8
283.7
289.9
296.2
295.2
298
303.3
310.1
317.5
314.4
318.3
322.8
324.7
327.6
329.3
331.4
333.5
333.4
334.8
335.9
337.1
342.5
343.9
343.6
344.6
349.3
349.9
350.2
350.1
352.3
357.8
358
358.2
358.8
361.5
364.1
364.8
364.7
364.6
367.7
369.8
369.5
370
370
372.2
374.2
374.2
373.2
373.4
374.5
376.5
375.3
375.6
375.7
374.1
375
375.2
375.4
375.5
377.8
380.9
380.9
380.8
380.9
383.4
385.2
385.8
386.7
386.6
388.6
389.7
390.8
392.9
392
394
394.3
395.7
397.7
397.9
398.9
399.6
400
400.6
397.6
393.6
390.6
386.7
383.9
380
377.2
373.5
370.8
368.1
365.5
361.9
359.3
356.8
354.3
350.8
348.4
344.5
342.1
339.8
337.4
335.2
332.8
330.6
327.4
325.2
322
318.8
316.6
313.5
310.7
309.9
308.3
307.6
307
305.4
304.9
304.3
302.6
302
301.4
300.8
299.2
298.5
297.9
297.3
296.6
296
295.4
293.7
293.1
292.5
291.8
291.1
290.4
289.8
289.1
288.5
287.8
287.1
287.3
286.7
286
285.4
284.6
283.7
282.9
282.3
281.5
280.8
281
280.3
279.6
278.9
278.1
278.4
277.7
276.9
277.2
276.5
275.7
275
275.2
274.5
273.7
274
273.2
272.4
272.6
271.8
271.1
271.3
270.5
270.4
269.3
269.1
268.9
267.7
268.5
267.4
267.2
267
265.9
265.7
265.5
265.4
264.2
265.1
263.9
263.8
263.6
263.5
262.2
262.1
261.9
260.7
260.5
260.3
260
258.8
258.6
