
Node Configure: 
    Node ID: 2
    Node IP: 10.10.1.4
    Listen IP: 0.0.0.0
    Ports: 50051,50052,50053,50054,50055,50056,50057,50058,50059,50060,50061,50062,50063,50064,50065,50066
    KVDB num (at start): 1
    Server thread num (of each KVDB): 16
    CPU cores num: 35
    KVDB base path: /tmp/nofdb

[INFO] CPU monitor is enabled
[INFO] Stats recorder is enabled

get addr_0, ip_10.10.1.2
get addr_1, ip_10.10.1.3
Initiator is bound to core 3
recover: before head 1216348160 before tail 1216348160
recover: after_head 1216348160 after_tail 1216348160
recover: before head 1216350208
recover: after_head 1216350208
recover: before head 1216546816
recover: after_head 1216546816
recover: before head 1216743424
recover: after_head 1216743424
[INFO] NoFDB opened successfully
[INFO] NoFDBKVS No.0 initialized, belongs to node_id: 2
[INFO] Tagged worker 4 is bound to core 5
[INFO] Tagged worker 6 is bound to core 7
[INFO] Tagged worker 2 is bound to core 11
[INFO] Tagged worker 0 is bound to core 9
[INFO] Tagged worker 5 is bound to core 15
[INFO] Tagged worker 3 is bound to core 13
[INFO] Tagged worker 8 is bound to core 17
[INFO] Tagged worker 9 is bound to core 19
[INFO] Tagged worker 10 is bound to core 21
[INFO] Tagged worker 11 is bound to core 23
[INFO] Tagged worker 12 is bound to core 25
[INFO] Tagged worker 13 is bound to core 27
[INFO] Tagged worker 14 is bound to core 29
[INFO] Tagged worker 15 is bound to core 31
[INFO] Tagged worker 7 is bound to core 33
[INFO] Tagged worker 16 is bound to core 35
[INFO] Tagged worker 1 is bound to core 3
[INFO] NoFDBKVS No.0 -- Server No.4 is listening on 0.0.0.0:50055
[INFO] NoFDBKVS No.0 -- Server No.0 is listening on 0.0.0.0:50051
[INFO] NoFDBKVS No.0 -- Server No.12 is listening on 0.0.0.0:50063
[INFO] NoFDBKVS No.0 -- Server No.13 is listening on 0.0.0.0:50064
[INFO] NoFDBKVS No.0 -- Server No.3 is listening on 0.0.0.0:50054
[INFO] NoFDBKVS No.0 -- Server No.6 is listening on 0.0.0.0:50057
[INFO] NoFDBKVS No.0 -- Server No.5 is listening on 0.0.0.0:50056
[INFO] NoFDBKVS No.0 -- Server No.7 is listening on 0.0.0.0:50058
[INFO] NoFDBKVS No.0 -- Server No.11 is listening on 0.0.0.0:50062
[INFO] NoFDBKVS No.0 -- Server No.9 is listening on 0.0.0.0:50060
[INFO] NoFDBKVS No.0 -- Server No.8 is listening on 0.0.0.0:50059
[INFO] NoFDBKVS No.0 -- Server No.10 is listening on 0.0.0.0:50061
[INFO] NoFDBKVS No.0 -- Server No.1 is listening on 0.0.0.0:50052
[INFO] NoFDBKVS No.0 -- Server No.15 is listening on 0.0.0.0:50066
[INFO] NoFDBKVS No.0 -- Server No.2 is listening on 0.0.0.0:50053
[INFO] NoFDBKVS No.0 -- Server No.14 is listening on 0.0.0.0:50065
[INFO] Node No.2 Configure Table is generated
[INFO] Maintainer is listening on 0.0.0.0:50050

Maintainer received PAUSE signal

===== Load Statistics: 
Total requests: 16661995
Total bytes: 17061882880
Avg DB latency (us): 108.96, P90 (us): 171.23, P99 (us): 185.25, P99.9 (us): 291.30
Avg process latency (us): 108.99, P90 (us): 171.27, P99 (us): 185.29, P99.9 (us): 291.34
Avg read latency (us): 0.00, P90 (us): 0.00, P99 (us): 0.00, P99.9 (us):   0.00
Avg write (insert, update) latency (us): 108.96, P90 (us): 171.23, P99 (us): 185.25, P99.9 (us): 291.30
Avg CPU utilization (percent): 374.72
Eplased time (sec): 384.01
Throughput (MB/s): 42.37
QPS (k): 43.39

===== Stage End =====

Maintainer received STOP signal
[INFO] CPU Monitor is shutting down......

===== Transaction Statistics: 
Total requests: 17395169
Total bytes: 17812653056
Avg DB latency (us): 88.27, P90 (us): 102.14, P99 (us): 154.24, P99.9 (us): 604.84
Avg process latency (us): 88.30, P90 (us): 102.17, P99 (us): 154.28, P99.9 (us): 604.86
Avg read latency (us): 88.27, P90 (us): 102.14, P99 (us): 154.24, P99.9 (us): 604.84
Avg write (insert, update) latency (us): 0.00, P90 (us): 0.00, P99 (us): 0.00, P99.9 (us):   0.00
Avg CPU utilization (percent): 604.39
Eplased time (sec): 332.57
Throughput (MB/s): 51.08
QPS (k): 52.30

===== Stage End =====

[INFO] Stats recorder is shutting down......
[INFO] NoFDBKVS No.0 -- Server No.13 is shutting down......
[INFO] NoFDBKVS No.0 -- Server No.10 is shutting down......
[INFO] NoFDBKVS No.0 -- Server No.5 is shutting down......
[INFO] NoFDBKVS No.0 -- Server No.14 is shutting down......
[INFO] NoFDBKVS No.0 -- Server No.9 is shutting down......
[INFO] NoFDBKVS No.0 -- Server No.6 is shutting down......
[INFO] NoFDBKVS No.0 -- Server No.8 is shutting down......
[INFO] NoFDBKVS No.0 -- Server No.12 is shutting down......
[INFO] NoFDBKVS No.0 -- Server No.7 is shutting down......
[INFO] NoFDBKVS No.0 -- Server No.15 is shutting down......
[INFO] NoFDBKVS No.0 -- Server No.0 is shutting down......
[INFO] NoFDBKVS No.0 -- Server No.11 is shutting down......
[INFO] NoFDBKVS No.0 -- Server No.4 is shutting down......
[INFO] NoFDBKVS No.0 -- Server No.1 is shutting down......
[INFO] NoFDBKVS No.0 -- Server No.3 is shutting down......
[INFO] NoFDBKVS No.0 -- Server No.2 is shutting down......
[INFO] NoFDBKVS No.0 is shutting down......
INFO: Disconnect id_0, is_server_1
INFO: Disconnect id_1, is_server_0
[INFO] Maintainer is shutting down......
