211.2
211.2
211.2
211.2
211.2
211.2
211.2
211.2
211.2
211.2
211.2
211.3
211.3
211.3
211.3
211.3
211.3
211.3
211.3
211.3
211.3
211.3
211.3
211.3
211.3
211.3
211.3
211.3
211.3
211.3
211.4
211.4
211.4
210.4
210.4
210.4
210.4
210.4
210.4
210.4
210.4
210.4
210.4
210.4
210.4
210.4
210.5
210.5
210.5
210.5
210.5
210.5
210.5
210.5
210.5
210.5
210.5
210.5
210.5
210.5
210.5
210.5
210.5
210.5
210.6
210.6
210.6
210.6
210.6
210.6
210.6
210.6
210.6
210.6
210.6
210.6
210.6
210.6
210.6
210.7
210.7
210.7
210.7
210.7
210.7
210.7
210.7
210.7
210.7
210.7
210.7
210.7
210.7
210.7
210.7
210.7
210.7
210.7
210.7
210.8
210.8
210.8
210.8
209.8
209.8
209.8
209.8
209.8
209.8
209.8
209.8
209.8
209.8
209.8
209.8
209.8
209.8
209.9
209.9
209.9
209.9
209.9
209.9
209.9
209.9
209.9
209.9
209.9
209.9
209.9
209.9
209.9
209.9
209.9
209.9
209.9
210
209.9
210
210
210
210
210
210
210
210
210
210
210
210
210
210
210
210
210
210
210
210.1
210.1
210.1
210.1
210.1
210.1
210.1
210.1
210.1
210.1
209.1
209.1
209.1
209.1
209.1
209.1
209.1
209.2
209.2
209.2
209.2
209.2
209.2
209.2
209.2
209.2
209.2
209.2
209.2
209.2
209.2
209.2
209.2
209.2
209.2
209.2
209.2
209.2
209.2
209.3
209.3
209.3
209.3
209.3
209.3
209.3
209.3
209.3
209.3
209.3
209.3
209.3
209.3
209.3
209.3
209.3
209.3
209.3
209.3
209.3
209.4
209.4
209.4
209.4
209.4
209.4
209.4
209.4
209.4
209.4
209.4
209.4
209.4
209.4
209.4
209.4
209.4
209.4
208.4
208.5
208.5
208.5
208.5
208.5
208.5
208.5
208.5
208.5
208.5
208.5
208.5
208.5
208.5
208.5
208.5
208.5
208.5
208.5
208.5
208.5
208.5
208.6
208.6
208.6
208.6
208.6
208.6
208.6
208.6
208.6
208.6
208.6
208.6
208.6
208.6
208.6
208.6
208.6
208.6
208.6
208.6
208.6
208.7
208.7
208.7
208.7
208.7
208.7
208.7
208.7
208.7
208.7
208.7
208.7
208.7
208.7
208.7
208.7
208.7
208.7
208.8
208.8
208.8
208.8
208.8
208.8
208.8
208.8
208.8
208.8
207.8
207.8
207.8
207.8
207.8
207.8
207.8
207.8
207.8
207.8
207.8
207.8
207.8
207.8
207.8
207.9
207.9
207.9
207.9
207.9
207.9
207.9
207.9
207.9
207.9
207.9
207.9
207.9
207.9
207.9
207.9
207.9
207.9
207.9
207.9
207.9
207.9
208
208
208
208
208
208
208
208
208
208
208
208
208
208
208
208
208
208
208
208
208
208
208.1
208.1
208.1
208.1
208.1
208.1
208.1
208.1
208.1
208.1
208.1
208.1
208.1
208.1
208.1
208.1
208.1
208.1
208.1
208.1
207.1
207.2
207.2
207.2
207.2
207.2
207.2
207.2
207.2
207.2
207.2
207.2
207.2
207.2
207.2
207.2
207.2
207.2
207.2
207.2
207.2
207.2
207.2
207.2
207.2
207.2
207.3
207.3
207.3
207.3
207.3
207.3
207.3
207.3
207.3
207.3
207.3
207.3
207.3
207.3
207.3
207.3
207.3
207.3
207.3
207.3
207.3
207.3
207.3
207.3
207.3
207.3
207.3
207.4
207.4
207.4
207.4
207.4
207.4
207.4
207.4
207.4
207.4
207.4
207.4
207.4
207.4
207.4
207.4
207.4
207.4
207.4
207.4
207.4
207.4
207.4
207.4
207.4
207.5
207.5
207.5
207.5
207.5
207.5
207.5
207.5
207.5
206.5
206.5
206.5
206.5
206.5
206.5
206.5
206.5
206.5
206.5
206.5
206.5
206.5
206.5
206.6
206.6
206.6
206.6
206.6
206.6
206.6
206.6
206.6
206.6
206.6
206.6
206.6
206.6
206.6
206.6
206.6
206.6
206.6
206.6
206.6
206.6
206.6
206.6
206.6
206.6
206.7
206.7
206.7
206.7
206.7
206.7
206.7
206.7
206.7
206.7
206.7
206.7
206.7
206.7
206.7
206.7
206.7
206.7
206.7
206.7
206.7
206.7
206.8
206.8
206.8
206.8
206.8
206.8
206.8
206.8
206.8
206.8
206.8
206.8
206.8
206.8
206.8
206.8
206.8
206.8
206.8
206.8
206.9
206.9
206.9
206.9
206.9
206.9
205.9
205.9
205.9
205.9
205.9
205.9
205.9
205.9
205.9
205.9
205.9
205.9
205.9
205.9
205.9
205.9
205.9
205.9
205.9
205.9
205.9
206
206
206
206
206
206
206
206
206
206
206
206
206
206
206
206
206
206
206
206
206
206
206
206
206
206
206
206
206.1
206.1
206.1
206.1
206.1
206.1
206.1
206.1
206.1
206.1
206.1
206.1
206.1
206.1
206.1
206.1
206.1
206.1
206.1
206.1
206.1
206.1
206.1
206.1
206.1
206.1
206.1
206.1
206.1
206.1
206.1
206.2
206.2
206.2
206.2
206.2
206.2
206.2
206.2
206.2
206.2
206.2
206.2
206.2
206.2
206.2
206.2
206.2
206.2
206.2
206.2
206.2
206.2
206.2
206.2
206.2
206.2
206.2
206.2
206.2
206.2
206.3
206.3
206.3
206.3
206.3
205.3
205.3
205.3
205.3
205.3
205.3
205.3
205.3
205.3
205.3
205.3
205.3
205.3
205.3
205.3
205.3
205.3
205.3
205.3
205.3
205.3
205.3
205.3
205.4
205.4
205.4
205.4
205.4
205.4
205.4
205.4
205.4
205.4
205.4
205.4
205.4
205.4
205.4
205.4
205.4
205.4
205.4
205.4
205.4
205.4
205.4
205.4
205.4
205.4
205.4
205.4
205.4
205.4
205.4
205.5
205.5
205.5
205.5
205.5
205.5
205.5
205.5
205.5
205.5
205.5
205.5
205.5
205.5
205.5
205.5
205.5
205.5
205.5
205.5
205.5
205.5
205.5
205.5
205.5
205.5
205.5
205.5
205.5
205.5
205.5
205.5
205.5
205.6
205.6
205.6
205.6
205.6
205.6
205.6
205.6
205.6
205.6
205.6
204.6
204.6
204.6
204.6
204.6
204.6
204.6
204.6
204.6
204.6
204.6
204.6
204.6
204.6
204.6
204.7
204.6
204.6
204.7
204.7
204.7
204.7
204.7
204.7
204.7
204.7
204.7
204.7
204.7
204.7
204.7
204.7
204.7
204.7
204.7
204.7
204.7
204.7
204.7
204.7
204.7
204.7
204.7
204.7
204.7
204.7
204.7
204.8
204.8
204.8
204.8
204.8
204.8
204.8
204.8
204.8
204.8
204.8
204.8
204.8
204.8
204.8
204.8
204.8
204.8
204.8
204.8
204.8
204.8
204.8
204.8
204.8
204.8
204.8
204.8
204.8
204.8
204.8
204.8
204.8
204.8
204.8
204.9
204.9
204.9
204.9
204.9
204.9
204.9
204.9
204.9
204.9
204.9
204.9
204.9
204.9
204.9
204.9
204.9
204.9
204.9
204.9
204.9
204.9
204.9
204.9
204.9
204.9
204.9
204.9
204.9
204.9
204.9
204.9
204.9
204.9
204.9
204.9
204.9
204.9
205
205
205
204
204
204
204
204
204
204
204
204
204
204
204
204
204
204
204
204
204
204
204
204
204
204
204
204
204
204
204
204
204
204
204
204
204
204
204.1
204.1
204.1
204.1
204.1
204.1
204.1
204.1
204.1
204.1
204.1
204.1
204.1
204.1
204.1
204.1
204.1
204.1
204.1
204.1
204.1
204.1
204.1
204.1
204.1
204.1
204.1
204.1
204.1
204.2
204.2
204.2
204.2
204.2
204.2
204.2
204.2
204.2
204.2
204.2
204.2
204.2
204.2
204.2
204.2
204.2
204.2
204.2
204.2
204.2
204.2
204.2
204.2
204.2
204.2
204.2
204.2
204.2
204.2
204.3
204.3
204.3
204.3
204.3
204.3
204.3
204.3
204.3
204.3
204.3
204.3
204.3
204.3
204.3
204.3
204.3
204.3
204.3
204.3
203.3
204.3
204.3
204.3
204.3
204.3
204.3
204.3
204.3
204.3
204.3
204.3
204.3
204.3
204.3
204.3
204.3
204.3
204.3
204.4
204.4
204.4
204.4
203.4
203.4
203.4
203.4
203.4
203.4
203.4
203.4
203.4
203.4
203.4
203.4
203.4
203.4
203.4
203.4
203.4
203.4
203.4
203.4
203.4
203.4
203.4
203.4
203.4
203.4
203.4
203.4
203.4
203.4
203.4
203.4
203.4
203.4
203.4
203.4
203.4
203.4
203.4
203.4
203.5
203.5
203.5
203.5
203.5
203.5
203.5
203.5
203.5
203.5
203.5
203.5
203.5
203.5
203.5
203.5
203.5
203.5
203.5
203.5
203.5
203.5
203.5
203.5
203.5
203.5
203.5
203.5
203.5
203.5
203.5
203.5
203.5
203.5
203.5
203.5
203.5
203.5
203.6
203.5
203.6
203.6
203.6
203.6
203.6
203.6
203.6
203.6
203.6
203.6
203.6
203.6
203.6
203.6
203.6
203.6
203.6
203.6
203.6
203.6
203.6
203.6
203.6
203.6
203.6
203.6
203.6
203.6
203.6
203.6
203.6
203.6
203.6
203.6
203.6
203.6
203.6
203.6
203.6
203.6
203.7
203.7
203.7
203.7
203.7
203.7
203.7
203.7
203.7
203.7
203.7
203.7
203.7
203.7
203.7
203.7
203.7
203.7
203.7
203.7
203.7
203.7
203.7
203.7
203.7
203.7
203.7
202.7
202.7
202.7
202.7
202.7
202.7
202.7
202.7
202.7
202.7
202.7
202.7
202.7
202.7
202.7
202.7
202.7
202.7
202.8
202.8
202.8
202.8
202.8
202.8
202.8
202.8
202.8
202.8
202.8
202.8
202.8
202.8
202.8
202.8
202.8
202.8
202.8
202.8
202.8
202.8
202.8
202.8
202.8
202.8
202.8
202.8
202.8
202.8
202.8
202.8
202.8
202.8
202.8
202.8
202.8
202.8
202.8
202.8
202.8
202.8
202.8
202.9
202.9
202.8
202.9
202.9
202.9
202.9
202.9
202.9
202.9
202.9
202.9
202.9
202.9
202.9
202.9
202.9
202.9
202.9
202.9
202.9
202.9
202.9
202.9
202.9
202.9
202.9
202.9
202.9
202.9
202.9
202.9
202.9
202.9
202.9
202.9
202.9
202.9
202.9
202.9
202.9
202.9
202.9
202.9
202.9
202.9
202.9
202.9
202.9
202.9
202.9
202.9
202.9
202.9
203
203
203
203
203
203
203
203
203
203
203
203
203
203
203
203
203
203
203
203
203
203
203
203
203
203
203
203
203
203
203
203
202
202
202
202
202
202
202
202
202
202
202
202
202
202
202
202.1
202
202.1
202.1
202.1
202.1
202.1
202.1
202.1
202.1
202.1
202.1
202.1
202.1
202.1
202.1
202.1
202.1
202.1
202.1
202.1
202.1
202.1
202.1
202.1
202.1
202.1
202.1
202.1
202.1
202.1
202.1
202.1
202.1
202.1
202.1
202.1
202.1
202.1
202.1
202.1
202.1
202.1
202.1
202.1
202.1
202.1
202.1
202.1
202.1
202.1
202.1
202.1
202.1
202.1
202.1
202.2
202.2
202.2
202.2
202.2
202.2
202.2
202.2
202.2
202.2
202.2
202.2
202.2
202.2
202.2
202.2
202.2
202.2
202.2
202.2
202.2
202.2
202.2
202.2
202.2
202.2
202.2
202.2
202.2
202.2
202.2
202.2
202.2
202.2
202.2
202.2
202.2
202.2
202.2
202.3
202.3
202.3
202.3
202.3
202.3
202.3
202.3
202.3
202.3
202.3
202.3
202.3
202.3
202.3
202.3
202.3
202.3
202.3
202.3
202.3
202.3
202.3
202.3
202.3
202.3
202.3
202.3
202.3
202.3
202.3
202.3
202.3
202.3
202.4
202.4
202.4
202.4
202.4
202.4
202.4
202.4
202.4
202.4
202.4
202.4
202.4
202.4
202.4
202.4
202.4
202.4
202.4
202.4
202.4
202.4
202.4
202.4
202.4
201.4
201.4
201.4
201.4
201.4
201.4
201.4
201.4
201.4
201.4
201.4
201.4
201.4
201.4
201.4
201.4
201.4
201.4
201.4
201.4
201.4
201.4
201.4
201.4
201.4
201.4
201.4
201.4
201.4
201.4
201.4
201.4
201.4
201.5
201.5
201.5
201.5
201.5
201.5
201.5
201.5
201.5
201.5
201.5
201.5
201.5
201.5
201.5
201.5
201.5
201.5
201.5
201.5
201.5
201.5
201.5
201.5
201.5
201.5
201.5
201.5
201.5
201.5
201.5
201.5
201.5
201.5
201.5
201.5
201.5
201.5
201.5
201.5
201.5
201.5
201.5
201.5
201.5
201.5
201.5
201.5
201.6
201.6
201.6
201.6
201.6
201.6
201.6
201.6
201.6
201.6
201.6
201.6
201.6
201.6
201.6
201.6
201.6
201.6
201.6
201.6
201.6
201.6
201.6
201.6
201.6
201.6
201.6
201.6
201.6
201.6
201.6
201.6
201.6
201.6
201.6
201.6
201.6
201.6
201.6
201.6
201.6
201.6
201.6
201.6
201.7
201.7
201.7
201.7
201.7
201.7
201.7
201.7
201.7
201.7
201.7
201.7
201.7
201.7
201.7
201.7
201.7
201.7
201.7
201.7
201.7
201.7
201.7
201.7
201.7
201.7
201.7
201.7
201.7
201.7
201.7
201.7
201.7
201.7
201.7
201.7
201.7
201.7
201.7
201.7
201.7
201.7
201.7
200.7
200.7
200.7
200.7
200.7
201.7
201.7
201.7
201.7
201.7
201.7
201.7
201.7
201.7
201.7
201.8
201.7
201.8
201.8
201.8
201.8
201.8
201.8
201.8
201.8
201.8
200.8
200.8
200.8
200.8
200.8
200.8
200.8
200.8
200.8
200.8
200.8
200.8
200.8
200.8
200.8
200.8
200.8
200.8
200.8
200.8
200.8
200.8
200.8
200.8
200.8
200.8
200.8
200.8
200.8
200.8
200.8
200.8
200.8
200.8
200.8
200.8
200.8
200.8
200.8
200.8
200.8
200.9
200.9
200.9
200.9
200.9
200.9
200.9
200.9
200.9
200.9
200.9
200.9
200.9
200.9
200.9
200.9
200.9
200.9
200.9
200.9
200.9
200.9
200.9
200.9
200.9
200.9
200.9
200.9
200.9
200.9
200.9
200.9
200.9
200.9
200.9
200.9
200.9
200.9
200.9
200.9
200.9
200.9
200.9
200.9
200.9
200.9
200.9
200.9
200.9
200.9
200.9
200.9
200.9
200.9
200.9
200.9
200.9
200.9
200.9
200.9
200.9
200.9
200.9
201
200.9
201
201
201
201
201
201
201
201
201
201
201
201
201
201
201
201
201
201
201
201
201
201
201
201
201
201
201
201
201
201
201
201
201
201
201
201
201
201
201
201
201
201
201
201
201
201
201
201
201
201
201
201
201
201
201
201
201
201
201
201.1
201.1
201.1
201.1
201.1
201.1
201.1
201.1
201.1
200.1
200.1
200.1
200.1
200.1
200.1
200.1
200.1
200.1
200.1
200.1
200.1
200.1
200.1
200.1
200.1
200.1
200.1
200.1
200.1
200.1
200.1
200.1
200.1
200.1
200.1
200.1
200.1
200.1
200.1
200.1
200.1
200.1
200.1
200.1
200.1
200.1
200.1
200.1
200.1
200.1
200.1
200.1
200.1
200.1
200.1
200.1
200.1
200.1
200.1
200.1
200.1
200.1
200.1
200.1
200.2
200.2
200.2
200.2
200.2
200.2
200.2
200.2
200.2
200.2
200.2
200.2
200.2
200.2
200.2
200.2
200.2
200.2
200.2
200.2
200.2
200.2
200.2
200.2
200.2
200.2
200.2
200.2
200.2
200.2
200.2
200.2
200.2
200.2
200.2
200.2
200.2
200.2
200.2
200.2
200.2
200.2
200.2
200.2
200.2
200.2
200.2
200.2
200.2
200.2
200.2
200.2
200.2
200.2
200.2
200.2
200.2
200.2
200.2
200.2
200.2
200.2
200.2
200.2
200.2
200.2
200.2
200.2
200.2
200.3
200.2
200.2
200.3
200.3
200.3
200.3
200.3
200.3
200.3
200.3
200.3
200.3
200.3
200.3
200.3
200.3
200.3
200.3
200.3
200.3
200.3
200.3
200.3
200.3
200.3
200.3
200.3
200.3
200.3
200.3
200.3
200.3
200.3
200.3
200.3
200.3
200.3
200.3
200.3
200.3
200.3
200.3
200.3
200.3
200.3
200.3
200.3
200.3
200.3
200.3
200.3
200.3
200.3
200.3
200.3
200.3
200.3
200.3
200.3
200.3
200.3
200.3
200.3
200.3
200.3
200.3
200.3
200.3
200.3
200.3
200.3
200.3
200.3
200.3
200.3
200.3
200.3
200.3
200.3
200.3
200.4
200.4
200.4
200.4
200.4
200.4
200.4
200.4
200.4
200.4
200.4
200.4
200.4
200.4
200.4
200.4
200.4
200.4
200.4
200.4
200.4
200.4
200.4
200.4
200.4
200.4
200.4
200.4
200.4
200.4
200.4
200.4
200.4
199.4
200.4
200.4
200.4
200.4
200.4
200.4
200.4
200.4
200.4
200.4
200.4
200.4
200.4
200.4
200.4
200.4
200.4
200.4
200.4
200.4
200.4
200.4
200.4
199.4
199.4
199.4
199.4
199.4
199.4
199.5
199.5
199.5
199.5
199.5
199.5
199.5
199.5
199.5
199.5
199.5
199.5
199.5
199.5
199.5
199.5
199.5
199.5
199.5
199.5
199.5
199.5
199.5
199.5
199.5
199.5
199.5
199.5
199.5
199.5
199.5
199.5
199.5
199.5
199.5
199.5
199.5
199.5
199.5
199.5
199.5
199.5
199.5
199.5
199.5
199.5
199.5
199.5
199.5
199.5
199.5
199.5
199.5
199.5
199.5
199.5
199.5
199.5
199.5
199.5
199.5
199.5
199.5
199.5
199.5
199.5
199.5
199.5
199.5
199.6
199.5
199.6
199.6
199.6
199.6
199.6
199.6
199.6
199.6
199.6
199.6
199.6
199.6
199.6
199.6
199.6
199.6
199.6
199.6
199.6
199.6
199.6
199.6
199.6
199.6
199.6
199.6
199.6
199.6
199.6
199.6
199.6
199.6
199.6
199.6
199.6
199.6
199.6
199.6
199.6
199.6
199.6
199.6
199.6
199.6
199.6
199.6
199.6
199.6
199.6
199.6
199.6
199.6
199.6
199.6
199.6
199.6
199.6
199.6
199.6
199.6
199.6
199.6
199.6
199.6
199.6
199.6
199.6
199.6
199.6
199.6
199.6
199.6
199.6
199.6
199.6
199.6
199.6
199.6
199.6
199.6
199.6
199.6
199.6
199.6
199.6
199.6
199.6
199.7
199.6
199.6
199.7
199.7
199.7
199.7
199.7
199.7
199.7
199.7
199.7
199.7
199.7
199.7
199.7
199.7
199.7
199.7
199.7
199.7
199.7
199.7
199.7
199.7
199.7
199.7
199.7
199.7
199.7
199.7
199.7
199.7
199.7
199.7
199.7
199.7
199.7
199.7
199.7
199.7
199.7
199.7
199.7
199.7
199.7
199.7
199.7
199.7
199.7
199.7
199.7
199.7
199.7
199.7
199.7
199.7
199.7
199.7
199.7
199.7
199.7
199.7
199.7
199.7
199.7
199.7
199.7
199.7
199.7
199.7
199.7
199.7
199.7
199.7
199.7
199.7
199.7
199.7
199.7
199.7
199.8
199.8
199.8
199.8
199.8
199.8
199.8
199.8
199.8
199.8
199.8
199.8
199.8
199.8
199.8
199.8
199.8
199.8
199.8
199.8
199.8
199.8
199.8
199.8
199.8
199.8
199.8
199.8
199.8
199.8
199.8
199.8
199.8
199.8
199.8
199.8
199.8
199.8
199.8
199.8
199.8
199.8
199.8
199.8
199.8
199.8
199.8
199.8
199.8
199.8
199.8
199.8
199.8
199.8
199.8
199.8
198.8
198.8
198.8
198.8
198.8
198.8
198.8
198.8
198.8
198.8
198.8
198.8
198.8
198.8
198.8
198.8
198.8
198.8
198.8
198.8
198.8
198.8
198.8
198.8
198.8
198.8
198.8
198.8
198.8
198.8
198.8
198.8
198.7
