8.5
61.1
130.6
176.9
193.5
198.5
204.6
207.1
209.8
211.7
213.4
219
219.8
221.3
222.6
223.6
223.9
224.1
225.1
226.4
228.7
231.8
232.2
232.5
233
233.2
233.6
233.5
233.5
233.8
236.9
237.9
238.5
238.6
238.9
238.8
238.6
238.5
238.3
240
242.2
243.6
243.8
242.1
242.1
242.6
242.8
242.9
243.8
245.3
246.8
246.4
246.2
246.1
246.5
246.5
246.3
246.9
248.1
249.5
249.9
249.9
249.6
249.5
249.4
249.1
249.6
250.7
251.9
252.2
251.9
251.8
251.6
251.4
251.3
251.9
252.8
253.8
254.6
254.5
254.3
254.2
254.3
254.2
254.7
255.5
256.5
257.2
257
256.6
256.5
256.2
256
256.6
257.2
257.9
258.6
258.8
257.7
257.5
257.3
257.1
257.7
258.4
258.9
258.9
258.9
259
259
258.8
258.6
258.9
259
260
261
260
260
259.9
260
260
260
261.2
261.3
262.3
262.3
261.3
261.3
261.2
261.2
261.2
262.2
262.2
263.2
263.2
263.2
262.2
262.2
262.2
262.4
263.4
0
