
Node Configure: 
    Node ID: 0
    Node IP: 10.10.1.2
    Listen IP: 0.0.0.0
    Ports: 50051,50052,50053,50054,50055,50056,50057,50058,50059,50060,50061,50062,50063,50064,50065,50066,50067,50068,50069,50070,50071,50072,50073,50074,50075
    KVDB num (at start): 1
    Server thread num (of each KVDB): 16
    CPU cores num: 32
    KVDB base path: /tmp/nofdb

CPU monitor is enabled
Stats recorder is enabled

recover: before head 0 before tail 0
recover: after_head 0 after_tail 0
recover: before head 2048
recover: after_head 2048
recover: before head 198656
recover: after_head 198656
recover: before head 395264
recover: after_head 395264
RocksDB opened at: /tmp/nofdb0
NoFDBKVS No.0 initialized, DB path: /tmp/nofdb0
WARNING: Logging before InitGoogleLogging() is written to STDERR
I0422 00:03:57.582903 37409 rdma_helper.cpp:447] RDMA device: mlx5_2
I0422 00:03:57.583009 37409 rdma_helper.cpp:449] RDMA LID: 0
I0422 00:03:57.584313 37409 rdma_helper.cpp:454] RDMA GID Index: 3
I0422 00:03:57.585776 37409 block_pool.cpp:145] Start extend rdma memory 1024MB
I0422 00:03:58.483811 37409 server.cpp:1113] Server[nofdb::DBServiceImpl] is serving on port=50053.
I0422 00:03:58.483970 37408 server.cpp:1113] Server[nofdb::DBServiceImpl] is serving on port=50052.
I0422 00:03:58.484185 37407 server.cpp:1113] Server[nofdb::DBServiceImpl] is serving on port=50051.
I0422 00:03:58.484236 37411 server.cpp:1113] Server[nofdb::DBServiceImpl] is serving on port=50055.
I0422 00:03:58.484249 37410 server.cpp:1113] Server[nofdb::DBServiceImpl] is serving on port=50054.
I0422 00:03:58.484237 37420 server.cpp:1113] Server[nofdb::DBServiceImpl] is serving on port=50064.
I0422 00:03:58.484530 37417 server.cpp:1113] Server[nofdb::DBServiceImpl] is serving on port=50061.
I0422 00:03:58.484544 37412 server.cpp:1113] Server[nofdb::DBServiceImpl] is serving on port=50056.
I0422 00:03:58.484532 37416 server.cpp:1113] Server[nofdb::DBServiceImpl] is serving on port=50060.
I0422 00:03:58.484592 37421 server.cpp:1113] Server[nofdb::DBServiceImpl] is serving on port=50065.
I0422 00:03:58.484612 37414 server.cpp:1113] Server[nofdb::DBServiceImpl] is serving on port=50058.
I0422 00:03:58.484838 37418 server.cpp:1113] Server[nofdb::DBServiceImpl] is serving on port=50062.
I0422 00:03:58.484953 37422 server.cpp:1113] Server[nofdb::DBServiceImpl] is serving on port=50066.
I0422 00:03:58.484202 37407 server.cpp:1116] Check out http://node1.motivation-test.nof-rep-pg0.clemson.cloudlab.us:50051 in web browser.
I0422 00:03:58.484578 37416 server.cpp:1116] Check out http://node1.motivation-test.nof-rep-pg0.clemson.cloudlab.us:50060 in web browser.
I0422 00:03:58.484855 37418 server.cpp:1116] Check out http://node1.motivation-test.nof-rep-pg0.clemson.cloudlab.us:50062 in web browser.
I0422 00:03:58.484629 37414 server.cpp:1116] Check out http://node1.motivation-test.nof-rep-pg0.clemson.cloudlab.us:50058 in web browser.
I0422 00:03:58.484254 37411 server.cpp:1116] Check out http://node1.motivation-test.nof-rep-pg0.clemson.cloudlab.us:50055 in web browser.
I0422 00:03:58.484551 37417 server.cpp:1116] Check out http://node1.motivation-test.nof-rep-pg0.clemson.cloudlab.us:50061 in web browser.
I0422 00:03:58.484562 37412 server.cpp:1116] Check out http://node1.motivation-test.nof-rep-pg0.clemson.cloudlab.us:50056 in web browser.
I0422 00:03:58.484608 37421 server.cpp:1116] Check out http://node1.motivation-test.nof-rep-pg0.clemson.cloudlab.us:50065 in web browser.
I0422 00:03:58.485472 37413 server.cpp:1113] Server[nofdb::DBServiceImpl] is serving on port=50057.
I0422 00:03:58.483839 37409 server.cpp:1116] Check out http://node1.motivation-test.nof-rep-pg0.clemson.cloudlab.us:50053 in web browser.
I0422 00:03:58.484972 37422 server.cpp:1116] Check out http://node1.motivation-test.nof-rep-pg0.clemson.cloudlab.us:50066 in web browser.
I0422 00:03:58.484290 37420 server.cpp:1116] Check out http://node1.motivation-test.nof-rep-pg0.clemson.cloudlab.us:50064 in web browser.
I0422 00:03:58.484268 37410 server.cpp:1116] Check out http://node1.motivation-test.nof-rep-pg0.clemson.cloudlab.us:50054 in web browser.
I0422 00:03:58.483994 37408 server.cpp:1116] Check out http://node1.motivation-test.nof-rep-pg0.clemson.cloudlab.us:50052 in web browser.
I0422 00:03:58.485494 37413 server.cpp:1116] Check out http://node1.motivation-test.nof-rep-pg0.clemson.cloudlab.us:50057 in web browser.
NoFDBKVS No.0 -- Server No.0 is listening on 0.0.0.0:50051
NoFDBKVS No.NoFDBKVS No.00 -- Server No.10 is listening on 0.0.0.0:50061NoFDBKVS No.
 -- Server No.11 is listening on 0.0.0.0:50062
I0422 00:03:58.485698 37415 server.cpp:1113] Server[nofdb::DBServiceImpl] is serving on port=50059.
I0422 00:03:58.485714 37415 server.cpp:1116] Check out http://node1.motivation-test.nof-rep-pg0.clemson.cloudlab.us:50059 in web browser.
NoFDBKVS No.NoFDBKVS No.NoFDBKVS No.NoFDBKVS No.000 -- Server No. -- Server No.0 -- Server No.2 is listening on 0.0.0.0:50053 -- Server No.NoFDBKVS No.
049NoFDBKVS No.0 -- Server No.NoFDBKVS No.NoFDBKVS No. -- Server No. is listening on 0 -- Server No.3 is listening on 0.0.0.0:50054NoFDBKVS No.0 is listening on 5NoFDBKVS No.7NoFDBKVS No.
00 -- Server No. is listening on 0 -- Server No.13 is listening on 00.0.0.0:500550.0.0.0:50060 -- Server No. is listening on 

0.0.0.0:50056 -- Server No.156 is listening on 0.0.0.0:500570.0.0.0:50064 -- Server No.0.0.0.0:50058
8 is listening on 
 is listening on 
0.0.0.0:5006610.0.0.0:50059
 is listening on 0.0.0.0:50052


14 is listening on 0.0.0.0:50065
NoFDBKVS No.0 -- Server No.3 is bound to core 4
NoFDBKVS No.0 -- Server No.4 is bound to core 5
NoFDBKVS No.0 -- Server No.5 is bound to core 6
NoFDBKVS No.0 -- Server No.6 is bound to core 9
NoFDBKVS No.0 -- Server No.9 is bound to core 7
NoFDBKVS No.0 -- Server No.8 is bound to core 10
NoFDBKVS No.0 -- Server No.1 is bound to core 11
NoFDBKVS No.0 -- Server No.15 is bound to core 14
NoFDBKVS No.0 -- Server No.13 is bound to core 12
NoFDBKVS No.NoFDBKVS No.0 -- Server No.00 -- Server No. is bound to core NoFDBKVS No.7 is bound to core 8
0 -- Server No.14 is bound to core 13
15
NoFDBKVS No.0 -- Server No.10 is bound to core 16
NoFDBKVS No.0 -- Server No.11 is bound to core 17
NoFDBKVS No.0 -- Server No.2 is bound to core 18
I0422 00:03:58.486820 37419 server.cpp:1113] Server[nofdb::DBServiceImpl] is serving on port=50063.
I0422 00:03:58.486835 37419 server.cpp:1116] Check out http://node1.motivation-test.nof-rep-pg0.clemson.cloudlab.us:50063 in web browser.
NoFDBKVS No.0 -- Server No.12 is listening on 0.0.0.0:50063
NoFDBKVS No.0 -- Server No.12 is bound to core 19
Node No.0 Configure Table is generated
I0422 00:03:58.523627 37382 server.cpp:1113] Server[nofdb::NoFDBMaintainer] is serving on port=50050.
I0422 00:03:58.523638 37382 server.cpp:1116] Check out http://node1.motivation-test.nof-rep-pg0.clemson.cloudlab.us:50050 in web browser.
Maintainer is listening on 0.0.0.0:50050

Maintainer received PAUSE signal

===== Load Statistics: 
Total requests: 16668358
Total bytes: 17068400640
Avg process latency (us): 187.55, P90 (us): 63.07, P99 (us): 3666.06, P99.9 (us): 32512.57
Avg CPU utilization (percent): 1872.60
Eplased time (sec): 616.45
Throughput (MB/s): 26.41
QPS (k): 27.04
KV Cache miss: 0

===== Interval =====

Maintainer received STOP signal

===== Transaction Statistics: 
Total requests: 18073453
Total bytes: 18507217920
Avg process latency (us): 1.67, P90 (us): 3.10, P99 (us): 15.71, P99.9 (us):  23.61
Avg CPU utilization (percent): 2131.85
Eplased time (sec): 77.44
Throughput (MB/s): 227.91
QPS (k): 233.38
KV Cache miss: 0

===== Interval =====

NoFDBKVS No.NoFDBKVS No.NoFDBKVS No.00 -- Server No.NoFDBKVS No.NoFDBKVS No.NoFDBKVS No.0NoFDBKVS No. -- Server No.0 -- Server No.NoFDBKVS No.NoFDBKVS No.NoFDBKVS No.0 -- Server No.NoFDBKVS No.NoFDBKVS No.NoFDBKVS No.4Stats recorder is shutting down......
0 is shutting down...... -- Server No.0NoFDBKVS No.
 -- Server No.00 is shutting down......NoFDBKVS No.
00 -- Server No.14 -- Server No.0 -- Server No.1 is shutting down......
200 -- Server No. -- Server No.118130 is shutting down...... -- Server No. is shutting down...... is shutting down...... -- Server No.69 -- Server No.0 is shutting down......
5
 is shutting down......
3 is shutting down......

 -- Server No.12 is shutting down......
 is shutting down......
15 is shutting down......
 is shutting down......

NoFDBKVS No.0 -- Server No.10 is shutting down......
 is shutting down......
7 is shutting down......
NoFDBKVS No.0 is shutting down......
CPU Monitor is shutting down......
Maintainer is shutting down......
I0422 00:15:55.541514 37589 server.cpp:1173] Server[nofdb::NoFDBMaintainer] is going to quit
In deconstructor: Maintainer is shutting down......
