 7.9
 7.8
 7.6
 7.5
 7.3
 7.2
18.4
27.7
39.2
48.0
57.3
65.1
72.7
81.9
88.3
93.1
98.9
 105
 114
 121
 126
 134
 141
 149
 154
 159
 163
 168
 174
 179
 185
 191
 197
 201
 207
 210
 216
 221
 226
 230
 235
 239
 241
 245
 249
 254
 257
 261
 264
 269
 271
 275
 278
 280
 283
 285
 286
 288
 291
 293
 295
 296
 299
 302
 305
 307
 309
 313
 315
 318
 320
 323
 325
 327
 328
 330
 333
 335
 337
 340
 342
 345
 347
 349
 351
 353
 354
 356
 358
 360
 362
 364
 365
 367
 368
 370
 372
 374
 375
 378
 379
 381
 383
 385
 386
 388
 389
 391
 392
 393
 393
 394
 395
 396
 397
 398
 399
 401
 401
 402
 403
 405
 406
 407
 407
 408
 410
 410
 411
 413
 413
 414
 414
 415
 416
 416
 417
 417
 418
 419
 419
 420
 421
 422
 423
 424
 426
 426
 427
 427
 428
 428
 429
 429
 430
 430
 430
 432
 433
 434
 434
 435
 435
 435
 436
 437
 438
 439
 440
 441
 442
 442
 443
 443
 443
 443
 444
 444
 444
 444
 444
 445
 446
 446
 446
 447
 448
 448
 449
 450
 450
 451
 452
 452
 453
 454
 454
 455
 455
 456
 456
 457
 458
 458
 459
 460
 460
 460
 461
 461
 462
 462
 462
 463
 463
 463
 463
 464
 464
 464
 464
 464
 464
 464
 464
 464
 464
 464
 465
 466
 466
 467
 467
 468
 468
 468
 468
 468
 469
 469
 469
 470
 471
 471
 471
 471
 471
 472
 472
 473
 473
 474
 475
 475
 476
 476
 476
 476
 477
 477
 478
 479
 478
