 7.7
 7.5
 7.4
 7.2
14.8
26.8
36.8
45.8
52.9
62.7
72.1
80.9
88.9
95.6
 100
 109
 117
 123
 129
 135
 140
 147
 154
 159
 164
 168
 175
 178
 182
 187
 191
 196
 199
 203
 208
 211
 216
 219
 223
 225
 229
 233
 236
 239
 241
 244
 248
 251
 254
 255
 259
 261
 264
 268
 270
 272
 274
 276
 279
 282
 285
 287
 288
 290
 292
 294
 296
 298
 299
 301
 303
 305
 307
 309
 310
 313
 314
 315
 317
 318
 321
 322
 324
 326
 328
 330
 332
 333
 335
 336
 338
 340
 341
 342
 344
 345
 347
 348
 349
 351
 352
 354
 355
 356
 357
 359
 360
 361
 362
 363
 365
 366
 367
 368
 369
 370
 371
 372
 373
 374
 375
 376
 377
 378
 379
 380
 380
 381
 383
 383
 384
 385
 386
 387
 388
 389
 390
 390
 391
 392
 393
 394
 395
 396
 397
 397
 398
 398
 399
 400
 400
 401
 401
 402
 402
 403
 403
 403
 404
 405
 405
 405
 406
 406
 407
 408
 408
 409
 409
 410
 410
 411
 411
 412
 412
 413
 413
 413
 414
 415
 415
 416
 416
 417
 418
 418
 418
 418
 419
 419
 420
 420
 420
 421
 422
 422
 422
 422
 423
 423
 424
 424
 424
 424
 425
 425
 425
 426
 426
 427
 427
 427
 427
 428
 428
 428
 429
 429
 430
 430
 430
 431
 431
 431
 432
 432
 432
 432
 433
 433
 433
 433
 433
 434
 435
 435
 435
 436
 436
 436
 437
 437
 438
 438
 438
 439
 439
 439
 440
 440
 440
 441
 441
 442
 442
 442
 442
 442
 443
 443
 444
 444
 444
 445
 445
 445
 446
 446
 446
 446
 447
 447
 447
 447
 447
 448
 448
 448
 448
 448
 449
 449
 449
 449
 449
 449
