 8.3
 8.2
 8.0
 7.8
 7.7
10.1
21.4
30.2
38.5
45.1
53.4
61.0
69.3
75.0
83.1
88.7
95.2
 100
 105
 111
 117
 122
 127
 131
 136
 140
 144
 148
 151
 155
 159
 163
 167
 170
 172
 175
 178
 182
 185
 188
 189
 192
 195
 199
 201
 205
 208
 211
 214
 217
 219
 221
 223
 226
 228
 230
 232
 234
 237
 238
 240
 242
 244
 246
 248
 250
 252
 253
 255
 257
 258
 260
 263
 264
 265
 267
 268
 269
 272
 273
 275
 276
 278
 280
 282
 283
 284
 285
 286
 288
 289
 290
 291
 292
 293
 295
 296
 297
 298
 299
 300
 302
 303
 304
 305
 306
 307
 309
 310
 311
 312
 312
 314
 315
 316
 317
 318
 319
 321
 322
 323
 324
 325
 326
 327
 328
 328
 329
 330
 331
 332
 333
 333
 334
 335
 336
 337
 337
 338
 339
 340
 341
 341
 342
 342
 343
 344
 345
 345
 346
 347
 347
 348
 349
 349
 350
 351
 351
 352
 353
 353
 354
 355
 356
 356
 357
 358
 359
 359
 360
 360
 361
 362
 362
 363
 363
 364
 364
 365
 366
 367
 367
 368
 370
 370
 371
 372
 372
 373
 373
 373
 374
 374
 374
 374
 375
 375
 376
 376
 377
 377
 378
 378
 378
 379
 379
 379
 380
 380
 380
 381
 381
 382
 382
 382
 382
 383
 383
 384
 384
 385
 386
 387
 387
 387
 387
 388
 388
 388
 388
 389
 389
 389
 389
 390
 390
 391
 391
 392
 392
 392
 393
 393
 393
 393
 394
 394
 394
 394
 394
 394
 395
 395
 395
 396
 396
 396
 396
 396
 396
 397
 397
 397
 397
 397
 397
 397
 398
 398
 398
 398
 398
 399
 399
 399
 399
 399
 399
 399
 399
 399
 399
 400
 400
 400
 400
 400
 400
 401
 401
 401
 401
 401
 401
 402
 402
 402
 402
 402
 402
 402
 402
