 473
 472
 471
 469
 468
 467
 472
 473
 474
 476
 477
 478
 480
 481
 482
 483
 484
 486
 487
 488
 489
 490
 491
 492
 493
 494
 496
 496
 497
 498
 499
 500
 501
 501
 502
 503
 504
 505
 505
 506
 507
 507
 508
 508
 509
 509
 510
 511
 511
 512
 512
 513
 513
 514
 515
 515
 515
 516
 516
 517
 517
 517
 518
 518
 519
 519
 520
 520
 521
 521
 522
 522
 522
 523
 523
 523
 524
 524
 525
 525
 526
 526
 527
 527
 528
 528
 528
 529
 529
 530
 530
 530
 531
 531
 531
 532
 532
 533
 533
 533
 534
 534
 535
 535
 535
 536
 536
 537
 537
 537
 538
 538
 538
 539
 539
 539
 539
 540
 540
 540
 540
 540
 541
 541
 541
 541
 541
 541
 542
 542
 542
 542
 543
 543
 543
 543
 543
 543
 544
 544
 544
 544
 545
 545
 545
 545
 545
 545
 546
 546
 546
 547
 547
 547
 547
 547
 547
 547
 547
 547
 547
 547
 547
 547
 547
 547
 547
 547
 547
 547
 548
 548
 548
 548
 548
 548
 548
 548
 548
 548
 548
 548
 548
 548
 548
 548
 548
 548
 548
 548
 548
 548
 548
 548
 548
 548
 548
 548
 548
 548
 548
 548
 548
 549
 549
 549
 549
 549
 549
 549
 549
 549
 549
 549
 549
 549
 549
 549
 549
 549
 549
 549
 549
 549
 549
 549
 549
 549
 549
 549
 549
 549
 549
 549
 549
 549
 549
 550
 550
 550
 550
 550
 550
 550
 550
 550
 550
 550
 550
 550
 550
 550
 550
 550
 550
 550
 551
 551
 551
 551
 551
 551
 551
 551
 551
 551
 551
 551
 551
 551
 551
 551
 551
 551
 551
 551
 551
 551
 551
 550
