
/usr/bin/java -Xmx64G -XX:MaxDirectMemorySize=64G -classpath /root/YCSB/conf:/root/YCSB/core/target/core-0.18.0-SNAPSHOT.jar:/root/YCSB/rocksdb/target/rocksdb-binding-0.18.0-SNAPSHOT.jar:/root/YCSB/rocksdb/target/dependency/HdrHistogram-2.1.4.jar:/root/YCSB/rocksdb/target/dependency/animal-sniffer-annotations-1.19.jar:/root/YCSB/rocksdb/target/dependency/annotations-4.1.1.4.jar:/root/YCSB/rocksdb/target/dependency/checker-compat-qual-2.5.5.jar:/root/YCSB/rocksdb/target/dependency/error_prone_annotations-2.4.0.jar:/root/YCSB/rocksdb/target/dependency/failureaccess-1.0.1.jar:/root/YCSB/rocksdb/target/dependency/grpc-api-1.37.1.jar:/root/YCSB/rocksdb/target/dependency/grpc-context-1.37.1.jar:/root/YCSB/rocksdb/target/dependency/grpc-core-1.37.1.jar:/root/YCSB/rocksdb/target/dependency/grpc-netty-shaded-1.37.1.jar:/root/YCSB/rocksdb/target/dependency/grpc-protobuf-1.37.1.jar:/root/YCSB/rocksdb/target/dependency/grpc-protobuf-lite-1.37.1.jar:/root/YCSB/rocksdb/target/dependency/grpc-stub-1.37.1.jar:/root/YCSB/rocksdb/target/dependency/gson-2.8.6.jar:/root/YCSB/rocksdb/target/dependency/guava-30.0-android.jar:/root/YCSB/rocksdb/target/dependency/htrace-core4-4.1.0-incubating.jar:/root/YCSB/rocksdb/target/dependency/j2objc-annotations-1.3.jar:/root/YCSB/rocksdb/target/dependency/jcip-annotations-1.0.jar:/root/YCSB/rocksdb/target/dependency/jsr305-3.0.2.jar:/root/YCSB/rocksdb/target/dependency/listenablefuture-9999.0-empty-to-avoid-conflict-with-guava.jar:/root/YCSB/rocksdb/target/dependency/perfmark-api-0.23.0.jar:/root/YCSB/rocksdb/target/dependency/proto-google-common-protos-2.0.1.jar:/root/YCSB/rocksdb/target/dependency/protobuf-java-3.12.0.jar:/root/YCSB/rocksdb/target/dependency/rocksdbjni-6.14.0.jar:/root/YCSB/rocksdb/target/dependency/slf4j-api-1.7.25.jar:/root/YCSB/rocksdb/target/dependency/slf4j-simple-1.7.25.jar site.ycsb.Client -load -db site.ycsb.db.rocksdb.RocksDBClient -s -P workloads/workloadc -p rocksdb.dir=null -p replicator=localhost:50040 -p shard=2 -p status.interval=10000 -p target=90000 -threads 4
Command line: -load -db site.ycsb.db.rocksdb.RocksDBClient -s -P workloads/workloadc -p rocksdb.dir=null -p replicator=localhost:50040 -p shard=2 -p status.interval=10000 -p target=90000 -threads 4
threadcount: 4
YCSB Client 0.18.0-SNAPSHOT

Loading workload...
Starting test.
[Thread-5] INFO site.ycsb.db.rocksdb.RocksDBClient - RocksDB data dir: null
2025-08-17 12:25:48:662 0 sec: 0 operations; est completion in 0 second 
DBWrapper: report latency for each error is false and specific error codes to track for latency are: []
2025-08-17 12:25:58:641 10 sec: 41901 operations; 4189.68 current ops/sec; est completion in 47 minutes [INSERT: Count=41905, Max=274175, Min=398, Avg=917.17, 90=1075, 99=1436, 99.9=3183, 99.99=9047] 
2025-08-17 12:26:08:641 20 sec: 86919 operations; 4501.8 current ops/sec; est completion in 45 minutes [INSERT: Count=45015, Max=4763, Min=412, Avg=878.51, 90=1051, 99=1328, 99.9=1662, 99.99=3185] 
2025-08-17 12:26:18:641 30 sec: 131932 operations; 4501.3 current ops/sec; est completion in 44 minutes [INSERT: Count=45013, Max=11799, Min=292, Avg=881.53, 90=1062, 99=1354, 99.9=1816, 99.99=6271] 
2025-08-17 12:26:28:641 40 sec: 176930 operations; 4500.25 current ops/sec; est completion in 44 minutes [INSERT: Count=44997, Max=15663, Min=423, Avg=880.51, 90=1055, 99=1318, 99.9=1599, 99.99=3279] 
2025-08-17 12:26:38:641 50 sec: 221428 operations; 4449.36 current ops/sec; est completion in 44 minutes [INSERT: Count=44499, Max=5483, Min=254, Avg=890.65, 90=1069, 99=1352, 99.9=1683, 99.99=3443] 
2025-08-17 12:26:48:641 60 sec: 266287 operations; 4485.9 current ops/sec; est completion in 44 minutes [INSERT: Count=44859, Max=17231, Min=421, Avg=883.2, 90=1062, 99=1325, 99.9=1657, 99.99=4871] 
2025-08-17 12:26:58:641 70 sec: 311061 operations; 4477.4 current ops/sec; est completion in 43 minutes [INSERT: Count=44773, Max=5711, Min=435, Avg=886.87, 90=1068, 99=1335, 99.9=1650, 99.99=2801] 
2025-08-17 12:27:08:641 80 sec: 355855 operations; 4479.4 current ops/sec; est completion in 43 minutes [INSERT: Count=44794, Max=16975, Min=320, Avg=885.92, 90=1066, 99=1343, 99.9=1760, 99.99=12223] 
2025-08-17 12:27:18:641 90 sec: 400950 operations; 4509.5 current ops/sec; est completion in 43 minutes [INSERT: Count=45095, Max=4013, Min=412, Avg=879.24, 90=1061, 99=1332, 99.9=1632, 99.99=3257] 
2025-08-17 12:27:28:641 100 sec: 447640 operations; 4669 current ops/sec; est completion in 43 minutes [INSERT: Count=46691, Max=14615, Min=289, Avg=851.85, 90=1050, 99=1331, 99.9=1723, 99.99=4775] 
2025-08-17 12:27:38:641 110 sec: 493168 operations; 4552.8 current ops/sec; est completion in 42 minutes [INSERT: Count=45527, Max=12519, Min=270, Avg=873.82, 90=1061, 99=1337, 99.9=1639, 99.99=2993] 
2025-08-17 12:27:48:642 120 sec: 538048 operations; 4488 current ops/sec; est completion in 42 minutes [INSERT: Count=44880, Max=10567, Min=327, Avg=885.03, 90=1065, 99=1346, 99.9=1687, 99.99=4387] 
2025-08-17 12:27:58:641 130 sec: 583215 operations; 4516.7 current ops/sec; est completion in 42 minutes [INSERT: Count=45167, Max=15127, Min=349, Avg=877.46, 90=1059, 99=1328, 99.9=1619, 99.99=5387] 
2025-08-17 12:28:08:641 140 sec: 628290 operations; 4507.5 current ops/sec; est completion in 42 minutes [INSERT: Count=45075, Max=15983, Min=427, Avg=880.75, 90=1060, 99=1330, 99.9=1611, 99.99=3241] 
2025-08-17 12:28:18:641 150 sec: 673778 operations; 4548.8 current ops/sec; est completion in 42 minutes [INSERT: Count=45488, Max=6035, Min=367, Avg=874.64, 90=1060, 99=1335, 99.9=1662, 99.99=4915] 
2025-08-17 12:28:28:641 160 sec: 719415 operations; 4563.7 current ops/sec; est completion in 41 minutes [INSERT: Count=45638, Max=4875, Min=407, Avg=871.74, 90=1051, 99=1328, 99.9=1611, 99.99=3743] 
2025-08-17 12:28:38:641 170 sec: 764620 operations; 4520.5 current ops/sec; est completion in 41 minutes [INSERT: Count=45204, Max=10303, Min=316, Avg=880.23, 90=1065, 99=1345, 99.9=1663, 99.99=7691] 
2025-08-17 12:28:48:641 180 sec: 810216 operations; 4559.6 current ops/sec; est completion in 41 minutes [INSERT: Count=45596, Max=15263, Min=407, Avg=872.51, 90=1053, 99=1323, 99.9=1614, 99.99=7279] 
2025-08-17 12:28:58:641 190 sec: 855517 operations; 4530.1 current ops/sec; est completion in 41 minutes [INSERT: Count=45301, Max=16879, Min=425, Avg=878.27, 90=1059, 99=1332, 99.9=1600, 99.99=3643] 
2025-08-17 12:29:08:641 200 sec: 903589 operations; 4807.2 current ops/sec; est completion in 40 minutes [INSERT: Count=48072, Max=16135, Min=263, Avg=827.45, 90=1038, 99=1369, 99.9=3877, 99.99=15351] 
2025-08-17 12:29:18:641 210 sec: 948780 operations; 4519.1 current ops/sec; est completion in 40 minutes [INSERT: Count=45191, Max=3197, Min=434, Avg=878.55, 90=1060, 99=1324, 99.9=1604, 99.99=1867] 
2025-08-17 12:29:28:641 220 sec: 993965 operations; 4518.5 current ops/sec; est completion in 40 minutes [INSERT: Count=45185, Max=4563, Min=261, Avg=877.85, 90=1065, 99=1345, 99.9=1688, 99.99=3693] 
2025-08-17 12:29:38:641 230 sec: 1039487 operations; 4552.2 current ops/sec; est completion in 40 minutes [INSERT: Count=45523, Max=7871, Min=420, Avg=872.16, 90=1052, 99=1321, 99.9=1568, 99.99=1973] 
2025-08-17 12:29:48:641 240 sec: 1084831 operations; 4534.85 current ops/sec; est completion in 40 minutes [INSERT: Count=45343, Max=6791, Min=310, Avg=877.42, 90=1060, 99=1336, 99.9=1656, 99.99=3083] 
2025-08-17 12:29:58:641 250 sec: 1130533 operations; 4569.74 current ops/sec; est completion in 40 minutes [INSERT: Count=45702, Max=16911, Min=318, Avg=870.59, 90=1050, 99=1330, 99.9=1622, 99.99=3399] 
2025-08-17 12:30:08:641 260 sec: 1176019 operations; 4548.6 current ops/sec; est completion in 39 minutes [INSERT: Count=45486, Max=3369, Min=404, Avg=874.66, 90=1059, 99=1335, 99.9=1625, 99.99=2085] 
2025-08-17 12:30:18:641 270 sec: 1221254 operations; 4523.5 current ops/sec; est completion in 39 minutes [INSERT: Count=45236, Max=13159, Min=310, Avg=877.27, 90=1062, 99=1333, 99.9=1650, 99.99=4387] 
2025-08-17 12:30:28:642 280 sec: 1266430 operations; 4517.15 current ops/sec; est completion in 39 minutes [INSERT: Count=45175, Max=2805, Min=427, Avg=877.58, 90=1058, 99=1334, 99.9=1594, 99.99=2010] 
2025-08-17 12:30:38:641 290 sec: 1311802 operations; 4537.65 current ops/sec; est completion in 39 minutes [INSERT: Count=45373, Max=14551, Min=298, Avg=874.1, 90=1057, 99=1335, 99.9=1701, 99.99=12823] 
2025-08-17 12:30:48:642 300 sec: 1360270 operations; 4846.32 current ops/sec; est completion in 39 minutes [INSERT: Count=48468, Max=16735, Min=273, Avg=820.75, 90=1031, 99=1365, 99.9=6463, 99.99=15391] 
2025-08-17 12:30:58:641 310 sec: 1405401 operations; 4513.55 current ops/sec; est completion in 38 minutes [INSERT: Count=45130, Max=7447, Min=404, Avg=881.56, 90=1063, 99=1336, 99.9=1691, 99.99=4451] 
2025-08-17 12:31:08:641 320 sec: 1450971 operations; 4557 current ops/sec; est completion in 38 minutes [INSERT: Count=45572, Max=12799, Min=331, Avg=873.05, 90=1057, 99=1335, 99.9=1645, 99.99=2573] 
2025-08-17 12:31:18:641 330 sec: 1496306 operations; 4533.5 current ops/sec; est completion in 38 minutes [INSERT: Count=45333, Max=2161, Min=412, Avg=877.68, 90=1058, 99=1336, 99.9=1638, 99.99=1922] 
2025-08-17 12:31:28:642 340 sec: 1541824 operations; 4551.34 current ops/sec; est completion in 38 minutes [INSERT: Count=45519, Max=3689, Min=289, Avg=874.18, 90=1060, 99=1335, 99.9=1661, 99.99=2301] 
2025-08-17 12:31:38:641 350 sec: 1587679 operations; 4585.96 current ops/sec; est completion in 38 minutes [INSERT: Count=45854, Max=2585, Min=425, Avg=867.6, 90=1049, 99=1311, 99.9=1584, 99.99=1885] 
2025-08-17 12:31:48:642 360 sec: 1632776 operations; 4509.25 current ops/sec; est completion in 38 minutes [INSERT: Count=45099, Max=9527, Min=316, Avg=882.35, 90=1067, 99=1349, 99.9=1704, 99.99=4431] 
2025-08-17 12:31:58:641 370 sec: 1678429 operations; 4565.76 current ops/sec; est completion in 37 minutes [INSERT: Count=45653, Max=5795, Min=301, Avg=871.45, 90=1054, 99=1329, 99.9=1611, 99.99=2285] 
2025-08-17 12:32:08:642 380 sec: 1723696 operations; 4526.25 current ops/sec; est completion in 37 minutes [INSERT: Count=45265, Max=18143, Min=427, Avg=879.12, 90=1059, 99=1333, 99.9=1619, 99.99=5079] 
2025-08-17 12:32:18:641 390 sec: 1771804 operations; 4811.28 current ops/sec; est completion in 37 minutes [INSERT: Count=48109, Max=27071, Min=253, Avg=826.76, 90=1041, 99=1392, 99.9=4883, 99.99=17263] 
2025-08-17 12:32:28:642 400 sec: 1820919 operations; 4911.01 current ops/sec; est completion in 37 minutes [INSERT: Count=49114, Max=16159, Min=279, Avg=809.89, 90=1028, 99=1365, 99.9=5511, 99.99=15031] 
2025-08-17 12:32:38:641 410 sec: 1866371 operations; 4545.65 current ops/sec; est completion in 37 minutes [INSERT: Count=45452, Max=7959, Min=305, Avg=874.46, 90=1059, 99=1332, 99.9=1629, 99.99=2639] 
2025-08-17 12:32:48:642 420 sec: 1911637 operations; 4526.6 current ops/sec; est completion in 36 minutes [INSERT: Count=45266, Max=12151, Min=342, Avg=874.9, 90=1056, 99=1329, 99.9=1688, 99.99=4003] 
2025-08-17 12:32:58:641 430 sec: 1956792 operations; 4515.5 current ops/sec; est completion in 36 minutes [INSERT: Count=45155, Max=3659, Min=423, Avg=879.88, 90=1061, 99=1338, 99.9=1611, 99.99=1968] 
2025-08-17 12:33:08:642 440 sec: 2002490 operations; 4569.34 current ops/sec; est completion in 36 minutes [INSERT: Count=45698, Max=20767, Min=273, Avg=870.74, 90=1052, 99=1324, 99.9=1607, 99.99=3167] 
2025-08-17 12:33:18:641 450 sec: 2047892 operations; 4540.65 current ops/sec; est completion in 36 minutes [INSERT: Count=45403, Max=17199, Min=423, Avg=876.28, 90=1057, 99=1323, 99.9=1598, 99.99=13943] 
2025-08-17 12:33:28:642 460 sec: 2093365 operations; 4546.85 current ops/sec; est completion in 36 minutes [INSERT: Count=45473, Max=13975, Min=316, Avg=875.04, 90=1057, 99=1331, 99.9=1649, 99.99=7263] 
2025-08-17 12:33:38:641 470 sec: 2139022 operations; 4566.16 current ops/sec; est completion in 36 minutes [INSERT: Count=45657, Max=17295, Min=390, Avg=871.36, 90=1052, 99=1320, 99.9=1624, 99.99=2545] 
2025-08-17 12:33:48:642 480 sec: 2184839 operations; 4581.24 current ops/sec; est completion in 35 minutes [INSERT: Count=45816, Max=12455, Min=276, Avg=868.51, 90=1059, 99=1338, 99.9=1664, 99.99=5219] 
2025-08-17 12:33:58:641 490 sec: 2237193 operations; 5235.92 current ops/sec; est completion in 35 minutes [INSERT: Count=52354, Max=16319, Min=256, Avg=759.47, 90=983, 99=1403, 99.9=9167, 99.99=15191] 
2025-08-17 12:34:08:641 500 sec: 2282776 operations; 4558.3 current ops/sec; est completion in 35 minutes [INSERT: Count=45583, Max=16591, Min=309, Avg=872.77, 90=1059, 99=1341, 99.9=1671, 99.99=14335] 
2025-08-17 12:34:18:641 510 sec: 2328576 operations; 4580 current ops/sec; est completion in 35 minutes [INSERT: Count=45800, Max=15535, Min=293, Avg=868.75, 90=1054, 99=1335, 99.9=1662, 99.99=4931] 
2025-08-17 12:34:28:642 520 sec: 2373989 operations; 4540.85 current ops/sec; est completion in 35 minutes [INSERT: Count=45415, Max=5115, Min=399, Avg=876.23, 90=1059, 99=1342, 99.9=1664, 99.99=4183] 
2025-08-17 12:34:38:641 530 sec: 2419468 operations; 4548.35 current ops/sec; est completion in 34 minutes [INSERT: Count=45477, Max=5831, Min=338, Avg=874.81, 90=1065, 99=1338, 99.9=1648, 99.99=2377] 
2025-08-17 12:34:48:641 540 sec: 2465394 operations; 4592.6 current ops/sec; est completion in 34 minutes [INSERT: Count=45927, Max=12991, Min=334, Avg=866.28, 90=1048, 99=1319, 99.9=1578, 99.99=2833] 
2025-08-17 12:34:58:641 550 sec: 2510821 operations; 4542.7 current ops/sec; est completion in 34 minutes [INSERT: Count=45427, Max=14975, Min=315, Avg=875.84, 90=1064, 99=1349, 99.9=1647, 99.99=2837] 
2025-08-17 12:35:08:642 560 sec: 2556732 operations; 4590.64 current ops/sec; est completion in 34 minutes [INSERT: Count=45911, Max=3671, Min=393, Avg=866.75, 90=1051, 99=1321, 99.9=1570, 99.99=1942] 
2025-08-17 12:35:18:641 570 sec: 2602361 operations; 4563.36 current ops/sec; est completion in 34 minutes [INSERT: Count=45628, Max=17695, Min=360, Avg=871.97, 90=1055, 99=1336, 99.9=1605, 99.99=16351] 
2025-08-17 12:35:28:642 580 sec: 2652251 operations; 4988.5 current ops/sec; est completion in 34 minutes [INSERT: Count=49890, Max=16143, Min=256, Avg=797.33, 90=1028, 99=1377, 99.9=4419, 99.99=15351] 
2025-08-17 12:35:38:641 590 sec: 2702677 operations; 5043.1 current ops/sec; est completion in 33 minutes [INSERT: Count=50426, Max=15567, Min=249, Avg=788.65, 90=1012, 99=1355, 99.9=6391, 99.99=14863] 
2025-08-17 12:35:48:642 600 sec: 2748209 operations; 4553.2 current ops/sec; est completion in 33 minutes [INSERT: Count=45532, Max=6963, Min=311, Avg=873.95, 90=1063, 99=1345, 99.9=1711, 99.99=4567] 
2025-08-17 12:35:58:641 610 sec: 2793777 operations; 4556.8 current ops/sec; est completion in 33 minutes [INSERT: Count=45569, Max=15919, Min=394, Avg=873.15, 90=1056, 99=1330, 99.9=1579, 99.99=1878] 
2025-08-17 12:36:08:641 620 sec: 2839084 operations; 4530.7 current ops/sec; est completion in 33 minutes [INSERT: Count=45306, Max=17071, Min=317, Avg=878.25, 90=1065, 99=1331, 99.9=1705, 99.99=13167] 
2025-08-17 12:36:18:641 630 sec: 2885067 operations; 4598.3 current ops/sec; est completion in 33 minutes [INSERT: Count=45983, Max=4319, Min=378, Avg=865.24, 90=1050, 99=1322, 99.9=1583, 99.99=2323] 
2025-08-17 12:36:28:642 640 sec: 2930620 operations; 4554.84 current ops/sec; est completion in 33 minutes [INSERT: Count=45553, Max=14927, Min=424, Avg=873.45, 90=1055, 99=1323, 99.9=1592, 99.99=2361] 
2025-08-17 12:36:38:641 650 sec: 2976470 operations; 4585.46 current ops/sec; est completion in 32 minutes [INSERT: Count=45850, Max=17375, Min=343, Avg=867.66, 90=1052, 99=1335, 99.9=1671, 99.99=13279] 
2025-08-17 12:36:48:642 660 sec: 3022185 operations; 4571.04 current ops/sec; est completion in 32 minutes [INSERT: Count=45716, Max=23487, Min=383, Avg=870.37, 90=1053, 99=1327, 99.9=1624, 99.99=2807] 
2025-08-17 12:36:58:641 670 sec: 3069804 operations; 4762.38 current ops/sec; est completion in 32 minutes [INSERT: Count=47619, Max=16039, Min=271, Avg=835.35, 90=1043, 99=1342, 99.9=1822, 99.99=10767] 
2025-08-17 12:37:08:641 680 sec: 3122109 operations; 5230.5 current ops/sec; est completion in 32 minutes [INSERT: Count=52305, Max=16687, Min=245, Avg=760.3, 90=984, 99=1397, 99.9=7951, 99.99=15759] 
2025-08-17 12:37:18:641 690 sec: 3168091 operations; 4598.2 current ops/sec; est completion in 32 minutes [INSERT: Count=45982, Max=15703, Min=264, Avg=865.27, 90=1057, 99=1345, 99.9=1662, 99.99=3377] 
2025-08-17 12:37:28:642 700 sec: 3213735 operations; 4563.94 current ops/sec; est completion in 31 minutes [INSERT: Count=45644, Max=15911, Min=395, Avg=871.78, 90=1053, 99=1311, 99.9=1616, 99.99=4903] 
2025-08-17 12:37:38:641 710 sec: 3258671 operations; 4494.05 current ops/sec; est completion in 31 minutes [INSERT: Count=44936, Max=19551, Min=417, Avg=885.47, 90=1068, 99=1350, 99.9=1639, 99.99=14535] 
2025-08-17 12:37:48:642 720 sec: 3304228 operations; 4555.24 current ops/sec; est completion in 31 minutes [INSERT: Count=45556, Max=15303, Min=277, Avg=873.44, 90=1060, 99=1341, 99.9=1762, 99.99=4007] 
2025-08-17 12:37:58:641 730 sec: 3349744 operations; 4552.06 current ops/sec; est completion in 31 minutes [INSERT: Count=45516, Max=15143, Min=413, Avg=874.05, 90=1059, 99=1330, 99.9=1647, 99.99=3001] 
2025-08-17 12:38:08:642 740 sec: 3395404 operations; 4565.54 current ops/sec; est completion in 31 minutes [INSERT: Count=45660, Max=16975, Min=262, Avg=871.46, 90=1057, 99=1333, 99.9=1653, 99.99=5603] 
2025-08-17 12:38:18:641 750 sec: 3441224 operations; 4582.46 current ops/sec; est completion in 31 minutes [INSERT: Count=45820, Max=16311, Min=383, Avg=868.23, 90=1052, 99=1328, 99.9=1616, 99.99=2393] 
2025-08-17 12:38:28:642 760 sec: 3486660 operations; 4543.15 current ops/sec; est completion in 30 minutes [INSERT: Count=45436, Max=2697, Min=389, Avg=875.75, 90=1061, 99=1330, 99.9=1603, 99.99=2005] 
2025-08-17 12:38:38:641 770 sec: 3538126 operations; 5147.11 current ops/sec; est completion in 30 minutes [INSERT: Count=51466, Max=16879, Min=242, Avg=772.7, 90=1005, 99=1400, 99.9=8047, 99.99=14983] 
2025-08-17 12:38:48:642 780 sec: 3588436 operations; 5030.5 current ops/sec; est completion in 30 minutes [INSERT: Count=50311, Max=27983, Min=252, Avg=790.62, 90=1014, 99=1395, 99.9=9399, 99.99=17199] 
2025-08-17 12:38:58:641 790 sec: 3634429 operations; 4599.76 current ops/sec; est completion in 30 minutes [INSERT: Count=45992, Max=16447, Min=294, Avg=864.96, 90=1051, 99=1330, 99.9=1605, 99.99=7311] 
2025-08-17 12:39:08:642 800 sec: 3680171 operations; 4573.74 current ops/sec; est completion in 30 minutes [INSERT: Count=45742, Max=17631, Min=389, Avg=869.82, 90=1054, 99=1325, 99.9=1581, 99.99=2043] 
2025-08-17 12:39:18:641 810 sec: 3725907 operations; 4574.06 current ops/sec; est completion in 29 minutes [INSERT: Count=45736, Max=16335, Min=250, Avg=869.91, 90=1055, 99=1330, 99.9=1657, 99.99=5887] 
2025-08-17 12:39:28:642 820 sec: 3771817 operations; 4590.54 current ops/sec; est completion in 29 minutes [INSERT: Count=45910, Max=14231, Min=396, Avg=866.7, 90=1047, 99=1320, 99.9=1575, 99.99=2933] 
2025-08-17 12:39:38:641 830 sec: 3817308 operations; 4549.55 current ops/sec; est completion in 29 minutes [INSERT: Count=45492, Max=15535, Min=423, Avg=874.51, 90=1060, 99=1340, 99.9=1654, 99.99=2829] 
2025-08-17 12:39:48:641 840 sec: 3863239 operations; 4593.1 current ops/sec; est completion in 29 minutes [INSERT: Count=45930, Max=9679, Min=322, Avg=866.29, 90=1051, 99=1327, 99.9=1612, 99.99=4643] 
2025-08-17 12:39:58:641 850 sec: 3908805 operations; 4556.6 current ops/sec; est completion in 29 minutes [INSERT: Count=45567, Max=4579, Min=407, Avg=873.19, 90=1056, 99=1341, 99.9=1645, 99.99=2515] 
2025-08-17 12:40:08:641 860 sec: 3958219 operations; 4941.4 current ops/sec; est completion in 29 minutes [INSERT: Count=49414, Max=24143, Min=237, Avg=804.96, 90=1024, 99=1374, 99.9=6763, 99.99=15575] 
2025-08-17 12:40:18:641 870 sec: 4009657 operations; 5143.8 current ops/sec; est completion in 28 minutes [INSERT: Count=51438, Max=17071, Min=264, Avg=773.13, 90=996, 99=1397, 99.9=9831, 99.99=15623] 
2025-08-17 12:40:28:642 880 sec: 4055244 operations; 4558.24 current ops/sec; est completion in 28 minutes [INSERT: Count=45587, Max=16975, Min=348, Avg=872.77, 90=1058, 99=1339, 99.9=1646, 99.99=2259] 
2025-08-17 12:40:38:641 890 sec: 4100853 operations; 4561.36 current ops/sec; est completion in 28 minutes [INSERT: Count=45610, Max=27167, Min=413, Avg=872.25, 90=1051, 99=1318, 99.9=1609, 99.99=15687] 
2025-08-17 12:40:48:642 900 sec: 4146256 operations; 4539.85 current ops/sec; est completion in 28 minutes [INSERT: Count=45402, Max=16215, Min=256, Avg=876.44, 90=1060, 99=1348, 99.9=1697, 99.99=15599] 
2025-08-17 12:40:58:641 910 sec: 4192108 operations; 4585.66 current ops/sec; est completion in 28 minutes [INSERT: Count=45852, Max=16543, Min=401, Avg=867.61, 90=1048, 99=1319, 99.9=1618, 99.99=9359] 
2025-08-17 12:41:08:642 920 sec: 4237752 operations; 4563.94 current ops/sec; est completion in 28 minutes [INSERT: Count=45643, Max=15487, Min=393, Avg=871.79, 90=1054, 99=1320, 99.9=1635, 99.99=6923] 
2025-08-17 12:41:18:641 930 sec: 4283565 operations; 4581.76 current ops/sec; est completion in 27 minutes [INSERT: Count=45814, Max=17295, Min=313, Avg=868.35, 90=1054, 99=1328, 99.9=1654, 99.99=9375] 
2025-08-17 12:41:28:641 940 sec: 4329304 operations; 4573.9 current ops/sec; est completion in 27 minutes [INSERT: Count=45738, Max=17647, Min=414, Avg=869.31, 90=1050, 99=1320, 99.9=1616, 99.99=3895] 
2025-08-17 12:41:38:641 950 sec: 4376396 operations; 4709.2 current ops/sec; est completion in 27 minutes [INSERT: Count=47092, Max=15351, Min=298, Avg=843.24, 90=1049, 99=1340, 99.9=1709, 99.99=11663] 
2025-08-17 12:41:48:642 960 sec: 4428331 operations; 5192.98 current ops/sec; est completion in 27 minutes [INSERT: Count=51936, Max=16895, Min=242, Avg=763, 90=987, 99=1417, 99.9=10783, 99.99=15575] 
2025-08-17 12:41:58:641 970 sec: 4476938 operations; 4861.67 current ops/sec; est completion in 27 minutes [INSERT: Count=48606, Max=27135, Min=266, Avg=818.21, 90=1037, 99=1386, 99.9=4295, 99.99=16263] 
2025-08-17 12:42:08:642 980 sec: 4522836 operations; 4588.88 current ops/sec; est completion in 27 minutes [INSERT: Count=45898, Max=2807, Min=414, Avg=866.97, 90=1050, 99=1324, 99.9=1595, 99.99=1940] 
2025-08-17 12:42:18:641 990 sec: 4568400 operations; 4556.86 current ops/sec; est completion in 26 minutes [INSERT: Count=45564, Max=13527, Min=386, Avg=873.13, 90=1057, 99=1337, 99.9=1639, 99.99=2471] 
2025-08-17 12:42:28:642 1000 sec: 4614076 operations; 4567.14 current ops/sec; est completion in 26 minutes [INSERT: Count=45677, Max=6139, Min=293, Avg=871.17, 90=1059, 99=1336, 99.9=1642, 99.99=3829] 
2025-08-17 12:42:38:641 1010 sec: 4659789 operations; 4571.76 current ops/sec; est completion in 26 minutes [INSERT: Count=45712, Max=2957, Min=412, Avg=870.34, 90=1055, 99=1327, 99.9=1623, 99.99=2057] 
2025-08-17 12:42:48:641 1020 sec: 4705447 operations; 4565.8 current ops/sec; est completion in 26 minutes [INSERT: Count=45658, Max=13455, Min=267, Avg=871.4, 90=1058, 99=1347, 99.9=1702, 99.99=5419] 
2025-08-17 12:42:58:641 1030 sec: 4751385 operations; 4593.8 current ops/sec; est completion in 26 minutes [INSERT: Count=45938, Max=8271, Min=380, Avg=866.08, 90=1047, 99=1313, 99.9=1549, 99.99=1947] 
2025-08-17 12:43:08:641 1040 sec: 4796800 operations; 4541.95 current ops/sec; est completion in 26 minutes [INSERT: Count=45416, Max=13415, Min=425, Avg=876.07, 90=1060, 99=1337, 99.9=1609, 99.99=1962] 
2025-08-17 12:43:18:641 1050 sec: 4848964 operations; 5215.88 current ops/sec; est completion in 25 minutes [INSERT: Count=52163, Max=15663, Min=245, Avg=762.4, 90=989, 99=1372, 99.9=6831, 99.99=15319] 
2025-08-17 12:43:28:642 1060 sec: 4899345 operations; 5037.6 current ops/sec; est completion in 25 minutes [INSERT: Count=50381, Max=16543, Min=257, Avg=789.46, 90=1007, 99=1404, 99.9=12151, 99.99=15759] 
2025-08-17 12:43:38:641 1070 sec: 4945196 operations; 4585.56 current ops/sec; est completion in 25 minutes [INSERT: Count=45851, Max=14679, Min=313, Avg=867.66, 90=1053, 99=1328, 99.9=1681, 99.99=2259] 
2025-08-17 12:43:48:642 1080 sec: 4990842 operations; 4564.14 current ops/sec; est completion in 25 minutes [INSERT: Count=45646, Max=17183, Min=393, Avg=871.73, 90=1055, 99=1333, 99.9=1673, 99.99=11335] 
2025-08-17 12:43:58:641 1090 sec: 5036412 operations; 4557.46 current ops/sec; est completion in 25 minutes [INSERT: Count=45571, Max=14263, Min=305, Avg=873.05, 90=1061, 99=1342, 99.9=1679, 99.99=3325] 
2025-08-17 12:44:08:642 1100 sec: 5082277 operations; 4586.04 current ops/sec; est completion in 24 minutes [INSERT: Count=45864, Max=2195, Min=402, Avg=867.56, 90=1053, 99=1328, 99.9=1586, 99.99=1781] 
2025-08-17 12:44:18:641 1110 sec: 5127725 operations; 4545.25 current ops/sec; est completion in 24 minutes [INSERT: Count=45449, Max=10815, Min=393, Avg=875.45, 90=1060, 99=1326, 99.9=1619, 99.99=2297] 
2025-08-17 12:44:28:642 1120 sec: 5173651 operations; 4592.14 current ops/sec; est completion in 24 minutes [INSERT: Count=45925, Max=17919, Min=296, Avg=866.37, 90=1051, 99=1325, 99.9=1645, 99.99=6503] 
2025-08-17 12:44:38:641 1130 sec: 5218915 operations; 4526.85 current ops/sec; est completion in 24 minutes [INSERT: Count=45264, Max=16431, Min=362, Avg=879, 90=1060, 99=1337, 99.9=1612, 99.99=11855] 
2025-08-17 12:44:48:642 1140 sec: 5267493 operations; 4857.31 current ops/sec; est completion in 24 minutes [INSERT: Count=48579, Max=25615, Min=245, Avg=818.9, 90=1039, 99=1398, 99.9=9575, 99.99=21455] 
2025-08-17 12:44:58:641 1150 sec: 5319903 operations; 5242.05 current ops/sec; est completion in 24 minutes [INSERT: Count=52410, Max=16399, Min=255, Avg=758.62, 90=981, 99=1394, 99.9=10823, 99.99=16071] 
2025-08-17 12:45:08:641 1160 sec: 5368186 operations; 4827.82 current ops/sec; est completion in 23 minutes [INSERT: Count=48283, Max=15871, Min=243, Avg=823.91, 90=1036, 99=1385, 99.9=4807, 99.99=14519] 
2025-08-17 12:45:18:641 1170 sec: 5413723 operations; 4553.7 current ops/sec; est completion in 23 minutes [INSERT: Count=45536, Max=18591, Min=385, Avg=873.76, 90=1057, 99=1324, 99.9=1604, 99.99=2191] 
2025-08-17 12:45:28:641 1180 sec: 5458993 operations; 4527.45 current ops/sec; est completion in 23 minutes [INSERT: Count=45271, Max=9127, Min=253, Avg=878.92, 90=1065, 99=1345, 99.9=1717, 99.99=2271] 
2025-08-17 12:45:38:641 1190 sec: 5504698 operations; 4570.04 current ops/sec; est completion in 23 minutes [INSERT: Count=45705, Max=16527, Min=377, Avg=870.53, 90=1053, 99=1315, 99.9=1605, 99.99=2351] 
2025-08-17 12:45:48:642 1200 sec: 5550136 operations; 4543.8 current ops/sec; est completion in 23 minutes [INSERT: Count=45438, Max=25951, Min=392, Avg=875.79, 90=1056, 99=1332, 99.9=1658, 99.99=8075] 
2025-08-17 12:45:58:641 1210 sec: 5595726 operations; 4559 current ops/sec; est completion in 23 minutes [INSERT: Count=45589, Max=16351, Min=324, Avg=872.72, 90=1057, 99=1340, 99.9=1679, 99.99=4591] 
2025-08-17 12:46:08:642 1220 sec: 5641533 operations; 4580.24 current ops/sec; est completion in 22 minutes [INSERT: Count=45808, Max=4907, Min=401, Avg=868.67, 90=1051, 99=1318, 99.9=1579, 99.99=1907] 
2025-08-17 12:46:18:641 1230 sec: 5689054 operations; 4752.58 current ops/sec; est completion in 22 minutes [INSERT: Count=47521, Max=14087, Min=279, Avg=837.15, 90=1047, 99=1356, 99.9=1761, 99.99=11735] 
2025-08-17 12:46:28:641 1240 sec: 5740598 operations; 5154.4 current ops/sec; est completion in 22 minutes [INSERT: Count=51543, Max=16463, Min=242, Avg=771.57, 90=992, 99=1445, 99.9=11087, 99.99=15423] 
2025-08-17 12:46:38:641 1250 sec: 5791385 operations; 5078.7 current ops/sec; est completion in 22 minutes [INSERT: Count=50788, Max=26047, Min=257, Avg=783.13, 90=1000, 99=1417, 99.9=11735, 99.99=20431] 
2025-08-17 12:46:48:641 1260 sec: 5837206 operations; 4582.1 current ops/sec; est completion in 22 minutes [INSERT: Count=45820, Max=19423, Min=285, Avg=868.35, 90=1050, 99=1329, 99.9=1681, 99.99=3387] 
2025-08-17 12:46:58:641 1270 sec: 5882875 operations; 4566.9 current ops/sec; est completion in 22 minutes [INSERT: Count=45670, Max=3025, Min=371, Avg=871.19, 90=1054, 99=1325, 99.9=1635, 99.99=1989] 
2025-08-17 12:47:08:641 1280 sec: 5928820 operations; 4594.5 current ops/sec; est completion in 21 minutes [INSERT: Count=45944, Max=2587, Min=270, Avg=866, 90=1055, 99=1340, 99.9=1649, 99.99=2429] 
2025-08-17 12:47:18:641 1290 sec: 5974620 operations; 4580 current ops/sec; est completion in 21 minutes [INSERT: Count=45800, Max=2083, Min=412, Avg=868.7, 90=1054, 99=1331, 99.9=1606, 99.99=1785] 
2025-08-17 12:47:28:641 1300 sec: 6020202 operations; 4558.2 current ops/sec; est completion in 21 minutes [INSERT: Count=45583, Max=15967, Min=297, Avg=872.84, 90=1060, 99=1353, 99.9=1741, 99.99=7259] 
2025-08-17 12:47:38:641 1310 sec: 6066083 operations; 4588.1 current ops/sec; est completion in 21 minutes [INSERT: Count=45881, Max=4531, Min=415, Avg=867.26, 90=1051, 99=1313, 99.9=1588, 99.99=1944] 
2025-08-17 12:47:48:641 1320 sec: 6111592 operations; 4550.9 current ops/sec; est completion in 21 minutes [INSERT: Count=45508, Max=26767, Min=375, Avg=874.3, 90=1060, 99=1336, 99.9=1657, 99.99=3045] 
2025-08-17 12:47:58:641 1330 sec: 6163375 operations; 5178.3 current ops/sec; est completion in 21 minutes [INSERT: Count=51783, Max=25439, Min=249, Avg=767.98, 90=987, 99=1429, 99.9=12231, 99.99=16719] 
2025-08-17 12:48:08:641 1340 sec: 6214616 operations; 5124.1 current ops/sec; est completion in 20 minutes [INSERT: Count=51241, Max=16719, Min=266, Avg=776.2, 90=997, 99=1412, 99.9=11247, 99.99=16135] 
2025-08-17 12:48:18:641 1350 sec: 6260436 operations; 4582.46 current ops/sec; est completion in 20 minutes [INSERT: Count=45820, Max=24255, Min=287, Avg=868.25, 90=1051, 99=1332, 99.9=1658, 99.99=3581] 
2025-08-17 12:48:28:641 1360 sec: 6306055 operations; 4561.44 current ops/sec; est completion in 20 minutes [INSERT: Count=45619, Max=13359, Min=390, Avg=872.25, 90=1055, 99=1336, 99.9=1667, 99.99=4959] 
2025-08-17 12:48:38:641 1370 sec: 6351918 operations; 4586.76 current ops/sec; est completion in 20 minutes [INSERT: Count=45863, Max=11343, Min=264, Avg=867.45, 90=1059, 99=1339, 99.9=1627, 99.99=2347] 
2025-08-17 12:48:48:641 1380 sec: 6397737 operations; 4581.44 current ops/sec; est completion in 20 minutes [INSERT: Count=45819, Max=14047, Min=352, Avg=868.38, 90=1050, 99=1328, 99.9=1608, 99.99=3389] 
2025-08-17 12:48:58:641 1390 sec: 6443213 operations; 4547.6 current ops/sec; est completion in 19 minutes [INSERT: Count=45477, Max=28671, Min=343, Avg=874.89, 90=1055, 99=1333, 99.9=1667, 99.99=16559] 
2025-08-17 12:49:08:641 1400 sec: 6489125 operations; 4591.2 current ops/sec; est completion in 19 minutes [INSERT: Count=45911, Max=6955, Min=393, Avg=866.64, 90=1048, 99=1312, 99.9=1617, 99.99=3467] 
2025-08-17 12:49:18:641 1410 sec: 6534330 operations; 4520.5 current ops/sec; est completion in 19 minutes [INSERT: Count=45206, Max=17839, Min=403, Avg=880.22, 90=1065, 99=1342, 99.9=1639, 99.99=2899] 
2025-08-17 12:49:28:641 1420 sec: 6584312 operations; 4998.2 current ops/sec; est completion in 19 minutes [INSERT: Count=49981, Max=15503, Min=266, Avg=795.77, 90=1025, 99=1375, 99.9=4623, 99.99=14631] 
2025-08-17 12:49:38:641 1430 sec: 6636436 operations; 5212.92 current ops/sec; est completion in 19 minutes [INSERT: Count=52125, Max=28063, Min=268, Avg=762.78, 90=986, 99=1402, 99.9=9479, 99.99=15839] 
2025-08-17 12:49:48:641 1440 sec: 6683997 operations; 4755.62 current ops/sec; est completion in 19 minutes [INSERT: Count=47560, Max=15695, Min=284, Avg=836.46, 90=1040, 99=1350, 99.9=3663, 99.99=14319] 
2025-08-17 12:49:58:641 1450 sec: 6729547 operations; 4555 current ops/sec; est completion in 18 minutes [INSERT: Count=45551, Max=2137, Min=401, Avg=873.47, 90=1056, 99=1327, 99.9=1648, 99.99=1940] 
2025-08-17 12:50:08:642 1460 sec: 6775180 operations; 4562.84 current ops/sec; est completion in 18 minutes [INSERT: Count=45632, Max=3069, Min=249, Avg=871.95, 90=1059, 99=1347, 99.9=1666, 99.99=2175] 
2025-08-17 12:50:18:641 1470 sec: 6820840 operations; 4566.46 current ops/sec; est completion in 18 minutes [INSERT: Count=45660, Max=2055, Min=379, Avg=871.34, 90=1054, 99=1327, 99.9=1592, 99.99=1846] 
2025-08-17 12:50:28:641 1480 sec: 6866122 operations; 4528.65 current ops/sec; est completion in 18 minutes [INSERT: Count=45282, Max=4555, Min=371, Avg=878.64, 90=1059, 99=1345, 99.9=1683, 99.99=2971] 
2025-08-17 12:50:38:641 1490 sec: 6911519 operations; 4539.25 current ops/sec; est completion in 18 minutes [INSERT: Count=45397, Max=11559, Min=378, Avg=876.55, 90=1060, 99=1345, 99.9=1711, 99.99=7303] 
2025-08-17 12:50:48:642 1500 sec: 6957051 operations; 4553.2 current ops/sec; est completion in 18 minutes [INSERT: Count=45533, Max=7603, Min=352, Avg=873.88, 90=1056, 99=1328, 99.9=1630, 99.99=2173] 
2025-08-17 12:50:58:641 1510 sec: 7004860 operations; 4780.9 current ops/sec; est completion in 17 minutes [INSERT: Count=47809, Max=17183, Min=262, Avg=831.9, 90=1042, 99=1369, 99.9=2335, 99.99=14687] 
2025-08-17 12:51:08:641 1520 sec: 7056218 operations; 5135.8 current ops/sec; est completion in 17 minutes [INSERT: Count=51357, Max=16463, Min=257, Avg=771.58, 90=997, 99=1433, 99.9=9039, 99.99=15407] 
2025-08-17 12:51:18:641 1530 sec: 7104662 operations; 4844.4 current ops/sec; est completion in 17 minutes [INSERT: Count=48444, Max=17167, Min=251, Avg=818.1, 90=1039, 99=1372, 99.9=4587, 99.99=14383] 
2025-08-17 12:51:28:641 1540 sec: 7150290 operations; 4563.26 current ops/sec; est completion in 17 minutes [INSERT: Count=45628, Max=2733, Min=377, Avg=871.88, 90=1051, 99=1319, 99.9=1637, 99.99=2085] 
2025-08-17 12:51:38:641 1550 sec: 7195783 operations; 4548.85 current ops/sec; est completion in 17 minutes [INSERT: Count=45495, Max=2735, Min=406, Avg=874.59, 90=1056, 99=1320, 99.9=1664, 99.99=2095] 
2025-08-17 12:51:48:642 1560 sec: 7241466 operations; 4567.84 current ops/sec; est completion in 17 minutes [INSERT: Count=45681, Max=16543, Min=291, Avg=870.35, 90=1054, 99=1337, 99.9=1723, 99.99=8011] 
2025-08-17 12:51:58:641 1570 sec: 7286724 operations; 4526.71 current ops/sec; est completion in 16 minutes [INSERT: Count=45258, Max=17935, Min=390, Avg=875.96, 90=1055, 99=1322, 99.9=1655, 99.99=2009] 
2025-08-17 12:52:08:642 1580 sec: 7332211 operations; 4548.25 current ops/sec; est completion in 16 minutes [INSERT: Count=45487, Max=2859, Min=262, Avg=873.23, 90=1061, 99=1336, 99.9=1624, 99.99=1919] 
2025-08-17 12:52:18:641 1590 sec: 7377713 operations; 4550.2 current ops/sec; est completion in 16 minutes [INSERT: Count=45502, Max=13599, Min=432, Avg=874.39, 90=1054, 99=1331, 99.9=1673, 99.99=3639] 
2025-08-17 12:52:28:641 1600 sec: 7423318 operations; 4560.5 current ops/sec; est completion in 16 minutes [INSERT: Count=45605, Max=16879, Min=315, Avg=872.51, 90=1059, 99=1337, 99.9=1713, 99.99=13167] 
2025-08-17 12:52:38:641 1610 sec: 7475441 operations; 5212.3 current ops/sec; est completion in 16 minutes [INSERT: Count=52123, Max=27711, Min=264, Avg=762.96, 90=985, 99=1391, 99.9=10503, 99.99=15655] 
2025-08-17 12:52:48:642 1620 sec: 7525973 operations; 5052.69 current ops/sec; est completion in 16 minutes [INSERT: Count=50532, Max=16111, Min=262, Avg=787.14, 90=1012, 99=1403, 99.9=9815, 99.99=14655] 
2025-08-17 12:52:58:641 1630 sec: 7571719 operations; 4575.06 current ops/sec; est completion in 15 minutes [INSERT: Count=45746, Max=17151, Min=297, Avg=869.72, 90=1050, 99=1330, 99.9=1679, 99.99=3889] 
2025-08-17 12:53:08:642 1640 sec: 7617343 operations; 4561.94 current ops/sec; est completion in 15 minutes [INSERT: Count=45625, Max=10039, Min=369, Avg=872.17, 90=1053, 99=1328, 99.9=1612, 99.99=2289] 
2025-08-17 12:53:18:641 1650 sec: 7662825 operations; 4549.11 current ops/sec; est completion in 15 minutes [INSERT: Count=45481, Max=17295, Min=314, Avg=874.7, 90=1052, 99=1333, 99.9=1792, 99.99=9919] 
2025-08-17 12:53:28:642 1660 sec: 7708415 operations; 4558.09 current ops/sec; est completion in 15 minutes [INSERT: Count=45590, Max=14047, Min=360, Avg=872.86, 90=1052, 99=1321, 99.9=1616, 99.99=2029] 
2025-08-17 12:53:38:641 1670 sec: 7753882 operations; 4547.15 current ops/sec; est completion in 15 minutes [INSERT: Count=45469, Max=6743, Min=306, Avg=875.07, 90=1059, 99=1353, 99.9=1733, 99.99=2613] 
2025-08-17 12:53:48:642 1680 sec: 7799559 operations; 4567.24 current ops/sec; est completion in 15 minutes [INSERT: Count=45675, Max=16575, Min=419, Avg=871.17, 90=1052, 99=1329, 99.9=1620, 99.99=3255] 
2025-08-17 12:53:58:641 1690 sec: 7844906 operations; 4535.15 current ops/sec; est completion in 14 minutes [INSERT: Count=45347, Max=19279, Min=404, Avg=877.34, 90=1058, 99=1331, 99.9=1651, 99.99=2285] 
2025-08-17 12:54:08:641 1700 sec: 7894760 operations; 4985.4 current ops/sec; est completion in 14 minutes [INSERT: Count=49854, Max=17391, Min=272, Avg=797.81, 90=1026, 99=1395, 99.9=6315, 99.99=15607] 
2025-08-17 12:54:18:641 1710 sec: 7946868 operations; 5210.8 current ops/sec; est completion in 14 minutes [INSERT: Count=52109, Max=16815, Min=255, Avg=763.15, 90=985, 99=1382, 99.9=11127, 99.99=15455] 
2025-08-17 12:54:28:642 1720 sec: 7993499 operations; 4662.63 current ops/sec; est completion in 14 minutes [INSERT: Count=46630, Max=16943, Min=262, Avg=853.19, 90=1049, 99=1363, 99.9=2835, 99.99=15095] 
2025-08-17 12:54:38:641 1730 sec: 8039161 operations; 4567.11 current ops/sec; est completion in 14 minutes [INSERT: Count=45663, Max=2669, Min=401, Avg=871.23, 90=1052, 99=1320, 99.9=1620, 99.99=2061] 
2025-08-17 12:54:48:642 1740 sec: 8084570 operations; 4539.99 current ops/sec; est completion in 14 minutes [INSERT: Count=45408, Max=16527, Min=394, Avg=876.39, 90=1060, 99=1345, 99.9=1727, 99.99=4563] 
2025-08-17 12:54:58:641 1750 sec: 8130342 operations; 4577.66 current ops/sec; est completion in 13 minutes [INSERT: Count=45772, Max=19007, Min=396, Avg=869.22, 90=1050, 99=1325, 99.9=1626, 99.99=2185] 
2025-08-17 12:55:08:642 1760 sec: 8175870 operations; 4552.34 current ops/sec; est completion in 13 minutes [INSERT: Count=45528, Max=2475, Min=412, Avg=874.02, 90=1055, 99=1324, 99.9=1622, 99.99=2215] 
2025-08-17 12:55:18:641 1770 sec: 8221573 operations; 4570.76 current ops/sec; est completion in 13 minutes [INSERT: Count=45704, Max=17743, Min=320, Avg=870.53, 90=1052, 99=1337, 99.9=1733, 99.99=15967] 
2025-08-17 12:55:28:641 1780 sec: 8267159 operations; 4559.06 current ops/sec; est completion in 13 minutes [INSERT: Count=45585, Max=13999, Min=383, Avg=872.76, 90=1053, 99=1319, 99.9=1613, 99.99=2125] 
2025-08-17 12:55:38:641 1790 sec: 8315108 operations; 4794.42 current ops/sec; est completion in 13 minutes [INSERT: Count=47949, Max=16079, Min=280, Avg=829.72, 90=1039, 99=1362, 99.9=2933, 99.99=14615] 
2025-08-17 12:55:48:642 1800 sec: 8367511 operations; 5239.78 current ops/sec; est completion in 13 minutes [INSERT: Count=52403, Max=16231, Min=231, Avg=758.91, 90=980, 99=1414, 99.9=11191, 99.99=15095] 
2025-08-17 12:55:58:641 1810 sec: 8416407 operations; 4890.09 current ops/sec; est completion in 12 minutes [INSERT: Count=48897, Max=16879, Min=263, Avg=813.36, 90=1027, 99=1387, 99.9=8011, 99.99=15847] 
2025-08-17 12:56:08:642 1820 sec: 8461967 operations; 4555.54 current ops/sec; est completion in 12 minutes [INSERT: Count=45560, Max=6087, Min=397, Avg=872.61, 90=1054, 99=1329, 99.9=1656, 99.99=3217] 
2025-08-17 12:56:18:641 1830 sec: 8506873 operations; 4491.05 current ops/sec; est completion in 12 minutes [INSERT: Count=44906, Max=16991, Min=382, Avg=882.77, 90=1064, 99=1349, 99.9=1680, 99.99=13119] 
2025-08-17 12:56:28:642 1840 sec: 8552646 operations; 4576.84 current ops/sec; est completion in 12 minutes [INSERT: Count=45773, Max=15087, Min=351, Avg=867.64, 90=1055, 99=1315, 99.9=1654, 99.99=5147] 
2025-08-17 12:56:38:641 1850 sec: 8598024 operations; 4538.25 current ops/sec; est completion in 12 minutes [INSERT: Count=45377, Max=2521, Min=424, Avg=876.69, 90=1058, 99=1331, 99.9=1602, 99.99=1951] 
2025-08-17 12:56:48:642 1860 sec: 8643361 operations; 4533.25 current ops/sec; est completion in 12 minutes [INSERT: Count=45338, Max=17247, Min=330, Avg=877.65, 90=1061, 99=1341, 99.9=1666, 99.99=7831] 
2025-08-17 12:56:58:641 1870 sec: 8688742 operations; 4538.55 current ops/sec; est completion in 11 minutes [INSERT: Count=45380, Max=16895, Min=389, Avg=876.65, 90=1057, 99=1322, 99.9=1607, 99.99=2445] 
2025-08-17 12:57:08:642 1880 sec: 8734523 operations; 4577.64 current ops/sec; est completion in 11 minutes [INSERT: Count=45782, Max=16159, Min=292, Avg=869.09, 90=1058, 99=1343, 99.9=1814, 99.99=5951] 
2025-08-17 12:57:18:641 1890 sec: 8786140 operations; 5162.22 current ops/sec; est completion in 11 minutes [INSERT: Count=51616, Max=16623, Min=262, Avg=770.35, 90=990, 99=1395, 99.9=10959, 99.99=15815] 
2025-08-17 12:57:28:642 1900 sec: 8834103 operations; 4795.82 current ops/sec; est completion in 11 minutes [INSERT: Count=47963, Max=16231, Min=263, Avg=829.36, 90=1045, 99=1407, 99.9=7375, 99.99=14439] 
2025-08-17 12:57:38:641 1910 sec: 8879698 operations; 4559.96 current ops/sec; est completion in 11 minutes [INSERT: Count=45595, Max=6131, Min=354, Avg=872.57, 90=1055, 99=1340, 99.9=1724, 99.99=2693] 
2025-08-17 12:57:48:642 1920 sec: 8925059 operations; 4535.65 current ops/sec; est completion in 11 minutes [INSERT: Count=45361, Max=17791, Min=380, Avg=877.17, 90=1057, 99=1325, 99.9=1708, 99.99=6095] 
2025-08-17 12:57:58:641 1930 sec: 8970672 operations; 4561.76 current ops/sec; est completion in 10 minutes [INSERT: Count=45613, Max=6507, Min=307, Avg=872.12, 90=1057, 99=1343, 99.9=1700, 99.99=3071] 
2025-08-17 12:58:08:642 1940 sec: 9016204 operations; 4552.74 current ops/sec; est completion in 10 minutes [INSERT: Count=45532, Max=17647, Min=424, Avg=873.9, 90=1055, 99=1321, 99.9=1676, 99.99=3109] 
2025-08-17 12:58:18:641 1950 sec: 9061736 operations; 4553.66 current ops/sec; est completion in 10 minutes [INSERT: Count=45532, Max=16847, Min=300, Avg=873.78, 90=1059, 99=1338, 99.9=1645, 99.99=2649] 
2025-08-17 12:58:28:641 1960 sec: 9107485 operations; 4574.9 current ops/sec; est completion in 10 minutes [INSERT: Count=45749, Max=2879, Min=413, Avg=869.72, 90=1050, 99=1322, 99.9=1672, 99.99=2235] 
2025-08-17 12:58:38:641 1970 sec: 9152921 operations; 4543.6 current ops/sec; est completion in 10 minutes [INSERT: Count=45436, Max=19055, Min=363, Avg=875.74, 90=1055, 99=1322, 99.9=1616, 99.99=2233] 
2025-08-17 12:58:48:641 1980 sec: 9202950 operations; 5002.9 current ops/sec; est completion in 10 minutes [INSERT: Count=50030, Max=17727, Min=251, Avg=794.96, 90=1019, 99=1392, 99.9=6927, 99.99=16039] 
2025-08-17 12:58:58:641 1990 sec: 9254164 operations; 5121.4 current ops/sec; est completion in 9 minutes [INSERT: Count=51213, Max=18415, Min=260, Avg=776.51, 90=993, 99=1413, 99.9=13767, 99.99=15815] 
2025-08-17 12:59:08:641 2000 sec: 9301360 operations; 4719.6 current ops/sec; est completion in 9 minutes [INSERT: Count=47196, Max=16311, Min=271, Avg=842.9, 90=1039, 99=1346, 99.9=2355, 99.99=14503] 
2025-08-17 12:59:18:641 2010 sec: 9346878 operations; 4551.8 current ops/sec; est completion in 9 minutes [INSERT: Count=45518, Max=13511, Min=413, Avg=874.06, 90=1053, 99=1327, 99.9=1713, 99.99=2973] 
2025-08-17 12:59:28:641 2020 sec: 9392266 operations; 4538.8 current ops/sec; est completion in 9 minutes [INSERT: Count=45388, Max=18591, Min=328, Avg=876.56, 90=1063, 99=1353, 99.9=1919, 99.99=14415] 
2025-08-17 12:59:38:641 2030 sec: 9437926 operations; 4566 current ops/sec; est completion in 9 minutes [INSERT: Count=45660, Max=8479, Min=408, Avg=871.41, 90=1053, 99=1334, 99.9=1824, 99.99=3323] 
2025-08-17 12:59:48:641 2040 sec: 9483280 operations; 4535.4 current ops/sec; est completion in 9 minutes [INSERT: Count=45354, Max=30031, Min=405, Avg=877.29, 90=1055, 99=1346, 99.9=1812, 99.99=3085] 
2025-08-17 12:59:58:641 2050 sec: 9528886 operations; 4560.6 current ops/sec; est completion in 8 minutes [INSERT: Count=45606, Max=18095, Min=323, Avg=872.42, 90=1054, 99=1329, 99.9=1766, 99.99=6655] 
2025-08-17 13:00:08:642 2060 sec: 9574250 operations; 4535.95 current ops/sec; est completion in 8 minutes [INSERT: Count=45364, Max=17135, Min=404, Avg=877.1, 90=1057, 99=1343, 99.9=1679, 99.99=4107] 
2025-08-17 13:00:18:641 2070 sec: 9622198 operations; 4795.28 current ops/sec; est completion in 8 minutes [INSERT: Count=47948, Max=15583, Min=251, Avg=829.57, 90=1042, 99=1363, 99.9=2371, 99.99=13631] 
2025-08-17 13:00:28:642 2080 sec: 9674691 operations; 5248.78 current ops/sec; est completion in 8 minutes [INSERT: Count=52493, Max=21487, Min=240, Avg=757.19, 90=981, 99=1423, 99.9=7611, 99.99=15351] 
2025-08-17 13:00:38:641 2090 sec: 9723170 operations; 4848.38 current ops/sec; est completion in 8 minutes [INSERT: Count=48479, Max=27583, Min=248, Avg=820.17, 90=1029, 99=1381, 99.9=6955, 99.99=16023] 
2025-08-17 13:00:48:642 2100 sec: 9768918 operations; 4574.34 current ops/sec; est completion in 8 minutes [INSERT: Count=45748, Max=14159, Min=415, Avg=869.71, 90=1054, 99=1335, 99.9=1800, 99.99=3283] 
2025-08-17 13:00:58:641 2110 sec: 9814378 operations; 4546.45 current ops/sec; est completion in 7 minutes [INSERT: Count=45460, Max=13063, Min=386, Avg=875.16, 90=1059, 99=1339, 99.9=1665, 99.99=3025] 
2025-08-17 13:01:08:641 2120 sec: 9860316 operations; 4593.8 current ops/sec; est completion in 7 minutes [INSERT: Count=45938, Max=15879, Min=282, Avg=866.05, 90=1048, 99=1323, 99.9=1780, 99.99=2851] 
2025-08-17 13:01:18:641 2130 sec: 9905530 operations; 4521.4 current ops/sec; est completion in 7 minutes [INSERT: Count=45214, Max=19951, Min=411, Avg=880.03, 90=1059, 99=1333, 99.9=1686, 99.99=18799] 
2025-08-17 13:01:28:642 2140 sec: 9951115 operations; 4558.04 current ops/sec; est completion in 7 minutes [INSERT: Count=45585, Max=12815, Min=349, Avg=872.86, 90=1058, 99=1340, 99.9=1780, 99.99=3187] 
2025-08-17 13:01:38:641 2150 sec: 9996906 operations; 4579.56 current ops/sec; est completion in 7 minutes [INSERT: Count=45792, Max=18399, Min=385, Avg=868.83, 90=1053, 99=1326, 99.9=1670, 99.99=2843] 
2025-08-17 13:01:48:642 2160 sec: 10042711 operations; 4580.04 current ops/sec; est completion in 7 minutes [INSERT: Count=45804, Max=18943, Min=279, Avg=868.7, 90=1057, 99=1353, 99.9=1958, 99.99=16367] 
2025-08-17 13:01:58:641 2170 sec: 10094278 operations; 5157.22 current ops/sec; est completion in 6 minutes [INSERT: Count=51567, Max=16087, Min=255, Avg=771.12, 90=996, 99=1427, 99.9=10967, 99.99=15135] 
2025-08-17 13:02:08:642 2180 sec: 10143861 operations; 4957.8 current ops/sec; est completion in 6 minutes [INSERT: Count=49583, Max=15687, Min=240, Avg=802.21, 90=1020, 99=1412, 99.9=10751, 99.99=15559] 
2025-08-17 13:02:18:641 2190 sec: 10189731 operations; 4587.46 current ops/sec; est completion in 6 minutes [INSERT: Count=45870, Max=17711, Min=262, Avg=867.23, 90=1050, 99=1338, 99.9=1854, 99.99=4227] 
2025-08-17 13:02:28:641 2200 sec: 10235515 operations; 4578.4 current ops/sec; est completion in 6 minutes [INSERT: Count=45785, Max=3125, Min=383, Avg=868.95, 90=1050, 99=1330, 99.9=1654, 99.99=2603] 
2025-08-17 13:02:38:641 2210 sec: 10281101 operations; 4558.6 current ops/sec; est completion in 6 minutes [INSERT: Count=45585, Max=9663, Min=288, Avg=872.85, 90=1059, 99=1346, 99.9=1745, 99.99=3787] 
2025-08-17 13:02:48:642 2220 sec: 10326748 operations; 4564.24 current ops/sec; est completion in 6 minutes [INSERT: Count=45647, Max=15335, Min=401, Avg=871.71, 90=1049, 99=1332, 99.9=1751, 99.99=11303] 
2025-08-17 13:02:58:641 2230 sec: 10372066 operations; 4532.25 current ops/sec; est completion in 5 minutes [INSERT: Count=45318, Max=14839, Min=299, Avg=877.92, 90=1061, 99=1347, 99.9=1732, 99.99=13631] 
2025-08-17 13:03:08:642 2240 sec: 10417825 operations; 4575.44 current ops/sec; est completion in 5 minutes [INSERT: Count=45759, Max=17423, Min=403, Avg=869.55, 90=1049, 99=1310, 99.9=1619, 99.99=2741] 
2025-08-17 13:03:18:641 2250 sec: 10463202 operations; 4538.15 current ops/sec; est completion in 5 minutes [INSERT: Count=45378, Max=16703, Min=382, Avg=876.7, 90=1058, 99=1340, 99.9=1632, 99.99=2945] 
2025-08-17 13:03:28:642 2260 sec: 10513265 operations; 5005.8 current ops/sec; est completion in 5 minutes [INSERT: Count=50062, Max=16943, Min=252, Avg=794.58, 90=1024, 99=1381, 99.9=5475, 99.99=16071] 
2025-08-17 13:03:38:641 2270 sec: 10565342 operations; 5208.22 current ops/sec; est completion in 5 minutes [INSERT: Count=52079, Max=24495, Min=255, Avg=763.54, 90=982, 99=1411, 99.9=11687, 99.99=16047] 
2025-08-17 13:03:48:641 2280 sec: 10614203 operations; 4886.59 current ops/sec; est completion in 4 minutes [INSERT: Count=48860, Max=16311, Min=249, Avg=813.99, 90=1024, 99=1365, 99.9=8027, 99.99=15703] 
2025-08-17 13:03:58:641 2290 sec: 10659879 operations; 4567.14 current ops/sec; est completion in 4 minutes [INSERT: Count=45676, Max=3265, Min=357, Avg=871.12, 90=1055, 99=1327, 99.9=1648, 99.99=2877] 
2025-08-17 13:04:08:642 2300 sec: 10705315 operations; 4543.15 current ops/sec; est completion in 4 minutes [INSERT: Count=45435, Max=7095, Min=379, Avg=875.79, 90=1063, 99=1345, 99.9=1756, 99.99=2821] 
2025-08-17 13:04:18:641 2310 sec: 10750971 operations; 4566.06 current ops/sec; est completion in 4 minutes [INSERT: Count=45657, Max=4687, Min=390, Avg=871.37, 90=1053, 99=1329, 99.9=1624, 99.99=3237] 
2025-08-17 13:04:28:641 2320 sec: 10796276 operations; 4530.95 current ops/sec; est completion in 4 minutes [INSERT: Count=45304, Max=14871, Min=406, Avg=878.14, 90=1059, 99=1336, 99.9=1800, 99.99=2947] 
2025-08-17 13:04:38:641 2330 sec: 10842116 operations; 4583.54 current ops/sec; est completion in 4 minutes [INSERT: Count=45840, Max=16183, Min=352, Avg=867.97, 90=1052, 99=1336, 99.9=1827, 99.99=9959] 
2025-08-17 13:04:48:642 2340 sec: 10887746 operations; 4562.54 current ops/sec; est completion in 4 minutes [INSERT: Count=45630, Max=14887, Min=382, Avg=872.05, 90=1056, 99=1337, 99.9=1832, 99.99=4211] 
2025-08-17 13:04:58:641 2350 sec: 10936122 operations; 4838.08 current ops/sec; est completion in 3 minutes [INSERT: Count=48376, Max=17887, Min=265, Avg=822.19, 90=1040, 99=1374, 99.9=3067, 99.99=16111] 
2025-08-17 13:05:08:642 2360 sec: 10988125 operations; 5199.78 current ops/sec; est completion in 3 minutes [INSERT: Count=52003, Max=16359, Min=265, Avg=764.69, 90=984, 99=1409, 99.9=10535, 99.99=15783] 
2025-08-17 13:05:18:641 2370 sec: 11038491 operations; 5037.1 current ops/sec; est completion in 3 minutes [INSERT: Count=50366, Max=16575, Min=243, Avg=789.55, 90=1010, 99=1364, 99.9=6127, 99.99=14935] 
2025-08-17 13:05:28:642 2380 sec: 11084155 operations; 4565.94 current ops/sec; est completion in 3 minutes [INSERT: Count=45665, Max=3391, Min=422, Avg=871.33, 90=1056, 99=1331, 99.9=1730, 99.99=2797] 
2025-08-17 13:05:38:641 2390 sec: 11129290 operations; 4513.95 current ops/sec; est completion in 3 minutes [INSERT: Count=45135, Max=17583, Min=413, Avg=881.46, 90=1066, 99=1351, 99.9=1704, 99.99=2983] 
2025-08-17 13:05:48:642 2400 sec: 11174999 operations; 4570.44 current ops/sec; est completion in 2 minutes [INSERT: Count=45708, Max=26767, Min=339, Avg=870.38, 90=1053, 99=1333, 99.9=2101, 99.99=14359] 
2025-08-17 13:05:58:641 2410 sec: 11220096 operations; 4510.15 current ops/sec; est completion in 2 minutes [INSERT: Count=45097, Max=15655, Min=408, Avg=878.93, 90=1057, 99=1342, 99.9=2117, 99.99=14647] 
2025-08-17 13:06:08:642 2420 sec: 11265202 operations; 4510.15 current ops/sec; est completion in 2 minutes [INSERT: Count=45106, Max=10199, Min=299, Avg=878.94, 90=1062, 99=1348, 99.9=1829, 99.99=8311] 
2025-08-17 13:06:18:641 2430 sec: 11310893 operations; 4570.01 current ops/sec; est completion in 2 minutes [INSERT: Count=45692, Max=3423, Min=403, Avg=870.66, 90=1052, 99=1327, 99.9=1648, 99.99=2805] 
2025-08-17 13:06:28:642 2440 sec: 11357349 operations; 4644.67 current ops/sec; est completion in 2 minutes [INSERT: Count=46455, Max=17583, Min=251, Avg=856.5, 90=1053, 99=1352, 99.9=2733, 99.99=14327] 
2025-08-17 13:06:38:641 2450 sec: 11409542 operations; 5219.82 current ops/sec; est completion in 2 minutes [INSERT: Count=52193, Max=18959, Min=258, Avg=761.78, 90=983, 99=1421, 99.9=9647, 99.99=16063] 
2025-08-17 13:06:48:642 2460 sec: 11461701 operations; 5215.9 current ops/sec; est completion in 1 minute [INSERT: Count=52160, Max=17087, Min=242, Avg=762.36, 90=981, 99=1425, 99.9=11911, 99.99=15471] 
2025-08-17 13:06:58:641 2470 sec: 11507904 operations; 4620.76 current ops/sec; est completion in 1 minute [INSERT: Count=46202, Max=15927, Min=297, Avg=860.99, 90=1048, 99=1322, 99.9=1739, 99.99=3377] 
2025-08-17 13:07:08:642 2480 sec: 11553166 operations; 4525.29 current ops/sec; est completion in 1 minute [INSERT: Count=45262, Max=14863, Min=407, Avg=879.14, 90=1060, 99=1339, 99.9=1795, 99.99=5051] 
2025-08-17 13:07:18:641 2490 sec: 11598687 operations; 4552.56 current ops/sec; est completion in 1 minute [INSERT: Count=45521, Max=5747, Min=263, Avg=873.83, 90=1062, 99=1341, 99.9=1764, 99.99=3407] 
2025-08-17 13:07:28:642 2500 sec: 11644135 operations; 4544.35 current ops/sec; est completion in 1 minute [INSERT: Count=45448, Max=3187, Min=419, Avg=875.55, 90=1058, 99=1330, 99.9=1643, 99.99=2303] 
2025-08-17 13:07:38:641 2510 sec: 11689415 operations; 4528.45 current ops/sec; est completion in 1 minute [INSERT: Count=45280, Max=8003, Min=258, Avg=878.63, 90=1063, 99=1347, 99.9=2189, 99.99=3837] 
2025-08-17 13:07:48:642 2520 sec: 11734914 operations; 4549.45 current ops/sec; est completion in 57 seconds [INSERT: Count=45499, Max=7543, Min=355, Avg=874.48, 90=1056, 99=1332, 99.9=1691, 99.99=3261] 
2025-08-17 13:07:58:641 2530 sec: 11780172 operations; 4526.25 current ops/sec; est completion in 48 seconds [INSERT: Count=45259, Max=16023, Min=409, Avg=878.98, 90=1058, 99=1342, 99.9=1706, 99.99=2937] 
2025-08-17 13:08:08:641 2540 sec: 11831890 operations; 5171.8 current ops/sec; est completion in 37 seconds [INSERT: Count=51718, Max=16215, Min=256, Avg=768.86, 90=994, 99=1401, 99.9=7219, 99.99=15015] 
2025-08-17 13:08:18:641 2550 sec: 11883366 operations; 5147.6 current ops/sec; est completion in 26 seconds [INSERT: Count=51475, Max=19567, Min=282, Avg=772.49, 90=990, 99=1428, 99.9=10191, 99.99=15871] 
2025-08-17 13:08:28:642 2560 sec: 11931662 operations; 4829.12 current ops/sec; est completion in 15 seconds [INSERT: Count=48297, Max=15695, Min=264, Avg=823.72, 90=1033, 99=1355, 99.9=3345, 99.99=13991] 
2025-08-17 13:08:38:641 2570 sec: 11977309 operations; 4565.16 current ops/sec; est completion in 5 second [INSERT: Count=45646, Max=3477, Min=402, Avg=871.52, 90=1053, 99=1326, 99.9=1783, 99.99=3185] 
Client 1 sends TerminationMsg to shard 0
Client 1 sends TerminationMsg to shard 1
requestObserver.onCompleted shard: 1 client: 1 write:false 2025-08-17 13:08:39.746
replyObserver.onError shard: 0 client: 1 write:false 2025-08-17 13:08:39.75
[grpc-default-executor-7] ERROR site.ycsb.DBWrapper - Encountered error in sendReply
io.grpc.StatusRuntimeException: UNAVAILABLE: Channel shutdownNow invoked
replyObserver.onError shard: 0 client: 1 write:true 2025-08-17 13:08:39.75
replyObserver.onError shard: 1 client: 1 write:false 2025-08-17 13:08:39.75
replyObserver.onError shard: 1 client: 1 write:true 2025-08-17 13:08:39.75
	at io.grpc.Status.asRuntimeException(Status.java:535)
	at io.grpc.stub.ClientCalls$StreamObserverToCallListenerAdapter.onClose(ClientCalls.java:478)
	at io.grpc.internal.DelayedClientCall$DelayedListener$3.run(DelayedClientCall.java:463)
	at io.grpc.internal.DelayedClientCall$DelayedListener.delayOrExecute(DelayedClientCall.java:427)
	at io.grpc.internal.DelayedClientCall$DelayedListener.onClose(DelayedClientCall.java:460)
	at io.grpc.internal.ClientCallImpl.closeObserver(ClientCallImpl.java:553)
	at io.grpc.internal.ClientCallImpl.access$300(ClientCallImpl.java:68)
	at io.grpc.internal.ClientCallImpl$ClientStreamListenerImpl$1StreamClosed.runInternal(ClientCallImpl.java:739)
	at io.grpc.internal.ClientCallImpl$ClientStreamListenerImpl$1StreamClosed.runInContext(ClientCallImpl.java:718)
	at io.grpc.internal.ContextRunnable.run(ContextRunnable.java:37)
	at io.grpc.internal.SerializingExecutor.run(SerializingExecutor.java:123)
	at java.base/java.util.concurrent.ThreadPoolExecutor.runWorker(ThreadPoolExecutor.java:1128)
	at java.base/java.util.concurrent.ThreadPoolExecutor$Worker.run(ThreadPoolExecutor.java:628)
	at java.base/java.lang.Thread.run(Thread.java:829)
[grpc-default-executor-12] ERROR site.ycsb.DBWrapper - Encountered error in sendReply
[grpc-default-executor-5] ERROR site.ycsb.DBWrapper - Encountered error in sendReply
[grpc-default-executor-10] ERROR site.ycsb.DBWrapper - Encountered error in sendReply
io.grpc.StatusRuntimeException: UNAVAILABLE: Channel shutdownNow invoked
	at io.grpc.Status.asRuntimeException(Status.java:535)
	at io.grpc.stub.ClientCalls$StreamObserverToCallListenerAdapter.onClose(ClientCalls.java:478)
	at io.grpc.internal.ClientCallImpl.closeObserver(ClientCallImpl.java:553)
	at io.grpc.internal.ClientCallImpl.access$300(ClientCallImpl.java:68)
	at io.grpc.internal.ClientCallImpl$ClientStreamListenerImpl$1StreamClosed.runInternal(ClientCallImpl.java:739)
	at io.grpc.internal.ClientCallImpl$ClientStreamListenerImpl$1StreamClosed.runInContext(ClientCallImpl.java:718)
	at io.grpc.internal.ContextRunnable.run(ContextRunnable.java:37)
	at io.grpc.internal.SerializingExecutor.run(SerializingExecutor.java:123)
	at java.base/java.util.concurrent.ThreadPoolExecutor.runWorker(ThreadPoolExecutor.java:1128)
	at java.base/java.util.concurrent.ThreadPoolExecutor$Worker.run(ThreadPoolExecutor.java:628)
	at java.base/java.lang.Thread.run(Thread.java:829)
io.grpc.StatusRuntimeException: UNAVAILABLE: Channel shutdownNow invoked
	at io.grpc.Status.asRuntimeException(Status.java:535)
	at io.grpc.stub.ClientCalls$StreamObserverToCallListenerAdapter.onClose(ClientCalls.java:478)
	at io.grpc.internal.ClientCallImpl.closeObserver(ClientCallImpl.java:553)
	at io.grpc.internal.ClientCallImpl.access$300(ClientCallImpl.java:68)
	at io.grpc.internal.ClientCallImpl$ClientStreamListenerImpl$1StreamClosed.runInternal(ClientCallImpl.java:739)
	at io.grpc.internal.ClientCallImpl$ClientStreamListenerImpl$1StreamClosed.runInContext(ClientCallImpl.java:718)
	at io.grpc.internal.ContextRunnable.run(ContextRunnable.java:37)
	at io.grpc.internal.SerializingExecutor.run(SerializingExecutor.java:123)
	at java.base/java.util.concurrent.ThreadPoolExecutor.runWorker(ThreadPoolExecutor.java:1128)
	at java.base/java.util.concurrent.ThreadPoolExecutor$Worker.run(ThreadPoolExecutor.java:628)
	at java.base/java.lang.Thread.run(Thread.java:829)
io.grpc.StatusRuntimeException: UNAVAILABLE: Channel shutdownNow invoked
	at io.grpc.Status.asRuntimeException(Status.java:535)
	at io.grpc.stub.ClientCalls$StreamObserverToCallListenerAdapter.onClose(ClientCalls.java:478)
	at io.grpc.internal.ClientCallImpl.closeObserver(ClientCallImpl.java:553)
	at io.grpc.internal.ClientCallImpl.access$300(ClientCallImpl.java:68)
	at io.grpc.internal.ClientCallImpl$ClientStreamListenerImpl$1StreamClosed.runInternal(ClientCallImpl.java:739)
	at io.grpc.internal.ClientCallImpl$ClientStreamListenerImpl$1StreamClosed.runInContext(ClientCallImpl.java:718)
	at io.grpc.internal.ContextRunnable.run(ContextRunnable.java:37)
	at io.grpc.internal.SerializingExecutor.run(SerializingExecutor.java:123)
	at java.base/java.util.concurrent.ThreadPoolExecutor.runWorker(ThreadPoolExecutor.java:1128)
	at java.base/java.util.concurrent.ThreadPoolExecutor$Worker.run(ThreadPoolExecutor.java:628)
	at java.base/java.lang.Thread.run(Thread.java:829)
Client 0 sends TerminationMsg to shard 0
Client 0 sends TerminationMsg to shard 1
requestObserver.onCompleted shard: 1 client: 0 write:false 2025-08-17 13:08:43.057
replyObserver.onError shard: 0 client: 0 write:true 2025-08-17 13:08:43.057
[grpc-default-executor-5] ERROR site.ycsb.DBWrapper - Encountered error in sendReply
io.grpc.StatusRuntimeException: UNAVAILABLE: Channel shutdownNow invoked
replyObserver.onError shard: 0 client: 0 write:false 2025-08-17 13:08:43.057
replyObserver.onError shard: 1 client: 0 write:false 2025-08-17 13:08:43.057
	at io.grpc.Status.asRuntimeException(Status.java:535)
	at io.grpc.stub.ClientCalls$StreamObserverToCallListenerAdapter.onClose(ClientCalls.java:478)
replyObserver.onError shard: 1 client: 0 write:true 2025-08-17 13:08:43.057	at io.grpc.internal.ClientCallImpl.closeObserver(ClientCallImpl.java:553)

	at io.grpc.internal.ClientCallImpl.access$300(ClientCallImpl.java:68)
	at io.grpc.internal.ClientCallImpl$ClientStreamListenerImpl$1StreamClosed.runInternal(ClientCallImpl.java:739)
	at io.grpc.internal.ClientCallImpl$ClientStreamListenerImpl$1StreamClosed.runInContext(ClientCallImpl.java:718)
	at io.grpc.internal.ContextRunnable.run(ContextRunnable.java:37)
	at io.grpc.internal.SerializingExecutor.run(SerializingExecutor.java:123)
	at java.base/java.util.concurrent.ThreadPoolExecutor.runWorker(ThreadPoolExecutor.java:1128)
	at java.base/java.util.concurrent.ThreadPoolExecutor$Worker.run(ThreadPoolExecutor.java:628)
	at java.base/java.lang.Thread.run(Thread.java:829)
[grpc-default-executor-7] ERROR site.ycsb.DBWrapper - Encountered error in sendReply
[grpc-default-executor-12] ERROR site.ycsb.DBWrapper - Encountered error in sendReply
[grpc-default-executor-10] ERROR site.ycsb.DBWrapper - Encountered error in sendReply
io.grpc.StatusRuntimeException: UNAVAILABLE: Channel shutdownNow invoked
	at io.grpc.Status.asRuntimeException(Status.java:535)
	at io.grpc.stub.ClientCalls$StreamObserverToCallListenerAdapter.onClose(ClientCalls.java:478)
	at io.grpc.internal.ClientCallImpl.closeObserver(ClientCallImpl.java:553)
	at io.grpc.internal.ClientCallImpl.access$300(ClientCallImpl.java:68)
	at io.grpc.internal.ClientCallImpl$ClientStreamListenerImpl$1StreamClosed.runInternal(ClientCallImpl.java:739)
	at io.grpc.internal.ClientCallImpl$ClientStreamListenerImpl$1StreamClosed.runInContext(ClientCallImpl.java:718)
	at io.grpc.internal.ContextRunnable.run(ContextRunnable.java:37)
	at io.grpc.internal.SerializingExecutor.run(SerializingExecutor.java:123)
	at java.base/java.util.concurrent.ThreadPoolExecutor.runWorker(ThreadPoolExecutor.java:1128)
	at java.base/java.util.concurrent.ThreadPoolExecutor$Worker.run(ThreadPoolExecutor.java:628)
	at java.base/java.lang.Thread.run(Thread.java:829)
io.grpc.StatusRuntimeException: UNAVAILABLE: Channel shutdownNow invoked
	at io.grpc.Status.asRuntimeException(Status.java:535)
	at io.grpc.stub.ClientCalls$StreamObserverToCallListenerAdapter.onClose(ClientCalls.java:478)
	at io.grpc.internal.ClientCallImpl.closeObserver(ClientCallImpl.java:553)
	at io.grpc.internal.ClientCallImpl.access$300(ClientCallImpl.java:68)
	at io.grpc.internal.ClientCallImpl$ClientStreamListenerImpl$1StreamClosed.runInternal(ClientCallImpl.java:739)
	at io.grpc.internal.ClientCallImpl$ClientStreamListenerImpl$1StreamClosed.runInContext(ClientCallImpl.java:718)
	at io.grpc.internal.ContextRunnable.run(ContextRunnable.java:37)
	at io.grpc.internal.SerializingExecutor.run(SerializingExecutor.java:123)
	at java.base/java.util.concurrent.ThreadPoolExecutor.runWorker(ThreadPoolExecutor.java:1128)
	at java.base/java.util.concurrent.ThreadPoolExecutor$Worker.run(ThreadPoolExecutor.java:628)
	at java.base/java.lang.Thread.run(Thread.java:829)
io.grpc.StatusRuntimeException: UNAVAILABLE: Channel shutdownNow invoked
	at io.grpc.Status.asRuntimeException(Status.java:535)
	at io.grpc.stub.ClientCalls$StreamObserverToCallListenerAdapter.onClose(ClientCalls.java:478)
	at io.grpc.internal.DelayedClientCall$DelayedListener$3.run(DelayedClientCall.java:463)
	at io.grpc.internal.DelayedClientCall$DelayedListener.delayOrExecute(DelayedClientCall.java:427)
	at io.grpc.internal.DelayedClientCall$DelayedListener.onClose(DelayedClientCall.java:460)
	at io.grpc.internal.ClientCallImpl.closeObserver(ClientCallImpl.java:553)
	at io.grpc.internal.ClientCallImpl.access$300(ClientCallImpl.java:68)
	at io.grpc.internal.ClientCallImpl$ClientStreamListenerImpl$1StreamClosed.runInternal(ClientCallImpl.java:739)
	at io.grpc.internal.ClientCallImpl$ClientStreamListenerImpl$1StreamClosed.runInContext(ClientCallImpl.java:718)
	at io.grpc.internal.ContextRunnable.run(ContextRunnable.java:37)
	at io.grpc.internal.SerializingExecutor.run(SerializingExecutor.java:123)
	at java.base/java.util.concurrent.ThreadPoolExecutor.runWorker(ThreadPoolExecutor.java:1128)
	at java.base/java.util.concurrent.ThreadPoolExecutor$Worker.run(ThreadPoolExecutor.java:628)
	at java.base/java.lang.Thread.run(Thread.java:829)
Client 3 sends TerminationMsg to shard 0
Client 3 sends TerminationMsg to shard 1
requestObserver.onCompleted shard: 0 client: 3 write:false 2025-08-17 13:08:44.534
replyObserver.onError shard: 0 client: 3 write:false 2025-08-17 13:08:44.534
[grpc-default-executor-7] ERROR site.ycsb.DBWrapper - Encountered error in sendReply
replyObserver.onError shard: 0 client: 3 write:true 2025-08-17 13:08:44.534io.grpc.StatusRuntimeException: UNAVAILABLE: Channel shutdownNow invoked

	at io.grpc.Status.asRuntimeException(Status.java:535)
	at io.grpc.stub.ClientCalls$StreamObserverToCallListenerAdapter.onClose(ClientCalls.java:478)replyObserver.onError shard: 1 client: 3 write:true 2025-08-17 13:08:44.534

	at io.grpc.internal.DelayedClientCall$DelayedListener$3.run(DelayedClientCall.java:463)
	at io.grpc.internal.DelayedClientCall$DelayedListener.delayOrExecute(DelayedClientCall.java:427)replyObserver.onError shard: 1 client: 3 write:false 2025-08-17 13:08:44.534

	at io.grpc.internal.DelayedClientCall$DelayedListener.onClose(DelayedClientCall.java:460)
	at io.grpc.internal.ClientCallImpl.closeObserver(ClientCallImpl.java:553)
	at io.grpc.internal.ClientCallImpl.access$300(ClientCallImpl.java:68)
	at io.grpc.internal.ClientCallImpl$ClientStreamListenerImpl$1StreamClosed.runInternal(ClientCallImpl.java:739)
	at io.grpc.internal.ClientCallImpl$ClientStreamListenerImpl$1StreamClosed.runInContext(ClientCallImpl.java:718)
	at io.grpc.internal.ContextRunnable.run(ContextRunnable.java:37)
	at io.grpc.internal.SerializingExecutor.run(SerializingExecutor.java:123)
	at java.base/java.util.concurrent.ThreadPoolExecutor.runWorker(ThreadPoolExecutor.java:1128)
	at java.base/java.util.concurrent.ThreadPoolExecutor$Worker.run(ThreadPoolExecutor.java:628)
	at java.base/java.lang.Thread.run(Thread.java:829)
[grpc-default-executor-12] ERROR site.ycsb.DBWrapper - Encountered error in sendReply
[grpc-default-executor-5] ERROR site.ycsb.DBWrapper - Encountered error in sendReply
[grpc-default-executor-10] ERROR site.ycsb.DBWrapper - Encountered error in sendReply
io.grpc.StatusRuntimeException: UNAVAILABLE: Channel shutdownNow invoked
	at io.grpc.Status.asRuntimeException(Status.java:535)
	at io.grpc.stub.ClientCalls$StreamObserverToCallListenerAdapter.onClose(ClientCalls.java:478)
	at io.grpc.internal.ClientCallImpl.closeObserver(ClientCallImpl.java:553)
	at io.grpc.internal.ClientCallImpl.access$300(ClientCallImpl.java:68)
	at io.grpc.internal.ClientCallImpl$ClientStreamListenerImpl$1StreamClosed.runInternal(ClientCallImpl.java:739)
	at io.grpc.internal.ClientCallImpl$ClientStreamListenerImpl$1StreamClosed.runInContext(ClientCallImpl.java:718)
	at io.grpc.internal.ContextRunnable.run(ContextRunnable.java:37)
	at io.grpc.internal.SerializingExecutor.run(SerializingExecutor.java:123)
	at java.base/java.util.concurrent.ThreadPoolExecutor.runWorker(ThreadPoolExecutor.java:1128)
	at java.base/java.util.concurrent.ThreadPoolExecutor$Worker.run(ThreadPoolExecutor.java:628)
	at java.base/java.lang.Thread.run(Thread.java:829)
io.grpc.StatusRuntimeException: UNAVAILABLE: Channel shutdownNow invoked
	at io.grpc.Status.asRuntimeException(Status.java:535)
	at io.grpc.stub.ClientCalls$StreamObserverToCallListenerAdapter.onClose(ClientCalls.java:478)
	at io.grpc.internal.ClientCallImpl.closeObserver(ClientCallImpl.java:553)
	at io.grpc.internal.ClientCallImpl.access$300(ClientCallImpl.java:68)
	at io.grpc.internal.ClientCallImpl$ClientStreamListenerImpl$1StreamClosed.runInternal(ClientCallImpl.java:739)
	at io.grpc.internal.ClientCallImpl$ClientStreamListenerImpl$1StreamClosed.runInContext(ClientCallImpl.java:718)
	at io.grpc.internal.ContextRunnable.run(ContextRunnable.java:37)
	at io.grpc.internal.SerializingExecutor.run(SerializingExecutor.java:123)
	at java.base/java.util.concurrent.ThreadPoolExecutor.runWorker(ThreadPoolExecutor.java:1128)
	at java.base/java.util.concurrent.ThreadPoolExecutor$Worker.run(ThreadPoolExecutor.java:628)
	at java.base/java.lang.Thread.run(Thread.java:829)
io.grpc.StatusRuntimeException: UNAVAILABLE: Channel shutdownNow invoked
	at io.grpc.Status.asRuntimeException(Status.java:535)
	at io.grpc.stub.ClientCalls$StreamObserverToCallListenerAdapter.onClose(ClientCalls.java:478)
	at io.grpc.internal.ClientCallImpl.closeObserver(ClientCallImpl.java:553)
	at io.grpc.internal.ClientCallImpl.access$300(ClientCallImpl.java:68)
	at io.grpc.internal.ClientCallImpl$ClientStreamListenerImpl$1StreamClosed.runInternal(ClientCallImpl.java:739)
	at io.grpc.internal.ClientCallImpl$ClientStreamListenerImpl$1StreamClosed.runInContext(ClientCallImpl.java:718)
	at io.grpc.internal.ContextRunnable.run(ContextRunnable.java:37)
	at io.grpc.internal.SerializingExecutor.run(SerializingExecutor.java:123)
	at java.base/java.util.concurrent.ThreadPoolExecutor.runWorker(ThreadPoolExecutor.java:1128)
	at java.base/java.util.concurrent.ThreadPoolExecutor$Worker.run(ThreadPoolExecutor.java:628)
	at java.base/java.lang.Thread.run(Thread.java:829)
Client 2 sends TerminationMsg to shard 0
Client 2 sends TerminationMsg to shard 1
requestObserver.onCompleted shard: 0 client: 2 write:true 2025-08-17 13:08:47.362
replyObserver.onError shard: 0 client: 2 write:true 2025-08-17 13:08:47.363
[grpc-default-executor-5] ERROR site.ycsb.DBWrapper - Encountered error in sendReply
io.grpc.StatusRuntimeException: UNAVAILABLE: Channel shutdownNow invoked
	at io.grpc.Status.asRuntimeException(Status.java:535)
	at io.grpc.stub.ClientCalls$StreamObserverToCallListenerAdapter.onClose(ClientCalls.java:478)
	at io.grpc.internal.ClientCallImpl.closeObserver(ClientCallImpl.java:553)
	at io.grpc.internal.ClientCallImpl.access$300(ClientCallImpl.java:68)
	at io.grpc.internal.ClientCallImpl$ClientStreamListenerImpl$1StreamClosed.runInternal(ClientCallImpl.java:739)
	at io.grpc.internal.ClientCallImpl$ClientStreamListenerImpl$1StreamClosed.runInContext(ClientCallImpl.java:718)
	at io.grpc.internal.ContextRunnable.run(ContextRunnable.java:37)
	at io.grpc.internal.SerializingExecutor.run(SerializingExecutor.java:123)
	at java.base/java.util.concurrent.ThreadPoolExecutor.runWorker(ThreadPoolExecutor.java:1128)
	at java.base/java.util.concurrent.ThreadPoolExecutor$Worker.run(ThreadPoolExecutor.java:628)
	at java.base/java.lang.Thread.run(Thread.java:829)
replyObserver.onError shard: 0 client: 2 write:false 2025-08-17 13:08:47.363
[grpc-default-executor-5] ERROR site.ycsb.DBWrapper - Encountered error in sendReply
io.grpc.StatusRuntimeException: UNAVAILABLE: Channel shutdownNow invoked
	at io.grpc.Status.asRuntimeException(Status.java:535)
	at io.grpc.stub.ClientCalls$StreamObserverToCallListenerAdapter.onClose(ClientCalls.java:478)
	at io.grpc.internal.DelayedClientCall$DelayedListener$3.run(DelayedClientCall.java:463)
	at io.grpc.internal.DelayedClientCall$DelayedListener.delayOrExecute(DelayedClientCall.java:427)
	at io.grpc.internal.DelayedClientCall$DelayedListener.onClose(DelayedClientCall.java:460)
	at io.grpc.internal.ClientCallImpl.closeObserver(ClientCallImpl.java:553)
	at io.grpc.internal.ClientCallImpl.access$300(ClientCallImpl.java:68)
	at io.grpc.internal.ClientCallImpl$ClientStreamListenerImpl$1StreamClosed.runInternal(ClientCallImpl.java:739)
	at io.grpc.internal.ClientCallImpl$ClientStreamListenerImpl$1StreamClosed.runInContext(ClientCallImpl.java:718)
	at io.grpc.internal.ContextRunnable.run(ContextRunnable.java:37)
replyObserver.onError shard: 1 client: 2 write:false 2025-08-17 13:08:47.363	at io.grpc.internal.SerializingExecutor.run(SerializingExecutor.java:123)

	at java.base/java.util.concurrent.ThreadPoolExecutor.runWorker(ThreadPoolExecutor.java:1128)
	at java.base/java.util.concurrent.ThreadPoolExecutor$Worker.run(ThreadPoolExecutor.java:628)
	at java.base/java.lang.Thread.run(Thread.java:829)
[grpc-default-executor-10] ERROR site.ycsb.DBWrapper - Encountered error in sendReply
io.grpc.StatusRuntimeException: UNAVAILABLE: Channel shutdownNow invoked
	at io.grpc.Status.asRuntimeException(Status.java:535)
	at io.grpc.stub.ClientCalls$StreamObserverToCallListenerAdapter.onClose(ClientCalls.java:478)
	at io.grpc.internal.ClientCallImpl.closeObserver(ClientCallImpl.java:553)
	at io.grpc.internal.ClientCallImpl.access$300(ClientCallImpl.java:68)
	at io.grpc.internal.ClientCallImpl$ClientStreamListenerImpl$1StreamClosed.runInternal(ClientCallImpl.java:739)
	at io.grpc.internal.ClientCallImpl$ClientStreamListenerImpl$1StreamClosed.runInContext(ClientCallImpl.java:718)
	at io.grpc.internal.ContextRunnable.run(ContextRunnable.java:37)
	at io.grpc.internal.SerializingExecutor.run(SerializingExecutor.java:123)
	at java.base/java.util.concurrent.ThreadPoolExecutor.runWorker(ThreadPoolExecutor.java:1128)
	at java.base/java.util.concurrent.ThreadPoolExecutor$Worker.run(ThreadPoolExecutor.java:628)
	at java.base/java.lang.Thread.run(Thread.java:829)
replyObserver.onError shard: 1 client: 2 write:true 2025-08-17 13:08:47.364
[grpc-default-executor-12] ERROR site.ycsb.DBWrapper - Encountered error in sendReply
io.grpc.StatusRuntimeException: UNAVAILABLE: Channel shutdownNow invoked
	at io.grpc.Status.asRuntimeException(Status.java:535)
	at io.grpc.stub.ClientCalls$StreamObserverToCallListenerAdapter.onClose(ClientCalls.java:478)
	at io.grpc.internal.ClientCallImpl.closeObserver(ClientCallImpl.java:553)
	at io.grpc.internal.ClientCallImpl.access$300(ClientCallImpl.java:68)
	at io.grpc.internal.ClientCallImpl$ClientStreamListenerImpl$1StreamClosed.runInternal(ClientCallImpl.java:739)
	at io.grpc.internal.ClientCallImpl$ClientStreamListenerImpl$1StreamClosed.runInContext(ClientCallImpl.java:718)
	at io.grpc.internal.ContextRunnable.run(ContextRunnable.java:37)
	at io.grpc.internal.SerializingExecutor.run(SerializingExecutor.java:123)
	at java.base/java.util.concurrent.ThreadPoolExecutor.runWorker(ThreadPoolExecutor.java:1128)
	at java.base/java.util.concurrent.ThreadPoolExecutor$Worker.run(ThreadPoolExecutor.java:628)
	at java.base/java.lang.Thread.run(Thread.java:829)
2025-08-17 13:08:47:367 2578 sec: 12000000 operations; 2600.39 current ops/sec; [CLEANUP: Count=4, Max=10111, Min=1125, Avg=4318.5, 90=10111, 99=10111, 99.9=10111, 99.99=10111] [INSERT: Count=22691, Max=8703, Min=395, Avg=882.17, 90=1014, 99=1276, 99.9=1963, 99.99=5075] 
[OVERALL], RunTime(ms), 2578727
[OVERALL], Throughput(ops/sec), 4653.458857800768
[TOTAL_GCS_G1_Young_Generation], Count, 168
[TOTAL_GC_TIME_G1_Young_Generation], Time(ms), 195
[TOTAL_GC_TIME_%_G1_Young_Generation], Time(%), 0.007561870643926247
[TOTAL_GCS_G1_Old_Generation], Count, 0
[TOTAL_GC_TIME_G1_Old_Generation], Time(ms), 0
[TOTAL_GC_TIME_%_G1_Old_Generation], Time(%), 0.0
[TOTAL_GCs], Count, 168
[TOTAL_GC_TIME], Time(ms), 195
[TOTAL_GC_TIME_%], Time(%), 0.007561870643926247
[CLEANUP], Operations, 4
[CLEANUP], AverageLatency(us), 4318.5
[CLEANUP], MinLatency(us), 1125
[CLEANUP], MaxLatency(us), 10111
[CLEANUP], 95thPercentileLatency(us), 10111
[CLEANUP], 99thPercentileLatency(us), 10111
[INSERT], Operations, 12000000
[INSERT], AverageLatency(us), 853.27598325
[INSERT], MinLatency(us), 231
[INSERT], MaxLatency(us), 274175
[INSERT], 95thPercentileLatency(us), 1140
[INSERT], 99thPercentileLatency(us), 1344
[INSERT], Return=OK, 12000000
