131245
136536
144040
143876
111055
134302
134056
139437
137438
157015
150979
163352
128535
150018
164314
172448
158372
163151
171592
146678
141304
146530
129699
144115
148537
150012
153102
158362
167502
153156
158413
164406
159412
158999
149917
118451
148383
168383
132466
140866
156916
132434
152104
157109
133531
138291
149800
150058
149154
156404
134998
158310
164960
158893
147385
151801
171628
160600
178141
167321
171242
152444
148599
152081
154411
151430
148998
144360
155934
157634
157478
139130
157631
167558
143132
157541
173847
150959
113063
147230
159940
169144
155535
162253
132025
164167
159314
163867
163609
164524
175519
177784
153800
152208
143529
144699
151397
161046
154437
148699
142563
130480
161348
156903
138731
154243
154617
153745
163621
160049
148054
150110
153391
152406
148418
151798
137036
65666
163416
149821
141205
153245
130417
144853
147286
150609
156177
138892
146353
146165
149952
155020
158282
150849
129779
150436
166369
159344
148910
144903
155467
165906
155448
155780
140300
146113
158069
143519
140458
166569
162554
146473
148089
164424
160371
157372
0
120091
147432
139452
147248
142336
165395
148752
153697
145092
151293
152793
152357
139632
144387
153234
157260
147342
152258
163700
63024
163015
3435
0
0
0
80701
158844
152325
158856
155505
168890
67784
151021
132877
150437
163066
155070
142806
154935
142476
139515
143529
140973
147733
152475
136314
135610
114412
134419
122661
140926
156556
154134
153536
153726
157395
145274
141151
137064
157020
160065
151662
146985
160413
156253
149934
147348
150833
143373
136944
133855
0
0
0
0
0
0
0
0
0
0
0
0
41033
129117
153631
141871
157499
152623
144674
147959
135826
159257
148930
133821
158802
159100
159068
146532
151175
133590
129574
138559
139953
151577
138428
120191
123742
144739
152585
140321
143794
154028
147770
138318
153916
135739
132949
153457
144471
150198
149909
142501
149733
171212
138377
158032
148513
155178
145194
155025
123345
143536
162191
163130
155196
153649
148619
9162
0
0
0
0
0
0
0
0
0
0
0
10347
151051
146637
157875
151394
142182
154597
149336
141884
154439
154327
155361
144505
143916
152088
159802
149284
153342
149246
147606
147464
150176
156968
147243
142285
162954
157023
143533
154106
148685
145613
154138
152741
143631
140749
148055
140960
145598
127907
159555
156052
141004
153800
153380
152912
140986
124606
153075
151230
137998
122299
105202
157695
134309
124592
0
0
0
0
0
0
0
0
0
0
0
0
0
0
0
145459
132198
52430
20732
152829
151831
151535
143671
155185
138086
155104
153163
141102
143312
146787
155464
174065
169554
151337
143026
148844
153996
152381
151642
153641
140297
151273
150640
145415
142683
152303
150783
159439
161811
152423
149136
144304
135741
152807
152312
151757
142585
142227
128448
146617
140477
148008
146742
154022
167398
162256
151058
171560
155353
169693
103629
73
103666
130875
0
0
0
0
0
0
0
0
0
0
0
54665
165563
131400
76181
0
0
0
0
0
109271
137275
139064
137116
148642
135431
134067
142562
119990
159959
152892
131720
156989
115702
153776
136953
141228
139844
138047
141701
145947
139785
136543
135626
137196
140850
148044
133728
134297
165118
139339
154373
137706
132876
141309
121694
144287
144883
128611
158286
154084
131235
142483
147625
138099
102456
0
0
39579
140068
102945
151424
122613
122355
0
0
0
0
0
0
0
0
0
0
0
0
0
0
0
0
0
0
0
0
90978
137311
155087
132811
146800
146355
128325
155509
137295
136100
150448
126604
146014
145117
121288
145616
116806
136525
133812
120086
141178
99585
148091
121321
108708
140185
104731
140685
131074
137316
108981
122473
137329
130397
120388
21629
0
28
103919
131266
130085
135499
161701
134339
135474
134036
120213
142994
111388
130803
103873
120437
126727
110066
24448
138112
119919
139682
120585
126482
140199
58355
97826
124599
121263
132824
133757
66939
127143
107858
122275
119539
135839
38969
106557
114841
119125
130553
121050
111805
136982
106467
130008
113094
129535
135981
109613
123499
78273
89499
109663
118760
124851
93363
127684
107630
132363
128735
118558
137755
115982
130742
117488
117558
88882
129408
128059
128264
132750
115304
129984
0
0
0
0
0
0
0
0
0
0
0
0
0
104878
137455
8092
0
0
0
57098
161956
168750
143447
148216
149903
142094
148098
161926
40405
0
0
0
0
83666
158032
138726
149857
135694
138538
146155
155593
129045
141000
162773
122333
146311
137394
118614
129812
130646
133243
138251
120382
144283
74008
141434
110948
126907
109353
149225
132757
33053
0
0
80332
155196
132736
137944
166556
137369
153784
142022
141648
141118
153384
135467
155884
158704
151383
84719
133170
88714
152040
136608
134510
109836
130357
108967
112979
155639
64424
0
0
0
0
0
0
0
0
0
0
0
0
0
150293
105407
150162
139922
154950
144750
39770
107896
147634
155552
134540
129052
136445
117387
146039
119171
147402
160273
117775
156470
142927
46594
105210
143024
136556
119589
166499
159551
158448
150520
173684
122060
161736
170374
134896
137593
146942
23114
0
94576
142231
94387
138116
139617
81400
110743
84673
103321
142400
117568
138938
142200
120382
147929
146202
55392
134228
123285
154459
126938
134840
0
0
0
0
0
0
0
0
0
0
0
0
0
4045
143427
127469
158223
96547
161266
113699
162475
154706
93797
159861
144887
140334
129550
142150
59938
137306
118892
148006
135721
154507
157494
151785
144267
160078
140916
122383
165309
14607
0
0
84366
152705
131456
132292
125246
114274
143696
107787
126757
108665
73072
26411
1152
