
nofdb	workloads/workloada.spec	50
# Load duration (sec): 862.618
# Loading records:	100000000
# Load throughput (KOPS): 115.926
Count: 100000000  Average: 429.7685  StdDev: 30202.44
Percentiles(us): P50: 237.30 P90: 547.82 P99: 1191.95 P99.9: 18807.15 P99.99: 74688.43
------------------------------------------------------
[      50,      60 )       9   0.000%   0.000% 
[      60,      70 )     130   0.000%   0.000% 
[      70,      80 )     698   0.001%   0.001% 
[      80,      90 )    2272   0.002%   0.003% 
[      90,     100 )   10900   0.011%   0.014% 
[     100,     120 ) 14350561  14.351%  14.365% ###
[     120,     140 ) 6452069   6.452%  20.817% #
[     140,     160 ) 5880557   5.881%  26.697% #
[     160,     180 ) 5578370   5.578%  32.276% #
[     180,     200 ) 3840874   3.841%  36.116% #
[     200,     250 ) 18609777  18.610%  54.726% ####
[     250,     300 ) 12355415  12.355%  67.082% ##
[     300,     350 ) 8028670   8.029%  75.110% ##
[     350,     400 ) 5584682   5.585%  80.695% #
[     400,     450 ) 3971997   3.972%  84.667% #
[     450,     500 ) 3220454   3.220%  87.887% #
[     500,     600 ) 4417984   4.418%  92.305% #
[     600,     700 ) 2762415   2.762%  95.068% #
[     700,     800 ) 1701007   1.701%  96.769% 
[     800,     900 ) 1023100   1.023%  97.792% 
[     900,    1000 )  619452   0.619%  98.411% 
[    1000,    1200 )  613301   0.613%  99.025% 
[    1200,    1400 )  280783   0.281%  99.305% 
[    1400,    1600 )  140226   0.140%  99.446% 
[    1600,    1800 )   81975   0.082%  99.528% 
[    1800,    2000 )   52727   0.053%  99.580% 
[    2000,    2500 )   75753   0.076%  99.656% 
[    2500,    3000 )   40335   0.040%  99.696% 
[    3000,    3500 )   25420   0.025%  99.722% 
[    3500,    4000 )   16744   0.017%  99.739% 
[    4000,    4500 )   11831   0.012%  99.750% 
[    4500,    5000 )    8984   0.009%  99.759% 
[    5000,    6000 )   13179   0.013%  99.773% 
[    6000,    7000 )   10446   0.010%  99.783% 
[    7000,    8000 )   11754   0.012%  99.795% 
[    8000,    9000 )   16732   0.017%  99.812% 
[    9000,   10000 )   22177   0.022%  99.834% 
[   10000,   12000 )   22408   0.022%  99.856% 
[   12000,   14000 )   19726   0.020%  99.876% 
[   14000,   16000 )   13057   0.013%  99.889% 
[   16000,   18000 )    7910   0.008%  99.897% 
[   18000,   20000 )    7778   0.008%  99.905% 
[   20000,   25000 )   22043   0.022%  99.927% 
[   25000,   30000 )   20899   0.021%  99.948% 
[   30000,   35000 )   11405   0.011%  99.959% 
[   35000,   40000 )    6536   0.007%  99.966% 
[   40000,   45000 )    5175   0.005%  99.971% 
[   45000,   50000 )    5151   0.005%  99.976% 
[   50000,   60000 )    7943   0.008%  99.984% 
[   60000,   70000 )    4629   0.005%  99.988% 
[   70000,   80000 )    3370   0.003%  99.992% 
[   80000,   90000 )    1796   0.002%  99.994% 
[   90000,  100000 )    1315   0.001%  99.995% 
[  100000,  120000 )     917   0.001%  99.996% 
[  120000,  140000 )     787   0.001%  99.997% 
[  140000,  160000 )     343   0.000%  99.997% 
[  160000,  180000 )     368   0.000%  99.997% 
[  180000,  200000 )     385   0.000%  99.998% 
[  200000,  250000 )     320   0.000%  99.998% 
[  250000,  300000 )      62   0.000%  99.998% 
[  300000,  350000 )     124   0.000%  99.998% 
[  350000,  400000 )     224   0.000%  99.998% 
[  400000,  450000 )      61   0.000%  99.998% 
[  450000,  500000 )       6   0.000%  99.998% 
[  500000,  600000 )     153   0.000%  99.999% 
[  600000,  700000 )     123   0.000%  99.999% 
[  700000,  800000 )     150   0.000%  99.999% 
[  800000,  900000 )      26   0.000%  99.999% 
[  900000, 1000000 )      50   0.000%  99.999% 
[ 1200000, 1400000 )      50   0.000%  99.999% 
[ 1400000, 1600000 )     100   0.000%  99.999% 
[ 1800000, 2000000 )      50   0.000%  99.999% 
[ 2500000, 3000000 )     142   0.000%  99.999% 
[ 3000000, 3500000 )      58   0.000%  99.999% 
[ 4000000, 4500000 )      95   0.000%  99.999% 
[ 4500000, 5000000 )       5   0.000%  99.999% 
[ 5000000, 6000000 )     100   0.000% 100.000% 
[ 10000000, 12000000 )      50   0.000% 100.000% 
[ 12000000, 14000000 )     200   0.000% 100.000% 
[ 14000000, 16000000 )     100   0.000% 100.000% 
[ 20000000, 25000000 )      50   0.000% 100.000% 


# Run duration (sec): 110.305
# Run operations:	50000
# Run throughput (KOPS): 0.453287
Count: 50000  Average: 110080.2425  StdDev: 622307.11
Percentiles(us): P50: 401.61 P90: 114568.69 P99: 2518691.59 P99.9: 9083333.33 P99.99: 15333333.33
------------------------------------------------------
[      40,      45 )       1   0.002%   0.002% 
[      45,      50 )      53   0.106%   0.108% 
[      50,      60 )    1954   3.908%   4.016% #
[      60,      70 )     770   1.540%   5.556% 
[      70,      80 )     214   0.428%   5.984% 
[      80,      90 )     185   0.370%   6.354% 
[      90,     100 )     183   0.366%   6.720% 
[     100,     120 )    3429   6.858%  13.578% #
[     120,     140 )    1918   3.836%  17.414% #
[     140,     160 )     650   1.300%  18.714% 
[     160,     180 )     500   1.000%  19.714% 
[     180,     200 )    3855   7.710%  27.424% ##
[     200,     250 )    4703   9.406%  36.830% ##
[     250,     300 )    2324   4.648%  41.478% #
[     300,     350 )    1904   3.808%  45.286% #
[     350,     400 )    2287   4.574%  49.860% #
[     400,     450 )    2175   4.350%  54.210% #
[     450,     500 )    1834   3.668%  57.878% #
[     500,     600 )    3359   6.718%  64.596% #
[     600,     700 )    2667   5.334%  69.930% #
[     700,     800 )    1717   3.434%  73.364% #
[     800,     900 )     994   1.988%  75.352% 
[     900,    1000 )     741   1.482%  76.834% 
[    1000,    1200 )    1275   2.550%  79.384% #
[    1200,    1400 )     856   1.712%  81.096% 
[    1400,    1600 )     250   0.500%  81.596% 
[    1600,    1800 )     151   0.302%  81.898% 
[    1800,    2000 )      71   0.142%  82.040% 
[    2000,    2500 )     103   0.206%  82.246% 
[    2500,    3000 )      72   0.144%  82.390% 
[    3000,    3500 )      61   0.122%  82.512% 
[    3500,    4000 )      55   0.110%  82.622% 
[    4000,    4500 )      50   0.100%  82.722% 
[    4500,    5000 )      38   0.076%  82.798% 
[    5000,    6000 )      64   0.128%  82.926% 
[    6000,    7000 )      79   0.158%  83.084% 
[    7000,    8000 )      98   0.196%  83.280% 
[    8000,    9000 )     100   0.200%  83.480% 
[    9000,   10000 )      95   0.190%  83.670% 
[   10000,   12000 )     108   0.216%  83.886% 
[   12000,   14000 )     106   0.212%  84.098% 
[   14000,   16000 )     157   0.314%  84.412% 
[   16000,   18000 )     202   0.404%  84.816% 
[   18000,   20000 )      92   0.184%  85.000% 
[   20000,   25000 )     161   0.322%  85.322% 
[   25000,   30000 )     143   0.286%  85.608% 
[   30000,   35000 )     261   0.522%  86.130% 
[   35000,   40000 )     343   0.686%  86.816% 
[   40000,   45000 )     141   0.282%  87.098% 
[   45000,   50000 )     166   0.332%  87.430% 
[   50000,   60000 )     215   0.430%  87.860% 
[   60000,   70000 )     155   0.310%  88.170% 
[   70000,   80000 )     283   0.566%  88.736% 
[   80000,   90000 )     178   0.356%  89.092% 
[   90000,  100000 )     226   0.452%  89.544% 
[  100000,  120000 )     313   0.626%  90.170% 
[  120000,  140000 )     224   0.448%  90.618% 
[  140000,  160000 )     286   0.572%  91.190% 
[  160000,  180000 )     155   0.310%  91.500% 
[  180000,  200000 )     172   0.344%  91.844% 
[  200000,  250000 )     397   0.794%  92.638% 
[  250000,  300000 )     292   0.584%  93.222% 
[  300000,  350000 )     272   0.544%  93.766% 
[  350000,  400000 )     233   0.466%  94.232% 
[  400000,  450000 )     225   0.450%  94.682% 
[  450000,  500000 )     210   0.420%  95.102% 
[  500000,  600000 )     298   0.596%  95.698% 
[  600000,  700000 )     280   0.560%  96.258% 
[  700000,  800000 )     235   0.470%  96.728% 
[  800000,  900000 )     180   0.360%  97.088% 
[  900000, 1000000 )     153   0.306%  97.394% 
[ 1000000, 1200000 )     189   0.378%  97.772% 
[ 1200000, 1400000 )     145   0.290%  98.062% 
[ 1400000, 1600000 )     129   0.258%  98.320% 
[ 1600000, 1800000 )      98   0.196%  98.516% 
[ 1800000, 2000000 )      70   0.140%  98.656% 
[ 2000000, 2500000 )     168   0.336%  98.992% 
[ 2500000, 3000000 )     107   0.214%  99.206% 
[ 3000000, 3500000 )      75   0.150%  99.356% 
[ 3500000, 4000000 )      62   0.124%  99.480% 
[ 4000000, 4500000 )      47   0.094%  99.574% 
[ 4500000, 5000000 )      42   0.084%  99.658% 
[ 5000000, 6000000 )      36   0.072%  99.730% 
[ 6000000, 7000000 )      33   0.066%  99.796% 
[ 7000000, 8000000 )      29   0.058%  99.854% 
[ 8000000, 9000000 )      22   0.044%  99.898% 
[ 9000000, 10000000 )      12   0.024%  99.922% 
[ 10000000, 12000000 )      22   0.044%  99.966% 
[ 12000000, 14000000 )       8   0.016%  99.982% 
[ 14000000, 16000000 )       6   0.012%  99.994% 
[ 16000000, 18000000 )       2   0.004%  99.998% 
[ 18000000, 20000000 )       1   0.002% 100.000% 

Read info: 
Count: 24910  Average: 145980.6723  StdDev: 739255.22
Percentiles(us): P50: 363.09 P90: 207657.66 P99: 3201063.83 P99.9: 10545333.33 P99.99: 15836333.33
------------------------------------------------------
[      40,      45 )       1   0.004%   0.004% 
[      45,      50 )      53   0.213%   0.217% 
[      50,      60 )    1954   7.844%   8.061% ##
[      60,      70 )     770   3.091%  11.152% #
[      70,      80 )     214   0.859%  12.011% 
[      80,      90 )     184   0.739%  12.750% 
[      90,     100 )     183   0.735%  13.485% 
[     100,     120 )     304   1.220%  14.705% 
[     120,     140 )     297   1.192%  15.897% 
[     140,     160 )     173   0.695%  16.592% 
[     160,     180 )     182   0.731%  17.322% 
[     180,     200 )    3555  14.271%  31.594% ###
[     200,     250 )    1854   7.443%  39.037% #
[     250,     300 )    1316   5.283%  44.320% #
[     300,     350 )    1037   4.163%  48.483% #
[     350,     400 )    1444   5.797%  54.279% #
[     400,     450 )    1326   5.323%  59.603% #
[     450,     500 )     902   3.621%  63.224% #
[     500,     600 )    1462   5.869%  69.093% #
[     600,     700 )     840   3.372%  72.465% #
[     700,     800 )     327   1.313%  73.778% 
[     800,     900 )     199   0.799%  74.576% 
[     900,    1000 )     125   0.502%  75.078% 
[    1000,    1200 )     180   0.723%  75.801% 
[    1200,    1400 )     100   0.401%  76.202% 
[    1400,    1600 )      42   0.169%  76.371% 
[    1600,    1800 )      64   0.257%  76.628% 
[    1800,    2000 )      28   0.112%  76.740% 
[    2000,    2500 )      60   0.241%  76.981% 
[    2500,    3000 )      39   0.157%  77.138% 
[    3000,    3500 )      25   0.100%  77.238% 
[    3500,    4000 )      30   0.120%  77.358% 
[    4000,    4500 )      30   0.120%  77.479% 
[    4500,    5000 )      25   0.100%  77.579% 
[    5000,    6000 )      43   0.173%  77.752% 
[    6000,    7000 )      57   0.229%  77.981% 
[    7000,    8000 )      77   0.309%  78.290% 
[    8000,    9000 )      75   0.301%  78.591% 
[    9000,   10000 )      73   0.293%  78.884% 
[   10000,   12000 )      62   0.249%  79.133% 
[   12000,   14000 )      81   0.325%  79.458% 
[   14000,   16000 )     106   0.426%  79.884% 
[   16000,   18000 )     154   0.618%  80.502% 
[   18000,   20000 )      73   0.293%  80.795% 
[   20000,   25000 )     124   0.498%  81.293% 
[   25000,   30000 )     107   0.430%  81.722% 
[   30000,   35000 )     197   0.791%  82.513% 
[   35000,   40000 )     257   1.032%  83.545% 
[   40000,   45000 )     108   0.434%  83.978% 
[   45000,   50000 )     122   0.490%  84.468% 
[   50000,   60000 )     126   0.506%  84.974% 
[   60000,   70000 )      96   0.385%  85.359% 
[   70000,   80000 )     239   0.959%  86.319% 
[   80000,   90000 )     103   0.413%  86.732% 
[   90000,  100000 )     122   0.490%  87.222% 
[  100000,  120000 )     164   0.658%  87.880% 
[  120000,  140000 )     120   0.482%  88.362% 
[  140000,  160000 )     180   0.723%  89.085% 
[  160000,  180000 )      98   0.393%  89.478% 
[  180000,  200000 )      96   0.385%  89.864% 
[  200000,  250000 )     222   0.891%  90.755% 
[  250000,  300000 )     179   0.719%  91.473% 
[  300000,  350000 )     152   0.610%  92.084% 
[  350000,  400000 )     124   0.498%  92.581% 
[  400000,  450000 )     124   0.498%  93.079% 
[  450000,  500000 )     118   0.474%  93.553% 
[  500000,  600000 )     183   0.735%  94.287% 
[  600000,  700000 )     168   0.674%  94.962% 
[  700000,  800000 )     147   0.590%  95.552% 
[  800000,  900000 )     130   0.522%  96.074% 
[  900000, 1000000 )     115   0.462%  96.536% 
[ 1000000, 1200000 )     124   0.498%  97.033% 
[ 1200000, 1400000 )      93   0.373%  97.407% 
[ 1400000, 1600000 )      84   0.337%  97.744% 
[ 1600000, 1800000 )      75   0.301%  98.045% 
[ 1800000, 2000000 )      52   0.209%  98.254% 
[ 2000000, 2500000 )     100   0.401%  98.655% 
[ 2500000, 3000000 )      67   0.269%  98.924% 
[ 3000000, 3500000 )      47   0.189%  99.113% 
[ 3500000, 4000000 )      41   0.165%  99.277% 
[ 4000000, 4500000 )      32   0.128%  99.406% 
[ 4500000, 5000000 )      27   0.108%  99.514% 
[ 5000000, 6000000 )      19   0.076%  99.591% 
[ 6000000, 7000000 )      25   0.100%  99.691% 
[ 7000000, 8000000 )      19   0.076%  99.767% 
[ 8000000, 9000000 )      19   0.076%  99.843% 
[ 9000000, 10000000 )      10   0.040%  99.884% 
[ 10000000, 12000000 )      15   0.060%  99.944% 
[ 12000000, 14000000 )       6   0.024%  99.968% 
[ 14000000, 16000000 )       6   0.024%  99.992% 
[ 16000000, 18000000 )       2   0.008% 100.000% 

Write info: 
Count: 25090  Average: 74437.3686  StdDev: 476052.88
Percentiles(us): P50: 465.40 P90: 39069.77 P99: 1845555.56 P99.9: 6988750.00 P99.99: 12491000.00
------------------------------------------------------
[      80,      90 )       1   0.004%   0.004% 
[     100,     120 )    3125  12.455%  12.459% ##
[     120,     140 )    1621   6.461%  18.920% #
[     140,     160 )     477   1.901%  20.821% 
[     160,     180 )     318   1.267%  22.088% 
[     180,     200 )     300   1.196%  23.284% 
[     200,     250 )    2849  11.355%  34.639% ##
[     250,     300 )    1008   4.018%  38.657% #
[     300,     350 )     867   3.456%  42.112% #
[     350,     400 )     843   3.360%  45.472% #
[     400,     450 )     849   3.384%  48.856% #
[     450,     500 )     932   3.715%  52.571% #
[     500,     600 )    1897   7.561%  60.132% ##
[     600,     700 )    1827   7.282%  67.413% #
[     700,     800 )    1390   5.540%  72.953% #
[     800,     900 )     795   3.169%  76.122% #
[     900,    1000 )     616   2.455%  78.577% 
[    1000,    1200 )    1095   4.364%  82.941% #
[    1200,    1400 )     756   3.013%  85.955% #
[    1400,    1600 )     208   0.829%  86.784% 
[    1600,    1800 )      87   0.347%  87.130% 
[    1800,    2000 )      43   0.171%  87.302% 
[    2000,    2500 )      43   0.171%  87.473% 
[    2500,    3000 )      33   0.132%  87.605% 
[    3000,    3500 )      36   0.143%  87.748% 
[    3500,    4000 )      25   0.100%  87.848% 
[    4000,    4500 )      20   0.080%  87.927% 
[    4500,    5000 )      13   0.052%  87.979% 
[    5000,    6000 )      21   0.084%  88.063% 
[    6000,    7000 )      22   0.088%  88.151% 
[    7000,    8000 )      21   0.084%  88.234% 
[    8000,    9000 )      25   0.100%  88.334% 
[    9000,   10000 )      22   0.088%  88.422% 
[   10000,   12000 )      46   0.183%  88.605% 
[   12000,   14000 )      25   0.100%  88.705% 
[   14000,   16000 )      51   0.203%  88.908% 
[   16000,   18000 )      48   0.191%  89.099% 
[   18000,   20000 )      19   0.076%  89.175% 
[   20000,   25000 )      37   0.147%  89.322% 
[   25000,   30000 )      36   0.143%  89.466% 
[   30000,   35000 )      64   0.255%  89.721% 
[   35000,   40000 )      86   0.343%  90.064% 
[   40000,   45000 )      33   0.132%  90.195% 
[   45000,   50000 )      44   0.175%  90.371% 
[   50000,   60000 )      89   0.355%  90.725% 
[   60000,   70000 )      59   0.235%  90.961% 
[   70000,   80000 )      44   0.175%  91.136% 
[   80000,   90000 )      75   0.299%  91.435% 
[   90000,  100000 )     104   0.415%  91.849% 
[  100000,  120000 )     149   0.594%  92.443% 
[  120000,  140000 )     104   0.415%  92.858% 
[  140000,  160000 )     106   0.422%  93.280% 
[  160000,  180000 )      57   0.227%  93.507% 
[  180000,  200000 )      76   0.303%  93.810% 
[  200000,  250000 )     175   0.697%  94.508% 
[  250000,  300000 )     113   0.450%  94.958% 
[  300000,  350000 )     120   0.478%  95.436% 
[  350000,  400000 )     109   0.434%  95.871% 
[  400000,  450000 )     101   0.403%  96.273% 
[  450000,  500000 )      92   0.367%  96.640% 
[  500000,  600000 )     115   0.458%  97.098% 
[  600000,  700000 )     112   0.446%  97.545% 
[  700000,  800000 )      88   0.351%  97.896% 
[  800000,  900000 )      50   0.199%  98.095% 
[  900000, 1000000 )      38   0.151%  98.246% 
[ 1000000, 1200000 )      65   0.259%  98.505% 
[ 1200000, 1400000 )      52   0.207%  98.713% 
[ 1400000, 1600000 )      45   0.179%  98.892% 
[ 1600000, 1800000 )      23   0.092%  98.984% 
[ 1800000, 2000000 )      18   0.072%  99.055% 
[ 2000000, 2500000 )      68   0.271%  99.326% 
[ 2500000, 3000000 )      40   0.159%  99.486% 
[ 3000000, 3500000 )      28   0.112%  99.597% 
[ 3500000, 4000000 )      21   0.084%  99.681% 
[ 4000000, 4500000 )      15   0.060%  99.741% 
[ 4500000, 5000000 )      15   0.060%  99.801% 
[ 5000000, 6000000 )      17   0.068%  99.868% 
[ 6000000, 7000000 )       8   0.032%  99.900% 
[ 7000000, 8000000 )      10   0.040%  99.940% 
[ 8000000, 9000000 )       3   0.012%  99.952% 
[ 9000000, 10000000 )       2   0.008%  99.960% 
[ 10000000, 12000000 )       7   0.028%  99.988% 
[ 12000000, 14000000 )       2   0.008%  99.996% 
[ 18000000, 20000000 )       1   0.004% 100.000% 


