fieldlength: 65536
recordcount: 1638400

nofdb	workloads/nofdb.spec	1
# Load duration (sec): 510.645
# Loading records:	1638400
# Load throughput (KOPS): 3.20849
Count: 1638400  Average: 311.3414  StdDev: 32.77
Percentiles(us): P50: 322.74 P90: 345.82 P99: 383.44 P99.9: 430.09 P99.99: 1123.13
------------------------------------------------------
[     250,     300 )  173330  10.579%  10.579% ##
[     300,     350 ) 1420055  86.673%  97.253% #################
[     350,     400 )   42811   2.613%  99.865% #
[     400,     450 )     940   0.057%  99.923% 
[     450,     500 )     756   0.046%  99.969% 
[     500,     600 )     203   0.012%  99.981% 
[     600,     700 )      51   0.003%  99.984% 
[     700,     800 )      41   0.003%  99.987% 
[     800,     900 )      15   0.001%  99.988% 
[     900,    1000 )      20   0.001%  99.989% 
[    1000,    1200 )      23   0.001%  99.991% 
[    1200,    1400 )      14   0.001%  99.991% 
[    1400,    1600 )      57   0.003%  99.995% 
[    1600,    1800 )      15   0.001%  99.996% 
[    1800,    2000 )       8   0.000%  99.996% 
[    2000,    2500 )      33   0.002%  99.998% 
[    2500,    3000 )       8   0.000%  99.999% 
[    3000,    3500 )       6   0.000%  99.999% 
[    3500,    4000 )       2   0.000%  99.999% 
[    4000,    4500 )       5   0.000% 100.000% 
[    8000,    9000 )       1   0.000% 100.000% 
[   10000,   12000 )       3   0.000% 100.000% 
[   12000,   14000 )       3   0.000% 100.000% 

Waiting 15s before performing transactions......
Starting performing transactions......

# Run duration (ms): 346.607
# Run operations:	1000000
# Run throughput (KOPS): 2.88512
Count: 1000000  Average: 346.2624  StdDev: 276.11
Percentiles(us): P50: 327.70 P90: 350.06 P99: 397.40 P99.9: 5410.26 P99.99: 5959.71
------------------------------------------------------
[     250,     300 )    3460   0.346%   0.346% 
[     300,     350 )  896431  89.643%  89.989% ##################
[     350,     400 )   95060   9.506%  99.495% ##
[     400,     450 )     282   0.028%  99.523% 
[     450,     500 )     332   0.033%  99.556% 
[     500,     600 )     282   0.028%  99.585% 
[     600,     700 )      32   0.003%  99.588% 
[     700,     800 )      27   0.003%  99.591% 
[     800,     900 )      32   0.003%  99.594% 
[     900,    1000 )      25   0.003%  99.596% 
[    1000,    1200 )      19   0.002%  99.598% 
[    1200,    1400 )     354   0.035%  99.634% 
[    1400,    1600 )     411   0.041%  99.675% 
[    1600,    1800 )       6   0.001%  99.675% 
[    1800,    2000 )       4   0.000%  99.676% 
[    2000,    2500 )       3   0.000%  99.676% 
[    2500,    3000 )       1   0.000%  99.676% 
[    3500,    4000 )       2   0.000%  99.676% 
[    4000,    4500 )       1   0.000%  99.676% 
[    4500,    5000 )    1564   0.156%  99.833% 
[    5000,    6000 )    1638   0.164%  99.997% 
[    6000,    7000 )      26   0.003%  99.999% 
[    7000,    8000 )       1   0.000%  99.999% 
[    8000,    9000 )       7   0.001% 100.000% 

