8.6
3.8
28
67.4
87.5
97.7
104.3
110.2
113.9
117.6
119.9
119.8
124.7
127
128.8
130
131.2
132
133.3
134
134.6
139.1
140.6
141.6
141.8
142
142.1
142.3
142.6
142.9
145.1
148.1
148.2
148.1
148
148.1
148.5
148.8
148.8
149.6
151.7
153.8
153.5
153.4
153.3
153.2
153.1
153
153.3
155
156.6
157
156.8
156.7
156.5
156.4
156.2
156.4
157.8
159.2
159.6
159.4
159.3
159
159
158
158.1
159.3
160.3
161.4
161.1
160.9
160.7
160.6
160.4
160.3
161.3
162.2
163.2
163.4
163.3
163.1
163
162.8
162.6
163.4
164.2
165
165.6
165.4
165.2
165
164.8
164.6
165.3
166
166.8
167.3
167.2
166.9
166.9
166.7
166.5
167.1
167.7
168.4
169
169
168.8
168.7
168.4
168.2
168.7
169.3
169.9
170.5
170.8
170.6
170.4
169.7
169.5
170
170.6
171.1
171.6
172.2
172
171.8
171.6
171.4
171.8
172.3
172.8
172.9
172.7
172.5
172.4
172.2
172
172.4
172.8
173.3
173.7
173.6
173.4
173.2
173
172.8
173.2
173.6
173.8
173.8
173.8
173.8
173.8
173.8
173.7
173.8
173.9
174.9
174.9
174.9
174.9
173.9
173.9
173.9
173.9
174.9
174.9
174.9
176
176
174.9
174.8
174.9
174.9
174.9
175.9
175.9
175.9
175.9
175.9
175.9
174.9
175.9
175.9
176
176
176
176
176
176
176
176
176
176
177
177
176.1
176.1
176.1
176
176
176.1
177.1
177.1
177.1
177.1
177.1
177.1
177.1
177.1
177.1
177.1
178.1
178.1
178.1
177.2
177.2
177.2
177.2
178.2
178.2
178.1
178.1
178.1
178.2
178.2
177.1
177.1
178.1
178.1
178.1
178.1
178.1
178.1
178.1
178.1
178.1
178.1
178.1
179.1
179.1
179.1
179.1
179.1
179.1
179.1
179.1
179.1
179.1
180.1
180.1
179.1
179.1
179.1
179.1
179.1
180.1
180.1
180.1
180.1
180.1
180.1
180.1
180.2
180.1
180.1
180.1
181.1
181.1
181.1
181.1
180.1
180.1
181.2
181.2
181.2
181.2
181.2
181.2
181.2
181.1
181.1
181.1
181.1
181.1
182.1
182.1
182.1
182.1
182.1
182.1
182.1
182.1
182.1
182.1
182.1
182.1
182.1
182.1
182.1
182.1
182.1
183.1
183.1
183.1
183.1
183.1
183.1
183.1
183.1
183.1
183.1
184.1
184.1
184.1
184.1
184.1
184.1
184.1
184.1
184.1
184.1
184.1
184.1
184.1
184.1
184.1
184.1
184.1
184.1
185.1
185.1
185.1
185.1
185.1
185.1
185.1
185.1
185.1
185.1
185.1
185.1
185.1
185.1
185.1
185.1
185.1
185.1
186.1
186.1
186.1
186.1
185.1
185.1
186.1
186.1
186.1
186.1
186.1
186.1
186.1
186.1
186.1
186.1
186.1
186.1
186.2
186.2
186.2
186.2
186.2
186.2
186.2
186.2
187.2
187.2
187.2
187.2
187.2
187.2
187.2
187.2
187.2
187.2
187.2
187.2
187.2
187.2
187.1
187.1
187.1
187.1
187.1
187.1
188.1
188.1
188.1
188.1
188.1
188.1
188.1
188.2
188.2
188.2
188.2
188.2
188.2
188.2
188.2
188.2
188.2
188.2
188.2
188.2
188.2
188.2
188.2
188.2
189.2
189.2
189.2
189.2
189.2
189.2
189.2
189.2
189.2
189.2
189.2
189.2
189.2
189.2
189.2
189.2
189.2
189.2
189.2
190.2
190.2
190.2
190.2
190.2
190.2
189.1
190.1
190.1
190.1
190.1
190.1
190.1
190.1
190.1
190.1
190.1
190.1
190.1
190.1
190.1
190.1
190.1
190.1
190.1
190.1
190.1
190.1
191.1
191.1
191.1
191.1
190.1
190.1
190.1
191.1
191.1
191.1
191.1
191.1
191.1
191.1
191.1
191.1
191.1
191.1
191.1
191.1
191.1
191.1
191.1
191.1
191.1
191.1
192.1
192.1
192.1
192.2
192.2
191.2
191.1
191.1
192.1
192.1
192.1
192.1
192.1
192.1
192.1
192.1
192.1
192.1
192.1
192.1
192.1
192.1
192.1
192.1
192.1
192.1
192.1
193.1
193.1
193.1
193.1
193.1
193.1
193.1
193.1
193.1
193.1
193.1
193.1
193.1
193.1
193.2
193.2
193.2
193.2
193.2
194.2
194.2
194.2
194.2
193.2
193.2
193.2
194.2
194.2
194.2
194.2
194.2
194.2
194.2
194.1
194.1
194.1
194.1
194.1
194.1
194.1
194.1
194.1
194.1
194.1
194.1
194.1
194.1
194.1
194.1
194.1
194.1
194.1
195.1
195.1
195.1
195.1
195.1
195.1
195.1
195.1
195.1
195.1
195.1
195.1
195.1
195.1
195.1
195.1
195.1
195.1
195.1
195.1
195.1
196.1
196.1
196.1
196.1
196.1
196.1
196.1
196.1
196.1
196.1
196.1
196.1
196.1
196.1
196.1
196.1
196.1
196.1
196.1
196.1
196.1
196.1
196.1
196.1
196.1
196.1
196.1
196.1
196.1
197.1
197.1
197.1
197.1
197.1
197.1
197.1
197.1
197.1
197.1
197.1
197.1
197.1
197.1
197.1
197.1
197.1
197.1
197.1
197.1
197.1
197.1
197.1
197.1
197.1
197.1
197.1
197.1
197.1
197.1
197.1
197.1
197.1
197.1
198.1
198.1
198.1
198.1
198.1
198.1
198
198
198
198
198
198
198
198
198
198
198
198
198
198
198
198
198
198
198
198
198
198
198
198
198
198
198
198
198
198
198
198
199
199
199
199
199
199
199
199
199
199
199
199
199
199
199
199
199
199
199
199
199
199.1
199
199
199
199
199
200
200
200
200
200
200
200
200
200
200
200
200
200
200
200
200
200
200
200
200
200
200
200
200
200
200
200
200
201
201
201
201
201.1
201.1
201.1
201.1
201.1
201.1
201.1
201.1
201.1
201.1
201.1
201.1
201.1
201.1
201.1
201.1
201.1
201.1
201.1
201.1
201
201
201.1
201
201.1
201.1
201.1
201.1
201.1
201.1
201
201.1
201.1
201.1
201.1
201.1
202.1
202.1
202.1
202.1
202.1
202.1
202.1
202.1
202.1
202.1
202.1
202.1
202.1
202.1
202.1
202.1
202.1
202.1
202.1
202.1
202.1
202.1
202.1
202.1
202.1
202.1
202.1
202.1
203.1
203.1
203.1
203.1
203.1
203.1
203.1
203
203
203
203
203
203
203
203
203
203
203
203
203
203
203
203
203
203
203
203
203
203
203
204
204
204
204
204
204
204
204
204
204
204
204
204
204
204
204
204
204
204
204
204
204
204
204
204
204
204
204
204
204
204
204
204
204
204
204
205
205
205
205
205
205
205
205
205
205
205
205
205
205
205
205
205
205
205
205
205
205
205
205
205
205
205
205
205
205
205
205
205
205
205
205
205
205
205
205
205
206
206
206
206
206
206
206
206
206
206
206
206
206
206
206
206
206
206
206
206
206
206
206
206
206
206
206
206
206
206
206
206
206
206
206
206
206
207
207
207
207
207
207
207
207
207
207
207
207
207
207
207
207
207
207
207
207
207
207
207
207
207
207
207
207
207
207
207
207
207
207
207
207
207
207
207
207
207
208
208
208
208
208
208
208
208
208
208
208
208
208
208
208
208
208
208
208
208
208
208
208
208
208
208
208
208
208
208
208
208
208
208
208
208
208
208
208
207.9
207.9
207.9
207.9
207.9
207.9
207.9
207.9
207.9
207.9
208.9
208.9
208.9
208.9
208.9
208.9
208.9
208.9
208.9
208.9
208.9
208.9
208.9
208.9
208.9
208.9
208.9
208.9
208.9
208.9
208.9
208.9
208.9
208.9
208.9
208.9
208.9
208.9
208.9
208.9
208.9
208.9
208.9
208.9
208.9
208.9
208.9
208.9
208.9
208.9
208.9
208.9
208.9
208.9
208.9
208.9
208.9
208.9
208.9
208.9
208.9
208.9
208.9
208.9
208.9
208.9
208.9
208.9
208.9
208.9
208.9
209.9
209.9
209.9
209.9
209.9
209.9
209.9
209.9
209.9
209.9
209.9
209.9
209.9
209.9
209.9
209.9
209.9
209.9
209.9
209.9
209.9
209.9
209.9
209.9
209.9
209.9
209.9
209.9
209.9
209.9
209.9
209.9
209.9
209.9
209.9
209.9
209.9
209.9
209.9
209.9
209.9
209.9
209.9
209.9
209.9
209.9
209.9
209.9
209.9
209.9
209.9
209.9
209.9
209.9
209.9
209.9
209.9
209.9
209.9
209.9
209.9
209.9
209.9
209.9
209.9
210.9
210.9
210.9
210.9
210.9
210.9
210.9
210.9
210.9
210.9
210.9
210.9
210.9
210.9
210.9
210.9
210.9
210.9
210.9
210.9
210.9
210.9
210.9
210.9
210.9
210.9
210.9
210.9
210.9
210.9
210.9
210.9
210.9
210.9
210.9
210.9
210.9
210.9
210.9
210.9
210.9
210.9
210.9
210.9
210.9
210.9
210.9
210.9
210.9
210.9
210.9
210.9
210.9
210.9
210.9
210.9
210.9
210.9
210.9
210.9
210.9
210.9
211.9
211.9
211.9
211.9
211.9
211.9
211.9
211.9
211.9
211.9
211.9
211.9
211.9
211.9
211.9
211.9
211.9
211.9
211.9
211.9
211.9
211.9
211.9
211.9
211.9
211.9
211.9
211.9
211.9
211.9
211.9
211.9
211.9
211.9
211.9
211.9
211.9
211.9
211.9
211.9
211.9
211.9
211.9
211.9
211.9
211.9
211.9
211.9
211.9
211.9
211.9
211.9
211.9
211.9
211.9
211.9
211.9
211.9
211.9
211.9
211.9
211.9
211.9
211.9
211.9
211.9
212.9
212.9
212.9
212.9
212.9
212.9
212.9
212.9
212.9
212.9
212.9
212.9
212.9
212.9
212.9
212.9
212.9
212.9
212.9
212.9
212.9
212.9
212.9
212.9
212.9
212.9
212.9
212.9
212.9
212.9
212.9
212.9
212.9
212.9
212.9
212.9
212.9
212.9
212.9
212.9
212.9
212.9
212.9
212.9
212.9
212.9
212.9
212.9
212.9
212.9
212.9
212.9
212.9
212.9
212.9
212.9
212.9
212.9
212.9
212.9
212.9
212.9
212.9
212.9
212.9
212.9
212.9
212.9
212.9
212.9
212.9
212.9
212.9
212.9
212.9
212.9
212.9
212.9
212.9
212.9
212.9
212.9
213.9
213.9
213.9
213.9
213.9
213.9
213.9
213.9
213.9
213.9
213.9
213.9
213.9
213.9
213.9
213.9
213.9
213.9
213.9
213.9
213.9
213.9
213.9
213.9
213.9
213.9
213.9
213.9
213.9
213.9
213.9
213.9
213.9
213.9
213.9
213.9
213.9
213.9
213.9
213.9
213.9
213.9
213.9
213.9
213.9
213.9
213.9
213.9
213.9
213.9
213.9
213.9
213.9
213.9
213.9
213.9
213.9
213.9
213.9
213.9
213.9
213.9
213.9
213.9
213.9
213.9
213.9
213.9
213.9
213.9
213.9
213.9
213.9
213.9
213.9
213.9
213.9
213.9
213.9
213.9
213.9
213.9
213.9
213.9
213.9
213.9
213.9
213.9
213.9
213.9
213.9
213.9
213.9
213.9
213.9
213.9
213.9
213.9
213.9
213.9
213.9
213.9
213.9
213.9
213.9
213.9
213.9
213.9
213.9
213.9
213.9
213.9
213.9
213.9
213.9
213.9
213.9
213.9
213.9
213.9
213.9
213.9
213.9
213.9
213.9
213.9
213.9
213.9
214.9
214.9
214.9
214.9
214.9
214.9
214.9
214.9
214.9
214.9
214.9
214.9
214.9
214.9
214.9
214.9
214.9
214.9
214.9
214.9
214.9
214.9
214.9
214.9
214.9
214.9
214.9
214.9
214.9
214.9
214.9
214.9
214.9
214.9
214.9
214.9
214.9
214.9
214.9
214.9
214.9
214.9
214.9
214.9
214.9
214.9
214.9
214.9
214.9
214.9
214.9
214.9
214.9
214.9
214.9
214.9
214.9
214.9
214.9
214.9
214.9
214.9
214.9
214.9
214.9
214.9
214.9
214.9
214.9
214.9
214.9
214.9
214.9
214.9
214.9
214.9
214.9
214.9
214.9
214.9
214.9
214.9
214.9
214.9
214.9
214.9
214.9
214.9
214.9
214.9
214.9
214.9
214.9
214.9
214.9
214.9
214.9
214.9
214.9
214.9
214.9
214.9
214.9
214.9
215.9
215.9
215.9
215.9
215.9
215.9
215.9
215.9
215.9
215.9
215.9
215.9
215.9
215.9
215.9
215.9
215.9
215.9
215.9
215.9
215.9
215.9
215.9
215.9
215.9
215.9
215.9
215.9
215.9
215.9
215.9
215.9
215.9
215.9
215.9
215.9
215.9
215.9
215.9
215.9
215.9
215.9
215.9
215.9
215.9
215.9
215.9
215.9
215.9
215.9
215.9
215.9
215.9
215.9
215.9
215.9
215.9
215.9
215.9
215.9
215.9
215.9
215.9
215.9
215.9
215.9
215.9
215.9
215.9
215.9
215.9
215.9
215.9
215.9
215.9
215.9
215.9
215.9
215.9
215.9
215.9
215.9
215.9
215.9
215.9
215.9
215.9
215.9
215.9
215.9
215.9
215.9
215.9
215.9
215.9
215.9
215.9
215.9
215.9
215.9
215.9
215.9
215.9
215.9
215.9
215.9
215.9
215.9
215.9
215.9
215.9
215.9
215.9
215.9
215.9
215.9
215.9
215.9
215.9
215.9
215.9
215.9
215.9
215.9
215.9
215.9
215.9
215.9
215.9
215.9
215.9
215.9
215.9
215.9
215.9
215.9
215.9
215.9
215.9
215.9
215.9
215.9
215.9
215.9
215.9
215.9
215.9
215.9
215.9
215.9
215.9
215.9
215.9
215.9
215.9
215.9
215.9
215.9
215.9
215.9
215.9
215.9
215.9
215.9
215.9
215.9
215.9
215.9
215.9
215.9
215.9
215.9
215.9
215.9
216.9
216.9
215.9
215.9
215.9
215.9
215.9
215.9
215.9
215.9
215.9
216.9
216.9
216.9
216.9
216.9
216.9
216.9
216.9
216.9
216.9
216.9
216.9
216.9
216.9
216.9
216.9
216.9
216.9
216.9
216.9
216.9
216.9
216.9
216.9
216.9
216.9
216.9
216.9
216.9
216.9
216.9
216.9
216.9
216.9
216.9
216.9
216.9
216.9
216.9
216.9
216.9
216.9
216.9
216.9
216.9
216.9
216.9
216.9
216.9
216.9
216.9
216.9
216.9
216.9
216.9
216.9
216.9
216.9
216.9
216.9
216.9
216.9
216.9
216.9
216.9
216.9
216.9
216.9
216.9
216.9
216.9
216.9
216.9
216.9
216.9
216.9
216.9
216.9
216.9
216.9
216.9
216.9
216.9
216.9
216.9
216.9
216.9
216.9
216.9
216.9
216.9
216.9
216.9
216.9
216.9
216.9
216.9
216.9
216.9
216.9
216.9
216.9
216.9
216.9
216.9
216.9
216.9
216.9
216.9
216.9
216.9
216.9
216.9
216.9
216.9
216.9
216.9
216.9
216.9
216.9
216.9
216.9
216.9
216.9
216.9
216.9
216.9
216.9
216.9
216.9
216.9
216.9
216.9
216.9
216.9
216.9
216.9
216.9
216.9
216.9
216.9
216.9
216.9
216.9
216.9
216.9
216.9
216.9
216.9
216.9
216.9
216.9
216.9
216.9
216.9
216.9
217.9
217.9
217.9
217.9
217.9
217.9
217.9
216.9
216.9
216.9
217.9
217.9
217.9
217.9
217.9
217.9
216.9
216.9
217.9
217.9
217.9
217.9
217.9
217.9
217.9
217.9
217.9
217.9
217.9
217.9
217.9
217.9
217.9
217.9
217.9
217.9
217.9
217.9
217.9
217.9
217.9
217.9
217.9
217.9
217.9
217.9
217.9
217.9
217.9
217.9
217.9
217.9
217.9
217.9
217.9
217.9
217.9
217.9
217.9
217.9
217.9
217.9
217.9
217.9
217.9
217.9
217.9
217.9
217.9
217.9
217.9
217.9
217.9
217.9
217.9
217.9
217.9
217.9
217.9
217.9
217.9
217.9
217.9
217.9
217.9
217.9
217.9
217.9
217.9
217.9
217.9
217.9
217.9
217.9
217.9
217.9
217.9
217.9
217.9
217.9
217.9
217.9
217.9
217.9
217.9
217.9
217.9
217.9
217.9
217.9
217.9
217.9
