 8.2
 8.1
 7.9
 7.8
24.2
42.5
59.6
72.9
85.3
99.3
 110
 121
 134
 144
 154
 165
 175
 184
 193
 203
 211
 219
 228
 236
 243
 250
 257
 263
 270
 277
 283
 288
 295
 301
 308
 313
 319
 324
 329
 335
 340
 345
 350
 355
 360
 366
 370
 375
 379
 384
 387
 391
 395
 399
 403
 406
 411
 415
 419
 423
 426
 429
 433
 437
 439
 442
 445
 448
 451
 455
 457
 459
 462
 465
 467
 470
 473
 476
 478
 482
 484
 488
 490
 492
 496
 498
 500
 503
 505
 507
 510
 511
 514
 516
 518
 520
 522
 524
 526
 528
 530
 532
 534
 536
 538
 540
 542
 543
 545
 547
 548
 550
 552
 553
 555
 557
 558
 560
 561
 563
 564
 566
 567
 569
 570
 572
 573
 575
 576
 578
 579
 580
 582
 583
 584
 586
 587
 588
 589
 591
 592
 593
 594
 595
 596
 597
 598
 599
 600
 601
 602
 603
 604
 605
 607
 608
 609
 610
 610
 610
 612
 612
 613
 614
 615
 616
 616
 617
 618
 618
 619
 620
 620
 622
 622
 624
 624
 625
 626
 627
 628
 629
 629
 630
 631
 632
 633
 633
 634
 635
 635
 636
 636
 637
 637
 638
 638
 639
 640
 640
 641
 642
 642
 643
 643
 643
 644
 645
 645
 646
 646
 647
 647
 646
 645
 644
 643
 641
 640
 639
 638
 637
 636
 635
 634
 632
 631
 630
 630
 629
 628
 626
 625
 624
 624
 623
 622
 621
 620
 619
 618
 617
 616
 615
 614
 613
 612
 611
 610
 609
 608
 608
 607
 606
 605
 604
 603
 602
 602
 601
 600
 599
 598
 597
 596
 596
 595
 594
 593
 594
 595
 595
 596
 597
 597
 598
 599
 600
 600
 601
 601
 602
 602
 603
 604
 604
 605
 605
 606
 606
 605
 604
 603
 603
 602
 601
 600
 600
 599
 598
 598
 597
 597
 596
 596
 595
 594
 594
 593
 593
 592
 592
 591
 591
 590
 590
 589
 588
 588
 587
 587
 586
 586
 585
 584
 583
 582
