 8.0
 7.8
 7.7
 7.5
23.6
45.2
61.1
75.5
93.3
 107
 120
 133
 146
 156
 168
 178
 190
 199
 208
 217
 225
 233
 241
 248
 257
 265
 271
 277
 284
 290
 297
 303
 308
 313
 319
 325
 331
 336
 342
 347
 352
 357
 363
 368
 374
 379
 384
 388
 394
 398
 402
 406
 410
 413
 418
 422
 426
 430
 433
 437
 440
 444
 447
 451
 454
 457
 460
 463
 466
 469
 472
 475
 478
 480
 484
 486
 489
 492
 493
 496
 499
 502
 504
 507
 509
 512
 514
 517
 519
 521
 523
 526
 528
 530
 532
 534
 537
 539
 541
 543
 545
 547
 549
 551
 553
 555
 557
 558
 561
 562
 563
 565
 567
 568
 570
 571
 573
 574
 576
 577
 579
 580
 582
 582
 584
 585
 587
 588
 590
 591
 593
 594
 595
 597
 599
 600
 601
 602
 604
 605
 606
 608
 609
 610
 611
 612
 613
 614
 615
 616
 617
 619
 620
 621
 622
 623
 624
 625
 626
 628
 629
 630
 631
 632
 633
 634
 635
 636
 637
 637
 638
 639
 640
 640
 641
 642
 643
 644
 645
 646
 646
 647
 648
 648
 649
 649
 650
 651
 652
 652
 653
 654
 655
 655
 656
 657
 657
 658
 659
 659
 660
 661
 662
 662
 662
 663
 663
 661
 660
 659
 658
 657
 655
 654
 652
 651
 650
 648
 647
 646
 645
 644
 643
 642
 640
 639
 638
 637
 636
 635
 634
 633
 632
 631
 630
 629
 628
 627
 626
 626
 627
 626
 625
 624
 623
 622
 621
 620
 619
 619
 618
 617
 616
 615
 614
 613
 612
 611
 610
 609
 608
 608
 607
 606
 605
 604
 603
 603
 602
 601
 600
 599
 598
 598
 597
 596
 596
 595
 594
 593
 592
 592
 591
 590
 589
 589
 588
 587
 587
 586
 585
 585
 584
 584
 583
 582
 582
 581
 581
 581
 580
 579
 579
 578
 578
 577
 577
 576
 576
 575
 575
 574
 574
 573
 573
 572
 572
 572
 571
 571
 570
 570
 569
 569
 568
 568
 567
 567
 566
 566
 565
 565
 564
 563
 563
 562
 562
 562
 561
 560
 560
 559
 559
 558
 558
 558
 557
 557
 556
 556
 556
 555
 555
 554
 554
 553
