 7.8
 7.6
 7.4
 7.3
20.2
37.5
51.9
70.3
84.3
99.4
 111
 124
 136
 147
 157
 167
 177
 186
 194
 204
 213
 221
 230
 237
 245
 252
 260
 267
 273
 279
 287
 293
 299
 307
 312
 318
 324
 329
 335
 339
 345
 350
 355
 360
 364
 369
 373
 379
 383
 388
 392
 395
 399
 403
 407
 411
 415
 419
 423
 427
 430
 434
 437
 440
 444
 447
 450
 454
 457
 460
 462
 466
 468
 471
 474
 477
 480
 482
 485
 488
 491
 493
 495
 498
 501
 503
 505
 508
 510
 511
 514
 516
 518
 520
 522
 523
 526
 528
 530
 532
 533
 536
 538
 540
 543
 545
 547
 548
 550
 552
 553
 555
 557
 558
 560
 561
 563
 564
 566
 567
 568
 570
 572
 573
 575
 576
 578
 579
 580
 582
 583
 585
 586
 587
 588
 589
 590
 591
 592
 594
 595
 596
 597
 598
 599
 600
 601
 602
 603
 604
 605
 606
 607
 607
 609
 609
 610
 611
 612
 613
 614
 615
 616
 616
 617
 618
 619
 620
 620
 621
 622
 622
 623
 624
 625
 626
 627
 627
 628
 628
 629
 629
 630
 631
 632
 632
 633
 634
 635
 636
 636
 637
 637
 638
 639
 640
 640
 641
 642
 642
 643
 643
 644
 645
 646
 646
 647
 647
 648
 648
 649
 649
 650
 650
 651
 651
 652
 652
 653
 653
 654
 654
 654
 655
 655
 656
 656
 656
 657
 657
 657
 658
 658
 659
 660
 660
 660
 661
 661
 661
 661
 662
 662
 663
 663
 664
 664
 665
 665
 664
 663
 662
 661
 659
 659
 658
 656
 655
 654
 653
 652
 651
 650
 649
 648
 647
 646
 645
 644
 643
 642
 641
 640
 639
 638
 637
 636
 635
 634
 633
 633
 632
 631
 630
 629
 628
 627
 627
 626
 625
 624
 623
 623
 622
 621
 620
 619
 619
 618
 617
 616
 616
 615
 614
 613
 612
 612
 611
 610
 610
 609
 608
 607
 606
 606
 605
 605
 604
 604
 603
 602
 601
