 577
 576
 575
 574
 573
 573
 572
 572
 571
 571
 570
 570
 569
 569
 569
 568
 568
 567
 567
 566
 566
 565
 565
 564
 564
 564
 563
 563
 562
 562
 561
 561
 560
 560
 559
 558
 558
 557
 557
 556
 556
 555
 555
 554
 553
 553
 552
 552
 551
 551
 550
 550
 549
 549
 548
 548
 547
 547
 546
 546
 545
 544
 544
 543
 543
 542
 542
 541
 541
 540
 540
 540
 539
 540
 540
 541
 541
 542
 542
 542
 543
 543
 544
 544
 545
 545
 546
 546
 547
 547
 547
 548
 548
 549
 549
 549
 550
 550
 551
 551
 552
 552
 552
 553
 553
 554
 554
 554
 555
 554
 554
 554
 553
 553
 553
 552
 552
 552
 551
 551
 551
 550
 550
 550
 550
 549
 549
 549
 548
 548
 548
 547
 547
 547
 547
 547
 546
 546
 546
 545
 545
 545
 544
 544
 544
 543
 543
 543
 542
 542
 542
 541
 541
 541
 540
 540
 540
 539
 539
 538
 538
 538
 537
 537
 537
 536
 536
 536
 535
 535
 535
 534
 535
 535
 535
 535
 536
 536
 536
 537
 537
 537
 538
 538
 539
 539
 539
 540
 540
 541
 541
 541
 541
 542
 542
 543
 543
 543
 544
 544
 544
 545
 545
 545
 546
 546
 546
 547
 547
 547
 548
 548
 548
 549
 549
 549
 550
 550
 550
 550
 551
 551
 551
 552
 552
 552
 552
 552
 552
 551
 551
 551
 550
 550
 550
 549
 549
 549
 548
 548
 548
 548
 547
 547
 547
 546
 546
 546
 545
 545
 545
 545
 544
 544
 544
 544
 543
 543
 543
 542
 542
 542
 542
 541
 541
 541
 540
 540
 540
 540
 539
 539
 539
 539
 538
 538
 538
 539
 539
 539
 539
 540
 540
 540
 541
 541
 541
 541
 542
 542
 542
 542
 543
 543
 543
 543
 544
 544
 544
 545
 545
 545
 545
 546
 546
 546
 546
 546
 546
 545
 545
 545
 544
 544
 544
 543
 543
 543
 543
 542
 542
 542
 542
 541
 541
 541
 540
 540
 540
 540
 539
 539
 539
 539
 538
 538
 538
 538
 539
 539
 539
 540
 540
 540
 541
 541
 541
 541
 541
 542
 542
 542
 542
 543
 543
 543
 543
 544
 544
 544
 544
 545
 545
 545
 545
 545
 546
 546
 546
 546
 547
 547
 547
 547
 548
 548
 548
 548
 548
 548
 548
 548
