 596
 595
 594
 592
 594
 594
 594
 595
 595
 595
 595
 596
 596
 596
 597
 597
 598
 599
 599
 601
 602
 603
 604
 606
 607
 607
 609
 610
 611
 612
 613
 615
 616
 617
 618
 619
 620
 621
 622
 623
 625
 626
 627
 628
 629
 631
 632
 633
 634
 636
 637
 639
 639
 640
 640
 640
 641
 642
 642
 642
 643
 643
 644
 645
 645
 645
 646
 646
 647
 647
 647
 648
 648
 648
 649
 650
 650
 650
 651
 651
 652
 652
 653
 653
 653
 654
 655
 655
 655
 656
 656
 657
 657
 658
 658
 659
 659
 660
 660
 661
 661
 662
 662
 663
 663
 664
 664
 664
 665
 665
 666
 666
 666
 667
 667
 668
 668
 668
 669
 669
 669
 670
 670
 671
 673
 674
 676
 677
 678
 680
 681
 683
 684
 686
 687
 688
 690
 692
 693
 694
 696
 697
 699
 700
 702
 703
 704
 706
 708
 709
 710
 712
 714
 715
 716
 718
 720
 721
 722
 724
 726
 727
 729
 730
 732
 733
 735
 737
 738
 739
 741
 742
 743
 744
 746
 747
 748
 749
 751
 752
 753
 754
 756
 757
 758
 759
 761
 762
 764
 765
 766
 768
 769
 770
 772
 773
 775
 776
 777
 779
 780
 781
 783
 784
 785
 787
 788
 789
 790
 792
 793
 794
 795
 796
 797
 799
 800
 801
 802
 803
 804
 805
 806
 807
 808
 809
 810
 811
 812
 812
 813
 814
 814
 815
 816
 816
 817
 818
 818
 819
 819
 820
 820
 821
 821
 822
 822
 823
 823
 824
 825
 825
 826
 827
 827
 828
 829
 829
 830
 831
 831
 832
 833
 833
 834
 835
 835
 836
 837
 838
 838
 839
 840
 841
 842
 842
 843
 844
 845
 846
 847
 848
 849
 849
 850
 851
 851
 852
 853
 853
 854
 855
 855
 856
 857
 858
 858
 859
 860
 861
 862
 862
 863
 864
 865
 866
 867
 868
 869
 870
 871
 872
 873
 874
 873
