[OVERALL], RunTime(ms), 4845618
[OVERALL], Throughput(ops/sec), 41274.405039769954
[TOTAL_GCS_PS_Scavenge], Count, 5934
[TOTAL_GC_TIME_PS_Scavenge], Time(ms), 38079
[TOTAL_GC_TIME_%_PS_Scavenge], Time(%), 0.7858440347547
[TOTAL_GCS_PS_MarkSweep], Count, 0
[TOTAL_GC_TIME_PS_MarkSweep], Time(ms), 0
[TOTAL_GC_TIME_%_PS_MarkSweep], Time(%), 0.0
[TOTAL_GCs], Count, 5934
[TOTAL_GC_TIME], Time(ms), 38079
[TOTAL_GC_TIME_%], Time(%), 0.7858440347547
[CLEANUP], Operations, 50
[CLEANUP], AverageLatency(us), 44709.12
[CLEANUP], MinLatency(us), 1
[CLEANUP], MaxLatency(us), 2236415
[CLEANUP], 95thPercentileLatency(us), 2
[CLEANUP], 99thPercentileLatency(us), 2236415
[INSERT], Operations, 200000000
[INSERT], AverageLatency(us), 1208.858787095
[INSERT], MinLatency(us), 127
[INSERT], MaxLatency(us), 212607
[INSERT], 95thPercentileLatency(us), 1917
[INSERT], 99thPercentileLatency(us), 2163
[INSERT], Return=OK, 200000000
