[OVERALL], RunTime(ms), 4070859
[OVERALL], Throughput(ops/sec), 49129.680001198765
[TOTAL_GCS_PS_Scavenge], Count, 1052
[TOTAL_GC_TIME_PS_Scavenge], Time(ms), 15956
[TOTAL_GC_TIME_%_PS_Scavenge], Time(%), 0.3919565870495637
[TOTAL_GCS_PS_MarkSweep], Count, 0
[TOTAL_GC_TIME_PS_MarkSweep], Time(ms), 0
[TOTAL_GC_TIME_%_PS_MarkSweep], Time(%), 0.0
[TOTAL_GCs], Count, 1052
[TOTAL_GC_TIME], Time(ms), 15956
[TOTAL_GC_TIME_%], Time(%), 0.3919565870495637
[READ], Operations, 199983836
[READ], AverageLatency(us), 1013.8908291418112
[READ], MinLatency(us), 76
[READ], MaxLatency(us), 12107775
[READ], 95thPercentileLatency(us), 1020
[READ], 99thPercentileLatency(us), 6231
[READ], Return=OK, 199983836
[READ], Return=NOT_FOUND, 16129
[READ], Return=ERROR, 35
[CLEANUP], Operations, 50
[CLEANUP], AverageLatency(us), 44545.24
[CLEANUP], MinLatency(us), 1
[CLEANUP], MaxLatency(us), 2228223
[CLEANUP], 95thPercentileLatency(us), 3
[CLEANUP], 99thPercentileLatency(us), 2228223
[READ-FAILED], Operations, 16164
[READ-FAILED], AverageLatency(us), 15810.688010393467
[READ-FAILED], MinLatency(us), 111
[READ-FAILED], MaxLatency(us), 8790015
[READ-FAILED], 95thPercentileLatency(us), 1093
[READ-FAILED], 99thPercentileLatency(us), 52351
