 7.7
 7.6
 7.4
 7.3
15.9
24.1
38.4
48.7
59.1
68.6
77.2
88.1
95.8
 102
 108
 116
 124
 130
 135
 141
 147
 154
 160
 164
 171
 175
 181
 184
 187
 191
 194
 200
 204
 208
 212
 215
 221
 225
 228
 231
 234
 237
 239
 241
 244
 248
 252
 253
 255
 257
 259
 261
 264
 266
 268
 270
 272
 275
 277
 280
 282
 285
 288
 289
 291
 292
 295
 297
 299
 300
 302
 304
 306
 308
 310
 312
 314
 317
 318
 319
 321
 322
 323
 324
 325
 327
 330
 331
 333
 334
 335
 337
 338
 340
 341
 341
 343
 345
 346
 347
 348
 349
 350
 351
 352
 353
 354
 355
 357
 358
 360
 361
 362
 362
 363
 365
 366
 367
 369
 370
 372
 373
 374
 375
 377
 378
 379
 380
 381
 382
 383
 384
 385
 386
 387
 388
 389
 390
 391
 392
 393
 394
 395
 396
 396
 398
 399
 400
 401
 402
 403
 404
 405
 405
 406
 407
 408
 408
 409
 410
 411
 412
 412
 412
 412
 413
 414
 414
 414
 415
 416
 416
 417
 418
 418
 419
 419
 419
 420
 421
 422
 422
 422
 422
 422
 423
 423
 423
 423
 423
 424
 424
 424
 425
 425
 426
 426
 427
 428
 428
 429
 429
 430
 431
 431
 432
 433
 433
 433
 433
 434
 434
 434
 435
 435
 435
 435
 435
 435
 435
 435
 435
 436
 436
 436
 436
 436
 436
 436
 437
 437
 437
 437
 437
 438
 438
 438
 439
 439
 439
 440
 440
 440
 441
 441
 442
 442
 443
 443
 443
 443
 444
 444
 445
 445
 445
 446
 446
 446
 446
 446
 446
 446
 447
 447
 446
