 7.8
 7.7
 7.5
 7.4
15.5
23.0
31.5
44.6
51.0
57.3
66.1
73.0
79.4
87.1
93.3
98.8
 103
 108
 112
 118
 123
 128
 132
 136
 139
 144
 148
 151
 155
 158
 161
 164
 168
 171
 174
 177
 179
 182
 185
 188
 190
 193
 195
 197
 200
 203
 205
 207
 209
 211
 213
 216
 218
 221
 222
 223
 226
 229
 231
 232
 234
 235
 237
 239
 241
 242
 243
 245
 246
 248
 250
 251
 254
 256
 258
 260
 263
 264
 266
 267
 268
 269
 271
 272
 273
 274
 275
 276
 277
 279
 279
 280
 281
 282
 283
 284
 285
 286
 287
 288
 288
 289
 291
 292
 294
 295
 296
 297
 298
 299
 300
 301
 302
 303
 304
 306
 307
 307
 308
 309
 310
 311
 312
 312
 313
 314
 314
 315
 317
 317
 318
 319
 320
 320
 321
 322
 323
 323
 324
 325
 326
 327
 327
 328
 329
 329
 330
 331
 332
 332
 333
 334
 334
 336
 336
 337
 338
 339
 340
 341
 341
 342
 342
 343
 343
 344
 345
 345
 346
 346
 347
 348
 348
 349
 349
 350
 350
 351
 351
 352
 353
 354
 354
 355
 356
 356
 357
 357
 358
 358
 359
 359
 359
 360
 360
 361
 361
 362
 362
 362
 362
 363
 363
 364
 365
 365
 366
 366
 366
 367
 367
 367
 367
 368
 368
 368
 369
 369
 370
 370
 370
 371
 371
 371
 371
 372
 372
 372
 372
 373
 373
 373
 373
 374
 374
 374
 374
 374
 374
 375
 375
 375
 376
 376
 376
 376
 376
 377
 377
 377
 377
 377
 378
 378
 378
 378
 378
 378
 379
 379
 379
 379
 379
 380
 380
 380
 380
 380
 380
 380
 381
 381
 381
 381
 381
 381
 382
 382
 382
 382
 382
 382
 382
 382
 382
 382
 383
 383
 383
 383
 383
 384
 384
 384
 384
 384
 384
 384
 385
 385
 385
 385
 385
 385
 385
 385
 384
 384
 383
