 7.5
 7.4
 7.2
 7.1
17.0
31.1
38.9
47.0
55.8
66.2
73.1
80.4
88.5
94.5
 100
 105
 110
 117
 122
 127
 132
 137
 143
 149
 153
 159
 164
 168
 172
 176
 179
 184
 189
 194
 198
 202
 205
 207
 210
 214
 216
 218
 222
 224
 228
 231
 235
 238
 240
 242
 244
 247
 249
 250
 252
 255
 257
 259
 260
 262
 264
 267
 268
 270
 271
 273
 275
 277
 278
 280
 282
 284
 287
 290
 292
 293
 295
 297
 299
 301
 302
 305
 307
 309
 311
 313
 315
 318
 318
 319
 321
 323
 325
 326
 326
 328
 329
 330
 332
 333
 334
 335
 336
 337
 339
 341
 342
 343
 344
 346
 347
 347
 348
 349
 350
 351
 352
 353
 354
 355
 356
 356
 357
 358
 359
 360
 361
 362
 363
 364
 364
 365
 366
 367
 367
 368
 369
 370
 370
 371
 372
 373
 373
 374
 374
 376
 376
 377
 378
 379
 380
 381
 382
 383
 383
 384
 385
 386
 387
 387
 388
 389
 390
 390
 391
 391
 392
 393
 393
 394
 394
 394
 395
 396
 396
 396
 397
 397
 397
 398
 398
 398
 399
 399
 400
 400
 400
 400
 401
 401
 401
 402
 402
 402
 403
 403
 403
 404
 404
 404
 405
 405
 405
 406
 406
 406
 406
 406
 407
 407
 407
 408
 409
 409
 410
 410
 411
 411
 412
 412
 413
 414
 414
 414
 414
 414
 414
 415
 415
 415
 415
 416
 416
 416
 416
 416
 416
 417
 417
 417
 417
 417
 417
 417
 418
 418
 418
 418
 418
 418
 419
 419
 419
 419
 420
 421
 421
 421
 421
 421
 422
 422
 422
 422
 422
 422
 422
 422
 422
 423
 423
 423
 423
 423
 423
 423
 423
 424
 424
 424
 424
 424
 424
 424
 425
 425
 425
 425
 424
 424
 423
