 420
 419
 418
 417
 422
 425
 426
 428
 429
 430
 431
 431
 432
 432
 433
 433
 434
 434
 435
 436
 437
 438
 438
 439
 440
 441
 442
 443
 444
 444
 445
 446
 447
 448
 448
 449
 450
 450
 451
 452
 452
 453
 453
 454
 455
 456
 457
 457
 458
 458
 459
 460
 460
 462
 463
 464
 465
 466
 467
 468
 469
 470
 471
 472
 472
 473
 474
 474
 475
 475
 475
 477
 477
 478
 478
 479
 480
 481
 481
 482
 483
 483
 483
 484
 484
 484
 485
 485
 486
 486
 487
 487
 488
 488
 489
 489
 490
 490
 490
 490
 491
 491
 491
 491
 491
 492
 492
 492
 492
 492
 493
 493
 493
 493
 493
 494
 494
 494
 495
 495
 495
 495
 495
 495
 496
 496
 496
 496
 496
 496
 496
 497
 497
 497
 497
 497
 498
 498
 498
 498
 498
 499
 499
 499
 499
 499
 499
 499
 500
 500
 500
 500
 500
 500
 500
 500
 501
 501
 501
 501
 501
 501
 501
 501
 501
 502
 502
 502
 502
 502
 502
 502
 503
 503
 503
 503
 503
 503
 504
 504
 504
 504
 504
 504
 504
 504
 505
 505
 505
 505
 505
 505
 505
 505
 505
 506
 506
 506
 506
 506
 506
 506
 506
 506
 507
 507
 507
 507
 507
 507
 507
 507
 507
 508
 508
 508
 508
 508
 508
 508
 508
 509
 509
 509
 509
 510
 510
 510
 510
 510
 510
 510
 510
 511
 511
 511
 511
 511
 511
 511
 511
 511
 511
 510
 510
 510
 510
 510
 510
 510
 510
 510
 510
 511
 511
 511
 511
 511
 511
 511
 511
 512
 512
 512
 512
 512
 512
 512
 512
 513
 513
 513
 513
 513
 513
 513
 513
 513
 514
 514
 513
 513
 514
 514
 514
 514
 514
 514
 514
 514
 514
 514
 514
 514
 514
 513
