[OVERALL], RunTime(ms), 29367
[OVERALL], Throughput(ops/sec), 34051.82688051214
[TOTAL_GCS_PS_Scavenge], Count, 1
[TOTAL_GC_TIME_PS_Scavenge], Time(ms), 44
[TOTAL_GC_TIME_%_PS_Scavenge], Time(%), 0.14982803827425342
[TOTAL_GCS_PS_MarkSweep], Count, 0
[TOTAL_GC_TIME_PS_MarkSweep], Time(ms), 0
[TOTAL_GC_TIME_%_PS_MarkSweep], Time(%), 0.0
[TOTAL_GCs], Count, 1
[TOTAL_GC_TIME], Time(ms), 44
[TOTAL_GC_TIME_%], Time(%), 0.14982803827425342
[READ], Operations, 1006
[READ], AverageLatency(us), 1102.5258449304174
[READ], MinLatency(us), 293
[READ], MaxLatency(us), 85311
[READ], 95thPercentileLatency(us), 1990
[READ], 99thPercentileLatency(us), 3083
[READ], Return=OK, 1006
[CLEANUP], Operations, 32
[CLEANUP], AverageLatency(us), 70049.46875
[CLEANUP], MinLatency(us), 0
[CLEANUP], MaxLatency(us), 2242559
[CLEANUP], 95thPercentileLatency(us), 14
[CLEANUP], 99thPercentileLatency(us), 2242559
[INSERT], Operations, 998994
[INSERT], AverageLatency(us), 841.9014298384175
[INSERT], MinLatency(us), 161
[INSERT], MaxLatency(us), 112063
[INSERT], 95thPercentileLatency(us), 1437
[INSERT], 99thPercentileLatency(us), 1676
[INSERT], Return=OK, 998994
