[OVERALL], RunTime(ms), 24603
[OVERALL], Throughput(ops/sec), 40645.44974190139
[TOTAL_GCS_PS_Scavenge], Count, 1
[TOTAL_GC_TIME_PS_Scavenge], Time(ms), 31
[TOTAL_GC_TIME_%_PS_Scavenge], Time(%), 0.12600089419989433
[TOTAL_GCS_PS_MarkSweep], Count, 0
[TOTAL_GC_TIME_PS_MarkSweep], Time(ms), 0
[TOTAL_GC_TIME_%_PS_MarkSweep], Time(%), 0.0
[TOTAL_GCs], Count, 1
[TOTAL_GC_TIME], Time(ms), 31
[TOTAL_GC_TIME_%], Time(%), 0.12600089419989433
[READ], Operations, 733365
[READ], AverageLatency(us), 601.4306600396801
[READ], MinLatency(us), 75
[READ], MaxLatency(us), 98047
[READ], 95thPercentileLatency(us), 1288
[READ], 99thPercentileLatency(us), 1562
[READ], Return=OK, 733365
[CLEANUP], Operations, 32
[CLEANUP], AverageLatency(us), 69729.9375
[CLEANUP], MinLatency(us), 0
[CLEANUP], MaxLatency(us), 2232319
[CLEANUP], 95thPercentileLatency(us), 24
[CLEANUP], 99thPercentileLatency(us), 2232319
[INSERT], Operations, 266635
[INSERT], AverageLatency(us), 938.8140491683388
[INSERT], MinLatency(us), 201
[INSERT], MaxLatency(us), 135295
[INSERT], 95thPercentileLatency(us), 1412
[INSERT], 99thPercentileLatency(us), 1665
[INSERT], Return=OK, 266635
