[OVERALL], RunTime(ms), 31843
[OVERALL], Throughput(ops/sec), 31404.076249097132
[TOTAL_GCS_PS_Scavenge], Count, 1
[TOTAL_GC_TIME_PS_Scavenge], Time(ms), 43
[TOTAL_GC_TIME_%_PS_Scavenge], Time(%), 0.13503752787111767
[TOTAL_GCS_PS_MarkSweep], Count, 0
[TOTAL_GC_TIME_PS_MarkSweep], Time(ms), 0
[TOTAL_GC_TIME_%_PS_MarkSweep], Time(%), 0.0
[TOTAL_GCs], Count, 1
[TOTAL_GC_TIME], Time(ms), 43
[TOTAL_GC_TIME_%], Time(%), 0.13503752787111767
[CLEANUP], Operations, 32
[CLEANUP], AverageLatency(us), 69921.21875
[CLEANUP], MinLatency(us), 0
[CLEANUP], MaxLatency(us), 2238463
[CLEANUP], 95thPercentileLatency(us), 7
[CLEANUP], 99thPercentileLatency(us), 2238463
[INSERT], Operations, 1000000
[INSERT], AverageLatency(us), 924.548595
[INSERT], MinLatency(us), 190
[INSERT], MaxLatency(us), 223743
[INSERT], 95thPercentileLatency(us), 1442
[INSERT], 99thPercentileLatency(us), 1687
[INSERT], Return=OK, 1000000
