[OVERALL], RunTime(ms), 32466
[OVERALL], Throughput(ops/sec), 30801.45382862071
[TOTAL_GCS_PS_Scavenge], Count, 2
[TOTAL_GC_TIME_PS_Scavenge], Time(ms), 144
[TOTAL_GC_TIME_%_PS_Scavenge], Time(%), 0.4435409351321382
[TOTAL_GCS_PS_MarkSweep], Count, 0
[TOTAL_GC_TIME_PS_MarkSweep], Time(ms), 0
[TOTAL_GC_TIME_%_PS_MarkSweep], Time(%), 0.0
[TOTAL_GCs], Count, 2
[TOTAL_GC_TIME], Time(ms), 144
[TOTAL_GC_TIME_%], Time(%), 0.4435409351321382
[READ], Operations, 210743
[READ], AverageLatency(us), 701.9881799158217
[READ], MinLatency(us), 88
[READ], MaxLatency(us), 125375
[READ], 95thPercentileLatency(us), 1400
[READ], 99thPercentileLatency(us), 1716
[READ], Return=OK, 210743
[CLEANUP], Operations, 32
[CLEANUP], AverageLatency(us), 73185.65625
[CLEANUP], MinLatency(us), 0
[CLEANUP], MaxLatency(us), 2342911
[CLEANUP], 95thPercentileLatency(us), 21
[CLEANUP], 99thPercentileLatency(us), 2342911
[INSERT], Operations, 789257
[INSERT], AverageLatency(us), 885.4425123882335
[INSERT], MinLatency(us), 167
[INSERT], MaxLatency(us), 127295
[INSERT], 95thPercentileLatency(us), 1462
[INSERT], 99thPercentileLatency(us), 1919
[INSERT], Return=OK, 789257
