[OVERALL], RunTime(ms), 23653
[OVERALL], Throughput(ops/sec), 42277.93514564748
[TOTAL_GCS_PS_Scavenge], Count, 1
[TOTAL_GC_TIME_PS_Scavenge], Time(ms), 40
[TOTAL_GC_TIME_%_PS_Scavenge], Time(%), 0.16911174058258993
[TOTAL_GCS_PS_MarkSweep], Count, 0
[TOTAL_GC_TIME_PS_MarkSweep], Time(ms), 0
[TOTAL_GC_TIME_%_PS_MarkSweep], Time(%), 0.0
[TOTAL_GCs], Count, 1
[TOTAL_GC_TIME], Time(ms), 40
[TOTAL_GC_TIME_%], Time(%), 0.16911174058258993
[READ], Operations, 786208
[READ], AverageLatency(us), 584.7355508974724
[READ], MinLatency(us), 73
[READ], MaxLatency(us), 177919
[READ], 95thPercentileLatency(us), 1267
[READ], 99thPercentileLatency(us), 1557
[READ], Return=OK, 786208
[CLEANUP], Operations, 32
[CLEANUP], AverageLatency(us), 69602.34375
[CLEANUP], MinLatency(us), 1
[CLEANUP], MaxLatency(us), 2228223
[CLEANUP], 95thPercentileLatency(us), 43
[CLEANUP], 99thPercentileLatency(us), 2228223
[INSERT], Operations, 213792
[INSERT], AverageLatency(us), 951.2496445142942
[INSERT], MinLatency(us), 216
[INSERT], MaxLatency(us), 177791
[INSERT], 95thPercentileLatency(us), 1418
[INSERT], 99thPercentileLatency(us), 1677
[INSERT], Return=OK, 213792
