[OVERALL], RunTime(ms), 183735
[OVERALL], Throughput(ops/sec), 5442.621166353716
[TOTAL_GCS_PS_Scavenge], Count, 5
[TOTAL_GC_TIME_PS_Scavenge], Time(ms), 380
[TOTAL_GC_TIME_%_PS_Scavenge], Time(%), 0.2068196043214412
[TOTAL_GCS_PS_MarkSweep], Count, 0
[TOTAL_GC_TIME_PS_MarkSweep], Time(ms), 0
[TOTAL_GC_TIME_%_PS_MarkSweep], Time(%), 0.0
[TOTAL_GCs], Count, 5
[TOTAL_GC_TIME], Time(ms), 380
[TOTAL_GC_TIME_%], Time(%), 0.2068196043214412
[READ], Operations, 617665
[READ], AverageLatency(us), 758.1768563865526
[READ], MinLatency(us), 95
[READ], MaxLatency(us), 113599
[READ], 95thPercentileLatency(us), 1719
[READ], 99thPercentileLatency(us), 2325
[READ], Return=OK, 617665
[CLEANUP], Operations, 32
[CLEANUP], AverageLatency(us), 71714.5625
[CLEANUP], MinLatency(us), 1
[CLEANUP], MaxLatency(us), 2295807
[CLEANUP], 95thPercentileLatency(us), 12
[CLEANUP], 99thPercentileLatency(us), 2295807
[INSERT], Operations, 382335
[INSERT], AverageLatency(us), 1671.574281716296
[INSERT], MinLatency(us), 207
[INSERT], MaxLatency(us), 114879
[INSERT], 95thPercentileLatency(us), 3727
[INSERT], 99thPercentileLatency(us), 10743
[INSERT], Return=OK, 382335
