[OVERALL], RunTime(ms), 32870
[OVERALL], Throughput(ops/sec), 30422.878004259204
[TOTAL_GCS_PS_Scavenge], Count, 1
[TOTAL_GC_TIME_PS_Scavenge], Time(ms), 49
[TOTAL_GC_TIME_%_PS_Scavenge], Time(%), 0.1490721022208701
[TOTAL_GCS_PS_MarkSweep], Count, 0
[TOTAL_GC_TIME_PS_MarkSweep], Time(ms), 0
[TOTAL_GC_TIME_%_PS_MarkSweep], Time(%), 0.0
[TOTAL_GCs], Count, 1
[TOTAL_GC_TIME], Time(ms), 49
[TOTAL_GC_TIME_%], Time(%), 0.1490721022208701
[CLEANUP], Operations, 32
[CLEANUP], AverageLatency(us), 69922.90625
[CLEANUP], MinLatency(us), 0
[CLEANUP], MaxLatency(us), 2238463
[CLEANUP], 95thPercentileLatency(us), 59
[CLEANUP], 99thPercentileLatency(us), 2238463
[INSERT], Operations, 1000000
[INSERT], AverageLatency(us), 955.199051
[INSERT], MinLatency(us), 195
[INSERT], MaxLatency(us), 213503
[INSERT], 95thPercentileLatency(us), 1494
[INSERT], 99thPercentileLatency(us), 1730
[INSERT], Return=OK, 1000000
