[OVERALL], RunTime(ms), 31462
[OVERALL], Throughput(ops/sec), 31784.374801347658
[TOTAL_GCS_PS_Scavenge], Count, 1
[TOTAL_GC_TIME_PS_Scavenge], Time(ms), 42
[TOTAL_GC_TIME_%_PS_Scavenge], Time(%), 0.13349437416566018
[TOTAL_GCS_PS_MarkSweep], Count, 0
[TOTAL_GC_TIME_PS_MarkSweep], Time(ms), 0
[TOTAL_GC_TIME_%_PS_MarkSweep], Time(%), 0.0
[TOTAL_GCs], Count, 1
[TOTAL_GC_TIME], Time(ms), 42
[TOTAL_GC_TIME_%], Time(%), 0.13349437416566018
[CLEANUP], Operations, 32
[CLEANUP], AverageLatency(us), 69922.5
[CLEANUP], MinLatency(us), 0
[CLEANUP], MaxLatency(us), 2238463
[CLEANUP], 95thPercentileLatency(us), 48
[CLEANUP], 99thPercentileLatency(us), 2238463
[INSERT], Operations, 1000000
[INSERT], AverageLatency(us), 914.823903
[INSERT], MinLatency(us), 176
[INSERT], MaxLatency(us), 212479
[INSERT], 95thPercentileLatency(us), 1479
[INSERT], 99thPercentileLatency(us), 1721
[INSERT], Return=OK, 1000000
