[OVERALL], RunTime(ms), 31881
[OVERALL], Throughput(ops/sec), 31366.64471001537
[TOTAL_GCS_PS_Scavenge], Count, 1
[TOTAL_GC_TIME_PS_Scavenge], Time(ms), 42
[TOTAL_GC_TIME_%_PS_Scavenge], Time(%), 0.13173990778206454
[TOTAL_GCS_PS_MarkSweep], Count, 0
[TOTAL_GC_TIME_PS_MarkSweep], Time(ms), 0
[TOTAL_GC_TIME_%_PS_MarkSweep], Time(%), 0.0
[TOTAL_GCs], Count, 1
[TOTAL_GC_TIME], Time(ms), 42
[TOTAL_GC_TIME_%], Time(%), 0.13173990778206454
[CLEANUP], Operations, 32
[CLEANUP], AverageLatency(us), 69793.25
[CLEANUP], MinLatency(us), 0
[CLEANUP], MaxLatency(us), 2234367
[CLEANUP], 95thPercentileLatency(us), 10
[CLEANUP], 99thPercentileLatency(us), 2234367
[INSERT], Operations, 1000000
[INSERT], AverageLatency(us), 925.745229
[INSERT], MinLatency(us), 157
[INSERT], MaxLatency(us), 211199
[INSERT], 95thPercentileLatency(us), 1473
[INSERT], 99thPercentileLatency(us), 1712
[INSERT], Return=OK, 1000000
