10.5
10.2
 9.9
25.0
48.5
73.1
92.1
 113
 132
 150
 164
 181
 197
 211
 226
 237
 248
 260
 271
 285
 295
 305
 313
 323
 330
 339
 348
 358
 367
 375
 383
 389
 397
 403
 412
 418
 424
 430
 436
 440
 446
 452
 458
 464
 469
 473
 476
 480
 483
 487
 490
 494
 498
 502
 505
 509
 512
 516
 520
 523
 525
 529
 532
 535
 539
 541
 544
 547
 550
 553
 556
 558
 561
 564
 567
 569
 571
 574
 576
 578
 581
 584
 586
 589
 591
 592
 593
 596
 598
 600
 601
 603
 604
 607
 608
 609
 611
 612
 614
 616
 617
 618
 620
 622
 623
 625
 627
 628
 629
 631
 632
 634
 635
 637
 638
 639
 641
 642
 644
 645
 646
 648
 649
 651
 652
 653
 654
 656
 657
 658
 659
 660
 661
 663
 664
 665
 665
 666
 667
 668
 669
 670
 671
 672
 673
 674
 676
 677
 678
 679
 679
 680
 681
 682
 683
 684
 685
 685
 686
 687
 688
 689
 690
 690
 691
 692
 693
 694
 695
 695
 696
 697
 697
 698
 698
 699
 700
 700
 701
 701
 702
 702
 703
 704
 705
 705
 706
 706
 707
 707
 708
 708
 709
 710
 710
 711
 712
 712
 713
 713
 714
 714
 715
 715
 716
 717
 717
 718
 719
 719
 720
 720
 721
 722
 722
 723
 723
 724
 724
 724
 725
 726
 727
 726
 727
 727
 728
 728
 728
 728
 729
 729
 729
 730
 730
 730
 731
 731
 731
 731
 732
 732
 732
 732
 732
 733
 733
 734
 734
 735
 736
 736
 736
 736
 737
 737
 738
 738
 738
 738
 739
 739
 739
 740
 740
 740
 740
 740
 740
 741
 741
 741
 742
 742
 742
 743
 743
 743
 743
 744
 744
 745
 745
 745
 746
 746
 746
 747
 747
 747
 748
 748
 748
 749
 749
 749
 750
 750
 750
 750
 750
 751
 751
 751
 751
 752
 752
 752
 753
 753
 753
 754
 754
 754
 755
 755
 755
 755
 755
 756
 756
 756
 757
 757
 757
 758
 758
 758
 758
 759
 759
 759
 760
 760
 760
 761
 761
 761
 761
 762
 762
 762
 762
 763
 763
 764
 764
 764
 765
 765
 765
 766
 766
 766
 767
 767
 767
 768
 768
 768
 768
 768
 769
 769
 769
 770
 770
 770
 771
 771
 771
 772
 772
 772
 773
 773
 773
 774
 774
 775
 775
 776
 776
 776
 777
 777
 777
 777
 778
 778
 778
 778
 779
 779
 779
 780
 780
 780
 780
 781
 781
 781
 782
 782
 782
 783
 782
 783
 783
 784
 784
 784
 785
 785
 785
 786
 786
 786
 787
 787
 787
 788
 788
 788
 788
 789
 789
 789
 789
 790
 790
 790
 790
 791
 791
 791
 791
 791
 792
 792
 792
 792
 792
 792
 792
 793
 793
 793
 794
 794
 794
 794
 794
 794
 794
 794
 795
 795
 795
 795
 795
 796
 796
 796
 796
 797
 797
 797
 797
 797
 797
 798
 798
 798
 798
 798
 799
 799
 799
 799
 799
 800
 800
 800
 801
 801
 801
 801
 802
 802
 802
 802
 802
 803
 803
 803
 803
 803
 804
 804
 804
 804
 805
 805
 805
 805
 805
 806
 806
 806
 806
 807
 807
 807
 807
 807
 807
 807
 805
