11.1
10.8
10.5
25.2
47.3
72.1
90.1
 112
 132
 151
 166
 181
 196
 210
 225
 238
 250
 261
 272
 285
 295
 305
 315
 324
 333
 341
 350
 359
 367
 375
 381
 386
 392
 398
 404
 409
 412
 419
 423
 428
 433
 439
 445
 450
 454
 458
 463
 467
 471
 477
 481
 484
 487
 491
 495
 500
 505
 509
 513
 516
 519
 521
 524
 528
 532
 534
 537
 539
 542
 545
 548
 552
 556
 559
 562
 565
 566
 569
 573
 575
 577
 579
 582
 584
 586
 589
 591
 593
 594
 596
 598
 600
 602
 604
 606
 607
 609
 610
 612
 614
 616
 617
 619
 621
 622
 624
 626
 628
 630
 631
 633
 634
 636
 637
 639
 641
 643
 644
 646
 648
 649
 651
 652
 654
 655
 656
 657
 658
 659
 661
 663
 664
 665
 666
 668
 669
 670
 672
 673
 674
 675
 675
 677
 678
 679
 680
 681
 683
 684
 685
 686
 688
 689
 690
 691
 692
 693
 693
 694
 695
 696
 697
 698
 699
 700
 701
 702
 701
 702
 703
 704
 705
 706
 707
 708
 709
 709
 711
 711
 712
 713
 714
 715
 716
 716
 717
 717
 718
 719
 720
 720
 721
 721
 722
 723
 723
 724
 725
 725
 725
 726
 727
 728
 729
 729
 730
 730
 731
 731
 732
 732
 733
 734
 734
 735
 736
 736
 737
 738
 739
 740
 740
 741
 741
 742
 742
 742
 743
 743
 744
 744
 745
 745
 745
 746
 746
 746
 746
 747
 747
 747
 748
 748
 748
 749
 749
 749
 749
 749
 749
 750
 750
 750
 751
 751
 751
 752
 752
 753
 754
 754
 755
 755
 755
 756
 757
 758
 758
 758
 759
 759
 760
 760
 761
 761
 762
 762
 762
 763
 763
 763
 764
 764
 764
 765
 765
 765
 766
 766
 767
 767
 767
 768
 768
 768
 768
 769
 769
 769
 770
 770
 770
 771
 771
 772
 772
 773
 773
 773
 774
 774
 775
 775
 776
 776
 776
 777
 777
 778
 778
 778
 778
 779
 780
 780
 780
 781
 781
 782
 782
 783
 783
 783
 784
 785
 785
 785
 786
 786
 786
 787
 787
 787
 788
 788
 789
 789
 789
 790
 790
 791
 791
 791
 791
 792
 792
 792
 793
 793
 793
 794
 794
 795
 795
 795
 795
 795
 795
 796
 796
 796
 796
 796
 796
 796
 797
 797
 797
 797
 797
 797
 797
 797
 798
 798
 798
 798
 799
 799
 799
 799
 799
 799
 799
 800
 800
 800
 800
 801
 801
 801
 801
 801
 802
 802
 802
 802
 803
 803
 803
 803
 804
 804
 804
 804
 804
 804
 805
 805
 805
 805
 805
 805
 806
 806
 806
 806
 807
 807
 807
 807
 808
 808
 808
 808
 808
 808
 808
 808
 809
 809
 809
 809
 809
 809
 810
 810
 810
 810
 810
 810
 811
 811
 811
 812
 812
 812
 812
 813
 813
 813
 813
 814
 813
 814
 814
 814
 814
 814
 814
 815
 815
 815
 815
 816
 816
 816
 817
 817
 817
 817
 817
 818
 818
 818
 818
 818
 818
 819
 819
 819
 819
 819
 819
 820
 820
 820
 820
 820
 821
 821
 821
 821
 821
 822
 822
 822
 822
 821
 820
