 815
 814
 813
 813
 815
 816
 817
 818
 819
 820
 821
 821
 822
 823
 824
 825
 826
 827
 828
 829
 830
 830
 831
 832
 833
 834
 835
 836
 836
 837
 838
 839
 840
 841
 841
 842
 843
 844
 845
 846
 846
 847
 848
 849
 850
 850
 851
 852
 853
 853
 854
 855
 856
 857
 857
 858
 859
 860
 860
 861
 862
 862
 863
 864
 864
 865
 866
 866
 867
 868
 868
 869
 870
 870
 871
 872
 872
 873
 874
 874
 875
 876
 876
 877
 878
 878
 879
 880
 880
 881
 881
 882
 883
 883
 884
 884
 885
 886
 886
 887
 887
 888
 888
 889
 889
 890
 890
 891
 891
 892
 892
 893
 893
 894
 894
 894
 895
 895
 896
 896
 897
 897
 897
 898
 898
 899
 899
 899
 900
 900
 900
 900
 901
 901
 901
 902
 902
 902
 903
 903
 903
 904
 904
 904
 904
 905
 905
 905
 905
 906
 906
 906
 906
 906
 907
 907
 907
 907
 907
 908
 908
 908
 908
 908
 909
 909
 909
 909
 910
 910
 910
 910
 910
 910
 911
 911
 911
 911
 911
 912
 912
 912
 912
 912
 912
 912
 913
 913
 913
 913
 913
 913
 913
 914
 914
 914
 914
 914
 914
 914
 914
 914
 914
 914
 915
 915
 915
 915
 915
 915
 915
 916
 916
 916
 916
 916
 916
 916
 916
 916
 916
 916
 917
 917
 917
 917
 917
 917
 917
 917
 917
 917
 917
 917
 917
 918
 918
 918
 918
 918
 918
 918
 918
 918
 918
 918
 917
 917
 917
 917
 917
 917
 917
 917
 917
 917
 917
 917
 917
 917
 917
 917
 917
 917
 917
 917
 916
 916
 916
 916
 916
 916
 916
 916
 916
 916
 916
 916
 916
 916
 916
 916
 916
 916
 916
 916
 916
 916
 916
 916
 916
 916
 915
 915
 915
 915
 915
 915
 915
 915
 915
 915
 915
 915
 915
 915
 915
 915
 915
 915
 915
 915
 915
 915
 915
 915
 915
 914
 914
 914
 914
 914
 914
 914
 914
 914
 914
 914
 914
 914
 914
 914
 914
 913
 913
 913
 913
 913
 913
 913
 913
 913
 912
 912
 912
 912
 912
 912
 912
 912
 912
 911
 911
 911
 911
 911
 911
 911
 911
 910
 910
 910
 910
 910
 910
 910
 910
 910
 909
 909
 909
 909
 909
 909
 909
 909
 909
 909
 909
 908
 908
 908
 908
 908
 908
 908
 908
 907
 907
 907
 907
 907
 907
 907
 907
 907
 907
 907
 906
 906
 906
 906
 906
 906
 906
 906
 906
 906
 906
 906
 905
 905
 905
 905
 905
 905
 905
 905
 905
 905
 904
 904
 904
 904
 904
 904
 904
 904
 904
 903
 903
 903
 903
 903
 903
 903
 903
 903
 902
 902
 902
 902
 902
 902
 902
 902
 902
 902
 901
 901
 901
 901
 901
 901
 901
 901
 901
 901
 901
 900
 900
 900
 900
 900
 900
 900
 900
 899
 899
 899
 899
 899
 899
 899
 898
 898
 897
