 795
 794
 793
 793
 793
 793
 793
 794
 794
 794
 794
 794
 794
 794
 794
 794
 794
 794
 794
 794
 794
 794
 794
 794
 794
 794
 794
 794
 794
 794
 794
 794
 794
 794
 794
 794
 794
 794
 794
 794
 794
 794
 794
 794
 794
 794
 794
 794
 794
 794
 794
 794
 794
 794
 794
 795
 794
 794
 794
 794
 794
 794
 795
 795
 795
 795
 795
 795
 795
 795
 795
 795
 795
 795
 795
 795
 795
 795
 795
 795
 795
 795
 795
 795
 795
 795
 795
 795
 795
 796
 796
 796
 796
 796
 796
 796
 796
 796
 796
 796
 796
 796
 796
 796
 796
 796
 796
 796
 796
 796
 796
 796
 796
 796
 796
 796
 796
 796
 796
 796
 796
 796
 796
 796
 796
 796
 796
 796
 796
 796
 796
 796
 796
 796
 796
 796
 796
 796
 796
 796
 796
 796
 796
 796
 796
 796
 796
 796
 796
 796
 796
 796
 796
 796
 796
 796
 796
 796
 796
 796
 795
 795
 795
 795
 795
 795
 795
 795
 794
 794
 794
 794
 794
 794
 794
 794
 794
 793
 793
 793
 793
 793
 793
 793
 793
 792
 792
 792
 792
 792
 792
 792
 792
 792
 792
 791
 791
 791
 791
 791
 791
 791
 791
 791
 791
 790
 790
 790
 790
 790
 790
 790
 790
 790
 790
 790
 790
 790
 790
 789
 789
 789
 789
 789
 789
 789
 789
 789
 789
 789
 789
 788
 788
 788
 788
 788
 788
 788
 788
 788
 788
 788
 788
 788
 788
 788
 788
 788
 788
 787
 787
 787
 787
 787
 787
 787
 787
 787
 787
 787
 787
 787
 787
 787
 787
 787
 787
 787
 787
 787
 787
 787
 787
 787
 787
 787
 786
 786
 786
 786
 786
 786
 786
 786
 786
 786
 786
 786
 786
 786
 786
 786
 786
 786
 785
 786
 786
 786
 785
 785
 785
 785
 785
 785
 785
 785
 785
 785
 785
 785
 785
 785
 785
 785
 785
 785
 785
 785
 785
 785
 785
 785
 785
 785
 785
 785
 785
 785
 785
 784
 784
 784
 784
 784
 784
 784
 784
 784
 784
 784
 784
 784
 784
 784
 784
 784
 784
 784
 784
 784
 784
 784
 784
 784
 784
 784
 784
 784
 783
 783
 783
 783
 783
 783
 783
 783
 783
 783
 783
 783
 783
 783
 783
 783
 783
 783
 783
 782
 782
 782
 782
 782
 782
 782
 782
 782
 782
 782
 782
 782
 782
 782
 781
 781
 781
 781
 781
 781
 781
 781
 781
 781
 781
 781
 781
 781
 781
 781
 781
 781
 781
 780
 780
 780
 780
 780
 780
 780
 780
 780
 780
 780
 780
 780
 780
 780
 780
 780
 779
 779
 779
 779
 779
 779
 779
 779
 779
 779
 779
 779
 779
 779
 779
 779
 779
 779
 779
 779
 779
 779
 779
 779
 779
 779
 778
 778
 778
 778
 778
 778
 778
 777
