 786
 785
 784
 783
 782
 781
 781
 783
 784
 785
 786
 787
 788
 789
 790
 791
 793
 794
 795
 796
 797
 798
 799
 801
 802
 803
 804
 805
 806
 807
 808
 809
 810
 811
 812
 813
 814
 815
 816
 816
 817
 818
 819
 820
 821
 822
 823
 824
 825
 826
 827
 828
 829
 830
 831
 832
 832
 833
 834
 835
 836
 837
 838
 838
 839
 840
 841
 842
 842
 843
 844
 845
 846
 847
 847
 848
 849
 850
 851
 851
 852
 853
 853
 854
 855
 856
 856
 857
 858
 859
 860
 861
 861
 862
 863
 864
 864
 865
 866
 866
 867
 868
 868
 869
 870
 870
 871
 872
 872
 873
 873
 874
 875
 875
 876
 876
 877
 878
 878
 879
 879
 880
 880
 881
 882
 883
 883
 884
 884
 885
 885
 886
 886
 887
 887
 888
 888
 889
 889
 890
 890
 891
 891
 892
 892
 893
 893
 894
 894
 895
 895
 896
 896
 897
 897
 898
 898
 899
 899
 900
 900
 901
 901
 902
 902
 903
 903
 903
 904
 904
 905
 905
 906
 906
 906
 907
 907
 908
 908
 909
 909
 909
 910
 910
 911
 911
 912
 912
 912
 913
 913
 914
 914
 914
 915
 915
 916
 916
 916
 917
 917
 917
 918
 918
 918
 918
 919
 919
 919
 920
 920
 920
 921
 921
 921
 921
 921
 922
 922
 922
 922
 923
 923
 923
 923
 924
 924
 924
 924
 925
 925
 925
 925
 926
 926
 926
 926
 926
 927
 927
 927
 927
 928
 928
 928
 928
 928
 928
 928
 929
 929
 929
 929
 929
 929
 929
 929
 929
 929
 930
 930
 930
 930
 930
 930
 930
 930
 930
 930
 930
 930
 930
 930
 931
 931
 931
 931
 931
 931
 931
 932
 932
 932
 932
 932
 932
 932
 932
 932
 932
 932
 933
 933
 933
 933
 933
 933
 933
 933
 933
 933
 934
 934
 934
 934
 934
 934
 934
 934
 935
 935
 935
 935
 935
 935
 935
 935
 935
 935
 935
 936
 936
 936
 936
 936
 936
 936
 936
 936
 936
 936
 937
 937
 937
 937
 937
 937
 937
 937
 937
 937
 938
 938
 938
 938
 938
 938
 938
 938
 938
 938
 938
 938
 938
 938
 938
 938
 939
 939
 939
 939
 939
 939
 939
 939
 939
 939
 940
 940
 940
 940
 940
 940
 940
 940
 940
 940
 940
 940
 940
 940
 940
 940
 941
 941
 941
 941
 941
 941
 941
 941
 941
 941
 941
 941
 941
 941
 941
 941
 941
 941
 941
 941
 941
 941
 941
 941
 941
 941
 941
 941
 941
 941
 941
 941
 941
 941
 941
 941
 940
