 799
 798
 797
 798
 800
 801
 802
 803
 805
 806
 807
 808
 809
 811
 812
 813
 815
 816
 817
 818
 819
 820
 822
 823
 824
 825
 826
 827
 828
 830
 830
 832
 833
 834
 835
 836
 837
 838
 839
 840
 842
 843
 844
 845
 846
 847
 848
 849
 850
 851
 852
 853
 854
 855
 856
 857
 858
 859
 860
 861
 862
 863
 864
 865
 866
 867
 868
 869
 870
 871
 872
 873
 874
 875
 876
 877
 878
 879
 880
 881
 882
 883
 884
 885
 885
 886
 887
 888
 889
 890
 891
 892
 893
 894
 895
 896
 897
 898
 899
 900
 901
 902
 903
 904
 904
 905
 906
 907
 908
 909
 910
 911
 912
 912
 913
 914
 915
 916
 917
 917
 918
 919
 920
 921
 922
 922
 923
 924
 925
 926
 927
 927
 928
 929
 930
 931
 931
 932
 933
 934
 935
 935
 936
 937
 938
 939
 940
 940
 941
 942
 943
 944
 944
 945
 946
 947
 947
 948
 949
 949
 950
 951
 951
 952
 953
 954
 954
 955
 956
 957
 957
 958
 959
 960
 960
 961
 962
 962
 963
 964
 964
 965
 966
 967
 967
 968
 969
 969
 970
 970
 971
 972
 972
 973
 974
 974
 975
 976
 976
 977
 978
 978
 979
 979
 980
 980
 981
 982
 982
 983
 983
 984
 985
 985
 986
 986
 987
 988
 988
 989
 990
 990
 991
 991
 992
 992
 993
 993
 994
 994
 995
 995
 996
 996
 997
 997
 998
 998
 999
 999
1000
1000
1001
1002
1002
1003
1003
1004
1004
1004
1005
1005
1006
1007
1007
1008
1008
1009
1009
1010
1010
1011
1011
1012
1012
1013
1013
1014
1014
1015
1015
1015
1016
1016
1017
1017
1018
1018
1019
1019
1020
1021
1021
1022
1022
1022
1023
1023
1024
1024
1024
1025
1025
1026
1026
1027
1027
1027
1028
1028
1029
1029
1029
1030
1030
1031
1031
1031
1032
1032
1033
1033
1033
1034
1034
1034
1035
1035
1036
1036
1036
1037
1037
1038
1038
1038
1039
1039
1039
1040
1040
1040
1041
1041
1041
1042
1042
1042
1043
1043
1043
1044
1044
1044
1045
1045
1045
1045
1046
1046
1047
1047
1047
1047
1048
1048
1048
1049
1049
1049
1050
1050
1050
1051
1051
1051
1052
1052
1052
1053
1053
1053
1053
1054
1054
1054
1054
1055
1055
1055
1055
1056
1056
1056
1056
1057
1057
1057
1057
1057
1057
1057
1057
1057
1057
1057
1057
1058
1058
1058
1058
1058
1058
1058
1058
1058
1058
1058
1058
1058
1058
1058
1058
1058
1058
1057
1057
1057
1057
1057
1057
1057
1057
1057
1057
1057
1057
1057
1057
1057
1057
1056
1056
1056
1056
1056
1056
1056
1056
1056
1056
1056
1056
1056
1056
1056
1056
1056
1056
1056
1056
1056
1056
1056
1056
1056
1056
1056
1055
1055
1055
1055
1055
1055
1055
1055
1055
1055
1055
1055
1055
1055
1055
1055
1055
1054
1054
1054
1054
1054
1054
1054
1054
1054
1054
1054
1054
1054
1054
1054
1054
1054
1054
1054
1054
1054
1054
1054
1054
1054
1054
1053
1053
1053
1053
1053
1053
1053
1053
1053
1053
1053
1053
1053
1053
1053
1053
1053
1053
1053
1053
1053
1053
1053
1053
1053
1053
1053
1053
1053
1053
1053
1053
1053
1053
1053
1053
1052
1052
1052
1052
1052
1052
1052
1052
1052
1052
1052
1052
1051
1050
