
nofdb	workloads/workloadc.spec	50
# Load duration (sec): 1662.64
# Loading records:	200000000
# Load throughput (KOPS): 120.291
Count: 200000000  Average: 414.5318  StdDev: 34802.15
Percentiles(us): P50: 222.61 P90: 514.04 P99: 2170.60 P99.9: 16459.50 P99.99: 63362.25
------------------------------------------------------
[      50,      60 )       4   0.000%   0.000% 
[      60,      70 )     162   0.000%   0.000% 
[      70,      80 )    1813   0.001%   0.001% 
[      80,      90 )    4977   0.002%   0.003% 
[      90,     100 )   30695   0.015%   0.019% 
[     100,     120 ) 38563235  19.282%  19.300% ####
[     120,     140 ) 13741585   6.871%  26.171% #
[     140,     160 ) 11891624   5.946%  32.117% #
[     160,     180 ) 9469775   4.735%  36.852% #
[     180,     200 ) 7142295   3.571%  40.423% #
[     200,     250 ) 42356963  21.178%  61.602% ####
[     250,     300 ) 23566704  11.783%  73.385% ##
[     300,     350 ) 13301971   6.651%  80.036% #
[     350,     400 ) 8748166   4.374%  84.410% #
[     400,     450 ) 5764602   2.882%  87.292% #
[     450,     500 ) 4531126   2.266%  89.558% 
[     500,     600 ) 6298824   3.149%  92.707% #
[     600,     700 ) 3858121   1.929%  94.636% 
[     700,     800 ) 2414362   1.207%  95.844% 
[     800,     900 ) 1586547   0.793%  96.637% 
[     900,    1000 ) 1067263   0.534%  97.170% 
[    1000,    1200 ) 1301473   0.651%  97.821% 
[    1200,    1400 )  812778   0.406%  98.228% 
[    1400,    1600 )  570095   0.285%  98.513% 
[    1600,    1800 )  433521   0.217%  98.729% 
[    1800,    2000 )  340178   0.170%  98.899% 
[    2000,    2500 )  589499   0.295%  99.194% 
[    2500,    3000 )  356207   0.178%  99.372% 
[    3000,    3500 )  220826   0.110%  99.483% 
[    3500,    4000 )  138846   0.069%  99.552% 
[    4000,    4500 )   92358   0.046%  99.598% 
[    4500,    5000 )   65273   0.033%  99.631% 
[    5000,    6000 )   93116   0.047%  99.677% 
[    6000,    7000 )   71356   0.036%  99.713% 
[    7000,    8000 )   61376   0.031%  99.744% 
[    8000,    9000 )   59576   0.030%  99.774% 
[    9000,   10000 )   67526   0.034%  99.807% 
[   10000,   12000 )   89810   0.045%  99.852% 
[   12000,   14000 )   55768   0.028%  99.880% 
[   14000,   16000 )   34683   0.017%  99.898% 
[   16000,   18000 )   21419   0.011%  99.908% 
[   18000,   20000 )   17545   0.009%  99.917% 
[   20000,   25000 )   59162   0.030%  99.947% 
[   25000,   30000 )   28582   0.014%  99.961% 
[   30000,   35000 )   15633   0.008%  99.969% 
[   35000,   40000 )   12460   0.006%  99.975% 
[   40000,   45000 )    9693   0.005%  99.980% 
[   45000,   50000 )    7331   0.004%  99.983% 
[   50000,   60000 )   10887   0.005%  99.989% 
[   60000,   70000 )    6570   0.003%  99.992% 
[   70000,   80000 )    4319   0.002%  99.994% 
[   80000,   90000 )    2663   0.001%  99.996% 
[   90000,  100000 )    2559   0.001%  99.997% 
[  100000,  120000 )    2425   0.001%  99.998% 
[  120000,  140000 )    1174   0.001%  99.999% 
[  140000,  160000 )     304   0.000%  99.999% 
[  160000,  180000 )     205   0.000%  99.999% 
[  180000,  200000 )      72   0.000%  99.999% 
[  200000,  250000 )     215   0.000%  99.999% 
[  250000,  300000 )      21   0.000%  99.999% 
[  300000,  350000 )       9   0.000%  99.999% 
[  350000,  400000 )      10   0.000%  99.999% 
[  400000,  450000 )      32   0.000%  99.999% 
[  450000,  500000 )      60   0.000%  99.999% 
[  500000,  600000 )     103   0.000%  99.999% 
[  600000,  700000 )      50   0.000%  99.999% 
[  700000,  800000 )     108   0.000%  99.999% 
[  800000,  900000 )      41   0.000%  99.999% 
[  900000, 1000000 )      10   0.000%  99.999% 
[ 1000000, 1200000 )      59   0.000%  99.999% 
[ 1200000, 1400000 )     184   0.000%  99.999% 
[ 1400000, 1600000 )      66   0.000% 100.000% 
[ 2000000, 2500000 )      55   0.000% 100.000% 
[ 2500000, 3000000 )      45   0.000% 100.000% 
[ 3000000, 3500000 )      50   0.000% 100.000% 
[ 4500000, 5000000 )      50   0.000% 100.000% 
[ 5000000, 6000000 )     150   0.000% 100.000% 
[ 6000000, 7000000 )     100   0.000% 100.000% 
[ 7000000, 8000000 )      50   0.000% 100.000% 
[ 14000000, 16000000 )      50   0.000% 100.000% 
[ 18000000, 20000000 )     150   0.000% 100.000% 
[ 20000000, 25000000 )     100   0.000% 100.000% 
[ 25000000, 30000000 )     100   0.000% 100.000% 
[ 30000000, 35000000 )      50   0.000% 100.000% 


# Run duration (sec): 1512.58
# Run operations:	200000000
# Run throughput (KOPS): 132.224
Count: 200000000  Average: 377.6064  StdDev: 13144.74
Percentiles(us): P50: 250.66 P90: 612.81 P99: 1576.24 P99.9: 3417.13 P99.99: 5489.18
------------------------------------------------------
[      35,      40 )     718   0.000%   0.000% 
[      40,      45 )   56695   0.028%   0.029% 
[      45,      50 ) 1341697   0.671%   0.700% 
[      50,      60 ) 2664570   1.332%   2.032% 
[      60,      70 )  575516   0.288%   2.320% 
[      70,      80 )  379136   0.190%   2.509% 
[      80,      90 )  522874   0.261%   2.771% 
[      90,     100 )  437486   0.219%   2.989% 
[     100,     120 ) 1178315   0.589%   3.579% 
[     120,     140 ) 2235810   1.118%   4.696% 
[     140,     160 ) 1084527   0.542%   5.239% 
[     160,     180 ) 2442790   1.221%   6.460% 
[     180,     200 ) 64413057  32.207%  38.667% ######
[     200,     250 ) 22374978  11.187%  49.854% ##
[     250,     300 ) 21964177  10.982%  60.836% ##
[     300,     350 ) 14582189   7.291%  68.127% #
[     350,     400 ) 13991419   6.996%  75.123% #
[     400,     450 ) 10687091   5.344%  80.467% #
[     450,     500 ) 7046609   3.523%  83.990% #
[     500,     600 ) 11176141   5.588%  89.578% #
[     600,     700 ) 6590926   3.295%  92.873% #
[     700,     800 ) 4144274   2.072%  94.945% 
[     800,     900 ) 2645655   1.323%  96.268% 
[     900,    1000 ) 1729161   0.865%  97.133% 
[    1000,    1200 ) 2029353   1.015%  98.148% 
[    1200,    1400 ) 1105161   0.553%  98.700% 
[    1400,    1600 )  680509   0.340%  99.040% 
[    1600,    1800 )  459852   0.230%  99.270% 
[    1800,    2000 )  330651   0.165%  99.436% 
[    2000,    2500 )  518883   0.259%  99.695% 
[    2500,    3000 )  280975   0.140%  99.836% 
[    3000,    3500 )  154394   0.077%  99.913% 
[    3500,    4000 )   83175   0.042%  99.954% 
[    4000,    4500 )   43074   0.022%  99.976% 
[    4500,    5000 )   21152   0.011%  99.986% 
[    5000,    6000 )   14330   0.007%  99.994% 
[    6000,    7000 )    2885   0.001%  99.995% 
[    7000,    8000 )     555   0.000%  99.995% 
[    8000,    9000 )     243   0.000%  99.996% 
[    9000,   10000 )     258   0.000%  99.996% 
[   10000,   12000 )     184   0.000%  99.996% 
[   12000,   14000 )     146   0.000%  99.996% 
[   14000,   16000 )     115   0.000%  99.996% 
[   16000,   18000 )     128   0.000%  99.996% 
[   18000,   20000 )     139   0.000%  99.996% 
[   20000,   25000 )     403   0.000%  99.996% 
[   25000,   30000 )     413   0.000%  99.996% 
[   30000,   35000 )     454   0.000%  99.997% 
[   35000,   40000 )     432   0.000%  99.997% 
[   40000,   45000 )     120   0.000%  99.997% 
[   45000,   50000 )      32   0.000%  99.997% 
[   50000,   60000 )      66   0.000%  99.997% 
[   60000,   70000 )     112   0.000%  99.997% 
[   70000,   80000 )     298   0.000%  99.997% 
[   80000,   90000 )     483   0.000%  99.997% 
[   90000,  100000 )     364   0.000%  99.998% 
[  100000,  120000 )     238   0.000%  99.998% 
[  120000,  140000 )     126   0.000%  99.998% 
[  140000,  160000 )     202   0.000%  99.998% 
[  160000,  180000 )     354   0.000%  99.998% 
[  180000,  200000 )     218   0.000%  99.998% 
[  200000,  250000 )     322   0.000%  99.998% 
[  250000,  300000 )     354   0.000%  99.998% 
[  300000,  350000 )     255   0.000%  99.999% 
[  350000,  400000 )     180   0.000%  99.999% 
[  400000,  450000 )     158   0.000%  99.999% 
[  450000,  500000 )     129   0.000%  99.999% 
[  500000,  600000 )     208   0.000%  99.999% 
[  600000,  700000 )     142   0.000%  99.999% 
[  700000,  800000 )     146   0.000%  99.999% 
[  800000,  900000 )     121   0.000%  99.999% 
[  900000, 1000000 )     143   0.000%  99.999% 
[ 1000000, 1200000 )     227   0.000%  99.999% 
[ 1200000, 1400000 )     170   0.000%  99.999% 
[ 1400000, 1600000 )     127   0.000%  99.999% 
[ 1600000, 1800000 )     102   0.000% 100.000% 
[ 1800000, 2000000 )      94   0.000% 100.000% 
[ 2000000, 2500000 )     185   0.000% 100.000% 
[ 2500000, 3000000 )     124   0.000% 100.000% 
[ 3000000, 3500000 )      76   0.000% 100.000% 
[ 3500000, 4000000 )      67   0.000% 100.000% 
[ 4000000, 4500000 )      58   0.000% 100.000% 
[ 4500000, 5000000 )      29   0.000% 100.000% 
[ 5000000, 6000000 )      65   0.000% 100.000% 
[ 6000000, 7000000 )      54   0.000% 100.000% 
[ 7000000, 8000000 )      51   0.000% 100.000% 
[ 8000000, 9000000 )      22   0.000% 100.000% 
[ 9000000, 10000000 )      17   0.000% 100.000% 
[ 10000000, 12000000 )      31   0.000% 100.000% 
[ 12000000, 14000000 )      21   0.000% 100.000% 
[ 14000000, 16000000 )      17   0.000% 100.000% 
[ 16000000, 18000000 )       7   0.000% 100.000% 
[ 18000000, 20000000 )       6   0.000% 100.000% 
[ 20000000, 25000000 )       4   0.000% 100.000% 


