
nofdb	workloads/workloadd.spec	50
# Load duration (sec): 1595.64
# Loading records:	200000000
# Load throughput (KOPS): 125.342
Count: 200000000  Average: 395.7685  StdDev: 32202.86
Percentiles(us): P50: 223.36 P90: 473.51 P99: 1066.91 P99.9: 19725.59 P99.99: 68232.54
------------------------------------------------------
[      60,      70 )      80   0.000%   0.000% 
[      70,      80 )    1439   0.001%   0.001% 
[      80,      90 )    5465   0.003%   0.003% 
[      90,     100 )   44032   0.022%   0.026% 
[     100,     120 ) 35986547  17.993%  18.019% ####
[     120,     140 ) 13517190   6.759%  24.777% #
[     140,     160 ) 13379540   6.690%  31.467% #
[     160,     180 ) 10093060   5.047%  36.514% #
[     180,     200 ) 7475825   3.738%  40.252% #
[     200,     250 ) 41739309  20.870%  61.121% ####
[     250,     300 ) 25421002  12.711%  73.832% ###
[     300,     350 ) 14532240   7.266%  81.098% #
[     350,     400 ) 9396666   4.698%  85.796% #
[     400,     450 ) 6128604   3.064%  88.860% #
[     450,     500 ) 4845969   2.423%  91.283% 
[     500,     600 ) 6543961   3.272%  94.555% #
[     600,     700 ) 3956005   1.978%  96.533% 
[     700,     800 ) 2341344   1.171%  97.704% 
[     800,     900 ) 1444191   0.722%  98.426% 
[     900,    1000 )  865792   0.433%  98.859% 
[    1000,    1200 )  842175   0.421%  99.280% 
[    1200,    1400 )  398236   0.199%  99.479% 
[    1400,    1600 )  187154   0.094%  99.573% 
[    1600,    1800 )  106418   0.053%  99.626% 
[    1800,    2000 )   63495   0.032%  99.658% 
[    2000,    2500 )   83047   0.042%  99.699% 
[    2500,    3000 )   40996   0.020%  99.720% 
[    3000,    3500 )   26855   0.013%  99.733% 
[    3500,    4000 )   19144   0.010%  99.743% 
[    4000,    4500 )   15127   0.008%  99.750% 
[    4500,    5000 )   13266   0.007%  99.757% 
[    5000,    6000 )   22606   0.011%  99.768% 
[    6000,    7000 )   20517   0.010%  99.779% 
[    7000,    8000 )   22083   0.011%  99.790% 
[    8000,    9000 )   32654   0.016%  99.806% 
[    9000,   10000 )   41732   0.021%  99.827% 
[   10000,   12000 )   48895   0.024%  99.851% 
[   12000,   14000 )   36006   0.018%  99.869% 
[   14000,   16000 )   26669   0.013%  99.883% 
[   16000,   18000 )   18566   0.009%  99.892% 
[   18000,   20000 )   18658   0.009%  99.901% 
[   20000,   25000 )   67291   0.034%  99.935% 
[   25000,   30000 )   34495   0.017%  99.952% 
[   30000,   35000 )   23097   0.012%  99.964% 
[   35000,   40000 )   13946   0.007%  99.971% 
[   40000,   45000 )   11094   0.006%  99.976% 
[   45000,   50000 )    9010   0.005%  99.981% 
[   50000,   60000 )   11837   0.006%  99.987% 
[   60000,   70000 )    8102   0.004%  99.991% 
[   70000,   80000 )    4967   0.002%  99.993% 
[   80000,   90000 )    3336   0.002%  99.995% 
[   90000,  100000 )    1939   0.001%  99.996% 
[  100000,  120000 )    2363   0.001%  99.997% 
[  120000,  140000 )    1046   0.001%  99.998% 
[  140000,  160000 )     560   0.000%  99.998% 
[  160000,  180000 )     728   0.000%  99.998% 
[  180000,  200000 )     676   0.000%  99.999% 
[  200000,  250000 )     524   0.000%  99.999% 
[  250000,  300000 )     267   0.000%  99.999% 
[  300000,  350000 )     107   0.000%  99.999% 
[  350000,  400000 )      53   0.000%  99.999% 
[  400000,  450000 )       8   0.000%  99.999% 
[  450000,  500000 )       4   0.000%  99.999% 
[  500000,  600000 )      58   0.000%  99.999% 
[  600000,  700000 )      11   0.000%  99.999% 
[  700000,  800000 )      18   0.000%  99.999% 
[  800000,  900000 )     166   0.000%  99.999% 
[  900000, 1000000 )      53   0.000%  99.999% 
[ 1000000, 1200000 )      62   0.000%  99.999% 
[ 1200000, 1400000 )      19   0.000%  99.999% 
[ 1400000, 1600000 )       6   0.000%  99.999% 
[ 1600000, 1800000 )      17   0.000%  99.999% 
[ 1800000, 2000000 )     100   0.000%  99.999% 
[ 2000000, 2500000 )      48   0.000%  99.999% 
[ 2500000, 3000000 )     114   0.000%  99.999% 
[ 3000000, 3500000 )      36   0.000%  99.999% 
[ 3500000, 4000000 )      50   0.000%  99.999% 
[ 4000000, 4500000 )     150   0.000%  99.999% 
[ 6000000, 7000000 )     250   0.000% 100.000% 
[ 7000000, 8000000 )      50   0.000% 100.000% 
[ 9000000, 10000000 )     200   0.000% 100.000% 
[ 10000000, 12000000 )     150   0.000% 100.000% 
[ 12000000, 14000000 )     150   0.000% 100.000% 
[ 14000000, 16000000 )      32   0.000% 100.000% 
[ 18000000, 20000000 )     100   0.000% 100.000% 
[ 20000000, 25000000 )     100   0.000% 100.000% 
[ 25000000, 30000000 )      50   0.000% 100.000% 


# Run duration (sec): 2585.78
# Run operations:	200000000
# Run throughput (KOPS): 77.3461
Count: 200000000  Average: 641.8450  StdDev: 16952.85
Percentiles(us): P50: 249.58 P90: 671.12 P99: 1708.25 P99.9: 44533.08 P99.99: 680821.92
------------------------------------------------------
[      30,      35 )       4   0.000%   0.000% 
[      35,      40 )    3476   0.002%   0.002% 
[      40,      45 )  163346   0.082%   0.083% 
[      45,      50 )  700557   0.350%   0.434% 
[      50,      60 ) 2054948   1.027%   1.461% 
[      60,      70 )  527188   0.264%   1.725% 
[      70,      80 )  320597   0.160%   1.885% 
[      80,      90 )  394053   0.197%   2.082% 
[      90,     100 )  334185   0.167%   2.249% 
[     100,     120 ) 3062284   1.531%   3.780% 
[     120,     140 ) 2019717   1.010%   4.790% 
[     140,     160 ) 1039287   0.520%   5.310% 
[     160,     180 ) 6309839   3.155%   8.465% #
[     180,     200 ) 58304452  29.152%  37.617% ######
[     200,     250 ) 24977424  12.489%  50.106% ##
[     250,     300 ) 21901823  10.951%  61.057% ##
[     300,     350 ) 14004993   7.002%  68.059% #
[     350,     400 ) 11778933   5.889%  73.949% #
[     400,     450 ) 9748606   4.874%  78.823% #
[     450,     500 ) 6815550   3.408%  82.231% #
[     500,     600 ) 10624132   5.312%  87.543% #
[     600,     700 ) 6910664   3.455%  90.998% #
[     700,     800 ) 4601102   2.301%  93.299% 
[     800,     900 ) 3238833   1.619%  94.918% 
[     900,    1000 ) 2290904   1.145%  96.063% 
[    1000,    1200 ) 2928428   1.464%  97.528% 
[    1200,    1400 ) 1650365   0.825%  98.353% 
[    1400,    1600 )  973923   0.487%  98.840% 
[    1600,    1800 )  591962   0.296%  99.136% 
[    1800,    2000 )  367595   0.184%  99.320% 
[    2000,    2500 )  439717   0.220%  99.539% 
[    2500,    3000 )  161314   0.081%  99.620% 
[    3000,    3500 )   70641   0.035%  99.655% 
[    3500,    4000 )   37683   0.019%  99.674% 
[    4000,    4500 )   23989   0.012%  99.686% 
[    4500,    5000 )   17152   0.009%  99.695% 
[    5000,    6000 )   28295   0.014%  99.709% 
[    6000,    7000 )   29566   0.015%  99.724% 
[    7000,    8000 )   37521   0.019%  99.743% 
[    8000,    9000 )   27361   0.014%  99.756% 
[    9000,   10000 )   41192   0.021%  99.777% 
[   10000,   12000 )   37203   0.019%  99.795% 
[   12000,   14000 )   37369   0.019%  99.814% 
[   14000,   16000 )   26586   0.013%  99.827% 
[   16000,   18000 )   18529   0.009%  99.837% 
[   18000,   20000 )   10164   0.005%  99.842% 
[   20000,   25000 )   20791   0.010%  99.852% 
[   25000,   30000 )   16400   0.008%  99.860% 
[   30000,   35000 )   19793   0.010%  99.870% 
[   35000,   40000 )   33924   0.017%  99.887% 
[   40000,   45000 )   28281   0.014%  99.901% 
[   45000,   50000 )   25546   0.013%  99.914% 
[   50000,   60000 )   36612   0.018%  99.932% 
[   60000,   70000 )   21806   0.011%  99.943% 
[   70000,   80000 )   17294   0.009%  99.952% 
[   80000,   90000 )   11882   0.006%  99.958% 
[   90000,  100000 )    6178   0.003%  99.961% 
[  100000,  120000 )    8201   0.004%  99.965% 
[  120000,  140000 )    5641   0.003%  99.968% 
[  140000,  160000 )    4603   0.002%  99.970% 
[  160000,  180000 )    4251   0.002%  99.972% 
[  180000,  200000 )    3838   0.002%  99.974% 
[  200000,  250000 )    6357   0.003%  99.977% 
[  250000,  300000 )    4772   0.002%  99.980% 
[  300000,  350000 )    4784   0.002%  99.982% 
[  350000,  400000 )    3065   0.002%  99.984% 
[  400000,  450000 )    3230   0.002%  99.985% 
[  450000,  500000 )    2387   0.001%  99.987% 
[  500000,  600000 )    4198   0.002%  99.989% 
[  600000,  700000 )    3358   0.002%  99.990% 
[  700000,  800000 )    2874   0.001%  99.992% 
[  800000,  900000 )    2312   0.001%  99.993% 
[  900000, 1000000 )    1860   0.001%  99.994% 
[ 1000000, 1200000 )    3058   0.002%  99.995% 
[ 1200000, 1400000 )    2140   0.001%  99.996% 
[ 1400000, 1600000 )    1611   0.001%  99.997% 
[ 1600000, 1800000 )    1242   0.001%  99.998% 
[ 1800000, 2000000 )     958   0.000%  99.998% 
[ 2000000, 2500000 )    1672   0.001%  99.999% 
[ 2500000, 3000000 )     819   0.000% 100.000% 
[ 3000000, 3500000 )     413   0.000% 100.000% 
[ 3500000, 4000000 )     157   0.000% 100.000% 
[ 4000000, 4500000 )      70   0.000% 100.000% 
[ 4500000, 5000000 )      63   0.000% 100.000% 
[ 5000000, 6000000 )      54   0.000% 100.000% 
[ 6000000, 7000000 )      32   0.000% 100.000% 
[ 7000000, 8000000 )      15   0.000% 100.000% 
[ 8000000, 9000000 )       2   0.000% 100.000% 
[ 9000000, 10000000 )       2   0.000% 100.000% 
[ 10000000, 12000000 )       2   0.000% 100.000% 


