
nofdb	workloads/workloadb.spec	50
# Load duration (sec): 1636.59
# Loading records:	200000000
# Load throughput (KOPS): 122.205
Count: 200000000  Average: 408.0155  StdDev: 33899.81
Percentiles(us): P50: 227.96 P90: 539.52 P99: 1260.89 P99.9: 17174.65 P99.99: 65080.30
------------------------------------------------------
[      60,      70 )      33   0.000%   0.000% 
[      70,      80 )    1016   0.001%   0.001% 
[      80,      90 )    5440   0.003%   0.003% 
[      90,     100 )   21875   0.011%   0.014% 
[     100,     120 ) 36063138  18.032%  18.046% ####
[     120,     140 ) 14723000   7.361%  25.407% #
[     140,     160 ) 10577609   5.289%  30.696% #
[     160,     180 ) 8238069   4.119%  34.815% #
[     180,     200 ) 7123825   3.562%  38.377% #
[     200,     250 ) 41569879  20.785%  59.162% ####
[     250,     300 ) 22773969  11.387%  70.549% ##
[     300,     350 ) 14057403   7.029%  77.578% #
[     350,     400 ) 9565382   4.783%  82.360% #
[     400,     450 ) 6692921   3.346%  85.707% #
[     450,     500 ) 5377742   2.689%  88.396% #
[     500,     600 ) 8118676   4.059%  92.455% #
[     600,     700 ) 5126430   2.563%  95.018% #
[     700,     800 ) 3139199   1.570%  96.588% 
[     800,     900 ) 1977138   0.989%  97.576% 
[     900,    1000 ) 1269035   0.635%  98.211% 
[    1000,    1200 ) 1370242   0.685%  98.896% 
[    1200,    1400 )  683144   0.342%  99.238% 
[    1400,    1600 )  369446   0.185%  99.422% 
[    1600,    1800 )  219989   0.110%  99.532% 
[    1800,    2000 )  140245   0.070%  99.602% 
[    2000,    2500 )  182680   0.091%  99.694% 
[    2500,    3000 )   80012   0.040%  99.734% 
[    3000,    3500 )   41979   0.021%  99.755% 
[    3500,    4000 )   25037   0.013%  99.767% 
[    4000,    4500 )   16369   0.008%  99.775% 
[    4500,    5000 )   12367   0.006%  99.782% 
[    5000,    6000 )   19027   0.010%  99.791% 
[    6000,    7000 )   16456   0.008%  99.799% 
[    7000,    8000 )   16809   0.008%  99.808% 
[    8000,    9000 )   21584   0.011%  99.819% 
[    9000,   10000 )   38798   0.019%  99.838% 
[   10000,   12000 )   57879   0.029%  99.867% 
[   12000,   14000 )   34515   0.017%  99.884% 
[   14000,   16000 )   22654   0.011%  99.896% 
[   16000,   18000 )   15305   0.008%  99.903% 
[   18000,   20000 )   15112   0.008%  99.911% 
[   20000,   25000 )   52497   0.026%  99.937% 
[   25000,   30000 )   32879   0.016%  99.953% 
[   30000,   35000 )   20411   0.010%  99.964% 
[   35000,   40000 )   14414   0.007%  99.971% 
[   40000,   45000 )   11289   0.006%  99.976% 
[   45000,   50000 )   10029   0.005%  99.981% 
[   50000,   60000 )   12909   0.006%  99.988% 
[   60000,   70000 )    8157   0.004%  99.992% 
[   70000,   80000 )    4540   0.002%  99.994% 
[   80000,   90000 )    3678   0.002%  99.996% 
[   90000,  100000 )    1589   0.001%  99.997% 
[  100000,  120000 )    2184   0.001%  99.998% 
[  120000,  140000 )     935   0.000%  99.998% 
[  140000,  160000 )     380   0.000%  99.999% 
[  160000,  180000 )     249   0.000%  99.999% 
[  180000,  200000 )      17   0.000%  99.999% 
[  200000,  250000 )     205   0.000%  99.999% 
[  250000,  300000 )      91   0.000%  99.999% 
[  300000,  350000 )     105   0.000%  99.999% 
[  350000,  400000 )      44   0.000%  99.999% 
[  400000,  450000 )       9   0.000%  99.999% 
[  450000,  500000 )     102   0.000%  99.999% 
[  500000,  600000 )     103   0.000%  99.999% 
[  600000,  700000 )      50   0.000%  99.999% 
[  700000,  800000 )      28   0.000%  99.999% 
[  800000,  900000 )      50   0.000%  99.999% 
[  900000, 1000000 )      56   0.000%  99.999% 
[ 1000000, 1200000 )      88   0.000%  99.999% 
[ 1200000, 1400000 )      84   0.000%  99.999% 
[ 1400000, 1600000 )      47   0.000%  99.999% 
[ 1800000, 2000000 )      53   0.000%  99.999% 
[ 2000000, 2500000 )      45   0.000%  99.999% 
[ 2500000, 3000000 )     105   0.000%  99.999% 
[ 3000000, 3500000 )      50   0.000%  99.999% 
[ 4000000, 4500000 )     100   0.000%  99.999% 
[ 4500000, 5000000 )     150   0.000% 100.000% 
[ 5000000, 6000000 )     100   0.000% 100.000% 
[ 8000000, 9000000 )     100   0.000% 100.000% 
[ 10000000, 12000000 )     100   0.000% 100.000% 
[ 12000000, 14000000 )     150   0.000% 100.000% 
[ 14000000, 16000000 )      50   0.000% 100.000% 
[ 16000000, 18000000 )     200   0.000% 100.000% 
[ 20000000, 25000000 )      50   0.000% 100.000% 
[ 25000000, 30000000 )      50   0.000% 100.000% 
[ 30000000, 35000000 )      50   0.000% 100.000% 


# Run duration (sec): 2518.38
# Run operations:	200000000
# Run throughput (KOPS): 79.4163
Count: 200000000  Average: 626.6914  StdDev: 17739.29
Percentiles(us): P50: 201.48 P90: 576.65 P99: 1595.22 P99.9: 51471.23 P99.99: 724880.10
------------------------------------------------------
[      30,      35 )       7   0.000%   0.000% 
[      35,      40 )   20184   0.010%   0.010% 
[      40,      45 ) 1121067   0.561%   0.571% 
[      45,      50 ) 5366445   2.683%   3.254% #
[      50,      60 ) 19709687   9.855%  13.109% ##
[      60,      70 ) 6223724   3.112%  16.221% #
[      70,      80 ) 2608456   1.304%  17.525% 
[      80,      90 ) 2981354   1.491%  19.015% 
[      90,     100 ) 2606052   1.303%  20.318% 
[     100,     120 ) 6025411   3.013%  23.331% #
[     120,     140 ) 5606890   2.803%  26.135% #
[     140,     160 ) 3924951   1.962%  28.097% 
[     160,     180 ) 5400627   2.700%  30.797% #
[     180,     200 ) 37727712  18.864%  49.661% ####
[     200,     250 ) 22933016  11.467%  61.128% ##
[     250,     300 ) 17085223   8.543%  69.670% ##
[     300,     350 ) 12122046   6.061%  75.731% #
[     350,     400 ) 8991366   4.496%  80.227% #
[     400,     450 ) 7555547   3.778%  84.005% #
[     450,     500 ) 5786109   2.893%  86.898% #
[     500,     600 ) 8093628   4.047%  90.945% #
[     600,     700 ) 5363846   2.682%  93.627% #
[     700,     800 ) 3302861   1.651%  95.278% 
[     800,     900 ) 2259612   1.130%  96.408% 
[     900,    1000 ) 1539707   0.770%  97.178% 
[    1000,    1200 ) 1953468   0.977%  98.154% 
[    1200,    1400 ) 1082373   0.541%  98.696% 
[    1400,    1600 )  623529   0.312%  99.007% 
[    1600,    1800 )  366072   0.183%  99.190% 
[    1800,    2000 )  224150   0.112%  99.303% 
[    2000,    2500 )  268274   0.134%  99.437% 
[    2500,    3000 )  108848   0.054%  99.491% 
[    3000,    3500 )   56981   0.028%  99.520% 
[    3500,    4000 )   35014   0.018%  99.537% 
[    4000,    4500 )   25497   0.013%  99.550% 
[    4500,    5000 )   22018   0.011%  99.561% 
[    5000,    6000 )   46652   0.023%  99.584% 
[    6000,    7000 )   51601   0.026%  99.610% 
[    7000,    8000 )   69162   0.035%  99.645% 
[    8000,    9000 )   46847   0.023%  99.668% 
[    9000,   10000 )   75452   0.038%  99.706% 
[   10000,   12000 )   50151   0.025%  99.731% 
[   12000,   14000 )   39592   0.020%  99.751% 
[   14000,   16000 )   31280   0.016%  99.766% 
[   16000,   18000 )   21548   0.011%  99.777% 
[   18000,   20000 )   13476   0.007%  99.784% 
[   20000,   25000 )   26013   0.013%  99.797% 
[   25000,   30000 )   19653   0.010%  99.807% 
[   30000,   35000 )   28051   0.014%  99.821% 
[   35000,   40000 )   52121   0.026%  99.847% 
[   40000,   45000 )   64317   0.032%  99.879% 
[   45000,   50000 )   35090   0.018%  99.896% 
[   50000,   60000 )   49224   0.025%  99.921% 
[   60000,   70000 )   26554   0.013%  99.934% 
[   70000,   80000 )   16907   0.008%  99.943% 
[   80000,   90000 )   14704   0.007%  99.950% 
[   90000,  100000 )    8940   0.004%  99.955% 
[  100000,  120000 )    7904   0.004%  99.958% 
[  120000,  140000 )    4884   0.002%  99.961% 
[  140000,  160000 )    4856   0.002%  99.963% 
[  160000,  180000 )    6333   0.003%  99.967% 
[  180000,  200000 )    5838   0.003%  99.969% 
[  200000,  250000 )    6688   0.003%  99.973% 
[  250000,  300000 )    7087   0.004%  99.976% 
[  300000,  350000 )    4827   0.002%  99.979% 
[  350000,  400000 )    4741   0.002%  99.981% 
[  400000,  450000 )    3766   0.002%  99.983% 
[  450000,  500000 )    3652   0.002%  99.985% 
[  500000,  600000 )    5305   0.003%  99.987% 
[  600000,  700000 )    4202   0.002%  99.990% 
[  700000,  800000 )    3336   0.002%  99.991% 
[  800000,  900000 )    2885   0.001%  99.993% 
[  900000, 1000000 )    2245   0.001%  99.994% 
[ 1000000, 1200000 )    3391   0.002%  99.996% 
[ 1200000, 1400000 )    2382   0.001%  99.997% 
[ 1400000, 1600000 )    1626   0.001%  99.998% 
[ 1600000, 1800000 )    1174   0.001%  99.998% 
[ 1800000, 2000000 )     923   0.000%  99.999% 
[ 2000000, 2500000 )    1368   0.001%  99.999% 
[ 2500000, 3000000 )     721   0.000% 100.000% 
[ 3000000, 3500000 )     328   0.000% 100.000% 
[ 3500000, 4000000 )     151   0.000% 100.000% 
[ 4000000, 4500000 )      94   0.000% 100.000% 
[ 4500000, 5000000 )      54   0.000% 100.000% 
[ 5000000, 6000000 )      49   0.000% 100.000% 
[ 6000000, 7000000 )      36   0.000% 100.000% 
[ 7000000, 8000000 )      16   0.000% 100.000% 
[ 8000000, 9000000 )      10   0.000% 100.000% 
[ 9000000, 10000000 )      14   0.000% 100.000% 
[ 10000000, 12000000 )      18   0.000% 100.000% 
[ 12000000, 14000000 )       6   0.000% 100.000% 
[ 14000000, 16000000 )       3   0.000% 100.000% 


