
nofdb	workloads/workloadg.spec	50
# Load duration (sec): 1570.57
# Loading records:	200000000
# Load throughput (KOPS): 127.342
Count: 200000000  Average: 391.6625  StdDev: 31973.19
Percentiles(us): P50: 228.02 P90: 554.77 P99: 1333.60 P99.9: 11466.92 P99.99: 54712.20
------------------------------------------------------
[      50,      60 )      75   0.000%   0.000% 
[      60,      70 )    1181   0.001%   0.001% 
[      70,      80 )    2179   0.001%   0.002% 
[      80,      90 )    3283   0.002%   0.003% 
[      90,     100 )   23655   0.012%   0.015% 
[     100,     120 ) 39466458  19.733%  19.748% ####
[     120,     140 ) 12307539   6.154%  25.902% #
[     140,     160 ) 9483306   4.742%  30.644% #
[     160,     180 ) 8109557   4.055%  34.699% #
[     180,     200 ) 6849506   3.425%  38.123% #
[     200,     250 ) 42387946  21.194%  59.317% ####
[     250,     300 ) 21858746  10.929%  70.247% ##
[     300,     350 ) 13468673   6.734%  76.981% #
[     350,     400 ) 9076603   4.538%  81.519% #
[     400,     450 ) 6784652   3.392%  84.912% #
[     450,     500 ) 5533217   2.767%  87.678% #
[     500,     600 ) 8477725   4.239%  91.917% #
[     600,     700 ) 5392917   2.696%  94.614% #
[     700,     800 ) 3267686   1.634%  96.247% 
[     800,     900 ) 2105220   1.053%  97.300% 
[     900,    1000 ) 1349023   0.675%  97.975% 
[    1000,    1200 ) 1510620   0.755%  98.730% 
[    1200,    1400 )  808737   0.404%  99.134% 
[    1400,    1600 )  473763   0.237%  99.371% 
[    1600,    1800 )  295491   0.148%  99.519% 
[    1800,    2000 )  188649   0.094%  99.613% 
[    2000,    2500 )  247049   0.124%  99.737% 
[    2500,    3000 )  105941   0.053%  99.790% 
[    3000,    3500 )   49710   0.025%  99.815% 
[    3500,    4000 )   25785   0.013%  99.827% 
[    4000,    4500 )   14370   0.007%  99.835% 
[    4500,    5000 )    8786   0.004%  99.839% 
[    5000,    6000 )   11664   0.006%  99.845% 
[    6000,    7000 )   10400   0.005%  99.850% 
[    7000,    8000 )   14726   0.007%  99.857% 
[    8000,    9000 )   26381   0.013%  99.871% 
[    9000,   10000 )   29263   0.015%  99.885% 
[   10000,   12000 )   40245   0.020%  99.905% 
[   12000,   14000 )   24562   0.012%  99.918% 
[   14000,   16000 )   11817   0.006%  99.924% 
[   16000,   18000 )   10033   0.005%  99.929% 
[   18000,   20000 )   10428   0.005%  99.934% 
[   20000,   25000 )   20837   0.010%  99.944% 
[   25000,   30000 )   51168   0.026%  99.970% 
[   30000,   35000 )   15250   0.008%  99.977% 
[   35000,   40000 )   10065   0.005%  99.982% 
[   40000,   45000 )    6140   0.003%  99.986% 
[   45000,   50000 )    4937   0.002%  99.988% 
[   50000,   60000 )    8565   0.004%  99.992% 
[   60000,   70000 )    4476   0.002%  99.995% 
[   70000,   80000 )    2785   0.001%  99.996% 
[   80000,   90000 )    2227   0.001%  99.997% 
[   90000,  100000 )    1514   0.001%  99.998% 
[  100000,  120000 )    1848   0.001%  99.999% 
[  120000,  140000 )     517   0.000%  99.999% 
[  140000,  160000 )     225   0.000%  99.999% 
[  160000,  180000 )     151   0.000%  99.999% 
[  180000,  200000 )      98   0.000%  99.999% 
[  200000,  250000 )      82   0.000%  99.999% 
[  250000,  300000 )      50   0.000%  99.999% 
[  450000,  500000 )      50   0.000%  99.999% 
[  500000,  600000 )      50   0.000%  99.999% 
[  600000,  700000 )     100   0.000%  99.999% 
[ 1000000, 1200000 )      50   0.000%  99.999% 
[ 1200000, 1400000 )      50   0.000%  99.999% 
[ 1600000, 1800000 )      35   0.000%  99.999% 
[ 1800000, 2000000 )      44   0.000%  99.999% 
[ 2000000, 2500000 )     119   0.000%  99.999% 
[ 4000000, 4500000 )      50   0.000% 100.000% 
[ 6000000, 7000000 )     150   0.000% 100.000% 
[ 8000000, 9000000 )     150   0.000% 100.000% 
[ 9000000, 10000000 )     150   0.000% 100.000% 
[ 10000000, 12000000 )     100   0.000% 100.000% 
[ 12000000, 14000000 )      50   0.000% 100.000% 
[ 14000000, 16000000 )     100   0.000% 100.000% 
[ 16000000, 18000000 )      50   0.000% 100.000% 
[ 18000000, 20000000 )      50   0.000% 100.000% 
[ 20000000, 25000000 )      50   0.000% 100.000% 
[ 25000000, 30000000 )     100   0.000% 100.000% 


# Run duration (sec): 1811.65
# Run operations:	200000000
# Run throughput (KOPS): 110.396
Count: 200000000  Average: 451.8551  StdDev: 2394.17
Percentiles(us): P50: 222.22 P90: 644.32 P99: 4338.54 P99.9: 24308.74 P99.99: 58202.38
------------------------------------------------------
[      50,      60 )     103   0.000%   0.000% 
[      60,      70 )    1115   0.001%   0.001% 
[      70,      80 )    2426   0.001%   0.002% 
[      80,      90 )    3806   0.002%   0.004% 
[      90,     100 )   39334   0.020%   0.023% 
[     100,     120 ) 44683281  22.342%  22.365% ####
[     120,     140 ) 11887375   5.944%  28.309% #
[     140,     160 ) 10776304   5.388%  33.697% #
[     160,     180 ) 8270206   4.135%  37.832% #
[     180,     200 ) 5762495   2.881%  40.713% #
[     200,     250 ) 41796991  20.898%  61.612% ####
[     250,     300 ) 20555095  10.278%  71.889% ##
[     300,     350 ) 10770407   5.385%  77.274% #
[     350,     400 ) 7197429   3.599%  80.873% #
[     400,     450 ) 5433647   2.717%  83.590% #
[     450,     500 ) 4328947   2.164%  85.754% 
[     500,     600 ) 6556151   3.278%  89.033% #
[     600,     700 ) 4365252   2.183%  91.215% 
[     700,     800 ) 2797495   1.399%  92.614% 
[     800,     900 ) 1926580   0.963%  93.577% 
[     900,    1000 ) 1348475   0.674%  94.251% 
[    1000,    1200 ) 1772973   0.886%  95.138% 
[    1200,    1400 ) 1207800   0.604%  95.742% 
[    1400,    1600 )  938750   0.469%  96.211% 
[    1600,    1800 )  765907   0.383%  96.594% 
[    1800,    2000 )  675033   0.338%  96.932% 
[    2000,    2500 ) 1373733   0.687%  97.619% 
[    2500,    3000 ) 1068653   0.534%  98.153% 
[    3000,    3500 )  825084   0.413%  98.565% 
[    3500,    4000 )  592309   0.296%  98.862% 
[    4000,    4500 )  408882   0.204%  99.066% 
[    4500,    5000 )  264989   0.132%  99.199% 
[    5000,    6000 )  300199   0.150%  99.349% 
[    6000,    7000 )  204453   0.102%  99.451% 
[    7000,    8000 )  166733   0.083%  99.534% 
[    8000,    9000 )  145381   0.073%  99.607% 
[    9000,   10000 )  126054   0.063%  99.670% 
[   10000,   12000 )  173225   0.087%  99.757% 
[   12000,   14000 )   96293   0.048%  99.805% 
[   14000,   16000 )   59528   0.030%  99.834% 
[   16000,   18000 )   43963   0.022%  99.856% 
[   18000,   20000 )   33632   0.017%  99.873% 
[   20000,   25000 )   62097   0.031%  99.904% 
[   25000,   30000 )   73172   0.037%  99.941% 
[   30000,   35000 )   37101   0.019%  99.959% 
[   35000,   40000 )   21940   0.011%  99.970% 
[   40000,   45000 )   15136   0.008%  99.978% 
[   45000,   50000 )   11956   0.006%  99.984% 
[   50000,   60000 )   14764   0.007%  99.991% 
[   60000,   70000 )    7637   0.004%  99.995% 
[   70000,   80000 )    3663   0.002%  99.997% 
[   80000,   90000 )    2347   0.001%  99.998% 
[   90000,  100000 )    1468   0.001%  99.999% 
[  100000,  120000 )    1014   0.001%  99.999% 
[  120000,  140000 )     413   0.000% 100.000% 
[  140000,  160000 )     125   0.000% 100.000% 
[  160000,  180000 )      40   0.000% 100.000% 
[  180000,  200000 )      42   0.000% 100.000% 
[  200000,  250000 )     119   0.000% 100.000% 
[  300000,  350000 )       8   0.000% 100.000% 
[  350000,  400000 )      51   0.000% 100.000% 
[  400000,  450000 )      41   0.000% 100.000% 
[  500000,  600000 )      96   0.000% 100.000% 
[  700000,  800000 )      37   0.000% 100.000% 
[  800000,  900000 )      46   0.000% 100.000% 
[ 1200000, 1400000 )     140   0.000% 100.000% 
[ 1400000, 1600000 )       4   0.000% 100.000% 
[ 1800000, 2000000 )      19   0.000% 100.000% 
[ 2000000, 2500000 )      18   0.000% 100.000% 
[ 2500000, 3000000 )      18   0.000% 100.000% 


