11.6
557
985
1206
1333
1420
1485
1532
1570
1601
1629
1655
1677
1690
1703
1715
1724
1733
1740
1720
1731
1741
1750
1756
1760
1765
1771
1774
1778
1784
1790
1796
1801
1804
1807
1809
1811
1813
1817
1820
1824
1813
1817
1821
1825
1827
1828
1831
1834
1836
1839
1842
1844
1847
1849
1850
1852
1854
1856
1858
1860
1862
1854
1856
1858
1860
1862
1863
1864
1866
1867
1869
1870
1872
1873
1875
1876
1878
1878
1880
1881
1883
1884
1884
1878
1879
1881
1882
1882
1884
1885
1886
1887
1887
1889
1890
1890
1891
1893
1893
1894
1894
1896
1896
1897
1891
1893
1894
1894
1894
1896
1896
1897
1897
1898
1899
1900
1900
1901
1902
1902
1903
1903
1903
1905
1905
1901
1901
1902
1902
1902
1904
1904
1904
1905
1905
1906
1907
1907
1907
1908
1908
1909
1910
1910
1911
1911
1907
1907
1908
1908
1909
1910
1910
1910
1910
1911
1911
1911
1913
1913
1913
1914
1914
1914
1915
1915
1915
1915
1913
1913
1913
1913
1914
1914
1914
1914
1915
1915
1916
1916
1916
1916
1917
1918
1918
1918
1918
1919
1919
1916
1917
1917
1917
1917
1917
1918
1918
1918
1919
1919
1920
1920
1920
1920
1920
1921
1921
1921
1921
1922
1922
1919
1919
1919
1920
1921
1921
1921
1921
1921
1922
1922
1922
1922
1922
1922
1923
1924
1924
1924
1924
1924
1922
1922
1922
1922
1923
1923
1923
1923
1923
1923
1923
1924
1925
1925
1925
1925
1925
1925
1925
1926
1926
1924
1924
1924
1924
1924
1924
1924
1925
1925
1925
1925
1925
1927
1927
1928
1928
1928
1929
1929
1929
1929
1929
1927
1927
1927
1927
1927
1927
1928
1929
1929
1929
1930
1931
1931
1932
1932
1932
1932
1932
1932
1932
1932
1930
1931
1931
1931
1931
1931
1931
1932
1933
1933
1934
1934
1935
1935
1935
1935
1935
1935
1935
1935
1936
1936
1934
1934
1934
1935
1936
1936
1937
1937
1937
1937
1938
1938
1938
1938
1939
1939
1939
1939
1939
1940
1940
1939
1939
1940
1940
1940
1940
1940
1940
1941
1941
1941
1941
1941
1941
1941
1941
1941
1942
1943
1944
1944
1943
1943
1943
1943
1943
1943
1943
1943
1943
1943
1943
1943
1943
1944
1944
1945
1945
1946
1946
1946
1946
1945
1945
1945
1945
1945
1945
1945
1945
1945
1945
1945
1946
1946
1947
1947
1948
1948
1948
1948
1948
1948
1948
1947
1947
1947
1947
1947
1947
1947
1948
1948
1948
1949
1950
1950
1950
1950
1950
1950
1950
1950
1950
1950
1949
1949
1949
1949
1950
1950
1950
1951
1951
1952
1952
1952
1952
1952
1952
1952
1952
1952
1952
1952
1952
1952
1951
1951
1952
1952
1953
1953
1954
1954
1954
1954
1954
1954
1954
1954
1954
1954
1954
1954
1955
1955
1955
1954
1954
1955
1955
1955
1955
1955
1956
1956
1956
1956
1956
1956
1956
1956
1957
1957
1957
1958
1958
1958
1958
1956
1956
1956
1956
1956
1956
1956
1956
1957
1957
1958
1958
1958
1959
1959
1959
1959
1960
1960
1960
1960
1958
1958
1958
1958
1958
1958
1958
1959
1959
1959
1960
1960
1960
1960
1960
1960
1960
1960
1961
1961
1961
1960
1960
1960
1960
1960
1961
1961
1961
1962
1962
1962
1962
1962
1962
1962
1962
1962
1962
1962
1962
1962
1964
1962
1962
1963
1963
1963
1964
1964
1964
1964
1964
1964
1964
1964
1964
1964
1964
1964
1964
1965
1965
1965
1965
1965
1965
1965
1965
1965
1965
1965
1965
1965
1965
1965
1965
1965
1965
1966
1966
1966
1966
1967
1967
1967
1967
1967
1966
1966
1966
1966
1966
1966
1966
1967
1967
1967
1967
1968
1968
1968
1968
1969
1969
1969
1968
1968
1968
1968
1968
1968
1968
1968
1969
1969
1969
1969
1969
1970
1970
1970
1970
1970
1970
1970
1970
1970
1969
1969
1970
1970
1970
1970
1970
1971
1971
1971
1971
1971
1971
1971
1971
1971
1971
1971
1971
1971
1971
1971
1971
1971
1972
1972
1972
1972
1972
1973
1973
1973
1973
1973
1972
1972
1972
1972
1973
1973
1973
1973
1973
1973
1973
1973
1974
1974
1974
1974
1974
1974
1974
1974
1974
1974
1974
1974
1974
1974
1974
1975
1975
1975
1975
1975
1974
1974
1975
1975
1975
1975
1975
1975
1975
1975
1975
1976
1976
1976
1976
1976
1977
1977
1977
1976
1976
1977
1977
1977
1977
1977
1977
1977
1977
1977
1977
1977
1978
1978
1978
1978
1978
1979
1979
1979
1977
1977
1977
1977
1977
1978
1977
1978
1978
1978
1979
1979
1979
1979
1979
1980
1980
1980
1980
1980
1980
1979
1978
1978
1978
1978
1978
1978
1979
1979
1979
1979
1979
1980
1980
1980
1980
1981
1981
1981
1981
1981
1980
1979
1979
1980
1980
1980
1980
1980
1980
1981
1981
1981
1981
1981
1981
1981
1981
1982
1982
1982
1982
1981
1980
1981
1981
1981
1981
1981
1981
1982
1982
1982
1982
1982
1982
1982
1982
1982
1982
1983
1983
1983
1983
1982
1982
1982
1982
1983
1983
1983
1983
1983
1983
1983
1983
1983
1983
1983
1983
1983
1983
1983
1983
1985
1983
1984
1984
1984
1984
1984
1984
1984
1984
1984
1984
1984
1984
1984
1984
1984
1984
1985
1985
1985
1985
1985
1985
1985
1985
1985
1985
1985
1985
1985
1985
1985
1985
1985
1985
1985
1986
1986
1986
1986
1986
1986
1987
1986
1986
1986
1986
1986
1986
1986
1986
1986
1986
1986
1986
1987
1987
1987
1987
1987
1987
1988
1988
1988
1988
1988
1988
1988
1988
1988
1988
1987
1987
1988
1988
1988
1988
1988
1988
1989
1989
1989
1989
1989
1989
1988
1988
1988
1988
1988
1988
1988
1989
1989
1989
1989
1989
1989
1989
1990
1990
1990
1990
1990
1990
1990
1989
1989
1989
1989
1989
1989
1990
1990
1990
1990
1990
1990
1990
1991
1991
1991
1991
1991
1991
1991
1991
1991
1991
1991
1992
1992
1992
1992
1992
1992
1992
1993
1993
1993
1993
1993
1993
1993
1993
1993
1993
1994
1994
1992
1993
1993
1993
1993
1993
1993
1993
1993
1993
1994
1995
1994
1994
1995
1994
1995
1995
1995
1995
1995
1994
1994
1994
1995
1995
1995
1995
1995
1995
1995
1995
1995
1995
1995
1995
1996
1996
1996
1996
1996
1996
1996
1996
1996
1996
1996
1996
1996
1997
1997
1997
1997
1997
1997
1997
1997
1998
1998
1998
1998
1998
1998
1998
1998
1998
1998
1998
1998
1998
1998
1999
1999
1999
1999
1999
1999
1999
1999
1999
2000
2000
2000
2000
2000
2000
2000
2000
2000
2000
2000
2001
2001
2001
2001
2001
2001
2001
2001
2001
2002
2002
2002
2002
2002
2002
2002
2002
2002
2002
2002
2002
2003
2003
2003
2003
2003
2003
2003
2003
2003
2004
2004
2004
2004
2004
2004
2004
2004
2004
2004
2004
2004
2004
2005
2005
2005
2005
2005
2005
2005
2005
2005
2005
2005
2005
2006
2006
2006
2006
2005
2005
2005
2005
2005
2005
2005
2005
2006
2006
2006
2006
2006
2006
2006
2006
2006
2007
2007
2007
2007
2007
2007
2007
2007
2007
2007
2007
2007
2007
2008
2008
2008
2008
2008
2008
2008
2008
2008
2008
2009
2009
2008
2009
2009
2009
2009
2009
2009
2009
2009
2009
2009
2009
2010
2010
2010
2010
2010
2010
2010
2010
2010
2010
2010
2010
2010
2011
2011
2011
2011
2011
2011
2011
2011
2011
2011
2011
2012
2012
2012
2012
2012
2012
2012
2012
2012
2012
2012
2012
2012
2012
2013
2013
2013
2013
2013
2013
2013
2013
2013
2013
2013
2014
2014
2014
2013
2013
2014
2014
2014
2014
2014
2014
2014
2014
2014
2014
2014
2014
2014
2014
2014
2015
2015
2015
2015
2014
2013
2013
2013
2014
2014
2014
2014
2014
2014
2014
2014
2014
2014
2014
2014
2015
2015
2015
2015
2015
2015
2014
2014
2014
2014
2014
2014
2014
2014
2014
2014
2014
2014
2015
2015
2015
2015
2015
2015
2015
2015
2016
2015
2015
2015
2015
2015
2015
2015
2015
2015
2015
2016
2016
2016
2016
2016
2016
2016
2016
2016
2016
2016
2016
2016
2016
2016
2016
2017
2017
2017
2017
2017
2017
2017
2017
2017
2017
2017
2017
2018
2018
2018
2018
2018
2018
2018
2018
2018
2018
2018
2018
2018
2018
2018
2018
2019
2019
2019
2019
2019
2019
2019
2019
2019
2019
2019
2019
2019
2019
2019
2019
2019
2020
2020
2020
2020
2020
2020
2020
2020
2020
2020
2020
2020
2020
2020
2019
2019
2019
2019
2019
2019
2019
2019
2020
2020
2020
2020
2020
2020
2020
2020
2020
2020
2020
2020
2020
2020
2020
2020
2020
2020
2020
2020
2020
2020
2020
2020
2021
2021
2021
2021
2021
2021
2021
2021
2021
2021
2021
2021
2021
2021
2021
2021
2021
2022
2022
2022
2022
2022
2022
2022
2022
2022
2022
2022
2022
2022
2022
2022
2021
2022
2022
2022
2022
2022
2022
2022
2022
2022
2022
2022
2022
2022
2022
2022
2022
2023
2023
2022
2022
2021
2022
2022
2022
2021
2023
2022
2022
2023
2023
2023
2023
2023
2023
2023
2023
2023
2023
2023
2023
2023
2022
2022
2022
2022
2022
2022
2022
2022
2022
2022
2023
2023
2023
2024
2024
2024
2024
2024
2024
2024
2024
2024
2023
2023
2023
2023
2023
2023
2023
2023
2023
2023
2024
2024
2024
2024
2024
2024
2024
2024
2024
2024
2024
2024
2024
2024
2024
2024
2024
2024
2024
2025
2025
2025
2025
2025
2025
2025
2025
2025
2025
2025
2025
2025
2025
2025
2024
2024
2024
2025
2025
2025
2025
2025
2025
2025
2025
2025
2025
2025
2025
2025
2025
2025
2025
2025
2025
2025
2025
2025
2025
2025
2025
2025
2025
2025
2025
2025
2025
2025
2025
2025
2025
2025
2026
2026
2026
2025
2025
2026
2026
2026
2026
2026
2026
2026
2026
2026
2026
2026
2026
2026
2026
2026
2026
2026
2027
2027
2026
2026
2027
2027
2027
2027
2027
2027
2027
2027
2027
2027
2027
2027
2027
2027
2027
2027
2027
2028
2028
2028
2027
2028
2028
2028
2028
2028
2028
2028
2028
2028
2028
2028
2028
2028
2028
2028
2028
2028
2028
2028
2028
2028
2028
2028
2028
2028
2028
2028
2028
2028
2028
2028
2028
2028
2028
2028
2028
2028
2028
2028
2028
2028
2028
2028
2028
2028
2028
2028
2028
2028
2028
2028
2028
2028
2028
2028
2029
2029
2029
2029
2029
2029
2029
2029
2029
2029
2029
2029
2029
2029
2029
2029
2029
2029
2029
2029
2029
2029
2029
2029
2029
2029
2029
2030
2030
2029
2029
2029
2029
2029
2029
2029
2029
2029
2029
2030
2030
2030
2030
2030
2030
2030
2030
2030
2030
2030
2030
2030
2030
2030
2030
2030
2030
2030
2030
2030
2030
2030
2030
2030
2030
2030
2030
2030
2030
2030
2030
2030
2030
2030
2030
2030
2030
2030
2030
2030
2030
2030
2031
2031
2031
2031
2031
2031
2031
2031
2031
2031
2031
2031
2031
2031
2031
2031
2031
2031
2031
2031
2031
2031
2031
2031
2032
2032
2032
2032
2032
2032
2032
2032
2032
2031
2031
2031
2031
2031
2031
2031
2031
2031
2031
2031
2031
2031
2032
2032
2032
2033
2033
2033
2033
2032
2032
2031
2031
2031
2031
2031
2031
2031
2031
2031
2031
2031
2031
2031
2031
2031
2031
2031
2031
2031
2032
2032
2031
2031
2031
2031
2031
2031
2031
2031
2032
2032
2032
2032
2032
2032
2032
2032
2032
2032
2032
2032
2032
2032
2032
2032
2032
2032
2032
2032
2032
2032
2032
2032
2032
2032
2032
2032
2032
2032
2032
2033
2033
2033
2032
2033
2033
2033
2033
2033
2033
2033
2033
2033
2033
2033
2033
2033
2033
2033
2033
2033
2033
2033
2033
2033
2033
2033
2033
2033
2033
2033
2034
2034
2034
2034
2034
2034
2034
2034
2034
2034
2034
2034
2034
2034
2034
2034
2034
2034
2034
2034
2034
2034
2034
2034
2034
2034
2035
2035
2035
2035
2035
2035
2035
2035
2035
2035
2035
2035
2035
2035
2035
2035
2035
2035
2035
2035
2035
2035
2035
2035
2035
2035
2035
2035
2035
2035
2035
2035
2035
2035
2035
2035
2035
2035
2035
2035
2035
2035
2035
2035
2035
2035
2035
2035
2035
2035
2035
2035
2035
2035
2035
2035
2035
2035
2035
2035
2035
2035
2036
2036
2036
2036
2036
2036
2036
2036
2036
2036
2036
2036
2036
2035
2035
2034
2034
