fieldlength: 4072
recordcount: 6553600
oks: 100000
oks: 100000
oks: 100000
oks: 100000
oks: 200000
oks: 200000
oks: 200000
oks: 200000
oks: 300000
oks: 300000
oks: 300000
oks: 300000
oks: 400000
oks: 400000
oks: 400000
oks: 400000
oks: 500000
oks: 500000
oks: 500000
oks: 500000
oks: 600000
oks: 600000
oks: 600000
oks: 600000
oks: 700000
oks: 700000
oks: 700000
oks: 700000
oks: 800000
oks: 800000
oks: 800000
oks: 800000
oks: 900000
oks: 900000
oks: 900000
oks: 900000
oks: 1000000
oks: 1000000
oks: 1000000
oks: 1000000
oks: 1100000
oks: 1100000
oks: 1100000
oks: 1100000
oks: 1200000
oks: 1200000
oks: 1200000
oks: 1200000
oks: 1300000
oks: 1300000
oks: 1300000
oks: 1300000
oks: 1400000
oks: 1400000
oks: 1400000
oks: 1400000
oks: 1500000
oks: 1500000
oks: 1500000
oks: 1500000
oks: 1600000
oks: 1600000
oks: 1600000
oks: 1600000

rocksdb	workloads/motivation.spec	4
# Load duration (sec): 480.952
# Loading records:	6553600
# Load throughput (KOPS): 13.6263
Count: 6553600  Average: 293.0418  StdDev: 47.98
Percentiles(us): P50: 286.50 P90: 351.34 P99: 447.59 P99.9: 541.36 P99.99: 631.68
------------------------------------------------------
[     140,     160 )     872   0.013%   0.013% 
[     160,     180 )     930   0.014%   0.027% 
[     180,     200 )   24511   0.374%   0.402% 
[     200,     250 )  915087  13.963%  14.365% ###
[     250,     300 ) 3199593  48.822%  63.187% ##########
[     300,     350 ) 1745032  26.627%  89.814% #####
[     350,     400 )  454997   6.943%  96.756% #
[     400,     450 )  154501   2.357%  99.114% 
[     450,     500 )   47481   0.725%  99.838% 
[     500,     600 )    9774   0.149%  99.987% 
[     600,     700 )     526   0.008%  99.995% 
[     700,     800 )      57   0.001%  99.996% 
[     800,     900 )      17   0.000%  99.997% 
[     900,    1000 )      15   0.000%  99.997% 
[    1000,    1200 )      27   0.000%  99.997% 
[    1200,    1400 )      48   0.001%  99.998% 
[    1400,    1600 )      40   0.001%  99.999% 
[    1600,    1800 )      15   0.000%  99.999% 
[    1800,    2000 )      13   0.000%  99.999% 
[    2000,    2500 )       9   0.000%  99.999% 
[    2500,    3000 )      22   0.000%  99.999% 
[    3000,    3500 )      20   0.000% 100.000% 
[    3500,    4000 )       7   0.000% 100.000% 
[    4000,    4500 )       4   0.000% 100.000% 
[    4500,    5000 )       2   0.000% 100.000% 

Waiting 30s before performing transactions......

Avg CPU utilization (percent): 128.91

Starting performing transactions......

# Run duration (ms): 0.0747566
# Run operations:	1000
# Run throughput (KOPS): 13.3767
Count: 1000  Average: 297.1123  StdDev: 70.88
Percentiles(us): P50: 285.06 P90: 371.76 P99: 448.84 P99.9: 1133.33 P99.99: 1135.40
------------------------------------------------------
[     200,     250 )     176  17.600%  17.600% ####
[     250,     300 )     462  46.200%  63.800% #########
[     300,     350 )     225  22.500%  86.300% #####
[     350,     400 )      85   8.500%  94.800% ##
[     400,     450 )      43   4.300%  99.100% #
[     450,     500 )       2   0.200%  99.300% 
[     500,     600 )       1   0.100%  99.400% 
[     600,     700 )       2   0.200%  99.600% 
[     800,     900 )       1   0.100%  99.700% 
[    1000,    1200 )       3   0.300% 100.000% 

