fieldlength: 4072
recordcount: 6553600
oks: 100000
oks: 100000
oks: 100000
oks: 100000
oks: 100000
oks: 100000
oks: 100000
oks: 100000
oks: 100000
oks: 100000
oks: 100000
oks: 100000
oks: 100000
oks: 100000
oks: 100000
oks: 100000
oks: 200000
oks: 200000
oks: 200000
oks: 200000
oks: 200000
oks: 200000
oks: 200000
oks: 200000
oks: 200000
oks: 200000
oks: 200000
oks: 200000
oks: 200000
oks: 200000
oks: 200000
oks: 200000
oks: 300000
oks: 300000
oks: 300000
oks: 300000
oks: 300000
oks: 300000
oks: 300000
oks: 300000
oks: 300000
oks: 300000
oks: 300000
oks: 300000
oks: 300000
oks: 300000
oks: 300000
oks: 300000
oks: 400000
oks: 400000
oks: 400000
oks: 400000
oks: 400000
oks: 400000
oks: 400000
oks: 400000
oks: 400000
oks: 400000
oks: 400000
oks: 400000
oks: 400000
oks: 400000
oks: 400000
oks: 400000

rocksdb	workloads/motivation.spec	16
# Load duration (sec): 355.173
# Loading records:	6553600
# Load throughput (KOPS): 18.4519
Count: 6553600  Average: 864.0219  StdDev: 184.99
Percentiles(us): P50: 880.02 P90: 1136.54 P99: 1260.66 P99.9: 1514.90 P99.99: 3198.33
------------------------------------------------------
[     140,     160 )     320   0.005%   0.005% 
[     160,     180 )      22   0.000%   0.005% 
[     180,     200 )     333   0.005%   0.010% 
[     200,     250 )    4394   0.067%   0.077% 
[     250,     300 )    1973   0.030%   0.107% 
[     300,     350 )    3857   0.059%   0.166% 
[     350,     400 )    4226   0.064%   0.231% 
[     400,     450 )    9641   0.147%   0.378% 
[     450,     500 )   25309   0.386%   0.764% 
[     500,     600 )  265259   4.048%   4.812% #
[     600,     700 ) 1321481  20.164%  24.976% ####
[     700,     800 ) 1066412  16.272%  41.248% ###
[     800,     900 )  716786  10.937%  52.185% ##
[     900,    1000 ) 1260732  19.237%  71.423% ####
[    1000,    1200 ) 1783385  27.212%  98.635% #####
[    1200,    1400 )   78916   1.204%  99.839% 
[    1400,    1600 )    6963   0.106%  99.945% 
[    1600,    1800 )     897   0.014%  99.959% 
[    1800,    2000 )     466   0.007%  99.966% 
[    2000,    2500 )     866   0.013%  99.979% 
[    2500,    3000 )     569   0.009%  99.988% 
[    3000,    3500 )     347   0.005%  99.993% 
[    3500,    4000 )     186   0.003%  99.996% 
[    4000,    4500 )     148   0.002%  99.998% 
[    4500,    5000 )      45   0.001%  99.999% 
[    5000,    6000 )      34   0.001%  99.999% 
[    6000,    7000 )      17   0.000% 100.000% 
[    7000,    8000 )       6   0.000% 100.000% 
[    8000,    9000 )       9   0.000% 100.000% 
[   12000,   14000 )       1   0.000% 100.000% 

Waiting 30s before performing transactions......

Avg CPU utilization (percent): 198.37

Starting performing transactions......

# Run duration (ms): 0.0555261
# Run operations:	992
# Run throughput (KOPS): 18.0096
Count: 992  Average: 878.7097  StdDev: 179.77
Percentiles(us): P50: 934.26 P90: 1138.79 P99: 1198.71 P99.9: 1501.40 P99.99: 1501.40
------------------------------------------------------
[     250,     300 )       2   0.202%   0.202% 
[     300,     350 )       1   0.101%   0.302% 
[     350,     400 )       1   0.101%   0.403% 
[     450,     500 )       6   0.605%   1.008% 
[     500,     600 )      25   2.520%   3.528% #
[     600,     700 )     231  23.286%  26.815% #####
[     700,     800 )      94   9.476%  36.290% ##
[     800,     900 )      37   3.730%  40.020% #
[     900,    1000 )     289  29.133%  69.153% ######
[    1000,    1200 )     298  30.040%  99.194% ######
[    1200,    1400 )       4   0.403%  99.597% 
[    1400,    1600 )       4   0.403% 100.000% 

