fieldlength: 8168
recordcount: 3276800
oks: 100000
oks: 200000
oks: 300000
oks: 400000
oks: 500000
oks: 600000
oks: 700000
oks: 800000
oks: 900000
oks: 1000000
oks: 1100000
oks: 1200000
oks: 1300000
oks: 1400000
oks: 1500000
oks: 1600000
oks: 1700000
oks: 1800000
oks: 1900000
oks: 2000000
oks: 2100000
oks: 2200000
oks: 2300000
oks: 2400000
oks: 2500000
oks: 2600000
oks: 2700000
oks: 2800000
oks: 2900000
oks: 3000000
oks: 3100000
oks: 3200000

rocksdb	workloads/motivation.spec	1
# Load duration (sec): 569.204
# Loading records:	3276800
# Load throughput (KOPS): 5.75681
Count: 3276800  Average: 173.4095  StdDev: 12.23
Percentiles(us): P50: 171.78 P90: 186.80 P99: 198.83 P99.9: 211.36 P99.99: 289.05
------------------------------------------------------
[     160,     180 ) 2782470  84.914%  84.914% #################
[     180,     200 )  490216  14.960%  99.874% ###
[     200,     250 )    3684   0.112%  99.987% 
[     250,     300 )     131   0.004%  99.991% 
[     300,     350 )     133   0.004%  99.995% 
[     350,     400 )      64   0.002%  99.997% 
[     400,     450 )      18   0.001%  99.997% 
[     450,     500 )      10   0.000%  99.998% 
[     500,     600 )      12   0.000%  99.998% 
[     600,     700 )      11   0.000%  99.998% 
[     700,     800 )       3   0.000%  99.999% 
[     800,     900 )       5   0.000%  99.999% 
[    1000,    1200 )       3   0.000%  99.999% 
[    1200,    1400 )       3   0.000%  99.999% 
[    1400,    1600 )       3   0.000%  99.999% 
[    1600,    1800 )       2   0.000%  99.999% 
[    1800,    2000 )       1   0.000%  99.999% 
[    2000,    2500 )       7   0.000%  99.999% 
[    2500,    3000 )      10   0.000% 100.000% 
[    3000,    3500 )       6   0.000% 100.000% 
[    3500,    4000 )       6   0.000% 100.000% 
[    5000,    6000 )       1   0.000% 100.000% 
[    7000,    8000 )       1   0.000% 100.000% 

Waiting 30s before performing transactions......

Avg CPU utilization (percent): 39.58

Starting performing transactions......

# Run duration (ms): 0.171231
# Run operations:	1000
# Run throughput (KOPS): 5.84006
Count: 1000  Average: 170.8828  StdDev: 9.05
Percentiles(us): P50: 170.12 P90: 178.22 P99: 184.44 P99.9: 363.14 P99.99: 363.14
------------------------------------------------------
[     160,     180 )     988  98.800%  98.800% ####################
[     180,     200 )       9   0.900%  99.700% 
[     200,     250 )       1   0.100%  99.800% 
[     350,     400 )       2   0.200% 100.000% 


Avg CPU utilization (percent): -nan

