13.3
100.4
141.9
168.7
166
177.2
189.8
194
205.5
211.7
218.2
223.9
228.4
233.5
237.1
240.9
244.6
247.1
249
250.4
252.7
253.8
255
257.4
258.6
259.5
260.7
261.6
261.5
262.7
262.9
264.2
265.5
267.5
268.7
268.7
269.7
270.7
272.9
273.9
274
274.1
275.2
277.2
278.4
278.8
278.9
279
280.1
281.1
282.1
282.4
282.3
282.5
284.5
284.6
284.7
284.6
284
284
285.1
285.2
285.2
285.2
286.3
287.3
287.2
287
287.1
287.1
287.1
289.1
290.2
290.3
290.3
290.3
291.3
292.5
293.5
293.6
293.6
293.7
294.8
295.8
297
297
297
298.2
299.2
300.1
300.7
300.9
302.3
302.5
303.5
303.4
304.5
305.3
305.4
305.8
306
