
Node Configure: 
    Node ID: 1
    Node IP: 10.10.1.3
    Listen IP: 0.0.0.0
    Ports: 50051,50052,50053,50054,50055,50056,50057,50058,50059,50060,50061,50062,50063,50064,50065,50066
    KVDB num (at start): 1
    Server thread num (of each KVDB): 8
    CPU cores num: 20
    KVDB base path: /tmp/nofdb

[INFO] CPU monitor is enabled
[INFO] Stats recorder is enabled

get addr_0, ip_10.10.1.4
get addr_1, ip_10.10.1.2
recover: before head 608174080 before tail 608174080
recover: after_head 608174080 after_tail 608174080
recover: before head 608176128
recover: after_head 608176128
recover: before head 608372736
recover: after_head 608372736
recover: before head 608569344
recover: after_head 608569344
[INFO] NoFDB opened successfully
[INFO] NoFDBKVS No.0 initialized, belongs to node_id: 1
[INFO] Tagged worker 0 is bound to core 4
[INFO] Tagged worker 2 is bound to core 6
[INFO] Tagged worker 1 is bound to core 5
[INFO] Tagged worker 3 is bound to core 7
[INFO] Tagged worker 4 is bound to core 8
[INFO] Tagged worker 5 is bound to core 9
[INFO] Tagged worker 6 is bound to core 10
[INFO] Tagged worker 7 is bound to core 11
[INFO] Tagged worker 8 is bound to core 12
[INFO] NoFDBKVS No.0 -- Server No.7 is listening on 0.0.0.0:50058
[INFO] NoFDBKVS No.0 -- Server No.2 is listening on 0.0.0.0:50053
[INFO] NoFDBKVS No.0 -- Server No.1 is listening on 0.0.0.0:50052
[INFO] NoFDBKVS No.0 -- Server No.4 is listening on 0.0.0.0:50055
[INFO] NoFDBKVS No.0 -- Server No.3 is listening on 0.0.0.0:50054
[INFO] NoFDBKVS No.0 -- Server No.5 is listening on 0.0.0.0:50056
[INFO] NoFDBKVS No.0 -- Server No.0 is listening on 0.0.0.0:50051
[INFO] NoFDBKVS No.0 -- Server No.6 is listening on 0.0.0.0:50057
[INFO] Node No.1 Configure Table is generated
[INFO] Maintainer is listening on 0.0.0.0:50050

nvme io failed with sct 0 sc 15
send to node 1 failed with status: nof op internal err
nvme io failed with sct 0 sc 15
send to node 0 failed with status: nof op internal err
nvme io failed with sct 0 sc 15
send to node 2 failed with status: nof op internal err
Maintainer received PAUSE signal

===== Load Statistics: 
Total requests: 66661735
Total bytes: 68261616640
Avg DB latency (us): 128.34, P90 (us): 183.28, P99 (us): 467.05, P99.9 (us): 2798.65
Avg process latency (us): 128.37, P90 (us): 183.31, P99 (us): 467.08, P99.9 (us): 2798.68
Avg CPU utilization (percent): 404.17
Eplased time (sec): 2071.55
Throughput (MB/s): 31.43
QPS (k): 32.18
KV Cache miss: 0

===== Stage End =====

Maintainer received STOP signal
[INFO] CPU Monitor is shutting down......

===== Transaction Statistics: 
Total requests: 63927390
Total bytes: 65461647360
Avg DB latency (us): 114.26, P90 (us): 178.20, P99 (us): 226.57, P99.9 (us): 944.41
Avg process latency (us): 114.29, P90 (us): 178.23, P99 (us): 226.60, P99.9 (us): 944.50
Avg CPU utilization (percent): 342.41
Eplased time (sec): 2714.02
Throughput (MB/s): 23.00
QPS (k): 23.55
KV Cache miss: 0

===== Stage End =====

[INFO] Stats recorder is shutting down......
[INFO] NoFDBKVS No.0 -- Server No.1 is shutting down......
[INFO] NoFDBKVS No.0 -- Server No.3 is shutting down......
[INFO] NoFDBKVS No.0 -- Server No.5 is shutting down......
[INFO] NoFDBKVS No.0 -- Server No.2 is shutting down......
[INFO] NoFDBKVS No.0 -- Server No.4 is shutting down......
[INFO] NoFDBKVS No.0 -- Server No.7 is shutting down......
[INFO] NoFDBKVS No.0 -- Server No.6 is shutting down......
[INFO] NoFDBKVS No.0 -- Server No.0 is shutting down......
[INFO] NoFDBKVS No.0 is shutting down......
failed polling poll group with rc -6
qpair 35184375558208 disconnected when polling group
qpair failure reason 2
found 1 qpairs failed, will detach
connection for node 0 set failed, will remove from poll group and disconnect