[OVERALL], RunTime(ms), 41751
[OVERALL], Throughput(ops/sec), 23951.522119230678
[TOTAL_GCS_PS_Scavenge], Count, 2
[TOTAL_GC_TIME_PS_Scavenge], Time(ms), 95
[TOTAL_GC_TIME_%_PS_Scavenge], Time(%), 0.22753946013269144
[TOTAL_GCS_PS_MarkSweep], Count, 0
[TOTAL_GC_TIME_PS_MarkSweep], Time(ms), 0
[TOTAL_GC_TIME_%_PS_MarkSweep], Time(%), 0.0
[TOTAL_GCs], Count, 2
[TOTAL_GC_TIME], Time(ms), 95
[TOTAL_GC_TIME_%], Time(%), 0.22753946013269144
[CLEANUP], Operations, 32
[CLEANUP], AverageLatency(us), 69985.9375
[CLEANUP], MinLatency(us), 1
[CLEANUP], MaxLatency(us), 2240511
[CLEANUP], 95thPercentileLatency(us), 23
[CLEANUP], 99thPercentileLatency(us), 2240511
[INSERT], Operations, 1000000
[INSERT], AverageLatency(us), 750.900882
[INSERT], MinLatency(us), 113
[INSERT], MaxLatency(us), 204927
[INSERT], 95thPercentileLatency(us), 1429
[INSERT], 99thPercentileLatency(us), 1854
[INSERT], Return=OK, 1000000
