[OVERALL], RunTime(ms), 30734
[OVERALL], Throughput(ops/sec), 32537.25515715494
[TOTAL_GCS_PS_Scavenge], Count, 2
[TOTAL_GC_TIME_PS_Scavenge], Time(ms), 168
[TOTAL_GC_TIME_%_PS_Scavenge], Time(%), 0.5466258866402031
[TOTAL_GCS_PS_MarkSweep], Count, 0
[TOTAL_GC_TIME_PS_MarkSweep], Time(ms), 0
[TOTAL_GC_TIME_%_PS_MarkSweep], Time(%), 0.0
[TOTAL_GCs], Count, 2
[TOTAL_GC_TIME], Time(ms), 168
[TOTAL_GC_TIME_%], Time(%), 0.5466258866402031
[READ], Operations, 210743
[READ], AverageLatency(us), 670.3645957398347
[READ], MinLatency(us), 88
[READ], MaxLatency(us), 91903
[READ], 95thPercentileLatency(us), 1398
[READ], 99thPercentileLatency(us), 1680
[READ], Return=OK, 210743
[CLEANUP], Operations, 32
[CLEANUP], AverageLatency(us), 74017.34375
[CLEANUP], MinLatency(us), 0
[CLEANUP], MaxLatency(us), 2369535
[CLEANUP], 95thPercentileLatency(us), 13
[CLEANUP], 99thPercentileLatency(us), 2369535
[INSERT], Operations, 789257
[INSERT], AverageLatency(us), 771.3717711721278
[INSERT], MinLatency(us), 114
[INSERT], MaxLatency(us), 92607
[INSERT], 95thPercentileLatency(us), 1451
[INSERT], 99thPercentileLatency(us), 1833
[INSERT], Return=OK, 789257
