[OVERALL], RunTime(ms), 25795
[OVERALL], Throughput(ops/sec), 38767.20294630742
[TOTAL_GCS_PS_Scavenge], Count, 1
[TOTAL_GC_TIME_PS_Scavenge], Time(ms), 44
[TOTAL_GC_TIME_%_PS_Scavenge], Time(%), 0.17057569296375266
[TOTAL_GCS_PS_MarkSweep], Count, 0
[TOTAL_GC_TIME_PS_MarkSweep], Time(ms), 0
[TOTAL_GC_TIME_%_PS_MarkSweep], Time(%), 0.0
[TOTAL_GCs], Count, 1
[TOTAL_GC_TIME], Time(ms), 44
[TOTAL_GC_TIME_%], Time(%), 0.17057569296375266
[READ], Operations, 57734
[READ], AverageLatency(us), 640.2073994526622
[READ], MinLatency(us), 96
[READ], MaxLatency(us), 95167
[READ], 95thPercentileLatency(us), 1373
[READ], 99thPercentileLatency(us), 1665
[READ], Return=OK, 57734
[CLEANUP], Operations, 32
[CLEANUP], AverageLatency(us), 70305.3125
[CLEANUP], MinLatency(us), 0
[CLEANUP], MaxLatency(us), 2250751
[CLEANUP], 95thPercentileLatency(us), 12
[CLEANUP], 99thPercentileLatency(us), 2250751
[INSERT], Operations, 942266
[INSERT], AverageLatency(us), 737.4960446413221
[INSERT], MinLatency(us), 113
[INSERT], MaxLatency(us), 98815
[INSERT], 95thPercentileLatency(us), 1381
[INSERT], 99thPercentileLatency(us), 1609
[INSERT], Return=OK, 942266
