[OVERALL], RunTime(ms), 25474
[OVERALL], Throughput(ops/sec), 39255.71170605323
[TOTAL_GCS_PS_Scavenge], Count, 1
[TOTAL_GC_TIME_PS_Scavenge], Time(ms), 36
[TOTAL_GC_TIME_%_PS_Scavenge], Time(%), 0.14132056214179164
[TOTAL_GCS_PS_MarkSweep], Count, 0
[TOTAL_GC_TIME_PS_MarkSweep], Time(ms), 0
[TOTAL_GC_TIME_%_PS_MarkSweep], Time(%), 0.0
[TOTAL_GCs], Count, 1
[TOTAL_GC_TIME], Time(ms), 36
[TOTAL_GC_TIME_%], Time(%), 0.14132056214179164
[CLEANUP], Operations, 32
[CLEANUP], AverageLatency(us), 69922.6875
[CLEANUP], MinLatency(us), 0
[CLEANUP], MaxLatency(us), 2238463
[CLEANUP], 95thPercentileLatency(us), 54
[CLEANUP], 99thPercentileLatency(us), 2238463
[INSERT], Operations, 1000000
[INSERT], AverageLatency(us), 720.867689
[INSERT], MinLatency(us), 109
[INSERT], MaxLatency(us), 180607
[INSERT], 95thPercentileLatency(us), 1351
[INSERT], 99thPercentileLatency(us), 1610
[INSERT], Return=OK, 1000000
