[OVERALL], RunTime(ms), 19669
[OVERALL], Throughput(ops/sec), 50841.425593573644
[TOTAL_GCS_PS_Scavenge], Count, 1
[TOTAL_GC_TIME_PS_Scavenge], Time(ms), 42
[TOTAL_GC_TIME_%_PS_Scavenge], Time(%), 0.2135339874930093
[TOTAL_GCS_PS_MarkSweep], Count, 0
[TOTAL_GC_TIME_PS_MarkSweep], Time(ms), 0
[TOTAL_GC_TIME_%_PS_MarkSweep], Time(%), 0.0
[TOTAL_GCs], Count, 1
[TOTAL_GC_TIME], Time(ms), 42
[TOTAL_GC_TIME_%], Time(%), 0.2135339874930093
[READ], Operations, 786208
[READ], AverageLatency(us), 489.82117709308477
[READ], MinLatency(us), 67
[READ], MaxLatency(us), 108223
[READ], 95thPercentileLatency(us), 1132
[READ], 99thPercentileLatency(us), 1448
[READ], Return=OK, 786208
[CLEANUP], Operations, 32
[CLEANUP], AverageLatency(us), 69857.25
[CLEANUP], MinLatency(us), 1
[CLEANUP], MaxLatency(us), 2236415
[CLEANUP], 95thPercentileLatency(us), 8
[CLEANUP], 99thPercentileLatency(us), 2236415
[INSERT], Operations, 213792
[INSERT], AverageLatency(us), 703.8796306690615
[INSERT], MinLatency(us), 118
[INSERT], MaxLatency(us), 93183
[INSERT], 95thPercentileLatency(us), 1246
[INSERT], 99thPercentileLatency(us), 1508
[INSERT], Return=OK, 213792
