[OVERALL], RunTime(ms), 25236
[OVERALL], Throughput(ops/sec), 39625.93120938342
[TOTAL_GCS_PS_Scavenge], Count, 1
[TOTAL_GC_TIME_PS_Scavenge], Time(ms), 54
[TOTAL_GC_TIME_%_PS_Scavenge], Time(%), 0.21398002853067047
[TOTAL_GCS_PS_MarkSweep], Count, 0
[TOTAL_GC_TIME_PS_MarkSweep], Time(ms), 0
[TOTAL_GC_TIME_%_PS_MarkSweep], Time(%), 0.0
[TOTAL_GCs], Count, 1
[TOTAL_GC_TIME], Time(ms), 54
[TOTAL_GC_TIME_%], Time(%), 0.21398002853067047
[CLEANUP], Operations, 32
[CLEANUP], AverageLatency(us), 69985.84375
[CLEANUP], MinLatency(us), 0
[CLEANUP], MaxLatency(us), 2240511
[CLEANUP], 95thPercentileLatency(us), 28
[CLEANUP], 99thPercentileLatency(us), 2240511
[INSERT], Operations, 1000000
[INSERT], AverageLatency(us), 714.069163
[INSERT], MinLatency(us), 113
[INSERT], MaxLatency(us), 150143
[INSERT], 95thPercentileLatency(us), 1367
[INSERT], 99thPercentileLatency(us), 1617
[INSERT], Return=OK, 1000000
