[OVERALL], RunTime(ms), 196744
[OVERALL], Throughput(ops/sec), 5082.747123165128
[TOTAL_GCS_PS_Scavenge], Count, 4
[TOTAL_GC_TIME_PS_Scavenge], Time(ms), 327
[TOTAL_GC_TIME_%_PS_Scavenge], Time(%), 0.1662058309274997
[TOTAL_GCS_PS_MarkSweep], Count, 0
[TOTAL_GC_TIME_PS_MarkSweep], Time(ms), 0
[TOTAL_GC_TIME_%_PS_MarkSweep], Time(%), 0.0
[TOTAL_GCs], Count, 4
[TOTAL_GC_TIME], Time(ms), 327
[TOTAL_GC_TIME_%], Time(%), 0.1662058309274997
[CLEANUP], Operations, 32
[CLEANUP], AverageLatency(us), 70882.78125
[CLEANUP], MinLatency(us), 1
[CLEANUP], MaxLatency(us), 2269183
[CLEANUP], 95thPercentileLatency(us), 26
[CLEANUP], 99thPercentileLatency(us), 2269183
[INSERT], Operations, 1000000
[INSERT], AverageLatency(us), 920.237173
[INSERT], MinLatency(us), 110
[INSERT], MaxLatency(us), 255103
[INSERT], 95thPercentileLatency(us), 2165
[INSERT], 99thPercentileLatency(us), 4967
[INSERT], Return=OK, 1000000
