[OVERALL], RunTime(ms), 25024
[OVERALL], Throughput(ops/sec), 39961.6368286445
[TOTAL_GCS_PS_Scavenge], Count, 1
[TOTAL_GC_TIME_PS_Scavenge], Time(ms), 46
[TOTAL_GC_TIME_%_PS_Scavenge], Time(%), 0.1838235294117647
[TOTAL_GCS_PS_MarkSweep], Count, 0
[TOTAL_GC_TIME_PS_MarkSweep], Time(ms), 0
[TOTAL_GC_TIME_%_PS_MarkSweep], Time(%), 0.0
[TOTAL_GCs], Count, 1
[TOTAL_GC_TIME], Time(ms), 46
[TOTAL_GC_TIME_%], Time(%), 0.1838235294117647
[CLEANUP], Operations, 32
[CLEANUP], AverageLatency(us), 70113.15625
[CLEANUP], MinLatency(us), 1
[CLEANUP], MaxLatency(us), 2244607
[CLEANUP], 95thPercentileLatency(us), 6
[CLEANUP], 99thPercentileLatency(us), 2244607
[INSERT], Operations, 1000000
[INSERT], AverageLatency(us), 705.487514
[INSERT], MinLatency(us), 113
[INSERT], MaxLatency(us), 176639
[INSERT], 95thPercentileLatency(us), 1327
[INSERT], 99thPercentileLatency(us), 1576
[INSERT], Return=OK, 1000000
