[OVERALL], RunTime(ms), 20983
[OVERALL], Throughput(ops/sec), 47657.62760329791
[TOTAL_GCS_PS_Scavenge], Count, 1
[TOTAL_GC_TIME_PS_Scavenge], Time(ms), 34
[TOTAL_GC_TIME_%_PS_Scavenge], Time(%), 0.1620359338512129
[TOTAL_GCS_PS_MarkSweep], Count, 0
[TOTAL_GC_TIME_PS_MarkSweep], Time(ms), 0
[TOTAL_GC_TIME_%_PS_MarkSweep], Time(%), 0.0
[TOTAL_GCs], Count, 1
[TOTAL_GC_TIME], Time(ms), 34
[TOTAL_GC_TIME_%], Time(%), 0.1620359338512129
[READ], Operations, 733365
[READ], AverageLatency(us), 519.7446592078978
[READ], MinLatency(us), 71
[READ], MaxLatency(us), 105599
[READ], 95thPercentileLatency(us), 1164
[READ], 99thPercentileLatency(us), 1449
[READ], Return=OK, 733365
[CLEANUP], Operations, 32
[CLEANUP], AverageLatency(us), 69921.78125
[CLEANUP], MinLatency(us), 0
[CLEANUP], MaxLatency(us), 2238463
[CLEANUP], 95thPercentileLatency(us), 29
[CLEANUP], 99thPercentileLatency(us), 2238463
[INSERT], Operations, 266635
[INSERT], AverageLatency(us), 730.5724454779005
[INSERT], MinLatency(us), 119
[INSERT], MaxLatency(us), 105599
[INSERT], 95thPercentileLatency(us), 1272
[INSERT], 99thPercentileLatency(us), 1519
[INSERT], Return=OK, 266635
