[OVERALL], RunTime(ms), 178667
[OVERALL], Throughput(ops/sec), 5597.0044832005915
[TOTAL_GCS_PS_Scavenge], Count, 5
[TOTAL_GC_TIME_PS_Scavenge], Time(ms), 510
[TOTAL_GC_TIME_%_PS_Scavenge], Time(%), 0.28544722864323013
[TOTAL_GCS_PS_MarkSweep], Count, 0
[TOTAL_GC_TIME_PS_MarkSweep], Time(ms), 0
[TOTAL_GC_TIME_%_PS_MarkSweep], Time(%), 0.0
[TOTAL_GCs], Count, 5
[TOTAL_GC_TIME], Time(ms), 510
[TOTAL_GC_TIME_%], Time(%), 0.28544722864323013
[READ], Operations, 617665
[READ], AverageLatency(us), 714.4863170165057
[READ], MinLatency(us), 91
[READ], MaxLatency(us), 142335
[READ], 95thPercentileLatency(us), 1649
[READ], 99thPercentileLatency(us), 2263
[READ], Return=OK, 617665
[CLEANUP], Operations, 32
[CLEANUP], AverageLatency(us), 74018.875
[CLEANUP], MinLatency(us), 1
[CLEANUP], MaxLatency(us), 2369535
[CLEANUP], 95thPercentileLatency(us), 31
[CLEANUP], 99thPercentileLatency(us), 2369535
[INSERT], Operations, 382335
[INSERT], AverageLatency(us), 1411.5589757673245
[INSERT], MinLatency(us), 123
[INSERT], MaxLatency(us), 148351
[INSERT], 95thPercentileLatency(us), 3941
[INSERT], 99thPercentileLatency(us), 6291
[INSERT], Return=OK, 382335
