
nofdb	workloads/workloadf.spec	50
# Load duration (sec): 1620.17
# Loading records:	200000000
# Load throughput (KOPS): 123.444
Count: 200000000  Average: 404.4286  StdDev: 28912.68
Percentiles(us): P50: 227.12 P90: 508.32 P99: 1197.25 P99.9: 18106.92 P99.99: 69478.03
------------------------------------------------------
[      50,      60 )       4   0.000%   0.000% 
[      60,      70 )     148   0.000%   0.000% 
[      70,      80 )    1875   0.001%   0.001% 
[      80,      90 )    5144   0.003%   0.004% 
[      90,     100 )   20497   0.010%   0.014% 
[     100,     120 ) 34866092  17.433%  17.447% ###
[     120,     140 ) 14398949   7.199%  24.646% #
[     140,     160 ) 12026973   6.013%  30.660% #
[     160,     180 ) 8880329   4.440%  35.100% #
[     180,     200 ) 7536988   3.768%  38.868% #
[     200,     250 ) 41038733  20.519%  59.388% ####
[     250,     300 ) 24639810  12.320%  71.708% ##
[     300,     350 ) 14572309   7.286%  78.994% #
[     350,     400 ) 9656511   4.828%  83.822% #
[     400,     450 ) 6608387   3.304%  87.126% #
[     450,     500 ) 5126630   2.563%  89.690% #
[     500,     600 ) 7455373   3.728%  93.417% #
[     600,     700 ) 4568829   2.284%  95.702% 
[     700,     800 ) 2710475   1.355%  97.057% 
[     800,     900 ) 1697362   0.849%  97.906% 
[     900,    1000 ) 1068034   0.534%  98.440% 
[    1000,    1200 ) 1136149   0.568%  99.008% 
[    1200,    1400 )  583205   0.292%  99.299% 
[    1400,    1600 )  316683   0.158%  99.458% 
[    1600,    1800 )  194369   0.097%  99.555% 
[    1800,    2000 )  123667   0.062%  99.617% 
[    2000,    2500 )  161078   0.081%  99.697% 
[    2500,    3000 )   71306   0.036%  99.733% 
[    3000,    3500 )   37065   0.019%  99.751% 
[    3500,    4000 )   21650   0.011%  99.762% 
[    4000,    4500 )   14600   0.007%  99.770% 
[    4500,    5000 )   11368   0.006%  99.775% 
[    5000,    6000 )   18682   0.009%  99.785% 
[    6000,    7000 )   16825   0.008%  99.793% 
[    7000,    8000 )   18045   0.009%  99.802% 
[    8000,    9000 )   26523   0.013%  99.815% 
[    9000,   10000 )   42472   0.021%  99.837% 
[   10000,   12000 )   53572   0.027%  99.863% 
[   12000,   14000 )   34697   0.017%  99.881% 
[   14000,   16000 )   21461   0.011%  99.891% 
[   16000,   18000 )   16261   0.008%  99.900% 
[   18000,   20000 )   16274   0.008%  99.908% 
[   20000,   25000 )   51610   0.026%  99.934% 
[   25000,   30000 )   35061   0.018%  99.951% 
[   30000,   35000 )   23132   0.012%  99.963% 
[   35000,   40000 )   14537   0.007%  99.970% 
[   40000,   45000 )    9996   0.005%  99.975% 
[   45000,   50000 )    9327   0.005%  99.980% 
[   50000,   60000 )   13125   0.007%  99.986% 
[   60000,   70000 )    8238   0.004%  99.990% 
[   70000,   80000 )    5047   0.003%  99.993% 
[   80000,   90000 )    3678   0.002%  99.995% 
[   90000,  100000 )    2028   0.001%  99.996% 
[  100000,  120000 )    2101   0.001%  99.997% 
[  120000,  140000 )     695   0.000%  99.997% 
[  140000,  160000 )     505   0.000%  99.997% 
[  160000,  180000 )     624   0.000%  99.998% 
[  180000,  200000 )     913   0.000%  99.998% 
[  200000,  250000 )    1133   0.001%  99.999% 
[  250000,  300000 )     229   0.000%  99.999% 
[  300000,  350000 )      57   0.000%  99.999% 
[  350000,  400000 )     149   0.000%  99.999% 
[  400000,  450000 )      40   0.000%  99.999% 
[  450000,  500000 )     144   0.000%  99.999% 
[  500000,  600000 )     150   0.000%  99.999% 
[  600000,  700000 )      89   0.000%  99.999% 
[  700000,  800000 )      72   0.000%  99.999% 
[  800000,  900000 )      50   0.000%  99.999% 
[  900000, 1000000 )      66   0.000%  99.999% 
[ 1000000, 1200000 )      50   0.000%  99.999% 
[ 1200000, 1400000 )      50   0.000%  99.999% 
[ 1400000, 1600000 )     124   0.000%  99.999% 
[ 1600000, 1800000 )     126   0.000%  99.999% 
[ 2000000, 2500000 )     100   0.000%  99.999% 
[ 2500000, 3000000 )      50   0.000%  99.999% 
[ 3500000, 4000000 )      50   0.000%  99.999% 
[ 4500000, 5000000 )     100   0.000%  99.999% 
[ 5000000, 6000000 )      50   0.000%  99.999% 
[ 6000000, 7000000 )      52   0.000%  99.999% 
[ 7000000, 8000000 )     198   0.000% 100.000% 
[ 8000000, 9000000 )     100   0.000% 100.000% 
[ 9000000, 10000000 )     100   0.000% 100.000% 
[ 10000000, 12000000 )     250   0.000% 100.000% 
[ 14000000, 16000000 )     300   0.000% 100.000% 
[ 16000000, 18000000 )      50   0.000% 100.000% 
[ 20000000, 25000000 )      50   0.000% 100.000% 


# Run duration (sec): 8124.57
# Run operations:	200000000
# Run throughput (KOPS): 24.6167
Count: 200000000  Average: 2029.1848  StdDev: 36862.95
Percentiles(us): P50: 336.82 P90: 1130.75 P99: 15689.82 P99.9: 289900.46 P99.99: 1774508.24
------------------------------------------------------
[      30,      35 )       6   0.000%   0.000% 
[      35,      40 )    7136   0.004%   0.004% 
[      40,      45 )  537125   0.269%   0.272% 
[      45,      50 ) 2901417   1.451%   1.723% 
[      50,      60 ) 10021460   5.011%   6.734% #
[      60,      70 ) 3189425   1.595%   8.328% 
[      70,      80 ) 1369115   0.685%   9.013% 
[      80,      90 ) 1601367   0.801%   9.814% 
[      90,     100 ) 1445463   0.723%  10.536% 
[     100,     120 ) 2177388   1.089%  11.625% 
[     120,     140 ) 2407084   1.204%  12.828% 
[     140,     160 ) 3943584   1.972%  14.800% 
[     160,     180 ) 7494631   3.747%  18.548% #
[     180,     200 ) 19566315   9.783%  28.331% ##
[     200,     250 ) 14146755   7.073%  35.404% #
[     250,     300 ) 17698320   8.849%  44.253% ##
[     300,     350 ) 15609210   7.805%  52.058% ##
[     350,     400 ) 10667765   5.334%  57.392% #
[     400,     450 ) 13579335   6.790%  64.181% #
[     450,     500 ) 7907739   3.954%  68.135% #
[     500,     600 ) 13054081   6.527%  74.662% #
[     600,     700 ) 9093552   4.547%  79.209% #
[     700,     800 ) 6979969   3.490%  82.699% #
[     800,     900 ) 5593501   2.797%  85.496% #
[     900,    1000 ) 4559998   2.280%  87.776% 
[    1000,    1200 ) 6804276   3.402%  91.178% #
[    1200,    1400 ) 4424685   2.212%  93.390% 
[    1400,    1600 ) 2858565   1.429%  94.820% 
[    1600,    1800 ) 1862619   0.931%  95.751% 
[    1800,    2000 ) 1253496   0.627%  96.378% 
[    2000,    2500 ) 1757448   0.879%  97.256% 
[    2500,    3000 )  834208   0.417%  97.674% 
[    3000,    3500 )  440776   0.220%  97.894% 
[    3500,    4000 )  262443   0.131%  98.025% 
[    4000,    4500 )  176271   0.088%  98.113% 
[    4500,    5000 )  128383   0.064%  98.177% 
[    5000,    6000 )  179529   0.090%  98.267% 
[    6000,    7000 )  140714   0.070%  98.338% 
[    7000,    8000 )  148890   0.074%  98.412% 
[    8000,    9000 )  162790   0.081%  98.493% 
[    9000,   10000 )  212347   0.106%  98.600% 
[   10000,   12000 )  326635   0.163%  98.763% 
[   12000,   14000 )  297212   0.149%  98.912% 
[   14000,   16000 )  209457   0.105%  99.016% 
[   16000,   18000 )  136622   0.068%  99.085% 
[   18000,   20000 )   64831   0.032%  99.117% 
[   20000,   25000 )  127486   0.064%  99.181% 
[   25000,   30000 )   85380   0.043%  99.223% 
[   30000,   35000 )   84906   0.042%  99.266% 
[   35000,   40000 )  109522   0.055%  99.321% 
[   40000,   45000 )  113537   0.057%  99.377% 
[   45000,   50000 )   98973   0.049%  99.427% 
[   50000,   60000 )  191806   0.096%  99.523% 
[   60000,   70000 )  154297   0.077%  99.600% 
[   70000,   80000 )  152696   0.076%  99.676% 
[   80000,   90000 )  124717   0.062%  99.739% 
[   90000,  100000 )   58335   0.029%  99.768% 
[  100000,  120000 )   60266   0.030%  99.798% 
[  120000,  140000 )   64682   0.032%  99.830% 
[  140000,  160000 )   27840   0.014%  99.844% 
[  160000,  180000 )   22896   0.011%  99.856% 
[  180000,  200000 )   32024   0.016%  99.872% 
[  200000,  250000 )   33931   0.017%  99.889% 
[  250000,  300000 )   28531   0.014%  99.903% 
[  300000,  350000 )   17745   0.009%  99.912% 
[  350000,  400000 )   18342   0.009%  99.921% 
[  400000,  450000 )   13942   0.007%  99.928% 
[  450000,  500000 )   12951   0.006%  99.934% 
[  500000,  600000 )   21162   0.011%  99.945% 
[  600000,  700000 )   17092   0.009%  99.953% 
[  700000,  800000 )   13688   0.007%  99.960% 
[  800000,  900000 )   11086   0.006%  99.966% 
[  900000, 1000000 )    9416   0.005%  99.971% 
[ 1000000, 1200000 )   14609   0.007%  99.978% 
[ 1200000, 1400000 )   10762   0.005%  99.983% 
[ 1400000, 1600000 )    7986   0.004%  99.987% 
[ 1600000, 1800000 )    6253   0.003%  99.990% 
[ 1800000, 2000000 )    4716   0.002%  99.993% 
[ 2000000, 2500000 )    7494   0.004%  99.997% 
[ 2500000, 3000000 )    3854   0.002%  99.998% 
[ 3000000, 3500000 )    1692   0.001%  99.999% 
[ 3500000, 4000000 )     791   0.000% 100.000% 
[ 4000000, 4500000 )     265   0.000% 100.000% 
[ 4500000, 5000000 )     100   0.000% 100.000% 
[ 5000000, 6000000 )      94   0.000% 100.000% 
[ 6000000, 7000000 )      45   0.000% 100.000% 
[ 7000000, 8000000 )      36   0.000% 100.000% 
[ 8000000, 9000000 )      36   0.000% 100.000% 
[ 9000000, 10000000 )      17   0.000% 100.000% 
[ 10000000, 12000000 )      22   0.000% 100.000% 
[ 12000000, 14000000 )      23   0.000% 100.000% 
[ 14000000, 16000000 )       8   0.000% 100.000% 
[ 16000000, 18000000 )       6   0.000% 100.000% 
[ 18000000, 20000000 )       3   0.000% 100.000% 
[ 20000000, 25000000 )       1   0.000% 100.000% 


