
nofdb	workloads/workloada.spec	50
# Load duration (sec): 1596.5
# Loading records:	200000000
# Load throughput (KOPS): 125.274
Count: 200000000  Average: 397.8986  StdDev: 33606.96
Percentiles(us): P50: 221.43 P90: 462.45 P99: 1038.25 P99.9: 20215.45 P99.99: 72731.25
------------------------------------------------------
[      60,      70 )     141   0.000%   0.000% 
[      70,      80 )    2074   0.001%   0.001% 
[      80,      90 )    6118   0.003%   0.004% 
[      90,     100 )   26884   0.013%   0.018% 
[     100,     120 ) 36552814  18.276%  18.294% ####
[     120,     140 ) 14333217   7.167%  25.461% #
[     140,     160 ) 13238698   6.619%  32.080% #
[     160,     180 ) 10075672   5.038%  37.118% #
[     180,     200 ) 7492294   3.746%  40.864% #
[     200,     250 ) 42629510  21.315%  62.179% ####
[     250,     300 ) 25120958  12.560%  74.739% ###
[     300,     350 ) 14371790   7.186%  81.925% #
[     350,     400 ) 9195240   4.598%  86.523% #
[     400,     450 ) 5812598   2.906%  89.429% #
[     450,     500 ) 4588116   2.294%  91.723% 
[     500,     600 ) 6229709   3.115%  94.838% #
[     600,     700 ) 3755849   1.878%  96.716% 
[     700,     800 ) 2222701   1.111%  97.827% 
[     800,     900 ) 1374093   0.687%  98.514% 
[     900,    1000 )  818246   0.409%  98.923% 
[    1000,    1200 )  801532   0.401%  99.324% 
[    1200,    1400 )  375828   0.188%  99.512% 
[    1400,    1600 )  170321   0.085%  99.597% 
[    1600,    1800 )   93588   0.047%  99.644% 
[    1800,    2000 )   53810   0.027%  99.671% 
[    2000,    2500 )   68580   0.034%  99.705% 
[    2500,    3000 )   33654   0.017%  99.722% 
[    3000,    3500 )   22102   0.011%  99.733% 
[    3500,    4000 )   16571   0.008%  99.741% 
[    4000,    4500 )   13624   0.007%  99.748% 
[    4500,    5000 )   12306   0.006%  99.754% 
[    5000,    6000 )   21441   0.011%  99.765% 
[    6000,    7000 )   19640   0.010%  99.775% 
[    7000,    8000 )   23122   0.012%  99.786% 
[    8000,    9000 )   34693   0.017%  99.804% 
[    9000,   10000 )   38988   0.019%  99.823% 
[   10000,   12000 )   46903   0.023%  99.847% 
[   12000,   14000 )   37125   0.019%  99.865% 
[   14000,   16000 )   30051   0.015%  99.880% 
[   16000,   18000 )   19602   0.010%  99.890% 
[   18000,   20000 )   17383   0.009%  99.899% 
[   20000,   25000 )   56023   0.028%  99.927% 
[   25000,   30000 )   37869   0.019%  99.946% 
[   30000,   35000 )   24853   0.012%  99.958% 
[   35000,   40000 )   16362   0.008%  99.966% 
[   40000,   45000 )   13204   0.007%  99.973% 
[   45000,   50000 )   10176   0.005%  99.978% 
[   50000,   60000 )   13521   0.007%  99.985% 
[   60000,   70000 )    8909   0.004%  99.989% 
[   70000,   80000 )    5481   0.003%  99.992% 
[   80000,   90000 )    4050   0.002%  99.994% 
[   90000,  100000 )    2468   0.001%  99.995% 
[  100000,  120000 )    3390   0.002%  99.997% 
[  120000,  140000 )    1988   0.001%  99.998% 
[  140000,  160000 )     918   0.000%  99.998% 
[  160000,  180000 )     268   0.000%  99.999% 
[  180000,  200000 )     180   0.000%  99.999% 
[  200000,  250000 )     224   0.000%  99.999% 
[  250000,  300000 )      40   0.000%  99.999% 
[  300000,  350000 )      50   0.000%  99.999% 
[  350000,  400000 )      62   0.000%  99.999% 
[  450000,  500000 )      18   0.000%  99.999% 
[  500000,  600000 )     278   0.000%  99.999% 
[  600000,  700000 )      46   0.000%  99.999% 
[  700000,  800000 )      59   0.000%  99.999% 
[  800000,  900000 )      19   0.000%  99.999% 
[  900000, 1000000 )      70   0.000%  99.999% 
[ 1000000, 1200000 )     189   0.000%  99.999% 
[ 1200000, 1400000 )      24   0.000%  99.999% 
[ 1400000, 1600000 )      78   0.000%  99.999% 
[ 1600000, 1800000 )      49   0.000%  99.999% 
[ 1800000, 2000000 )      26   0.000%  99.999% 
[ 2000000, 2500000 )     136   0.000%  99.999% 
[ 2500000, 3000000 )      18   0.000%  99.999% 
[ 3000000, 3500000 )     163   0.000%  99.999% 
[ 3500000, 4000000 )     105   0.000%  99.999% 
[ 4000000, 4500000 )     100   0.000%  99.999% 
[ 5000000, 6000000 )      50   0.000% 100.000% 
[ 6000000, 7000000 )     100   0.000% 100.000% 
[ 7000000, 8000000 )      50   0.000% 100.000% 
[ 8000000, 9000000 )      50   0.000% 100.000% 
[ 9000000, 10000000 )      50   0.000% 100.000% 
[ 10000000, 12000000 )     100   0.000% 100.000% 
[ 12000000, 14000000 )     150   0.000% 100.000% 
[ 14000000, 16000000 )     200   0.000% 100.000% 
[ 16000000, 18000000 )     100   0.000% 100.000% 
[ 20000000, 25000000 )     100   0.000% 100.000% 
[ 25000000, 30000000 )      50   0.000% 100.000% 


# Run duration (sec): 6715.24
# Run operations:	200000000
# Run throughput (KOPS): 29.783
Count: 200000000  Average: 1676.7241  StdDev: 28740.96
Percentiles(us): P50: 223.87 P90: 682.52 P99: 16454.21 P99.9: 292682.70 P99.99: 1336018.31
------------------------------------------------------
[      30,      35 )       5   0.000%   0.000% 
[      35,      40 )    5155   0.003%   0.003% 
[      40,      45 )  476141   0.238%   0.241% 
[      45,      50 ) 2646604   1.323%   1.564% 
[      50,      60 ) 9888767   4.944%   6.508% #
[      60,      70 ) 3516662   1.758%   8.267% 
[      70,      80 ) 1554843   0.777%   9.044% 
[      80,      90 ) 1782549   0.891%   9.935% 
[      90,     100 ) 1646034   0.823%  10.758% 
[     100,     120 ) 21685408  10.843%  21.601% ##
[     120,     140 ) 9681690   4.841%  26.442% #
[     140,     160 ) 5856437   2.928%  29.370% #
[     160,     180 ) 6277651   3.139%  32.509% #
[     180,     200 ) 20052465  10.026%  42.535% ##
[     200,     250 ) 31270740  15.635%  58.171% ###
[     250,     300 ) 17390789   8.695%  66.866% ##
[     300,     350 ) 11965655   5.983%  72.849% #
[     350,     400 ) 8889454   4.445%  77.294% #
[     400,     450 ) 6983054   3.492%  80.785% #
[     450,     500 ) 5455416   2.728%  83.513% #
[     500,     600 ) 8365736   4.183%  87.696% #
[     600,     700 ) 5584682   2.792%  90.488% #
[     700,     800 ) 3766000   1.883%  92.371% 
[     800,     900 ) 2720220   1.360%  93.731% 
[     900,    1000 ) 1954321   0.977%  94.708% 
[    1000,    1200 ) 2581360   1.291%  95.999% 
[    1200,    1400 ) 1425597   0.713%  96.712% 
[    1400,    1600 )  844872   0.422%  97.134% 
[    1600,    1800 )  536630   0.268%  97.402% 
[    1800,    2000 )  363228   0.182%  97.584% 
[    2000,    2500 )  533046   0.267%  97.851% 
[    2500,    3000 )  281249   0.141%  97.991% 
[    3000,    3500 )  167023   0.084%  98.075% 
[    3500,    4000 )  116298   0.058%  98.133% 
[    4000,    4500 )   92667   0.046%  98.179% 
[    4500,    5000 )   78566   0.039%  98.219% 
[    5000,    6000 )  132006   0.066%  98.285% 
[    6000,    7000 )  129931   0.065%  98.349% 
[    7000,    8000 )  163364   0.082%  98.431% 
[    8000,    9000 )  193530   0.097%  98.528% 
[    9000,   10000 )  225165   0.113%  98.641% 
[   10000,   12000 )  279268   0.140%  98.780% 
[   12000,   14000 )  231885   0.116%  98.896% 
[   14000,   16000 )  182049   0.091%  98.987% 
[   16000,   18000 )  113552   0.057%  99.044% 
[   18000,   20000 )   76672   0.038%  99.082% 
[   20000,   25000 )  161115   0.081%  99.163% 
[   25000,   30000 )  113741   0.057%  99.220% 
[   30000,   35000 )  120911   0.060%  99.280% 
[   35000,   40000 )  123221   0.062%  99.342% 
[   40000,   45000 )  160326   0.080%  99.422% 
[   45000,   50000 )  132986   0.066%  99.488% 
[   50000,   60000 )  208642   0.104%  99.593% 
[   60000,   70000 )  121142   0.061%  99.653% 
[   70000,   80000 )  103228   0.052%  99.705% 
[   80000,   90000 )   79343   0.040%  99.745% 
[   90000,  100000 )   59159   0.030%  99.774% 
[  100000,  120000 )   59956   0.030%  99.804% 
[  120000,  140000 )   34771   0.017%  99.821% 
[  140000,  160000 )   18960   0.009%  99.831% 
[  160000,  180000 )   28500   0.014%  99.845% 
[  180000,  200000 )   37747   0.019%  99.864% 
[  200000,  250000 )   40253   0.020%  99.884% 
[  250000,  300000 )   36974   0.018%  99.903% 
[  300000,  350000 )   23816   0.012%  99.915% 
[  350000,  400000 )   23226   0.012%  99.926% 
[  400000,  450000 )   16998   0.008%  99.935% 
[  450000,  500000 )   16088   0.008%  99.943% 
[  500000,  600000 )   23702   0.012%  99.955% 
[  600000,  700000 )   17849   0.009%  99.964% 
[  700000,  800000 )   13992   0.007%  99.971% 
[  800000,  900000 )   10838   0.005%  99.976% 
[  900000, 1000000 )    8913   0.004%  99.980% 
[ 1000000, 1200000 )   13223   0.007%  99.987% 
[ 1200000, 1400000 )    8740   0.004%  99.991% 
[ 1400000, 1600000 )    6018   0.003%  99.994% 
[ 1600000, 1800000 )    4050   0.002%  99.996% 
[ 1800000, 2000000 )    2561   0.001%  99.998% 
[ 2000000, 2500000 )    3009   0.002%  99.999% 
[ 2500000, 3000000 )    1008   0.001% 100.000% 
[ 3000000, 3500000 )     265   0.000% 100.000% 
[ 3500000, 4000000 )      93   0.000% 100.000% 
[ 4000000, 4500000 )      46   0.000% 100.000% 
[ 4500000, 5000000 )      34   0.000% 100.000% 
[ 5000000, 6000000 )      42   0.000% 100.000% 
[ 6000000, 7000000 )      22   0.000% 100.000% 
[ 7000000, 8000000 )      11   0.000% 100.000% 
[ 8000000, 9000000 )       7   0.000% 100.000% 
[ 9000000, 10000000 )       9   0.000% 100.000% 
[ 10000000, 12000000 )      13   0.000% 100.000% 
[ 12000000, 14000000 )       6   0.000% 100.000% 
[ 14000000, 16000000 )       4   0.000% 100.000% 
[ 16000000, 18000000 )       3   0.000% 100.000% 
[ 20000000, 25000000 )       3   0.000% 100.000% 


