WARNING: Logging before InitGoogleLogging() is written to STDERR
I0419 21:37:59.557857 32137 rdma_helper.cpp:447] RDMA device: mlx5_2
I0419 21:37:59.557965 32137 rdma_helper.cpp:449] RDMA LID: 0
I0419 21:37:59.559293 32137 rdma_helper.cpp:454] RDMA GID Index: 3
I0419 21:37:59.559927 32137 block_pool.cpp:145] Start extend rdma memory 1024MB
fieldlength: 4072
recordcount: 6553600
oks: 100000
oks: 100000
oks: 100000
oks: 100000
oks: 100000
oks: 100000
oks: 100000
oks: 100000
oks: 200000
oks: 200000
oks: 200000
oks: 200000
oks: 200000
oks: 200000
oks: 200000
oks: 200000
oks: 300000
oks: 300000
oks: 300000
oks: 300000
oks: 300000
oks: 300000
oks: 300000
oks: 300000
oks: 400000
oks: 400000
oks: 400000
oks: 400000
oks: 400000
oks: 400000
oks: 400000
oks: 400000
oks: 500000
oks: 500000
oks: 500000
oks: 500000
oks: 500000
oks: 500000
oks: 500000
oks: 500000
oks: 600000
oks: 600000
oks: 600000
oks: 600000
oks: 600000
oks: 600000
oks: 600000
oks: 600000
oks: 700000
oks: 700000
oks: 700000
oks: 700000
oks: 700000
oks: 700000
oks: 700000
oks: 700000
oks: 800000
oks: 800000
oks: 800000
oks: 800000
oks: 800000
oks: 800000
oks: 800000
oks: 800000
Special Command: PAUSE, Send SUCCESS

rocksdb	workloads/motivation.spec	8
# Load duration (sec): 67.1774
# Loading records:	6553600
# Load throughput (KOPS): 97.5567
Count: 6553600  Average: 80.8019  StdDev: 25.58
Percentiles(us): P50: 79.88 P90: 101.06 P99: 134.33 P99.9: 310.49 P99.99: 526.17
------------------------------------------------------
[      30,      35 )       6   0.000%   0.000% 
[      35,      40 )    1581   0.024%   0.024% 
[      40,      45 )    9726   0.148%   0.173% 
[      45,      50 )   64981   0.992%   1.164% 
[      50,      60 )  662404  10.107%  11.272% ##
[      60,      70 ) 1140162  17.397%  28.669% ###
[      70,      80 ) 1414514  21.584%  50.253% ####
[      80,      90 ) 1588410  24.237%  74.490% #####
[      90,     100 )  986732  15.056%  89.546% ###
[     100,     120 )  561292   8.565%  98.111% ##
[     120,     140 )   81284   1.240%  99.351% 
[     140,     160 )   15361   0.234%  99.586% 
[     160,     180 )    6359   0.097%  99.683% 
[     180,     200 )    3589   0.055%  99.738% 
[     200,     250 )    5885   0.090%  99.827% 
[     250,     300 )    4100   0.063%  99.890% 
[     300,     350 )    3148   0.048%  99.938% 
[     350,     400 )    1857   0.028%  99.966% 
[     400,     450 )     975   0.015%  99.981% 
[     450,     500 )     497   0.008%  99.989% 
[     500,     600 )     312   0.005%  99.994% 
[     600,     700 )      43   0.001%  99.994% 
[     700,     800 )      13   0.000%  99.994% 
[     800,     900 )      10   0.000%  99.995% 
[     900,    1000 )      29   0.000%  99.995% 
[    1000,    1200 )      32   0.000%  99.995% 
[    1200,    1400 )      59   0.001%  99.996% 
[    1400,    1600 )      43   0.001%  99.997% 
[    1600,    1800 )      27   0.000%  99.997% 
[    1800,    2000 )      44   0.001%  99.998% 
[    2000,    2500 )      65   0.001%  99.999% 
[    2500,    3000 )      17   0.000%  99.999% 
[    3000,    3500 )       4   0.000%  99.999% 
[    3500,    4000 )      14   0.000% 100.000% 
[    4000,    4500 )      17   0.000% 100.000% 
[    4500,    5000 )       6   0.000% 100.000% 
[    5000,    6000 )       2   0.000% 100.000% 

Waiting 10s before performing transactions......

Avg CPU utilization (percent): 221.41

Starting performing transactions......

Special Command: STOP, Send SUCCESS
# Run duration (ms): 0.522089
# Run operations:	50000
# Run throughput (KOPS): 95.769
Count: 50000  Average: 82.1151  StdDev: 17.06
Percentiles(us): P50: 81.83 P90: 104.86 P99: 130.51 P99.9: 162.40 P99.99: 310.00
------------------------------------------------------
[      35,      40 )      10   0.020%   0.020% 
[      40,      45 )      43   0.086%   0.106% 
[      45,      50 )     319   0.638%   0.744% 
[      50,      60 )    4029   8.058%   8.802% ##
[      60,      70 )    8192  16.384%  25.186% ###
[      70,      80 )   10216  20.432%  45.618% ####
[      80,      90 )   11966  23.932%  69.550% #####
[      90,     100 )    8907  17.814%  87.364% ####
[     100,     120 )    5428  10.856%  98.220% ##
[     120,     140 )     742   1.484%  99.704% 
[     140,     160 )      95   0.190%  99.894% 
[     160,     180 )      25   0.050%  99.944% 
[     180,     200 )      10   0.020%  99.964% 
[     200,     250 )       5   0.010%  99.974% 
[     250,     300 )       7   0.014%  99.988% 
[     300,     350 )       5   0.010%  99.998% 
[     700,     800 )       1   0.002% 100.000% 


Avg CPU utilization (percent): 221.48

