WARNING: Logging before InitGoogleLogging() is written to STDERR
I0419 21:36:20.429806 31951 rdma_helper.cpp:447] RDMA device: mlx5_2
I0419 21:36:20.429904 31951 rdma_helper.cpp:449] RDMA LID: 0
I0419 21:36:20.431214 31951 rdma_helper.cpp:454] RDMA GID Index: 3
I0419 21:36:20.431849 31951 block_pool.cpp:145] Start extend rdma memory 1024MB
fieldlength: 4072
recordcount: 6553600
oks: 100000
oks: 100000
oks: 100000
oks: 100000
oks: 100000
oks: 100000
oks: 100000
oks: 100000
oks: 100000
oks: 100000
oks: 100000
oks: 100000
oks: 100000
oks: 100000
oks: 100000
oks: 100000
oks: 200000
oks: 200000
oks: 200000
oks: 200000
oks: 200000
oks: 200000
oks: 200000
oks: 200000
oks: 200000
oks: 200000
oks: 200000
oks: 200000
oks: 200000
oks: 200000
oks: 200000
oks: 200000
oks: 300000
oks: 300000
oks: 300000
oks: 300000
oks: 300000
oks: 300000
oks: 300000
oks: 300000
oks: 300000
oks: 300000
oks: 300000
oks: 300000
oks: 300000
oks: 300000
oks: 300000
oks: 300000
oks: 400000
oks: 400000
oks: 400000
oks: 400000
oks: 400000
oks: 400000
oks: 400000
oks: 400000
oks: 400000
oks: 400000
oks: 400000
oks: 400000
oks: 400000
oks: 400000
oks: 400000
oks: 400000
Special Command: PAUSE, Send SUCCESS

rocksdb	workloads/motivation.spec	16
# Load duration (sec): 58.0176
# Loading records:	6553600
# Load throughput (KOPS): 112.959
Count: 6553600  Average: 140.7333  StdDev: 395.53
Percentiles(us): P50: 106.19 P90: 135.66 P99: 385.48 P99.9: 6403.45 P99.99: 7873.28
------------------------------------------------------
[      30,      35 )       1   0.000%   0.000% 
[      35,      40 )      74   0.001%   0.001% 
[      40,      45 )     647   0.010%   0.011% 
[      45,      50 )    3804   0.058%   0.069% 
[      50,      60 )   57606   0.879%   0.948% 
[      60,      70 )  140567   2.145%   3.093% 
[      70,      80 )  233804   3.568%   6.661% #
[      80,      90 )  601973   9.185%  15.846% ##
[      90,     100 ) 1385727  21.145%  36.990% ####
[     100,     120 ) 2755859  42.051%  79.041% ########
[     120,     140 )  917299  13.997%  93.038% ###
[     140,     160 )  239950   3.661%  96.700% #
[     160,     180 )   70270   1.072%  97.772% 
[     180,     200 )   24825   0.379%  98.151% 
[     200,     250 )   25201   0.385%  98.535% 
[     250,     300 )   13839   0.211%  98.746% 
[     300,     350 )   11030   0.168%  98.915% 
[     350,     400 )    7875   0.120%  99.035% 
[     400,     450 )    5327   0.081%  99.116% 
[     450,     500 )    3600   0.055%  99.171% 
[     500,     600 )    3255   0.050%  99.221% 
[     600,     700 )    1119   0.017%  99.238% 
[     700,     800 )     380   0.006%  99.244% 
[     800,     900 )      94   0.001%  99.245% 
[     900,    1000 )      20   0.000%  99.245% 
[    1000,    1200 )     249   0.004%  99.249% 
[    1200,    1400 )     107   0.002%  99.251% 
[    1400,    1600 )      72   0.001%  99.252% 
[    1600,    1800 )     145   0.002%  99.254% 
[    1800,    2000 )     150   0.002%  99.256% 
[    2000,    2500 )    7419   0.113%  99.370% 
[    2500,    3000 )      23   0.000%  99.370% 
[    3000,    3500 )   12425   0.190%  99.560% 
[    3500,    4000 )      50   0.001%  99.560% 
[    4000,    4500 )   10229   0.156%  99.716% 
[    4500,    5000 )      44   0.001%  99.717% 
[    5000,    6000 )    9622   0.147%  99.864% 
[    6000,    7000 )    5863   0.089%  99.953% 
[    7000,    8000 )    2749   0.042%  99.995% 
[    8000,    9000 )     254   0.004%  99.999% 
[    9000,   10000 )      50   0.001% 100.000% 
[   10000,   12000 )       3   0.000% 100.000% 

Waiting 10s before performing transactions......

Avg CPU utilization (percent): 225.53

Starting performing transactions......

Special Command: STOP, Send SUCCESS
# Run duration (ms): 0.366957
# Run operations:	50000
# Run throughput (KOPS): 136.256
Count: 50000  Average: 116.0062  StdDev: 39.65
Percentiles(us): P50: 111.41 P90: 139.92 P99: 278.99 P99.9: 589.33 P99.99: 692.50
------------------------------------------------------
[      40,      45 )       5   0.010%   0.010% 
[      45,      50 )      23   0.046%   0.056% 
[      50,      60 )     290   0.580%   0.636% 
[      60,      70 )     751   1.502%   2.138% 
[      70,      80 )    1281   2.562%   4.700% #
[      80,      90 )    2706   5.412%  10.112% #
[      90,     100 )    6869  13.738%  23.850% ###
[     100,     120 )   22917  45.834%  69.684% #########
[     120,     140 )   10199  20.398%  90.082% ####
[     140,     160 )    2966   5.932%  96.014% #
[     160,     180 )     802   1.604%  97.618% 
[     180,     200 )     331   0.662%  98.280% 
[     200,     250 )     291   0.582%  98.862% 
[     250,     300 )     119   0.238%  99.100% 
[     300,     350 )     113   0.226%  99.326% 
[     350,     400 )      90   0.180%  99.506% 
[     400,     450 )      64   0.128%  99.634% 
[     450,     500 )      66   0.132%  99.766% 
[     500,     600 )      75   0.150%  99.916% 
[     600,     700 )      40   0.080%  99.996% 
[     700,     800 )       1   0.002%  99.998% 
[     800,     900 )       1   0.002% 100.000% 


Avg CPU utilization (percent): 260.00

