WARNING: Logging before InitGoogleLogging() is written to STDERR
I0419 21:39:48.817845 32266 rdma_helper.cpp:447] RDMA device: mlx5_2
I0419 21:39:48.817951 32266 rdma_helper.cpp:449] RDMA LID: 0
I0419 21:39:48.819257 32266 rdma_helper.cpp:454] RDMA GID Index: 3
I0419 21:39:48.819877 32266 block_pool.cpp:145] Start extend rdma memory 1024MB
fieldlength: 4072
recordcount: 6553600
oks: 100000
oks: 100000
oks: 100000
oks: 100000
oks: 200000
oks: 200000
oks: 200000
oks: 200000
oks: 300000
oks: 300000
oks: 300000
oks: 300000
oks: 400000
oks: 400000
oks: 400000
oks: 400000
oks: 500000
oks: 500000
oks: 500000
oks: 500000
oks: 600000
oks: 600000
oks: 600000
oks: 600000
oks: 700000
oks: 700000
oks: 700000
oks: 700000
oks: 800000
oks: 800000
oks: 800000
oks: 800000
oks: 900000
oks: 900000
oks: 900000
oks: 900000
oks: 1000000
oks: 1000000
oks: 1000000
oks: 1000000
oks: 1100000
oks: 1100000
oks: 1100000
oks: 1100000
oks: 1200000
oks: 1200000
oks: 1200000
oks: 1200000
oks: 1300000
oks: 1300000
oks: 1300000
oks: 1300000
oks: 1400000
oks: 1400000
oks: 1400000
oks: 1400000
oks: 1500000
oks: 1500000
oks: 1500000
oks: 1500000
oks: 1600000
oks: 1600000
oks: 1600000
oks: 1600000
Special Command: PAUSE, Send SUCCESS

rocksdb	workloads/motivation.spec	4
# Load duration (sec): 96.7679
# Loading records:	6553600
# Load throughput (KOPS): 67.7249
Count: 6553600  Average: 58.8822  StdDev: 16.49
Percentiles(us): P50: 57.01 P90: 72.87 P99: 88.76 P99.9: 118.43 P99.99: 245.49
------------------------------------------------------
[      30,      35 )     706   0.011%   0.011% 
[      35,      40 )    5656   0.086%   0.097% 
[      40,      45 )  186908   2.852%   2.949% #
[      45,      50 )  491066   7.493%  10.442% #
[      50,      60 ) 3697483  56.419%  66.861% ###########
[      60,      70 ) 1341260  20.466%  87.327% ####
[      70,      80 )  610071   9.309%  96.636% ##
[      80,      90 )  176940   2.700%  99.336% #
[      90,     100 )   28976   0.442%  99.778% 
[     100,     120 )    8658   0.132%  99.910% 
[     120,     140 )    2220   0.034%  99.944% 
[     140,     160 )     848   0.013%  99.957% 
[     160,     180 )     878   0.013%  99.971% 
[     180,     200 )     575   0.009%  99.979% 
[     200,     250 )     769   0.012%  99.991% 
[     250,     300 )     160   0.002%  99.993% 
[     300,     350 )      67   0.001%  99.995% 
[     350,     400 )      25   0.000%  99.995% 
[     400,     450 )      10   0.000%  99.995% 
[     450,     500 )      11   0.000%  99.995% 
[     500,     600 )      24   0.000%  99.996% 
[     600,     700 )      11   0.000%  99.996% 
[     700,     800 )      14   0.000%  99.996% 
[     800,     900 )      24   0.000%  99.996% 
[     900,    1000 )      22   0.000%  99.997% 
[    1000,    1200 )      39   0.001%  99.997% 
[    1200,    1400 )      35   0.001%  99.998% 
[    1400,    1600 )      69   0.001%  99.999% 
[    1600,    1800 )       5   0.000%  99.999% 
[    1800,    2000 )       6   0.000%  99.999% 
[    2000,    2500 )      26   0.000%  99.999% 
[    2500,    3000 )      10   0.000% 100.000% 
[    3000,    3500 )      11   0.000% 100.000% 
[    3500,    4000 )      11   0.000% 100.000% 
[    4000,    4500 )       1   0.000% 100.000% 
[    4500,    5000 )       4   0.000% 100.000% 
[   14000,   16000 )       1   0.000% 100.000% 

Waiting 10s before performing transactions......

Avg CPU utilization (percent): 146.88

Starting performing transactions......

Special Command: STOP, Send SUCCESS
# Run duration (ms): 0.745384
# Run operations:	50000
# Run throughput (KOPS): 67.0795
Count: 50000  Average: 59.1135  StdDev: 35.28
Percentiles(us): P50: 57.11 P90: 71.44 P99: 87.16 P99.9: 98.39 P99.99: 225.00
------------------------------------------------------
[      30,      35 )       2   0.004%   0.004% 
[      35,      40 )      15   0.030%   0.034% 
[      40,      45 )    1194   2.388%   2.422% 
[      45,      50 )    2507   5.014%   7.436% #
[      50,      60 )   29940  59.880%  67.316% ############
[      60,      70 )   10733  21.466%  88.782% ####
[      70,      80 )    4237   8.474%  97.256% ##
[      80,      90 )    1218   2.436%  99.692% 
[      90,     100 )     124   0.248%  99.940% 
[     100,     120 )      19   0.038%  99.978% 
[     120,     140 )       3   0.006%  99.984% 
[     180,     200 )       2   0.004%  99.988% 
[     200,     250 )       2   0.004%  99.992% 
[    3500,    4000 )       4   0.008% 100.000% 


Avg CPU utilization (percent): 151.33

