WARNING: Logging before InitGoogleLogging() is written to STDERR
I0419 15:09:58.445708 28459 rdma_helper.cpp:447] RDMA device: mlx5_2
I0419 15:09:58.445811 28459 rdma_helper.cpp:449] RDMA LID: 0
I0419 15:09:58.447113 28459 rdma_helper.cpp:454] RDMA GID Index: 3
I0419 15:09:58.447754 28459 block_pool.cpp:145] Start extend rdma memory 1024MB
fieldlength: 4072
recordcount: 6553600
oks: 100000
oks: 200000
oks: 300000
oks: 400000
oks: 500000
oks: 600000
oks: 700000
oks: 800000
oks: 900000
oks: 1000000
oks: 1100000
oks: 1200000
oks: 1300000
oks: 1400000
oks: 1500000
oks: 1600000
oks: 1700000
oks: 1800000
oks: 1900000
oks: 2000000
oks: 2100000
oks: 2200000
oks: 2300000
oks: 2400000
oks: 2500000
oks: 2600000
oks: 2700000
oks: 2800000
oks: 2900000
oks: 3000000
oks: 3100000
oks: 3200000
oks: 3300000
oks: 3400000
oks: 3500000
oks: 3600000
oks: 3700000
oks: 3800000
oks: 3900000
oks: 4000000
oks: 4100000
oks: 4200000
oks: 4300000
oks: 4400000
oks: 4500000
oks: 4600000
oks: 4700000
oks: 4800000
oks: 4900000
oks: 5000000
oks: 5100000
oks: 5200000
oks: 5300000
oks: 5400000
oks: 5500000
oks: 5600000
oks: 5700000
oks: 5800000
oks: 5900000
oks: 6000000
oks: 6100000
oks: 6200000
oks: 6300000
oks: 6400000
oks: 6500000
Special Command: PAUSE, Send SUCCESS

rocksdb	workloads/motivation.spec	1
# Load duration (sec): 346.361
# Loading records:	6553600
# Load throughput (KOPS): 18.9213
Count: 6553600  Average: 52.7131  StdDev: 16.19
Percentiles(us): P50: 53.56 P90: 59.07 P99: 67.72 P99.9: 79.43 P99.99: 120.26
------------------------------------------------------
[      40,      45 )    4261   0.065%   0.065% 
[      45,      50 ) 1576811  24.060%  24.125% #####
[      50,      60 ) 4759178  72.619%  96.745% ###############
[      60,      70 )  191481   2.922%  99.666% #
[      70,      80 )   16240   0.248%  99.914% 
[      80,      90 )    3650   0.056%  99.970% 
[      90,     100 )     864   0.013%  99.983% 
[     100,     120 )     457   0.007%  99.990% 
[     120,     140 )     202   0.003%  99.993% 
[     140,     160 )      80   0.001%  99.994% 
[     160,     180 )      56   0.001%  99.995% 
[     180,     200 )      49   0.001%  99.996% 
[     200,     250 )     142   0.002%  99.998% 
[     250,     300 )      33   0.001%  99.999% 
[     300,     350 )       9   0.000%  99.999% 
[     350,     400 )       4   0.000%  99.999% 
[     400,     450 )       4   0.000%  99.999% 
[     500,     600 )       3   0.000%  99.999% 
[     600,     700 )       6   0.000%  99.999% 
[     700,     800 )       8   0.000%  99.999% 
[     800,     900 )       7   0.000%  99.999% 
[     900,    1000 )       7   0.000%  99.999% 
[    1000,    1200 )       9   0.000%  99.999% 
[    1200,    1400 )       6   0.000%  99.999% 
[    1400,    1600 )       6   0.000% 100.000% 
[    1600,    1800 )       2   0.000% 100.000% 
[    1800,    2000 )       6   0.000% 100.000% 
[    2000,    2500 )       6   0.000% 100.000% 
[    2500,    3000 )       1   0.000% 100.000% 
[    3000,    3500 )       4   0.000% 100.000% 
[    3500,    4000 )       1   0.000% 100.000% 
[    4000,    4500 )       2   0.000% 100.000% 
[    5000,    6000 )       1   0.000% 100.000% 
[    7000,    8000 )       2   0.000% 100.000% 
[   12000,   14000 )       1   0.000% 100.000% 
[   30000,   35000 )       1   0.000% 100.000% 

Waiting 10s before performing transactions......

Avg CPU utilization (percent): 39.03

Starting performing transactions......

Special Command: STOP, Send SUCCESS
# Run duration (ms): 2.69231
# Run operations:	50000
# Run throughput (KOPS): 18.5714
Count: 50000  Average: 53.7089  StdDev: 4.36
Percentiles(us): P50: 55.08 P90: 59.55 P99: 69.13 P99.9: 86.53 P99.99: 160.00
------------------------------------------------------
[      45,      50 )    2297   4.594%   4.594% #
[      50,      60 )   44734  89.468%  94.062% ##################
[      60,      70 )    2704   5.408%  99.470% #
[      70,      80 )     183   0.366%  99.836% 
[      80,      90 )      49   0.098%  99.934% 
[      90,     100 )      15   0.030%  99.964% 
[     100,     120 )       9   0.018%  99.982% 
[     120,     140 )       2   0.004%  99.986% 
[     140,     160 )       2   0.004%  99.990% 
[     160,     180 )       1   0.002%  99.992% 
[     180,     200 )       1   0.002%  99.994% 
[     200,     250 )       2   0.004%  99.998% 
[     400,     450 )       1   0.002% 100.000% 


Avg CPU utilization (percent): 38.80

