0
13.3
100.5
144.5
175
185.7
197.6
209.7
211.4
220.5
221.8
227.3
233.5
238.4
243.1
246.4
249.6
252.5
256.1
258.2
259.4
261.9
263.3
264.5
262.2
263.2
264.2
265.3
266.4
267.3
267.4
268.4
268.2
270.1
272.3
272.6
272.7
273.9
275.1
277.1
278.2
278.2
279.5
279.4
281.4
281.5
282.4
282.4
282.5
283.4
284.7
284.6
285.6
285.5
285.6
287.6
287.8
287.9
288
287.9
288.8
289.8
290.8
289.9
289.8
289.9
290.9
291.9
291.9
292
292
290.4
291.6
292.6
293.6
293.5
293.5
294.5
295.5
296.6
296.8
296.9
296.9
297.9
298.9
299.9
300.9
301
300
300.8
301.6
301.9
303.3
304.4
305.4
305.3
305.4
305.6
306.7
307
308
0
