 7.9
 7.7
 7.6
 7.4
15.1
23.7
36.1
44.3
53.7
61.4
68.0
77.0
83.2
90.1
96.2
 101
 106
 112
 118
 122
 129
 134
 138
 143
 146
 152
 156
 160
 165
 169
 174
 178
 183
 187
 190
 194
 197
 199
 202
 204
 207
 209
 212
 214
 217
 220
 222
 226
 228
 231
 233
 235
 238
 240
 242
 245
 246
 248
 250
 252
 254
 256
 258
 260
 261
 263
 265
 267
 268
 269
 270
 272
 273
 275
 276
 277
 279
 280
 282
 284
 285
 287
 288
 290
 291
 292
 293
 294
 296
 297
 299
 300
 301
 302
 303
 305
 306
 307
 308
 308
 309
 310
 312
 312
 314
 315
 315
 317
 317
 318
 320
 321
 322
 323
 324
 325
 326
 327
 328
 329
 330
 331
 332
 332
 334
 334
 335
 336
 337
 338
 339
 340
 341
 342
 343
 344
 345
 346
 347
 348
 349
 350
 351
 353
 354
 356
 356
 356
 357
 357
 358
 358
 359
 359
 360
 361
 361
 362
 363
 363
 364
 364
 365
 365
 365
 366
 367
 367
 367
 368
 369
 370
 371
 372
 372
 373
 373
 373
 374
 374
 374
 374
 375
 375
 376
 376
 376
 377
 377
 377
 378
 378
 378
 379
 379
 379
 379
 380
 380
 380
 381
 381
 382
 382
 382
 382
 383
 383
 384
 384
 384
 385
 385
 386
 386
 386
 387
 387
 388
 388
 388
 389
 389
 390
 390
 390
 391
 391
 392
 392
 392
 393
 393
 393
 393
 394
 394
 394
 395
 395
 395
 396
 396
 396
 396
 396
 397
 397
 397
 398
 398
 399
 400
 400
 401
 401
 401
 401
 402
 402
 402
 403
 403
 403
 404
 404
 405
 405
 405
 405
 406
 406
 406
 406
 407
 407
 407
 407
 408
 408
 408
 408
 409
 409
 409
 409
 410
 410
 410
 410
 410
 410
 410
 411
 411
 412
 412
 413
 413
 414
 414
 415
 415
 415
 415
 416
 416
 416
 416
 416
 417
 417
 417
 417
 417
 417
 418
 418
 418
 418
 419
 419
 419
 420
 420
 420
 420
 420
 420
 420
 420
 420
 421
 421
 421
 421
 421
 422
 422
 422
 423
 423
 423
 423
 423
 424
 424
 424
 424
 424
 424
 425
 425
 425
 425
 425
 425
 426
 426
 426
 426
 426
 427
 427
 427
 427
 427
 427
 427
 428
 428
 428
 428
 428
 428
 429
 429
 429
 429
 429
 430
 430
 430
 430
 430
 430
 430
 430
 430
 430
 431
 431
 431
 431
 431
 431
 431
 432
 432
 432
 432
 432
 432
 432
 432
 432
 433
 433
 433
 433
 433
 433
 433
 433
 433
 433
 433
 434
 434
 434
 434
 434
 434
 434
 434
 434
 434
 434
 434
 435
 434
 435
 435
 435
 435
 435
 435
 435
 435
 435
 435
 435
 436
 436
 436
 436
 436
 436
 436
 436
 436
 436
 436
 437
 437
 437
 437
 437
 437
 437
 437
 437
 437
 437
 437
 437
 437
 437
 437
 437
 437
 438
 438
 438
 438
 438
 438
 438
 438
 438
 438
 438
 438
 438
 438
 439
 439
 439
 439
 440
 440
 440
 440
 440
 440
 440
 440
 440
 440
 440
 440
 441
 441
 441
 441
 441
 441
 441
 441
 441
 441
 441
 442
 442
 442
 442
 442
 442
 442
 442
 443
 443
 443
 443
 443
 443
 443
 443
 443
 443
 443
 443
 443
 443
 443
 443
 443
 443
 443
 444
 444
 444
 444
 444
 444
 444
 444
 444
 444
 444
 444
 444
 444
 444
 444
 444
 444
 444
 445
 445
 445
 445
 445
 445
 445
 445
 445
 445
 446
 446
 446
 446
 446
 446
 446
 446
 446
 446
 446
 446
 447
 447
 447
 447
 447
 447
 447
 447
 447
 447
 447
 447
 448
 448
 448
 448
 448
 448
 448
 449
 449
 449
 449
 449
 449
 449
 450
 450
 450
 450
 450
 450
 450
 450
 450
 449
 449
