[Server Processing Threads Num: 1]
CPU monitor is enabled
Stats recorder is enabled
Rocksdb opened: /mnt/nofdb_data/db
Server listening on 0.0.0.0:50051
Server thread 140193260611328 bound to core 0

Timer is reset

===== Load Statistics
Total requests: 1638400
Total bytes: 107374182400
Avg latency (us): 75.05, P90 (us): 87.51, P99 (us): 98.68, P99.9 (us): 170.59
Avg CPU utilization (percent): 346.30
Eplased time (sec): 510.64
Throughput (MB/s): 200.53
QPS (k): 3.21

Timer is reset

===== Transaction Statistics
Total requests: 1000000
Total bytes: 65536000000
Avg latency (us): 91.22, P90 (us): 84.54, P99 (us): 97.18, P99.9 (us): 5342.69
Avg CPU utilization (percent): 394.08
Eplased time (sec): 346.61
Throughput (MB/s): 180.32
QPS (k): 2.89

NoFDB Server is shutting down......

