Heartbeat port addresses read from NoFDBConfig: 
    Node-0: 10.10.1.2:50050
    Node-1: 10.10.1.3:50050
    Node-2: 10.10.1.4:50050
===== Global Configure Table =====
    node_id: 0
    node_ip: 10.10.1.2
    maintainer_port: 50050
    remaining_cpu_cores: 00000000000000000000000000000000000000000000000000000000000000000000000000000000000000000000000000000000111111111111111000000000
    remaining_ports: 50055,50056,50057,50058,50059,50060,50061,50062,50063,50064,50065,50066
    kvses: 
        kvs_id: 0
        belong_to_node_id: 0
        required_cpu_core_num: 4
        using_cpu_cores: 
        using_ports: 50051,50052,50053,50054
        replications: 
            node_id: 0
            node_ip: trtype:rdma adrfam:IPv4 traddr:10.10.1.2 trsvcid:4420 subnqn:nqn.2024-12.io.spdk:0
        replications: 
            node_id: 1
            node_ip: trtype:rdma adrfam:IPv4 traddr:10.10.1.3 trsvcid:4420 subnqn:nqn.2024-12.io.spdk:1
        replications: 
            node_id: 2
            node_ip: trtype:rdma adrfam:IPv4 traddr:10.10.1.4 trsvcid:4420 subnqn:nqn.2024-12.io.spdk:2
    node_id: 1
    node_ip: 10.10.1.3
    maintainer_port: 50050
    remaining_cpu_cores: 00000000000000000000000000000000000000000000000000000000000000000000000000000000000000000000000000000000111111111111111000000000
    remaining_ports: 50055,50056,50057,50058,50059,50060,50061,50062,50063,50064,50065,50066
    kvses: 
        kvs_id: 0
        belong_to_node_id: 1
        required_cpu_core_num: 4
        using_cpu_cores: 
        using_ports: 50051,50052,50053,50054
        replications: 
            node_id: 0
            node_ip: trtype:rdma adrfam:IPv4 traddr:10.10.1.2 trsvcid:4420 subnqn:nqn.2024-12.io.spdk:0
        replications: 
            node_id: 1
            node_ip: trtype:rdma adrfam:IPv4 traddr:10.10.1.3 trsvcid:4420 subnqn:nqn.2024-12.io.spdk:1
        replications: 
            node_id: 2
            node_ip: trtype:rdma adrfam:IPv4 traddr:10.10.1.4 trsvcid:4420 subnqn:nqn.2024-12.io.spdk:2
    node_id: 2
    node_ip: 10.10.1.4
    maintainer_port: 50050
    remaining_cpu_cores: 00000000000000000000000000000000000000000000000000000000000000000000000000000000000000000000000000000000111111111111111000000000
    remaining_ports: 50055,50056,50057,50058,50059,50060,50061,50062,50063,50064,50065,50066
    kvses: 
        kvs_id: 0
        belong_to_node_id: 2
        required_cpu_core_num: 4
        using_cpu_cores: 
        using_ports: 50051,50052,50053,50054
        replications: 
            node_id: 0
            node_ip: trtype:rdma adrfam:IPv4 traddr:10.10.1.2 trsvcid:4420 subnqn:nqn.2024-12.io.spdk:0
        replications: 
            node_id: 1
            node_ip: trtype:rdma adrfam:IPv4 traddr:10.10.1.3 trsvcid:4420 subnqn:nqn.2024-12.io.spdk:1
        replications: 
            node_id: 2
            node_ip: trtype:rdma adrfam:IPv4 traddr:10.10.1.4 trsvcid:4420 subnqn:nqn.2024-12.io.spdk:2
==================================

fieldcount: 1
fieldlength: 1000
zero_padding: 20
recordcount: 200000000
operationcount: 200000000
oks: 1000000
oks: 1000000
oks: 1000000
oks: 1000000
oks: 1000000
oks: 1000000
oks: 1000000
oks: 1000000
oks: 1000000
oks: 1000000
oks: 1000000
oks: 1000000
oks: 1000000
oks: 1000000
oks: 1000000
oks: 1000000
oks: 1000000
oks: 1000000
oks: 1000000
oks: 1000000
oks: 1000000
oks: 1000000
oks: 1000000
oks: 1000000
oks: 1000000
oks: 1000000
oks: 1000000
oks: 1000000
oks: 1000000
oks: 1000000
oks: 1000000
oks: 1000000
oks: 1000000
oks: 1000000
oks: 1000000
oks: 1000000
oks: 1000000
oks: 1000000
oks: 1000000
oks: 1000000
oks: 1000000
oks: 1000000
oks: 1000000
oks: 1000000
oks: 1000000
oks: 1000000
oks: 1000000
oks: 1000000
oks: 2000000
oks: 2000000
oks: 2000000
oks: 2000000
oks: 2000000
oks: 2000000
oks: 2000000
oks: 2000000
oks: 2000000
oks: 2000000
oks: 2000000
oks: 2000000
oks: 2000000
oks: 2000000
oks: 2000000
oks: 2000000
oks: 2000000
oks: 2000000
oks: 2000000
oks: 2000000
oks: 2000000
oks: 2000000
oks: 2000000
oks: 2000000
oks: 2000000
oks: 2000000
oks: 2000000
oks: 2000000
oks: 2000000
oks: 2000000
oks: 2000000
oks: 2000000
oks: 2000000
oks: 2000000
oks: 2000000
oks: 2000000
oks: 2000000
oks: 2000000
oks: 2000000
oks: 2000000
oks: 2000000
oks: 2000000
oks: 2000000
oks: 2000000
oks: 2000000
oks: 2000000
oks: 2000000
oks: 2000000
oks: 3000000
oks: 3000000
oks: 3000000
oks: 3000000
oks: 3000000
oks: 3000000
oks: 3000000
oks: 3000000
oks: 3000000
oks: 3000000
oks: 3000000
oks: 3000000
oks: 3000000
oks: 3000000
oks: 3000000
oks: 3000000
oks: 3000000
oks: 3000000
oks: 3000000
oks: 3000000
oks: 3000000
oks: 3000000
oks: 3000000
oks: 3000000
oks: 3000000
oks: 3000000
oks: 3000000
oks: 3000000
oks: 3000000
oks: 3000000
oks: 3000000
oks: 3000000
oks: 3000000
oks: 3000000
oks: 3000000
oks: 3000000
oks: 3000000
oks: 3000000
oks: 3000000
oks: 3000000
oks: 3000000
oks: 3000000
oks: 3000000
oks: 3000000
oks: 3000000
oks: 3000000
oks: 3000000
oks: 3000000
oks: 4000000
oks: 4000000
oks: 4000000
oks: 4000000
oks: 4000000
oks: 4000000
oks: 4000000
oks: 4000000
oks: 4000000
oks: 4000000
oks: 4000000
oks: 4000000
oks: 4000000
oks: 4000000
oks: 4000000
oks: 4000000
oks: 4000000
oks: 4000000
oks: 4000000
oks: 4000000
oks: 4000000
oks: 4000000
oks: 4000000
oks: 4000000
oks: 4000000
oks: 4000000
oks: 4000000
oks: 4000000
oks: 4000000
oks: 4000000
oks: 4000000
oks: 4000000
oks: 4000000
oks: 4000000
oks: 4000000
oks: 4000000
oks: 4000000
oks: 4000000
oks: 4000000
oks: 4000000
oks: 4000000
oks: 4000000
oks: 4000000
oks: 4000000
oks: 4000000
oks: 4000000
oks: 4000000
oks: 4000000

nofdb	workloads/workloadg.spec	48
# Load duration (sec): 3217.54
# Loading records:	199999968
# Load throughput (KOPS): 62.1593
Count: 199999968  Average: 771.5691  StdDev: 2616.95
Percentiles(us): P50: 349.03 P90: 1454.11 P99: 5984.09 P99.9: 33775.09 P99.99: 65326.82
------------------------------------------------------
[      60,      70 )      39   0.000%   0.000% 
[      70,      80 )    1152   0.001%   0.001% 
[      80,      90 )    4052   0.002%   0.003% 
[      90,     100 )    6006   0.003%   0.006% 
[     100,     120 ) 10283462   5.142%   5.147% #
[     120,     140 ) 14725009   7.363%  12.510% #
[     140,     160 ) 7692627   3.846%  16.356% #
[     160,     180 ) 6131201   3.066%  19.422% #
[     180,     200 ) 5457727   2.729%  22.151% #
[     200,     250 ) 24628543  12.314%  34.465% ##
[     250,     300 ) 18102085   9.051%  43.516% ##
[     300,     350 ) 13225137   6.613%  50.129% #
[     350,     400 ) 11187441   5.594%  55.722% #
[     400,     450 ) 7965258   3.983%  59.705% #
[     450,     500 ) 6397413   3.199%  62.904% #
[     500,     600 ) 12823483   6.412%  69.315% #
[     600,     700 ) 10621721   5.311%  74.626% #
[     700,     800 ) 7513671   3.757%  78.383% #
[     800,     900 ) 5356292   2.678%  81.061% #
[     900,    1000 ) 4644173   2.322%  83.383% 
[    1000,    1200 ) 7189599   3.595%  86.978% #
[    1200,    1400 ) 5067636   2.534%  89.512% #
[    1400,    1600 ) 3608536   1.804%  91.316% 
[    1600,    1800 ) 2817455   1.409%  92.725% 
[    1800,    2000 ) 2119539   1.060%  93.785% 
[    2000,    2500 ) 3737681   1.869%  95.653% 
[    2500,    3000 ) 2316187   1.158%  96.812% 
[    3000,    3500 ) 1518991   0.759%  97.571% 
[    3500,    4000 ) 1016800   0.508%  98.079% 
[    4000,    4500 )  702201   0.351%  98.431% 
[    4500,    5000 )  501032   0.251%  98.681% 
[    5000,    6000 )  648132   0.324%  99.005% 
[    6000,    7000 )  382832   0.191%  99.197% 
[    7000,    8000 )  237871   0.119%  99.316% 
[    8000,    9000 )  154951   0.077%  99.393% 
[    9000,   10000 )  108353   0.054%  99.447% 
[   10000,   12000 )  155427   0.078%  99.525% 
[   12000,   14000 )  130400   0.065%  99.590% 
[   14000,   16000 )  122612   0.061%  99.651% 
[   16000,   18000 )   96310   0.048%  99.700% 
[   18000,   20000 )   79290   0.040%  99.739% 
[   20000,   25000 )  153197   0.077%  99.816% 
[   25000,   30000 )  107308   0.054%  99.869% 
[   30000,   35000 )   80973   0.040%  99.910% 
[   35000,   40000 )   54880   0.027%  99.937% 
[   40000,   45000 )   36460   0.018%  99.956% 
[   45000,   50000 )   26424   0.013%  99.969% 
[   50000,   60000 )   34054   0.017%  99.986% 
[   60000,   70000 )   15666   0.008%  99.994% 
[   70000,   80000 )    6437   0.003%  99.997% 
[   80000,   90000 )    2591   0.001%  99.998% 
[   90000,  100000 )     960   0.000%  99.999% 
[  100000,  120000 )    1008   0.001%  99.999% 
[  120000,  140000 )     353   0.000%  99.999% 
[  140000,  160000 )     195   0.000%  99.999% 
[  160000,  180000 )     175   0.000% 100.000% 
[  180000,  200000 )     130   0.000% 100.000% 
[  200000,  250000 )      51   0.000% 100.000% 
[  250000,  300000 )     131   0.000% 100.000% 
[  300000,  350000 )      49   0.000% 100.000% 
[  350000,  400000 )      63   0.000% 100.000% 
[  400000,  450000 )      98   0.000% 100.000% 
[  450000,  500000 )      77   0.000% 100.000% 
[  500000,  600000 )      73   0.000% 100.000% 
[  600000,  700000 )      50   0.000% 100.000% 
[  700000,  800000 )      73   0.000% 100.000% 
[  800000,  900000 )      21   0.000% 100.000% 
[ 1000000, 1200000 )      48   0.000% 100.000% 
[ 1200000, 1400000 )      48   0.000% 100.000% 
[ 1600000, 1800000 )      48   0.000% 100.000% 

Waiting 30s before performing transactions......
Starting performing transactions......

oks: 1000000
oks: 1000000
oks: 1000000
oks: 1000000
oks: 1000000
oks: 1000000
oks: 1000000
oks: 1000000
oks: 1000000
oks: 1000000
oks: 1000000
oks: 1000000
oks: 1000000
oks: 1000000
oks: 1000000
oks: 1000000
oks: 1000000
oks: 1000000
oks: 1000000
oks: 1000000
oks: 1000000
oks: 1000000
oks: 1000000
oks: 1000000
oks: 1000000
oks: 1000000
oks: 1000000
oks: 1000000
oks: 1000000
oks: 1000000
oks: 1000000
oks: 1000000
oks: 1000000
oks: 1000000
oks: 1000000
oks: 1000000
oks: 1000000
oks: 1000000
oks: 1000000
oks: 1000000
oks: 1000000
oks: 1000000
oks: 1000000
oks: 1000000
oks: 1000000
oks: 1000000
oks: 1000000
oks: 1000000
oks: 2000000
oks: 2000000
oks: 2000000
oks: 2000000
oks: 2000000
oks: 2000000
oks: 2000000
oks: 2000000
oks: 2000000
oks: 2000000
oks: 2000000
oks: 2000000
oks: 2000000
oks: 2000000
oks: 2000000
oks: 2000000
oks: 2000000
oks: 2000000
oks: 2000000
oks: 2000000
oks: 2000000
oks: 2000000
oks: 2000000
oks: 2000000
oks: 2000000
oks: 2000000
oks: 2000000
oks: 2000000
oks: 2000000
oks: 2000000
oks: 2000000
oks: 2000000
oks: 2000000
oks: 2000000
oks: 2000000
oks: 2000000
oks: 2000000
oks: 2000000
oks: 2000000
oks: 2000000
oks: 2000000
oks: 2000000
oks: 2000000
oks: 2000000
oks: 2000000
oks: 2000000
oks: 2000000
oks: 2000000
oks: 3000000
oks: 3000000
oks: 3000000
oks: 3000000
oks: 3000000
oks: 3000000
oks: 3000000
oks: 3000000
oks: 3000000
oks: 3000000
oks: 3000000
oks: 3000000
oks: 3000000
oks: 3000000
oks: 3000000
oks: 3000000
oks: 3000000
oks: 3000000
oks: 3000000
oks: 3000000
oks: 3000000
oks: 3000000
oks: 3000000
oks: 3000000
oks: 3000000
oks: 3000000
oks: 3000000
oks: 3000000
oks: 3000000
oks: 3000000
oks: 3000000
oks: 3000000
oks: 3000000
oks: 3000000
oks: 3000000
oks: 3000000
oks: 3000000
oks: 3000000
oks: 3000000
oks: 3000000
oks: 3000000
oks: 3000000
oks: 3000000
oks: 3000000
oks: 3000000
oks: 3000000
oks: 3000000
oks: 3000000
oks: 4000000
oks: 4000000
oks: 4000000
oks: 4000000
oks: 4000000
oks: 4000000
oks: 4000000
oks: 4000000
oks: 4000000
oks: 4000000
oks: 4000000
oks: 4000000
oks: 4000000
oks: 4000000
oks: 4000000
oks: 4000000
oks: 4000000
oks: 4000000
oks: 4000000
oks: 4000000
oks: 4000000
oks: 4000000
oks: 4000000
oks: 4000000
oks: 4000000
oks: 4000000
oks: 4000000
oks: 4000000
oks: 4000000
oks: 4000000
oks: 4000000
oks: 4000000
oks: 4000000
oks: 4000000
oks: 4000000
oks: 4000000
oks: 4000000
oks: 4000000
oks: 4000000
oks: 4000000
oks: 4000000
oks: 4000000
oks: 4000000
oks: 4000000
oks: 4000000
oks: 4000000
oks: 4000000
oks: 4000000
# Run duration (sec): 3721.02
# Run operations:	199999968
# Run throughput (KOPS): 53.7487
Count: 199999968  Average: 892.2867  StdDev: 3484.01
Percentiles(us): P50: 275.04 P90: 1639.25 P99: 8580.18 P99.9: 51157.83 P99.99: 105810.70
------------------------------------------------------
[      50,      60 )       1   0.000%   0.000% 
[      60,      70 )      97   0.000%   0.000% 
[      70,      80 )    2298   0.001%   0.001% 
[      80,      90 )    8025   0.004%   0.005% 
[      90,     100 )   12092   0.006%   0.011% 
[     100,     120 ) 16305803   8.153%   8.164% ##
[     120,     140 ) 19987560   9.994%  18.158% ##
[     140,     160 ) 8797795   4.399%  22.557% #
[     160,     180 ) 6625975   3.313%  25.870% #
[     180,     200 ) 6158180   3.079%  28.949% #
[     200,     250 ) 32185802  16.093%  45.042% ###
[     250,     300 ) 19801909   9.901%  54.943% ##
[     300,     350 ) 13403089   6.702%  61.644% #
[     350,     400 ) 10052255   5.026%  66.670% #
[     400,     450 ) 6275589   3.138%  69.808% #
[     450,     500 ) 4741677   2.371%  72.179% 
[     500,     600 ) 9383217   4.692%  76.871% #
[     600,     700 ) 6904508   3.452%  80.323% #
[     700,     800 ) 4396752   2.198%  82.521% 
[     800,     900 ) 3015187   1.508%  84.029% 
[     900,    1000 ) 2621433   1.311%  85.340% 
[    1000,    1200 ) 3902224   1.951%  87.291% 
[    1200,    1400 ) 2896855   1.448%  88.739% 
[    1400,    1600 ) 2160424   1.080%  89.819% 
[    1600,    1800 ) 1840677   0.920%  90.740% 
[    1800,    2000 ) 1554556   0.777%  91.517% 
[    2000,    2500 ) 3117235   1.559%  93.076% 
[    2500,    3000 ) 2496703   1.248%  94.324% 
[    3000,    3500 ) 2046670   1.023%  95.347% 
[    3500,    4000 ) 1743297   0.872%  96.219% 
[    4000,    4500 ) 1450507   0.725%  96.944% 
[    4500,    5000 ) 1206980   0.603%  97.548% 
[    5000,    6000 ) 1658620   0.829%  98.377% 
[    6000,    7000 )  813619   0.407%  98.784% 
[    7000,    8000 )  333368   0.167%  98.951% 
[    8000,    9000 )  170619   0.085%  99.036% 
[    9000,   10000 )  122111   0.061%  99.097% 
[   10000,   12000 )  209170   0.105%  99.201% 
[   12000,   14000 )  193888   0.097%  99.298% 
[   14000,   16000 )  171668   0.086%  99.384% 
[   16000,   18000 )  143822   0.072%  99.456% 
[   18000,   20000 )  116082   0.058%  99.514% 
[   20000,   25000 )  217724   0.109%  99.623% 
[   25000,   30000 )  169549   0.085%  99.708% 
[   30000,   35000 )  142733   0.071%  99.779% 
[   35000,   40000 )  105309   0.053%  99.832% 
[   40000,   45000 )   74635   0.037%  99.869% 
[   45000,   50000 )   53362   0.027%  99.896% 
[   50000,   60000 )   71833   0.036%  99.932% 
[   60000,   70000 )   49228   0.025%  99.956% 
[   70000,   80000 )   31932   0.016%  99.972% 
[   80000,   90000 )   19779   0.010%  99.982% 
[   90000,  100000 )   11963   0.006%  99.988% 
[  100000,  120000 )   12329   0.006%  99.994% 
[  120000,  140000 )    6233   0.003%  99.997% 
[  140000,  160000 )    2917   0.001%  99.999% 
[  160000,  180000 )    1128   0.001% 100.000% 
[  180000,  200000 )     520   0.000% 100.000% 
[  200000,  250000 )     298   0.000% 100.000% 
[  250000,  300000 )     109   0.000% 100.000% 
[ 1200000, 1400000 )      48   0.000% 100.000% 

