 9.8
 9.5
 9.2
22.1
41.4
63.7
81.8
 101
 120
 136
 152
 169
 183
 197
 211
 224
 234
 244
 256
 266
 276
 285
 295
 305
 314
 321
 328
 336
 343
 350
 357
 363
 370
 376
 383
 389
 395
 400
 405
 410
 415
 420
 425
 430
 435
 439
 444
 448
 453
 457
 462
 466
 469
 473
 477
 481
 484
 488
 491
 494
 497
 500
 503
 507
 509
 512
 515
 518
 521
 524
 526
 529
 533
 535
 538
 540
 543
 546
 548
 550
 553
 555
 557
 559
 562
 564
 566
 569
 571
 573
 576
 577
 580
 581
 583
 585
 587
 589
 591
 593
 594
 595
 597
 599
 600
 602
 603
 605
 607
 608
 609
 611
 612
 613
 615
 616
 617
 619
 620
 621
 622
 624
 625
 626
 628
 629
 630
 631
 632
 634
 635
 636
 637
 638
 639
 640
 641
 642
 643
 644
 645
 646
 647
 648
 648
 649
 651
 651
 652
 653
 654
 655
 656
 657
 657
 659
 659
 660
 661
 661
 662
 663
 664
 664
 666
 666
 667
 667
 668
 669
 670
 670
 671
 672
 672
 673
 673
 674
 675
 675
 676
 676
 677
 678
 678
 679
 679
 679
 680
 680
 681
 681
 682
 682
 683
 684
 684
 685
 686
 686
 687
 687
 688
 688
 688
 689
 689
 690
 690
 688
 687
 685
 684
 683
 681
 680
 678
 677
 677
 677
 678
 678
 679
 679
 678
 677
 676
 674
 673
 672
 670
 669
 668
 666
 665
 664
 663
 662
 660
 659
 658
 657
 656
 655
 653
 652
 651
 650
 649
 648
 646
 645
 644
 644
 642
 641
 640
 639
 638
 637
 636
 635
 634
 633
 632
 631
 630
 629
 628
 627
 626
 626
 624
 623
 622
 621
 620
 619
 619
 618
 617
 616
 615
 614
 613
 613
 612
 611
 610
 610
 609
 608
 607
 606
 605
 604
 604
 603
 602
 601
 600
 600
 599
 598
 597
 597
 596
 596
 595
 594
 594
 593
 592
 592
 591
 591
 590
 589
 589
 588
 587
 587
 586
 586
 585
 585
 584
 583
 583
 583
 582
 581
 581
 580
 580
 579
 579
 578
 577
 576
