 9.6
 9.3
 9.1
24.3
48.2
75.2
96.1
 115
 134
 149
 163
 178
 189
 200
 212
 223
 233
 243
 253
 262
 273
 281
 288
 300
 308
 316
 323
 330
 337
 344
 349
 356
 361
 366
 372
 378
 383
 388
 393
 397
 403
 408
 412
 417
 423
 428
 431
 436
 440
 444
 449
 451
 455
 459
 462
 466
 469
 473
 475
 478
 482
 485
 488
 492
 495
 498
 502
 505
 507
 511
 514
 516
 519
 522
 524
 526
 528
 530
 532
 536
 538
 540
 543
 545
 547
 549
 551
 554
 556
 558
 561
 562
 565
 567
 569
 571
 573
 575
 577
 578
 579
 581
 583
 585
 587
 589
 590
 592
 594
 595
 597
 598
 599
 601
 602
 604
 605
 606
 607
 608
 610
 610
 611
 613
 613
 615
 616
 617
 618
 619
 620
 621
 622
 623
 624
 625
 626
 627
 628
 629
 630
 630
 632
 632
 633
 634
 635
 635
 637
 637
 639
 639
 640
 641
 642
 642
 643
 644
 645
 646
 647
 647
 648
 648
 649
 649
 650
 650
 651
 651
 652
 653
 653
 654
 654
 655
 656
 656
 657
 658
 659
 659
 660
 661
 661
 662
 662
 663
 663
 663
 664
 664
 665
 666
 666
 666
 667
 667
 668
 668
 669
 669
 668
 666
 665
 664
 662
 661
 659
 658
 656
 654
 653
 652
 651
 650
 648
 647
 646
 645
 643
 642
 641
 640
 639
 637
 636
 635
 634
 633
 631
 631
 629
 628
 627
 626
 625
 624
 623
 622
 621
 620
 619
 617
 616
 615
 614
 615
 616
 617
 617
 618
 619
 619
 620
 621
 621
 622
 622
 622
 623
 624
 624
 623
 622
 621
 620
 619
 618
 617
 616
 616
 615
 614
 613
 612
 611
 610
 610
 609
 608
 607
 606
 606
 605
 604
 603
 602
 601
 600
 600
 599
 598
 597
 597
 596
 595
 594
 593
 593
 592
 591
 590
 590
 589
 588
 587
 586
 585
 585
 585
 584
 583
 583
 582
 582
 581
 581
 581
 580
 579
 579
 578
 578
 577
 577
 576
 576
 575
 575
 575
 574
 573
