 9.4
 9.1
 8.9
 8.7
 8.4
35.4
64.6
86.1
 103
 119
 138
 152
 165
 179
 190
 201
 212
 223
 232
 242
 252
 261
 268
 275
 285
 293
 300
 307
 315
 321
 327
 334
 339
 345
 352
 358
 363
 368
 375
 379
 384
 389
 395
 400
 404
 409
 413
 419
 425
 429
 434
 437
 443
 447
 450
 455
 459
 462
 466
 469
 473
 476
 480
 483
 486
 490
 493
 496
 499
 502
 505
 507
 510
 514
 516
 518
 521
 523
 526
 529
 531
 533
 535
 538
 540
 543
 545
 548
 550
 552
 554
 556
 558
 560
 562
 564
 566
 567
 569
 571
 573
 575
 576
 578
 579
 580
 582
 583
 584
 586
 588
 589
 591
 592
 593
 595
 596
 598
 599
 600
 602
 603
 604
 606
 607
 608
 609
 610
 611
 613
 614
 615
 616
 618
 619
 620
 621
 622
 623
 624
 624
 625
 626
 627
 628
 629
 630
 631
 632
 633
 633
 635
 635
 636
 638
 639
 639
 640
 641
 641
 643
 643
 644
 645
 645
 646
 646
 647
 648
 648
 649
 650
 651
 651
 652
 653
 654
 654
 655
 656
 656
 657
 658
 658
 659
 659
 660
 661
 661
 662
 662
 662
 663
 664
 664
 665
 666
 666
 667
 667
 668
 669
 669
 670
 670
 670
 671
 672
 672
 673
 673
 673
 674
 674
 673
 672
 671
 670
 668
 667
 666
 664
 664
 662
 661
 660
 659
 657
 656
 655
 654
 653
 652
 651
 649
 648
 647
 646
 645
 644
 642
 641
 641
 639
 638
 637
 636
 635
 634
 633
 632
 631
 630
 629
 628
 627
 626
 625
 624
 623
 622
 621
 620
 620
 619
 618
 617
 616
 615
 614
 613
 612
 611
 610
 610
 609
 608
 607
 606
 605
 604
 603
 603
 602
 602
 601
 600
 600
 599
 598
 598
 597
 597
 596
 595
 595
 594
 594
 593
 594
 593
 593
 593
 593
 594
 595
 595
 596
 597
 597
 598
 598
 597
 597
 596
 596
 595
 595
 594
 594
 593
 592
 592
 591
 591
 590
 590
 589
 589
 588
 588
 588
 587
 587
 586
 586
 585
 585
 584
 584
 583
 583
 582
 582
 582
 581
 581
 580
 580
 579
 579
 579
 578
 578
 577
 577
 576
 576
 576
 575
 574
 573
