 9.5
 9.3
 9.0
28.8
56.7
79.9
99.4
 118
 139
 155
 170
 184
 197
 209
 221
 232
 242
 254
 264
 273
 283
 294
 303
 311
 320
 329
 337
 345
 352
 359
 365
 372
 378
 385
 393
 399
 404
 410
 416
 422
 426
 433
 438
 443
 448
 452
 457
 463
 467
 472
 476
 481
 485
 488
 493
 497
 500
 504
 507
 510
 514
 517
 520
 522
 526
 529
 532
 535
 538
 542
 545
 547
 550
 552
 554
 557
 559
 562
 563
 565
 569
 570
 572
 575
 577
 579
 582
 584
 586
 588
 590
 592
 594
 596
 598
 600
 602
 604
 605
 607
 608
 610
 612
 614
 616
 618
 619
 620
 622
 623
 625
 626
 627
 629
 630
 631
 633
 634
 635
 636
 637
 638
 639
 641
 641
 642
 644
 645
 646
 647
 648
 649
 649
 651
 651
 652
 653
 654
 655
 656
 657
 658
 659
 660
 661
 662
 663
 663
 664
 664
 664
 665
 666
 667
 668
 668
 670
 670
 671
 673
 673
 675
 675
 676
 677
 677
 678
 678
 679
 680
 680
 681
 681
 682
 683
 684
 685
 685
 686
 687
 687
 687
 688
 688
 689
 689
 690
 690
 691
 692
 692
 693
 693
 693
 694
 695
 695
 696
 696
 697
 697
 698
 698
 699
 699
 699
 698
 696
 695
 693
 692
 690
 689
 687
 686
 685
 683
 682
 680
 679
 678
 676
 675
 674
 672
 671
 670
 668
 667
 666
 664
 663
 662
 661
 659
 658
 656
 655
 654
 655
 655
 653
 652
 651
 650
 649
 648
 647
 646
 645
 644
 643
 642
 641
 640
 639
 638
 637
 636
 635
 634
 633
 632
 631
 630
 629
 628
 627
 626
 625
 624
 624
 623
 622
 621
 620
 619
 618
 617
 616
 615
 614
 613
 612
 612
 611
 610
 609
 608
 608
 607
 606
 606
 605
 604
 604
 603
 602
 602
 601
 600
 600
 599
 599
 598
 597
 597
 596
 595
 595
 594
 594
 593
 593
 592
 591
 591
 590
 590
 589
 589
 588
 588
 587
 586
 586
 585
 585
 584
 584
 583
 583
 582
 582
 581
 581
 581
 580
 580
 579
 579
 578
 578
 577
 577
 576
 576
 575
 575
 575
 574
 574
 573
 573
 572
 571
