 598
 597
 596
 595
 594
 594
 593
 593
 592
 592
 591
 591
 590
 589
 589
 588
 588
 587
 587
 586
 585
 585
 585
 584
 584
 583
 583
 582
 581
 581
 581
 580
 579
 579
 578
 578
 577
 577
 576
 576
 575
 574
 574
 573
 573
 572
 572
 571
 571
 570
 570
 569
 569
 568
 568
 567
 567
 566
 566
 565
 565
 564
 564
 563
 563
 562
 562
 561
 561
 560
 560
 559
 559
 560
 560
 560
 561
 561
 561
 562
 562
 562
 563
 563
 563
 563
 564
 564
 564
 564
 565
 565
 565
 565
 566
 566
 566
 566
 567
 567
 567
 568
 568
 568
 568
 569
 569
 569
 569
 568
 568
 567
 567
 567
 566
 566
 565
 565
 564
 564
 563
 563
 563
 562
 562
 561
 561
 560
 560
 560
 559
 559
 558
 558
 558
 557
 557
 556
 556
 556
 555
 555
 555
 554
 554
 554
 553
 553
 553
 552
 552
 552
 551
 551
 551
 550
 550
 550
 549
 549
 549
 548
 548
 548
 547
 547
 547
 547
 546
 546
 545
 546
 546
 546
 546
 547
 547
 547
 548
 548
 548
 549
 549
 549
 550
 550
 550
 551
 551
 551
 551
 552
 552
 552
 553
 553
 553
 553
 554
 554
 554
 555
 555
 555
 555
 556
 556
 556
 556
 556
 557
 557
 557
 557
 557
 558
 558
 558
 559
 559
 559
 559
 559
 559
 560
 560
 559
 559
 559
 558
 558
 557
 557
 557
 556
 556
 555
 555
 554
 554
 554
 553
 553
 553
 552
 552
 552
 551
 551
 551
 550
 550
 550
 549
 549
 549
 548
 548
 548
 548
 547
 547
 547
 547
 546
 546
 546
 546
 545
 545
 545
 545
 544
 544
 544
 544
 545
 545
 545
 546
 546
 546
 547
 547
 547
 547
 548
 548
 548
 549
 549
 549
 550
 550
 550
 551
 551
 551
 551
 552
 552
 552
 553
 553
 553
 554
 553
 553
 553
 553
 553
 552
 552
 552
 551
 551
 551
 551
 551
 550
 550
 550
 550
 549
 549
 549
 549
 548
 548
 548
 548
 548
 548
 547
 547
 547
 547
 548
 548
 548
 548
 549
 549
 549
 549
 550
 550
 550
 550
 551
 551
 551
 551
 552
 552
 552
 552
 552
 552
 552
 553
 553
 553
 553
 554
 554
 554
 554
 554
 555
 555
 555
 555
 555
 556
 556
 556
 556
 556
 557
 556
 555
