 566
 565
 564
 565
 570
 574
 579
 584
 588
 592
 597
 602
 606
 611
 613
 617
 620
 623
 626
 629
 632
 635
 638
 641
 644
 647
 650
 653
 656
 659
 662
 665
 668
 670
 673
 676
 679
 682
 685
 687
 690
 693
 696
 699
 701
 704
 707
 710
 712
 715
 718
 721
 724
 727
 730
 733
 736
 739
 742
 745
 748
 751
 754
 757
 760
 763
 766
 769
 772
 775
 777
 780
 783
 785
 788
 791
 794
 797
 799
 802
 805
 808
 810
 813
 816
 819
 821
 824
 827
 829
 832
 834
 837
 839
 842
 845
 847
 850
 851
 853
 854
 856
 857
 858
 860
 861
 862
 864
 865
 867
 868
 870
 871
 873
 874
 875
 877
 878
 880
 881
 882
 884
 885
 887
 888
 889
 891
 892
 894
 895
 896
 898
 899
 901
 902
 903
 905
 906
 908
 909
 910
 912
 913
 914
 916
 917
 919
 920
 922
 923
 924
 926
 927
 929
 930
 932
 933
 934
 935
 936
 936
 937
 938
 938
 939
 940
 941
 941
 942
 943
 944
 944
 945
 946
 947
 947
 948
 949
 949
 950
 951
 951
 952
 953
 953
 954
 955
 955
 956
 957
 957
 958
 959
 959
 960
 961
 962
 962
 963
 964
 964
 965
 966
 966
 967
 968
 969
 969
 970
 971
 971
 972
 973
 974
 975
 976
 976
 977
 978
 978
 978
 978
 978
 979
 979
 978
 976
