Heartbeat port addresses read from NoFDBConfig: 
    Node-0: 10.10.1.2:50050
    Node-1: 10.10.1.3:50050
    Node-2: 10.10.1.4:50050
===== Global Configure Table =====
    node_id: 0
    node_ip: 10.10.1.2
    maintainer_port: 50050
    remaining_cpu_cores: 00000000000000000000000000000000000000000000000000000000000000000000000000000000000000000000000000000000111000000000000000000000
    remaining_ports: 
    kvses: 
        kvs_id: 0
        belong_to_node_id: 0
        required_cpu_core_num: 16
        using_cpu_cores: 
        using_ports: 50051,50052,50053,50054,50055,50056,50057,50058,50059,50060,50061,50062,50063,50064,50065,50066
        replications: 
            node_id: 0
            node_ip: trtype:rdma adrfam:IPv4 traddr:10.10.1.2 trsvcid:4420 subnqn:nqn.2024-12.io.spdk:0
        replications: 
            node_id: 1
            node_ip: trtype:rdma adrfam:IPv4 traddr:10.10.1.3 trsvcid:4420 subnqn:nqn.2024-12.io.spdk:1
        replications: 
            node_id: 2
            node_ip: trtype:rdma adrfam:IPv4 traddr:10.10.1.4 trsvcid:4420 subnqn:nqn.2024-12.io.spdk:2
    node_id: 1
    node_ip: 10.10.1.3
    maintainer_port: 50050
    remaining_cpu_cores: 00000000000000000000000000000000000000000000000000000000000000000000000000000000000000000000000000000000111000000000000000000000
    remaining_ports: 
    kvses: 
        kvs_id: 0
        belong_to_node_id: 1
        required_cpu_core_num: 16
        using_cpu_cores: 
        using_ports: 50051,50052,50053,50054,50055,50056,50057,50058,50059,50060,50061,50062,50063,50064,50065,50066
        replications: 
            node_id: 0
            node_ip: trtype:rdma adrfam:IPv4 traddr:10.10.1.2 trsvcid:4420 subnqn:nqn.2024-12.io.spdk:0
        replications: 
            node_id: 1
            node_ip: trtype:rdma adrfam:IPv4 traddr:10.10.1.3 trsvcid:4420 subnqn:nqn.2024-12.io.spdk:1
        replications: 
            node_id: 2
            node_ip: trtype:rdma adrfam:IPv4 traddr:10.10.1.4 trsvcid:4420 subnqn:nqn.2024-12.io.spdk:2
    node_id: 2
    node_ip: 10.10.1.4
    maintainer_port: 50050
    remaining_cpu_cores: 00000000000000000000000000000000000000000000000000000000000000000000000000000000000000000000000000000000111000000000000000000000
    remaining_ports: 
    kvses: 
        kvs_id: 0
        belong_to_node_id: 2
        required_cpu_core_num: 16
        using_cpu_cores: 
        using_ports: 50051,50052,50053,50054,50055,50056,50057,50058,50059,50060,50061,50062,50063,50064,50065,50066
        replications: 
            node_id: 0
            node_ip: trtype:rdma adrfam:IPv4 traddr:10.10.1.2 trsvcid:4420 subnqn:nqn.2024-12.io.spdk:0
        replications: 
            node_id: 1
            node_ip: trtype:rdma adrfam:IPv4 traddr:10.10.1.3 trsvcid:4420 subnqn:nqn.2024-12.io.spdk:1
        replications: 
            node_id: 2
            node_ip: trtype:rdma adrfam:IPv4 traddr:10.10.1.4 trsvcid:4420 subnqn:nqn.2024-12.io.spdk:2
==================================

fieldcount: 1
fieldlength: 1000
zero_padding: 20
recordcount: 200000000
operationcount: 200000000
oks: 1000000
oks: 1000000
oks: 1000000
oks: 1000000
oks: 1000000
oks: 1000000
oks: 1000000
oks: 1000000
oks: 1000000
oks: 1000000
oks: 1000000
oks: 1000000
oks: 1000000
oks: 1000000
oks: 1000000
oks: 1000000
oks: 1000000
oks: 1000000
oks: 1000000
oks: 1000000
oks: 1000000
oks: 1000000
oks: 1000000
oks: 1000000
oks: 1000000
oks: 1000000
oks: 1000000
oks: 1000000
oks: 1000000
oks: 1000000
oks: 1000000
oks: 1000000
oks: 1000000
oks: 1000000
oks: 1000000
oks: 1000000
oks: 1000000
oks: 1000000
oks: 1000000
oks: 1000000
oks: 1000000
oks: 1000000
oks: 1000000
oks: 1000000
oks: 1000000
oks: 1000000
oks: 1000000
oks: 1000000
oks: 2000000
oks: 2000000
oks: 2000000
oks: 2000000
oks: 2000000
oks: 2000000
oks: 2000000
oks: 2000000
oks: 2000000
oks: 2000000
oks: 2000000
oks: 2000000
oks: 2000000
oks: 2000000
oks: 2000000
oks: 2000000
oks: 2000000
oks: 2000000
oks: 2000000
oks: 2000000
oks: 2000000
oks: 2000000
oks: 2000000
oks: 2000000
oks: 2000000
oks: 2000000
oks: 2000000
oks: 2000000
oks: 2000000
oks: 2000000
oks: 2000000
oks: 2000000
oks: 2000000
oks: 2000000
oks: 2000000
oks: 2000000
oks: 2000000
oks: 2000000
oks: 2000000
oks: 2000000
oks: 2000000
oks: 2000000
oks: 2000000
oks: 2000000
oks: 2000000
oks: 2000000
oks: 2000000
oks: 2000000
oks: 3000000
oks: 3000000
oks: 3000000
oks: 3000000
oks: 3000000
oks: 3000000
oks: 3000000
oks: 3000000
oks: 3000000
oks: 3000000
oks: 3000000
oks: 3000000
oks: 3000000
oks: 3000000
oks: 3000000
oks: 3000000
oks: 3000000
oks: 3000000
oks: 3000000
oks: 3000000
oks: 3000000
oks: 3000000
oks: 3000000
oks: 3000000
oks: 3000000
oks: 3000000
oks: 3000000
oks: 3000000
oks: 3000000
oks: 3000000
oks: 3000000
oks: 3000000
oks: 3000000
oks: 3000000
oks: 3000000
oks: 3000000
oks: 3000000
oks: 3000000
oks: 3000000
oks: 3000000
oks: 3000000
oks: 3000000
oks: 3000000
oks: 3000000
oks: 3000000
oks: 3000000
oks: 3000000
oks: 3000000
oks: 4000000
oks: 4000000
oks: 4000000
oks: 4000000
oks: 4000000
oks: 4000000
oks: 4000000
oks: 4000000
oks: 4000000
oks: 4000000
oks: 4000000
oks: 4000000
oks: 4000000
oks: 4000000
oks: 4000000
oks: 4000000
oks: 4000000
oks: 4000000
oks: 4000000
oks: 4000000
oks: 4000000
oks: 4000000
oks: 4000000
oks: 4000000
oks: 4000000
oks: 4000000
oks: 4000000
oks: 4000000
oks: 4000000
oks: 4000000
oks: 4000000
oks: 4000000
oks: 4000000
oks: 4000000
oks: 4000000
oks: 4000000
oks: 4000000
oks: 4000000
oks: 4000000
oks: 4000000
oks: 4000000
oks: 4000000
oks: 4000000
oks: 4000000
oks: 4000000
oks: 4000000
oks: 4000000
oks: 4000000

nofdb	workloads/workloadg.spec	48
# Load duration (sec): 1699.24
# Loading records:	199999968
# Load throughput (KOPS): 117.7
Count: 199999968  Average: 407.3155  StdDev: 4383.86
Percentiles(us): P50: 218.83 P90: 438.58 P99: 2764.76 P99.9: 32636.46 P99.99: 125554.07
------------------------------------------------------
[      60,      70 )      50   0.000%   0.000% 
[      70,      80 )     570   0.000%   0.000% 
[      80,      90 )    2705   0.001%   0.002% 
[      90,     100 )    5067   0.003%   0.004% 
[     100,     120 ) 14347282   7.174%   7.178% #
[     120,     140 ) 40096117  20.048%  27.226% ####
[     140,     160 ) 12455483   6.228%  33.454% #
[     160,     180 ) 8588882   4.294%  37.748% #
[     180,     200 ) 8192733   4.096%  41.844% #
[     200,     250 ) 43310065  21.655%  63.499% ####
[     250,     300 ) 25398234  12.699%  76.199% ###
[     300,     350 ) 14658732   7.329%  83.528% #
[     350,     400 ) 9496020   4.748%  88.276% #
[     400,     450 ) 4468291   2.234%  90.510% 
[     450,     500 ) 2889938   1.445%  91.955% 
[     500,     600 ) 4735498   2.368%  94.323% 
[     600,     700 ) 2501744   1.251%  95.574% 
[     700,     800 ) 1373120   0.687%  96.260% 
[     800,     900 )  731325   0.366%  96.626% 
[     900,    1000 )  534399   0.267%  96.893% 
[    1000,    1200 )  816659   0.408%  97.301% 
[    1200,    1400 )  562772   0.281%  97.583% 
[    1400,    1600 )  516594   0.258%  97.841% 
[    1600,    1800 )  473761   0.237%  98.078% 
[    1800,    2000 )  485956   0.243%  98.321% 
[    2000,    2500 ) 1013741   0.507%  98.828% 
[    2500,    3000 )  650085   0.325%  99.153% 
[    3000,    3500 )  369650   0.185%  99.338% 
[    3500,    4000 )  216472   0.108%  99.446% 
[    4000,    4500 )  142774   0.071%  99.517% 
[    4500,    5000 )   98243   0.049%  99.566% 
[    5000,    6000 )  118068   0.059%  99.626% 
[    6000,    7000 )   64258   0.032%  99.658% 
[    7000,    8000 )   40808   0.020%  99.678% 
[    8000,    9000 )   30085   0.015%  99.693% 
[    9000,   10000 )   24982   0.012%  99.706% 
[   10000,   12000 )   50785   0.025%  99.731% 
[   12000,   14000 )   89755   0.045%  99.776% 
[   14000,   16000 )   52073   0.026%  99.802% 
[   16000,   18000 )   41247   0.021%  99.823% 
[   18000,   20000 )   31899   0.016%  99.838% 
[   20000,   25000 )   57188   0.029%  99.867% 
[   25000,   30000 )   44934   0.022%  99.890% 
[   30000,   35000 )   39682   0.020%  99.909% 
[   35000,   40000 )   29567   0.015%  99.924% 
[   40000,   45000 )   19823   0.010%  99.934% 
[   45000,   50000 )   17951   0.009%  99.943% 
[   50000,   60000 )   28495   0.014%  99.957% 
[   60000,   70000 )   19250   0.010%  99.967% 
[   70000,   80000 )   14726   0.007%  99.974% 
[   80000,   90000 )   10265   0.005%  99.979% 
[   90000,  100000 )    7912   0.004%  99.983% 
[  100000,  120000 )   11391   0.006%  99.989% 
[  120000,  140000 )    6705   0.003%  99.992% 
[  140000,  160000 )    4316   0.002%  99.995% 
[  160000,  180000 )    2897   0.001%  99.996% 
[  180000,  200000 )    2245   0.001%  99.997% 
[  200000,  250000 )    2959   0.001%  99.999% 
[  250000,  300000 )    1228   0.001%  99.999% 
[  300000,  350000 )     530   0.000% 100.000% 
[  350000,  400000 )     279   0.000% 100.000% 
[  400000,  450000 )     158   0.000% 100.000% 
[  450000,  500000 )      43   0.000% 100.000% 
[  500000,  600000 )      85   0.000% 100.000% 
[  600000,  700000 )      28   0.000% 100.000% 
[  700000,  800000 )      23   0.000% 100.000% 
[  800000,  900000 )      47   0.000% 100.000% 
[  900000, 1000000 )      18   0.000% 100.000% 
[ 1000000, 1200000 )      42   0.000% 100.000% 
[ 1200000, 1400000 )      47   0.000% 100.000% 
[ 1400000, 1600000 )      29   0.000% 100.000% 
[ 1600000, 1800000 )      14   0.000% 100.000% 
[ 1800000, 2000000 )       8   0.000% 100.000% 
[ 2000000, 2500000 )      29   0.000% 100.000% 
[ 2500000, 3000000 )      28   0.000% 100.000% 
[ 3000000, 3500000 )      31   0.000% 100.000% 
[ 3500000, 4000000 )      30   0.000% 100.000% 
[ 4000000, 4500000 )      43   0.000% 100.000% 

Waiting 30s before performing transactions......
Starting performing transactions......

oks: 1000000
oks: 1000000
oks: 1000000
oks: 1000000
oks: 1000000
oks: 1000000
oks: 1000000
oks: 1000000
oks: 1000000
oks: 1000000
oks: 1000000
oks: 1000000
oks: 1000000
oks: 1000000
oks: 1000000
oks: 1000000
oks: 1000000
oks: 1000000
oks: 1000000
oks: 1000000
oks: 1000000
oks: 1000000
oks: 1000000
oks: 1000000
oks: 1000000
oks: 1000000
oks: 1000000
oks: 1000000
oks: 1000000
oks: 1000000
oks: 1000000
oks: 1000000
oks: 1000000
oks: 1000000
oks: 1000000
oks: 1000000
oks: 1000000
oks: 1000000
oks: 1000000
oks: 1000000
oks: 1000000
oks: 1000000
oks: 1000000
oks: 1000000
oks: 1000000
oks: 1000000
oks: 1000000
oks: 1000000
oks: 2000000
oks: 2000000
oks: 2000000
oks: 2000000
oks: 2000000
oks: 2000000
oks: 2000000
oks: 2000000
oks: 2000000
oks: 2000000
oks: 2000000
oks: 2000000
oks: 2000000
oks: 2000000
oks: 2000000
oks: 2000000
oks: 2000000
oks: 2000000
oks: 2000000
oks: 2000000
oks: 2000000
oks: 2000000
oks: 2000000
oks: 2000000
oks: 2000000
oks: 2000000
oks: 2000000
oks: 2000000
oks: 2000000
oks: 2000000
oks: 2000000
oks: 2000000
oks: 2000000
oks: 2000000
oks: 2000000
oks: 2000000
oks: 2000000
oks: 2000000
oks: 2000000
oks: 2000000
oks: 2000000
oks: 2000000
oks: 2000000
oks: 2000000
oks: 2000000
oks: 2000000
oks: 2000000
oks: 2000000
oks: 3000000
oks: 3000000
oks: 3000000
oks: 3000000
oks: 3000000
oks: 3000000
oks: 3000000
oks: 3000000
oks: 3000000
oks: 3000000
oks: 3000000
oks: 3000000
oks: 3000000
oks: 3000000
oks: 3000000
oks: 3000000
oks: 3000000
oks: 3000000
oks: 3000000
oks: 3000000
oks: 3000000
oks: 3000000
oks: 3000000
oks: 3000000
oks: 3000000
oks: 3000000
oks: 3000000
oks: 3000000
oks: 3000000
oks: 3000000
oks: 3000000
oks: 3000000
oks: 3000000
oks: 3000000
oks: 3000000
oks: 3000000
oks: 3000000
oks: 3000000
oks: 3000000
oks: 3000000
oks: 3000000
oks: 3000000
oks: 3000000
oks: 3000000
oks: 3000000
oks: 3000000
oks: 3000000
oks: 3000000
oks: 4000000
oks: 4000000
oks: 4000000
oks: 4000000
oks: 4000000
oks: 4000000
oks: 4000000
oks: 4000000
oks: 4000000
oks: 4000000
oks: 4000000
oks: 4000000
oks: 4000000
oks: 4000000
oks: 4000000
oks: 4000000
oks: 4000000
oks: 4000000
oks: 4000000
oks: 4000000
oks: 4000000
oks: 4000000
oks: 4000000
oks: 4000000
oks: 4000000
oks: 4000000
oks: 4000000
oks: 4000000
oks: 4000000
oks: 4000000
oks: 4000000
oks: 4000000
oks: 4000000
oks: 4000000
oks: 4000000
oks: 4000000
oks: 4000000
oks: 4000000
oks: 4000000
oks: 4000000
oks: 4000000
oks: 4000000
oks: 4000000
oks: 4000000
oks: 4000000
oks: 4000000
oks: 4000000
oks: 4000000
# Run duration (sec): 2180.97
# Run operations:	199999968
# Run throughput (KOPS): 91.7024
Count: 199999968  Average: 522.6446  StdDev: 3190.18
Percentiles(us): P50: 202.54 P90: 393.78 P99: 4959.94 P99.9: 45250.67 P99.99: 105674.36
------------------------------------------------------
[      60,      70 )      86   0.000%   0.000% 
[      70,      80 )    1476   0.001%   0.001% 
[      80,      90 )    6039   0.003%   0.004% 
[      90,     100 )    8711   0.004%   0.008% 
[     100,     120 ) 35332496  17.666%  17.674% ####
[     120,     140 ) 39873232  19.937%  37.611% ####
[     140,     160 ) 8907599   4.454%  42.065% #
[     160,     180 ) 6375533   3.188%  45.253% #
[     180,     200 ) 6874190   3.437%  48.690% #
[     200,     250 ) 51492030  25.746%  74.436% #####
[     250,     300 ) 17859990   8.930%  83.366% ##
[     300,     350 ) 9066778   4.533%  87.899% #
[     350,     400 ) 4798841   2.399%  90.299% 
[     400,     450 ) 1980743   0.990%  91.289% 
[     450,     500 ) 1282772   0.641%  91.930% 
[     500,     600 ) 2172732   1.086%  93.017% 
[     600,     700 ) 1078426   0.539%  93.556% 
[     700,     800 )  615552   0.308%  93.864% 
[     800,     900 )  459601   0.230%  94.093% 
[     900,    1000 )  417987   0.209%  94.302% 
[    1000,    1200 )  716327   0.358%  94.661% 
[    1200,    1400 )  669453   0.335%  94.995% 
[    1400,    1600 )  627840   0.314%  95.309% 
[    1600,    1800 )  614478   0.307%  95.616% 
[    1800,    2000 )  607142   0.304%  95.920% 
[    2000,    2500 ) 1446716   0.723%  96.643% 
[    2500,    3000 ) 1363254   0.682%  97.325% 
[    3000,    3500 ) 1179659   0.590%  97.915% 
[    3500,    4000 )  979163   0.490%  98.404% 
[    4000,    4500 )  745295   0.373%  98.777% 
[    4500,    5000 )  484654   0.242%  99.019% 
[    5000,    6000 )  421289   0.211%  99.230% 
[    6000,    7000 )  148920   0.074%  99.305% 
[    7000,    8000 )   86720   0.043%  99.348% 
[    8000,    9000 )   66488   0.033%  99.381% 
[    9000,   10000 )   60260   0.030%  99.411% 
[   10000,   12000 )  126895   0.063%  99.475% 
[   12000,   14000 )  122369   0.061%  99.536% 
[   14000,   16000 )   95993   0.048%  99.584% 
[   16000,   18000 )   81932   0.041%  99.625% 
[   18000,   20000 )   68131   0.034%  99.659% 
[   20000,   25000 )  144637   0.072%  99.731% 
[   25000,   30000 )  121076   0.061%  99.792% 
[   30000,   35000 )   95933   0.048%  99.840% 
[   35000,   40000 )   69546   0.035%  99.875% 
[   40000,   45000 )   49070   0.025%  99.899% 
[   45000,   50000 )   38178   0.019%  99.918% 
[   50000,   60000 )   56986   0.028%  99.947% 
[   60000,   70000 )   37716   0.019%  99.965% 
[   70000,   80000 )   22967   0.011%  99.977% 
[   80000,   90000 )   14387   0.007%  99.984% 
[   90000,  100000 )    9021   0.005%  99.989% 
[  100000,  120000 )    9372   0.005%  99.993% 
[  120000,  140000 )    5756   0.003%  99.996% 
[  140000,  160000 )    3281   0.002%  99.998% 
[  160000,  180000 )    1816   0.001%  99.999% 
[  180000,  200000 )    1038   0.001%  99.999% 
[  200000,  250000 )     756   0.000% 100.000% 
[  250000,  300000 )     335   0.000% 100.000% 
[  300000,  350000 )      38   0.000% 100.000% 
[  350000,  400000 )      27   0.000% 100.000% 
[  400000,  450000 )       1   0.000% 100.000% 
[  450000,  500000 )      37   0.000% 100.000% 
[  500000,  600000 )      10   0.000% 100.000% 
[  600000,  700000 )       8   0.000% 100.000% 
[  700000,  800000 )      52   0.000% 100.000% 
[  800000,  900000 )      17   0.000% 100.000% 
[  900000, 1000000 )      48   0.000% 100.000% 
[ 1000000, 1200000 )      19   0.000% 100.000% 
[ 1600000, 1800000 )      48   0.000% 100.000% 

