8.2
63.8
130.1
172.3
192.1
197.7
203.4
200.1
203.6
206.7
209.2
211.4
217
218.2
219.7
221.2
222.2
223.1
223.7
224.7
226
227.4
231.2
232.1
232.5
232.8
233.4
233.6
234.1
234.4
234.2
234.3
236.6
238.2
239.2
239.1
239.4
239.3
239.3
239.4
239.2
239.3
240.6
242.7
244.1
244
243.9
244
244.1
244.5
244.4
244.6
245.5
247.1
248
247.7
247.4
247.3
247.2
247.7
247.5
245.9
246.8
248
249.3
249.7
249.4
249.3
249.2
249
248.8
248.6
249.4
250.4
251.4
251.1
251
250.9
250.7
250.8
250.7
250.6
251.5
252.4
253.4
253.3
253.3
253.1
252.9
252.8
252.9
252.8
253.6
254.3
255.2
255.6
255.5
255.3
255.1
254.9
254.7
254.7
255.3
256
256.7
256.7
256.9
256.9
256.9
256.7
256.5
256.6
256.9
256.9
257.9
257.5
257.5
257.5
257.6
257.6
256.6
256.7
257.7
257.7
258.7
258.7
258.8
258.8
258.8
258.8
258.8
258.9
258.9
260
260
261
261
260.1
260.1
260.1
260.1
260.1
260.1
261.1
261.1
262.1
262.1
261.1
261.1
261.1
261.1
261.1
261.1
262.1
