fieldlength: 4096
recordcount: 26214400

nofdb	workloads/nofdb.spec	1
# Load duration (sec): 4007.41
# Loading records:	26214400
# Load throughput (KOPS): 6.54149
Count: 26214400  Average: 152.5966  StdDev: 22.00
Percentiles(us): P50: 150.12 P90: 158.22 P99: 163.50 P99.9: 188.53 P99.99: 347.54
------------------------------------------------------
[     140,     160 ) 25903278  98.813%  98.813% ####################
[     160,     180 )  279674   1.067%  99.880% 
[     180,     200 )   12275   0.047%  99.927% 
[     200,     250 )    9001   0.034%  99.961% 
[     250,     300 )    4893   0.019%  99.980% 
[     300,     350 )    2795   0.011%  99.991% 
[     350,     400 )    1211   0.005%  99.995% 
[     400,     450 )     572   0.002%  99.997% 
[     450,     500 )     264   0.001%  99.998% 
[     500,     600 )     131   0.000%  99.999% 
[     600,     700 )      27   0.000%  99.999% 
[     700,     800 )      22   0.000%  99.999% 
[     800,     900 )      16   0.000%  99.999% 
[     900,    1000 )       9   0.000%  99.999% 
[    1000,    1200 )       4   0.000%  99.999% 
[    1200,    1400 )     175   0.001% 100.000% 
[    1400,    1600 )       4   0.000% 100.000% 
[    1600,    1800 )       2   0.000% 100.000% 
[    1800,    2000 )      22   0.000% 100.000% 
[    2000,    2500 )      12   0.000% 100.000% 
[    2500,    3000 )       7   0.000% 100.000% 
[    3000,    3500 )       1   0.000% 100.000% 
[    4500,    5000 )       1   0.000% 100.000% 
[    6000,    7000 )       1   0.000% 100.000% 
[   18000,   20000 )       1   0.000% 100.000% 
[   40000,   45000 )       1   0.000% 100.000% 
[   90000,  100000 )       1   0.000% 100.000% 

Waiting 15s before performing transactions......
Starting performing transactions......

# Run duration (ms): 153.378
# Run operations:	1000000
# Run throughput (KOPS): 6.51985
Count: 1000000  Average: 153.0963  StdDev: 7.26
Percentiles(us): P50: 150.13 P90: 158.24 P99: 165.09 P99.9: 179.95 P99.99: 448.57
------------------------------------------------------
[     140,     160 )  986913  98.691%  98.691% ####################
[     160,     180 )   12118   1.212%  99.903% 
[     180,     200 )     406   0.041%  99.944% 
[     200,     250 )     187   0.019%  99.962% 
[     250,     300 )      89   0.009%  99.971% 
[     300,     350 )      72   0.007%  99.979% 
[     350,     400 )      47   0.005%  99.983% 
[     400,     450 )      70   0.007%  99.990% 
[     450,     500 )      58   0.006%  99.996% 
[     500,     600 )      24   0.002%  99.998% 
[     600,     700 )       5   0.001%  99.999% 
[     700,     800 )       2   0.000%  99.999% 
[     900,    1000 )       1   0.000%  99.999% 
[    1600,    1800 )       5   0.001% 100.000% 
[    1800,    2000 )       3   0.000% 100.000% 

