fieldlength: 16384
recordcount: 6553600

nofdb	workloads/nofdb.spec	1
# Load duration (sec): 1186.02
# Loading records:	6553600
# Load throughput (KOPS): 5.52569
Count: 6553600  Average: 180.7054  StdDev: 43.71
Percentiles(us): P50: 175.26 P90: 194.37 P99: 199.65 P99.9: 675.01 P99.99: 2166.63
------------------------------------------------------
[     160,     180 ) 4293507  65.514%  65.514% #############
[     180,     200 ) 2233126  34.075%  99.589% #######
[     200,     250 )    9165   0.140%  99.728% 
[     250,     300 )    2685   0.041%  99.769% 
[     300,     350 )    2414   0.037%  99.806% 
[     350,     400 )    1446   0.022%  99.828% 
[     400,     450 )    1199   0.018%  99.847% 
[     450,     500 )    1066   0.016%  99.863% 
[     500,     600 )    1548   0.024%  99.886% 
[     600,     700 )    1187   0.018%  99.905% 
[     700,     800 )     938   0.014%  99.919% 
[     800,     900 )     882   0.013%  99.932% 
[     900,    1000 )     656   0.010%  99.942% 
[    1000,    1200 )    1063   0.016%  99.959% 
[    1200,    1400 )     746   0.011%  99.970% 
[    1400,    1600 )     553   0.008%  99.978% 
[    1600,    1800 )     367   0.006%  99.984% 
[    1800,    2000 )     271   0.004%  99.988% 
[    2000,    2500 )     377   0.006%  99.994% 
[    2500,    3000 )     199   0.003%  99.997% 
[    3000,    3500 )      89   0.001%  99.998% 
[    3500,    4000 )      46   0.001%  99.999% 
[    4000,    4500 )      30   0.000%  99.999% 
[    4500,    5000 )      19   0.000% 100.000% 
[    5000,    6000 )      14   0.000% 100.000% 
[    6000,    7000 )       5   0.000% 100.000% 
[    7000,    8000 )       1   0.000% 100.000% 
[   18000,   20000 )       1   0.000% 100.000% 

Waiting 15s before performing transactions......
Starting performing transactions......

# Run duration (ms): 182.221
# Run operations:	1000000
# Run throughput (KOPS): 5.48786
Count: 1000000  Average: 181.9464  StdDev: 53.24
Percentiles(us): P50: 177.31 P90: 195.44 P99: 199.75 P99.9: 893.22 P99.99: 2403.41
------------------------------------------------------
[     160,     180 )  577862  57.786%  57.786% ############
[     180,     200 )  417404  41.740%  99.527% ########
[     200,     250 )    1112   0.111%  99.638% 
[     250,     300 )     341   0.034%  99.672% 
[     300,     350 )     339   0.034%  99.706% 
[     350,     400 )     247   0.025%  99.731% 
[     400,     450 )     231   0.023%  99.754% 
[     450,     500 )     244   0.024%  99.778% 
[     500,     600 )     472   0.047%  99.825% 
[     600,     700 )     359   0.036%  99.861% 
[     700,     800 )     224   0.022%  99.883% 
[     800,     900 )     177   0.018%  99.901% 
[     900,    1000 )     124   0.012%  99.914% 
[    1000,    1200 )     244   0.024%  99.938% 
[    1200,    1400 )     164   0.016%  99.954% 
[    1400,    1600 )     129   0.013%  99.967% 
[    1600,    1800 )      82   0.008%  99.976% 
[    1800,    2000 )      74   0.007%  99.983% 
[    2000,    2500 )      88   0.009%  99.992% 
[    2500,    3000 )      40   0.004%  99.996% 
[    3000,    3500 )      15   0.002%  99.997% 
[    3500,    4000 )       7   0.001%  99.998% 
[    4000,    4500 )      11   0.001%  99.999% 
[    4500,    5000 )       2   0.000%  99.999% 
[    5000,    6000 )       3   0.000% 100.000% 
[    6000,    7000 )       2   0.000% 100.000% 
[    7000,    8000 )       3   0.000% 100.000% 

