fieldlength: 131072
recordcount: 819200

nofdb	workloads/nofdb.spec	1
# Load duration (sec): 667.816
# Loading records:	819200
# Load throughput (KOPS): 1.22668
Count: 819200  Average: 814.7754  StdDev: 1623.92
Percentiles(us): P50: 512.58 P90: 590.16 P99: 8943.53 P99.9: 13049.94 P99.99: 17773.50
------------------------------------------------------
[     450,     500 )  356451  43.512%  43.512% #########
[     500,     600 )  422385  51.561%  95.073% ##########
[     600,     700 )    4802   0.586%  95.659% 
[     700,     800 )    1048   0.128%  95.787% 
[     800,     900 )     483   0.059%  95.846% 
[     900,    1000 )     435   0.053%  95.899% 
[    1000,    1200 )     840   0.103%  96.001% 
[    1200,    1400 )     679   0.083%  96.084% 
[    1400,    1600 )    3232   0.395%  96.479% 
[    1600,    1800 )    1012   0.124%  96.602% 
[    1800,    2000 )     386   0.047%  96.650% 
[    2000,    2500 )     665   0.081%  96.731% 
[    2500,    3000 )     323   0.039%  96.770% 
[    3000,    3500 )     138   0.017%  96.787% 
[    3500,    4000 )      79   0.010%  96.797% 
[    4000,    4500 )      37   0.005%  96.801% 
[    4500,    5000 )      28   0.003%  96.805% 
[    5000,    6000 )      35   0.004%  96.809% 
[    6000,    7000 )      19   0.002%  96.811% 
[    7000,    8000 )      19   0.002%  96.813% 
[    8000,    9000 )   18984   2.317%  99.131% 
[    9000,   10000 )     945   0.115%  99.246% 
[   10000,   12000 )    4887   0.597%  99.843% 
[   12000,   14000 )     893   0.109%  99.952% 
[   14000,   16000 )      24   0.003%  99.955% 
[   16000,   18000 )     326   0.040%  99.995% 
[   18000,   20000 )      25   0.003%  99.998% 
[   20000,   25000 )       7   0.001%  99.998% 
[   25000,   30000 )       1   0.000%  99.999% 
[   30000,   35000 )       2   0.000%  99.999% 
[   35000,   40000 )      10   0.001% 100.000% 

Waiting 15s before performing transactions......
Starting performing transactions......

# Run duration (ms): 1121.12
# Run operations:	1000000
# Run throughput (KOPS): 0.891962
Count: 1000000  Average: 1120.6847  StdDev: 2181.65
Percentiles(us): P50: 513.44 P90: 598.16 P99: 8985.76 P99.9: 11732.48 P99.99: 13639.44
------------------------------------------------------
[     450,     500 )  436555  43.656%  43.656% #########
[     500,     600 )  472112  47.211%  90.867% #########
[     600,     700 )    3672   0.367%  91.234% 
[     700,     800 )    1333   0.133%  91.367% 
[     800,     900 )    1033   0.103%  91.471% 
[     900,    1000 )     945   0.095%  91.565% 
[    1000,    1200 )    1596   0.160%  91.725% 
[    1200,    1400 )    1119   0.112%  91.837% 
[    1400,    1600 )    7833   0.783%  92.620% 
[    1600,    1800 )    2376   0.238%  92.857% 
[    1800,    2000 )     608   0.061%  92.918% 
[    2000,    2500 )    1136   0.114%  93.032% 
[    2500,    3000 )     569   0.057%  93.089% 
[    3000,    3500 )     244   0.024%  93.113% 
[    3500,    4000 )     155   0.015%  93.129% 
[    4000,    4500 )      76   0.008%  93.136% 
[    4500,    5000 )      55   0.006%  93.142% 
[    5000,    6000 )      55   0.006%  93.147% 
[    6000,    7000 )      55   0.006%  93.153% 
[    7000,    8000 )      48   0.005%  93.157% 
[    8000,    9000 )   59269   5.927%  99.084% #
[    9000,   10000 )    4212   0.421%  99.506% 
[   10000,   12000 )    4553   0.455%  99.961% 
[   12000,   14000 )     355   0.036%  99.996% 
[   14000,   16000 )       2   0.000%  99.997% 
[   16000,   18000 )      33   0.003% 100.000% 
[   30000,   35000 )       1   0.000% 100.000% 

