fieldlength: 262144
recordcount: 409600

nofdb	workloads/nofdb.spec	1
# Load duration (sec): 657.426
# Loading records:	409600
# Load throughput (KOPS): 0.623036
Count: 409600  Average: 1604.6246  StdDev: 3936.25
Percentiles(us): P50: 700.32 P90: 793.93 P99: 21499.14 P99.9: 30401.57 P99.99: 39092.12
------------------------------------------------------
[     600,     700 )  204237  49.863%  49.863% ##########
[     700,     800 )  175035  42.733%  92.596% #########
[     800,     900 )    5194   1.268%  93.864% 
[     900,    1000 )     586   0.143%  94.007% 
[    1000,    1200 )     458   0.112%  94.119% 
[    1200,    1400 )     399   0.097%  94.216% 
[    1400,    1600 )     335   0.082%  94.298% 
[    1600,    1800 )     853   0.208%  94.506% 
[    1800,    2000 )     469   0.115%  94.621% 
[    2000,    2500 )     545   0.133%  94.754% 
[    2500,    3000 )     278   0.068%  94.822% 
[    3000,    3500 )     151   0.037%  94.858% 
[    3500,    4000 )      92   0.022%  94.881% 
[    4000,    4500 )      36   0.009%  94.890% 
[    4500,    5000 )      25   0.006%  94.896% 
[    5000,    6000 )      18   0.004%  94.900% 
[    6000,    7000 )      10   0.002%  94.903% 
[    7000,    8000 )      11   0.003%  94.905% 
[    8000,    9000 )      17   0.004%  94.909% 
[    9000,   10000 )      10   0.002%  94.912% 
[   10000,   12000 )      27   0.007%  94.918% 
[   12000,   14000 )      29   0.007%  94.926% 
[   14000,   16000 )      20   0.005%  94.930% 
[   16000,   18000 )   15559   3.799%  98.729% #
[   18000,   20000 )      63   0.015%  98.744% 
[   20000,   25000 )    3492   0.853%  99.597% 
[   25000,   30000 )    1221   0.298%  99.895% 
[   30000,   35000 )     254   0.062%  99.957% 
[   35000,   40000 )     165   0.040%  99.997% 
[   40000,   45000 )       2   0.000%  99.998% 
[   45000,   50000 )       1   0.000%  99.998% 
[   60000,   70000 )       2   0.000%  99.999% 
[   70000,   80000 )       1   0.000%  99.999% 
[   90000,  100000 )       5   0.001% 100.000% 

Waiting 15s before performing transactions......
Starting performing transactions......

# Run duration (ms): 2449.04
# Run operations:	1000000
# Run throughput (KOPS): 0.408323
Count: 1000000  Average: 2448.5757  StdDev: 5058.53
Percentiles(us): P50: 699.26 P90: 16114.62 P99: 21044.77 P99.9: 24941.55 P99.99: 29866.41
------------------------------------------------------
[     600,     700 )  503722  50.372%  50.372% ##########
[     700,     800 )  358622  35.862%  86.234% #######
[     800,     900 )   16983   1.698%  87.933% 
[     900,    1000 )    1919   0.192%  88.125% 
[    1000,    1200 )    1909   0.191%  88.316% 
[    1200,    1400 )    1500   0.150%  88.466% 
[    1400,    1600 )    1217   0.122%  88.587% 
[    1600,    1800 )    3370   0.337%  88.924% 
[    1800,    2000 )    1713   0.171%  89.096% 
[    2000,    2500 )    1400   0.140%  89.236% 
[    2500,    3000 )     818   0.082%  89.317% 
[    3000,    3500 )     416   0.042%  89.359% 
[    3500,    4000 )     258   0.026%  89.385% 
[    4000,    4500 )     140   0.014%  89.399% 
[    4500,    5000 )     131   0.013%  89.412% 
[    5000,    6000 )     145   0.015%  89.426% 
[    6000,    7000 )      79   0.008%  89.434% 
[    7000,    8000 )      57   0.006%  89.440% 
[    8000,    9000 )      48   0.005%  89.445% 
[    9000,   10000 )      42   0.004%  89.449% 
[   10000,   12000 )      70   0.007%  89.456% 
[   12000,   14000 )      57   0.006%  89.462% 
[   14000,   16000 )      78   0.008%  89.469% 
[   16000,   18000 )   92588   9.259%  98.728% ##
[   18000,   20000 )     305   0.031%  98.759% 
[   20000,   25000 )   11548   1.155%  99.913% 
[   25000,   30000 )     786   0.079%  99.992% 
[   30000,   35000 )      75   0.008% 100.000% 
[   35000,   40000 )       4   0.000% 100.000% 

