 8.3
 8.2
 8.0
 7.9
24.9
40.0
55.5
72.6
88.3
 102
 116
 130
 143
 155
 166
 177
 188
 198
 208
 218
 228
 239
 248
 258
 266
 275
 282
 290
 299
 307
 315
 322
 330
 336
 343
 350
 357
 362
 369
 375
 379
 383
 388
 395
 401
 406
 411
 417
 421
 425
 429
 433
 437
 441
 444
 448
 451
 455
 460
 464
 468
 472
 476
 479
 482
 485
 489
 493
 496
 499
 502
 504
 507
 510
 514
 517
 520
 523
 526
 528
 531
 534
 537
 538
 540
 543
 546
 548
 552
 554
 556
 558
 560
 562
 564
 567
 569
 572
 573
 575
 576
 578
 580
 582
 584
 586
 587
 589
 590
 593
 594
 596
 598
 600
 602
 605
 607
 609
 611
 614
 616
 618
 620
 621
 623
 624
 627
 629
 631
 633
 635
 637
 638
 640
 642
 644
 645
 646
 647
 649
 650
 651
 653
 655
 656
 657
 658
 659
 661
 663
 664
 665
 667
 668
 670
 671
 672
 673
 674
 676
 677
 677
 679
 680
 681
 682
 683
 684
 685
 686
 687
 689
 689
 691
 692
 692
 693
 695
 695
 696
 697
 698
 699
 700
 701
 702
 703
 704
 705
 706
 706
 707
 708
 709
 710
 711
 712
 712
 713
 714
 715
 716
 716
 717
 717
 718
 719
 720
 721
 721
 722
 723
 724
 724
 725
 726
 727
 727
 728
 729
 730
 730
 732
 732
 733
 733
 733
 734
 734
 735
 736
 736
 736
 737
 737
 738
 738
 739
 740
 740
 741
 741
 741
 742
 742
 743
 744
 744
 744
 744
 745
 745
 746
 747
 747
 748
 748
 749
 749
 749
 750
 750
 751
 751
 752
 752
 753
 753
 754
 755
 755
 756
 756
 756
 757
 757
 758
 758
 759
 760
 760
 760
 761
 761
 762
 762
 762
 763
 764
 764
 764
 765
 765
 766
 766
 767
 767
 768
 768
 768
 769
 769
 770
 770
 771
 771
 772
 772
 772
 772
 773
 774
 774
 775
 775
 776
 776
 776
 777
 777
 778
 778
 779
 779
 780
 780
 780
 781
 781
 781
 782
 782
 782
 783
 783
 783
 784
 784
 785
 785
 785
 786
 786
 787
 787
 788
 788
 789
 789
 790
 790
 790
 791
 791
 791
 792
 793
 793
 793
 794
 794
 794
 795
 795
 796
 796
 796
 796
 797
 797
 798
 798
 799
 799
 799
 800
 800
 800
 801
 801
 802
 802
 802
 803
 803
 804
 804
 804
 805
 805
 805
 806
 806
 806
 807
 807
 808
 808
 808
 809
 809
 809
 810
 810
 810
 811
 811
 811
 812
 812
 813
 813
 813
 814
 814
 814
 815
 815
 815
 816
 816
 816
 817
 817
 817
 817
 818
 818
 818
 819
 819
 819
 819
 820
 820
 820
 821
 821
 821
 821
 822
 822
 822
 823
 823
 823
 823
 824
 824
 824
 824
 825
 825
 825
 825
 825
 825
 826
 826
 826
 826
 827
 827
 827
 828
 828
 828
 829
 829
 829
 830
 830
 830
 831
 831
 831
 831
 832
 832
 832
 833
 833
 833
 833
 834
 834
 835
 835
 835
 835
 836
 836
 836
 837
 837
 837
 837
 838
 838
 839
 839
 839
 839
 839
 840
 840
 840
 841
 841
 841
 841
 842
 842
 842
 842
 843
 843
 843
 842
