 8.2
 8.0
 7.8
 7.7
22.5
37.8
54.4
70.4
86.5
 103
 118
 130
 144
 157
 170
 182
 192
 202
 212
 221
 230
 239
 247
 255
 263
 272
 279
 287
 295
 303
 310
 317
 323
 331
 335
 341
 348
 355
 360
 365
 371
 377
 382
 388
 393
 399
 403
 407
 411
 415
 419
 423
 429
 433
 437
 442
 446
 449
 453
 457
 461
 464
 467
 471
 474
 478
 481
 485
 488
 491
 494
 497
 500
 502
 506
 509
 512
 515
 518
 521
 523
 527
 530
 532
 535
 537
 539
 542
 545
 547
 550
 552
 555
 557
 559
 562
 564
 567
 569
 571
 574
 576
 577
 579
 581
 583
 584
 586
 587
 589
 591
 593
 594
 597
 598
 600
 601
 603
 604
 606
 607
 609
 611
 612
 614
 615
 616
 618
 620
 621
 622
 624
 625
 626
 627
 628
 630
 631
 632
 634
 635
 636
 638
 639
 641
 642
 643
 644
 645
 647
 648
 649
 650
 651
 652
 653
 654
 655
 656
 657
 658
 659
 660
 661
 662
 663
 664
 665
 666
 667
 668
 670
 671
 672
 673
 674
 675
 676
 677
 677
 678
 679
 681
 682
 682
 683
 684
 685
 686
 687
 688
 688
 689
 690
 691
 692
 693
 693
 694
 695
 696
 697
 697
 698
 699
 699
 700
 701
 701
 702
 702
 703
 704
 704
 705
 705
 706
 707
 707
 708
 709
 710
 711
 711
 712
 712
 713
 714
 715
 716
 716
 717
 717
 718
 719
 720
 720
 721
 721
 721
 722
 722
 722
 723
 723
 724
 724
 725
 726
 726
 727
 727
 728
 728
 729
 730
 731
 731
 731
 732
 732
 733
 733
 734
 734
 734
 735
 735
 735
 736
 737
 737
 738
 738
 738
 739
 739
 740
 740
 740
 741
 741
 742
 742
 743
 743
 744
 744
 744
 745
 745
 746
 747
 747
 748
 748
 748
 749
 749
 750
 750
 751
 751
 752
 752
 752
 753
 753
 754
 754
 754
 755
 755
 755
 756
 756
 756
 757
 757
 757
 758
 759
 759
 759
 759
 759
 759
 759
 760
 760
 760
 761
 761
 761
 762
 762
 762
 763
 763
 763
 764
 764
 764
 765
 765
 766
 766
 766
 766
 767
 767
 768
 768
 768
 769
 769
 770
 771
 771
 771
 772
 772
 772
 772
 773
 773
 773
 774
 774
 774
 775
 775
 776
 776
 776
 777
 777
 778
 778
 778
 779
 779
 780
 780
 780
 781
 781
 781
 782
 782
 782
 783
 783
 783
 783
 784
 784
 784
 785
 785
 785
 786
 786
 786
 787
 787
 788
 788
 788
 788
 788
 789
 789
 790
 790
 790
 791
 791
 791
 791
 792
 792
 792
 792
 793
 793
 793
 793
 794
 794
 794
 795
 795
 795
 795
 796
 796
 796
 797
 797
 797
 798
 798
 798
 799
 799
 799
 799
 799
 799
 799
 800
 800
 800
 801
 801
 801
 801
 802
 802
 802
 803
 803
 803
 803
 804
 804
 804
 804
 805
 805
 805
 805
 806
 806
 806
 806
 806
 807
 807
 808
 808
 808
 808
 809
 809
 809
 810
 810
 810
 810
 810
 810
 811
 811
 812
 812
 812
 812
 812
 813
 813
 813
 814
 814
 814
 814
 815
 815
 815
 815
 816
 816
 816
 816
 816
 817
 817
 817
 818
 818
 818
 818
 819
 818
