 8.2
 8.0
 7.8
 7.7
21.6
38.0
53.5
67.9
80.2
94.5
 108
 118
 129
 140
 151
 161
 171
 180
 190
 198
 207
 216
 224
 230
 239
 245
 253
 259
 265
 272
 279
 285
 291
 297
 303
 309
 314
 320
 325
 329
 335
 340
 345
 348
 353
 358
 362
 366
 370
 374
 378
 382
 387
 391
 394
 397
 401
 403
 406
 410
 413
 417
 420
 422
 425
 428
 432
 435
 438
 442
 445
 447
 450
 453
 455
 458
 462
 464
 467
 469
 472
 475
 478
 480
 483
 485
 487
 489
 491
 493
 495
 497
 500
 502
 504
 506
 508
 511
 513
 516
 518
 520
 520
 522
 524
 526
 527
 529
 531
 532
 533
 534
 536
 537
 539
 540
 542
 544
 545
 547
 548
 550
 551
 553
 555
 556
 558
 560
 561
 563
 564
 565
 567
 568
 569
 570
 572
 573
 574
 576
 577
 578
 579
 580
 581
 583
 584
 586
 586
 587
 589
 590
 591
 591
 592
 594
 595
 596
 597
 598
 599
 600
 601
 603
 604
 604
 605
 606
 606
 607
 608
 609
 610
 611
 612
 613
 613
 614
 615
 616
 616
 617
 618
 618
 619
 620
 620
 621
 622
 623
 624
 624
 624
 625
 626
 627
 627
 628
 629
 629
 630
 631
 632
 632
 633
 634
 634
 635
 636
 636
 637
 638
 638
 639
 640
 640
 641
 641
 642
 643
 643
 644
 645
 645
 646
 646
 647
 648
 648
 649
 649
 650
 650
 651
 652
 652
 653
 653
 653
 654
 655
 655
 656
 656
 657
 658
 658
 658
 659
 660
 660
 660
 661
 661
 662
 662
 663
 663
 664
 664
 665
 665
 665
 666
 666
 666
 667
 667
 668
 668
 668
 669
 669
 670
 670
 670
 671
 671
 672
 672
 672
 673
 673
 673
 674
 674
 675
 675
 675
 676
 676
 676
 677
 677
 677
 678
 678
 679
 679
 679
 680
 680
 681
 681
 681
 682
 682
 682
 683
 683
 683
 683
 684
 684
 685
 685
 685
 686
 686
 686
 687
 687
 687
 687
 688
 688
 688
 688
 689
 689
 689
 689
 690
 690
 690
 691
 691
 691
 691
 692
 692
 692
 692
 693
 693
 693
 693
 694
 694
 694
 694
 695
 695
 696
 696
 696
 696
 697
 697
 697
 697
 698
 698
 698
 699
 699
 699
 700
 700
 700
 701
 701
 701
 702
 702
 702
 703
 703
 703
 703
 703
 704
 704
 704
 704
 704
 705
 705
 705
 705
 706
 706
 706
 707
 707
 708
 708
 709
 709
 709
 710
 710
 710
 711
 711
 711
 711
 711
 712
 712
 712
 712
 712
 713
 713
 713
 713
 713
 713
 713
 714
 714
 714
 714
 715
 715
 715
 715
 715
 716
 716
 716
 716
 716
 716
 717
 717
 717
 718
 718
 718
 718
 719
 719
 719
 719
 720
 720
 720
 720
 720
 720
 721
 721
 721
 721
 722
 722
 722
 722
 722
 722
 722
 723
 723
 723
 723
 723
 723
 724
 724
 724
 724
 724
 724
 725
 725
 725
 725
 725
 725
 726
 726
 726
 726
 726
 726
 727
 727
 727
 727
 727
 728
 728
 728
 728
 728
 728
 728
 728
 728
 729
 729
 729
 729
 729
 729
 729
 729
 729
 730
 730
 730
 730
 730
 730
 730
 730
 731
 731
 731
 731
 731
 731
 732
 732
 732
 732
 732
 732
 733
 733
 733
 733
 733
 733
 734
 734
 734
 734
 734
 734
 735
 735
 734
