 7.9
 7.7
 7.6
 7.4
 7.3
 7.1
 7.0
18.7
36.5
51.9
63.5
78.9
92.8
 104
 116
 128
 138
 148
 159
 168
 176
 186
 195
 204
 213
 220
 228
 235
 242
 249
 256
 264
 271
 277
 282
 288
 294
 298
 303
 308
 313
 318
 323
 328
 333
 337
 343
 348
 351
 356
 360
 364
 367
 371
 376
 379
 383
 387
 390
 394
 397
 401
 405
 408
 412
 415
 418
 421
 425
 428
 432
 435
 438
 441
 444
 447
 450
 453
 456
 458
 461
 463
 466
 469
 472
 474
 477
 479
 482
 484
 486
 488
 491
 493
 494
 496
 498
 500
 502
 504
 506
 508
 509
 511
 513
 515
 516
 519
 520
 522
 523
 525
 526
 528
 530
 532
 534
 535
 537
 539
 541
 542
 544
 546
 547
 549
 550
 551
 553
 555
 556
 557
 559
 560
 562
 563
 564
 566
 567
 568
 569
 570
 571
 573
 574
 576
 577
 578
 579
 581
 582
 583
 585
 586
 588
 589
 590
 591
 592
 594
 595
 596
 597
 597
 598
 599
 600
 602
 603
 603
 604
 605
 606
 607
 609
 610
 611
 612
 612
 613
 614
 615
 616
 617
 617
 618
 618
 619
 620
 620
 621
 622
 622
 623
 624
 625
 626
 626
 627
 628
 629
 630
 630
 631
 632
 633
 634
 634
 635
 636
 637
 637
 638
 639
 639
 640
 641
 642
 642
 643
 644
 645
 646
 646
 647
 647
 648
 649
 649
 650
 650
 651
 651
 652
 653
 654
 655
 655
 656
 656
 657
 657
 658
 659
 659
 659
 659
 659
 660
 660
 661
 662
 662
 662
 663
 663
 664
 664
 665
 666
 666
 667
 667
 668
 668
 669
 669
 670
 670
 670
 671
 671
 672
 672
 673
 673
 674
 674
 675
 675
 676
 676
 677
 677
 678
 678
 679
 679
 680
 681
 681
 681
 682
 683
 683
 684
 684
 685
 686
 686
 687
 687
 688
 688
 689
 690
 690
 691
 692
 692
 692
 693
 694
 694
 695
 695
 696
 696
 697
 697
 698
 698
 699
 699
 699
 700
 700
 701
 701
 702
 702
 703
 703
 703
 704
 705
 705
 705
 706
 706
 707
 707
 708
 708
 709
 709
 710
 710
 711
 711
 712
 712
 712
 713
 713
 714
 714
 715
 716
 716
 716
 717
 717
 718
 718
 719
 719
 719
 720
 720
 721
 721
 721
 722
 722
 723
 723
 724
 724
 725
 725
 726
 726
 727
 727
 727
 728
 728
 729
 729
 730
 730
 730
 730
 731
 731
 732
 732
 732
 733
 733
 734
 734
 735
 735
 735
 736
 736
 736
 737
 737
 738
 738
 738
 738
 739
 739
 740
 740
 740
 741
 741
 741
 742
 742
 743
 743
 743
 744
 744
 744
 745
 745
 745
 746
 746
 746
 747
 747
 748
 748
 748
 749
 749
 749
 749
 750
 750
 751
 751
 751
 751
 751
 752
 752
 752
 753
 753
 753
 754
 754
 754
 755
 755
 755
 756
 756
 756
 756
 757
 757
 758
 758
 758
 758
 758
 759
 759
 760
 760
 760
 761
 761
 761
 762
 762
 763
 763
 763
 764
 764
 764
 765
 765
 765
 766
 766
 766
 766
 767
 767
 768
 768
 768
 768
 769
 769
 769
 770
 770
 770
 771
 771
 771
 771
 772
 772
 772
 772
 772
 773
 773
 773
 774
 774
 774
 773
