
nofdb	workloads/workloadg_uniform.spec	32
# Load duration (sec): 1585.22
# Loading records:	100000000
# Load throughput (KOPS): 63.0828
Count: 100000000  Average: 504.5970  StdDev: 3562.78
Percentiles(us): P50: 157.44 P90: 346.27 P99: 9697.78 P99.9: 51556.66 P99.99: 110213.61
------------------------------------------------------
[      60,      70 )    1494   0.001%   0.001% 
[      70,      80 )   15604   0.016%   0.017% 
[      80,      90 )   33770   0.034%   0.051% 
[      90,     100 )   44890   0.045%   0.096% 
[     100,     120 ) 31526858  31.527%  31.623% ######
[     120,     140 ) 10018419  10.018%  41.641% ##
[     140,     160 ) 9587901   9.588%  51.229% ##
[     160,     180 ) 14479001  14.479%  65.708% ###
[     180,     200 ) 7677663   7.678%  73.386% ##
[     200,     250 ) 8692985   8.693%  82.079% ##
[     250,     300 ) 5286812   5.287%  87.365% #
[     300,     350 ) 2847272   2.847%  90.213% #
[     350,     400 ) 2107501   2.108%  92.320% 
[     400,     450 ) 1219015   1.219%  93.539% 
[     450,     500 )  912995   0.913%  94.452% 
[     500,     600 ) 1097749   1.098%  95.550% 
[     600,     700 )  644583   0.645%  96.195% 
[     700,     800 )  412297   0.412%  96.607% 
[     800,     900 )  302146   0.302%  96.909% 
[     900,    1000 )  231246   0.231%  97.140% 
[    1000,    1200 )  306819   0.307%  97.447% 
[    1200,    1400 )  190590   0.191%  97.638% 
[    1400,    1600 )  125075   0.125%  97.763% 
[    1600,    1800 )   90308   0.090%  97.853% 
[    1800,    2000 )   72739   0.073%  97.926% 
[    2000,    2500 )  139180   0.139%  98.065% 
[    2500,    3000 )  112238   0.112%  98.177% 
[    3000,    3500 )   91040   0.091%  98.268% 
[    3500,    4000 )   85958   0.086%  98.354% 
[    4000,    4500 )   81263   0.081%  98.435% 
[    4500,    5000 )   81843   0.082%  98.517% 
[    5000,    6000 )  142932   0.143%  98.660% 
[    6000,    7000 )  107529   0.108%  98.768% 
[    7000,    8000 )  101397   0.101%  98.869% 
[    8000,    9000 )   77881   0.078%  98.947% 
[    9000,   10000 )   75965   0.076%  99.023% 
[   10000,   12000 )  202089   0.202%  99.225% 
[   12000,   14000 )  111352   0.111%  99.336% 
[   14000,   16000 )  120766   0.121%  99.457% 
[   16000,   18000 )   82754   0.083%  99.540% 
[   18000,   20000 )   38906   0.039%  99.579% 
[   20000,   25000 )   76704   0.077%  99.656% 
[   25000,   30000 )   65284   0.065%  99.721% 
[   30000,   35000 )   55074   0.055%  99.776% 
[   35000,   40000 )   43017   0.043%  99.819% 
[   40000,   45000 )   41243   0.041%  99.860% 
[   45000,   50000 )   32780   0.033%  99.893% 
[   50000,   60000 )   45437   0.045%  99.938% 
[   60000,   70000 )   23231   0.023%  99.962% 
[   70000,   80000 )   12982   0.013%  99.975% 
[   80000,   90000 )    7828   0.008%  99.982% 
[   90000,  100000 )    4750   0.005%  99.987% 
[  100000,  120000 )    5571   0.006%  99.993% 
[  120000,  140000 )    3223   0.003%  99.996% 
[  140000,  160000 )    1844   0.002%  99.998% 
[  160000,  180000 )     680   0.001%  99.998% 
[  180000,  200000 )     379   0.000%  99.999% 
[  200000,  250000 )     409   0.000%  99.999% 
[  250000,  300000 )     255   0.000% 100.000% 
[  300000,  350000 )     152   0.000% 100.000% 
[  350000,  400000 )     116   0.000% 100.000% 
[  400000,  450000 )      73   0.000% 100.000% 
[  450000,  500000 )       8   0.000% 100.000% 
[  500000,  600000 )      39   0.000% 100.000% 
[  600000,  700000 )      32   0.000% 100.000% 
[ 1000000, 1200000 )      61   0.000% 100.000% 
[ 1200000, 1400000 )       3   0.000% 100.000% 


# Run duration (sec): 2072.74
# Run operations:	100000000
# Run throughput (KOPS): 48.2453
Count: 100000000  Average: 661.3928  StdDev: 4615.67
Percentiles(us): P50: 159.52 P90: 365.25 P99: 13238.63 P99.9: 68002.58 P99.99: 143682.24
------------------------------------------------------
[      60,      70 )     853   0.001%   0.001% 
[      70,      80 )   12591   0.013%   0.013% 
[      80,      90 )   31964   0.032%   0.045% 
[      90,     100 )   43912   0.044%   0.089% 
[     100,     120 ) 30187464  30.187%  30.277% ######
[     120,     140 ) 10906626  10.907%  41.183% ##
[     140,     160 ) 9032966   9.033%  50.216% ##
[     160,     180 ) 14526842  14.527%  64.743% ###
[     180,     200 ) 7808253   7.808%  72.551% ##
[     200,     250 ) 8666937   8.667%  81.218% ##
[     250,     300 ) 5272337   5.272%  86.491% #
[     300,     350 ) 2862532   2.863%  89.353% #
[     350,     400 ) 2120490   2.120%  91.474% 
[     400,     450 ) 1244076   1.244%  92.718% 
[     450,     500 )  935242   0.935%  93.653% 
[     500,     600 ) 1149213   1.149%  94.802% 
[     600,     700 )  682901   0.683%  95.485% 
[     700,     800 )  434881   0.435%  95.920% 
[     800,     900 )  318071   0.318%  96.238% 
[     900,    1000 )  244833   0.245%  96.483% 
[    1000,    1200 )  332532   0.333%  96.816% 
[    1200,    1400 )  213900   0.214%  97.029% 
[    1400,    1600 )  145869   0.146%  97.175% 
[    1600,    1800 )  107159   0.107%  97.282% 
[    1800,    2000 )   89723   0.090%  97.372% 
[    2000,    2500 )  198183   0.198%  97.570% 
[    2500,    3000 )  142287   0.142%  97.713% 
[    3000,    3500 )  100909   0.101%  97.814% 
[    3500,    4000 )   83244   0.083%  97.897% 
[    4000,    4500 )   88244   0.088%  97.985% 
[    4500,    5000 )  100094   0.100%  98.085% 
[    5000,    6000 )  174819   0.175%  98.260% 
[    6000,    7000 )  124932   0.125%  98.385% 
[    7000,    8000 )  124369   0.124%  98.509% 
[    8000,    9000 )   89275   0.089%  98.599% 
[    9000,   10000 )  100813   0.101%  98.699% 
[   10000,   12000 )  215312   0.215%  98.915% 
[   12000,   14000 )  137817   0.138%  99.052% 
[   14000,   16000 )  146663   0.147%  99.199% 
[   16000,   18000 )   97731   0.098%  99.297% 
[   18000,   20000 )   50459   0.050%  99.347% 
[   20000,   25000 )  100128   0.100%  99.447% 
[   25000,   30000 )   82460   0.082%  99.530% 
[   30000,   35000 )   72154   0.072%  99.602% 
[   35000,   40000 )   56761   0.057%  99.659% 
[   40000,   45000 )   58333   0.058%  99.717% 
[   45000,   50000 )   51584   0.052%  99.769% 
[   50000,   60000 )   88497   0.088%  99.857% 
[   60000,   70000 )   53439   0.053%  99.911% 
[   70000,   80000 )   29824   0.030%  99.940% 
[   80000,   90000 )   18104   0.018%  99.959% 
[   90000,  100000 )   10386   0.010%  99.969% 
[  100000,  120000 )   11925   0.012%  99.981% 
[  120000,  140000 )    8102   0.008%  99.989% 
[  140000,  160000 )    5350   0.005%  99.994% 
[  160000,  180000 )    2362   0.002%  99.997% 
[  180000,  200000 )    1290   0.001%  99.998% 
[  200000,  250000 )    1451   0.001%  99.999% 
[  250000,  300000 )     304   0.000% 100.000% 
[  300000,  350000 )      94   0.000% 100.000% 
[  350000,  400000 )      56   0.000% 100.000% 
[  400000,  450000 )      47   0.000% 100.000% 
[  450000,  500000 )       6   0.000% 100.000% 
[  500000,  600000 )      23   0.000% 100.000% 
[  600000,  700000 )       2   0.000% 100.000% 

Read info: 
Count: 0  Average: 0.0000  StdDev: 0.00
Percentiles(us): P50: -nan P90: -nan P99: -nan P99.9: -nan P99.99: -nan
------------------------------------------------------

Write info: 
Count: 100000000  Average: 661.3928  StdDev: 4615.67
Percentiles(us): P50: 159.52 P90: 365.25 P99: 13238.63 P99.9: 68002.58 P99.99: 143682.24
------------------------------------------------------
[      60,      70 )     853   0.001%   0.001% 
[      70,      80 )   12591   0.013%   0.013% 
[      80,      90 )   31964   0.032%   0.045% 
[      90,     100 )   43912   0.044%   0.089% 
[     100,     120 ) 30187464  30.187%  30.277% ######
[     120,     140 ) 10906626  10.907%  41.183% ##
[     140,     160 ) 9032966   9.033%  50.216% ##
[     160,     180 ) 14526842  14.527%  64.743% ###
[     180,     200 ) 7808253   7.808%  72.551% ##
[     200,     250 ) 8666937   8.667%  81.218% ##
[     250,     300 ) 5272337   5.272%  86.491% #
[     300,     350 ) 2862532   2.863%  89.353% #
[     350,     400 ) 2120490   2.120%  91.474% 
[     400,     450 ) 1244076   1.244%  92.718% 
[     450,     500 )  935242   0.935%  93.653% 
[     500,     600 ) 1149213   1.149%  94.802% 
[     600,     700 )  682901   0.683%  95.485% 
[     700,     800 )  434881   0.435%  95.920% 
[     800,     900 )  318071   0.318%  96.238% 
[     900,    1000 )  244833   0.245%  96.483% 
[    1000,    1200 )  332532   0.333%  96.816% 
[    1200,    1400 )  213900   0.214%  97.029% 
[    1400,    1600 )  145869   0.146%  97.175% 
[    1600,    1800 )  107159   0.107%  97.282% 
[    1800,    2000 )   89723   0.090%  97.372% 
[    2000,    2500 )  198183   0.198%  97.570% 
[    2500,    3000 )  142287   0.142%  97.713% 
[    3000,    3500 )  100909   0.101%  97.814% 
[    3500,    4000 )   83244   0.083%  97.897% 
[    4000,    4500 )   88244   0.088%  97.985% 
[    4500,    5000 )  100094   0.100%  98.085% 
[    5000,    6000 )  174819   0.175%  98.260% 
[    6000,    7000 )  124932   0.125%  98.385% 
[    7000,    8000 )  124369   0.124%  98.509% 
[    8000,    9000 )   89275   0.089%  98.599% 
[    9000,   10000 )  100813   0.101%  98.699% 
[   10000,   12000 )  215312   0.215%  98.915% 
[   12000,   14000 )  137817   0.138%  99.052% 
[   14000,   16000 )  146663   0.147%  99.199% 
[   16000,   18000 )   97731   0.098%  99.297% 
[   18000,   20000 )   50459   0.050%  99.347% 
[   20000,   25000 )  100128   0.100%  99.447% 
[   25000,   30000 )   82460   0.082%  99.530% 
[   30000,   35000 )   72154   0.072%  99.602% 
[   35000,   40000 )   56761   0.057%  99.659% 
[   40000,   45000 )   58333   0.058%  99.717% 
[   45000,   50000 )   51584   0.052%  99.769% 
[   50000,   60000 )   88497   0.088%  99.857% 
[   60000,   70000 )   53439   0.053%  99.911% 
[   70000,   80000 )   29824   0.030%  99.940% 
[   80000,   90000 )   18104   0.018%  99.959% 
[   90000,  100000 )   10386   0.010%  99.969% 
[  100000,  120000 )   11925   0.012%  99.981% 
[  120000,  140000 )    8102   0.008%  99.989% 
[  140000,  160000 )    5350   0.005%  99.994% 
[  160000,  180000 )    2362   0.002%  99.997% 
[  180000,  200000 )    1290   0.001%  99.998% 
[  200000,  250000 )    1451   0.001%  99.999% 
[  250000,  300000 )     304   0.000% 100.000% 
[  300000,  350000 )      94   0.000% 100.000% 
[  350000,  400000 )      56   0.000% 100.000% 
[  400000,  450000 )      47   0.000% 100.000% 
[  450000,  500000 )       6   0.000% 100.000% 
[  500000,  600000 )      23   0.000% 100.000% 
[  600000,  700000 )       2   0.000% 100.000% 


