
nofdb	workloads/workloadg_zipfian.spec	32
# Load duration (sec): 1652.08
# Loading records:	100000000
# Load throughput (KOPS): 60.5298
Count: 100000000  Average: 524.9131  StdDev: 3585.91
Percentiles(us): P50: 173.53 P90: 389.65 P99: 10022.28 P99.9: 51132.22 P99.99: 107424.02
------------------------------------------------------
[      60,      70 )     812   0.001%   0.001% 
[      70,      80 )   10414   0.010%   0.011% 
[      80,      90 )   24702   0.025%   0.036% 
[      90,     100 )   33480   0.033%   0.069% 
[     100,     120 ) 24231161  24.231%  24.301% #####
[     120,     140 ) 9036727   9.037%  33.337% ##
[     140,     160 ) 6569228   6.569%  39.907% #
[     160,     180 ) 14918751  14.919%  54.825% ###
[     180,     200 ) 8850475   8.850%  63.676% ##
[     200,     250 ) 11811294  11.811%  75.487% ##
[     250,     300 ) 6793061   6.793%  82.280% #
[     300,     350 ) 5079969   5.080%  87.360% #
[     350,     400 ) 3328762   3.329%  90.689% #
[     400,     450 ) 1882882   1.883%  92.572% 
[     450,     500 ) 1278489   1.278%  93.850% 
[     500,     600 ) 1564670   1.565%  95.415% 
[     600,     700 )  850559   0.851%  96.265% 
[     700,     800 )  481623   0.482%  96.747% 
[     800,     900 )  305847   0.306%  97.053% 
[     900,    1000 )  208533   0.209%  97.261% 
[    1000,    1200 )  249814   0.250%  97.511% 
[    1200,    1400 )  146585   0.147%  97.658% 
[    1400,    1600 )   99761   0.100%  97.758% 
[    1600,    1800 )   77087   0.077%  97.835% 
[    1800,    2000 )   66502   0.067%  97.901% 
[    2000,    2500 )  139231   0.139%  98.040% 
[    2500,    3000 )  116420   0.116%  98.157% 
[    3000,    3500 )   92021   0.092%  98.249% 
[    3500,    4000 )   83427   0.083%  98.332% 
[    4000,    4500 )   81823   0.082%  98.414% 
[    4500,    5000 )   84946   0.085%  98.499% 
[    5000,    6000 )  147360   0.147%  98.646% 
[    6000,    7000 )  107565   0.108%  98.754% 
[    7000,    8000 )   92163   0.092%  98.846% 
[    8000,    9000 )   77103   0.077%  98.923% 
[    9000,   10000 )   74467   0.074%  98.998% 
[   10000,   12000 )  205162   0.205%  99.203% 
[   12000,   14000 )  114681   0.115%  99.318% 
[   14000,   16000 )  134984   0.135%  99.453% 
[   16000,   18000 )   87886   0.088%  99.540% 
[   18000,   20000 )   39665   0.040%  99.580% 
[   20000,   25000 )   79409   0.079%  99.660% 
[   25000,   30000 )   66191   0.066%  99.726% 
[   30000,   35000 )   55555   0.056%  99.781% 
[   35000,   40000 )   41656   0.042%  99.823% 
[   40000,   45000 )   40520   0.041%  99.863% 
[   45000,   50000 )   31451   0.031%  99.895% 
[   50000,   60000 )   45274   0.045%  99.940% 
[   60000,   70000 )   22584   0.023%  99.963% 
[   70000,   80000 )   13189   0.013%  99.976% 
[   80000,   90000 )    7414   0.007%  99.983% 
[   90000,  100000 )    4662   0.005%  99.988% 
[  100000,  120000 )    5396   0.005%  99.993% 
[  120000,  140000 )    2828   0.003%  99.996% 
[  140000,  160000 )    1596   0.002%  99.998% 
[  160000,  180000 )     772   0.001%  99.999% 
[  180000,  200000 )     325   0.000%  99.999% 
[  200000,  250000 )     409   0.000%  99.999% 
[  250000,  300000 )     280   0.000% 100.000% 
[  300000,  350000 )      68   0.000% 100.000% 
[  350000,  400000 )      87   0.000% 100.000% 
[  400000,  450000 )       8   0.000% 100.000% 
[  450000,  500000 )      43   0.000% 100.000% 
[  500000,  600000 )      61   0.000% 100.000% 
[  600000,  700000 )       2   0.000% 100.000% 
[  800000,  900000 )      64   0.000% 100.000% 
[ 1000000, 1200000 )      32   0.000% 100.000% 
[ 1200000, 1400000 )      32   0.000% 100.000% 


# Run duration (sec): 2420.02
# Run operations:	100000000
# Run throughput (KOPS): 41.322
Count: 100000000  Average: 772.0383  StdDev: 5488.60
Percentiles(us): P50: 150.51 P90: 446.08 P99: 13488.33 P99.9: 74857.95 P99.99: 172719.52
------------------------------------------------------
[      60,      70 )    1684   0.002%   0.002% 
[      70,      80 )   19814   0.020%   0.021% 
[      80,      90 )   42903   0.043%   0.064% 
[      90,     100 )   53218   0.053%   0.118% 
[     100,     120 ) 34054854  34.055%  34.172% #######
[     120,     140 ) 11616057  11.616%  45.789% ##
[     140,     160 ) 8013492   8.013%  53.802% ##
[     160,     180 ) 15651511  15.652%  69.454% ###
[     180,     200 ) 6669015   6.669%  76.123% #
[     200,     250 ) 6370886   6.371%  82.493% #
[     250,     300 ) 3738166   3.738%  86.232% #
[     300,     350 ) 1772007   1.772%  88.004% 
[     350,     400 ) 1281360   1.281%  89.285% 
[     400,     450 )  775808   0.776%  90.061% 
[     450,     500 )  576009   0.576%  90.637% 
[     500,     600 )  832037   0.832%  91.469% 
[     600,     700 )  594280   0.594%  92.063% 
[     700,     800 )  454059   0.454%  92.517% 
[     800,     900 )  392199   0.392%  92.909% 
[     900,    1000 )  349771   0.350%  93.259% 
[    1000,    1200 )  602341   0.602%  93.861% 
[    1200,    1400 )  529242   0.529%  94.391% 
[    1400,    1600 )  482186   0.482%  94.873% 
[    1600,    1800 )  450316   0.450%  95.323% 
[    1800,    2000 )  424209   0.424%  95.747% 
[    2000,    2500 )  925290   0.925%  96.673% 
[    2500,    3000 )  661417   0.661%  97.334% 
[    3000,    3500 )  388278   0.388%  97.722% 
[    3500,    4000 )  188060   0.188%  97.910% 
[    4000,    4500 )  114672   0.115%  98.025% 
[    4500,    5000 )   89797   0.090%  98.115% 
[    5000,    6000 )  138081   0.138%  98.253% 
[    6000,    7000 )  104428   0.104%  98.357% 
[    7000,    8000 )   92933   0.093%  98.450% 
[    8000,    9000 )   88683   0.089%  98.539% 
[    9000,   10000 )  119807   0.120%  98.659% 
[   10000,   12000 )  231087   0.231%  98.890% 
[   12000,   14000 )  147874   0.148%  99.038% 
[   14000,   16000 )  132891   0.133%  99.171% 
[   16000,   18000 )   71184   0.071%  99.242% 
[   18000,   20000 )   38302   0.038%  99.280% 
[   20000,   25000 )   94399   0.094%  99.375% 
[   25000,   30000 )   75915   0.076%  99.451% 
[   30000,   35000 )   71591   0.072%  99.522% 
[   35000,   40000 )   42563   0.043%  99.565% 
[   40000,   45000 )   48600   0.049%  99.613% 
[   45000,   50000 )   58235   0.058%  99.672% 
[   50000,   60000 )  126285   0.126%  99.798% 
[   60000,   70000 )   76641   0.077%  99.874% 
[   70000,   80000 )   52621   0.053%  99.927% 
[   80000,   90000 )   21226   0.021%  99.948% 
[   90000,  100000 )   10209   0.010%  99.958% 
[  100000,  120000 )   10810   0.011%  99.969% 
[  120000,  140000 )    8931   0.009%  99.978% 
[  140000,  160000 )    8485   0.008%  99.987% 
[  160000,  180000 )    5159   0.005%  99.992% 
[  180000,  200000 )    1986   0.002%  99.994% 
[  200000,  250000 )    3188   0.003%  99.997% 
[  250000,  300000 )    1259   0.001%  99.998% 
[  300000,  350000 )     826   0.001%  99.999% 
[  350000,  400000 )     328   0.000%  99.999% 
[  400000,  450000 )     200   0.000% 100.000% 
[  450000,  500000 )     157   0.000% 100.000% 
[  500000,  600000 )      98   0.000% 100.000% 
[  600000,  700000 )      71   0.000% 100.000% 
[  700000,  800000 )       8   0.000% 100.000% 
[  800000,  900000 )       1   0.000% 100.000% 

Read info: 
Count: 0  Average: 0.0000  StdDev: 0.00
Percentiles(us): P50: -nan P90: -nan P99: -nan P99.9: -nan P99.99: -nan
------------------------------------------------------

Write info: 
Count: 100000000  Average: 772.0383  StdDev: 5488.60
Percentiles(us): P50: 150.51 P90: 446.08 P99: 13488.33 P99.9: 74857.95 P99.99: 172719.52
------------------------------------------------------
[      60,      70 )    1684   0.002%   0.002% 
[      70,      80 )   19814   0.020%   0.021% 
[      80,      90 )   42903   0.043%   0.064% 
[      90,     100 )   53218   0.053%   0.118% 
[     100,     120 ) 34054854  34.055%  34.172% #######
[     120,     140 ) 11616057  11.616%  45.789% ##
[     140,     160 ) 8013492   8.013%  53.802% ##
[     160,     180 ) 15651511  15.652%  69.454% ###
[     180,     200 ) 6669015   6.669%  76.123% #
[     200,     250 ) 6370886   6.371%  82.493% #
[     250,     300 ) 3738166   3.738%  86.232% #
[     300,     350 ) 1772007   1.772%  88.004% 
[     350,     400 ) 1281360   1.281%  89.285% 
[     400,     450 )  775808   0.776%  90.061% 
[     450,     500 )  576009   0.576%  90.637% 
[     500,     600 )  832037   0.832%  91.469% 
[     600,     700 )  594280   0.594%  92.063% 
[     700,     800 )  454059   0.454%  92.517% 
[     800,     900 )  392199   0.392%  92.909% 
[     900,    1000 )  349771   0.350%  93.259% 
[    1000,    1200 )  602341   0.602%  93.861% 
[    1200,    1400 )  529242   0.529%  94.391% 
[    1400,    1600 )  482186   0.482%  94.873% 
[    1600,    1800 )  450316   0.450%  95.323% 
[    1800,    2000 )  424209   0.424%  95.747% 
[    2000,    2500 )  925290   0.925%  96.673% 
[    2500,    3000 )  661417   0.661%  97.334% 
[    3000,    3500 )  388278   0.388%  97.722% 
[    3500,    4000 )  188060   0.188%  97.910% 
[    4000,    4500 )  114672   0.115%  98.025% 
[    4500,    5000 )   89797   0.090%  98.115% 
[    5000,    6000 )  138081   0.138%  98.253% 
[    6000,    7000 )  104428   0.104%  98.357% 
[    7000,    8000 )   92933   0.093%  98.450% 
[    8000,    9000 )   88683   0.089%  98.539% 
[    9000,   10000 )  119807   0.120%  98.659% 
[   10000,   12000 )  231087   0.231%  98.890% 
[   12000,   14000 )  147874   0.148%  99.038% 
[   14000,   16000 )  132891   0.133%  99.171% 
[   16000,   18000 )   71184   0.071%  99.242% 
[   18000,   20000 )   38302   0.038%  99.280% 
[   20000,   25000 )   94399   0.094%  99.375% 
[   25000,   30000 )   75915   0.076%  99.451% 
[   30000,   35000 )   71591   0.072%  99.522% 
[   35000,   40000 )   42563   0.043%  99.565% 
[   40000,   45000 )   48600   0.049%  99.613% 
[   45000,   50000 )   58235   0.058%  99.672% 
[   50000,   60000 )  126285   0.126%  99.798% 
[   60000,   70000 )   76641   0.077%  99.874% 
[   70000,   80000 )   52621   0.053%  99.927% 
[   80000,   90000 )   21226   0.021%  99.948% 
[   90000,  100000 )   10209   0.010%  99.958% 
[  100000,  120000 )   10810   0.011%  99.969% 
[  120000,  140000 )    8931   0.009%  99.978% 
[  140000,  160000 )    8485   0.008%  99.987% 
[  160000,  180000 )    5159   0.005%  99.992% 
[  180000,  200000 )    1986   0.002%  99.994% 
[  200000,  250000 )    3188   0.003%  99.997% 
[  250000,  300000 )    1259   0.001%  99.998% 
[  300000,  350000 )     826   0.001%  99.999% 
[  350000,  400000 )     328   0.000%  99.999% 
[  400000,  450000 )     200   0.000% 100.000% 
[  450000,  500000 )     157   0.000% 100.000% 
[  500000,  600000 )      98   0.000% 100.000% 
[  600000,  700000 )      71   0.000% 100.000% 
[  700000,  800000 )       8   0.000% 100.000% 
[  800000,  900000 )       1   0.000% 100.000% 


