
nofdb	workloads/workloadc_uniform.spec	32
# Load duration (sec): 1697.56
# Loading records:	100000000
# Load throughput (KOPS): 58.9081
Count: 100000000  Average: 540.4653  StdDev: 3742.96
Percentiles(us): P50: 174.92 P90: 405.05 P99: 10147.39 P99.9: 52284.88 P99.99: 117242.74
------------------------------------------------------
[      50,      60 )       1   0.000%   0.000% 
[      60,      70 )     631   0.001%   0.001% 
[      70,      80 )    8051   0.008%   0.009% 
[      80,      90 )   21052   0.021%   0.030% 
[      90,     100 )   30410   0.030%   0.060% 
[     100,     120 ) 22920970  22.921%  22.981% #####
[     120,     140 ) 9238118   9.238%  32.219% ##
[     140,     160 ) 7364479   7.364%  39.584% #
[     160,     180 ) 13962992  13.963%  53.547% ###
[     180,     200 ) 8349661   8.350%  61.896% ##
[     200,     250 ) 11932925  11.933%  73.829% ##
[     250,     300 ) 6864891   6.865%  80.694% #
[     300,     350 ) 5439687   5.440%  86.134% #
[     350,     400 ) 3659039   3.659%  89.793% #
[     400,     450 ) 2051876   2.052%  91.845% 
[     450,     500 ) 1413484   1.413%  93.258% 
[     500,     600 ) 1742873   1.743%  95.001% 
[     600,     700 )  981725   0.982%  95.983% 
[     700,     800 )  567416   0.567%  96.550% 
[     800,     900 )  359571   0.360%  96.910% 
[     900,    1000 )  246152   0.246%  97.156% 
[    1000,    1200 )  297756   0.298%  97.454% 
[    1200,    1400 )  171205   0.171%  97.625% 
[    1400,    1600 )  111366   0.111%  97.736% 
[    1600,    1800 )   83722   0.084%  97.820% 
[    1800,    2000 )   69534   0.070%  97.890% 
[    2000,    2500 )  139187   0.139%  98.029% 
[    2500,    3000 )  117332   0.117%  98.146% 
[    3000,    3500 )   95645   0.096%  98.242% 
[    3500,    4000 )   86823   0.087%  98.329% 
[    4000,    4500 )   81322   0.081%  98.410% 
[    4500,    5000 )   79783   0.080%  98.490% 
[    5000,    6000 )  135609   0.136%  98.625% 
[    6000,    7000 )  103769   0.104%  98.729% 
[    7000,    8000 )   96153   0.096%  98.825% 
[    8000,    9000 )   84468   0.084%  98.910% 
[    9000,   10000 )   75121   0.075%  98.985% 
[   10000,   12000 )  206263   0.206%  99.191% 
[   12000,   14000 )  118175   0.118%  99.309% 
[   14000,   16000 )  137082   0.137%  99.446% 
[   16000,   18000 )   79940   0.080%  99.526% 
[   18000,   20000 )   44053   0.044%  99.570% 
[   20000,   25000 )   76594   0.077%  99.647% 
[   25000,   30000 )   70984   0.071%  99.718% 
[   30000,   35000 )   58723   0.059%  99.777% 
[   35000,   40000 )   41823   0.042%  99.818% 
[   40000,   45000 )   40267   0.040%  99.859% 
[   45000,   50000 )   30936   0.031%  99.890% 
[   50000,   60000 )   45346   0.045%  99.935% 
[   60000,   70000 )   23008   0.023%  99.958% 
[   70000,   80000 )   13215   0.013%  99.971% 
[   80000,   90000 )    8224   0.008%  99.979% 
[   90000,  100000 )    5340   0.005%  99.985% 
[  100000,  120000 )    6064   0.006%  99.991% 
[  120000,  140000 )    3477   0.003%  99.994% 
[  140000,  160000 )    2048   0.002%  99.996% 
[  160000,  180000 )     965   0.001%  99.997% 
[  180000,  200000 )     491   0.000%  99.998% 
[  200000,  250000 )     876   0.001%  99.999% 
[  250000,  300000 )     529   0.001%  99.999% 
[  300000,  350000 )     312   0.000% 100.000% 
[  350000,  400000 )      79   0.000% 100.000% 
[  400000,  450000 )     126   0.000% 100.000% 
[  450000,  500000 )      51   0.000% 100.000% 
[  500000,  600000 )      80   0.000% 100.000% 
[  600000,  700000 )      68   0.000% 100.000% 
[  700000,  800000 )       2   0.000% 100.000% 
[ 1000000, 1200000 )      60   0.000% 100.000% 


# Run duration (sec): 569.059
# Run operations:	100000000
# Run throughput (KOPS): 175.729
Count: 100000000  Average: 180.6083  StdDev: 470.02
Percentiles(us): P50: 144.97 P90: 265.00 P99: 543.39 P99.9: 9942.68 P99.99: 13620.95
------------------------------------------------------
[      35,      40 )    6822   0.007%   0.007% 
[      40,      45 ) 1037607   1.038%   1.044% 
[      45,      50 ) 4426457   4.426%   5.471% #
[      50,      60 ) 8945162   8.945%  14.416% ##
[      60,      70 ) 1530977   1.531%  15.947% 
[      70,      80 ) 2145859   2.146%  18.093% 
[      80,      90 ) 4152383   4.152%  22.245% #
[      90,     100 ) 2376485   2.376%  24.622% 
[     100,     120 ) 4359109   4.359%  28.981% #
[     120,     140 ) 17660833  17.661%  46.642% ####
[     140,     160 ) 13524173  13.524%  60.166% ###
[     160,     180 ) 10807902  10.808%  70.974% ##
[     180,     200 ) 7987568   7.988%  78.961% ##
[     200,     250 ) 9673324   9.673%  88.635% ##
[     250,     300 ) 4551679   4.552%  93.186% #
[     300,     350 ) 2639681   2.640%  95.826% #
[     350,     400 ) 1491702   1.492%  97.318% 
[     400,     450 )  922251   0.922%  98.240% 
[     450,     500 )  524723   0.525%  98.765% 
[     500,     600 )  542323   0.542%  99.307% 
[     600,     700 )  218273   0.218%  99.525% 
[     700,     800 )   92858   0.093%  99.618% 
[     800,     900 )   41857   0.042%  99.660% 
[     900,    1000 )   20969   0.021%  99.681% 
[    1000,    1200 )   20485   0.020%  99.701% 
[    1200,    1400 )   11615   0.012%  99.713% 
[    1400,    1600 )    8573   0.009%  99.722% 
[    1600,    1800 )    7021   0.007%  99.729% 
[    1800,    2000 )    5860   0.006%  99.735% 
[    2000,    2500 )   11290   0.011%  99.746% 
[    2500,    3000 )    7939   0.008%  99.754% 
[    3000,    3500 )    6348   0.006%  99.760% 
[    3500,    4000 )    6313   0.006%  99.766% 
[    4000,    4500 )    6439   0.006%  99.773% 
[    4500,    5000 )    6730   0.007%  99.780% 
[    5000,    6000 )   15592   0.016%  99.795% 
[    6000,    7000 )   19596   0.020%  99.815% 
[    7000,    8000 )   24049   0.024%  99.839% 
[    8000,    9000 )   29139   0.029%  99.868% 
[    9000,   10000 )   33982   0.034%  99.902% 
[   10000,   12000 )   63027   0.063%  99.965% 
[   12000,   14000 )   30877   0.031%  99.996% 
[   14000,   16000 )    3979   0.004% 100.000% 
[   16000,   18000 )     114   0.000% 100.000% 
[   18000,   20000 )       4   0.000% 100.000% 
[   20000,   25000 )      22   0.000% 100.000% 
[   30000,   35000 )       6   0.000% 100.000% 
[   35000,   40000 )      11   0.000% 100.000% 
[   40000,   45000 )      12   0.000% 100.000% 

Read info: 
Count: 100000000  Average: 180.6083  StdDev: 470.02
Percentiles(us): P50: 144.97 P90: 265.00 P99: 543.39 P99.9: 9942.68 P99.99: 13620.95
------------------------------------------------------
[      35,      40 )    6822   0.007%   0.007% 
[      40,      45 ) 1037607   1.038%   1.044% 
[      45,      50 ) 4426457   4.426%   5.471% #
[      50,      60 ) 8945162   8.945%  14.416% ##
[      60,      70 ) 1530977   1.531%  15.947% 
[      70,      80 ) 2145859   2.146%  18.093% 
[      80,      90 ) 4152383   4.152%  22.245% #
[      90,     100 ) 2376485   2.376%  24.622% 
[     100,     120 ) 4359109   4.359%  28.981% #
[     120,     140 ) 17660833  17.661%  46.642% ####
[     140,     160 ) 13524173  13.524%  60.166% ###
[     160,     180 ) 10807902  10.808%  70.974% ##
[     180,     200 ) 7987568   7.988%  78.961% ##
[     200,     250 ) 9673324   9.673%  88.635% ##
[     250,     300 ) 4551679   4.552%  93.186% #
[     300,     350 ) 2639681   2.640%  95.826% #
[     350,     400 ) 1491702   1.492%  97.318% 
[     400,     450 )  922251   0.922%  98.240% 
[     450,     500 )  524723   0.525%  98.765% 
[     500,     600 )  542323   0.542%  99.307% 
[     600,     700 )  218273   0.218%  99.525% 
[     700,     800 )   92858   0.093%  99.618% 
[     800,     900 )   41857   0.042%  99.660% 
[     900,    1000 )   20969   0.021%  99.681% 
[    1000,    1200 )   20485   0.020%  99.701% 
[    1200,    1400 )   11615   0.012%  99.713% 
[    1400,    1600 )    8573   0.009%  99.722% 
[    1600,    1800 )    7021   0.007%  99.729% 
[    1800,    2000 )    5860   0.006%  99.735% 
[    2000,    2500 )   11290   0.011%  99.746% 
[    2500,    3000 )    7939   0.008%  99.754% 
[    3000,    3500 )    6348   0.006%  99.760% 
[    3500,    4000 )    6313   0.006%  99.766% 
[    4000,    4500 )    6439   0.006%  99.773% 
[    4500,    5000 )    6730   0.007%  99.780% 
[    5000,    6000 )   15592   0.016%  99.795% 
[    6000,    7000 )   19596   0.020%  99.815% 
[    7000,    8000 )   24049   0.024%  99.839% 
[    8000,    9000 )   29139   0.029%  99.868% 
[    9000,   10000 )   33982   0.034%  99.902% 
[   10000,   12000 )   63027   0.063%  99.965% 
[   12000,   14000 )   30877   0.031%  99.996% 
[   14000,   16000 )    3979   0.004% 100.000% 
[   16000,   18000 )     114   0.000% 100.000% 
[   18000,   20000 )       4   0.000% 100.000% 
[   20000,   25000 )      22   0.000% 100.000% 
[   30000,   35000 )       6   0.000% 100.000% 
[   35000,   40000 )      11   0.000% 100.000% 
[   40000,   45000 )      12   0.000% 100.000% 

Write info: 
Count: 0  Average: 0.0000  StdDev: 0.00
Percentiles(us): P50: -nan P90: -nan P99: -nan P99.9: -nan P99.99: -nan
------------------------------------------------------


