245.6
245.2
246.6
247.8
249.2
250.6
251.9
253.1
253.3
254.4
255.6
256.8
258
259.2
260.3
261.4
262.4
262.3
263.5
264.5
265.5
266.5
267.5
268.5
269.5
270.3
271.3
272.2
272.1
273.1
273.9
274.8
275.6
276.1
277.5
278
278.2
278.6
278.9
279.4
280.2
281
281.6
282.3
283.1
283.8
284.5
285.3
285.9
285.7
286.3
286.9
287.5
287.9
288.6
289.2
289.9
290.5
291
291.6
292.2
292.8
292.4
293
293.6
294.2
295.5
295.8
296.1
296.3
296.6
296.7
297.9
298.2
297.8
298.2
298.7
299.2
299.7
300.3
300.7
301.3
301.7
302.3
302.7
303.1
303.6
304.1
304.6
305
305.4
305.9
305.4
305.8
306.2
306.6
307.1
307.5
307.7
308.9
309
309.3
309.4
309.6
309.7
309.9
310.1
310.4
310.5
310.9
311.3
311.6
312
312.4
312.8
313.2
313.6
313.9
314.3
314.6
314.9
314.3
314.7
315
315.3
315.6
316
316.3
316.6
317
317.2
317.3
318.4
318.5
318.7
318.8
318.9
319
319
319.2
319.5
319.7
320
320.3
320.5
320.9
321.1
321.5
321.7
321.9
322.3
322.5
322.8
323.1
323.3
323.7
323.9
324.2
324.4
324.7
324
324.2
325.2
325.4
325.4
325.4
325.4
325.5
325.6
325.8
326.1
325.1
