Heartbeat port addresses read from NoFDBConfig: 
    Node-0: 10.10.1.2:50050
    Node-1: 10.10.1.3:50050
    Node-2: 10.10.1.4:50050
WARNING: Logging before InitGoogleLogging() is written to STDERR
I0422 00:04:12.912834 217030 rdma_helper.cpp:447] RDMA device: mlx5_2
I0422 00:04:12.912878 217030 rdma_helper.cpp:449] RDMA LID: 0
I0422 00:04:12.914141 217030 rdma_helper.cpp:454] RDMA GID Index: 3
I0422 00:04:12.914784 217030 block_pool.cpp:145] Start extend rdma memory 1024MB
===== Global Configure Table =====
    node_id: 0
    node_ip: 10.10.1.2
    maintainer_port: 50050
    remaining_cpu_cores: 00000000000000000000000000000000000000000000000000000000000000000000000000000000000000000000111111111111111100000000000000000000
    remaining_ports: 50067,50068,50069,50070,50071,50072,50073,50074,50075
    kvses: 
        kvs_id: 0
        belong_to_node_id: 0
        required_cpu_core_num: 16
        using_cpu_cores: 
        using_ports: 50051,50052,50053,50054,50055,50056,50057,50058,50059,50060,50061,50062,50063,50064,50065,50066
        replications: 
            node_id: 0
            node_ip: trtype:rdma adrfam:IPv4 traddr:10.10.1.2 trsvcid:4420 subnqn:nqn.2024-12.io.spdk:0
    node_id: 1
    node_ip: 10.10.1.3
    maintainer_port: 50050
    remaining_cpu_cores: 00000000000000000000000000000000000000000000000000000000000000000000000000000000000000000000111111111111111100000000000000000000
    remaining_ports: 50067,50068,50069,50070,50071,50072,50073,50074,50075
    kvses: 
        kvs_id: 0
        belong_to_node_id: 1
        required_cpu_core_num: 16
        using_cpu_cores: 
        using_ports: 50051,50052,50053,50054,50055,50056,50057,50058,50059,50060,50061,50062,50063,50064,50065,50066
        replications: 
            node_id: 1
            node_ip: trtype:rdma adrfam:IPv4 traddr:10.10.1.3 trsvcid:4420 subnqn:nqn.2024-12.io.spdk:1
    node_id: 2
    node_ip: 10.10.1.4
    maintainer_port: 50050
    remaining_cpu_cores: 00000000000000000000000000000000000000000000000000000000000000000000000000000000000000000000111111111111111100000000000000000000
    remaining_ports: 50067,50068,50069,50070,50071,50072,50073,50074,50075
    kvses: 
        kvs_id: 0
        belong_to_node_id: 2
        required_cpu_core_num: 16
        using_cpu_cores: 
        using_ports: 50051,50052,50053,50054,50055,50056,50057,50058,50059,50060,50061,50062,50063,50064,50065,50066
        replications: 
            node_id: 2
            node_ip: trtype:rdma adrfam:IPv4 traddr:10.10.1.4 trsvcid:4420 subnqn:nqn.2024-12.io.spdk:2
==================================

NoFDB Monitor is running
fieldcount: 1
fieldlength: 1000
zero_padding: 20
recordcount: 50000000
operationcount: 50000000
oks: 100000
oks: 100000
oks: 100000
oks: 100000
oks: 100000
oks: 100000
oks: 100000
oks: 100000
oks: 100000
oks: 100000
oks: 100000
oks: 100000
oks: 100000
oks: 100000
oks: 100000
oks: 100000
oks: 100000
oks: 100000
oks: 100000
oks: 100000
oks: 100000
oks: 100000
oks: 100000
oks: 100000
oks: 100000
oks: 100000
oks: 100000
oks: 100000
oks: 100000
oks: 100000
oks: 100000
oks: 100000
oks: 100000
oks: 100000
oks: 100000
oks: 100000
oks: 100000
oks: 100000
oks: 100000
oks: 100000
oks: 100000
oks: 100000
oks: 100000
oks: 100000
oks: 100000
oks: 100000
oks: 100000
oks: 100000
oks: 100000
oks: 100000
oks: 200000
oks: 200000
oks: 200000
oks: 200000
oks: 200000
oks: 200000
oks: 200000
oks: 200000
oks: 200000
oks: 200000
oks: 200000
oks: 200000
oks: 200000
oks: 200000
oks: 200000
oks: 200000
oks: 200000
oks: 200000
oks: 200000
oks: 200000
oks: 200000
oks: 200000
oks: 200000
oks: 200000
oks: 200000
oks: 200000
oks: 200000
oks: 200000
oks: 200000
oks: 200000
oks: 200000
oks: 200000
oks: 200000
oks: 200000
oks: 200000
oks: 200000
oks: 200000
oks: 200000
oks: 200000
oks: 200000
oks: 200000
oks: 200000
oks: 200000
oks: 200000
oks: 200000
oks: 200000
oks: 200000
oks: 200000
oks: 200000
oks: 200000
oks: 300000
oks: 300000
oks: 300000
oks: 300000
oks: 300000
oks: 300000
oks: 300000
oks: 300000
oks: 300000
oks: 300000
oks: 300000
oks: 300000
oks: 300000
oks: 300000
oks: 300000
oks: 300000
oks: 300000
oks: 300000
oks: 300000
oks: 300000
oks: 300000
oks: 300000
oks: 300000
oks: 300000
oks: 300000
oks: 300000
oks: 300000
oks: 300000
oks: 300000
oks: 300000
oks: 300000
oks: 300000
oks: 300000
oks: 300000
oks: 300000
oks: 300000
oks: 300000
oks: 300000
oks: 300000
oks: 300000
oks: 300000
oks: 300000
oks: 300000
oks: 300000
oks: 300000
oks: 300000
oks: 300000
oks: 300000
oks: 300000
oks: 300000
oks: 400000
oks: 400000
oks: 400000
oks: 400000
oks: 400000
oks: 400000
oks: 400000
oks: 400000
oks: 400000
oks: 400000
oks: 400000
oks: 400000
oks: 400000
oks: 400000
oks: 400000
oks: 400000
oks: 400000
oks: 400000
oks: 400000
oks: 400000
oks: 400000
oks: 400000
oks: 400000
oks: 400000
oks: 400000
oks: 400000
oks: 400000
oks: 400000
oks: 400000
oks: 400000
oks: 400000
oks: 400000
oks: 400000
oks: 400000
oks: 400000
oks: 400000
oks: 400000
oks: 400000
oks: 400000
oks: 400000
oks: 400000
oks: 400000
oks: 400000
oks: 400000
oks: 400000
oks: 400000
oks: 400000
oks: 400000
oks: 400000
oks: 400000
oks: 500000
oks: 500000
oks: 500000
oks: 500000
oks: 500000
oks: 500000
oks: 500000
oks: 500000
oks: 500000
oks: 500000
oks: 500000
oks: 500000
oks: 500000
oks: 500000
oks: 500000
oks: 500000
oks: 500000
oks: 500000
oks: 500000
oks: 500000
oks: 500000
oks: 500000
oks: 500000
oks: 500000
oks: 500000
oks: 500000
oks: 500000
oks: 500000
oks: 500000
oks: 500000
oks: 500000
oks: 500000
oks: 500000
oks: 500000
oks: 500000
oks: 500000
oks: 500000
oks: 500000
oks: 500000
oks: 500000
oks: 500000
oks: 500000
oks: 500000
oks: 500000
oks: 500000
oks: 500000
oks: 500000
oks: 500000
oks: 500000
oks: 500000
oks: 600000
oks: 600000
oks: 600000
oks: 600000
oks: 600000
oks: 600000
oks: 600000
oks: 600000
oks: 600000
oks: 600000
oks: 600000
oks: 600000
oks: 600000
oks: 600000
oks: 600000
oks: 600000
oks: 600000
oks: 600000
oks: 600000
oks: 600000
oks: 600000
oks: 600000
oks: 600000
oks: 600000
oks: 600000
oks: 600000
oks: 600000
oks: 600000
oks: 600000
oks: 600000
oks: 600000
oks: 600000
oks: 600000
oks: 600000
oks: 600000
oks: 600000
oks: 600000
oks: 600000
oks: 600000
oks: 600000
oks: 600000
oks: 600000
oks: 600000
oks: 600000
oks: 600000
oks: 600000
oks: 600000
oks: 600000
oks: 600000
oks: 600000
oks: 700000
oks: 700000
oks: 700000
oks: 700000
oks: 700000
oks: 700000
oks: 700000
oks: 700000
oks: 700000
oks: 700000
oks: 700000
oks: 700000
oks: 700000
oks: 700000
oks: 700000
oks: 700000
oks: 700000
oks: 700000
oks: 700000
oks: 700000
oks: 700000
oks: 700000
oks: 700000
oks: 700000
oks: 700000
oks: 700000
oks: 700000
oks: 700000
oks: 700000
oks: 700000
oks: 700000
oks: 700000
oks: 700000
oks: 700000
oks: 700000
oks: 700000
oks: 700000
oks: 700000
oks: 700000
oks: 700000
oks: 700000
oks: 700000
oks: 700000
oks: 700000
oks: 700000
oks: 700000
oks: 700000
oks: 700000
oks: 700000
oks: 700000
oks: 800000
oks: 800000
oks: 800000
oks: 800000
oks: 800000
oks: 800000
oks: 800000
oks: 800000
oks: 800000
oks: 800000
oks: 800000
oks: 800000
oks: 800000
oks: 800000
oks: 800000
oks: 800000
oks: 800000
oks: 800000
oks: 800000
oks: 800000
oks: 800000
oks: 800000
oks: 800000
oks: 800000
oks: 800000
oks: 800000
oks: 800000
oks: 800000
oks: 800000
oks: 800000
oks: 800000
oks: 800000
oks: 800000
oks: 800000
oks: 800000
oks: 800000
oks: 800000
oks: 800000
oks: 800000
oks: 800000
oks: 800000
oks: 800000
oks: 800000
oks: 800000
oks: 800000
oks: 800000
oks: 800000
oks: 800000
oks: 800000
oks: 800000
oks: 900000
oks: 900000
oks: 900000
oks: 900000
oks: 900000
oks: 900000
oks: 900000
oks: 900000
oks: 900000
oks: 900000
oks: 900000
oks: 900000
oks: 900000
oks: 900000
oks: 900000
oks: 900000
oks: 900000
oks: 900000
oks: 900000
oks: 900000
oks: 900000
oks: 900000
oks: 900000
oks: 900000
oks: 900000
oks: 900000
oks: 900000
oks: 900000
oks: 900000
oks: 900000
oks: 900000
oks: 900000
oks: 900000
oks: 900000
oks: 900000
oks: 900000
oks: 900000
oks: 900000
oks: 900000
oks: 900000
oks: 900000
oks: 900000
oks: 900000
oks: 900000
oks: 900000
oks: 900000
oks: 900000
oks: 900000
oks: 900000
oks: 900000
oks: 1000000
oks: 1000000
oks: 1000000
oks: 1000000
oks: 1000000
oks: 1000000
oks: 1000000
oks: 1000000
oks: 1000000
oks: 1000000
oks: 1000000
oks: 1000000
oks: 1000000
oks: 1000000
oks: 1000000
oks: 1000000
oks: 1000000
oks: 1000000
oks: 1000000
oks: 1000000
oks: 1000000
oks: 1000000
oks: 1000000
oks: 1000000
oks: 1000000
oks: 1000000
oks: 1000000
oks: 1000000
oks: 1000000
oks: 1000000
oks: 1000000
oks: 1000000
oks: 1000000
oks: 1000000
oks: 1000000
oks: 1000000
oks: 1000000
oks: 1000000
oks: 1000000
oks: 1000000
oks: 1000000
oks: 1000000
oks: 1000000
oks: 1000000
oks: 1000000
oks: 1000000
oks: 1000000
oks: 1000000
oks: 1000000
oks: 1000000

nofdb	workloads/workloadc.spec	50
# Load duration (sec): 616.415
# Loading records:	50000000
# Load throughput (KOPS): 81.1142
Count: 50000000  Average: 614.8842  StdDev: 3770.59
Percentiles(us): P50: 87.78 P90: 277.22 P99: 15027.25 P99.9: 41240.92 P99.99: 116847.88
------------------------------------------------------
[      25,      30 )      54   0.000%   0.000% 
[      30,      35 )    3079   0.006%   0.006% 
[      35,      40 )   49174   0.098%   0.105% 
[      40,      45 )  337026   0.674%   0.779% 
[      45,      50 ) 1269795   2.540%   3.318% #
[      50,      60 ) 4930822   9.862%  13.180% ##
[      60,      70 ) 6315129  12.630%  25.810% ###
[      70,      80 ) 7027429  14.055%  39.865% ###
[      80,      90 ) 6516025  13.032%  52.897% ###
[      90,     100 ) 5285170  10.570%  63.467% ##
[     100,     120 ) 6223243  12.446%  75.914% ##
[     120,     140 ) 2695852   5.392%  81.306% #
[     140,     160 ) 1397826   2.796%  84.101% #
[     160,     180 )  893768   1.788%  85.889% 
[     180,     200 )  640067   1.280%  87.169% 
[     200,     250 ) 1041050   2.082%  89.251% 
[     250,     300 )  688007   1.376%  90.627% 
[     300,     350 )  473948   0.948%  91.575% 
[     350,     400 )  326823   0.654%  92.229% 
[     400,     450 )  202328   0.405%  92.633% 
[     450,     500 )  144756   0.290%  92.923% 
[     500,     600 )  214982   0.430%  93.353% 
[     600,     700 )  180227   0.360%  93.713% 
[     700,     800 )  155443   0.311%  94.024% 
[     800,     900 )  125314   0.251%  94.275% 
[     900,    1000 )  106719   0.213%  94.488% 
[    1000,    1200 )  174671   0.349%  94.837% 
[    1200,    1400 )  151943   0.304%  95.141% 
[    1400,    1600 )  145431   0.291%  95.432% 
[    1600,    1800 )  131971   0.264%  95.696% 
[    1800,    2000 )  121787   0.244%  95.940% 
[    2000,    2500 )  251254   0.503%  96.442% 
[    2500,    3000 )  169796   0.340%  96.782% 
[    3000,    3500 )  114680   0.229%  97.011% 
[    3500,    4000 )  104470   0.209%  97.220% 
[    4000,    4500 )  104236   0.208%  97.429% 
[    4500,    5000 )   85840   0.172%  97.600% 
[    5000,    6000 )  145485   0.291%  97.891% 
[    6000,    7000 )   97389   0.195%  98.086% 
[    7000,    8000 )   90231   0.180%  98.266% 
[    8000,    9000 )   86193   0.172%  98.439% 
[    9000,   10000 )  111286   0.223%  98.661% 
[   10000,   12000 )   87093   0.174%  98.836% 
[   12000,   14000 )   59981   0.120%  98.956% 
[   14000,   16000 )   43236   0.086%  99.042% 
[   16000,   18000 )   36982   0.074%  99.116% 
[   18000,   20000 )   32708   0.065%  99.181% 
[   20000,   25000 )   67174   0.134%  99.316% 
[   25000,   30000 )   72344   0.145%  99.460% 
[   30000,   35000 )  162076   0.324%  99.785% 
[   35000,   40000 )   52494   0.105%  99.890% 
[   40000,   45000 )   20924   0.042%  99.931% 
[   45000,   50000 )    7399   0.015%  99.946% 
[   50000,   60000 )    9025   0.018%  99.964% 
[   60000,   70000 )    3502   0.007%  99.971% 
[   70000,   80000 )    3153   0.006%  99.978% 
[   80000,   90000 )    2551   0.005%  99.983% 
[   90000,  100000 )    1795   0.004%  99.986% 
[  100000,  120000 )    2189   0.004%  99.991% 
[  120000,  140000 )    1769   0.004%  99.994% 
[  140000,  160000 )    1083   0.002%  99.996% 
[  160000,  180000 )     719   0.001%  99.998% 
[  180000,  200000 )     364   0.001%  99.999% 
[  200000,  250000 )     535   0.001% 100.000% 
[  250000,  300000 )     147   0.000% 100.000% 
[  300000,  350000 )      30   0.000% 100.000% 
[  350000,  400000 )       8   0.000% 100.000% 

Waiting 30s before performing transactions......
Starting performing transactions......

oks: 100000
oks: 100000
oks: 100000
oks: 100000
oks: 100000
oks: 100000
oks: 100000
oks: 100000
oks: 100000
oks: 100000
oks: 100000
oks: 100000
oks: 100000
oks: 100000
oks: 100000
oks: 100000
oks: 100000
oks: 100000
oks: 100000
oks: 100000
oks: 100000
oks: 100000
oks: 100000
oks: 100000
oks: 100000
oks: 100000
oks: 100000
oks: 100000
oks: 100000
oks: 100000
oks: 100000
oks: 100000
oks: 100000
oks: 100000
oks: 100000
oks: 100000
oks: 100000
oks: 100000
oks: 100000
oks: 100000
oks: 100000
oks: 100000
oks: 100000
oks: 100000
oks: 100000
oks: 100000
oks: 100000
oks: 100000
oks: 100000
oks: 100000
oks: 200000
oks: 200000
oks: 200000
oks: 200000
oks: 200000
oks: 200000
oks: 200000
oks: 200000
oks: 200000
oks: 200000
oks: 200000
oks: 200000
oks: 200000
oks: 200000
oks: 200000
oks: 200000
oks: 200000
oks: 200000
oks: 200000
oks: 200000
oks: 200000
oks: 200000
oks: 200000
oks: 200000
oks: 200000
oks: 200000
oks: 200000
oks: 200000
oks: 200000
oks: 200000
oks: 200000
oks: 200000
oks: 200000
oks: 200000
oks: 200000
oks: 200000
oks: 200000
oks: 200000
oks: 200000
oks: 200000
oks: 200000
oks: 200000
oks: 200000
oks: 200000
oks: 200000
oks: 200000
oks: 200000
oks: 200000
oks: 200000
oks: 200000
oks: 300000
oks: 300000
oks: 300000
oks: 300000
oks: 300000
oks: 300000
oks: 300000
oks: 300000
oks: 300000
oks: 300000
oks: 300000
oks: 300000
oks: 300000
oks: 300000
oks: 300000
oks: 300000
oks: 300000
oks: 300000
oks: 300000
oks: 300000
oks: 300000
oks: 300000
oks: 300000
oks: 300000
oks: 300000
oks: 300000
oks: 300000
oks: 300000
oks: 300000
oks: 300000
oks: 300000
oks: 300000
oks: 300000
oks: 300000
oks: 300000
oks: 300000
oks: 300000
oks: 300000
oks: 300000
oks: 300000
oks: 300000
oks: 300000
oks: 300000
oks: 300000
oks: 300000
oks: 300000
oks: 300000
oks: 300000
oks: 300000
oks: 300000
oks: 400000
oks: 400000
oks: 400000
oks: 400000
oks: 400000
oks: 400000
oks: 400000
oks: 400000
oks: 400000
oks: 400000
oks: 400000
oks: 400000
oks: 400000
oks: 400000
oks: 400000
oks: 400000
oks: 400000
oks: 400000
oks: 400000
oks: 400000
oks: 400000
oks: 400000
oks: 400000
oks: 400000
oks: 400000
oks: 400000
oks: 400000
oks: 400000
oks: 400000
oks: 400000
oks: 400000
oks: 400000
oks: 400000
oks: 400000
oks: 400000
oks: 400000
oks: 400000
oks: 400000
oks: 400000
oks: 400000
oks: 400000
oks: 400000
oks: 400000
oks: 400000
oks: 400000
oks: 400000
oks: 400000
oks: 400000
oks: 400000
oks: 400000
oks: 500000
oks: 500000
oks: 500000
oks: 500000
oks: 500000
oks: 500000
oks: 500000
oks: 500000
oks: 500000
oks: 500000
oks: 500000
oks: 500000
oks: 500000
oks: 500000
oks: 500000
oks: 500000
oks: 500000
oks: 500000
oks: 500000
oks: 500000
oks: 500000
oks: 500000
oks: 500000
oks: 500000
oks: 500000
oks: 500000
oks: 500000
oks: 500000
oks: 500000
oks: 500000
oks: 500000
oks: 500000
oks: 500000
oks: 500000
oks: 500000
oks: 500000
oks: 500000
oks: 500000
oks: 500000
oks: 500000
oks: 500000
oks: 500000
oks: 500000
oks: 500000
oks: 500000
oks: 500000
oks: 500000
oks: 500000
oks: 500000
oks: 500000
oks: 600000
oks: 600000
oks: 600000
oks: 600000
oks: 600000
oks: 600000
oks: 600000
oks: 600000
oks: 600000
oks: 600000
oks: 600000
oks: 600000
oks: 600000
oks: 600000
oks: 600000
oks: 600000
oks: 600000
oks: 600000
oks: 600000
oks: 600000
oks: 600000
oks: 600000
oks: 600000
oks: 600000
oks: 600000
oks: 600000
oks: 600000
oks: 600000
oks: 600000
oks: 600000
oks: 600000
oks: 600000
oks: 600000
oks: 600000
oks: 600000
oks: 600000
oks: 600000
oks: 600000
oks: 600000
oks: 600000
oks: 600000
oks: 600000
oks: 600000
oks: 600000
oks: 600000
oks: 600000
oks: 600000
oks: 600000
oks: 600000
oks: 600000
oks: 700000
oks: 700000
oks: 700000
oks: 700000
oks: 700000
oks: 700000
oks: 700000
oks: 700000
oks: 700000
oks: 700000
oks: 700000
oks: 700000
oks: 700000
oks: 700000
oks: 700000
oks: 700000
oks: 700000
oks: 700000
oks: 700000
oks: 700000
oks: 700000
oks: 700000
oks: 700000
oks: 700000
oks: 700000
oks: 700000
oks: 700000
oks: 700000
oks: 700000
oks: 700000
oks: 700000
oks: 700000
oks: 700000
oks: 700000
oks: 700000
oks: 700000
oks: 700000
oks: 700000
oks: 700000
oks: 700000
oks: 700000
oks: 700000
oks: 700000
oks: 700000
oks: 700000
oks: 700000
oks: 700000
oks: 700000
oks: 700000
oks: 700000
oks: 800000
oks: 800000
oks: 800000
oks: 800000
oks: 800000
oks: 800000
oks: 800000
oks: 800000
oks: 800000
oks: 800000
oks: 800000
oks: 800000
oks: 800000
oks: 800000
oks: 800000
oks: 800000
oks: 800000
oks: 800000
oks: 800000
oks: 800000
oks: 800000
oks: 800000
oks: 800000
oks: 800000
oks: 800000
oks: 800000
oks: 800000
oks: 800000
oks: 800000
oks: 800000
oks: 800000
oks: 800000
oks: 800000
oks: 800000
oks: 800000
oks: 800000
oks: 800000
oks: 800000
oks: 800000
oks: 800000
oks: 800000
oks: 800000
oks: 800000
oks: 800000
oks: 800000
oks: 800000
oks: 800000
oks: 800000
oks: 800000
oks: 800000
oks: 900000
oks: 900000
oks: 900000
oks: 900000
oks: 900000
oks: 900000
oks: 900000
oks: 900000
oks: 900000
oks: 900000
oks: 900000
oks: 900000
oks: 900000
oks: 900000
oks: 900000
oks: 900000
oks: 900000
oks: 900000
oks: 900000
oks: 900000
oks: 900000
oks: 900000
oks: 900000
oks: 900000
oks: 900000
oks: 900000
oks: 900000
oks: 900000
oks: 900000
oks: 900000
oks: 900000
oks: 900000
oks: 900000
oks: 900000
oks: 900000
oks: 900000
oks: 900000
oks: 900000
oks: 900000
oks: 900000
oks: 900000
oks: 900000
oks: 900000
oks: 900000
oks: 900000
oks: 900000
oks: 900000
oks: 900000
oks: 900000
oks: 900000
oks: 1000000
oks: 1000000
oks: 1000000
oks: 1000000
oks: 1000000
oks: 1000000
oks: 1000000
oks: 1000000
oks: 1000000
oks: 1000000
oks: 1000000
oks: 1000000
oks: 1000000
oks: 1000000
oks: 1000000
oks: 1000000
oks: 1000000
oks: 1000000
oks: 1000000
oks: 1000000
oks: 1000000
oks: 1000000
oks: 1000000
oks: 1000000
oks: 1000000
oks: 1000000
oks: 1000000
oks: 1000000
oks: 1000000
oks: 1000000
oks: 1000000
oks: 1000000
oks: 1000000
oks: 1000000
oks: 1000000
oks: 1000000
oks: 1000000
oks: 1000000
oks: 1000000
oks: 1000000
oks: 1000000
oks: 1000000
oks: 1000000
oks: 1000000
oks: 1000000
oks: 1000000
oks: 1000000
oks: 1000000
oks: 1000000
oks: 1000000
# Run duration (sec): 77.4464
# Run operations:	50000000
# Run throughput (KOPS): 645.608
Count: 50000000  Average: 76.8458  StdDev: 33.37
Percentiles(us): P50: 78.16 P90: 96.59 P99: 117.21 P99.9: 142.66 P99.99: 1672.19
------------------------------------------------------
[      20,      25 )      10   0.000%   0.000% 
[      25,      30 )    4456   0.009%   0.009% 
[      30,      35 )  111189   0.222%   0.231% 
[      35,      40 )  654656   1.309%   1.541% 
[      40,      45 ) 1449752   2.900%   4.440% #
[      45,      50 ) 1949603   3.899%   8.339% #
[      50,      60 ) 4468869   8.938%  17.277% ##
[      60,      70 ) 6437651  12.875%  30.152% ###
[      70,      80 ) 12166175  24.332%  54.485% #####
[      80,      90 ) 13196630  26.393%  80.878% #####
[      90,     100 ) 6926105  13.852%  94.730% ###
[     100,     120 ) 2481654   4.963%  99.694% #
[     120,     140 )  101518   0.203%  99.897% 
[     140,     160 )   13022   0.026%  99.923% 
[     160,     180 )    8817   0.018%  99.940% 
[     180,     200 )    6161   0.012%  99.953% 
[     200,     250 )    5574   0.011%  99.964% 
[     250,     300 )    1697   0.003%  99.967% 
[     300,     350 )     981   0.002%  99.969% 
[     350,     400 )     745   0.001%  99.971% 
[     400,     450 )     593   0.001%  99.972% 
[     450,     500 )     556   0.001%  99.973% 
[     500,     600 )     899   0.002%  99.975% 
[     600,     700 )     917   0.002%  99.976% 
[     700,     800 )     875   0.002%  99.978% 
[     800,     900 )     888   0.002%  99.980% 
[     900,    1000 )     891   0.002%  99.982% 
[    1000,    1200 )    1396   0.003%  99.985% 
[    1200,    1400 )    1198   0.002%  99.987% 
[    1400,    1600 )    1082   0.002%  99.989% 
[    1600,    1800 )    1219   0.002%  99.992% 
[    1800,    2000 )    1102   0.002%  99.994% 
[    2000,    2500 )    2068   0.004%  99.998% 
[    2500,    3000 )     376   0.001%  99.999% 
[    3000,    3500 )     200   0.000%  99.999% 
[    3500,    4000 )     143   0.000%  99.999% 
[    4000,    4500 )     105   0.000% 100.000% 
[    4500,    5000 )      30   0.000% 100.000% 
[    5000,    6000 )      75   0.000% 100.000% 
[    6000,    7000 )      41   0.000% 100.000% 
[    7000,    8000 )      35   0.000% 100.000% 
[    8000,    9000 )      46   0.000% 100.000% 

