Heartbeat port addresses read from NoFDBConfig: 
    Node-0: 10.10.1.2:50050
    Node-1: 10.10.1.3:50050
    Node-2: 10.10.1.4:50050
WARNING: Logging before InitGoogleLogging() is written to STDERR
I0422 00:18:07.664723 217474 rdma_helper.cpp:447] RDMA device: mlx5_2
I0422 00:18:07.664767 217474 rdma_helper.cpp:449] RDMA LID: 0
I0422 00:18:07.666031 217474 rdma_helper.cpp:454] RDMA GID Index: 3
I0422 00:18:07.666679 217474 block_pool.cpp:145] Start extend rdma memory 1024MB
===== Global Configure Table =====
    node_id: 0
    node_ip: 10.10.1.2
    maintainer_port: 50050
    remaining_cpu_cores: 00000000000000000000000000000000000000000000000000000000000000000000000000000000000000000000111111111111111100000000000000000000
    remaining_ports: 50067,50068,50069,50070,50071,50072,50073,50074,50075
    kvses: 
        kvs_id: 0
        belong_to_node_id: 0
        required_cpu_core_num: 16
        using_cpu_cores: 
        using_ports: 50051,50052,50053,50054,50055,50056,50057,50058,50059,50060,50061,50062,50063,50064,50065,50066
        replications: 
            node_id: 0
            node_ip: trtype:rdma adrfam:IPv4 traddr:10.10.1.2 trsvcid:4420 subnqn:nqn.2024-12.io.spdk:0
    node_id: 1
    node_ip: 10.10.1.3
    maintainer_port: 50050
    remaining_cpu_cores: 00000000000000000000000000000000000000000000000000000000000000000000000000000000000000000000111111111111111100000000000000000000
    remaining_ports: 50067,50068,50069,50070,50071,50072,50073,50074,50075
    kvses: 
        kvs_id: 0
        belong_to_node_id: 1
        required_cpu_core_num: 16
        using_cpu_cores: 
        using_ports: 50051,50052,50053,50054,50055,50056,50057,50058,50059,50060,50061,50062,50063,50064,50065,50066
        replications: 
            node_id: 1
            node_ip: trtype:rdma adrfam:IPv4 traddr:10.10.1.3 trsvcid:4420 subnqn:nqn.2024-12.io.spdk:1
    node_id: 2
    node_ip: 10.10.1.4
    maintainer_port: 50050
    remaining_cpu_cores: 00000000000000000000000000000000000000000000000000000000000000000000000000000000000000000000111111111111111100000000000000000000
    remaining_ports: 50067,50068,50069,50070,50071,50072,50073,50074,50075
    kvses: 
        kvs_id: 0
        belong_to_node_id: 2
        required_cpu_core_num: 16
        using_cpu_cores: 
        using_ports: 50051,50052,50053,50054,50055,50056,50057,50058,50059,50060,50061,50062,50063,50064,50065,50066
        replications: 
            node_id: 2
            node_ip: trtype:rdma adrfam:IPv4 traddr:10.10.1.4 trsvcid:4420 subnqn:nqn.2024-12.io.spdk:2
==================================

NoFDB Monitor is running
fieldcount: 1
fieldlength: 1000
zero_padding: 20
recordcount: 50000000
operationcount: 50000000
oks: 100000
oks: 100000
oks: 100000
oks: 100000
oks: 100000
oks: 100000
oks: 100000
oks: 100000
oks: 100000
oks: 100000
oks: 100000
oks: 100000
oks: 100000
oks: 100000
oks: 100000
oks: 100000
oks: 100000
oks: 100000
oks: 100000
oks: 100000
oks: 100000
oks: 100000
oks: 100000
oks: 100000
oks: 100000
oks: 100000
oks: 100000
oks: 100000
oks: 100000
oks: 100000
oks: 100000
oks: 100000
oks: 100000
oks: 100000
oks: 100000
oks: 100000
oks: 100000
oks: 100000
oks: 100000
oks: 100000
oks: 100000
oks: 100000
oks: 100000
oks: 100000
oks: 100000
oks: 100000
oks: 100000
oks: 100000
oks: 100000
oks: 100000
oks: 200000
oks: 200000
oks: 200000
oks: 200000
oks: 200000
oks: 200000
oks: 200000
oks: 200000
oks: 200000
oks: 200000
oks: 200000
oks: 200000
oks: 200000
oks: 200000
oks: 200000
oks: 200000
oks: 200000
oks: 200000
oks: 200000
oks: 200000
oks: 200000
oks: 200000
oks: 200000
oks: 200000
oks: 200000
oks: 200000
oks: 200000
oks: 200000
oks: 200000
oks: 200000
oks: 200000
oks: 200000
oks: 200000
oks: 200000
oks: 200000
oks: 200000
oks: 200000
oks: 200000
oks: 200000
oks: 200000
oks: 200000
oks: 200000
oks: 200000
oks: 200000
oks: 200000
oks: 200000
oks: 200000
oks: 200000
oks: 200000
oks: 200000
oks: 300000
oks: 300000
oks: 300000
oks: 300000
oks: 300000
oks: 300000
oks: 300000
oks: 300000
oks: 300000
oks: 300000
oks: 300000
oks: 300000
oks: 300000
oks: 300000
oks: 300000
oks: 300000
oks: 300000
oks: 300000
oks: 300000
oks: 300000
oks: 300000
oks: 300000
oks: 300000
oks: 300000
oks: 300000
oks: 300000
oks: 300000
oks: 300000
oks: 300000
oks: 300000
oks: 300000
oks: 300000
oks: 300000
oks: 300000
oks: 300000
oks: 300000
oks: 300000
oks: 300000
oks: 300000
oks: 300000
oks: 300000
oks: 300000
oks: 300000
oks: 300000
oks: 300000
oks: 300000
oks: 300000
oks: 300000
oks: 300000
oks: 300000
oks: 400000
oks: 400000
oks: 400000
oks: 400000
oks: 400000
oks: 400000
oks: 400000
oks: 400000
oks: 400000
oks: 400000
oks: 400000
oks: 400000
oks: 400000
oks: 400000
oks: 400000
oks: 400000
oks: 400000
oks: 400000
oks: 400000
oks: 400000
oks: 400000
oks: 400000
oks: 400000
oks: 400000
oks: 400000
oks: 400000
oks: 400000
oks: 400000
oks: 400000
oks: 400000
oks: 400000
oks: 400000
oks: 400000
oks: 400000
oks: 400000
oks: 400000
oks: 400000
oks: 400000
oks: 400000
oks: 400000
oks: 400000
oks: 400000
oks: 400000
oks: 400000
oks: 400000
oks: 400000
oks: 400000
oks: 400000
oks: 400000
oks: 400000
oks: 500000
oks: 500000
oks: 500000
oks: 500000
oks: 500000
oks: 500000
oks: 500000
oks: 500000
oks: 500000
oks: 500000
oks: 500000
oks: 500000
oks: 500000
oks: 500000
oks: 500000
oks: 500000
oks: 500000
oks: 500000
oks: 500000
oks: 500000
oks: 500000
oks: 500000
oks: 500000
oks: 500000
oks: 500000
oks: 500000
oks: 500000
oks: 500000
oks: 500000
oks: 500000
oks: 500000
oks: 500000
oks: 500000
oks: 500000
oks: 500000
oks: 500000
oks: 500000
oks: 500000
oks: 500000
oks: 500000
oks: 500000
oks: 500000
oks: 500000
oks: 500000
oks: 500000
oks: 500000
oks: 500000
oks: 500000
oks: 500000
oks: 500000
oks: 600000
oks: 600000
oks: 600000
oks: 600000
oks: 600000
oks: 600000
oks: 600000
oks: 600000
oks: 600000
oks: 600000
oks: 600000
oks: 600000
oks: 600000
oks: 600000
oks: 600000
oks: 600000
oks: 600000
oks: 600000
oks: 600000
oks: 600000
oks: 600000
oks: 600000
oks: 600000
oks: 600000
oks: 600000
oks: 600000
oks: 600000
oks: 600000
oks: 600000
oks: 600000
oks: 600000
oks: 600000
oks: 600000
oks: 600000
oks: 600000
oks: 600000
oks: 600000
oks: 600000
oks: 600000
oks: 600000
oks: 600000
oks: 600000
oks: 600000
oks: 600000
oks: 600000
oks: 600000
oks: 600000
oks: 600000
oks: 600000
oks: 600000
oks: 700000
oks: 700000
oks: 700000
oks: 700000
oks: 700000
oks: 700000
oks: 700000
oks: 700000
oks: 700000
oks: 700000
oks: 700000
oks: 700000
oks: 700000
oks: 700000
oks: 700000
oks: 700000
oks: 700000
oks: 700000
oks: 700000
oks: 700000
oks: 700000
oks: 700000
oks: 700000
oks: 700000
oks: 700000
oks: 700000
oks: 700000
oks: 700000
oks: 700000
oks: 700000
oks: 700000
oks: 700000
oks: 700000
oks: 700000
oks: 700000
oks: 700000
oks: 700000
oks: 700000
oks: 700000
oks: 700000
oks: 700000
oks: 700000
oks: 700000
oks: 700000
oks: 700000
oks: 700000
oks: 700000
oks: 700000
oks: 700000
oks: 700000
oks: 800000
oks: 800000
oks: 800000
oks: 800000
oks: 800000
oks: 800000
oks: 800000
oks: 800000
oks: 800000
oks: 800000
oks: 800000
oks: 800000
oks: 800000
oks: 800000
oks: 800000
oks: 800000
oks: 800000
oks: 800000
oks: 800000
oks: 800000
oks: 800000
oks: 800000
oks: 800000
oks: 800000
oks: 800000
oks: 800000
oks: 800000
oks: 800000
oks: 800000
oks: 800000
oks: 800000
oks: 800000
oks: 800000
oks: 800000
oks: 800000
oks: 800000
oks: 800000
oks: 800000
oks: 800000
oks: 800000
oks: 800000
oks: 800000
oks: 800000
oks: 800000
oks: 800000
oks: 800000
oks: 800000
oks: 800000
oks: 800000
oks: 800000
oks: 900000
oks: 900000
oks: 900000
oks: 900000
oks: 900000
oks: 900000
oks: 900000
oks: 900000
oks: 900000
oks: 900000
oks: 900000
oks: 900000
oks: 900000
oks: 900000
oks: 900000
oks: 900000
oks: 900000
oks: 900000
oks: 900000
oks: 900000
oks: 900000
oks: 900000
oks: 900000
oks: 900000
oks: 900000
oks: 900000
oks: 900000
oks: 900000
oks: 900000
oks: 900000
oks: 900000
oks: 900000
oks: 900000
oks: 900000
oks: 900000
oks: 900000
oks: 900000
oks: 900000
oks: 900000
oks: 900000
oks: 900000
oks: 900000
oks: 900000
oks: 900000
oks: 900000
oks: 900000
oks: 900000
oks: 900000
oks: 900000
oks: 900000
oks: 1000000
oks: 1000000
oks: 1000000
oks: 1000000
oks: 1000000
oks: 1000000
oks: 1000000
oks: 1000000
oks: 1000000
oks: 1000000
oks: 1000000
oks: 1000000
oks: 1000000
oks: 1000000
oks: 1000000
oks: 1000000
oks: 1000000
oks: 1000000
oks: 1000000
oks: 1000000
oks: 1000000
oks: 1000000
oks: 1000000
oks: 1000000
oks: 1000000
oks: 1000000
oks: 1000000
oks: 1000000
oks: 1000000
oks: 1000000
oks: 1000000
oks: 1000000
oks: 1000000
oks: 1000000
oks: 1000000
oks: 1000000
oks: 1000000
oks: 1000000
oks: 1000000
oks: 1000000
oks: 1000000
oks: 1000000
oks: 1000000
oks: 1000000
oks: 1000000
oks: 1000000
oks: 1000000
oks: 1000000
oks: 1000000
oks: 1000000

nofdb	workloads/workloadg.spec	50
# Load duration (sec): 589.128
# Loading records:	50000000
# Load throughput (KOPS): 84.8713
Count: 50000000  Average: 585.8159  StdDev: 3731.16
Percentiles(us): P50: 87.57 P90: 260.73 P99: 13822.76 P99.9: 40838.48 P99.99: 120293.32
------------------------------------------------------
[      25,      30 )      36   0.000%   0.000% 
[      30,      35 )    2574   0.005%   0.005% 
[      35,      40 )   44903   0.090%   0.095% 
[      40,      45 )  317928   0.636%   0.731% 
[      45,      50 ) 1199201   2.398%   3.129% 
[      50,      60 ) 4700187   9.400%  12.530% ##
[      60,      70 ) 6373943  12.748%  25.278% ###
[      70,      80 ) 7289590  14.579%  39.857% ###
[      80,      90 ) 6699445  13.399%  53.256% ###
[      90,     100 ) 5331809  10.664%  63.919% ##
[     100,     120 ) 6117142  12.234%  76.154% ##
[     120,     140 ) 2665805   5.332%  81.485% #
[     140,     160 ) 1423357   2.847%  84.332% #
[     160,     180 )  922282   1.845%  86.176% 
[     180,     200 )  668769   1.338%  87.514% 
[     200,     250 ) 1093914   2.188%  89.702% 
[     250,     300 )  695104   1.390%  91.092% 
[     300,     350 )  455516   0.911%  92.003% 
[     350,     400 )  305799   0.612%  92.615% 
[     400,     450 )  187664   0.375%  92.990% 
[     450,     500 )  133331   0.267%  93.257% 
[     500,     600 )  197576   0.395%  93.652% 
[     600,     700 )  166202   0.332%  93.984% 
[     700,     800 )  147194   0.294%  94.279% 
[     800,     900 )  118364   0.237%  94.515% 
[     900,    1000 )  102076   0.204%  94.719% 
[    1000,    1200 )  164908   0.330%  95.049% 
[    1200,    1400 )  143704   0.287%  95.337% 
[    1400,    1600 )  135745   0.271%  95.608% 
[    1600,    1800 )  125227   0.250%  95.859% 
[    1800,    2000 )  118600   0.237%  96.096% 
[    2000,    2500 )  250389   0.501%  96.597% 
[    2500,    3000 )  175517   0.351%  96.948% 
[    3000,    3500 )  115337   0.231%  97.178% 
[    3500,    4000 )  104172   0.208%  97.387% 
[    4000,    4500 )  101888   0.204%  97.590% 
[    4500,    5000 )   84670   0.169%  97.760% 
[    5000,    6000 )  142489   0.285%  98.045% 
[    6000,    7000 )   94655   0.189%  98.234% 
[    7000,    8000 )   81706   0.163%  98.397% 
[    8000,    9000 )   77773   0.156%  98.553% 
[    9000,   10000 )   91633   0.183%  98.736% 
[   10000,   12000 )   80692   0.161%  98.898% 
[   12000,   14000 )   56161   0.112%  99.010% 
[   14000,   16000 )   42948   0.086%  99.096% 
[   16000,   18000 )   37705   0.075%  99.171% 
[   18000,   20000 )   31728   0.063%  99.235% 
[   20000,   25000 )   69680   0.139%  99.374% 
[   25000,   30000 )   72925   0.146%  99.520% 
[   30000,   35000 )  147429   0.295%  99.815% 
[   35000,   40000 )   39568   0.079%  99.894% 
[   40000,   45000 )   18128   0.036%  99.930% 
[   45000,   50000 )    7727   0.015%  99.946% 
[   50000,   60000 )    8948   0.018%  99.964% 
[   60000,   70000 )    2901   0.006%  99.969% 
[   70000,   80000 )    3238   0.006%  99.976% 
[   80000,   90000 )    2890   0.006%  99.982% 
[   90000,  100000 )    1671   0.003%  99.985% 
[  100000,  120000 )    2510   0.005%  99.990% 
[  120000,  140000 )    1841   0.004%  99.994% 
[  140000,  160000 )    1239   0.002%  99.996% 
[  160000,  180000 )     659   0.001%  99.997% 
[  180000,  200000 )     386   0.001%  99.998% 
[  200000,  250000 )     597   0.001%  99.999% 
[  250000,  300000 )     197   0.000% 100.000% 
[  300000,  350000 )      63   0.000% 100.000% 
[  350000,  400000 )      22   0.000% 100.000% 
[  400000,  450000 )      10   0.000% 100.000% 
[  450000,  500000 )       1   0.000% 100.000% 
[  500000,  600000 )       8   0.000% 100.000% 
[  600000,  700000 )       4   0.000% 100.000% 

Waiting 30s before performing transactions......
Starting performing transactions......

oks: 100000
oks: 100000
oks: 100000
oks: 100000
oks: 100000
oks: 100000
oks: 100000
oks: 100000
oks: 100000
oks: 100000
oks: 100000
oks: 100000
oks: 100000
oks: 100000
oks: 100000
oks: 100000
oks: 100000
oks: 100000
oks: 100000
oks: 100000
oks: 100000
oks: 100000
oks: 100000
oks: 100000
oks: 100000
oks: 100000
oks: 100000
oks: 100000
oks: 100000
oks: 100000
oks: 100000
oks: 100000
oks: 100000
oks: 100000
oks: 100000
oks: 100000
oks: 100000
oks: 100000
oks: 100000
oks: 100000
oks: 100000
oks: 100000
oks: 100000
oks: 100000
oks: 100000
oks: 100000
oks: 100000
oks: 100000
oks: 100000
oks: 100000
oks: 200000
oks: 200000
oks: 200000
oks: 200000
oks: 200000
oks: 200000
oks: 200000
oks: 200000
oks: 200000
oks: 200000
oks: 200000
oks: 200000
oks: 200000
oks: 200000
oks: 200000
oks: 200000
oks: 200000
oks: 200000
oks: 200000
oks: 200000
oks: 200000
oks: 200000
oks: 200000
oks: 200000
oks: 200000
oks: 200000
oks: 200000
oks: 200000
oks: 200000
oks: 200000
oks: 200000
oks: 200000
oks: 200000
oks: 200000
oks: 200000
oks: 200000
oks: 200000
oks: 200000
oks: 200000
oks: 200000
oks: 200000
oks: 200000
oks: 200000
oks: 200000
oks: 200000
oks: 200000
oks: 200000
oks: 200000
oks: 200000
oks: 200000
oks: 300000
oks: 300000
oks: 300000
oks: 300000
oks: 300000
oks: 300000
oks: 300000
oks: 300000
oks: 300000
oks: 300000
oks: 300000
oks: 300000
oks: 300000
oks: 300000
oks: 300000
oks: 300000
oks: 300000
oks: 300000
oks: 300000
oks: 300000
oks: 300000
oks: 300000
oks: 300000
oks: 300000
oks: 300000
oks: 300000
oks: 300000
oks: 300000
oks: 300000
oks: 300000
oks: 300000
oks: 300000
oks: 300000
oks: 300000
oks: 300000
oks: 300000
oks: 300000
oks: 300000
oks: 300000
oks: 300000
oks: 300000
oks: 300000
oks: 300000
oks: 300000
oks: 300000
oks: 300000
oks: 300000
oks: 300000
oks: 300000
oks: 300000
oks: 400000
oks: 400000
oks: 400000
oks: 400000
oks: 400000
oks: 400000
oks: 400000
oks: 400000
oks: 400000
oks: 400000
oks: 400000
oks: 400000
oks: 400000
oks: 400000
oks: 400000
oks: 400000
oks: 400000
oks: 400000
oks: 400000
oks: 400000
oks: 400000
oks: 400000
oks: 400000
oks: 400000
oks: 400000
oks: 400000
oks: 400000
oks: 400000
oks: 400000
oks: 400000
oks: 400000
oks: 400000
oks: 400000
oks: 400000
oks: 400000
oks: 400000
oks: 400000
oks: 400000
oks: 400000
oks: 400000
oks: 400000
oks: 400000
oks: 400000
oks: 400000
oks: 400000
oks: 400000
oks: 400000
oks: 400000
oks: 400000
oks: 400000
oks: 500000
oks: 500000
oks: 500000
oks: 500000
oks: 500000
oks: 500000
oks: 500000
oks: 500000
oks: 500000
oks: 500000
oks: 500000
oks: 500000
oks: 500000
oks: 500000
oks: 500000
oks: 500000
oks: 500000
oks: 500000
oks: 500000
oks: 500000
oks: 500000
oks: 500000
oks: 500000
oks: 500000
oks: 500000
oks: 500000
oks: 500000
oks: 500000
oks: 500000
oks: 500000
oks: 500000
oks: 500000
oks: 500000
oks: 500000
oks: 500000
oks: 500000
oks: 500000
oks: 500000
oks: 500000
oks: 500000
oks: 500000
oks: 500000
oks: 500000
oks: 500000
oks: 500000
oks: 500000
oks: 500000
oks: 500000
oks: 500000
oks: 500000
oks: 600000
oks: 600000
oks: 600000
oks: 600000
oks: 600000
oks: 600000
oks: 600000
oks: 600000
oks: 600000
oks: 600000
oks: 600000
oks: 600000
oks: 600000
oks: 600000
oks: 600000
oks: 600000
oks: 600000
oks: 600000
oks: 600000
oks: 600000
oks: 600000
oks: 600000
oks: 600000
oks: 600000
oks: 600000
oks: 600000
oks: 600000
oks: 600000
oks: 600000
oks: 600000
oks: 600000
oks: 600000
oks: 600000
oks: 600000
oks: 600000
oks: 600000
oks: 600000
oks: 600000
oks: 600000
oks: 600000
oks: 600000
oks: 600000
oks: 600000
oks: 600000
oks: 600000
oks: 600000
oks: 600000
oks: 600000
oks: 600000
oks: 600000
oks: 700000
oks: 700000
oks: 700000
oks: 700000
oks: 700000
oks: 700000
oks: 700000
oks: 700000
oks: 700000
oks: 700000
oks: 700000
oks: 700000
oks: 700000
oks: 700000
oks: 700000
oks: 700000
oks: 700000
oks: 700000
oks: 700000
oks: 700000
oks: 700000
oks: 700000
oks: 700000
oks: 700000
oks: 700000
oks: 700000
oks: 700000
oks: 700000
oks: 700000
oks: 700000
oks: 700000
oks: 700000
oks: 700000
oks: 700000
oks: 700000
oks: 700000
oks: 700000
oks: 700000
oks: 700000
oks: 700000
oks: 700000
oks: 700000
oks: 700000
oks: 700000
oks: 700000
oks: 700000
oks: 700000
oks: 700000
oks: 700000
oks: 700000
oks: 800000
oks: 800000
oks: 800000
oks: 800000
oks: 800000
oks: 800000
oks: 800000
oks: 800000
oks: 800000
oks: 800000
oks: 800000
oks: 800000
oks: 800000
oks: 800000
oks: 800000
oks: 800000
oks: 800000
oks: 800000
oks: 800000
oks: 800000
oks: 800000
oks: 800000
oks: 800000
oks: 800000
oks: 800000
oks: 800000
oks: 800000
oks: 800000
oks: 800000
oks: 800000
oks: 800000
oks: 800000
oks: 800000
oks: 800000
oks: 800000
oks: 800000
oks: 800000
oks: 800000
oks: 800000
oks: 800000
oks: 800000
oks: 800000
oks: 800000
oks: 800000
oks: 800000
oks: 800000
oks: 800000
oks: 800000
oks: 800000
oks: 800000
oks: 900000
oks: 900000
oks: 900000
oks: 900000
oks: 900000
oks: 900000
oks: 900000
oks: 900000
oks: 900000
oks: 900000
oks: 900000
oks: 900000
oks: 900000
oks: 900000
oks: 900000
oks: 900000
oks: 900000
oks: 900000
oks: 900000
oks: 900000
oks: 900000
oks: 900000
oks: 900000
oks: 900000
oks: 900000
oks: 900000
oks: 900000
oks: 900000
oks: 900000
oks: 900000
oks: 900000
oks: 900000
oks: 900000
oks: 900000
oks: 900000
oks: 900000
oks: 900000
oks: 900000
oks: 900000
oks: 900000
oks: 900000
oks: 900000
oks: 900000
oks: 900000
oks: 900000
oks: 900000
oks: 900000
oks: 900000
oks: 900000
oks: 900000
oks: 1000000
oks: 1000000
oks: 1000000
oks: 1000000
oks: 1000000
oks: 1000000
oks: 1000000
oks: 1000000
oks: 1000000
oks: 1000000
oks: 1000000
oks: 1000000
oks: 1000000
oks: 1000000
oks: 1000000
oks: 1000000
oks: 1000000
oks: 1000000
oks: 1000000
oks: 1000000
oks: 1000000
oks: 1000000
oks: 1000000
oks: 1000000
oks: 1000000
oks: 1000000
oks: 1000000
oks: 1000000
oks: 1000000
oks: 1000000
oks: 1000000
oks: 1000000
oks: 1000000
oks: 1000000
oks: 1000000
oks: 1000000
oks: 1000000
oks: 1000000
oks: 1000000
oks: 1000000
oks: 1000000
oks: 1000000
oks: 1000000
oks: 1000000
oks: 1000000
oks: 1000000
oks: 1000000
oks: 1000000
oks: 1000000
oks: 1000000
# Run duration (sec): 520.29
# Run operations:	50000000
# Run throughput (KOPS): 96.1003
Count: 50000000  Average: 517.1112  StdDev: 3989.42
Percentiles(us): P50: 81.06 P90: 114.31 P99: 13711.01 P99.9: 41322.84 P99.99: 111287.28
------------------------------------------------------
[      25,      30 )     113   0.000%   0.000% 
[      30,      35 )    6797   0.014%   0.014% 
[      35,      40 )   88261   0.177%   0.190% 
[      40,      45 )  463102   0.926%   1.117% 
[      45,      50 ) 1273235   2.546%   3.663% #
[      50,      60 ) 4281089   8.562%  12.225% ##
[      60,      70 ) 7558363  15.117%  27.342% ###
[      70,      80 ) 10293663  20.587%  47.929% ####
[      80,      90 ) 9755930  19.512%  67.441% ####
[      90,     100 ) 7227285  14.455%  81.896% ###
[     100,     120 ) 5664629  11.329%  93.225% ##
[     120,     140 )  950782   1.902%  95.126% 
[     140,     160 )  219365   0.439%  95.565% 
[     160,     180 )   90334   0.181%  95.746% 
[     180,     200 )   52214   0.104%  95.850% 
[     200,     250 )   77890   0.156%  96.006% 
[     250,     300 )   51699   0.103%  96.110% 
[     300,     350 )   40322   0.081%  96.190% 
[     350,     400 )   31634   0.063%  96.253% 
[     400,     450 )   26147   0.052%  96.306% 
[     450,     500 )   23323   0.047%  96.352% 
[     500,     600 )   42750   0.085%  96.438% 
[     600,     700 )   37688   0.075%  96.513% 
[     700,     800 )   39370   0.079%  96.592% 
[     800,     900 )   38597   0.077%  96.669% 
[     900,    1000 )   29838   0.060%  96.729% 
[    1000,    1200 )   44682   0.089%  96.818% 
[    1200,    1400 )   46678   0.093%  96.912% 
[    1400,    1600 )   40602   0.081%  96.993% 
[    1600,    1800 )   34632   0.069%  97.062% 
[    1800,    2000 )   36166   0.072%  97.134% 
[    2000,    2500 )   85583   0.171%  97.306% 
[    2500,    3000 )   91866   0.184%  97.489% 
[    3000,    3500 )   64946   0.130%  97.619% 
[    3500,    4000 )   61211   0.122%  97.742% 
[    4000,    4500 )   64707   0.129%  97.871% 
[    4500,    5000 )   52140   0.104%  97.975% 
[    5000,    6000 )   94758   0.190%  98.165% 
[    6000,    7000 )   63675   0.127%  98.292% 
[    7000,    8000 )   63360   0.127%  98.419% 
[    8000,    9000 )   60720   0.121%  98.540% 
[    9000,   10000 )  103644   0.207%  98.748% 
[   10000,   12000 )   83960   0.168%  98.915% 
[   12000,   14000 )   49386   0.099%  99.014% 
[   14000,   16000 )   34701   0.069%  99.084% 
[   16000,   18000 )   36329   0.073%  99.156% 
[   18000,   20000 )   31537   0.063%  99.219% 
[   20000,   25000 )   61843   0.124%  99.343% 
[   25000,   30000 )   64320   0.129%  99.472% 
[   30000,   35000 )  161735   0.323%  99.795% 
[   35000,   40000 )   45575   0.091%  99.886% 
[   40000,   45000 )   25793   0.052%  99.938% 
[   45000,   50000 )    9257   0.019%  99.956% 
[   50000,   60000 )    7290   0.015%  99.971% 
[   60000,   70000 )    3102   0.006%  99.977% 
[   70000,   80000 )    2422   0.005%  99.982% 
[   80000,   90000 )    1981   0.004%  99.986% 
[   90000,  100000 )    1260   0.003%  99.989% 
[  100000,  120000 )    1274   0.003%  99.991% 
[  120000,  140000 )    1021   0.002%  99.993% 
[  140000,  160000 )     808   0.002%  99.995% 
[  160000,  180000 )     486   0.001%  99.996% 
[  180000,  200000 )     434   0.001%  99.997% 
[  200000,  250000 )     690   0.001%  99.998% 
[  250000,  300000 )     359   0.001%  99.999% 
[  300000,  350000 )     260   0.001%  99.999% 
[  350000,  400000 )     110   0.000%  99.999% 
[  400000,  450000 )     101   0.000% 100.000% 
[  450000,  500000 )      57   0.000% 100.000% 
[  500000,  600000 )      55   0.000% 100.000% 
[  600000,  700000 )      29   0.000% 100.000% 
[  700000,  800000 )       8   0.000% 100.000% 
[  800000,  900000 )       9   0.000% 100.000% 
[  900000, 1000000 )       7   0.000% 100.000% 
[ 1000000, 1200000 )      11   0.000% 100.000% 

