/usr/bin/java -Xmx64G -XX:MaxDirectMemorySize=64G -classpath /root/YCSB/conf:/root/YCSB/core/target/core-0.18.0-SNAPSHOT.jar:/root/YCSB/rocksdb/target/rocksdb-binding-0.18.0-SNAPSHOT.jar:/root/YCSB/rocksdb/target/dependency/HdrHistogram-2.1.4.jar:/root/YCSB/rocksdb/target/dependency/animal-sniffer-annotations-1.19.jar:/root/YCSB/rocksdb/target/dependency/annotations-4.1.1.4.jar:/root/YCSB/rocksdb/target/dependency/checker-compat-qual-2.5.5.jar:/root/YCSB/rocksdb/target/dependency/error_prone_annotations-2.4.0.jar:/root/YCSB/rocksdb/target/dependency/failureaccess-1.0.1.jar:/root/YCSB/rocksdb/target/dependency/grpc-api-1.37.1.jar:/root/YCSB/rocksdb/target/dependency/grpc-context-1.37.1.jar:/root/YCSB/rocksdb/target/dependency/grpc-core-1.37.1.jar:/root/YCSB/rocksdb/target/dependency/grpc-netty-shaded-1.37.1.jar:/root/YCSB/rocksdb/target/dependency/grpc-protobuf-1.37.1.jar:/root/YCSB/rocksdb/target/dependency/grpc-protobuf-lite-1.37.1.jar:/root/YCSB/rocksdb/target/dependency/grpc-stub-1.37.1.jar:/root/YCSB/rocksdb/target/dependency/gson-2.8.6.jar:/root/YCSB/rocksdb/target/dependency/guava-30.0-android.jar:/root/YCSB/rocksdb/target/dependency/htrace-core4-4.1.0-incubating.jar:/root/YCSB/rocksdb/target/dependency/j2objc-annotations-1.3.jar:/root/YCSB/rocksdb/target/dependency/jcip-annotations-1.0.jar:/root/YCSB/rocksdb/target/dependency/jsr305-3.0.2.jar:/root/YCSB/rocksdb/target/dependency/listenablefuture-9999.0-empty-to-avoid-conflict-with-guava.jar:/root/YCSB/rocksdb/target/dependency/perfmark-api-0.23.0.jar:/root/YCSB/rocksdb/target/dependency/proto-google-common-protos-2.0.1.jar:/root/YCSB/rocksdb/target/dependency/protobuf-java-3.12.0.jar:/root/YCSB/rocksdb/target/dependency/rocksdbjni-6.14.0.jar:/root/YCSB/rocksdb/target/dependency/slf4j-api-1.7.25.jar:/root/YCSB/rocksdb/target/dependency/slf4j-simple-1.7.25.jar site.ycsb.db.rocksdb.Replicator  -db site.ycsb.db.rocksdb.RocksDBClient -s -P workloads/workloadc -p port=50040 -p shard=2 -p client=8 -p head0=10.10.1.2:50050 -p tail0=10.10.1.3:50050 -p head1=10.10.1.3:50051 -p tail1=10.10.1.2:50051 -p replica=2
Command line: -db site.ycsb.db.rocksdb.RocksDBClient -s -P workloads/workloadc -p port=50040 -p shard=2 -p client=8 -p head0=10.10.1.2:50050 -p tail0=10.10.1.3:50050 -p head1=10.10.1.3:50051 -p tail1=10.10.1.2:50051 -p replica=2
[main] INFO site.ycsb.db.rocksdb.Replicator - Server started, listening on 50040
Detecting ssh root@10.10.1.3 "while true; do     if  ps aux | grep 'db_node 50050' | grep -v grep > /dev/null; then       break;     fi;     sleep 1; done"
Detecting ssh root@10.10.1.2 "while true; do     if  ps aux | grep 'db_node 50051' | grep -v grep > /dev/null; then       break;     fi;     sleep 1; done"
Detected shard 0 alive true on 10.10.1.3 with code 0
Detecting ssh root@10.10.1.3 "while true; do     if ! ps aux | grep 'db_node 50050' | grep -v grep > /dev/null; then       break;     fi;     sleep 1; done"
Detected shard 1 alive true on 10.10.1.2 with code 0
Detecting ssh root@10.10.1.2 "while true; do     if ! ps aux | grep 'db_node 50051' | grep -v grep > /dev/null; then       break;     fi;     sleep 1; done"
observerMap[0] [0] [1] changes from null to io.grpc.stub.ServerCalls$ServerCallStreamObserverImpl@7263dfe0
observerMap[1] [6] [1] changes from null to io.grpc.stub.ServerCalls$ServerCallStreamObserverImpl@6fa091d7
observerMap[0] [1] [1] changes from null to io.grpc.stub.ServerCalls$ServerCallStreamObserverImpl@1786998c
observerMap[0] [5] [1] changes from null to io.grpc.stub.ServerCalls$ServerCallStreamObserverImpl@56ec628c
observerMap[0] [7] [1] changes from null to io.grpc.stub.ServerCalls$ServerCallStreamObserverImpl@7eb68b6e
observerMap[1] [3] [1] changes from null to io.grpc.stub.ServerCalls$ServerCallStreamObserverImpl@240dd006
observerMap[0] [4] [1] changes from null to io.grpc.stub.ServerCalls$ServerCallStreamObserverImpl@1b6bcf9e
observerMap[0] [2] [1] changes from null to io.grpc.stub.ServerCalls$ServerCallStreamObserverImpl@70b906fd
observerAccumulator 1 shard 0
observerAccumulator 6 shard 0
observerAccumulator 6 shard 0
observerAccumulator 5 shard 0
observerAccumulator 4 shard 1
observerAccumulator 4 shard 0
observerAccumulator 7 shard 1
observerAccumulator 8 shard 0
observerMap[1] [5] [1] changes from null to io.grpc.stub.ServerCalls$ServerCallStreamObserverImpl@567aed91
observerAccumulator 9 shard 1
observerMap[0] [3] [1] changes from null to io.grpc.stub.ServerCalls$ServerCallStreamObserverImpl@4f0d680f
observerMap[1] [1] [1] changes from null to io.grpc.stub.ServerCalls$ServerCallStreamObserverImpl@2713e491
observerAccumulator 10 shard 0
observerAccumulator 11 shard 1
observerMap[1] [0] [1] changes from null to io.grpc.stub.ServerCalls$ServerCallStreamObserverImpl@1a48dfbf
observerAccumulator 12 shard 1
observerMap[1] [2] [1] changes from null to io.grpc.stub.ServerCalls$ServerCallStreamObserverImpl@7e9c2787
observerMap[1] [4] [1] changes from null to io.grpc.stub.ServerCalls$ServerCallStreamObserverImpl@1d65f7a5
observerAccumulator 13 shard 1
observerMap[0] [6] [1] changes from null to io.grpc.stub.ServerCalls$ServerCallStreamObserverImpl@7f31ee2d
observerAccumulator 14 shard 1
observerAccumulator 15 shard 0
observerMap[1] [7] [1] changes from null to io.grpc.stub.ServerCalls$ServerCallStreamObserverImpl@3bed488d
observerAccumulator 16 shard 1
observerMap[1] [3] [1] changes from io.grpc.stub.ServerCalls$ServerCallStreamObserverImpl@240dd006 to io.grpc.stub.ServerCalls$ServerCallStreamObserverImpl@59b37a55
observerMap[0] [3] [1] changes from io.grpc.stub.ServerCalls$ServerCallStreamObserverImpl@4f0d680f to io.grpc.stub.ServerCalls$ServerCallStreamObserverImpl@20488af3
observerAccumulator 18 shard 1
observerAccumulator 18 shard 0
headObserver.onCompleted shard: 1 client: 3 write:true 2025-08-17 10:58:35.226
dumbObserver.onError shard: 1 client: 3 write:true 2025-08-17 10:58:35.231
headObserver.onCompleted shard: 1 client: 3 write:true 2025-08-17 10:58:35.226
sendReply.onError shard: 1 client: 3 write:true 2025-08-17 10:58:35.228
sendReply.onError shard: -1 client: -1 write:false 2025-08-17 10:58:35.226
[grpc-default-executor-62] ERROR site.ycsb.db.rocksdb.Replicator - Encountered error in sendReply
dumbObserver.onError shard: 0 client: 3 write:true 2025-08-17 10:58:35.229[grpc-default-executor-41] ERROR site.ycsb.db.rocksdb.Replicator - Encountered error in sendReply

sendReply.onError shard: -1 client: -1 write:false 2025-08-17 10:58:35.226
[grpc-default-executor-58] ERROR site.ycsb.db.rocksdb.Replicator - Encountered error in sendReply
dumbObserver.onCompleted shard: 1 client: 3 write:true 2025-08-17 10:58:35.228
dumbObserver.onCompleted shard: 0 client: 3 write:true 2025-08-17 10:58:35.228
sendReply.onError shard: 0 client: 3 write:true 2025-08-17 10:58:35.228
headObserver.onCompleted shard: 0 client: 3 write:true 2025-08-17 10:58:35.226io.grpc.StatusRuntimeException: CANCELLED: client cancelled

headObserver.onCompleted shard: 0 client: 3 write:true 2025-08-17 10:58:35.226
	at io.grpc.Status.asRuntimeException(Status.java:526)
	at io.grpc.stub.ServerCalls$StreamingServerCallHandler$StreamingServerCallListener.onCancel(ServerCalls.java:284)
	at io.grpc.internal.ServerCallImpl$ServerStreamListenerImpl.closedInternal(ServerCallImpl.java:353)
	at io.grpc.internal.ServerCallImpl$ServerStreamListenerImpl.closed(ServerCallImpl.java:341)
	at io.grpc.internal.ServerImpl$JumpToApplicationThreadServerStreamListener$1Closed.runInContext(ServerImpl.java:844)
	at io.grpc.internal.ContextRunnable.run(ContextRunnable.java:37)
	at io.grpc.internal.SerializingExecutor.run(SerializingExecutor.java:123)
	at java.base/java.util.concurrent.ThreadPoolExecutor.runWorker(ThreadPoolExecutor.java:1128)
	at java.base/java.util.concurrent.ThreadPoolExecutor$Worker.run(ThreadPoolExecutor.java:628)
	at java.base/java.lang.Thread.run(Thread.java:829)
io.grpc.StatusRuntimeException: CANCELLED: client cancelled
	at io.grpc.Status.asRuntimeException(Status.java:526)
	at io.grpc.stub.ServerCalls$StreamingServerCallHandler$StreamingServerCallListener.onCancel(ServerCalls.java:284)
	at io.grpc.internal.ServerCallImpl$ServerStreamListenerImpl.closedInternal(ServerCallImpl.java:353)
	at io.grpc.internal.ServerCallImpl$ServerStreamListenerImpl.closed(ServerCallImpl.java:341)
	at io.grpc.internal.ServerImpl$JumpToApplicationThreadServerStreamListener$1Closed.runInContext(ServerImpl.java:844)
	at io.grpc.internal.ContextRunnable.run(ContextRunnable.java:37)
	at io.grpc.internal.SerializingExecutor.run(SerializingExecutor.java:123)
	at java.base/java.util.concurrent.ThreadPoolExecutor.runWorker(ThreadPoolExecutor.java:1128)
	at java.base/java.util.concurrent.ThreadPoolExecutor$Worker.run(ThreadPoolExecutor.java:628)
	at java.base/java.lang.Thread.run(Thread.java:829)
[grpc-default-executor-52] ERROR site.ycsb.db.rocksdb.Replicator - Encountered error in sendReply
io.grpc.StatusRuntimeException: CANCELLED: client cancelled
	at io.grpc.Status.asRuntimeException(Status.java:526)
	at io.grpc.stub.ServerCalls$StreamingServerCallHandler$StreamingServerCallListener.onCancel(ServerCalls.java:284)
	at io.grpc.internal.ServerCallImpl$ServerStreamListenerImpl.closedInternal(ServerCallImpl.java:353)
	at io.grpc.internal.ServerCallImpl$ServerStreamListenerImpl.closed(ServerCallImpl.java:341)
	at io.grpc.internal.ServerImpl$JumpToApplicationThreadServerStreamListener$1Closed.runInContext(ServerImpl.java:844)
	at io.grpc.internal.ContextRunnable.run(ContextRunnable.java:37)
	at io.grpc.internal.SerializingExecutor.run(SerializingExecutor.java:123)
	at java.base/java.util.concurrent.ThreadPoolExecutor.runWorker(ThreadPoolExecutor.java:1128)
	at java.base/java.util.concurrent.ThreadPoolExecutor$Worker.run(ThreadPoolExecutor.java:628)
	at java.base/java.lang.Thread.run(Thread.java:829)
io.grpc.StatusRuntimeException: CANCELLED: client cancelled
	at io.grpc.Status.asRuntimeException(Status.java:526)
	at io.grpc.stub.ServerCalls$StreamingServerCallHandler$StreamingServerCallListener.onCancel(ServerCalls.java:284)
	at io.grpc.internal.ServerCallImpl$ServerStreamListenerImpl.closedInternal(ServerCallImpl.java:353)
	at io.grpc.internal.ServerCallImpl$ServerStreamListenerImpl.closed(ServerCallImpl.java:341)
	at io.grpc.internal.ServerImpl$JumpToApplicationThreadServerStreamListener$1Closed.runInContext(ServerImpl.java:844)
	at io.grpc.internal.ContextRunnable.run(ContextRunnable.java:37)
	at io.grpc.internal.SerializingExecutor.run(SerializingExecutor.java:123)
	at java.base/java.util.concurrent.ThreadPoolExecutor.runWorker(ThreadPoolExecutor.java:1128)
	at java.base/java.util.concurrent.ThreadPoolExecutor$Worker.run(ThreadPoolExecutor.java:628)
	at java.base/java.lang.Thread.run(Thread.java:829)
observerMap[0] [6] [1] changes from io.grpc.stub.ServerCalls$ServerCallStreamObserverImpl@7f31ee2d to io.grpc.stub.ServerCalls$ServerCallStreamObserverImpl@1d3bd22a
observerMap[1] [6] [1] changes from io.grpc.stub.ServerCalls$ServerCallStreamObserverImpl@6fa091d7 to io.grpc.stub.ServerCalls$ServerCallStreamObserverImpl@1ca65cb6
observerAccumulator 20 shard 1
observerAccumulator 20 shard 0
observerMap[1] [6] [1] changes from io.grpc.stub.ServerCalls$ServerCallStreamObserverImpl@1ca65cb6 to io.grpc.stub.ServerCalls$ServerCallStreamObserverImpl@6fa091d7
headObserver.onCompleted shard: 0 client: 6 write:true 2025-08-17 10:58:37.51
headObserver.onCompleted shard: 1 client: 6 write:true 2025-08-17 10:58:37.51
headObserver.onCompleted shard: 1 client: 6 write:true 2025-08-17 10:58:37.511
headObserver.onCompleted shard: 0 client: 6 write:true 2025-08-17 10:58:37.511
sendReply.onError shard: 1 client: 6 write:true 2025-08-17 10:58:37.511
[grpc-default-executor-57] ERROR site.ycsb.db.rocksdb.Replicator - Encountered error in sendReply
io.grpc.StatusRuntimeException: CANCELLED: client cancelled
dumbObserver.onCompleted shard: 1 client: 6 write:true 2025-08-17 10:58:37.511
	at io.grpc.Status.asRuntimeException(Status.java:526)
sendReply.onError shard: 0 client: 6 write:true 2025-08-17 10:58:37.511	at io.grpc.stub.ServerCalls$StreamingServerCallHandler$StreamingServerCallListener.onCancel(ServerCalls.java:284)

	at io.grpc.internal.ServerCallImpl$ServerStreamListenerImpl.closedInternal(ServerCallImpl.java:353)
	at io.grpc.internal.ServerCallImpl$ServerStreamListenerImpl.closed(ServerCallImpl.java:341)
	at io.grpc.internal.ServerImpl$JumpToApplicationThreadServerStreamListener$1Closed.runInContext(ServerImpl.java:844)
	at io.grpc.internal.ContextRunnable.run(ContextRunnable.java:37)
	at io.grpc.internal.SerializingExecutor.run(SerializingExecutor.java:123)
	at java.base/java.util.concurrent.ThreadPoolExecutor.runWorker(ThreadPoolExecutor.java:1128)
	at java.base/java.util.concurrent.ThreadPoolExecutor$Worker.run(ThreadPoolExecutor.java:628)
	at java.base/java.lang.Thread.run(Thread.java:829)
[grpc-default-executor-66] ERROR site.ycsb.db.rocksdb.Replicator - Encountered error in sendReply
io.grpc.StatusRuntimeException: CANCELLED: client cancelled
sendReply.onError shard: -1 client: -1 write:false 2025-08-17 10:58:37.512
	at io.grpc.Status.asRuntimeException(Status.java:526)dumbObserver.onCompleted shard: 1 client: 6 write:true 2025-08-17 10:58:37.512

	at io.grpc.stub.ServerCalls$StreamingServerCallHandler$StreamingServerCallListener.onCancel(ServerCalls.java:284)
	at io.grpc.internal.ServerCallImpl$ServerStreamListenerImpl.closedInternal(ServerCallImpl.java:353)
	at io.grpc.internal.ServerCallImpl$ServerStreamListenerImpl.closed(ServerCallImpl.java:341)
sendReply.onError shard: -1 client: -1 write:false 2025-08-17 10:58:37.512	at io.grpc.internal.ServerImpl$JumpToApplicationThreadServerStreamListener$1Closed.runInContext(ServerImpl.java:844)

	at io.grpc.internal.ContextRunnable.run(ContextRunnable.java:37)
	at io.grpc.internal.SerializingExecutor.run(SerializingExecutor.java:123)
	at java.base/java.util.concurrent.ThreadPoolExecutor.runWorker(ThreadPoolExecutor.java:1128)dumbObserver.onCompleted shard: 0 client: 6 write:true 2025-08-17 10:58:37.512

	at java.base/java.util.concurrent.ThreadPoolExecutor$Worker.run(ThreadPoolExecutor.java:628)
	at java.base/java.lang.Thread.run(Thread.java:829)
[grpc-default-executor-62] ERROR site.ycsb.db.rocksdb.Replicator - Encountered error in sendReply
[grpc-default-executor-41] ERROR site.ycsb.db.rocksdb.Replicator - Encountered error in sendReply
io.grpc.StatusRuntimeException: CANCELLED: client cancelled
	at io.grpc.Status.asRuntimeException(Status.java:526)
	at io.grpc.stub.ServerCalls$StreamingServerCallHandler$StreamingServerCallListener.onCancel(ServerCalls.java:284)
	at io.grpc.internal.ServerCallImpl$ServerStreamListenerImpl.closedInternal(ServerCallImpl.java:353)
dumbObserver.onCompleted shard: 0 client: 6 write:true 2025-08-17 10:58:37.512	at io.grpc.internal.ServerCallImpl$ServerStreamListenerImpl.closed(ServerCallImpl.java:341)

	at io.grpc.internal.ServerImpl$JumpToApplicationThreadServerStreamListener$1Closed.runInContext(ServerImpl.java:844)
	at io.grpc.internal.ContextRunnable.run(ContextRunnable.java:37)
	at io.grpc.internal.SerializingExecutor.run(SerializingExecutor.java:123)
	at java.base/java.util.concurrent.ThreadPoolExecutor.runWorker(ThreadPoolExecutor.java:1128)
	at java.base/java.util.concurrent.ThreadPoolExecutor$Worker.run(ThreadPoolExecutor.java:628)
	at java.base/java.lang.Thread.run(Thread.java:829)
io.grpc.StatusRuntimeException: CANCELLED: client cancelled
	at io.grpc.Status.asRuntimeException(Status.java:526)
	at io.grpc.stub.ServerCalls$StreamingServerCallHandler$StreamingServerCallListener.onCancel(ServerCalls.java:284)
	at io.grpc.internal.ServerCallImpl$ServerStreamListenerImpl.closedInternal(ServerCallImpl.java:353)
	at io.grpc.internal.ServerCallImpl$ServerStreamListenerImpl.closed(ServerCallImpl.java:341)
	at io.grpc.internal.ServerImpl$JumpToApplicationThreadServerStreamListener$1Closed.runInContext(ServerImpl.java:844)
	at io.grpc.internal.ContextRunnable.run(ContextRunnable.java:37)
	at io.grpc.internal.SerializingExecutor.run(SerializingExecutor.java:123)
	at java.base/java.util.concurrent.ThreadPoolExecutor.runWorker(ThreadPoolExecutor.java:1128)
	at java.base/java.util.concurrent.ThreadPoolExecutor$Worker.run(ThreadPoolExecutor.java:628)
	at java.base/java.lang.Thread.run(Thread.java:829)
observerMap[0] [5] [1] changes from io.grpc.stub.ServerCalls$ServerCallStreamObserverImpl@56ec628c to io.grpc.stub.ServerCalls$ServerCallStreamObserverImpl@1b31f1ef
observerMap[1] [5] [1] changes from io.grpc.stub.ServerCalls$ServerCallStreamObserverImpl@567aed91 to io.grpc.stub.ServerCalls$ServerCallStreamObserverImpl@2b2f5672
observerAccumulator 21 shard 0
observerAccumulator 22 shard 1
headObserver.onCompleted shard: 0 client: 5 write:true 2025-08-17 10:58:38.007
headObserver.onCompleted shard: 0 client: 5 write:true 2025-08-17 10:58:38.007
headObserver.onCompleted shard: 1 client: 5 write:true 2025-08-17 10:58:38.007
headObserver.onCompleted shard: 1 client: 5 write:true 2025-08-17 10:58:38.007
dumbObserver.onError shard: 1 client: 5 write:true 2025-08-17 10:58:38.007
dumbObserver.onCompleted shard: 1 client: 5 write:true 2025-08-17 10:58:38.007
sendReply.onError shard: 1 client: 5 write:true 2025-08-17 10:58:38.008
[grpc-default-executor-58] ERROR site.ycsb.db.rocksdb.Replicator - Encountered error in sendReplydumbObserver.onError shard: 0 client: 5 write:true 2025-08-17 10:58:38.008

sendReply.onError shard: -1 client: -1 write:false 2025-08-17 10:58:38.008
io.grpc.StatusRuntimeException: CANCELLED: client cancelled
sendReply.onError shard: -1 client: -1 write:false 2025-08-17 10:58:38.008
	at io.grpc.Status.asRuntimeException(Status.java:526)
dumbObserver.onError shard: 0 client: 5 write:true 2025-08-17 10:58:38.008	at io.grpc.stub.ServerCalls$StreamingServerCallHandler$StreamingServerCallListener.onCancel(ServerCalls.java:284)

	at io.grpc.internal.ServerCallImpl$ServerStreamListenerImpl.closedInternal(ServerCallImpl.java:353)
sendReply.onError shard: 0 client: 5 write:true 2025-08-17 10:58:38.008	at io.grpc.internal.ServerCallImpl$ServerStreamListenerImpl.closed(ServerCallImpl.java:341)

	at io.grpc.internal.ServerImpl$JumpToApplicationThreadServerStreamListener$1Closed.runInContext(ServerImpl.java:844)
	at io.grpc.internal.ContextRunnable.run(ContextRunnable.java:37)
	at io.grpc.internal.SerializingExecutor.run(SerializingExecutor.java:123)
	at java.base/java.util.concurrent.ThreadPoolExecutor.runWorker(ThreadPoolExecutor.java:1128)
	at java.base/java.util.concurrent.ThreadPoolExecutor$Worker.run(ThreadPoolExecutor.java:628)
	at java.base/java.lang.Thread.run(Thread.java:829)
[grpc-default-executor-41] ERROR site.ycsb.db.rocksdb.Replicator - Encountered error in sendReply
[grpc-default-executor-57] ERROR site.ycsb.db.rocksdb.Replicator - Encountered error in sendReply
io.grpc.StatusRuntimeException: CANCELLED: client cancelled
	at io.grpc.Status.asRuntimeException(Status.java:526)
	at io.grpc.stub.ServerCalls$StreamingServerCallHandler$StreamingServerCallListener.onCancel(ServerCalls.java:284)
	at io.grpc.internal.ServerCallImpl$ServerStreamListenerImpl.closedInternal(ServerCallImpl.java:353)
	at io.grpc.internal.ServerCallImpl$ServerStreamListenerImpl.closed(ServerCallImpl.java:341)
	at io.grpc.internal.ServerImpl$JumpToApplicationThreadServerStreamListener$1Closed.runInContext(ServerImpl.java:844)
	at io.grpc.internal.ContextRunnable.run(ContextRunnable.java:37)
	at io.grpc.internal.SerializingExecutor.run(SerializingExecutor.java:123)
	at java.base/java.util.concurrent.ThreadPoolExecutor.runWorker(ThreadPoolExecutor.java:1128)
	at java.base/java.util.concurrent.ThreadPoolExecutor$Worker.run(ThreadPoolExecutor.java:628)
	at java.base/java.lang.Thread.run(Thread.java:829)
[grpc-default-executor-66] ERROR site.ycsb.db.rocksdb.Replicator - Encountered error in sendReply
io.grpc.StatusRuntimeException: CANCELLED: client cancelled
	at io.grpc.Status.asRuntimeException(Status.java:526)
	at io.grpc.stub.ServerCalls$StreamingServerCallHandler$StreamingServerCallListener.onCancel(ServerCalls.java:284)
	at io.grpc.internal.ServerCallImpl$ServerStreamListenerImpl.closedInternal(ServerCallImpl.java:353)
	at io.grpc.internal.ServerCallImpl$ServerStreamListenerImpl.closed(ServerCallImpl.java:341)
	at io.grpc.internal.ServerImpl$JumpToApplicationThreadServerStreamListener$1Closed.runInContext(ServerImpl.java:844)
	at io.grpc.internal.ContextRunnable.run(ContextRunnable.java:37)
	at io.grpc.internal.SerializingExecutor.run(SerializingExecutor.java:123)
	at java.base/java.util.concurrent.ThreadPoolExecutor.runWorker(ThreadPoolExecutor.java:1128)
	at java.base/java.util.concurrent.ThreadPoolExecutor$Worker.run(ThreadPoolExecutor.java:628)
	at java.base/java.lang.Thread.run(Thread.java:829)
io.grpc.StatusRuntimeException: CANCELLED: client cancelled
	at io.grpc.Status.asRuntimeException(Status.java:526)
	at io.grpc.stub.ServerCalls$StreamingServerCallHandler$StreamingServerCallListener.onCancel(ServerCalls.java:284)
	at io.grpc.internal.ServerCallImpl$ServerStreamListenerImpl.closedInternal(ServerCallImpl.java:353)
	at io.grpc.internal.ServerCallImpl$ServerStreamListenerImpl.closed(ServerCallImpl.java:341)
	at io.grpc.internal.ServerImpl$JumpToApplicationThreadServerStreamListener$1Closed.runInContext(ServerImpl.java:844)
	at io.grpc.internal.ContextRunnable.run(ContextRunnable.java:37)
	at io.grpc.internal.SerializingExecutor.run(SerializingExecutor.java:123)
	at java.base/java.util.concurrent.ThreadPoolExecutor.runWorker(ThreadPoolExecutor.java:1128)
	at java.base/java.util.concurrent.ThreadPoolExecutor$Worker.run(ThreadPoolExecutor.java:628)
	at java.base/java.lang.Thread.run(Thread.java:829)
observerMap[0] [4] [1] changes from io.grpc.stub.ServerCalls$ServerCallStreamObserverImpl@1b6bcf9e to io.grpc.stub.ServerCalls$ServerCallStreamObserverImpl@c320023
observerMap[1] [4] [1] changes from io.grpc.stub.ServerCalls$ServerCallStreamObserverImpl@1d65f7a5 to io.grpc.stub.ServerCalls$ServerCallStreamObserverImpl@2b7f12f2
observerAccumulator 23 shard 0
observerAccumulator 24 shard 1
observerMap[1] [4] [1] changes from io.grpc.stub.ServerCalls$ServerCallStreamObserverImpl@2b7f12f2 to io.grpc.stub.ServerCalls$ServerCallStreamObserverImpl@1d65f7a5
headObserver.onCompleted shard: 1 client: 4 write:true 2025-08-17 10:58:38.279
headObserver.onCompleted shard: 0 client: 4 write:true 2025-08-17 10:58:38.279
headObserver.onCompleted shard: 0 client: 4 write:true 2025-08-17 10:58:38.279
headObserver.onCompleted shard: 1 client: 4 write:true 2025-08-17 10:58:38.279
dumbObserver.onError shard: 0 client: 4 write:true 2025-08-17 10:58:38.279
sendReply.onError shard: -1 client: -1 write:false 2025-08-17 10:58:38.28
[grpc-default-executor-57] ERROR site.ycsb.db.rocksdb.Replicator - Encountered error in sendReply
dumbObserver.onError shard: 1 client: 4 write:true 2025-08-17 10:58:38.28
io.grpc.StatusRuntimeException: CANCELLED: client cancelled
	at io.grpc.Status.asRuntimeException(Status.java:526)
	at io.grpc.stub.ServerCalls$StreamingServerCallHandler$StreamingServerCallListener.onCancel(ServerCalls.java:284)
	at io.grpc.internal.ServerCallImpl$ServerStreamListenerImpl.closedInternal(ServerCallImpl.java:353)
sendReply.onError shard: 1 client: 4 write:true 2025-08-17 10:58:38.28	at io.grpc.internal.ServerCallImpl$ServerStreamListenerImpl.closed(ServerCallImpl.java:341)

	at io.grpc.internal.ServerImpl$JumpToApplicationThreadServerStreamListener$1Closed.runInContext(ServerImpl.java:844)sendReply.onError shard: -1 client: -1 write:false 2025-08-17 10:58:38.28

	at io.grpc.internal.ContextRunnable.run(ContextRunnable.java:37)
sendReply.onError shard: 0 client: 4 write:true 2025-08-17 10:58:38.28	at io.grpc.internal.SerializingExecutor.run(SerializingExecutor.java:123)

	at java.base/java.util.concurrent.ThreadPoolExecutor.runWorker(ThreadPoolExecutor.java:1128)
dumbObserver.onError shard: 0 client: 4 write:true 2025-08-17 10:58:38.28	at java.base/java.util.concurrent.ThreadPoolExecutor$Worker.run(ThreadPoolExecutor.java:628)

dumbObserver.onCompleted shard: 1 client: 4 write:true 2025-08-17 10:58:38.28	at java.base/java.lang.Thread.run(Thread.java:829)

[grpc-default-executor-58] ERROR site.ycsb.db.rocksdb.Replicator - Encountered error in sendReply
[grpc-default-executor-41] ERROR site.ycsb.db.rocksdb.Replicator - Encountered error in sendReply
[grpc-default-executor-50] ERROR site.ycsb.db.rocksdb.Replicator - Encountered error in sendReply
io.grpc.StatusRuntimeException: CANCELLED: client cancelled
	at io.grpc.Status.asRuntimeException(Status.java:526)
	at io.grpc.stub.ServerCalls$StreamingServerCallHandler$StreamingServerCallListener.onCancel(ServerCalls.java:284)
	at io.grpc.internal.ServerCallImpl$ServerStreamListenerImpl.closedInternal(ServerCallImpl.java:353)
	at io.grpc.internal.ServerCallImpl$ServerStreamListenerImpl.closed(ServerCallImpl.java:341)
	at io.grpc.internal.ServerImpl$JumpToApplicationThreadServerStreamListener$1Closed.runInContext(ServerImpl.java:844)
	at io.grpc.internal.ContextRunnable.run(ContextRunnable.java:37)
	at io.grpc.internal.SerializingExecutor.run(SerializingExecutor.java:123)
	at java.base/java.util.concurrent.ThreadPoolExecutor.runWorker(ThreadPoolExecutor.java:1128)
	at java.base/java.util.concurrent.ThreadPoolExecutor$Worker.run(ThreadPoolExecutor.java:628)
	at java.base/java.lang.Thread.run(Thread.java:829)
io.grpc.StatusRuntimeException: CANCELLED: client cancelled
	at io.grpc.Status.asRuntimeException(Status.java:526)
	at io.grpc.stub.ServerCalls$StreamingServerCallHandler$StreamingServerCallListener.onCancel(ServerCalls.java:284)
	at io.grpc.internal.ServerCallImpl$ServerStreamListenerImpl.closedInternal(ServerCallImpl.java:353)
	at io.grpc.internal.ServerCallImpl$ServerStreamListenerImpl.closed(ServerCallImpl.java:341)
	at io.grpc.internal.ServerImpl$JumpToApplicationThreadServerStreamListener$1Closed.runInContext(ServerImpl.java:844)
	at io.grpc.internal.ContextRunnable.run(ContextRunnable.java:37)
	at io.grpc.internal.SerializingExecutor.run(SerializingExecutor.java:123)
	at java.base/java.util.concurrent.ThreadPoolExecutor.runWorker(ThreadPoolExecutor.java:1128)
	at java.base/java.util.concurrent.ThreadPoolExecutor$Worker.run(ThreadPoolExecutor.java:628)
	at java.base/java.lang.Thread.run(Thread.java:829)
io.grpc.StatusRuntimeException: CANCELLED: client cancelled
	at io.grpc.Status.asRuntimeException(Status.java:526)
	at io.grpc.stub.ServerCalls$StreamingServerCallHandler$StreamingServerCallListener.onCancel(ServerCalls.java:284)
	at io.grpc.internal.ServerCallImpl$ServerStreamListenerImpl.closedInternal(ServerCallImpl.java:353)
	at io.grpc.internal.ServerCallImpl$ServerStreamListenerImpl.closed(ServerCallImpl.java:341)
	at io.grpc.internal.ServerImpl$JumpToApplicationThreadServerStreamListener$1Closed.runInContext(ServerImpl.java:844)
	at io.grpc.internal.ContextRunnable.run(ContextRunnable.java:37)
	at io.grpc.internal.SerializingExecutor.run(SerializingExecutor.java:123)
	at java.base/java.util.concurrent.ThreadPoolExecutor.runWorker(ThreadPoolExecutor.java:1128)
	at java.base/java.util.concurrent.ThreadPoolExecutor$Worker.run(ThreadPoolExecutor.java:628)
	at java.base/java.lang.Thread.run(Thread.java:829)
observerMap[0] [2] [1] changes from io.grpc.stub.ServerCalls$ServerCallStreamObserverImpl@70b906fd to io.grpc.stub.ServerCalls$ServerCallStreamObserverImpl@2daae9d2
observerMap[0] [2] [1] changes from io.grpc.stub.ServerCalls$ServerCallStreamObserverImpl@2daae9d2 to io.grpc.stub.ServerCalls$ServerCallStreamObserverImpl@70b906fd
observerAccumulator 25 shard 0
observerMap[1] [2] [1] changes from io.grpc.stub.ServerCalls$ServerCallStreamObserverImpl@7e9c2787 to io.grpc.stub.ServerCalls$ServerCallStreamObserverImpl@714d253
observerAccumulator 26 shard 1
headObserver.onCompleted shard: 0 client: 2 write:true 2025-08-17 10:58:38.61
headObserver.onCompleted shard: 1 client: 2 write:true 2025-08-17 10:58:38.61
headObserver.onCompleted shard: 0 client: 2 write:true 2025-08-17 10:58:38.61
headObserver.onCompleted shard: 1 client: 2 write:true 2025-08-17 10:58:38.611
dumbObserver.onError shard: 0 client: 2 write:true 2025-08-17 10:58:38.611
dumbObserver.onError shard: 0 client: 2 write:true 2025-08-17 10:58:38.611
sendReply.onError shard: 0 client: 2 write:true 2025-08-17 10:58:38.611
[grpc-default-executor-57] ERROR site.ycsb.db.rocksdb.Replicator - Encountered error in sendReply
dumbObserver.onError shard: 1 client: 2 write:true 2025-08-17 10:58:38.611
io.grpc.StatusRuntimeException: CANCELLED: client cancelledsendReply.onError shard: -1 client: -1 write:false 2025-08-17 10:58:38.611

sendReply.onError shard: 1 client: 2 write:true 2025-08-17 10:58:38.611	at io.grpc.Status.asRuntimeException(Status.java:526)

	at io.grpc.stub.ServerCalls$StreamingServerCallHandler$StreamingServerCallListener.onCancel(ServerCalls.java:284)
dumbObserver.onError shard: 1 client: 2 write:true 2025-08-17 10:58:38.611	at io.grpc.internal.ServerCallImpl$ServerStreamListenerImpl.closedInternal(ServerCallImpl.java:353)

	at io.grpc.internal.ServerCallImpl$ServerStreamListenerImpl.closed(ServerCallImpl.java:341)
	at io.grpc.internal.ServerImpl$JumpToApplicationThreadServerStreamListener$1Closed.runInContext(ServerImpl.java:844)
	at io.grpc.internal.ContextRunnable.run(ContextRunnable.java:37)
	at io.grpc.internal.SerializingExecutor.run(SerializingExecutor.java:123)
	at java.base/java.util.concurrent.ThreadPoolExecutor.runWorker(ThreadPoolExecutor.java:1128)
	at java.base/java.util.concurrent.ThreadPoolExecutor$Worker.run(ThreadPoolExecutor.java:628)
	at java.base/java.lang.Thread.run(Thread.java:829)
[grpc-default-executor-52] ERROR site.ycsb.db.rocksdb.Replicator - Encountered error in sendReply
[grpc-default-executor-41] ERROR site.ycsb.db.rocksdb.Replicator - Encountered error in sendReply
io.grpc.StatusRuntimeException: CANCELLED: client cancelled
	at io.grpc.Status.asRuntimeException(Status.java:526)
	at io.grpc.stub.ServerCalls$StreamingServerCallHandler$StreamingServerCallListener.onCancel(ServerCalls.java:284)
	at io.grpc.internal.ServerCallImpl$ServerStreamListenerImpl.closedInternal(ServerCallImpl.java:353)
	at io.grpc.internal.ServerCallImpl$ServerStreamListenerImpl.closed(ServerCallImpl.java:341)
	at io.grpc.internal.ServerImpl$JumpToApplicationThreadServerStreamListener$1Closed.runInContext(ServerImpl.java:844)
	at io.grpc.internal.ContextRunnable.run(ContextRunnable.java:37)
	at io.grpc.internal.SerializingExecutor.run(SerializingExecutor.java:123)
	at java.base/java.util.concurrent.ThreadPoolExecutor.runWorker(ThreadPoolExecutor.java:1128)
	at java.base/java.util.concurrent.ThreadPoolExecutor$Worker.run(ThreadPoolExecutor.java:628)
	at java.base/java.lang.Thread.run(Thread.java:829)
io.grpc.StatusRuntimeException: CANCELLED: client cancelled
	at io.grpc.Status.asRuntimeException(Status.java:526)
	at io.grpc.stub.ServerCalls$StreamingServerCallHandler$StreamingServerCallListener.onCancel(ServerCalls.java:284)
	at io.grpc.internal.ServerCallImpl$ServerStreamListenerImpl.closedInternal(ServerCallImpl.java:353)
	at io.grpc.internal.ServerCallImpl$ServerStreamListenerImpl.closed(ServerCallImpl.java:341)
	at io.grpc.internal.ServerImpl$JumpToApplicationThreadServerStreamListener$1Closed.runInContext(ServerImpl.java:844)
sendReply.onError shard: -1 client: -1 write:false 2025-08-17 10:58:38.611	at io.grpc.internal.ContextRunnable.run(ContextRunnable.java:37)

	at io.grpc.internal.SerializingExecutor.run(SerializingExecutor.java:123)
	at java.base/java.util.concurrent.ThreadPoolExecutor.runWorker(ThreadPoolExecutor.java:1128)
	at java.base/java.util.concurrent.ThreadPoolExecutor$Worker.run(ThreadPoolExecutor.java:628)
	at java.base/java.lang.Thread.run(Thread.java:829)
[grpc-default-executor-57] ERROR site.ycsb.db.rocksdb.Replicator - Encountered error in sendReply
io.grpc.StatusRuntimeException: CANCELLED: client cancelled
	at io.grpc.Status.asRuntimeException(Status.java:526)
	at io.grpc.stub.ServerCalls$StreamingServerCallHandler$StreamingServerCallListener.onCancel(ServerCalls.java:284)
	at io.grpc.internal.ServerCallImpl$ServerStreamListenerImpl.closedInternal(ServerCallImpl.java:353)
	at io.grpc.internal.ServerCallImpl$ServerStreamListenerImpl.closed(ServerCallImpl.java:341)
	at io.grpc.internal.ServerImpl$JumpToApplicationThreadServerStreamListener$1Closed.runInContext(ServerImpl.java:844)
	at io.grpc.internal.ContextRunnable.run(ContextRunnable.java:37)
	at io.grpc.internal.SerializingExecutor.run(SerializingExecutor.java:123)
	at java.base/java.util.concurrent.ThreadPoolExecutor.runWorker(ThreadPoolExecutor.java:1128)
	at java.base/java.util.concurrent.ThreadPoolExecutor$Worker.run(ThreadPoolExecutor.java:628)
	at java.base/java.lang.Thread.run(Thread.java:829)
observerMap[0] [1] [1] changes from io.grpc.stub.ServerCalls$ServerCallStreamObserverImpl@1786998c to io.grpc.stub.ServerCalls$ServerCallStreamObserverImpl@6cb769f1
observerMap[1] [1] [1] changes from io.grpc.stub.ServerCalls$ServerCallStreamObserverImpl@2713e491 to io.grpc.stub.ServerCalls$ServerCallStreamObserverImpl@52511e3
observerAccumulator 27 shard 0
observerAccumulator 28 shard 1
headObserver.onCompleted shard: 1 client: 1 write:true 2025-08-17 10:58:41.571
headObserver.onCompleted shard: 0 client: 1 write:true 2025-08-17 10:58:41.571
headObserver.onCompleted shard: 0 client: 1 write:true 2025-08-17 10:58:41.571
headObserver.onCompleted shard: 1 client: 1 write:true 2025-08-17 10:58:41.571
dumbObserver.onError shard: 0 client: 1 write:true 2025-08-17 10:58:41.571
dumbObserver.onError shard: 1 client: 1 write:true 2025-08-17 10:58:41.571
dumbObserver.onError shard: 0 client: 1 write:true 2025-08-17 10:58:41.571
dumbObserver.onError shard: 1 client: 1 write:true 2025-08-17 10:58:41.571
sendReply.onError shard: 1 client: 1 write:true 2025-08-17 10:58:41.571
[grpc-default-executor-50] ERROR site.ycsb.db.rocksdb.Replicator - Encountered error in sendReply
io.grpc.StatusRuntimeException: CANCELLED: client cancelled
	at io.grpc.Status.asRuntimeException(Status.java:526)
	at io.grpc.stub.ServerCalls$StreamingServerCallHandler$StreamingServerCallListener.onCancel(ServerCalls.java:284)
	at io.grpc.internal.ServerCallImpl$ServerStreamListenerImpl.closedInternal(ServerCallImpl.java:353)
	at io.grpc.internal.ServerCallImpl$ServerStreamListenerImpl.closed(ServerCallImpl.java:341)
	at io.grpc.internal.ServerImpl$JumpToApplicationThreadServerStreamListener$1Closed.runInContext(ServerImpl.java:844)
	at io.grpc.internal.ContextRunnable.run(ContextRunnable.java:37)
	at io.grpc.internal.SerializingExecutor.run(SerializingExecutor.java:123)sendReply.onError shard: -1 client: -1 write:false 2025-08-17 10:58:41.571

	at java.base/java.util.concurrent.ThreadPoolExecutor.runWorker(ThreadPoolExecutor.java:1128)
	at java.base/java.util.concurrent.ThreadPoolExecutor$Worker.run(ThreadPoolExecutor.java:628)
	at java.base/java.lang.Thread.run(Thread.java:829)
[grpc-default-executor-58] ERROR site.ycsb.db.rocksdb.Replicator - Encountered error in sendReply
sendReply.onError shard: -1 client: -1 write:false 2025-08-17 10:58:41.572
[grpc-default-executor-41] ERROR site.ycsb.db.rocksdb.Replicator - Encountered error in sendReply
sendReply.onError shard: 0 client: 1 write:true 2025-08-17 10:58:41.572
io.grpc.StatusRuntimeException: CANCELLED: client cancelled
	at io.grpc.Status.asRuntimeException(Status.java:526)
	at io.grpc.stub.ServerCalls$StreamingServerCallHandler$StreamingServerCallListener.onCancel(ServerCalls.java:284)
	at io.grpc.internal.ServerCallImpl$ServerStreamListenerImpl.closedInternal(ServerCallImpl.java:353)
	at io.grpc.internal.ServerCallImpl$ServerStreamListenerImpl.closed(ServerCallImpl.java:341)
	at io.grpc.internal.ServerImpl$JumpToApplicationThreadServerStreamListener$1Closed.runInContext(ServerImpl.java:844)
	at io.grpc.internal.ContextRunnable.run(ContextRunnable.java:37)
	at io.grpc.internal.SerializingExecutor.run(SerializingExecutor.java:123)
	at java.base/java.util.concurrent.ThreadPoolExecutor.runWorker(ThreadPoolExecutor.java:1128)
	at java.base/java.util.concurrent.ThreadPoolExecutor$Worker.run(ThreadPoolExecutor.java:628)
	at java.base/java.lang.Thread.run(Thread.java:829)
io.grpc.StatusRuntimeException: CANCELLED: client cancelled
	at io.grpc.Status.asRuntimeException(Status.java:526)
	at io.grpc.stub.ServerCalls$StreamingServerCallHandler$StreamingServerCallListener.onCancel(ServerCalls.java:284)
	at io.grpc.internal.ServerCallImpl$ServerStreamListenerImpl.closedInternal(ServerCallImpl.java:353)
	at io.grpc.internal.ServerCallImpl$ServerStreamListenerImpl.closed(ServerCallImpl.java:341)
	at io.grpc.internal.ServerImpl$JumpToApplicationThreadServerStreamListener$1Closed.runInContext(ServerImpl.java:844)
	at io.grpc.internal.ContextRunnable.run(ContextRunnable.java:37)
	at io.grpc.internal.SerializingExecutor.run(SerializingExecutor.java:123)
	at java.base/java.util.concurrent.ThreadPoolExecutor.runWorker(ThreadPoolExecutor.java:1128)
	at java.base/java.util.concurrent.ThreadPoolExecutor$Worker.run(ThreadPoolExecutor.java:628)
	at java.base/java.lang.Thread.run(Thread.java:829)
[grpc-default-executor-57] ERROR site.ycsb.db.rocksdb.Replicator - Encountered error in sendReply
io.grpc.StatusRuntimeException: CANCELLED: client cancelled
	at io.grpc.Status.asRuntimeException(Status.java:526)
	at io.grpc.stub.ServerCalls$StreamingServerCallHandler$StreamingServerCallListener.onCancel(ServerCalls.java:284)
	at io.grpc.internal.ServerCallImpl$ServerStreamListenerImpl.closedInternal(ServerCallImpl.java:353)
	at io.grpc.internal.ServerCallImpl$ServerStreamListenerImpl.closed(ServerCallImpl.java:341)
	at io.grpc.internal.ServerImpl$JumpToApplicationThreadServerStreamListener$1Closed.runInContext(ServerImpl.java:844)
	at io.grpc.internal.ContextRunnable.run(ContextRunnable.java:37)
	at io.grpc.internal.SerializingExecutor.run(SerializingExecutor.java:123)
	at java.base/java.util.concurrent.ThreadPoolExecutor.runWorker(ThreadPoolExecutor.java:1128)
	at java.base/java.util.concurrent.ThreadPoolExecutor$Worker.run(ThreadPoolExecutor.java:628)
	at java.base/java.lang.Thread.run(Thread.java:829)
observerMap[0] [7] [1] changes from io.grpc.stub.ServerCalls$ServerCallStreamObserverImpl@7eb68b6e to io.grpc.stub.ServerCalls$ServerCallStreamObserverImpl@e2994cb
observerMap[1] [7] [1] changes from io.grpc.stub.ServerCalls$ServerCallStreamObserverImpl@3bed488d to io.grpc.stub.ServerCalls$ServerCallStreamObserverImpl@13b9b769
observerAccumulator 29 shard 0
observerAccumulator 30 shard 1
observerMap[1] [7] [1] changes from io.grpc.stub.ServerCalls$ServerCallStreamObserverImpl@13b9b769 to io.grpc.stub.ServerCalls$ServerCallStreamObserverImpl@3bed488d
headObserver.onCompleted shard: 1 client: 7 write:true 2025-08-17 10:58:41.717
headObserver.onCompleted shard: 0 client: 7 write:true 2025-08-17 10:58:41.717
headObserver.onCompleted shard: 0 client: 7 write:true 2025-08-17 10:58:41.717
headObserver.onCompleted shard: 1 client: 7 write:true 2025-08-17 10:58:41.718
dumbObserver.onError shard: 0 client: 7 write:true 2025-08-17 10:58:41.718
dumbObserver.onError shard: 0 client: 7 write:true 2025-08-17 10:58:41.718
dumbObserver.onError shard: 1 client: 7 write:true 2025-08-17 10:58:41.718
dumbObserver.onError shard: 1 client: 7 write:true 2025-08-17 10:58:41.718
sendReply.onError shard: 0 client: 7 write:true 2025-08-17 10:58:41.718
[grpc-default-executor-58] ERROR site.ycsb.db.rocksdb.Replicator - Encountered error in sendReply
io.grpc.StatusRuntimeException: CANCELLED: client cancelled
sendReply.onError shard: 1 client: 7 write:true 2025-08-17 10:58:41.718
	at io.grpc.Status.asRuntimeException(Status.java:526)
	at io.grpc.stub.ServerCalls$StreamingServerCallHandler$StreamingServerCallListener.onCancel(ServerCalls.java:284)
	at io.grpc.internal.ServerCallImpl$ServerStreamListenerImpl.closedInternal(ServerCallImpl.java:353)
	at io.grpc.internal.ServerCallImpl$ServerStreamListenerImpl.closed(ServerCallImpl.java:341)
	at io.grpc.internal.ServerImpl$JumpToApplicationThreadServerStreamListener$1Closed.runInContext(ServerImpl.java:844)
	at io.grpc.internal.ContextRunnable.run(ContextRunnable.java:37)
	at io.grpc.internal.SerializingExecutor.run(SerializingExecutor.java:123)
	at java.base/java.util.concurrent.ThreadPoolExecutor.runWorker(ThreadPoolExecutor.java:1128)
	at java.base/java.util.concurrent.ThreadPoolExecutor$Worker.run(ThreadPoolExecutor.java:628)
	at java.base/java.lang.Thread.run(Thread.java:829)
[grpc-default-executor-57] ERROR site.ycsb.db.rocksdb.Replicator - Encountered error in sendReply
io.grpc.StatusRuntimeException: CANCELLED: client cancelled
	at io.grpc.Status.asRuntimeException(Status.java:526)
	at io.grpc.stub.ServerCalls$StreamingServerCallHandler$StreamingServerCallListener.onCancel(ServerCalls.java:284)
	at io.grpc.internal.ServerCallImpl$ServerStreamListenerImpl.closedInternal(ServerCallImpl.java:353)
	at io.grpc.internal.ServerCallImpl$ServerStreamListenerImpl.closed(ServerCallImpl.java:341)
	at io.grpc.internal.ServerImpl$JumpToApplicationThreadServerStreamListener$1Closed.runInContext(ServerImpl.java:844)
	at io.grpc.internal.ContextRunnable.run(ContextRunnable.java:37)
	at io.grpc.internal.SerializingExecutor.run(SerializingExecutor.java:123)
	at java.base/java.util.concurrent.ThreadPoolExecutor.runWorker(ThreadPoolExecutor.java:1128)
	at java.base/java.util.concurrent.ThreadPoolExecutor$Worker.run(ThreadPoolExecutor.java:628)
	at java.base/java.lang.Thread.run(Thread.java:829)
sendReply.onError shard: -1 client: -1 write:false 2025-08-17 10:58:41.719
[grpc-default-executor-58] ERROR site.ycsb.db.rocksdb.Replicator - Encountered error in sendReply
sendReply.onError shard: -1 client: -1 write:false 2025-08-17 10:58:41.719
io.grpc.StatusRuntimeException: CANCELLED: client cancelled
	at io.grpc.Status.asRuntimeException(Status.java:526)
	at io.grpc.stub.ServerCalls$StreamingServerCallHandler$StreamingServerCallListener.onCancel(ServerCalls.java:284)
	at io.grpc.internal.ServerCallImpl$ServerStreamListenerImpl.closedInternal(ServerCallImpl.java:353)
	at io.grpc.internal.ServerCallImpl$ServerStreamListenerImpl.closed(ServerCallImpl.java:341)
	at io.grpc.internal.ServerImpl$JumpToApplicationThreadServerStreamListener$1Closed.runInContext(ServerImpl.java:844)
	at io.grpc.internal.ContextRunnable.run(ContextRunnable.java:37)
	at io.grpc.internal.SerializingExecutor.run(SerializingExecutor.java:123)
	at java.base/java.util.concurrent.ThreadPoolExecutor.runWorker(ThreadPoolExecutor.java:1128)
	at java.base/java.util.concurrent.ThreadPoolExecutor$Worker.run(ThreadPoolExecutor.java:628)
	at java.base/java.lang.Thread.run(Thread.java:829)
[grpc-default-executor-41] ERROR site.ycsb.db.rocksdb.Replicator - Encountered error in sendReply
io.grpc.StatusRuntimeException: CANCELLED: client cancelled
	at io.grpc.Status.asRuntimeException(Status.java:526)
	at io.grpc.stub.ServerCalls$StreamingServerCallHandler$StreamingServerCallListener.onCancel(ServerCalls.java:284)
	at io.grpc.internal.ServerCallImpl$ServerStreamListenerImpl.closedInternal(ServerCallImpl.java:353)
	at io.grpc.internal.ServerCallImpl$ServerStreamListenerImpl.closed(ServerCallImpl.java:341)
	at io.grpc.internal.ServerImpl$JumpToApplicationThreadServerStreamListener$1Closed.runInContext(ServerImpl.java:844)
	at io.grpc.internal.ContextRunnable.run(ContextRunnable.java:37)
	at io.grpc.internal.SerializingExecutor.run(SerializingExecutor.java:123)
	at java.base/java.util.concurrent.ThreadPoolExecutor.runWorker(ThreadPoolExecutor.java:1128)
	at java.base/java.util.concurrent.ThreadPoolExecutor$Worker.run(ThreadPoolExecutor.java:628)
	at java.base/java.lang.Thread.run(Thread.java:829)
observerMap[0] [0] [1] changes from io.grpc.stub.ServerCalls$ServerCallStreamObserverImpl@7263dfe0 to io.grpc.stub.ServerCalls$ServerCallStreamObserverImpl@6b518445
observerAccumulator 31 shard 0
observerMap[1] [0] [1] changes from io.grpc.stub.ServerCalls$ServerCallStreamObserverImpl@1a48dfbf to io.grpc.stub.ServerCalls$ServerCallStreamObserverImpl@7e733c70
observerMap[0] [0] [1] changes from io.grpc.stub.ServerCalls$ServerCallStreamObserverImpl@6b518445 to io.grpc.stub.ServerCalls$ServerCallStreamObserverImpl@7263dfe0
observerAccumulator 32 shard 1
headObserver.onCompleted shard: 1 client: 0 write:true 2025-08-17 10:58:44.413
headObserver.onCompleted shard: 0 client: 0 write:true 2025-08-17 10:58:44.413
dumbObserver.onError shard: 0 client: 0 write:true 2025-08-17 10:58:44.413
dumbObserver.onError shard: 1 client: 0 write:true 2025-08-17 10:58:44.413
dumbObserver.onError shard: 1 client: 0 write:true 2025-08-17 10:58:44.413
sendReply.onError shard: 1 client: 0 write:true 2025-08-17 10:58:44.414
[grpc-default-executor-57] ERROR site.ycsb.db.rocksdb.Replicator - Encountered error in sendReply
io.grpc.StatusRuntimeException: CANCELLED: client cancelleddumbObserver.onError shard: 0 client: 0 write:true 2025-08-17 10:58:44.414

	at io.grpc.Status.asRuntimeException(Status.java:526)
	at io.grpc.stub.ServerCalls$StreamingServerCallHandler$StreamingServerCallListener.onCancel(ServerCalls.java:284)
	at io.grpc.internal.ServerCallImpl$ServerStreamListenerImpl.closedInternal(ServerCallImpl.java:353)
	at io.grpc.internal.ServerCallImpl$ServerStreamListenerImpl.closed(ServerCallImpl.java:341)
	at io.grpc.internal.ServerImpl$JumpToApplicationThreadServerStreamListener$1Closed.runInContext(ServerImpl.java:844)
	at io.grpc.internal.ContextRunnable.run(ContextRunnable.java:37)
	at io.grpc.internal.SerializingExecutor.run(SerializingExecutor.java:123)
	at java.base/java.util.concurrent.ThreadPoolExecutor.runWorker(ThreadPoolExecutor.java:1128)
	at java.base/java.util.concurrent.ThreadPoolExecutor$Worker.run(ThreadPoolExecutor.java:628)
	at java.base/java.lang.Thread.run(Thread.java:829)
sendReply.onError shard: -1 client: -1 write:false 2025-08-17 10:58:44.414
[grpc-default-executor-50] ERROR site.ycsb.db.rocksdb.Replicator - Encountered error in sendReply
io.grpc.StatusRuntimeException: CANCELLED: client cancelled
	at io.grpc.Status.asRuntimeException(Status.java:526)
	at io.grpc.stub.ServerCalls$StreamingServerCallHandler$StreamingServerCallListener.onCancel(ServerCalls.java:284)
	at io.grpc.internal.ServerCallImpl$ServerStreamListenerImpl.closedInternal(ServerCallImpl.java:353)
	at io.grpc.internal.ServerCallImpl$ServerStreamListenerImpl.closed(ServerCallImpl.java:341)
	at io.grpc.internal.ServerImpl$JumpToApplicationThreadServerStreamListener$1Closed.runInContext(ServerImpl.java:844)
	at io.grpc.internal.ContextRunnable.run(ContextRunnable.java:37)
	at io.grpc.internal.SerializingExecutor.run(SerializingExecutor.java:123)
	at java.base/java.util.concurrent.ThreadPoolExecutor.runWorker(ThreadPoolExecutor.java:1128)
	at java.base/java.util.concurrent.ThreadPoolExecutor$Worker.run(ThreadPoolExecutor.java:628)
	at java.base/java.lang.Thread.run(Thread.java:829)
sendReply.onError shard: -1 client: -1 write:false 2025-08-17 10:58:44.414
sendReply.onError shard: 0 client: 0 write:true 2025-08-17 10:58:44.414[grpc-default-executor-60] ERROR site.ycsb.db.rocksdb.Replicator - Encountered error in sendReply

[grpc-default-executor-52] ERROR site.ycsb.db.rocksdb.Replicator - Encountered error in sendReply
io.grpc.StatusRuntimeException: CANCELLED: client cancelled
	at io.grpc.Status.asRuntimeException(Status.java:526)
	at io.grpc.stub.ServerCalls$StreamingServerCallHandler$StreamingServerCallListener.onCancel(ServerCalls.java:284)
	at io.grpc.internal.ServerCallImpl$ServerStreamListenerImpl.closedInternal(ServerCallImpl.java:353)
	at io.grpc.internal.ServerCallImpl$ServerStreamListenerImpl.closed(ServerCallImpl.java:341)
	at io.grpc.internal.ServerImpl$JumpToApplicationThreadServerStreamListener$1Closed.runInContext(ServerImpl.java:844)
	at io.grpc.internal.ContextRunnable.run(ContextRunnable.java:37)
	at io.grpc.internal.SerializingExecutor.run(SerializingExecutor.java:123)
	at java.base/java.util.concurrent.ThreadPoolExecutor.runWorker(ThreadPoolExecutor.java:1128)
	at java.base/java.util.concurrent.ThreadPoolExecutor$Worker.run(ThreadPoolExecutor.java:628)
	at java.base/java.lang.Thread.run(Thread.java:829)
io.grpc.StatusRuntimeException: CANCELLED: client cancelled
	at io.grpc.Status.asRuntimeException(Status.java:526)
	at io.grpc.stub.ServerCalls$StreamingServerCallHandler$StreamingServerCallListener.onCancel(ServerCalls.java:284)
	at io.grpc.internal.ServerCallImpl$ServerStreamListenerImpl.closedInternal(ServerCallImpl.java:353)
	at io.grpc.internal.ServerCallImpl$ServerStreamListenerImpl.closed(ServerCallImpl.java:341)
	at io.grpc.internal.ServerImpl$JumpToApplicationThreadServerStreamListener$1Closed.runInContext(ServerImpl.java:844)
	at io.grpc.internal.ContextRunnable.run(ContextRunnable.java:37)
	at io.grpc.internal.SerializingExecutor.run(SerializingExecutor.java:123)
	at java.base/java.util.concurrent.ThreadPoolExecutor.runWorker(ThreadPoolExecutor.java:1128)
	at java.base/java.util.concurrent.ThreadPoolExecutor$Worker.run(ThreadPoolExecutor.java:628)
	at java.base/java.lang.Thread.run(Thread.java:829)
*** shutting down gRPC server since JVM is shutting down
*** server shut down
