19.0
18.1
32.7
52.7
70.2
90.1
 104
 118
 130
 145
 158
 170
 183
 197
 208
 219
 233
 243
 251
 258
 266
 273
 280
 285
 289
 296
 302
 304
 309
 314
 320
 323
 326
 329
 330
 332
 335
 337
 342
 347
 350
 354
 357
 357
 360
 360
 361
 363
 364
 368
 372
 374
 377
 380
 380
 381
 383
 384
 386
 388
 390
 391
 393
 395
 397
 398
 400
 403
 406
 408
 409
 411
 412
 413
 413
 414
 415
 415
 416
 417
 418
 419
 420
 421
 422
 423
 423
 424
 424
 425
 426
 426
 427
 428
 428
 429
 431
 432
 433
 434
 434
 434
 435
 435
 435
 436
 437
 439
 439
 440
 440
 440
 440
 441
 442
 442
 443
 444
 444
 444
 444
 444
 444
 444
 446
 446
 447
 447
 448
 449
 449
 449
 450
 451
 451
 452
 451
 451
 451
 453
 453
 454
 454
 454
 454
 454
 455
 456
 457
 457
 458
 458
 458
 458
 458
 459
 458
 459
 459
 459
 460
 460
 461
 462
 462
 462
 462
 462
 463
 464
 464
 464
 464
 466
 466
 466
 466
 466
 467
 467
 468
 467
 467
 468
 468
 468
 469
 469
 469
 469
 469
 470
 470
 471
 472
 473
 474
 473
 473
 474
 474
 474
 475
 475
 476
 477
 478
 478
 479
 479
 479
 479
 479
 479
 479
 479
 479
 480
 480
 480
 480
 480
 480
 480
 480
 480
 480
 480
 480
 480
 481
 481
 482
 482
 483
 483
 484
 484
 485
 485
 485
 486
 487
 487
 488
 488
 488
 488
 488
 489
 489
 490
 490
 490
 490
 490
 491
 491
 491
 491
 492
 493
 493
 494
 494
 494
 494
 495
 495
 495
 495
 495
 495
 496
 496
 496
 496
 496
 497
 497
 497
 497
 497
 498
 498
 499
 499
 499
 499
 499
 499
 499
 499
 499
 499
 499
 500
 500
 500
 501
 501
 501
 501
 502
 502
 502
 502
 503
 503
 503
 503
 503
 504
 504
 505
 505
 505
 506
 506
 507
 507
 507
 508
 508
 508
 508
 508
 508
 509
 509
 510
 510
 511
 511
 512
 512
 512
 512
 513
 513
 513
 513
 514
 514
 515
 515
 516
 516
 516
 517
 517
 517
 517
 517
 517
 518
 518
 518
 519
 519
 519
 520
 520
 520
 521
 521
 521
 522
 522
 522
 523
 523
 523
 523
 523
 524
 524
 524
 524
 524
 524
 524
 524
 525
 525
 525
 525
 526
 526
 526
 526
 526
 526
 526
 526
 527
 527
 527
 528
 528
 528
 528
 528
 528
 529
 529
 529
 529
 529
 530
 530
 530
 530
 530
 530
 531
 531
 531
 531
 531
 531
 531
 531
 532
 532
 532
 532
 532
 532
 533
 533
 533
 533
 533
 533
 533
 533
 533
 534
 534
 534
 534
 534
 534
 534
 534
 535
 535
 535
 535
 535
 535
 536
 536
 536
 536
 536
 536
 536
 537
 537
 537
 537
 537
 537
 538
 538
 538
 539
 539
 539
 539
 539
 539
 539
 540
 540
 540
 540
 540
 540
 541
 541
 541
 541
 541
 542
 542
 542
 542
 543
 543
 543
 543
 543
 543
 543
 544
 544
 544
 545
 545
 545
 545
 545
 546
 546
 546
 546
 546
 547
 547
 547
 547
 548
 548
 548
 548
 548
 549
 549
 549
 549
 550
 550
 550
 551
 550
 550
 550
 549
 548
 548
