16.9
16.2
27.5
43.7
60.4
82.0
99.2
 112
 131
 149
 162
 175
 185
 195
 206
 215
 222
 228
 233
 236
 240
 244
 249
 253
 258
 263
 267
 271
 275
 280
 285
 290
 294
 298
 302
 305
 309
 312
 316
 319
 322
 327
 329
 330
 333
 337
 339
 342
 344
 344
 345
 348
 350
 353
 355
 355
 357
 359
 362
 362
 363
 364
 364
 367
 369
 371
 374
 375
 378
 379
 380
 380
 381
 382
 383
 384
 385
 386
 387
 388
 387
 388
 388
 389
 389
 390
 391
 392
 393
 394
 396
 397
 399
 400
 400
 401
 401
 403
 403
 404
 404
 404
 405
 406
 407
 408
 408
 409
 410
 411
 412
 413
 413
 414
 414
 414
 414
 413
 413
 413
 414
 415
 416
 417
 418
 419
 421
 422
 423
 423
 424
 424
 425
 425
 425
 425
 426
 426
 427
 427
 427
 428
 428
 428
 429
 429
 429
 429
 429
 430
 431
 431
 432
 433
 433
 434
 435
 435
 435
 435
 435
 436
 436
 437
 437
 438
 438
 438
 438
 438
 438
 438
 438
 438
 439
 439
 440
 441
 441
 441
 442
 442
 442
 441
 442
 442
 442
 443
 443
 443
 443
 443
 443
 443
 443
 444
 444
 444
 444
 445
 445
 446
 446
 446
 446
 446
 446
 446
 446
 447
 447
 447
 448
 448
 449
 449
 450
 450
 451
 451
 451
 452
 452
 452
 452
 452
 452
 453
 453
 454
 454
 454
 454
 454
 454
 454
 454
 455
 455
 455
 456
 456
 456
 456
 456
 456
 456
 456
 456
 457
 457
 457
 458
 458
 458
 458
 459
 459
 459
 459
 460
 460
 461
 461
 461
 461
 462
 462
 462
 463
 463
 463
 464
 464
 464
 464
 465
 465
 465
 465
 465
 466
 466
 466
 466
 466
 466
 466
 466
 466
 466
 466
 466
 466
 466
 466
 466
 466
 466
 467
 467
 467
 468
 468
 468
 468
 468
 468
 468
 469
 469
 469
 469
 469
 469
 469
 469
 469
 469
 469
 469
 469
 469
 469
 470
 470
 471
 471
 471
 472
 472
 472
 473
 473
 473
 474
 474
 474
 474
 474
 474
 474
 474
 474
 474
 474
 474
 475
 475
 475
 475
 475
 475
 476
 476
 476
 476
 477
 477
 477
 477
 478
 478
 478
 478
 478
 479
 479
 479
 479
 479
 479
 479
 479
 479
 479
 479
 479
 479
 480
 480
 480
 480
 480
 480
 480
 481
 480
 481
 481
 481
 481
 481
 481
 481
 481
 481
 481
 481
 482
 482
 482
 483
 483
 483
 483
 484
 484
 484
 484
 484
 485
 485
 485
 485
 486
 486
 486
 486
 486
 486
 486
 486
 486
 487
 487
 487
 487
 487
 487
 488
 488
 488
 488
 489
 489
 489
 490
 490
 490
 490
 490
 490
 490
 491
 491
 491
 491
 491
 491
 491
 492
 492
 492
 492
 492
 492
 493
 493
 493
 493
 493
 494
 494
 494
 494
 494
 494
 494
 495
 495
 495
 495
 495
 495
 496
 496
 496
 496
 497
 497
 497
 498
 498
 498
 498
 499
 499
 499
 499
 499
 499
 500
 500
 500
 501
 501
 501
 501
 502
 502
 502
 502
 502
 502
 502
 502
 503
 503
 503
 503
 503
 503
 503
 503
 503
 503
 504
 504
 504
 504
 504
 505
 505
 505
 505
 505
 505
 505
 505
 505
 505
 505
 505
 505
 506
 506
 506
 506
 506
 506
 506
 506
 506
 506
 506
 506
 506
 506
 505
 505
 504
 503
