 500
 500
 499
 499
 499
 499
 499
 499
 499
 499
 499
 499
 499
 499
 499
 499
 499
 499
 499
 499
 499
 499
 499
 499
 499
 499
 499
 499
 499
 499
 499
 499
 499
 499
 499
 499
 499
 499
 499
 499
 498
 498
 498
 498
 498
 498
 498
 498
 498
 498
 498
 498
 498
 498
 498
 498
 498
 498
 498
 498
 498
 498
 498
 498
 498
 498
 498
 498
 498
 498
 498
 498
 497
 497
 497
 497
 497
 497
 497
 497
 497
 496
 496
 496
 496
 496
 496
 496
 496
 496
 495
 495
 495
 495
 495
 495
 495
 495
 495
 494
 494
 494
 494
 494
 494
 494
 494
 494
 493
 493
 493
 493
 493
 493
 493
 493
 493
 493
 493
 493
 493
 492
 492
 492
 492
 492
 492
 492
 492
 492
 491
 491
 491
 491
 491
 491
 491
 491
 491
 491
 491
 491
 491
 491
 491
 491
 491
 491
 491
 491
 490
 490
 490
 490
 490
 490
 490
 490
 490
 490
 490
 490
 490
 490
 490
 490
 490
 490
 490
 489
 489
 489
 489
 489
 489
 489
 489
 489
 489
 489
 489
 489
 489
 489
 489
 489
 489
 489
 488
 488
 488
 488
 488
 488
 488
 488
 488
 488
 488
 488
 488
 488
 488
 488
 488
 487
 487
 487
 487
 487
 487
 487
 487
 487
 487
 487
 487
 487
 487
 486
 486
 486
 486
 486
 486
 486
 486
 486
 486
 486
 485
 485
 485
 485
 485
 485
 485
 485
 485
 485
 485
 485
 485
 484
 484
 484
 484
 484
 484
 484
 484
 484
 484
 484
 484
 484
 484
 484
 484
 484
 484
 484
 484
 484
 483
 484
 483
 483
 483
 483
 483
 483
 483
 483
 483
 483
 483
 483
 483
 483
 483
 483
 483
 482
 482
 482
 482
 482
 482
 482
 482
 482
 482
 482
 482
 482
 482
 482
 482
 482
 482
 481
 481
 481
 481
 481
 481
 481
 481
 481
 481
 481
 481
 481
 481
 481
 481
 481
 481
 480
 480
 480
 480
 480
 480
 480
 480
 480
 480
 480
 480
 480
 480
 480
 480
 480
 480
 480
 480
 480
 480
 480
 480
 480
 479
 479
 480
 480
 480
 480
 480
 480
 480
 480
 480
 480
 480
 480
 480
 480
 480
 480
 480
 480
 480
 480
 480
 480
 480
 480
 479
 479
 479
 479
 479
 479
 479
 479
 479
 479
 479
 479
 479
 479
 479
 479
 479
 479
 479
 479
 479
 479
 478
 478
 478
 478
 478
 478
 478
 478
 478
 478
 478
 478
 478
 478
 478
 478
 478
 478
 477
 477
 477
 477
 477
 477
 477
 477
 477
 477
 477
 477
 477
 477
 477
 477
 477
 477
 477
 477
 477
 477
 477
 477
 477
 477
 477
 477
 477
 477
 477
 477
 477
 477
 477
 477
 477
 477
 477
 477
 477
 477
 477
 477
 477
 477
 477
 477
 477
 477
 477
 477
 477
 477
 477
 477
 477
 477
 477
 477
 477
 477
 477
 477
 477
 477
 477
 477
 477
 477
 477
 477
 477
 477
 477
 477
 477
 477
 477
 477
 478
 477
 477
 477
 478
 477
 477
 477
 477
 477
 477
 477
 477
 477
 477
 477
 477
 477
 477
 477
 477
 477
 477
 477
 477
 477
 477
 477
 477
 477
 477
 477
 477
 477
 477
 477
 477
 477
 477
 477
 477
 477
 477
 477
 477
 477
 477
 477
 477
 477
 477
 477
 477
 477
 477
 477
 477
 477
 477
 477
 477
 477
 477
 477
 477
 477
 477
 477
 477
 477
 477
 477
 477
 477
 477
 477
 477
 477
 477
 477
 477
 477
 477
 477
 477
 477
 477
 476
 476
 476
 475
