 546
 545
 545
 544
 543
 542
 544
 545
 545
 546
 546
 547
 547
 548
 548
 549
 550
 550
 551
 551
 552
 552
 553
 553
 554
 554
 555
 555
 556
 557
 557
 558
 558
 559
 559
 559
 560
 560
 561
 561
 562
 562
 562
 563
 563
 564
 564
 564
 565
 565
 565
 566
 566
 567
 567
 567
 568
 568
 568
 569
 569
 569
 570
 570
 570
 570
 571
 571
 571
 572
 572
 572
 573
 573
 573
 574
 574
 574
 575
 575
 575
 576
 576
 576
 576
 577
 577
 577
 577
 578
 578
 578
 579
 579
 579
 579
 580
 580
 580
 580
 581
 581
 581
 582
 582
 582
 582
 582
 583
 583
 583
 583
 583
 583
 583
 584
 584
 584
 584
 584
 584
 584
 585
 585
 585
 585
 585
 585
 585
 586
 586
 586
 586
 586
 586
 586
 586
 587
 587
 587
 587
 587
 587
 587
 587
 587
 587
 588
 588
 588
 588
 588
 588
 588
 588
 589
 589
 589
 589
 589
 589
 589
 589
 588
 588
 588
 588
 588
 588
 588
 588
 588
 588
 588
 588
 588
 588
 588
 588
 588
 588
 588
 588
 588
 588
 588
 588
 588
 588
 588
 588
 588
 588
 588
 588
 588
 588
 588
 588
 588
 588
 588
 588
 588
 588
 588
 588
 588
 588
 588
 588
 588
 588
 588
 589
 589
 589
 589
 589
 589
 589
 589
 589
 589
 589
 589
 589
 589
 589
 589
 589
 589
 589
 589
 589
 589
 589
 589
 589
 589
 589
 589
 589
 589
 589
 589
 589
 589
 589
 589
 589
 589
 589
 589
 589
 590
 590
 590
 590
 590
 590
 590
 590
 590
 590
 590
 590
 590
 590
 590
 590
 590
 590
 591
 591
 591
 591
 591
 591
 591
 591
 591
 591
 591
 591
 591
 591
 591
 591
 591
 591
 591
 591
 591
 591
 591
 591
 591
 591
 591
 591
 591
 591
 592
 592
 592
 592
 592
 592
 592
 592
 592
 592
 592
 592
 592
 592
 592
 592
 592
 592
 592
 592
 592
 592
 593
 593
 593
 593
 593
 593
 593
 593
 593
 593
 593
 593
 593
 593
 593
 593
 593
 593
 593
 593
 593
 593
 593
 593
 593
 593
 593
 593
 593
 593
 593
 594
 594
 594
 594
 594
 594
 594
 594
 594
 594
 594
 594
 594
 594
 594
 594
 594
 594
 594
 595
 595
 595
 595
 595
 595
 595
 595
 595
 595
 595
 595
 595
 595
 595
 595
 595
 595
 595
 595
 595
 595
 595
 595
 595
 595
 595
 595
 595
 595
 595
 595
 595
 595
 595
 595
 595
 596
 596
 596
 596
 596
 596
 596
 596
 596
 596
 596
 596
 596
 596
 596
 596
 596
 596
 596
 596
 596
 596
 596
 596
 596
 596
 596
 596
 596
 596
 596
 596
 596
 597
 597
 597
 597
 597
 597
 597
 597
 597
 597
 597
 597
 597
 597
 597
 597
 597
 597
 597
 597
 597
 597
 597
 597
 597
 597
 597
 597
 597
 597
 597
 597
 597
 597
 598
 598
 598
 598
 598
 598
 598
 598
 598
 598
 598
 598
 598
 598
 598
 598
 598
 598
 598
 598
 598
 598
 598
 598
 598
 598
 598
 598
 598
 598
 598
 598
 598
 598
 597
 597
