[OVERALL], RunTime(ms), 2545187
[OVERALL], Throughput(ops/sec), 78579.68785790593
[TOTAL_GCS_PS_Scavenge], Count, 2851
[TOTAL_GC_TIME_PS_Scavenge], Time(ms), 22273
[TOTAL_GC_TIME_%_PS_Scavenge], Time(%), 0.8751026938295693
[TOTAL_GCS_PS_MarkSweep], Count, 0
[TOTAL_GC_TIME_PS_MarkSweep], Time(ms), 0
[TOTAL_GC_TIME_%_PS_MarkSweep], Time(%), 0.0
[TOTAL_GCs], Count, 2851
[TOTAL_GC_TIME], Time(ms), 22273
[TOTAL_GC_TIME_%], Time(%), 0.8751026938295693
[READ], Operations, 189998708
[READ], AverageLatency(us), 625.7914575345428
[READ], MinLatency(us), 74
[READ], MaxLatency(us), 185343
[READ], 95thPercentileLatency(us), 1294
[READ], 99thPercentileLatency(us), 1603
[READ], Return=OK, 189998708
[CLEANUP], Operations, 50
[CLEANUP], AverageLatency(us), 45569.3
[CLEANUP], MinLatency(us), 0
[CLEANUP], MaxLatency(us), 2279423
[CLEANUP], 95thPercentileLatency(us), 2
[CLEANUP], 99thPercentileLatency(us), 2279423
[INSERT], Operations, 10001292
[INSERT], AverageLatency(us), 785.0125770750419
[INSERT], MinLatency(us), 127
[INSERT], MaxLatency(us), 184447
[INSERT], 95thPercentileLatency(us), 1337
[INSERT], 99thPercentileLatency(us), 1647
[INSERT], Return=OK, 10001292
