[OVERALL], RunTime(ms), 2489574
[OVERALL], Throughput(ops/sec), 80335.02920579987
[TOTAL_GCS_PS_Scavenge], Count, 2249
[TOTAL_GC_TIME_PS_Scavenge], Time(ms), 20555
[TOTAL_GC_TIME_%_PS_Scavenge], Time(%), 0.8256432626626082
[TOTAL_GCS_PS_MarkSweep], Count, 0
[TOTAL_GC_TIME_PS_MarkSweep], Time(ms), 0
[TOTAL_GC_TIME_%_PS_MarkSweep], Time(%), 0.0
[TOTAL_GCs], Count, 2249
[TOTAL_GC_TIME], Time(ms), 20555
[TOTAL_GC_TIME_%], Time(%), 0.8256432626626082
[READ], Operations, 190000753
[READ], AverageLatency(us), 614.8798318078244
[READ], MinLatency(us), 87
[READ], MaxLatency(us), 181375
[READ], 95thPercentileLatency(us), 1212
[READ], 99thPercentileLatency(us), 1533
[READ], Return=OK, 190000753
[CLEANUP], Operations, 50
[CLEANUP], AverageLatency(us), 44956.44
[CLEANUP], MinLatency(us), 1
[CLEANUP], MaxLatency(us), 2248703
[CLEANUP], 95thPercentileLatency(us), 23
[CLEANUP], 99thPercentileLatency(us), 2248703
[UPDATE], Operations, 9999247
[UPDATE], AverageLatency(us), 680.605691208548
[UPDATE], MinLatency(us), 126
[UPDATE], MaxLatency(us), 180479
[UPDATE], 95thPercentileLatency(us), 1185
[UPDATE], 99thPercentileLatency(us), 1523
[UPDATE], Return=OK, 9999247
