14.1
13.6
13.0
12.5
26.9
52.1
66.7
82.2
92.7
 106
 119
 130
 142
 151
 159
 166
 177
 186
 194
 203
 212
 220
 226
 232
 236
 240
 247
 254
 259
 266
 271
 278
 284
 289
 294
 299
 304
 309
 314
 318
 322
 325
 329
 332
 336
 340
 343
 346
 349
 354
 357
 358
 359
 361
 362
 363
 364
 366
 367
 368
 371
 373
 376
 378
 381
 384
 386
 388
 391
 393
 395
 396
 397
 398
 401
 403
 404
 406
 408
 410
 412
 414
 416
 417
 418
 419
 421
 423
 424
 425
 426
 427
 428
 430
 431
 432
 434
 436
 437
 438
 439
 441
 442
 443
 444
 445
 446
 447
 447
 447
 448
 448
 449
 449
 450
 451
 451
 452
 453
 454
 454
 455
 456
 456
 456
 457
 459
 459
 460
 460
 460
 461
 461
 461
 462
 462
 463
 463
 464
 464
 465
 466
 466
 468
 468
 468
 469
 468
 469
 469
 469
 469
 469
 469
 470
 470
 471
 471
 471
 472
 472
 472
 473
 473
 474
 475
 475
 476
 476
 477
 477
 477
 477
 477
 477
 477
 477
 477
 477
 477
 478
 478
 478
 478
 478
 479
 480
 480
 480
 480
 481
 481
 482
 482
 483
 483
 484
 483
 484
 484
 485
 485
 485
 486
 486
 486
 487
 487
 488
 488
 488
 488
 488
 489
 489
 489
 489
 489
 489
 489
 489
 489
 489
 489
 489
 489
 489
 490
 490
 491
 491
 491
 491
 491
 492
 491
 492
 492
 492
 493
 493
 493
 493
 493
 494
 494
 494
 495
 495
 495
 496
 496
 496
 497
 497
 497
 497
 497
 498
 498
 498
 496
 495
