 448
 447
 446
 447
 447
 447
 447
 447
 448
 448
 448
 448
 448
 448
 448
 448
 448
 448
 448
 448
 448
 448
 448
 448
 448
 448
 448
 448
 448
 448
 448
 448
 448
 448
 448
 448
 448
 448
 448
 448
 449
 449
 449
 449
 449
 449
 449
 449
 449
 449
 449
 449
 449
 449
 449
 449
 449
 449
 449
 449
 449
 449
 449
 449
 449
 449
 449
 449
 449
 449
 449
 448
 448
 448
 448
 448
 448
 448
 449
 449
 449
 449
 449
 449
 449
 449
 449
 449
 449
 449
 449
 449
 449
 449
 449
 449
 449
 449
 449
 449
 449
 449
 449
 449
 449
 449
 449
 449
 449
 449
 449
 449
 449
 449
 449
 449
 449
 449
 449
 449
 449
 449
 449
 449
 449
 449
 449
 449
 449
 449
 449
 449
 449
 449
 449
 449
 449
 449
 449
 449
 449
 449
 449
 449
 449
 449
 449
 449
 449
 449
 449
 449
 449
 449
 449
 449
 449
 449
 449
 449
 449
 449
 449
 449
 449
 449
 448
 448
 448
 448
 448
 448
 448
 448
 448
 448
 448
 448
 448
 448
 448
 448
 448
 448
 448
 448
 448
 448
 448
 448
 448
 448
 448
 448
 448
 448
 448
 448
 448
 448
 448
 448
 448
 448
 448
 448
 448
 448
 448
 448
 448
 448
 448
 448
 448
 447
 448
 448
 448
 448
 448
 449
 449
 449
 449
 449
 449
 449
 449
 449
 449
 449
 449
 450
 449
 449
 449
 449
 449
 449
 449
 449
 449
 449
 449
 449
 449
 449
 449
 449
 449
 449
 449
 449
 449
 449
 449
 449
 449
 449
 449
 449
 449
 449
 449
 449
 449
 449
 449
 448
 448
 447
