fieldlength: 65536
recordcount: 1638400

nofdb	workloads/nofdb.spec	1
# Load duration (sec): 700.578
# Loading records:	1638400
# Load throughput (KOPS): 2.33864
Count: 1638400  Average: 427.2236  StdDev: 700.00
Percentiles(us): P50: 325.85 P90: 347.35 P99: 4836.92 P99.9: 5993.29 P99.99: 8971.66
------------------------------------------------------
[     250,     300 )   31078   1.897%   1.897% 
[     300,     350 ) 1524261  93.034%  94.930% ###################
[     350,     400 )   25664   1.566%  96.497% 
[     400,     450 )    1302   0.079%  96.576% 
[     450,     500 )    1287   0.079%  96.655% 
[     500,     600 )     971   0.059%  96.714% 
[     600,     700 )     716   0.044%  96.758% 
[     700,     800 )     574   0.035%  96.793% 
[     800,     900 )     571   0.035%  96.828% 
[     900,    1000 )     553   0.034%  96.861% 
[    1000,    1200 )     997   0.061%  96.922% 
[    1200,    1400 )    9185   0.561%  97.483% 
[    1400,    1600 )     907   0.055%  97.538% 
[    1600,    1800 )     524   0.032%  97.570% 
[    1800,    2000 )     411   0.025%  97.595% 
[    2000,    2500 )     704   0.043%  97.638% 
[    2500,    3000 )     287   0.018%  97.656% 
[    3000,    3500 )     118   0.007%  97.663% 
[    3500,    4000 )      79   0.005%  97.668% 
[    4000,    4500 )      47   0.003%  97.671% 
[    4500,    5000 )   32322   1.973%  99.643% 
[    5000,    6000 )    4232   0.258%  99.902% 
[    6000,    7000 )     933   0.057%  99.959% 
[    7000,    8000 )      73   0.004%  99.963% 
[    8000,    9000 )     453   0.028%  99.991% 
[    9000,   10000 )      63   0.004%  99.995% 
[   10000,   12000 )      14   0.001%  99.995% 
[   12000,   14000 )      23   0.001%  99.997% 
[   16000,   18000 )      30   0.002%  99.999% 
[   20000,   25000 )       6   0.000%  99.999% 
[   25000,   30000 )      14   0.001% 100.000% 
[   35000,   40000 )       1   0.000% 100.000% 

Waiting 15s before performing transactions......
Starting performing transactions......

# Run duration (ms): 502.186
# Run operations:	1000000
# Run throughput (KOPS): 1.99129
Count: 1000000  Average: 501.7944  StdDev: 840.03
Percentiles(us): P50: 327.00 P90: 348.61 P99: 4885.60 P99.9: 5338.52 P99.99: 6859.37
------------------------------------------------------
[     250,     300 )     348   0.035%   0.035% 
[     300,     350 )  925338  92.534%  92.569% ###################
[     350,     400 )   17282   1.728%  94.297% 
[     400,     450 )     526   0.053%  94.349% 
[     450,     500 )     775   0.077%  94.427% 
[     500,     600 )     931   0.093%  94.520% 
[     600,     700 )     813   0.081%  94.601% 
[     700,     800 )     758   0.076%  94.677% 
[     800,     900 )     594   0.059%  94.737% 
[     900,    1000 )     460   0.046%  94.782% 
[    1000,    1200 )     733   0.073%  94.856% 
[    1200,    1400 )    8161   0.816%  95.672% 
[    1400,    1600 )    2204   0.220%  95.892% 
[    1600,    1800 )     465   0.046%  95.939% 
[    1800,    2000 )     375   0.037%  95.976% 
[    2000,    2500 )     637   0.064%  96.040% 
[    2500,    3000 )     242   0.024%  96.064% 
[    3000,    3500 )     104   0.010%  96.075% 
[    3500,    4000 )      59   0.006%  96.081% 
[    4000,    4500 )      33   0.003%  96.084% 
[    4500,    5000 )   37814   3.781%  99.865% #
[    5000,    6000 )    1028   0.103%  99.968% 
[    6000,    7000 )     256   0.026%  99.994% 
[    7000,    8000 )      17   0.002%  99.995% 
[    8000,    9000 )      38   0.004%  99.999% 
[    9000,   10000 )       5   0.001% 100.000% 
[   10000,   12000 )       4   0.000% 100.000% 

