fieldlength: 32768
recordcount: 3276800

nofdb	workloads/nofdb.spec	1
# Load duration (sec): 763.857
# Loading records:	3276800
# Load throughput (KOPS): 4.28981
Count: 3276800  Average: 232.8178  StdDev: 192.81
Percentiles(us): P50: 225.35 P90: 245.63 P99: 1059.97 P99.9: 2481.71 P99.99: 3499.82
------------------------------------------------------
[     200,     250 ) 3231687  98.623%  98.623% ####################
[     250,     300 )    2801   0.085%  98.709% 
[     300,     350 )    1379   0.042%  98.751% 
[     350,     400 )    1647   0.050%  98.801% 
[     400,     450 )     906   0.028%  98.829% 
[     450,     500 )     755   0.023%  98.852% 
[     500,     600 )    1184   0.036%  98.888% 
[     600,     700 )     919   0.028%  98.916% 
[     700,     800 )     831   0.025%  98.941% 
[     800,     900 )     816   0.025%  98.966% 
[     900,    1000 )     734   0.022%  98.989% 
[    1000,    1200 )    1244   0.038%  99.027% 
[    1200,    1400 )   10585   0.323%  99.350% 
[    1400,    1600 )     755   0.023%  99.373% 
[    1600,    1800 )     605   0.018%  99.391% 
[    1800,    2000 )     458   0.014%  99.405% 
[    2000,    2500 )   16833   0.514%  99.919% 
[    2500,    3000 )     429   0.013%  99.932% 
[    3000,    3500 )    1905   0.058%  99.990% 
[    3500,    4000 )      94   0.003%  99.993% 
[    4000,    4500 )     149   0.005%  99.997% 
[    4500,    5000 )      36   0.001%  99.999% 
[    5000,    6000 )      29   0.001%  99.999% 
[    6000,    7000 )      12   0.000% 100.000% 
[    7000,    8000 )       5   0.000% 100.000% 
[    9000,   10000 )       1   0.000% 100.000% 
[   40000,   45000 )       1   0.000% 100.000% 

Waiting 15s before performing transactions......
Starting performing transactions......

# Run duration (ms): 242.516
# Run operations:	1000000
# Run throughput (KOPS): 4.12344
Count: 1000000  Average: 242.2163  StdDev: 226.22
Percentiles(us): P50: 225.52 P90: 245.94 P99: 1476.12 P99.9: 2464.62 P99.99: 3348.48
------------------------------------------------------
[     200,     250 )  979485  97.949%  97.949% ####################
[     250,     300 )     853   0.085%  98.034% 
[     300,     350 )     437   0.044%  98.078% 
[     350,     400 )     561   0.056%  98.134% 
[     400,     450 )     390   0.039%  98.173% 
[     450,     500 )     368   0.037%  98.209% 
[     500,     600 )     666   0.067%  98.276% 
[     600,     700 )     629   0.063%  98.339% 
[     700,     800 )     371   0.037%  98.376% 
[     800,     900 )     359   0.036%  98.412% 
[     900,    1000 )     241   0.024%  98.436% 
[    1000,    1200 )     450   0.045%  98.481% 
[    1200,    1400 )    5080   0.508%  98.989% 
[    1400,    1600 )     289   0.029%  99.018% 
[    1600,    1800 )     241   0.024%  99.042% 
[    1800,    2000 )     163   0.016%  99.058% 
[    2000,    2500 )    9058   0.906%  99.964% 
[    2500,    3000 )     213   0.021%  99.985% 
[    3000,    3500 )      66   0.007%  99.992% 
[    3500,    4000 )      39   0.004%  99.996% 
[    4000,    4500 )      15   0.002%  99.997% 
[    4500,    5000 )      10   0.001%  99.998% 
[    5000,    6000 )      12   0.001% 100.000% 
[    6000,    7000 )       3   0.000% 100.000% 
[    7000,    8000 )       1   0.000% 100.000% 

