fieldlength: 131072
recordcount: 819200

nofdb	workloads/nofdb.spec	1
# Load duration (sec): 446.51
# Loading records:	819200
# Load throughput (KOPS): 1.83467
Count: 819200  Average: 544.6290  StdDev: 46.28
Percentiles(us): P50: 544.09 P90: 590.54 P99: 649.64 P99.9: 743.16 P99.99: 2193.25
------------------------------------------------------
[     450,     500 )   98592  12.035%  12.035% ##
[     500,     600 )  705457  86.115%  98.151% #################
[     600,     700 )   14018   1.711%  99.862% 
[     700,     800 )     727   0.089%  99.950% 
[     800,     900 )      81   0.010%  99.960% 
[     900,    1000 )      51   0.006%  99.967% 
[    1000,    1200 )      71   0.009%  99.975% 
[    1200,    1400 )      36   0.004%  99.980% 
[    1400,    1600 )      29   0.004%  99.983% 
[    1600,    1800 )      15   0.002%  99.985% 
[    1800,    2000 )       9   0.001%  99.986% 
[    2000,    2500 )      83   0.010%  99.996% 
[    2500,    3000 )      15   0.002%  99.998% 
[    3000,    3500 )       2   0.000%  99.998% 
[    3500,    4000 )       2   0.000%  99.999% 
[    4500,    5000 )       3   0.000%  99.999% 
[    5000,    6000 )       4   0.000%  99.999% 
[    6000,    7000 )       1   0.000% 100.000% 
[    8000,    9000 )       2   0.000% 100.000% 
[   12000,   14000 )       2   0.000% 100.000% 

Waiting 15s before performing transactions......
Starting performing transactions......

# Run duration (ms): 855.434
# Run operations:	1000000
# Run throughput (KOPS): 1.169
Count: 1000000  Average: 855.0051  StdDev: 1823.92
Percentiles(us): P50: 544.57 P90: 593.16 P99: 11189.95 P99.9: 20748.16 P99.99: 20748.16
------------------------------------------------------
[     450,     500 )  133067  13.307%  13.307% ###
[     500,     600 )  823217  82.322%  95.628% ################
[     600,     700 )    9252   0.925%  96.554% 
[     700,     800 )     807   0.081%  96.634% 
[     800,     900 )      67   0.007%  96.641% 
[     900,    1000 )      52   0.005%  96.646% 
[    1000,    1200 )      75   0.008%  96.654% 
[    1200,    1400 )      33   0.003%  96.657% 
[    1400,    1600 )    2463   0.246%  96.903% 
[    1600,    1800 )    1361   0.136%  97.039% 
[    1800,    2000 )       3   0.000%  97.040% 
[    2000,    2500 )       4   0.000%  97.040% 
[    2500,    3000 )       6   0.001%  97.041% 
[    3500,    4000 )       2   0.000%  97.041% 
[    4000,    4500 )       2   0.000%  97.041% 
[    4500,    5000 )       2   0.000%  97.041% 
[    5000,    6000 )       3   0.000%  97.042% 
[    6000,    7000 )       4   0.000%  97.042% 
[    7000,    8000 )       5   0.001%  97.043% 
[    8000,    9000 )   12032   1.203%  98.246% 
[    9000,   10000 )    1999   0.200%  98.446% 
[   10000,   12000 )    9318   0.932%  99.377% 
[   12000,   14000 )    3619   0.362%  99.739% 
[   14000,   16000 )      73   0.007%  99.747% 
[   16000,   18000 )    1232   0.123%  99.870% 
[   18000,   20000 )       2   0.000%  99.870% 
[   20000,   25000 )    1300   0.130% 100.000% 

