fieldlength: 4096
recordcount: 26214400

nofdb	workloads/nofdb.spec	1
# Load duration (sec): 3984.09
# Loading records:	26214400
# Load throughput (KOPS): 6.57977
Count: 26214400  Average: 151.7139  StdDev: 22.79
Percentiles(us): P50: 150.10 P90: 158.19 P99: 160.53 P99.9: 179.26 P99.99: 236.72
------------------------------------------------------
[     140,     160 ) 25945577  98.975%  98.975% ####################
[     160,     180 )  251935   0.961%  99.936% 
[     180,     200 )   11195   0.043%  99.978% 
[     200,     250 )    4182   0.016%  99.994% 
[     250,     300 )     335   0.001%  99.996% 
[     300,     350 )     742   0.003%  99.998% 
[     350,     400 )      81   0.000%  99.999% 
[     400,     450 )      47   0.000%  99.999% 
[     450,     500 )      15   0.000%  99.999% 
[     500,     600 )      23   0.000%  99.999% 
[     600,     700 )       5   0.000%  99.999% 
[     700,     800 )       8   0.000%  99.999% 
[     800,     900 )       2   0.000%  99.999% 
[     900,    1000 )       2   0.000%  99.999% 
[    1000,    1200 )       2   0.000%  99.999% 
[    1200,    1400 )      29   0.000%  99.999% 
[    1400,    1600 )     154   0.001% 100.000% 
[    1600,    1800 )       5   0.000% 100.000% 
[    1800,    2000 )       3   0.000% 100.000% 
[    2000,    2500 )      15   0.000% 100.000% 
[    2500,    3000 )      23   0.000% 100.000% 
[    3000,    3500 )       1   0.000% 100.000% 
[    3500,    4000 )       2   0.000% 100.000% 
[    4000,    4500 )      10   0.000% 100.000% 
[    4500,    5000 )       2   0.000% 100.000% 
[    5000,    6000 )       1   0.000% 100.000% 
[   12000,   14000 )       1   0.000% 100.000% 
[   20000,   25000 )       1   0.000% 100.000% 
[   40000,   45000 )       1   0.000% 100.000% 
[  100000,  120000 )       1   0.000% 100.000% 

Waiting 15s before performing transactions......
Starting performing transactions......

# Run duration (ms): 153.411
# Run operations:	1000000
# Run throughput (KOPS): 6.51846
Count: 1000000  Average: 153.1459  StdDev: 7.49
Percentiles(us): P50: 150.24 P90: 158.44 P99: 171.91 P99.9: 179.74 P99.99: 242.98
------------------------------------------------------
[     140,     160 )  976295  97.630%  97.630% ####################
[     160,     180 )   23006   2.301%  99.930% 
[     180,     200 )     452   0.045%  99.975% 
[     200,     250 )     171   0.017%  99.992% 
[     250,     300 )      21   0.002%  99.995% 
[     300,     350 )      27   0.003%  99.997% 
[     350,     400 )       7   0.001%  99.998% 
[     400,     450 )       5   0.001%  99.998% 
[     450,     500 )       1   0.000%  99.999% 
[     500,     600 )       1   0.000%  99.999% 
[     600,     700 )       1   0.000%  99.999% 
[    1200,    1400 )       3   0.000%  99.999% 
[    1600,    1800 )       2   0.000%  99.999% 
[    2000,    2500 )       8   0.001% 100.000% 

