fieldlength: 262144
recordcount: 409600

nofdb	workloads/nofdb.spec	1
# Load duration (sec): 551.596
# Loading records:	409600
# Load throughput (KOPS): 0.742572
Count: 409600  Average: 1346.2502  StdDev: 3661.09
Percentiles(us): P50: 730.32 P90: 794.00 P99: 17978.14 P99.9: 42618.28 P99.99: 49403.14
------------------------------------------------------
[     600,     700 )  126782  30.953%  30.953% ######
[     700,     800 )  257304  62.818%  93.771% #############
[     800,     900 )    7757   1.894%  95.665% 
[     900,    1000 )    3253   0.794%  96.459% 
[    1000,    1200 )     147   0.036%  96.495% 
[    1200,    1400 )      71   0.017%  96.512% 
[    1400,    1600 )      48   0.012%  96.524% 
[    1600,    1800 )     452   0.110%  96.634% 
[    1800,    2000 )     261   0.064%  96.698% 
[    2000,    2500 )      30   0.007%  96.705% 
[    2500,    3000 )       9   0.002%  96.708% 
[    3000,    3500 )       9   0.002%  96.710% 
[    3500,    4000 )       3   0.001%  96.710% 
[    4500,    5000 )       3   0.001%  96.711% 
[    5000,    6000 )       3   0.001%  96.712% 
[    6000,    7000 )       3   0.001%  96.713% 
[    7000,    8000 )       2   0.000%  96.713% 
[    8000,    9000 )       6   0.001%  96.715% 
[    9000,   10000 )       6   0.001%  96.716% 
[   10000,   12000 )      13   0.003%  96.719% 
[   12000,   14000 )      14   0.003%  96.723% 
[   14000,   16000 )       9   0.002%  96.725% 
[   16000,   18000 )    9422   2.300%  99.025% 
[   18000,   20000 )       6   0.001%  99.027% 
[   20000,   25000 )    2351   0.574%  99.601% 
[   25000,   30000 )     516   0.126%  99.727% 
[   30000,   35000 )     170   0.042%  99.768% 
[   35000,   40000 )     443   0.108%  99.876% 
[   40000,   45000 )     186   0.045%  99.922% 
[   45000,   50000 )     318   0.078%  99.999% 
[   60000,   70000 )       3   0.001% 100.000% 

Waiting 15s before performing transactions......
Starting performing transactions......

# Run duration (ms): 3254.55
# Run operations:	1000000
# Run throughput (KOPS): 0.307263
Count: 1000000  Average: 3254.1097  StdDev: 6735.40
Percentiles(us): P50: 749.93 P90: 16757.93 P99: 31376.49 P99.9: 39382.89 P99.99: 49159.66
------------------------------------------------------
[     600,     700 )  188080  18.808%  18.808% ####
[     700,     800 )  624712  62.471%  81.279% ############
[     800,     900 )   34251   3.425%  84.704% #
[     900,    1000 )   11324   1.132%  85.837% 
[    1000,    1200 )     498   0.050%  85.886% 
[    1200,    1400 )      74   0.007%  85.894% 
[    1400,    1600 )      51   0.005%  85.899% 
[    1600,    1800 )    4875   0.488%  86.386% 
[    1800,    2000 )    2094   0.209%  86.596% 
[    2000,    2500 )      88   0.009%  86.605% 
[    2500,    3000 )       9   0.001%  86.606% 
[    3000,    3500 )       2   0.000%  86.606% 
[    3500,    4000 )       4   0.000%  86.606% 
[    4000,    4500 )       2   0.000%  86.606% 
[    4500,    5000 )       3   0.000%  86.607% 
[    5000,    6000 )       3   0.000%  86.607% 
[    6000,    7000 )       6   0.001%  86.608% 
[    7000,    8000 )       8   0.001%  86.608% 
[    8000,    9000 )       9   0.001%  86.609% 
[    9000,   10000 )       5   0.001%  86.610% 
[   10000,   12000 )      22   0.002%  86.612% 
[   12000,   14000 )      21   0.002%  86.614% 
[   14000,   16000 )      10   0.001%  86.615% 
[   16000,   18000 )   89320   8.932%  95.547% ##
[   18000,   20000 )     962   0.096%  95.643% 
[   20000,   25000 )   21775   2.178%  97.821% 
[   25000,   30000 )    9455   0.946%  98.766% 
[   30000,   35000 )    8489   0.849%  99.615% 
[   35000,   40000 )    3249   0.325%  99.940% 
[   40000,   45000 )       4   0.000%  99.941% 
[   45000,   50000 )     595   0.060% 100.000% 

