
nofdb	workloads/workloadc.spec	8
# Load duration (sec): 23.2663
# Loading records:	1000000
# Load throughput (KOPS): 42.9807
Count: 1000000  Average: 184.7452  StdDev: 93.30
Percentiles(us): P50: 176.10 P90: 232.79 P99: 319.95 P99.9: 595.58 P99.99: 2813.33
------------------------------------------------------
[     100,     120 )     118   0.012%   0.012% 
[     120,     140 )   23345   2.335%   2.346% 
[     140,     160 )  195813  19.581%  21.928% ####
[     160,     180 )  348725  34.873%  56.800% #######
[     180,     200 )  231368  23.137%  79.937% #####
[     200,     250 )  153430  15.343%  95.280% ###
[     250,     300 )   33759   3.376%  98.656% #
[     300,     350 )    8628   0.863%  99.519% 
[     350,     400 )    2453   0.245%  99.764% 
[     400,     450 )     843   0.084%  99.848% 
[     450,     500 )     302   0.030%  99.878% 
[     500,     600 )     226   0.023%  99.901% 
[     600,     700 )     101   0.010%  99.911% 
[     700,     800 )      61   0.006%  99.917% 
[     800,     900 )      61   0.006%  99.923% 
[     900,    1000 )      46   0.005%  99.928% 
[    1000,    1200 )      46   0.005%  99.933% 
[    1200,    1400 )      48   0.005%  99.937% 
[    1400,    1600 )      16   0.002%  99.939% 
[    1600,    1800 )      56   0.006%  99.945% 
[    1800,    2000 )     122   0.012%  99.957% 
[    2000,    2500 )     286   0.029%  99.985% 
[    2500,    3000 )      75   0.008%  99.993% 
[    3000,    3500 )      31   0.003%  99.996% 
[    3500,    4000 )      11   0.001%  99.997% 
[    4500,    5000 )       7   0.001%  99.998% 
[    5000,    6000 )       9   0.001%  99.999% 
[    6000,    7000 )       6   0.001%  99.999% 
[   20000,   25000 )       8   0.001% 100.000% 


---------- RPC REPLICA STATISTICS -----------
Avg send latency (us):	1.84467e+13
Avg receive latency (us):	320607

# Run duration (sec): 16.8929
# Run operations:	1000000
# Run throughput (KOPS): 59.1964
Count: 1000000  Average: 134.1682  StdDev: 80.92
Percentiles(us): P50: 95.69 P90: 264.55 P99: 359.45 P99.9: 448.94 P99.99: 1212.50
------------------------------------------------------
[      40,      45 )      38   0.004%   0.004% 
[      45,      50 )    1019   0.102%   0.106% 
[      50,      60 )   46408   4.641%   4.747% #
[      60,      70 )  157302  15.730%  20.477% ###
[      70,      80 )  143036  14.304%  34.780% ###
[      80,      90 )  111685  11.168%  45.949% ##
[      90,     100 )   71183   7.118%  53.067% #
[     100,     120 )   35281   3.528%  56.595% #
[     120,     140 )   34133   3.413%  60.009% #
[     140,     160 )   74178   7.418%  67.426% #
[     160,     180 )  105718  10.572%  77.998% ##
[     180,     200 )   35202   3.520%  81.518% #
[     200,     250 )   55567   5.557%  87.075% #
[     250,     300 )  100545  10.055%  97.130% ##
[     300,     350 )   17006   1.701%  98.830% 
[     350,     400 )    8985   0.899%  99.729% 
[     400,     450 )    1751   0.175%  99.904% 
[     450,     500 )     452   0.045%  99.949% 
[     500,     600 )     274   0.027%  99.976% 
[     600,     700 )      53   0.005%  99.982% 
[     700,     800 )      35   0.004%  99.985% 
[     800,     900 )      15   0.002%  99.987% 
[     900,    1000 )       8   0.001%  99.987% 
[    1000,    1200 )      25   0.003%  99.990% 
[    1200,    1400 )      16   0.002%  99.992% 
[    1400,    1600 )       7   0.001%  99.992% 
[    1600,    1800 )      12   0.001%  99.993% 
[    1800,    2000 )      19   0.002%  99.995% 
[    2000,    2500 )      29   0.003%  99.998% 
[    2500,    3000 )       4   0.000%  99.999% 
[    3000,    3500 )      10   0.001% 100.000% 
[    4500,    5000 )       1   0.000% 100.000% 
[    5000,    6000 )       2   0.000% 100.000% 
[    6000,    7000 )       1   0.000% 100.000% 

Read info: 
Count: 1000000  Average: 134.1682  StdDev: 80.92
Percentiles(us): P50: 95.69 P90: 264.55 P99: 359.45 P99.9: 448.94 P99.99: 1212.50
------------------------------------------------------
[      40,      45 )      38   0.004%   0.004% 
[      45,      50 )    1019   0.102%   0.106% 
[      50,      60 )   46408   4.641%   4.747% #
[      60,      70 )  157302  15.730%  20.477% ###
[      70,      80 )  143036  14.304%  34.780% ###
[      80,      90 )  111685  11.168%  45.949% ##
[      90,     100 )   71183   7.118%  53.067% #
[     100,     120 )   35281   3.528%  56.595% #
[     120,     140 )   34133   3.413%  60.009% #
[     140,     160 )   74178   7.418%  67.426% #
[     160,     180 )  105718  10.572%  77.998% ##
[     180,     200 )   35202   3.520%  81.518% #
[     200,     250 )   55567   5.557%  87.075% #
[     250,     300 )  100545  10.055%  97.130% ##
[     300,     350 )   17006   1.701%  98.830% 
[     350,     400 )    8985   0.899%  99.729% 
[     400,     450 )    1751   0.175%  99.904% 
[     450,     500 )     452   0.045%  99.949% 
[     500,     600 )     274   0.027%  99.976% 
[     600,     700 )      53   0.005%  99.982% 
[     700,     800 )      35   0.004%  99.985% 
[     800,     900 )      15   0.002%  99.987% 
[     900,    1000 )       8   0.001%  99.987% 
[    1000,    1200 )      25   0.003%  99.990% 
[    1200,    1400 )      16   0.002%  99.992% 
[    1400,    1600 )       7   0.001%  99.992% 
[    1600,    1800 )      12   0.001%  99.993% 
[    1800,    2000 )      19   0.002%  99.995% 
[    2000,    2500 )      29   0.003%  99.998% 
[    2500,    3000 )       4   0.000%  99.999% 
[    3000,    3500 )      10   0.001% 100.000% 
[    4500,    5000 )       1   0.000% 100.000% 
[    5000,    6000 )       2   0.000% 100.000% 
[    6000,    7000 )       1   0.000% 100.000% 

Write info: 
Count: 0  Average: 0.0000  StdDev: 0.00
Percentiles(us): P50: -nan P90: -nan P99: -nan P99.9: -nan P99.99: -nan
------------------------------------------------------


