
nofdb	workloads/workloadc.spec	16
# Load duration (sec): 15.1299
# Loading records:	1000000
# Load throughput (KOPS): 66.0944
Count: 1000000  Average: 241.0917  StdDev: 182.42
Percentiles(us): P50: 229.23 P90: 296.28 P99: 433.13 P99.9: 2259.54 P99.99: 4100.00
------------------------------------------------------
[     100,     120 )       1   0.000%   0.000% 
[     120,     140 )     190   0.019%   0.019% 
[     140,     160 )    3777   0.378%   0.397% 
[     160,     180 )   38533   3.853%   4.250% #
[     180,     200 )  145471  14.547%  18.797% ###
[     200,     250 )  533739  53.374%  72.171% ###########
[     250,     300 )  192621  19.262%  91.433% ####
[     300,     350 )   54590   5.459%  96.892% #
[     350,     400 )   17047   1.705%  98.597% 
[     400,     450 )    6083   0.608%  99.205% 
[     450,     500 )    2513   0.251%  99.457% 
[     500,     600 )    1932   0.193%  99.650% 
[     600,     700 )     741   0.074%  99.724% 
[     700,     800 )     321   0.032%  99.756% 
[     800,     900 )     223   0.022%  99.778% 
[     900,    1000 )     184   0.018%  99.797% 
[    1000,    1200 )     183   0.018%  99.815% 
[    1200,    1400 )     130   0.013%  99.828% 
[    1400,    1600 )      67   0.007%  99.835% 
[    1600,    1800 )     133   0.013%  99.848% 
[    1800,    2000 )     208   0.021%  99.869% 
[    2000,    2500 )     603   0.060%  99.929% 
[    2500,    3000 )     388   0.039%  99.968% 
[    3000,    3500 )     182   0.018%  99.986% 
[    3500,    4000 )      33   0.003%  99.989% 
[    4000,    4500 )      35   0.004%  99.993% 
[    4500,    5000 )       5   0.001%  99.993% 
[    5000,    6000 )      20   0.002%  99.995% 
[    6000,    7000 )      22   0.002%  99.998% 
[   10000,   12000 )       5   0.001%  99.998% 
[   16000,   18000 )       4   0.000%  99.998% 
[   20000,   25000 )       4   0.000%  99.999% 
[   30000,   35000 )       5   0.001%  99.999% 
[   40000,   45000 )       7   0.001% 100.000% 


---------- RPC REPLICA STATISTICS -----------
Avg send latency (us):	1.84467e+13
Avg receive latency (us):	214225

# Run duration (sec): 9.7287
# Run operations:	1000000
# Run throughput (KOPS): 102.789
Count: 1000000  Average: 154.4054  StdDev: 96.56
Percentiles(us): P50: 108.68 P90: 288.60 P99: 395.96 P99.9: 582.29 P99.99: 2017.24
------------------------------------------------------
[      40,      45 )      11   0.001%   0.001% 
[      45,      50 )     356   0.036%   0.037% 
[      50,      60 )   20693   2.069%   2.106% 
[      60,      70 )   80905   8.091%  10.197% ##
[      70,      80 )  115405  11.540%  21.737% ##
[      80,      90 )  138516  13.852%  35.589% ###
[      90,     100 )  109995  11.000%  46.588% ##
[     100,     120 )   78585   7.859%  54.447% ##
[     120,     140 )   26756   2.676%  57.122% #
[     140,     160 )   38764   3.876%  60.999% #
[     160,     180 )   56676   5.668%  66.666% #
[     180,     200 )   50325   5.033%  71.699% #
[     200,     250 )   66813   6.681%  78.380% #
[     250,     300 )  150501  15.050%  93.430% ###
[     300,     350 )   38575   3.858%  97.288% #
[     350,     400 )   18628   1.863%  99.150% 
[     400,     450 )    4905   0.491%  99.641% 
[     450,     500 )    1708   0.171%  99.812% 
[     500,     600 )    1073   0.107%  99.919% 
[     600,     700 )     296   0.030%  99.949% 
[     700,     800 )     121   0.012%  99.961% 
[     800,     900 )      53   0.005%  99.966% 
[     900,    1000 )      41   0.004%  99.970% 
[    1000,    1200 )      47   0.005%  99.975% 
[    1200,    1400 )      36   0.004%  99.978% 
[    1400,    1600 )      31   0.003%  99.982% 
[    1600,    1800 )      30   0.003%  99.985% 
[    1800,    2000 )      53   0.005%  99.990% 
[    2000,    2500 )      58   0.006%  99.996% 
[    2500,    3000 )      23   0.002%  99.998% 
[    3000,    3500 )       2   0.000%  99.998% 
[    3500,    4000 )      15   0.002% 100.000% 
[    4000,    4500 )       3   0.000% 100.000% 
[    4500,    5000 )       1   0.000% 100.000% 

Read info: 
Count: 1000000  Average: 154.4054  StdDev: 96.56
Percentiles(us): P50: 108.68 P90: 288.60 P99: 395.96 P99.9: 582.29 P99.99: 2017.24
------------------------------------------------------
[      40,      45 )      11   0.001%   0.001% 
[      45,      50 )     356   0.036%   0.037% 
[      50,      60 )   20693   2.069%   2.106% 
[      60,      70 )   80905   8.091%  10.197% ##
[      70,      80 )  115405  11.540%  21.737% ##
[      80,      90 )  138516  13.852%  35.589% ###
[      90,     100 )  109995  11.000%  46.588% ##
[     100,     120 )   78585   7.859%  54.447% ##
[     120,     140 )   26756   2.676%  57.122% #
[     140,     160 )   38764   3.876%  60.999% #
[     160,     180 )   56676   5.668%  66.666% #
[     180,     200 )   50325   5.033%  71.699% #
[     200,     250 )   66813   6.681%  78.380% #
[     250,     300 )  150501  15.050%  93.430% ###
[     300,     350 )   38575   3.858%  97.288% #
[     350,     400 )   18628   1.863%  99.150% 
[     400,     450 )    4905   0.491%  99.641% 
[     450,     500 )    1708   0.171%  99.812% 
[     500,     600 )    1073   0.107%  99.919% 
[     600,     700 )     296   0.030%  99.949% 
[     700,     800 )     121   0.012%  99.961% 
[     800,     900 )      53   0.005%  99.966% 
[     900,    1000 )      41   0.004%  99.970% 
[    1000,    1200 )      47   0.005%  99.975% 
[    1200,    1400 )      36   0.004%  99.978% 
[    1400,    1600 )      31   0.003%  99.982% 
[    1600,    1800 )      30   0.003%  99.985% 
[    1800,    2000 )      53   0.005%  99.990% 
[    2000,    2500 )      58   0.006%  99.996% 
[    2500,    3000 )      23   0.002%  99.998% 
[    3000,    3500 )       2   0.000%  99.998% 
[    3500,    4000 )      15   0.002% 100.000% 
[    4000,    4500 )       3   0.000% 100.000% 
[    4500,    5000 )       1   0.000% 100.000% 

Write info: 
Count: 0  Average: 0.0000  StdDev: 0.00
Percentiles(us): P50: -nan P90: -nan P99: -nan P99.9: -nan P99.99: -nan
------------------------------------------------------


