
nofdb	workloads/workloadc.spec	2
# Load duration (sec): 73.2796
# Loading records:	1000000
# Load throughput (KOPS): 13.6464
Count: 1000000  Average: 144.9446  StdDev: 48.20
Percentiles(us): P50: 140.15 P90: 162.43 P99: 248.39 P99.9: 340.11 P99.99: 1934.78
------------------------------------------------------
[     100,     120 )   16181   1.618%   1.618% 
[     120,     140 )  480833  48.083%  49.701% ##########
[     140,     160 )  395895  39.590%  89.291% ########
[     160,     180 )   58352   5.835%  95.126% #
[     180,     200 )   16349   1.635%  96.761% 
[     200,     250 )   23135   2.313%  99.075% 
[     250,     300 )    6986   0.699%  99.773% 
[     300,     350 )    1582   0.158%  99.931% 
[     350,     400 )     259   0.026%  99.957% 
[     400,     450 )     108   0.011%  99.968% 
[     450,     500 )      32   0.003%  99.971% 
[     500,     600 )      40   0.004%  99.975% 
[     600,     700 )      13   0.001%  99.977% 
[     700,     800 )      12   0.001%  99.978% 
[     800,     900 )      13   0.001%  99.979% 
[     900,    1000 )       8   0.001%  99.980% 
[    1000,    1200 )      15   0.002%  99.981% 
[    1200,    1400 )      13   0.001%  99.983% 
[    1400,    1600 )      14   0.001%  99.984% 
[    1600,    1800 )      29   0.003%  99.987% 
[    1800,    2000 )      46   0.005%  99.992% 
[    2000,    2500 )      60   0.006%  99.998% 
[    2500,    3000 )      12   0.001%  99.999% 
[    3500,    4000 )       4   0.000%  99.999% 
[    4000,    4500 )       3   0.000%  99.999% 
[    5000,    6000 )       2   0.000% 100.000% 
[   14000,   16000 )       2   0.000% 100.000% 
[   18000,   20000 )       2   0.000% 100.000% 


---------- RPC REPLICA STATISTICS -----------
Avg send latency (us):	1.84467e+13
Avg receive latency (us):	509358

# Run duration (sec): 56.3511
# Run operations:	1000000
# Run throughput (KOPS): 17.7459
Count: 1000000  Average: 111.4411  StdDev: 50.53
Percentiles(us): P50: 79.94 P90: 175.53 P99: 230.44 P99.9: 292.18 P99.99: 360.29
------------------------------------------------------
[      40,      45 )      22   0.002%   0.002% 
[      45,      50 )    1332   0.133%   0.135% 
[      50,      60 )   48155   4.816%   4.951% #
[      60,      70 )  227355  22.736%  27.686% #####
[      70,      80 )  224411  22.441%  50.128% ####
[      80,      90 )   54384   5.438%  55.566% #
[      90,     100 )    7373   0.737%  56.303% 
[     100,     120 )    4189   0.419%  56.722% 
[     120,     140 )   37004   3.700%  60.422% #
[     140,     160 )  122177  12.218%  72.640% ##
[     160,     180 )  223614  22.361%  95.002% ####
[     180,     200 )   32008   3.201%  98.202% #
[     200,     250 )   13101   1.310%  99.513% 
[     250,     300 )    4593   0.459%  99.972% 
[     300,     350 )     175   0.018%  99.989% 
[     350,     400 )      34   0.003%  99.993% 
[     400,     450 )       9   0.001%  99.994% 
[     450,     500 )       2   0.000%  99.994% 
[     500,     600 )       4   0.000%  99.994% 
[     600,     700 )       6   0.001%  99.995% 
[     700,     800 )       4   0.000%  99.995% 
[     800,     900 )       1   0.000%  99.995% 
[     900,    1000 )       1   0.000%  99.995% 
[    1200,    1400 )       1   0.000%  99.996% 
[    1400,    1600 )       6   0.001%  99.996% 
[    1600,    1800 )       9   0.001%  99.997% 
[    1800,    2000 )      12   0.001%  99.998% 
[    2000,    2500 )      17   0.002% 100.000% 
[    2500,    3000 )       1   0.000% 100.000% 

Read info: 
Count: 1000000  Average: 111.4411  StdDev: 50.53
Percentiles(us): P50: 79.94 P90: 175.53 P99: 230.44 P99.9: 292.18 P99.99: 360.29
------------------------------------------------------
[      40,      45 )      22   0.002%   0.002% 
[      45,      50 )    1332   0.133%   0.135% 
[      50,      60 )   48155   4.816%   4.951% #
[      60,      70 )  227355  22.736%  27.686% #####
[      70,      80 )  224411  22.441%  50.128% ####
[      80,      90 )   54384   5.438%  55.566% #
[      90,     100 )    7373   0.737%  56.303% 
[     100,     120 )    4189   0.419%  56.722% 
[     120,     140 )   37004   3.700%  60.422% #
[     140,     160 )  122177  12.218%  72.640% ##
[     160,     180 )  223614  22.361%  95.002% ####
[     180,     200 )   32008   3.201%  98.202% #
[     200,     250 )   13101   1.310%  99.513% 
[     250,     300 )    4593   0.459%  99.972% 
[     300,     350 )     175   0.018%  99.989% 
[     350,     400 )      34   0.003%  99.993% 
[     400,     450 )       9   0.001%  99.994% 
[     450,     500 )       2   0.000%  99.994% 
[     500,     600 )       4   0.000%  99.994% 
[     600,     700 )       6   0.001%  99.995% 
[     700,     800 )       4   0.000%  99.995% 
[     800,     900 )       1   0.000%  99.995% 
[     900,    1000 )       1   0.000%  99.995% 
[    1200,    1400 )       1   0.000%  99.996% 
[    1400,    1600 )       6   0.001%  99.996% 
[    1600,    1800 )       9   0.001%  99.997% 
[    1800,    2000 )      12   0.001%  99.998% 
[    2000,    2500 )      17   0.002% 100.000% 
[    2500,    3000 )       1   0.000% 100.000% 

Write info: 
Count: 0  Average: 0.0000  StdDev: 0.00
Percentiles(us): P50: -nan P90: -nan P99: -nan P99.9: -nan P99.99: -nan
------------------------------------------------------


