
nofdb	workloads/workloadc.spec	1
# Load duration (sec): 143.718
# Loading records:	1000000
# Load throughput (KOPS): 6.95808
Count: 1000000  Average: 143.4634  StdDev: 45.57
Percentiles(us): P50: 140.58 P90: 158.93 P99: 231.45 P99.9: 291.02 P99.99: 1812.50
------------------------------------------------------
[     100,     120 )   12174   1.217%   1.217% 
[     120,     140 )  475235  47.524%  48.741% ##########
[     140,     160 )  435975  43.598%  92.338% #########
[     160,     180 )   39250   3.925%  96.263% #
[     180,     200 )   15236   1.524%  97.787% 
[     200,     250 )   19285   1.929%  99.716% 
[     250,     300 )    2249   0.225%  99.940% 
[     300,     350 )     248   0.025%  99.965% 
[     350,     400 )      93   0.009%  99.975% 
[     400,     450 )      39   0.004%  99.978% 
[     450,     500 )      21   0.002%  99.981% 
[     500,     600 )      29   0.003%  99.983% 
[     600,     700 )       9   0.001%  99.984% 
[     700,     800 )       6   0.001%  99.985% 
[     800,     900 )       3   0.000%  99.985% 
[     900,    1000 )       4   0.000%  99.986% 
[    1000,    1200 )       5   0.001%  99.986% 
[    1200,    1400 )       7   0.001%  99.987% 
[    1400,    1600 )       6   0.001%  99.987% 
[    1600,    1800 )      24   0.002%  99.990% 
[    1800,    2000 )      32   0.003%  99.993% 
[    2000,    2500 )      46   0.005%  99.998% 
[    2500,    3000 )      12   0.001%  99.999% 
[    3000,    3500 )       3   0.000%  99.999% 
[    3500,    4000 )       2   0.000%  99.999% 
[    4000,    4500 )       3   0.000% 100.000% 
[   12000,   14000 )       2   0.000% 100.000% 
[   16000,   18000 )       1   0.000% 100.000% 
[   20000,   25000 )       1   0.000% 100.000% 


---------- RPC REPLICA STATISTICS -----------
Avg send latency (us):	1.84467e+13
Avg receive latency (us):	633919

# Run duration (sec): 138.681
# Run operations:	1000000
# Run throughput (KOPS): 7.21081
Count: 1000000  Average: 138.4439  StdDev: 86.45
Percentiles(us): P50: 91.85 P90: 277.67 P99: 351.61 P99.9: 398.23 P99.99: 716.67
------------------------------------------------------
[      40,      45 )     361   0.036%   0.036% 
[      45,      50 )    5571   0.557%   0.593% 
[      50,      60 )   58064   5.806%   6.400% #
[      60,      70 )  127770  12.777%  19.177% ###
[      70,      80 )  154279  15.428%  34.605% ###
[      80,      90 )  136881  13.688%  48.293% ###
[      90,     100 )   92204   9.220%  57.513% ##
[     100,     120 )   47834   4.783%  62.296% #
[     120,     140 )    6736   0.674%  62.970% 
[     140,     160 )   23078   2.308%  65.278% 
[     160,     180 )   50116   5.012%  70.289% #
[     180,     200 )   41144   4.114%  74.404% #
[     200,     250 )   72707   7.271%  81.675% #
[     250,     300 )  150440  15.044%  96.719% ###
[     300,     350 )   22504   2.250%  98.969% 
[     350,     400 )    9653   0.965%  99.934% 
[     400,     450 )     520   0.052%  99.986% 
[     450,     500 )      26   0.003%  99.989% 
[     500,     600 )       7   0.001%  99.990% 
[     600,     700 )       4   0.000%  99.990% 
[     700,     800 )       6   0.001%  99.991% 
[     800,     900 )       3   0.000%  99.991% 
[     900,    1000 )       1   0.000%  99.991% 
[    1000,    1200 )       1   0.000%  99.991% 
[    1200,    1400 )       1   0.000%  99.991% 
[    1400,    1600 )       3   0.000%  99.991% 
[    1600,    1800 )      17   0.002%  99.993% 
[    1800,    2000 )      35   0.004%  99.997% 
[    2000,    2500 )      33   0.003% 100.000% 
[    2500,    3000 )       1   0.000% 100.000% 

Read info: 
Count: 1000000  Average: 138.4439  StdDev: 86.45
Percentiles(us): P50: 91.85 P90: 277.67 P99: 351.61 P99.9: 398.23 P99.99: 716.67
------------------------------------------------------
[      40,      45 )     361   0.036%   0.036% 
[      45,      50 )    5571   0.557%   0.593% 
[      50,      60 )   58064   5.806%   6.400% #
[      60,      70 )  127770  12.777%  19.177% ###
[      70,      80 )  154279  15.428%  34.605% ###
[      80,      90 )  136881  13.688%  48.293% ###
[      90,     100 )   92204   9.220%  57.513% ##
[     100,     120 )   47834   4.783%  62.296% #
[     120,     140 )    6736   0.674%  62.970% 
[     140,     160 )   23078   2.308%  65.278% 
[     160,     180 )   50116   5.012%  70.289% #
[     180,     200 )   41144   4.114%  74.404% #
[     200,     250 )   72707   7.271%  81.675% #
[     250,     300 )  150440  15.044%  96.719% ###
[     300,     350 )   22504   2.250%  98.969% 
[     350,     400 )    9653   0.965%  99.934% 
[     400,     450 )     520   0.052%  99.986% 
[     450,     500 )      26   0.003%  99.989% 
[     500,     600 )       7   0.001%  99.990% 
[     600,     700 )       4   0.000%  99.990% 
[     700,     800 )       6   0.001%  99.991% 
[     800,     900 )       3   0.000%  99.991% 
[     900,    1000 )       1   0.000%  99.991% 
[    1000,    1200 )       1   0.000%  99.991% 
[    1200,    1400 )       1   0.000%  99.991% 
[    1400,    1600 )       3   0.000%  99.991% 
[    1600,    1800 )      17   0.002%  99.993% 
[    1800,    2000 )      35   0.004%  99.997% 
[    2000,    2500 )      33   0.003% 100.000% 
[    2500,    3000 )       1   0.000% 100.000% 

Write info: 
Count: 0  Average: 0.0000  StdDev: 0.00
Percentiles(us): P50: -nan P90: -nan P99: -nan P99.9: -nan P99.99: -nan
------------------------------------------------------


