14.8
14.2
17.4
27.4
29.7
31.8
35.9
36.8
37.5
41.8
42.5
43.6
45.4
46.2
47.1
47.8
48.9
49.2
51.7
52.5
53.3
53.9
55.3
55.4
56.4
57.5
58.1
59.2
60.1
60.7
61.0
62.0
62.9
63.5
63.9
64.6
65.2
66.2
66.5
67.2
67.8
68.6
68.8
69.6
70.1
70.9
71.2
71.7
72.2
72.6
72.7
73.2
73.8
74.1
74.6
74.7
75.3
75.7
76.2
76.6
76.7
76.9
77.6
77.9
77.9
78.2
78.6
79.3
79.6
79.7
80.1
80.8
81.0
81.3
81.3
81.7
82.0
82.3
82.5
82.5
82.7
82.9
83.1
83.1
83.3
83.5
83.8
84.0
83.9
84.1
84.4
84.5
84.7
84.6
84.8
84.9
85.0
85.4
85.5
85.4
85.6
85.7
85.9
86.1
86.1
86.2
86.3
86.5
86.6
86.6
86.8
87.0
87.2
87.3
87.2
87.4
87.5
87.6
87.6
87.9
88.0
88.2
88.2
88.2
88.3
88.4
88.6
88.8
88.8
88.9
89.0
89.1
89.2
89.1
89.2
89.4
89.6
89.7
89.6
89.6
89.7
90.0
90.1
90.2
90.1
90.2
90.4
90.5
90.5
90.4
90.5
90.7
90.9
91.0
91.0
91.1
91.3
91.5
91.4
91.5
91.6
91.7
91.8
91.9
91.8
92.0
92.1
92.1
92.1
92.2
92.2
92.3
92.4
92.3
92.4
92.5
92.6
92.6
92.6
92.6
92.7
92.7
93.2
93.4
93.5
93.6
93.7
93.7
93.7
93.8
93.7
93.8
94.0
94.2
94.4
94.5
94.3
94.4
94.5
94.5
94.5
94.5
94.6
94.7
94.8
95.0
95.1
95.0
95.1
95.2
95.2
95.2
95.3
95.3
95.4
95.5
95.7
95.8
95.7
95.8
95.8
95.9
95.9
95.9
96.0
96.1
96.2
96.4
96.4
96.3
96.4
96.5
96.6
96.6
96.7
96.7
96.7
96.7
96.8
96.8
96.9
97.0
97.0
97.0
97.0
97.0
97.1
97.2
97.2
97.2
97.3
97.3
97.5
97.6
97.6
97.6
97.6
97.7
97.7
97.7
97.7
97.7
97.7
97.8
97.9
97.9
98.0
98.0
97.9
97.9
97.9
98.0
97.9
97.9
98.0
98.0
98.1
98.1
98.2
98.2
98.2
98.1
98.1
98.2
98.1
98.1
98.1
98.2
98.2
98.2
98.3
98.3
98.3
98.2
98.3
98.3
98.3
98.3
98.4
98.5
98.5
98.5
98.5
98.6
98.8
98.8
98.9
99.0
99.0
99.1
99.0
99.1
99.1
99.1
99.1
99.1
99.1
99.1
99.1
99.1
99.1
99.1
99.1
99.2
99.3
99.3
99.4
99.4
99.4
99.4
99.5
99.5
99.5
99.5
99.6
99.6
99.5
99.5
99.6
99.6
99.6
99.5
99.5
99.5
99.6
99.6
99.6
99.7
99.7
99.9
 100
 100
 100
 100
 100
 100
 100
 100
 100
 100
 100
 100
 100
 100
 100
 100
 100
 100
 100
 100
 100
 100
 100
 100
 100
 101
 100
 100
 100
 100
 100
 100
 100
 100
 100
 100
 101
 101
 101
 101
 101
 101
 101
 101
 101
 101
 101
 101
 101
 101
 101
 101
 101
 101
 101
 101
 101
 101
