14.3
13.7
14.7
19.4
24.3
25.8
26.6
26.8
27.1
30.1
30.3
30.4
30.8
30.9
30.9
34.5
34.5
34.5
34.6
34.6
36.6
36.6
36.5
36.4
36.5
36.4
37.2
37.5
37.8
37.8
37.6
37.6
37.6
38.5
38.5
38.4
38.3
38.7
39.0
39.9
39.9
39.8
39.7
39.7
39.6
40.3
41.1
41.2
41.2
41.1
41.5
42.4
42.7
42.6
42.6
42.8
43.7
43.9
44.4
44.2
44.2
44.0
44.5
45.0
45.2
45.7
45.5
45.6
46.0
46.4
46.4
46.3
46.1
46.0
46.5
47.0
47.5
47.4
47.3
47.1
47.2
47.5
47.8
47.7
47.6
47.8
48.2
48.3
48.6
48.4
48.2
48.3
48.6
48.9
49.0
48.8
48.9
49.0
49.3
49.3
49.3
49.2
49.1
49.5
49.6
50.0
49.9
49.7
50.0
50.4
50.5
50.5
50.3
50.3
50.9
51.3
51.3
51.2
51.3
51.2
51.2
51.6
51.8
51.8
51.6
51.8
51.9
52.1
52.2
52.2
52.1
51.9
52.1
52.2
52.5
52.4
52.4
52.3
52.4
52.6
52.9
52.9
53.4
53.4
53.6
53.9
53.8
53.7
53.6
53.7
53.9
54.0
54.0
53.9
53.9
54.0
54.2
54.2
54.3
54.2
54.1
54.3
54.5
54.5
54.5
54.6
54.9
54.9
55.1
55.0
54.9
55.1
55.6
55.7
55.7
55.6
55.5
55.5
55.7
55.8
55.8
55.9
55.7
55.9
55.9
56.1
56.0
56.0
56.0
56.0
56.2
56.3
56.3
56.4
56.3
56.4
56.4
56.6
56.6
56.6
56.5
56.7
56.8
56.9
56.9
56.8
56.9
57.0
57.1
57.2
57.2
57.1
57.2
57.3
57.4
57.4
57.4
57.3
57.2
57.2
57.3
57.3
57.5
57.5
57.4
57.5
57.5
57.6
57.6
57.6
57.7
57.9
57.9
58.0
58.0
57.9
57.9
58.0
58.1
58.1
58.2
58.2
58.1
58.0
58.1
58.1
58.2
58.3
58.2
58.2
58.1
58.1
58.2
58.3
58.4
58.4
58.4
58.4
58.5
58.6
58.6
58.6
58.6
58.7
58.7
58.8
58.8
58.7
58.7
58.6
58.7
58.7
58.8
58.9
58.8
58.9
58.8
58.8
58.9
59.0
59.0
59.1
59.1
59.2
59.5
59.5
59.6
59.5
59.6
59.7
59.7
59.8
59.7
59.6
59.7
59.8
59.9
59.9
60.0
60.0
60.1
60.2
60.2
60.1
60.2
60.3
60.3
60.3
60.3
60.2
60.3
60.3
60.4
60.4
60.4
60.5
60.6
60.6
60.7
60.8
60.8
60.8
60.9
60.9
61.0
61.0
61.0
61.1
61.1
61.1
61.1
61.2
61.3
61.2
61.4
61.4
61.4
61.5
61.4
61.4
61.4
61.5
61.5
61.6
61.7
61.7
61.6
61.7
61.9
61.9
61.9
61.9
61.9
61.9
62.0
62.0
62.1
62.1
62.0
62.0
62.1
62.1
62.2
62.2
62.2
62.2
62.3
62.4
62.4
62.4
62.5
62.4
62.5
62.6
62.5
62.6
62.6
62.6
62.5
62.5
62.6
62.6
62.6
62.7
62.7
62.7
62.8
62.8
62.8
62.9
62.9
63.0
63.0
63.1
63.1
63.1
63.1
63.0
63.0
63.1
63.1
63.1
63.2
63.2
63.2
63.2
63.3
63.3
63.3
63.2
63.3
63.3
63.3
63.4
63.4
63.5
63.5
63.5
63.6
63.6
63.6
63.7
63.7
63.7
63.8
63.9
63.8
63.9
63.9
63.9
64.0
64.0
64.0
64.1
64.2
64.2
64.2
64.2
64.3
64.3
64.3
64.3
64.3
64.3
64.3
64.3
64.3
64.4
64.4
64.3
64.4
64.4
64.5
64.5
64.5
64.5
64.5
64.6
64.6
64.6
64.7
64.7
64.7
64.8
64.8
64.8
64.9
64.9
64.9
65.0
65.1
65.1
65.1
65.2
65.3
65.3
65.4
65.4
65.4
65.3
65.3
65.3
65.4
65.4
65.4
65.5
65.5
65.5
65.5
65.6
65.6
65.6
65.6
65.7
65.6
65.7
65.7
65.6
65.6
65.5
65.6
65.6
65.6
65.7
65.7
65.7
65.8
65.8
65.8
65.8
65.9
65.9
66.0
66.0
66.0
66.0
66.1
66.1
66.1
66.1
66.1
66.2
66.2
66.2
66.2
66.3
66.3
66.3
66.2
66.3
66.3
66.3
66.3
66.4
66.4
66.4
66.5
66.5
66.5
66.6
66.6
66.5
66.5
66.5
66.6
66.7
66.7
66.7
66.8
66.8
66.8
66.9
66.9
66.9
67.0
67.0
67.0
67.1
67.1
67.1
67.2
67.2
67.2
67.3
67.3
67.3
67.3
67.4
67.5
67.5
67.5
67.5
67.5
67.6
67.6
67.6
67.6
67.7
67.9
67.9
68.0
68.0
68.0
68.0
68.0
68.0
68.0
68.1
68.2
68.2
68.2
68.2
68.2
68.2
68.2
68.2
68.3
68.3
68.3
68.3
68.4
68.4
68.4
68.4
68.4
68.4
68.5
68.6
68.6
68.6
68.6
68.6
68.7
68.7
68.8
68.8
68.8
68.8
68.8
68.8
68.9
68.9
68.9
68.9
68.9
68.9
69.0
69.0
69.0
69.0
69.0
69.1
69.1
69.1
69.1
69.1
69.2
69.2
69.2
69.2
69.2
69.2
69.2
69.3
69.3
69.3
69.3
69.3
69.3
69.3
69.3
69.3
69.3
69.3
69.3
69.3
69.3
69.3
69.3
69.3
69.3
69.3
69.3
69.4
69.4
69.4
69.4
69.4
69.4
69.4
69.4
69.4
69.5
69.5
69.6
69.6
69.6
69.6
69.6
69.6
69.6
69.6
69.6
69.6
69.7
69.7
69.7
69.7
69.7
69.7
69.7
69.7
69.7
69.7
69.7
69.7
69.8
69.7
69.8
69.8
69.8
69.8
69.8
69.8
69.8
69.9
69.8
69.9
69.9
69.9
69.9
69.9
69.9
69.9
69.9
69.9
69.9
69.9
69.9
69.9
70.0
69.9
70.0
70.0
70.0
70.0
70.0
70.0
70.0
70.0
70.0
70.0
70.0
70.0
70.0
70.0
70.0
70.0
70.1
70.1
70.1
70.1
70.1
70.1
70.1
70.1
70.1
70.1
70.1
70.2
70.2
70.2
70.2
70.2
70.2
70.2
70.2
70.2
70.2
70.3
70.2
70.2
70.2
70.2
70.2
70.2
70.1
70.1
70.0
69.9
