16.4
15.7
23.6
43.5
51.1
58.6
65.4
70.2
75.5
80.4
84.2
89.3
93.9
98.1
 101
 104
 107
 110
 114
 116
 118
 120
 123
 125
 128
 129
 131
 133
 134
 136
 137
 138
 140
 141
 143
 145
 145
 146
 147
 148
 149
 151
 152
 154
 155
 156
 156
 157
 158
 159
 160
 161
 162
 163
 164
 164
 165
 166
 166
 167
 168
 168
 169
 169
 169
 170
 171
 171
 172
 172
 172
 173
 173
 174
 174
 174
 174
 175
 175
 176
 176
 177
 177
 178
 178
 178
 178
 178
 179
 179
 179
 180
 180
 181
 181
 181
 181
 182
 182
 182
 183
 183
 184
 184
 184
 184
 184
 184
 185
 185
 186
 186
 186
 185
 184
