263.2
262
260.9
259.9
258.8
256.8
255.7
254.7
253.6
252.6
251.4
250.4
249.4
248.2
247.2
246.2
245.1
244.1
243
242
240.9
239.9
238.8
237.7
237.7
236.7
235.6
234.6
233.5
232.5
232.4
231.4
230.3
229.3
228.2
228.2
227.1
226.1
225
225
224
222.9
221.9
221.9
220.7
219.6
219.6
218.6
217.5
217.4
216.4
215.4
215.3
214.3
213.2
213.2
212.2
212.1
211.2
210.1
210.1
209
209
207.9
208
206.9
206.9
205.8
204.8
204.8
203.7
203.7
202.7
202.6
201.6
201.6
200.6
200.5
199.5
199.5
199.4
198.8
198.4
197.9
197.5
196.9
196.5
195.9
195.5
195
194.3
193.9
193.4
193
192.5
192.1
191.7
191.2
190.8
190.4
189.9
189.5
189.1
188.7
188.3
187.9
187.5
187.1
186.7
186.3
185.8
185.5
185.1
184.8
184.4
184.1
183.7
183.4
182.9
182.5
182.2
181.8
181.5
181.2
180.9
