[OVERALL], RunTime(ms), 2072697
[OVERALL], Throughput(ops/sec), 96492.63737053704
[TOTAL_GCS_PS_Scavenge], Count, 2502
[TOTAL_GC_TIME_PS_Scavenge], Time(ms), 18227
[TOTAL_GC_TIME_%_PS_Scavenge], Time(%), 0.8793856506763892
[TOTAL_GCS_PS_MarkSweep], Count, 0
[TOTAL_GC_TIME_PS_MarkSweep], Time(ms), 0
[TOTAL_GC_TIME_%_PS_MarkSweep], Time(%), 0.0
[TOTAL_GCs], Count, 2502
[TOTAL_GC_TIME], Time(ms), 18227
[TOTAL_GC_TIME_%], Time(%), 0.8793856506763892
[READ], Operations, 190001629
[READ], AverageLatency(us), 511.18780281615375
[READ], MinLatency(us), 88
[READ], MaxLatency(us), 76159
[READ], 95thPercentileLatency(us), 876
[READ], 99thPercentileLatency(us), 1268
[READ], Return=OK, 190001629
[CLEANUP], Operations, 50
[CLEANUP], AverageLatency(us), 44791.02
[CLEANUP], MinLatency(us), 0
[CLEANUP], MaxLatency(us), 2240511
[CLEANUP], 95thPercentileLatency(us), 3
[CLEANUP], 99thPercentileLatency(us), 2240511
[INSERT], Operations, 9998371
[INSERT], AverageLatency(us), 605.3231753452637
[INSERT], MinLatency(us), 143
[INSERT], MaxLatency(us), 76159
[INSERT], 95thPercentileLatency(us), 912
[INSERT], 99thPercentileLatency(us), 8255
[INSERT], Return=OK, 9998371
