[OVERALL], RunTime(ms), 2538946
[OVERALL], Throughput(ops/sec), 78772.84510974238
[TOTAL_GCS_PS_Scavenge], Count, 3113
[TOTAL_GC_TIME_PS_Scavenge], Time(ms), 21179
[TOTAL_GC_TIME_%_PS_Scavenge], Time(%), 0.8341650432896172
[TOTAL_GCS_PS_MarkSweep], Count, 0
[TOTAL_GC_TIME_PS_MarkSweep], Time(ms), 0
[TOTAL_GC_TIME_%_PS_MarkSweep], Time(%), 0.0
[TOTAL_GCs], Count, 3113
[TOTAL_GC_TIME], Time(ms), 21179
[TOTAL_GC_TIME_%], Time(%), 0.8341650432896172
[CLEANUP], Operations, 50
[CLEANUP], AverageLatency(us), 44791.0
[CLEANUP], MinLatency(us), 1
[CLEANUP], MaxLatency(us), 2240511
[CLEANUP], 95thPercentileLatency(us), 2
[CLEANUP], 99thPercentileLatency(us), 2240511
[INSERT], Operations, 200000000
[INSERT], AverageLatency(us), 632.319154035
[INSERT], MinLatency(us), 124
[INSERT], MaxLatency(us), 273151
[INSERT], 95thPercentileLatency(us), 914
[INSERT], 99thPercentileLatency(us), 1121
[INSERT], Return=OK, 200000000
