[OVERALL], RunTime(ms), 2745877
[OVERALL], Throughput(ops/sec), 72836.47446699179
[TOTAL_GCS_PS_Scavenge], Count, 2608
[TOTAL_GC_TIME_PS_Scavenge], Time(ms), 21715
[TOTAL_GC_TIME_%_PS_Scavenge], Time(%), 0.7908220215253633
[TOTAL_GCS_PS_MarkSweep], Count, 0
[TOTAL_GC_TIME_PS_MarkSweep], Time(ms), 0
[TOTAL_GC_TIME_%_PS_MarkSweep], Time(%), 0.0
[TOTAL_GCs], Count, 2608
[TOTAL_GC_TIME], Time(ms), 21715
[TOTAL_GC_TIME_%], Time(%), 0.7908220215253633
[READ], Operations, 190001525
[READ], AverageLatency(us), 680.7094773528792
[READ], MinLatency(us), 107
[READ], MaxLatency(us), 74495
[READ], 95thPercentileLatency(us), 1227
[READ], 99thPercentileLatency(us), 1900
[READ], Return=OK, 190001525
[CLEANUP], Operations, 50
[CLEANUP], AverageLatency(us), 44790.96
[CLEANUP], MinLatency(us), 1
[CLEANUP], MaxLatency(us), 2240511
[CLEANUP], 95thPercentileLatency(us), 3
[CLEANUP], 99thPercentileLatency(us), 2240511
[UPDATE], Operations, 9998475
[UPDATE], AverageLatency(us), 750.9026801587243
[UPDATE], MinLatency(us), 149
[UPDATE], MaxLatency(us), 71039
[UPDATE], 95thPercentileLatency(us), 1288
[UPDATE], 99thPercentileLatency(us), 9879
[UPDATE], Return=OK, 9998475
