[OVERALL], RunTime(ms), 2582536
[OVERALL], Throughput(ops/sec), 77443.25732535771
[TOTAL_GCS_PS_Scavenge], Count, 2807
[TOTAL_GC_TIME_PS_Scavenge], Time(ms), 21306
[TOTAL_GC_TIME_%_PS_Scavenge], Time(%), 0.8250030202870356
[TOTAL_GCS_PS_MarkSweep], Count, 0
[TOTAL_GC_TIME_PS_MarkSweep], Time(ms), 0
[TOTAL_GC_TIME_%_PS_MarkSweep], Time(%), 0.0
[TOTAL_GCs], Count, 2807
[TOTAL_GC_TIME], Time(ms), 21306
[TOTAL_GC_TIME_%], Time(%), 0.8250030202870356
[CLEANUP], Operations, 50
[CLEANUP], AverageLatency(us), 45036.78
[CLEANUP], MinLatency(us), 0
[CLEANUP], MaxLatency(us), 2252799
[CLEANUP], 95thPercentileLatency(us), 3
[CLEANUP], 99thPercentileLatency(us), 2252799
[INSERT], Operations, 200000000
[INSERT], AverageLatency(us), 643.574533445
[INSERT], MinLatency(us), 127
[INSERT], MaxLatency(us), 337151
[INSERT], 95thPercentileLatency(us), 923
[INSERT], 99thPercentileLatency(us), 1131
[INSERT], Return=OK, 200000000
