Heartbeat port addresses read from NoFDBConfig: 
    Node-0: 10.10.1.2:50050
    Node-1: 10.10.1.3:50050
    Node-2: 10.10.1.4:50050
===== Global Configure Table =====
    node_id: 0
    node_ip: 10.10.1.2
    maintainer_port: 50050
    remaining_cpu_cores: 00000000000000000000000000000000000000000000000000000000000000000000000000000000000000000000000000000000111000000000000000000000
    remaining_ports: 
    kvses: 
        kvs_id: 0
        belong_to_node_id: 0
        required_cpu_core_num: 16
        using_cpu_cores: 
        using_ports: 50051,50052,50053,50054,50055,50056,50057,50058,50059,50060,50061,50062,50063,50064,50065,50066
        replications: 
            node_id: 0
            node_ip: trtype:rdma adrfam:IPv4 traddr:10.10.1.2 trsvcid:4420 subnqn:nqn.2024-12.io.spdk:0
        replications: 
            node_id: 1
            node_ip: trtype:rdma adrfam:IPv4 traddr:10.10.1.3 trsvcid:4420 subnqn:nqn.2024-12.io.spdk:1
        replications: 
            node_id: 2
            node_ip: trtype:rdma adrfam:IPv4 traddr:10.10.1.4 trsvcid:4420 subnqn:nqn.2024-12.io.spdk:2
    node_id: 1
    node_ip: 10.10.1.3
    maintainer_port: 50050
    remaining_cpu_cores: 00000000000000000000000000000000000000000000000000000000000000000000000000000000000000000000000000000000111000000000000000000000
    remaining_ports: 
    kvses: 
        kvs_id: 0
        belong_to_node_id: 1
        required_cpu_core_num: 16
        using_cpu_cores: 
        using_ports: 50051,50052,50053,50054,50055,50056,50057,50058,50059,50060,50061,50062,50063,50064,50065,50066
        replications: 
            node_id: 0
            node_ip: trtype:rdma adrfam:IPv4 traddr:10.10.1.2 trsvcid:4420 subnqn:nqn.2024-12.io.spdk:0
        replications: 
            node_id: 1
            node_ip: trtype:rdma adrfam:IPv4 traddr:10.10.1.3 trsvcid:4420 subnqn:nqn.2024-12.io.spdk:1
        replications: 
            node_id: 2
            node_ip: trtype:rdma adrfam:IPv4 traddr:10.10.1.4 trsvcid:4420 subnqn:nqn.2024-12.io.spdk:2
    node_id: 2
    node_ip: 10.10.1.4
    maintainer_port: 50050
    remaining_cpu_cores: 00000000000000000000000000000000000000000000000000000000000000000000000000000000000000000000000000000000111000000000000000000000
    remaining_ports: 
    kvses: 
        kvs_id: 0
        belong_to_node_id: 2
        required_cpu_core_num: 16
        using_cpu_cores: 
        using_ports: 50051,50052,50053,50054,50055,50056,50057,50058,50059,50060,50061,50062,50063,50064,50065,50066
        replications: 
            node_id: 0
            node_ip: trtype:rdma adrfam:IPv4 traddr:10.10.1.2 trsvcid:4420 subnqn:nqn.2024-12.io.spdk:0
        replications: 
            node_id: 1
            node_ip: trtype:rdma adrfam:IPv4 traddr:10.10.1.3 trsvcid:4420 subnqn:nqn.2024-12.io.spdk:1
        replications: 
            node_id: 2
            node_ip: trtype:rdma adrfam:IPv4 traddr:10.10.1.4 trsvcid:4420 subnqn:nqn.2024-12.io.spdk:2
==================================

fieldcount: 1
fieldlength: 1000
zero_padding: 20
recordcount: 200000000
operationcount: 200000000
oks: 1000000
oks: 1000000
oks: 1000000
oks: 1000000
oks: 1000000
oks: 1000000
oks: 1000000
oks: 1000000
oks: 1000000
oks: 1000000
oks: 1000000
oks: 1000000
oks: 1000000
oks: 1000000
oks: 1000000
oks: 1000000
oks: 1000000
oks: 1000000
oks: 1000000
oks: 1000000
oks: 1000000
oks: 1000000
oks: 1000000
oks: 1000000
oks: 1000000
oks: 1000000
oks: 1000000
oks: 1000000
oks: 1000000
oks: 1000000
oks: 1000000
oks: 1000000
oks: 1000000
oks: 1000000
oks: 1000000
oks: 1000000
oks: 1000000
oks: 1000000
oks: 1000000
oks: 1000000
oks: 1000000
oks: 1000000
oks: 1000000
oks: 1000000
oks: 1000000
oks: 1000000
oks: 1000000
oks: 1000000
oks: 1000000
oks: 1000000
oks: 2000000
oks: 2000000
oks: 2000000
oks: 2000000
oks: 2000000
oks: 2000000
oks: 2000000
oks: 2000000
oks: 2000000
oks: 2000000
oks: 2000000
oks: 2000000
oks: 2000000
oks: 2000000
oks: 2000000
oks: 2000000
oks: 2000000
oks: 2000000
oks: 2000000
oks: 2000000
oks: 2000000
oks: 2000000
oks: 2000000
oks: 2000000
oks: 2000000
oks: 2000000
oks: 2000000
oks: 2000000
oks: 2000000
oks: 2000000
oks: 2000000
oks: 2000000
oks: 2000000
oks: 2000000
oks: 2000000
oks: 2000000
oks: 2000000
oks: 2000000
oks: 2000000
oks: 2000000
oks: 2000000
oks: 2000000
oks: 2000000
oks: 2000000
oks: 2000000
oks: 2000000
oks: 2000000
oks: 2000000
oks: 2000000
oks: 2000000
oks: 3000000
oks: 3000000
oks: 3000000
oks: 3000000
oks: 3000000
oks: 3000000
oks: 3000000
oks: 3000000
oks: 3000000
oks: 3000000
oks: 3000000
oks: 3000000
oks: 3000000
oks: 3000000
oks: 3000000
oks: 3000000
oks: 3000000
oks: 3000000
oks: 3000000
oks: 3000000
oks: 3000000
oks: 3000000
oks: 3000000
oks: 3000000
oks: 3000000
oks: 3000000
oks: 3000000
oks: 3000000
oks: 3000000
oks: 3000000
oks: 3000000
oks: 3000000
oks: 3000000
oks: 3000000
oks: 3000000
oks: 3000000
oks: 3000000
oks: 3000000
oks: 3000000
oks: 3000000
oks: 3000000
oks: 3000000
oks: 3000000
oks: 3000000
oks: 3000000
oks: 3000000
oks: 3000000
oks: 3000000
oks: 3000000
oks: 3000000
oks: 4000000
oks: 4000000
oks: 4000000
oks: 4000000
oks: 4000000
oks: 4000000
oks: 4000000
oks: 4000000
oks: 4000000
oks: 4000000
oks: 4000000
oks: 4000000
oks: 4000000
oks: 4000000
oks: 4000000
oks: 4000000
oks: 4000000
oks: 4000000
oks: 4000000
oks: 4000000
oks: 4000000
oks: 4000000
oks: 4000000
oks: 4000000
oks: 4000000
oks: 4000000
oks: 4000000
oks: 4000000
oks: 4000000
oks: 4000000
oks: 4000000
oks: 4000000
oks: 4000000
oks: 4000000
oks: 4000000
oks: 4000000
oks: 4000000
oks: 4000000
oks: 4000000
oks: 4000000
oks: 4000000
oks: 4000000
oks: 4000000
oks: 4000000
oks: 4000000
oks: 4000000
oks: 4000000
oks: 4000000
oks: 4000000
oks: 4000000

nofdb	workloads/workloadc.spec	50
# Load duration (sec): 1602.1
# Loading records:	200000000
# Load throughput (KOPS): 124.836
Count: 200000000  Average: 400.0566  StdDev: 35460.24
Percentiles(us): P50: 216.08 P90: 402.27 P99: 1697.48 P99.9: 21033.96 P99.99: 70173.29
------------------------------------------------------
[      60,      70 )      39   0.000%   0.000% 
[      70,      80 )     454   0.000%   0.000% 
[      80,      90 )    2800   0.001%   0.002% 
[      90,     100 )    5891   0.003%   0.005% 
[     100,     120 ) 23617125  11.809%  11.813% ##
[     120,     140 ) 33423866  16.712%  28.525% ###
[     140,     160 ) 10940925   5.470%  33.996% #
[     160,     180 ) 8442687   4.221%  38.217% #
[     180,     200 ) 8514111   4.257%  42.474% #
[     200,     250 ) 46813644  23.407%  65.881% #####
[     250,     300 ) 23986389  11.993%  77.874% ##
[     300,     350 ) 14627072   7.314%  85.188% #
[     350,     400 ) 9424569   4.712%  89.900% #
[     400,     450 ) 4406026   2.203%  92.103% 
[     450,     500 ) 2975721   1.488%  93.591% 
[     500,     600 ) 4994598   2.497%  96.088% 
[     600,     700 ) 2443018   1.222%  97.309% 
[     700,     800 ) 1163589   0.582%  97.891% 
[     800,     900 )  608549   0.304%  98.196% 
[     900,    1000 )  413861   0.207%  98.402% 
[    1000,    1200 )  522947   0.261%  98.664% 
[    1200,    1400 )  315767   0.158%  98.822% 
[    1400,    1600 )  251318   0.126%  98.947% 
[    1600,    1800 )  215499   0.108%  99.055% 
[    1800,    2000 )  206972   0.103%  99.159% 
[    2000,    2500 )  463942   0.232%  99.391% 
[    2500,    3000 )  265614   0.133%  99.523% 
[    3000,    3500 )  138228   0.069%  99.593% 
[    3500,    4000 )   89287   0.045%  99.637% 
[    4000,    4500 )   62182   0.031%  99.668% 
[    4500,    5000 )   46204   0.023%  99.691% 
[    5000,    6000 )   62020   0.031%  99.722% 
[    6000,    7000 )   40520   0.020%  99.743% 
[    7000,    8000 )   30416   0.015%  99.758% 
[    8000,    9000 )   24414   0.012%  99.770% 
[    9000,   10000 )   20373   0.010%  99.780% 
[   10000,   12000 )   40643   0.020%  99.801% 
[   12000,   14000 )   73815   0.037%  99.838% 
[   14000,   16000 )   58162   0.029%  99.867% 
[   16000,   18000 )   30905   0.015%  99.882% 
[   18000,   20000 )   23588   0.012%  99.894% 
[   20000,   25000 )   59238   0.030%  99.923% 
[   25000,   30000 )   45138   0.023%  99.946% 
[   30000,   35000 )   26052   0.013%  99.959% 
[   35000,   40000 )   16408   0.008%  99.967% 
[   40000,   45000 )   12589   0.006%  99.974% 
[   45000,   50000 )   10208   0.005%  99.979% 
[   50000,   60000 )   14220   0.007%  99.986% 
[   60000,   70000 )    8305   0.004%  99.990% 
[   70000,   80000 )    5309   0.003%  99.993% 
[   80000,   90000 )    3833   0.002%  99.995% 
[   90000,  100000 )    2380   0.001%  99.996% 
[  100000,  120000 )    2491   0.001%  99.997% 
[  120000,  140000 )    1201   0.001%  99.998% 
[  140000,  160000 )     760   0.000%  99.998% 
[  160000,  180000 )     469   0.000%  99.998% 
[  180000,  200000 )     138   0.000%  99.998% 
[  200000,  250000 )      81   0.000%  99.998% 
[  250000,  300000 )      52   0.000%  99.998% 
[  300000,  350000 )      11   0.000%  99.998% 
[  350000,  400000 )      63   0.000%  99.998% 
[  400000,  450000 )     124   0.000%  99.998% 
[  500000,  600000 )      52   0.000%  99.998% 
[  600000,  700000 )      36   0.000%  99.998% 
[  700000,  800000 )      26   0.000%  99.998% 
[  800000,  900000 )      54   0.000%  99.998% 
[  900000, 1000000 )      58   0.000%  99.999% 
[ 1000000, 1200000 )     133   0.000%  99.999% 
[ 1200000, 1400000 )     849   0.000%  99.999% 
[ 1400000, 1600000 )     787   0.000%  99.999% 
[ 1600000, 1800000 )     132   0.000%  99.999% 
[ 1800000, 2000000 )      29   0.000%  99.999% 
[ 2000000, 2500000 )      74   0.000% 100.000% 
[ 2500000, 3000000 )      50   0.000% 100.000% 
[ 3000000, 3500000 )     150   0.000% 100.000% 
[ 5000000, 6000000 )     100   0.000% 100.000% 
[ 7000000, 8000000 )      50   0.000% 100.000% 
[ 8000000, 9000000 )     100   0.000% 100.000% 
[ 10000000, 12000000 )      50   0.000% 100.000% 
[ 12000000, 14000000 )      50   0.000% 100.000% 
[ 14000000, 16000000 )      12   0.000% 100.000% 
[ 16000000, 18000000 )      88   0.000% 100.000% 
[ 18000000, 20000000 )     100   0.000% 100.000% 
[ 20000000, 25000000 )      50   0.000% 100.000% 
[ 25000000, 30000000 )     100   0.000% 100.000% 
[ 30000000, 35000000 )      50   0.000% 100.000% 

Waiting 30s before performing transactions......
Starting performing transactions......

oks: 1000000
oks: 1000000
oks: 1000000
oks: 1000000
oks: 1000000
oks: 1000000
oks: 1000000
oks: 1000000
oks: 1000000
oks: 1000000
oks: 1000000
oks: 1000000
oks: 1000000
oks: 1000000
oks: 1000000
oks: 1000000
oks: 1000000
oks: 1000000
oks: 1000000
oks: 1000000
oks: 1000000
oks: 1000000
oks: 1000000
oks: 1000000
oks: 1000000
oks: 1000000
oks: 1000000
oks: 1000000
oks: 1000000
oks: 1000000
oks: 1000000
oks: 1000000
oks: 1000000
oks: 1000000
oks: 1000000
oks: 1000000
oks: 1000000
oks: 1000000
oks: 1000000
oks: 1000000
oks: 1000000
oks: 1000000
oks: 1000000
oks: 1000000
oks: 1000000
oks: 1000000
oks: 1000000
oks: 1000000
oks: 1000000
oks: 1000000
oks: 2000000
oks: 2000000
oks: 2000000
oks: 2000000
oks: 2000000
oks: 2000000
oks: 2000000
oks: 2000000
oks: 2000000
oks: 2000000
oks: 2000000
oks: 2000000
oks: 2000000
oks: 2000000
oks: 2000000
oks: 2000000
oks: 2000000
oks: 2000000
oks: 2000000
oks: 2000000
oks: 2000000
oks: 2000000
oks: 2000000
oks: 2000000
oks: 2000000
oks: 2000000
oks: 2000000
oks: 2000000
oks: 2000000
oks: 2000000
oks: 2000000
oks: 2000000
oks: 2000000
oks: 2000000
oks: 2000000
oks: 2000000
oks: 2000000
oks: 2000000
oks: 2000000
oks: 2000000
oks: 2000000
oks: 2000000
oks: 2000000
oks: 2000000
oks: 2000000
oks: 2000000
oks: 2000000
oks: 2000000
oks: 2000000
oks: 2000000
oks: 3000000
oks: 3000000
oks: 3000000
oks: 3000000
oks: 3000000
oks: 3000000
oks: 3000000
oks: 3000000
oks: 3000000
oks: 3000000
oks: 3000000
oks: 3000000
oks: 3000000
oks: 3000000
oks: 3000000
oks: 3000000
oks: 3000000
oks: 3000000
oks: 3000000
oks: 3000000
oks: 3000000
oks: 3000000
oks: 3000000
oks: 3000000
oks: 3000000
oks: 3000000
oks: 3000000
oks: 3000000
oks: 3000000
oks: 3000000
oks: 3000000
oks: 3000000
oks: 3000000
oks: 3000000
oks: 3000000
oks: 3000000
oks: 3000000
oks: 3000000
oks: 3000000
oks: 3000000
oks: 3000000
oks: 3000000
oks: 3000000
oks: 3000000
oks: 3000000
oks: 3000000
oks: 3000000
oks: 3000000
oks: 3000000
oks: 3000000
oks: 4000000
oks: 4000000
oks: 4000000
oks: 4000000
oks: 4000000
oks: 4000000
oks: 4000000
oks: 4000000
oks: 4000000
oks: 4000000
oks: 4000000
oks: 4000000
oks: 4000000
oks: 4000000
oks: 4000000
oks: 4000000
oks: 4000000
oks: 4000000
oks: 4000000
oks: 4000000
oks: 4000000
oks: 4000000
oks: 4000000
oks: 4000000
oks: 4000000
oks: 4000000
oks: 4000000
oks: 4000000
oks: 4000000
oks: 4000000
oks: 4000000
oks: 4000000
oks: 4000000
oks: 4000000
oks: 4000000
oks: 4000000
oks: 4000000
oks: 4000000
oks: 4000000
oks: 4000000
oks: 4000000
oks: 4000000
oks: 4000000
oks: 4000000
oks: 4000000
oks: 4000000
oks: 4000000
oks: 4000000
oks: 4000000
oks: 4000000
# Run duration (sec): 674.2
# Run operations:	200000000
# Run throughput (KOPS): 296.648
Count: 200000000  Average: 168.1447  StdDev: 10039.16
Percentiles(us): P50: 96.27 P90: 259.43 P99: 473.72 P99.9: 820.16 P99.99: 3096.19
------------------------------------------------------
[      35,      40 )     308   0.000%   0.000% 
[      40,      45 )  137405   0.069%   0.069% 
[      45,      50 ) 2625589   1.313%   1.382% 
[      50,      60 ) 27311862  13.656%  15.038% ###
[      60,      70 ) 33969243  16.985%  32.022% ###
[      70,      80 ) 20620802  10.310%  42.333% ##
[      80,      90 ) 10624131   5.312%  47.645% #
[      90,     100 ) 7518745   3.759%  51.404% #
[     100,     120 ) 11877714   5.939%  57.343% #
[     120,     140 ) 12625027   6.313%  63.655% #
[     140,     160 ) 10642529   5.321%  68.977% #
[     160,     180 ) 7729293   3.865%  72.841% #
[     180,     200 ) 9234026   4.617%  77.458% #
[     200,     250 ) 23312751  11.656%  89.115% ##
[     250,     300 ) 9385197   4.693%  93.807% #
[     300,     350 ) 5238171   2.619%  96.426% #
[     350,     400 ) 3035473   1.518%  97.944% 
[     400,     450 ) 1653884   0.827%  98.771% 
[     450,     500 )  965221   0.483%  99.254% 
[     500,     600 )  881865   0.441%  99.695% 
[     600,     700 )  297567   0.149%  99.843% 
[     700,     800 )  105118   0.053%  99.896% 
[     800,     900 )   40076   0.020%  99.916% 
[     900,    1000 )   17195   0.009%  99.925% 
[    1000,    1200 )   15863   0.008%  99.933% 
[    1200,    1400 )   12159   0.006%  99.939% 
[    1400,    1600 )   12176   0.006%  99.945% 
[    1600,    1800 )   12898   0.006%  99.951% 
[    1800,    2000 )   13776   0.007%  99.958% 
[    2000,    2500 )   36113   0.018%  99.976% 
[    2500,    3000 )   25958   0.013%  99.989% 
[    3000,    3500 )    9694   0.005%  99.994% 
[    3500,    4000 )    1621   0.001%  99.995% 
[    4000,    4500 )     191   0.000%  99.995% 
[    4500,    5000 )      94   0.000%  99.995% 
[    5000,    6000 )     155   0.000%  99.995% 
[    6000,    7000 )     123   0.000%  99.995% 
[    7000,    8000 )     126   0.000%  99.995% 
[    8000,    9000 )     167   0.000%  99.995% 
[    9000,   10000 )     199   0.000%  99.995% 
[   10000,   12000 )     191   0.000%  99.995% 
[   12000,   14000 )     102   0.000%  99.995% 
[   14000,   16000 )     100   0.000%  99.995% 
[   16000,   18000 )     156   0.000%  99.996% 
[   18000,   20000 )     158   0.000%  99.996% 
[   20000,   25000 )     324   0.000%  99.996% 
[   25000,   30000 )     283   0.000%  99.996% 
[   30000,   35000 )     288   0.000%  99.996% 
[   35000,   40000 )     251   0.000%  99.996% 
[   40000,   45000 )      70   0.000%  99.996% 
[   45000,   50000 )      54   0.000%  99.996% 
[   50000,   60000 )      72   0.000%  99.996% 
[   60000,   70000 )     132   0.000%  99.996% 
[   70000,   80000 )     823   0.000%  99.997% 
[   80000,   90000 )     376   0.000%  99.997% 
[   90000,  100000 )     186   0.000%  99.997% 
[  100000,  120000 )     227   0.000%  99.997% 
[  120000,  140000 )     169   0.000%  99.997% 
[  140000,  160000 )     436   0.000%  99.997% 
[  160000,  180000 )     379   0.000%  99.998% 
[  180000,  200000 )     184   0.000%  99.998% 
[  200000,  250000 )     493   0.000%  99.998% 
[  250000,  300000 )     372   0.000%  99.998% 
[  300000,  350000 )     376   0.000%  99.998% 
[  350000,  400000 )     233   0.000%  99.998% 
[  400000,  450000 )     250   0.000%  99.999% 
[  450000,  500000 )     202   0.000%  99.999% 
[  500000,  600000 )     315   0.000%  99.999% 
[  600000,  700000 )     242   0.000%  99.999% 
[  700000,  800000 )     194   0.000%  99.999% 
[  800000,  900000 )     175   0.000%  99.999% 
[  900000, 1000000 )     110   0.000%  99.999% 
[ 1000000, 1200000 )     196   0.000%  99.999% 
[ 1200000, 1400000 )     152   0.000%  99.999% 
[ 1400000, 1600000 )     153   0.000%  99.999% 
[ 1600000, 1800000 )     112   0.000% 100.000% 
[ 1800000, 2000000 )      92   0.000% 100.000% 
[ 2000000, 2500000 )     202   0.000% 100.000% 
[ 2500000, 3000000 )     140   0.000% 100.000% 
[ 3000000, 3500000 )      97   0.000% 100.000% 
[ 3500000, 4000000 )      93   0.000% 100.000% 
[ 4000000, 4500000 )      75   0.000% 100.000% 
[ 4500000, 5000000 )      53   0.000% 100.000% 
[ 5000000, 6000000 )      87   0.000% 100.000% 
[ 6000000, 7000000 )      42   0.000% 100.000% 
[ 7000000, 8000000 )      26   0.000% 100.000% 
[ 8000000, 9000000 )      23   0.000% 100.000% 
[ 9000000, 10000000 )      11   0.000% 100.000% 
[ 10000000, 12000000 )      14   0.000% 100.000% 
[ 12000000, 14000000 )       2   0.000% 100.000% 
[ 14000000, 16000000 )       1   0.000% 100.000% 
[ 16000000, 18000000 )       1   0.000% 100.000% 

