15.0
14.4
13.8
36.8
49.9
60.2
68.9
81.8
90.5
98.0
 105
 113
 119
 126
 133
 138
 143
 148
 153
 157
 161
 166
 170
 173
 179
 185
 187
 190
 193
 197
 199
 201
 204
 206
 208
 211
 213
 216
 218
 219
 220
 222
 224
 225
 226
 228
 230
 232
 234
 236
 237
 238
 240
 241
 243
 244
 245
 248
 250
 251
 252
 253
 254
 256
 258
 260
 263
 264
 265
 266
 268
 269
 270
 271
 272
 273
 275
 276
 277
 278
 279
 280
 281
 281
 283
 284
 286
 286
 287
 287
 288
 289
 289
 290
 290
 290
 290
 291
 291
 291
 292
 292
 292
 292
 292
 293
 293
 293
 294
 294
 294
 295
 296
 296
 296
 297
 297
 298
 298
 299
 299
 300
 300
 301
 302
 302
 303
 304
 304
 304
 305
 305
 305
 306
 306
 307
 308
 308
 309
 310
 311
 312
 313
 313
 314
 315
 315
 316
 317
 317
 318
 319
 319
 319
 319
 320
 320
 320
 321
 321
 321
 322
 322
 322
 323
 324
 324
 325
 325
 325
 326
 326
 326
 326
 326
 327
 327
 327
 327
 327
 327
 327
 328
 328
 328
 328
 328
 328
 328
 328
 330
 330
 330
 331
 331
 331
 331
 332
 332
 332
 332
 332
 332
 333
 333
 333
 333
 334
 334
 334
 334
 334
 334
 334
 335
 335
 336
 336
 336
 336
 336
 336
 336
 336
 336
 337
 337
 337
 337
 338
 338
 338
 338
 338
 338
 339
 339
 339
 339
 339
 339
 339
 340
 340
 340
 341
 341
 341
 342
 343
 343
 343
 343
 344
 344
 344
 344
 344
 344
 344
 344
 344
 344
 345
 345
 345
 345
 346
 346
 346
 346
 346
 346
 346
 346
 346
 346
 346
 346
 347
 347
 347
 347
 347
 347
 347
 347
 347
 348
 348
 348
 348
 349
 349
 349
 349
 349
 349
 349
 349
 349
 349
 349
 349
 349
 349
 349
 349
 349
 349
 349
 349
 349
 349
 349
 349
 349
 349
 349
 349
 349
 349
 349
 349
 349
 349
 349
 349
 348
 348
 348
 348
 349
 348
 348
 348
 348
 348
 348
 348
 348
 348
 348
 348
 348
 348
 348
 348
 348
 348
 348
 348
 348
 348
 348
 348
 348
 348
 348
 349
 349
 349
 349
 349
 349
 349
 349
 349
 349
 349
 349
 349
 349
 350
 350
 350
 350
 350
 350
 350
 350
 350
 350
 351
 351
 351
 351
 351
 351
 351
 352
 352
 352
 352
 352
 352
 352
 352
 352
 352
 353
 353
 353
 353
 353
 353
 353
 353
 353
 353
 353
 353
 353
 353
 353
 353
 353
 353
 353
 353
 353
 353
 353
 353
 353
 353
 353
 353
 353
 353
 353
 353
 353
 353
 353
 353
 353
 353
 353
 353
 353
 353
 353
 353
 353
 353
 353
 353
 353
 352
 352
 352
 352
 352
 352
 352
 353
 352
 353
 353
 353
 353
 353
 353
 354
 354
 354
 354
 354
 354
 354
 355
 355
 355
 355
 355
 355
 355
 355
 355
 355
 355
 355
 355
 355
 356
 356
 356
 356
 356
 356
 356
 356
 356
 356
 356
 356
 356
 356
 356
 356
 356
 356
 356
 356
 356
 356
 356
 356
 356
 356
 356
 356
 356
 356
 356
 356
 356
 357
 356
 356
 355
