14.9
14.3
15.0
20.7
26.4
26.7
27.6
27.8
27.9
28.0
31.1
31.1
31.0
30.9
31.2
31.2
31.1
31.1
34.6
34.5
34.4
34.4
34.3
34.2
34.1
35.7
35.9
35.7
35.5
37.7
37.5
37.4
37.2
38.2
38.3
38.2
38.1
37.9
37.8
37.7
39.1
39.4
40.0
39.8
39.7
39.6
39.5
39.4
40.0
41.1
41.2
41.0
40.9
40.7
40.6
40.4
41.6
42.6
42.8
42.7
42.9
42.8
42.6
42.4
43.0
43.2
43.9
43.8
43.7
43.5
43.4
44.6
45.1
45.2
45.6
45.4
45.2
45.0
44.9
45.3
45.4
45.8
45.8
45.6
45.4
45.9
45.9
46.6
46.7
47.2
47.1
46.9
46.8
46.6
47.0
47.1
48.0
48.1
47.9
48.1
47.9
47.9
48.3
48.3
48.6
48.5
48.3
48.1
48.0
48.4
48.5
48.8
48.8
48.6
48.6
48.5
48.3
48.6
48.7
48.9
48.8
48.6
48.5
48.3
48.4
48.4
48.7
49.1
49.1
48.9
48.8
48.7
49.3
49.6
49.7
49.6
49.6
49.4
49.3
49.3
49.5
49.6
49.8
49.9
49.8
49.7
49.6
49.7
49.8
50.0
50.0
49.9
49.8
49.7
50.1
50.3
50.4
50.5
50.5
50.4
50.3
50.5
50.5
50.7
50.8
50.9
50.8
50.7
50.6
50.6
50.6
50.8
50.9
51.0
50.8
50.7
50.6
50.8
51.0
51.0
51.1
51.0
50.9
50.8
50.9
51.0
51.1
51.2
51.2
51.1
51.0
50.9
51.1
51.3
51.3
51.3
51.2
51.1
51.0
51.1
51.2
51.4
51.5
51.6
51.5
51.4
51.3
51.4
51.5
51.6
51.6
51.5
51.4
51.3
51.3
51.4
51.6
51.6
51.7
51.7
51.6
51.5
51.7
51.8
51.8
51.9
51.8
51.7
51.6
51.7
51.8
52.0
52.0
52.1
52.2
52.1
52.0
52.0
52.1
52.3
52.3
52.3
52.2
52.1
52.1
52.1
52.2
52.3
52.3
52.4
52.4
52.3
52.3
52.3
52.4
52.5
52.5
52.4
52.3
52.3
52.4
52.7
52.7
52.7
52.8
52.8
52.7
52.7
52.7
52.8
52.9
52.8
52.8
52.7
52.7
52.6
52.7
52.7
52.8
52.9
53.0
53.0
52.9
52.9
53.0
53.0
53.1
53.1
53.2
53.3
53.2
53.3
53.3
53.4
53.4
53.4
53.4
53.3
53.2
53.3
53.5
53.5
53.6
53.6
53.6
53.6
53.6
53.6
53.7
53.8
53.8
53.8
53.7
53.6
53.7
53.8
53.8
53.9
54.0
54.0
53.9
53.9
53.9
54.0
54.0
54.1
54.2
54.2
54.3
54.4
54.4
54.5
54.5
54.5
54.5
54.4
54.4
54.4
54.5
54.6
54.6
54.7
54.7
54.8
54.9
54.9
55.0
55.0
55.0
54.9
54.8
54.9
54.9
55.0
55.1
55.1
55.2
55.1
55.2
55.2
55.2
55.3
55.3
55.4
55.4
55.4
55.4
55.5
55.5
55.5
55.6
55.7
55.6
55.7
55.7
55.8
55.8
55.8
55.7
55.6
55.6
55.7
55.7
55.7
55.8
55.8
55.9
55.9
55.9
56.0
56.0
56.0
56.0
56.1
56.0
56.0
56.0
56.0
56.1
56.1
56.1
56.2
56.2
56.3
56.3
56.3
56.4
56.4
56.5
56.7
56.9
57.0
57.0
57.0
57.1
57.1
57.0
57.0
57.0
57.0
57.1
57.1
57.1
57.1
57.2
57.2
57.2
57.3
57.4
57.4
57.4
57.4
57.3
57.4
57.4
57.4
57.4
57.6
57.6
57.6
57.6
57.6
57.7
57.7
57.7
57.7
57.8
57.7
57.8
57.8
57.8
57.9
57.9
57.9
57.9
57.9
57.9
58.0
58.0
58.0
58.1
58.1
58.0
58.0
58.1
58.1
58.1
58.1
58.1
58.1
58.1
58.1
58.1
58.1
58.1
58.0
57.9
