 353
 353
 353
 356
 359
 361
 363
 366
 369
 371
 373
 375
 377
 379
 381
 383
 385
 387
 390
 392
 393
 395
 397
 400
 402
 404
 406
 408
 411
 413
 415
 418
 420
 422
 424
 426
 428
 431
 433
 435
 437
 439
 441
 443
 445
 447
 448
 450
 452
 454
 456
 457
 459
 461
 463
 464
 466
 468
 470
 471
 473
 475
 477
 478
 480
 481
 483
 485
 486
 488
 490
 491
 493
 494
 496
 497
 499
 500
 502
 503
 505
 507
 509
 510
 513
 515
 517
 519
 521
 524
 526
 528
 531
 533
 536
 538
 541
 543
 545
 547
 549
 551
 552
 554
 556
 558
 559
 560
 562
 563
 564
 566
 567
 568
 569
 571
 572
 573
 574
 575
 576
 577
 578
 580
 581
 582
 583
 584
 585
 586
 587
 588
 589
 590
 592
 593
 594
 595
 597
 598
 599
 600
 601
 602
 603
 604
 605
 607
 608
 609
 610
 611
 612
 613
 614
 615
 617
 618
 619
 620
 621
 622
 624
 624
 626
 626
 628
 629
 629
 630
 631
 632
 633
 634
 635
 636
 637
 638
 639
 641
 642
 643
 644
 644
 646
 647
 648
 649
 649
 650
 651
 652
 653
 654
 655
 655
 656
 657
 658
 658
 659
 660
 660
 661
 661
 662
 662
 663
 663
 664
 664
 665
 665
 666
 666
 666
 667
 667
 668
 668
 668
 669
 669
 669
 670
 670
 670
 670
 671
 671
 671
 671
 671
 671
 672
 672
 672
 672
 672
 672
 672
 673
 673
 673
 673
 673
 673
 673
 673
 673
 673
 673
 673
 673
 673
 673
 672
 672
 672
 672
 672
 671
 671
 671
 671
 671
 670
 670
 670
 670
 669
 669
 669
 669
 668
 668
 668
 668
 667
 667
 667
 667
 666
 666
 666
 666
 665
 665
 665
 665
 664
 664
 664
 664
 663
 663
 663
 663
 663
 662
 662
 662
 662
 661
 661
 661
 661
 660
 660
 660
 660
 659
 659
 659
 659
 659
 658
 658
 658
 658
 657
 657
 657
 657
 657
 656
 656
 656
 656
 656
 656
 655
 655
 655
 655
 655
 654
 654
 654
 654
 654
 654
 653
 653
 653
 653
 653
 652
 652
 652
 652
 651
 651
 651
 651
 650
 650
 650
 650
 649
 649
 649
 649
 648
 648
 648
 648
 648
 647
 647
 647
 646
 646
 646
 646
 645
 645
 645
 645
 644
 644
 644
 644
 643
 643
 643
 643
 642
 642
 642
 642
 642
 641
 641
 641
 641
 641
 640
 640
 640
 640
 639
 639
 639
 639
 639
 638
 638
 638
 638
 638
 638
 637
 637
 637
 637
 637
 636
 636
 636
 636
 636
 636
 636
 635
 635
 635
 635
 635
 635
 634
 634
 634
 634
 634
 634
 633
 633
 633
 633
 633
 633
 632
 632
 632
 632
 632
 631
 631
 631
 631
 631
 631
 630
 630
 630
 630
 630
 630
 629
 629
 629
 629
 629
 629
 629
 628
 628
 628
 628
 628
 628
 628
 627
 627
 627
 627
 627
 627
 627
 626
 626
 626
 626
 626
 626
 626
 626
 625
 625
 625
 625
 625
 625
 624
 624
 624
 624
 624
 624
 624
 624
 624
 623
 623
 623
 623
 622
 622
