57.5
57.4
57.4
57.5
57.5
57.5
57.4
57.4
57.3
57.3
57.3
57.2
57.2
57.2
57.2
57.1
57.1
57.0
57.0
56.9
56.9
56.9
56.9
56.8
56.8
56.8
56.7
56.7
56.7
56.7
56.6
56.6
56.5
56.5
56.5
56.4
56.4
56.4
56.4
56.3
56.3
56.3
56.2
56.3
56.2
56.2
56.1
56.1
56.1
56.0
56.0
56.0
55.9
55.9
55.9
55.8
55.8
55.8
55.8
55.7
55.7
55.6
55.6
55.6
55.5
55.5
55.6
55.5
55.5
55.5
55.4
55.4
55.4
55.3
55.4
55.3
55.3
55.3
55.2
55.2
55.2
55.1
55.1
55.1
55.1
55.0
55.0
55.0
54.9
54.9
54.9
54.8
54.8
54.8
54.7
54.7
54.7
54.7
54.7
54.7
54.6
54.6
54.6
54.5
54.5
54.5
54.5
54.5
54.5
54.4
54.4
54.4
54.3
54.3
54.3
54.3
54.2
54.2
54.2
54.1
54.1
54.1
54.1
54.1
54.0
54.0
54.0
53.9
53.9
53.9
53.9
53.9
53.8
53.8
53.8
53.8
53.8
53.7
53.7
53.7
53.6
53.6
53.6
53.5
53.6
53.6
53.5
53.5
53.5
53.4
53.4
53.4
53.4
53.4
53.3
53.3
53.3
53.3
53.2
53.2
53.2
53.2
53.1
53.1
53.1
53.1
53.0
53.0
53.0
53.0
53.0
52.9
52.9
52.9
52.9
52.8
52.8
52.8
52.8
52.8
52.7
52.7
52.7
52.6
52.6
52.6
52.6
52.6
52.5
52.5
52.5
52.4
52.5
52.5
52.4
52.4
52.4
52.4
52.3
52.3
52.3
52.3
52.3
52.3
52.2
52.2
52.2
52.2
52.2
52.1
52.1
52.1
52.1
52.0
52.0
52.0
52.0
52.0
52.0
52.0
51.9
51.9
51.9
51.9
51.9
51.9
51.9
51.8
51.8
51.8
51.8
51.8
51.8
51.8
51.8
51.7
51.7
51.7
51.7
51.7
51.7
51.7
51.6
51.6
51.6
51.6
51.6
51.6
51.6
51.6
51.5
51.5
51.5
51.5
51.4
51.5
51.4
51.4
51.4
51.4
51.3
51.3
51.3
51.3
51.3
51.3
51.2
51.2
51.2
51.2
51.1
51.2
51.2
51.1
51.1
51.1
51.1
51.0
51.0
51.0
51.0
51.0
51.0
51.0
51.0
50.9
50.9
50.9
50.9
50.9
50.9
50.8
50.8
50.8
50.8
50.8
50.8
50.7
50.7
50.7
50.7
50.6
50.5
