0
75.5
197.8
246.9
259.1
270.2
273.3
280.4
289.7
295.8
300.1
308.4
311.2
313.6
316.8
319.5
321.9
322.9
324.5
325.6
327.9
329
330.4
335
334.8
335.5
337.2
343.1
344.4
345.3
344.8
347.1
351.5
353
354.1
354.4
355.8
360
360.1
359.7
360
361.6
364.9
364.7
364.5
365
366.1
368.4
366.3
365.1
365
366
367.8
367.8
366.8
366.8
368.9
370.8
369.6
369.7
369.9
371.9
373.8
373.6
373.5
373.5
375.4
378.4
378.4
377.3
378
380.1
382.3
383.4
383.7
385.1
386.3
388.2
389
390.4
390.7
391.8
392.9
395.1
394.1
391.1
387.2
384.3
380.5
377.6
374.8
371.1
368.4
364.8
360.6
358
355.5
352.9
350.5
347
344.6
342.2
339.8
337.4
335.2
332.8
330.6
328.3
325.1
321.9
318.7
316.5
313.4
310.3
308.2
305.8
307
307.2
307.5
308.7
308.9
310.2
310.3
310.5
311.6
312.5
312.6
312.6
313.7
313.8
314.9
314.8
315.9
315.9
316.8
316.7
317.7
317.6
318.5
318.4
319.3
320.2
319.7
319.6
320.4
321.1
321
321.8
321.5
322.3
323.2
322.9
323.7
323.5
324.2
324.6
325
325.4
325.8
326.1
326.4
326.8
327.1
327.7
328.3
327.9
328.5
329.2
329.9
329.6
330.4
331
330.6
331.2
331.8
331.2
331.8
332.4
332
332.6
333
333.2
332.4
333.5
333.6
333.8
333.9
334
333
334.2
334.3
335.4
334.6
334.7
335.8
335.9
336
336
336.1
336.2
337.2
337.3
337.4
337.5
337.6
338.8
339
339.2
338.4
339.5
339.6
339.7
340.8
339.7
339.8
339.9
341.1
341.2
340.1
341.3
341.5
341.6
340.7
341.8
341.8
341.8
342.9
343.1
342.2
342.2
343.2
343.4
342.5
342.6
342.5
343.6
343.6
343.5
343.4
343.4
343.5
343.1
342.8
342.5
342.1
341.8
340.5
