Enable statistics: 1
Rocksdb opened: /mnt/motivation
WARNING: Logging before InitGoogleLogging() is written to STDERR
I0419 15:09:54.468199 26710 rdma_helper.cpp:447] RDMA device: mlx5_2
I0419 15:09:54.468230 26710 rdma_helper.cpp:449] RDMA LID: 0
I0419 15:09:54.469492 26710 rdma_helper.cpp:454] RDMA GID Index: 3
I0419 15:09:54.470114 26710 block_pool.cpp:145] Start extend rdma memory 1024MB
I0419 15:09:55.221263 26710 server.cpp:1113] Server[test::PerfTestImpl] is serving on port=50051.
I0419 15:09:55.221282 26710 server.cpp:1116] Check out http://node1.motivation-test.nof-rep-pg0.clemson.cloudlab.us:50051 in web browser.
Server listening on 10.10.1.2:50051

Timer is reset

===== Load Statistics: 10.10.1.2:50051
Total requests: 6553598
Total bytes: 26843537408
Avg latency (us): 11.42, P90 (us): 13.82, P99 (us): 19.22, P99.9 (us):  26.63
Eplased time (sec): 346.39
Throughput (MB/s): 73.90
QPS (k): 18.92
Avg CPU utilization (percent): 165.21

Timer is reset

===== Transaction Statistics: 10.10.1.2:50051
I0419 15:16:01.230888 26886 server.cpp:1173] Server[test::PerfTestImpl] is going to quit
Total requests: 49998
Total bytes: 204791808
Avg latency (us): 11.57, P90 (us): 14.75, P99 (us): 23.04, P99.9 (us):  38.48
Eplased time (sec): 2.70
Throughput (MB/s): 72.29
QPS (k): 18.51
Avg CPU utilization (percent): 163.16

RocksDB Server: 10.10.1.2:50051 is shutting down......

