
Node Configure: 
    Node ID: 2
    Node IP: 10.10.1.4
    Listen IP: 0.0.0.0
    Ports: 50051,50052,50053,50054,50055,50056,50057,50058,50059,50060,50061,50062,50063,50064,50065,50066
    KVDB num (at start): 1
    Server thread num (of each KVDB): 16
    CPU cores num: 20
    KVDB base path: /tmp/nofdb

[INFO] CPU monitor is enabled
[INFO] Stats recorder is enabled

mlx5_net: Default miss action is not supported.
mlx5_net: Default miss action is not supported.
mlx5_net: Default miss action is not supported.
mlx5_net: Default miss action is not supported.
get addr_0, ip_10.10.1.2
get addr_1, ip_10.10.1.3
Initiator is bound to core 3
recover: before head 1216348160 before tail 1216348160
recover: after_head 1216348160 after_tail 1216348160
recover: before head 1216350208
recover: after_head 1216350208
recover: before head 1216546816
recover: after_head 1216546816
recover: before head 1216743424
recover: after_head 1216743424
[INFO] NoFDB opened successfully
[INFO] NoFDBKVS No.0 initialized, belongs to node_id: 2
[INFO] Tagged worker 0 is bound to core 4
[INFO] Tagged worker 1 is bound to core 5
[INFO] Tagged worker 2 is bound to core 6
[INFO] Tagged worker 3 is bound to core 7
[INFO] Tagged worker 4 is bound to core 8
[INFO] Tagged worker 5 is bound to core 9
[INFO] Tagged worker 6 is bound to core 10
[INFO] Tagged worker 7 is bound to core 11
[INFO] Tagged worker 8 is bound to core 12
[INFO] Tagged worker 9 is bound to core 13
[INFO] Tagged worker 10 is bound to core 14
[INFO] Tagged worker 11 is bound to core 15
[INFO] Tagged worker 12 is bound to core 16
[INFO] Tagged worker 13 is bound to core 17
[INFO] Tagged worker 14 is bound to core 18
[INFO] Tagged worker 15 is bound to core 19
[INFO] Tagged worker 16 is bound to core 20
[INFO] NoFDBKVS No.0 -- Server No.4 is listening on 0.0.0.0:50055
[INFO] NoFDBKVS No.0 -- Server No.3 is listening on 0.0.0.0:50054
[INFO] NoFDBKVS No.0 -- Server No.1 is listening on 0.0.0.0:50052
[INFO] NoFDBKVS No.0 -- Server No.9 is listening on 0.0.0.0:50060
[INFO] NoFDBKVS No.0 -- Server No.15 is listening on 0.0.0.0:50066
[INFO] NoFDBKVS No.0 -- Server No.5 is listening on 0.0.0.0:50056
[INFO] NoFDBKVS No.0 -- Server No.0 is listening on 0.0.0.0:50051
[INFO] NoFDBKVS No.0 -- Server No.10 is listening on 0.0.0.0:50061
[INFO] NoFDBKVS No.0 -- Server No.12 is listening on 0.0.0.0:50063
[INFO] NoFDBKVS No.0 -- Server No.11 is listening on 0.0.0.0:50062
[INFO] NoFDBKVS No.0 -- Server No.7 is listening on 0.0.0.0:50058
[INFO] NoFDBKVS No.0 -- Server No.8 is listening on 0.0.0.0:50059
[INFO] NoFDBKVS No.0 -- Server No.14 is listening on 0.0.0.0:50065
[INFO] NoFDBKVS No.0 -- Server No.6 is listening on 0.0.0.0:50057
[INFO] NoFDBKVS No.0 -- Server No.2 is listening on 0.0.0.0:50053
[INFO] NoFDBKVS No.0 -- Server No.13 is listening on 0.0.0.0:50064
[INFO] Node No.2 Configure Table is generated
[INFO] Maintainer is listening on 0.0.0.0:50050

nvme io failed with sct 0 sc 15
send to node 2 failed with status: nof op internal err
nvme io failed with sct 0 sc 15
send to node 1 failed with status: nof op internal err
nvme io failed with sct 0 sc 15
send to node 0 failed with status: nof op internal err
nvme io failed with sct 0 sc 15
send to node 0 failed with status: nof op internal err
nvme io failed with sct 0 sc 15
send to node 2 failed with status: nof op internal err
nvme io failed with sct 0 sc 15
send to node 1 failed with status: nof op internal err
Maintainer received PAUSE signal

===== Load Statistics: 
Total requests: 66661402
Total bytes: 68261275648
Avg DB latency (us): 132.18, P90 (us): 180.78, P99 (us): 497.14, P99.9 (us): 2435.11
Avg process latency (us): 132.21, P90 (us): 180.81, P99 (us): 497.17, P99.9 (us): 2435.14
Avg read latency (us): 0.00, P90 (us): 0.00, P99 (us): 0.00, P99.9 (us):   0.00
Avg write (insert, update) latency (us): 132.18, P90 (us): 180.78, P99 (us): 497.14, P99.9 (us): 2435.11
Avg CPU utilization (percent): 457.03
Eplased time (sec): 1767.80
Throughput (MB/s): 36.82
QPS (k): 37.71
KV Cache miss: 0

===== Stage End =====

Maintainer received STOP signal
[INFO] CPU Monitor is shutting down......

===== Transaction Statistics: 
Total requests: 66035026
Total bytes: 67619866624
Avg DB latency (us): 45.60, P90 (us): 6.15, P99 (us): 179.40, P99.9 (us): 832.20
Avg process latency (us): 45.62, P90 (us): 6.17, P99 (us): 179.42, P99.9 (us): 832.23
Avg read latency (us): 42.35, P90 (us): 3.39, P99 (us): 151.79, P99.9 (us): 842.56
Avg write (insert, update) latency (us): 106.79, P90 (us): 180.21, P99 (us): 234.75, P99.9 (us): 381.72
Avg CPU utilization (percent): 209.59
Eplased time (sec): 2187.09
Throughput (MB/s): 29.49
QPS (k): 30.19
KV Cache miss: 2886334

===== Stage End =====

[INFO] Stats recorder is shutting down......
[INFO] NoFDBKVS No.0 -- Server No.5 is shutting down......
[INFO] NoFDBKVS No.0 -- Server No.6 is shutting down......
[INFO] NoFDBKVS No.0 -- Server No.12 is shutting down......
[INFO] NoFDBKVS No.0 -- Server No.10 is shutting down......
[INFO] NoFDBKVS No.0 -- Server No.15 is shutting down......
[INFO] NoFDBKVS No.0 -- Server No.13 is shutting down......
[INFO] NoFDBKVS No.0 -- Server No.3 is shutting down......
[INFO] NoFDBKVS No.0 -- Server No.4 is shutting down......
[INFO] NoFDBKVS No.0 -- Server No.0 is shutting down......
[INFO] NoFDBKVS No.0 -- Server No.2 is shutting down......
[INFO] NoFDBKVS No.0 -- Server No.7 is shutting down......
[INFO] NoFDBKVS No.0 -- Server No.8 is shutting down......
[INFO] NoFDBKVS No.0 -- Server No.14 is shutting down......
[INFO] NoFDBKVS No.0 -- Server No.9 is shutting down......
[INFO] NoFDBKVS No.0 -- Server No.11 is shutting down......
[INFO] NoFDBKVS No.0 -- Server No.1 is shutting down......
[INFO] NoFDBKVS No.0 is shutting down......
[INFO] Maintainer is shutting down......
