[Server Processing Threads Num: 1]
CPU monitor is enabled
Stats recorder is enabled
Rocksdb opened: /mnt/nofdb_data/db
Server listening on 0.0.0.0:50051
Server thread 140203821881088 bound to core 0

Timer is reset

===== Load Statistics
Total requests: 26214400
Total bytes: 107374182400
Avg latency (us): 30.09, P90 (us): 31.49, P99 (us): 34.88, P99.9 (us):  40.69
Avg CPU utilization (percent): 174.76
Eplased time (sec): 4007.40
Throughput (MB/s): 25.55
QPS (k): 6.54

Timer is reset

===== Transaction Statistics
Total requests: 1000000
Total bytes: 4096000000
Avg latency (us): 30.20, P90 (us): 31.62, P99 (us): 34.80, P99.9 (us):  41.72
Avg CPU utilization (percent): 174.61
Eplased time (sec): 153.38
Throughput (MB/s): 25.47
QPS (k): 6.52

NoFDB Server is shutting down......

