261.5
260.2
259.4
258.6
257.8
257
255.2
254.3
253.4
252.6
251.8
251.9
251
250.2
249.3
248.3
247.5
246.6
245.8
244.9
244
244.2
243.3
242.4
241.6
240.6
240.8
239.9
239.1
238.2
237.4
237.5
236.4
235.6
234.7
234.8
233.9
233
233.1
232.2
231.3
231.4
230.5
229.6
229.8
228.9
227.9
228
227.2
227.3
226.4
225.5
225.6
224.7
224.8
223.9
223.9
223.1
222.1
222.3
221.3
221.5
220.5
220.6
219.7
219.8
218.8
219
218.1
218.1
217.3
217.4
216.4
216.5
215.6
215.7
215.8
214.9
214.9
213.9
213.9
213
213.1
212.2
212.3
212.2
211.9
211.6
211.3
211
210.7
210.2
209.9
209.6
209.3
208.9
208.7
208.4
208.1
207.8
207.6
207.2
207
206.6
206.4
206
205.7
205.4
205.2
204.8
204.6
204.3
204
203.7
203.4
203.2
202.9
202.6
202.3
202.1
201.8
201.7
201.4
201.2
200.9
