12.5
26.8
37.7
43
46
48
49.6
48.5
49.5
50.4
51.1
51.7
52.1
52.5
52.9
53.2
53.5
53.8
54
54.2
54.4
54.6
54.7
54.8
54.9
55.1
55.1
55.3
55.4
55.4
55.1
55.2
55.3
55.4
55.4
55.5
55.5
55.5
55.6
55.7
55.7
55.9
55.9
56
56.1
56.2
56.2
56.3
56.3
56.3
56.4
56.4
56.4
56.5
56.2
56.2
56.3
56.4
56.5
56.6
56.6
56.8
56.8
56.8
56.9
56.9
57
57
57.1
57.1
57.1
57.1
57.1
57.2
57.3
57.3
57.3
57.1
57.1
57.1
57.1
57.2
57.3
57.3
57.3
57.4
57.5
57.5
57.6
57.6
57.6
57.7
57.7
57.7
57.7
57.8
57.9
57.9
57.9
57.9
57.7
57.8
57.8
57.8
57.8
57.9
57.9
57.9
57.9
57.9
58
58
58
58.1
58.1
58.2
58.5
58.5
58.5
58.5
58.5
58.5
58.5
58.6
58.5
58.5
58.5
58.5
58.5
58.5
58.6
58.6
58.6
58.6
58.6
58.6
58.6
58.6
58.6
58.7
58.7
58.8
58.8
58.8
58.8
58.8
58.8
58.8
58.8
58.8
58.8
58.8
58.8
58.8
58.8
58.8
58.9
58.9
58.9
58.9
58.9
58.9
58.9
58.9
58.9
58.9
58.9
58.9
58.9
58.9
59
58.9
58.9
58.9
58.9
58.9
58.9
58.9
58.9
58.9
59
59
59
59
59
59.1
59.1
59.1
59.1
59.1
59.1
59.1
59.1
59.1
59
59
59.1
59.1
59.1
59.1
59.1
59.1
59.1
59.1
59.1
59.1
59.1
59.1
59.1
59.2
59.2
59.2
59.2
59.2
59.2
59.2
59.2
59.2
59.2
59.2
59.2
59.2
59.2
59.2
59.2
59.3
59.4
59.5
59.5
59.5
59.5
59.5
59.5
59.5
59.5
59.5
59.5
59.5
59.5
59.6
59.6
59.5
59.5
59.5
59.5
59.5
59.6
59.6
59.6
59.6
59.6
59.6
59.6
59.6
59.6
59.6
59.6
59.6
59.6
59.6
59.6
59.6
59.6
59.6
59.6
59.6
59.6
59.6
59.6
59.6
59.6
59.6
59.6
59.6
59.6
59.7
59.7
59.7
59.7
59.7
59.7
59.7
59.7
59.7
59.7
59.7
59.7
59.7
59.7
59.7
59.7
59.7
59.7
59.7
59.7
59.7
59.7
59.7
59.7
59.7
59.7
59.7
59.7
59.7
59.7
59.7
59.7
59.7
59.7
59.7
59.7
59.7
59.7
59.7
59.7
59.7
59.7
59.7
59.7
59.7
59.7
59.7
59.7
59.7
59.7
59.7
59.7
59.8
59.8
59.8
59.8
59.8
59.8
59.8
59.9
60
60
60
60
60
60
60
60
60
60
60
60
60
60
60
60
60
60
60
60
60
60
60
60
60
60
60
60
60
60
60
60
60
60
60
60
60
60
60
60
60
60.1
60.1
60.1
60.1
60.1
60.1
60
60
60.1
60.1
60.1
60.1
60.1
60.1
60.1
60.1
60.1
60.1
60.1
60.1
60.1
60.1
60.1
60.1
60.1
60.1
60.1
60.1
60.1
60.1
60.1
60.1
60.1
60.1
60.1
60.1
60.1
60.1
60.1
60.1
60.1
60.1
60.1
60.1
60.1
60.1
60.1
60.1
60.1
60.1
60.1
60.1
60.1
60.1
60.1
60.1
60.1
60.1
60.1
60.1
60.1
60.1
60.1
60.1
60.1
60.1
60.2
60.3
60.3
60.4
60.4
60.4
60.4
60.4
60.4
60.4
60.4
60.4
60.4
60.4
60.4
60.4
60.4
60.4
60.4
60.4
60.4
60.4
60.4
60.4
60.4
60.4
60.4
60.4
60.4
60.5
60.5
60.5
60.5
60.5
60.3
60.3
60.3
60.3
60.4
60.4
60.4
60.4
60.4
60.4
60.4
60.4
60.4
60.4
60.4
60.4
60.4
60.4
60.4
60.4
60.4
60.4
60.4
60.4
60.4
60.4
60.4
60.4
60.4
60.4
60.4
60.4
60.4
60.4
60.4
60.4
60.4
60.4
60.4
60.4
60.4
60.4
60.4
60.4
60.4
60.4
60.4
60.4
60.4
60.4
60.4
60.4
60.4
60.4
60.4
60.4
60.4
60.4
60.4
60.4
60.4
60.4
60.4
60.4
60.4
60.4
60.4
60.4
60.4
60.4
60.4
60.4
60.4
60.5
60.6
60.6
60.6
60.6
60.6
60.6
60.6
60.6
60.6
60.6
60.6
60.6
60.6
60.6
60.6
60.6
60.7
60.7
60.7
60.7
60.6
60.6
60.6
60.6
60.6
60.6
60.6
60.7
60.7
60.7
60.7
60.7
60.7
60.7
60.7
60.7
60.7
60.6
60.6
60.6
60.6
60.6
60.6
60.6
60.6
60.6
60.6
60.6
60.6
60.6
60.6
60.6
60.6
60.6
60.6
60.6
60.6
60.6
60.6
60.6
60.6
60.6
60.6
60.6
60.6
60.6
60.6
60.6
60.6
60.6
60.6
60.6
60.6
60.6
60.6
60.6
60.6
60.6
60.6
60.6
60.6
60.6
60.6
60.6
60.6
60.6
60.6
60.6
60.6
60.6
60.6
60.6
60.6
60.6
60.6
60.6
60.6
60.6
60.6
60.6
60.6
60.6
60.6
60.6
60.6
60.7
60.7
60.7
60.8
60.8
60.8
60.8
60.8
60.8
60.8
60.8
60.8
60.8
60.8
60.8
60.8
60.8
60.8
60.8
60.8
60.8
60.8
60.8
60.8
60.8
60.8
60.8
60.8
60.8
60.8
60.8
60.8
60.8
60.8
60.8
60.8
60.8
60.8
60.8
60.8
60.8
60.8
60.8
60.7
60.7
60.7
60.7
60.7
60.7
60.7
60.8
60.8
60.8
60.9
60.9
60.7
60.7
60.7
60.7
60.7
60.7
60.8
60.8
60.8
60.8
60.8
60.8
60.8
60.8
60.8
60.8
60.8
60.8
60.8
60.8
60.8
60.8
60.8
60.8
60.8
60.8
60.8
60.8
60.8
60.8
60.8
60.8
60.8
60.8
0
