/usr/bin/java -Xmx64G -XX:MaxDirectMemorySize=64G -classpath /root/YCSB/conf:/root/YCSB/core/target/core-0.18.0-SNAPSHOT.jar:/root/YCSB/rocksdb/target/rocksdb-binding-0.18.0-SNAPSHOT.jar:/root/YCSB/rocksdb/target/dependency/HdrHistogram-2.1.4.jar:/root/YCSB/rocksdb/target/dependency/animal-sniffer-annotations-1.19.jar:/root/YCSB/rocksdb/target/dependency/annotations-4.1.1.4.jar:/root/YCSB/rocksdb/target/dependency/checker-compat-qual-2.5.5.jar:/root/YCSB/rocksdb/target/dependency/error_prone_annotations-2.4.0.jar:/root/YCSB/rocksdb/target/dependency/failureaccess-1.0.1.jar:/root/YCSB/rocksdb/target/dependency/grpc-api-1.37.1.jar:/root/YCSB/rocksdb/target/dependency/grpc-context-1.37.1.jar:/root/YCSB/rocksdb/target/dependency/grpc-core-1.37.1.jar:/root/YCSB/rocksdb/target/dependency/grpc-netty-shaded-1.37.1.jar:/root/YCSB/rocksdb/target/dependency/grpc-protobuf-1.37.1.jar:/root/YCSB/rocksdb/target/dependency/grpc-protobuf-lite-1.37.1.jar:/root/YCSB/rocksdb/target/dependency/grpc-stub-1.37.1.jar:/root/YCSB/rocksdb/target/dependency/gson-2.8.6.jar:/root/YCSB/rocksdb/target/dependency/guava-30.0-android.jar:/root/YCSB/rocksdb/target/dependency/htrace-core4-4.1.0-incubating.jar:/root/YCSB/rocksdb/target/dependency/j2objc-annotations-1.3.jar:/root/YCSB/rocksdb/target/dependency/jcip-annotations-1.0.jar:/root/YCSB/rocksdb/target/dependency/jsr305-3.0.2.jar:/root/YCSB/rocksdb/target/dependency/listenablefuture-9999.0-empty-to-avoid-conflict-with-guava.jar:/root/YCSB/rocksdb/target/dependency/perfmark-api-0.23.0.jar:/root/YCSB/rocksdb/target/dependency/proto-google-common-protos-2.0.1.jar:/root/YCSB/rocksdb/target/dependency/protobuf-java-3.12.0.jar:/root/YCSB/rocksdb/target/dependency/rocksdbjni-6.14.0.jar:/root/YCSB/rocksdb/target/dependency/slf4j-api-1.7.25.jar:/root/YCSB/rocksdb/target/dependency/slf4j-simple-1.7.25.jar site.ycsb.db.rocksdb.Replicator  -db site.ycsb.db.rocksdb.RocksDBClient -s -P workloads/workloadb -p port=50040 -p shard=3 -p client=4 -p head0=10.10.1.2:50050 -p tail0=10.10.1.4:50050 -p head1=10.10.1.3:50051 -p tail1=10.10.1.2:50051 -p head2=10.10.1.4:50052 -p tail2=10.10.1.3:50052 -p replica=3
Command line: -db site.ycsb.db.rocksdb.RocksDBClient -s -P workloads/workloadb -p port=50040 -p shard=3 -p client=4 -p head0=10.10.1.2:50050 -p tail0=10.10.1.4:50050 -p head1=10.10.1.3:50051 -p tail1=10.10.1.2:50051 -p head2=10.10.1.4:50052 -p tail2=10.10.1.3:50052 -p replica=3
[main] INFO site.ycsb.db.rocksdb.Replicator - Server started, listening on 50040
Detecting ssh root@10.10.1.4 "while true; do     if  ps aux | grep 'db_node 50050' | grep -v grep > /dev/null; then       break;     fi;     sleep 1; done"
Detecting ssh root@10.10.1.2 "while true; do     if  ps aux | grep 'db_node 50051' | grep -v grep > /dev/null; then       break;     fi;     sleep 1; done"
Detecting ssh root@10.10.1.3 "while true; do     if  ps aux | grep 'db_node 50052' | grep -v grep > /dev/null; then       break;     fi;     sleep 1; done"
Detected shard 1 alive true on 10.10.1.2 with code 0
Detected shard 0 alive true on 10.10.1.4 with code 0
Detected shard 2 alive true on 10.10.1.3 with code 0
Detecting ssh root@10.10.1.4 "while true; do     if ! ps aux | grep 'db_node 50050' | grep -v grep > /dev/null; then       break;     fi;     sleep 1; done"
Detecting ssh root@10.10.1.2 "while true; do     if ! ps aux | grep 'db_node 50051' | grep -v grep > /dev/null; then       break;     fi;     sleep 1; done"
Detecting ssh root@10.10.1.3 "while true; do     if ! ps aux | grep 'db_node 50052' | grep -v grep > /dev/null; then       break;     fi;     sleep 1; done"
observerMap[1] [3] [1] changes from null to io.grpc.stub.ServerCalls$ServerCallStreamObserverImpl@29d4cd91
observerMap[0] [0] [1] changes from null to io.grpc.stub.ServerCalls$ServerCallStreamObserverImpl@2e888a36
observerMap[1] [2] [1] changes from null to io.grpc.stub.ServerCalls$ServerCallStreamObserverImpl@1467364
observerMap[0] [3] [1] changes from null to io.grpc.stub.ServerCalls$ServerCallStreamObserverImpl@911de13
observerMap[1] [1] [1] changes from null to io.grpc.stub.ServerCalls$ServerCallStreamObserverImpl@16004d03
observerMap[0] [2] [1] changes from null to io.grpc.stub.ServerCalls$ServerCallStreamObserverImpl@6d36ce2e
observerMap[2] [1] [1] changes from null to io.grpc.stub.ServerCalls$ServerCallStreamObserverImpl@156a9ddf
observerMap[1] [0] [1] changes from null to io.grpc.stub.ServerCalls$ServerCallStreamObserverImpl@72300535
observerMap[2] [2] [1] changes from null to io.grpc.stub.ServerCalls$ServerCallStreamObserverImpl@199c1bbf
observerMap[2] [3] [1] changes from null to io.grpc.stub.ServerCalls$ServerCallStreamObserverImpl@757779cd
observerMap[0] [1] [1] changes from null to io.grpc.stub.ServerCalls$ServerCallStreamObserverImpl@4c55717d
observerMap[2] [0] [1] changes from null to io.grpc.stub.ServerCalls$ServerCallStreamObserverImpl@1b0df1c8
observerAccumulator 2 shard 1
observerAccumulator 9 shard 2
observerAccumulator 9 shard 0
observerAccumulator 9 shard 2
observerAccumulator 2 shard 0
observerAccumulator 9 shard 0
observerAccumulator 9 shard 1
observerAccumulator 5 shard 2
observerAccumulator 5 shard 1
observerAccumulator 11 shard 2
observerAccumulator 12 shard 0
observerAccumulator 11 shard 1
observerMap[0] [1] [1] changes from io.grpc.stub.ServerCalls$ServerCallStreamObserverImpl@4c55717d to io.grpc.stub.ServerCalls$ServerCallStreamObserverImpl@279f53c7
observerMap[2] [1] [1] changes from io.grpc.stub.ServerCalls$ServerCallStreamObserverImpl@156a9ddf to io.grpc.stub.ServerCalls$ServerCallStreamObserverImpl@21a350a6
observerMap[0] [3] [1] changes from io.grpc.stub.ServerCalls$ServerCallStreamObserverImpl@911de13 to io.grpc.stub.ServerCalls$ServerCallStreamObserverImpl@7c3fe14b
observerMap[0] [0] [1] changes from io.grpc.stub.ServerCalls$ServerCallStreamObserverImpl@2e888a36 to io.grpc.stub.ServerCalls$ServerCallStreamObserverImpl@7d5a4458
observerMap[1] [1] [1] changes from io.grpc.stub.ServerCalls$ServerCallStreamObserverImpl@16004d03 to io.grpc.stub.ServerCalls$ServerCallStreamObserverImpl@388d3c0e
observerMap[0] [0] [1] changes from io.grpc.stub.ServerCalls$ServerCallStreamObserverImpl@7d5a4458 to io.grpc.stub.ServerCalls$ServerCallStreamObserverImpl@2e888a36
observerMap[2] [1] [1] changes from io.grpc.stub.ServerCalls$ServerCallStreamObserverImpl@21a350a6 to io.grpc.stub.ServerCalls$ServerCallStreamObserverImpl@156a9ddf
observerMap[1] [1] [1] changes from io.grpc.stub.ServerCalls$ServerCallStreamObserverImpl@388d3c0e to io.grpc.stub.ServerCalls$ServerCallStreamObserverImpl@16004d03
observerAccumulator 16 shard 0
observerAccumulator 16 shard 2
observerAccumulator 17 shard 1
observerAccumulator 17 shard 0
observerAccumulator 17 shard 0
observerMap[0] [3] [1] changes from io.grpc.stub.ServerCalls$ServerCallStreamObserverImpl@7c3fe14b to io.grpc.stub.ServerCalls$ServerCallStreamObserverImpl@911de13
observerMap[1] [3] [1] changes from io.grpc.stub.ServerCalls$ServerCallStreamObserverImpl@29d4cd91 to io.grpc.stub.ServerCalls$ServerCallStreamObserverImpl@33f4946b
observerMap[1] [0] [1] changes from io.grpc.stub.ServerCalls$ServerCallStreamObserverImpl@72300535 to io.grpc.stub.ServerCalls$ServerCallStreamObserverImpl@6978af73
observerAccumulator 18 shard 1
observerMap[1] [0] [1] changes from io.grpc.stub.ServerCalls$ServerCallStreamObserverImpl@6978af73 to io.grpc.stub.ServerCalls$ServerCallStreamObserverImpl@72300535
observerAccumulator 19 shard 1
observerMap[0] [2] [1] changes from io.grpc.stub.ServerCalls$ServerCallStreamObserverImpl@6d36ce2e to io.grpc.stub.ServerCalls$ServerCallStreamObserverImpl@4448b1fe
observerAccumulator 20 shard 0
observerMap[1] [3] [1] changes from io.grpc.stub.ServerCalls$ServerCallStreamObserverImpl@33f4946b to io.grpc.stub.ServerCalls$ServerCallStreamObserverImpl@29d4cd91
observerMap[2] [0] [1] changes from io.grpc.stub.ServerCalls$ServerCallStreamObserverImpl@1b0df1c8 to io.grpc.stub.ServerCalls$ServerCallStreamObserverImpl@2c894a1b
observerMap[0] [2] [1] changes from io.grpc.stub.ServerCalls$ServerCallStreamObserverImpl@4448b1fe to io.grpc.stub.ServerCalls$ServerCallStreamObserverImpl@6d36ce2e
observerAccumulator 21 shard 2
observerMap[2] [3] [1] changes from io.grpc.stub.ServerCalls$ServerCallStreamObserverImpl@757779cd to io.grpc.stub.ServerCalls$ServerCallStreamObserverImpl@19a8ad67
observerAccumulator 22 shard 2
observerMap[2] [3] [1] changes from io.grpc.stub.ServerCalls$ServerCallStreamObserverImpl@19a8ad67 to io.grpc.stub.ServerCalls$ServerCallStreamObserverImpl@757779cd
observerMap[1] [2] [1] changes from io.grpc.stub.ServerCalls$ServerCallStreamObserverImpl@1467364 to io.grpc.stub.ServerCalls$ServerCallStreamObserverImpl@33886754
observerAccumulator 23 shard 1
observerMap[1] [2] [1] changes from io.grpc.stub.ServerCalls$ServerCallStreamObserverImpl@33886754 to io.grpc.stub.ServerCalls$ServerCallStreamObserverImpl@1467364
observerMap[2] [2] [1] changes from io.grpc.stub.ServerCalls$ServerCallStreamObserverImpl@199c1bbf to io.grpc.stub.ServerCalls$ServerCallStreamObserverImpl@6380c403
observerAccumulator 24 shard 2
observerMap[2] [2] [1] changes from io.grpc.stub.ServerCalls$ServerCallStreamObserverImpl@6380c403 to io.grpc.stub.ServerCalls$ServerCallStreamObserverImpl@199c1bbf
headObserver.onCompleted shard: 1 client: 3 write:true 2025-04-30 09:31:32.541
dumbObserver.onCompleted shard: 1 client: 0 write:true 2025-04-30 09:31:32.543
dumbObserver.onCompleted shard: 1 client: 0 write:true 2025-04-30 09:31:32.544
headObserver.onCompleted shard: 1 client: 0 write:true 2025-04-30 09:31:32.541
sendReply.onError shard: 1 client: 0 write:true 2025-04-30 09:31:32.542
sendReply.onError shard: 2 client: 0 write:true 2025-04-30 09:31:32.542[grpc-default-executor-21] ERROR site.ycsb.db.rocksdb.Replicator - Encountered error in sendReply

[grpc-default-executor-58] ERROR site.ycsb.db.rocksdb.Replicator - Encountered error in sendReplyheadObserver.onCompleted shard: 2 client: 3 write:true 2025-04-30 09:31:32.541

sendReply.onError shard: 0 client: 3 write:true 2025-04-30 09:31:32.542
[grpc-default-executor-61] ERROR site.ycsb.db.rocksdb.Replicator - Encountered error in sendReplyheadObserver.onCompleted shard: 1 client: 3 write:true 2025-04-30 09:31:32.541

sendReply.onError shard: 1 client: 3 write:true 2025-04-30 09:31:32.541io.grpc.StatusRuntimeException: CANCELLED: client cancelled

sendReply.onError shard: -1 client: -1 write:false 2025-04-30 09:31:32.541
dumbObserver.onCompleted shard: 0 client: 0 write:true 2025-04-30 09:31:32.544
dumbObserver.onCompleted shard: 2 client: 3 write:true 2025-04-30 09:31:32.543
sendReply.onError shard: 0 client: 0 write:true 2025-04-30 09:31:32.542
dumbObserver.onCompleted shard: 2 client: 0 write:true 2025-04-30 09:31:32.543
sendReply.onError shard: -1 client: -1 write:false 2025-04-30 09:31:32.542
dumbObserver.onCompleted shard: 1 client: 3 write:true 2025-04-30 09:31:32.542
sendReply.onError shard: -1 client: -1 write:false 2025-04-30 09:31:32.541
headObserver.onCompleted shard: 0 client: 3 write:true 2025-04-30 09:31:32.541
headObserver.onCompleted shard: 2 client: 0 write:true 2025-04-30 09:31:32.541
headObserver.onCompleted shard: 0 client: 0 write:true 2025-04-30 09:31:32.541
	at io.grpc.Status.asRuntimeException(Status.java:526)headObserver.onCompleted shard: 0 client: 0 write:true 2025-04-30 09:31:32.541

	at io.grpc.stub.ServerCalls$StreamingServerCallHandler$StreamingServerCallListener.onCancel(ServerCalls.java:284)headObserver.onCompleted shard: 2 client: 0 write:true 2025-04-30 09:31:32.541

	at io.grpc.internal.ServerCallImpl$ServerStreamListenerImpl.closedInternal(ServerCallImpl.java:353)
dumbObserver.onCompleted shard: 2 client: 0 write:true 2025-04-30 09:31:32.544	at io.grpc.internal.ServerCallImpl$ServerStreamListenerImpl.closed(ServerCallImpl.java:341)

	at io.grpc.internal.ServerImpl$JumpToApplicationThreadServerStreamListener$1Closed.runInContext(ServerImpl.java:844)dumbObserver.onCompleted shard: 2 client: 3 write:true 2025-04-30 09:31:32.542

	at io.grpc.internal.ContextRunnable.run(ContextRunnable.java:37)
	at io.grpc.internal.SerializingExecutor.run(SerializingExecutor.java:123)sendReply.onError shard: -1 client: -1 write:false 2025-04-30 09:31:32.542

	at java.base/java.util.concurrent.ThreadPoolExecutor.runWorker(ThreadPoolExecutor.java:1128)headObserver.onCompleted shard: 0 client: 3 write:true 2025-04-30 09:31:32.541

	at java.base/java.util.concurrent.ThreadPoolExecutor$Worker.run(ThreadPoolExecutor.java:628)
	at java.base/java.lang.Thread.run(Thread.java:829)headObserver.onCompleted shard: 1 client: 0 write:true 2025-04-30 09:31:32.541

dumbObserver.onCompleted shard: 0 client: 3 write:true 2025-04-30 09:31:32.542io.grpc.StatusRuntimeException: CANCELLED: client cancelled

dumbObserver.onCompleted shard: 0 client: 3 write:true 2025-04-30 09:31:32.543
	at io.grpc.Status.asRuntimeException(Status.java:526)dumbObserver.onCompleted shard: 1 client: 3 write:true 2025-04-30 09:31:32.543

	at io.grpc.stub.ServerCalls$StreamingServerCallHandler$StreamingServerCallListener.onCancel(ServerCalls.java:284)
	at io.grpc.internal.ServerCallImpl$ServerStreamListenerImpl.closedInternal(ServerCallImpl.java:353)sendReply.onError shard: -1 client: -1 write:false 2025-04-30 09:31:32.542

	at io.grpc.internal.ServerCallImpl$ServerStreamListenerImpl.closed(ServerCallImpl.java:341)
	at io.grpc.internal.ServerImpl$JumpToApplicationThreadServerStreamListener$1Closed.runInContext(ServerImpl.java:844)dumbObserver.onCompleted shard: 0 client: 0 write:true 2025-04-30 09:31:32.543

	at io.grpc.internal.ContextRunnable.run(ContextRunnable.java:37)
	at io.grpc.internal.SerializingExecutor.run(SerializingExecutor.java:123)sendReply.onError shard: -1 client: -1 write:false 2025-04-30 09:31:32.541

	at java.base/java.util.concurrent.ThreadPoolExecutor.runWorker(ThreadPoolExecutor.java:1128)
headObserver.onCompleted shard: 2 client: 3 write:true 2025-04-30 09:31:32.541	at java.base/java.util.concurrent.ThreadPoolExecutor$Worker.run(ThreadPoolExecutor.java:628)

	at java.base/java.lang.Thread.run(Thread.java:829)
sendReply.onError shard: 2 client: 3 write:true 2025-04-30 09:31:32.541[grpc-default-executor-43] ERROR site.ycsb.db.rocksdb.Replicator - Encountered error in sendReply

[grpc-default-executor-18] ERROR site.ycsb.db.rocksdb.Replicator - Encountered error in sendReply
[grpc-default-executor-42] ERROR site.ycsb.db.rocksdb.Replicator - Encountered error in sendReply
[grpc-default-executor-47] ERROR site.ycsb.db.rocksdb.Replicator - Encountered error in sendReply
[grpc-default-executor-59] ERROR site.ycsb.db.rocksdb.Replicator - Encountered error in sendReply
[grpc-default-executor-55] ERROR site.ycsb.db.rocksdb.Replicator - Encountered error in sendReply
[grpc-default-executor-44] ERROR site.ycsb.db.rocksdb.Replicator - Encountered error in sendReply
[grpc-default-executor-56] ERROR site.ycsb.db.rocksdb.Replicator - Encountered error in sendReply
io.grpc.StatusRuntimeException: CANCELLED: client cancelled
	at io.grpc.Status.asRuntimeException(Status.java:526)
	at io.grpc.stub.ServerCalls$StreamingServerCallHandler$StreamingServerCallListener.onCancel(ServerCalls.java:284)
	at io.grpc.internal.ServerCallImpl$ServerStreamListenerImpl.closedInternal(ServerCallImpl.java:353)
	at io.grpc.internal.ServerCallImpl$ServerStreamListenerImpl.closed(ServerCallImpl.java:341)
	at io.grpc.internal.ServerImpl$JumpToApplicationThreadServerStreamListener$1Closed.runInContext(ServerImpl.java:844)
	at io.grpc.internal.ContextRunnable.run(ContextRunnable.java:37)
	at io.grpc.internal.SerializingExecutor.run(SerializingExecutor.java:123)
	at java.base/java.util.concurrent.ThreadPoolExecutor.runWorker(ThreadPoolExecutor.java:1128)
	at java.base/java.util.concurrent.ThreadPoolExecutor$Worker.run(ThreadPoolExecutor.java:628)
	at java.base/java.lang.Thread.run(Thread.java:829)
io.grpc.StatusRuntimeException: CANCELLED: client cancelled
	at io.grpc.Status.asRuntimeException(Status.java:526)
	at io.grpc.stub.ServerCalls$StreamingServerCallHandler$StreamingServerCallListener.onCancel(ServerCalls.java:284)
	at io.grpc.internal.ServerCallImpl$ServerStreamListenerImpl.closedInternal(ServerCallImpl.java:353)
	at io.grpc.internal.ServerCallImpl$ServerStreamListenerImpl.closed(ServerCallImpl.java:341)
	at io.grpc.internal.ServerImpl$JumpToApplicationThreadServerStreamListener$1Closed.runInContext(ServerImpl.java:844)
	at io.grpc.internal.ContextRunnable.run(ContextRunnable.java:37)
	at io.grpc.internal.SerializingExecutor.run(SerializingExecutor.java:123)
	at java.base/java.util.concurrent.ThreadPoolExecutor.runWorker(ThreadPoolExecutor.java:1128)
	at java.base/java.util.concurrent.ThreadPoolExecutor$Worker.run(ThreadPoolExecutor.java:628)
	at java.base/java.lang.Thread.run(Thread.java:829)
io.grpc.StatusRuntimeException: CANCELLED: client cancelled
	at io.grpc.Status.asRuntimeException(Status.java:526)
	at io.grpc.stub.ServerCalls$StreamingServerCallHandler$StreamingServerCallListener.onCancel(ServerCalls.java:284)
	at io.grpc.internal.ServerCallImpl$ServerStreamListenerImpl.closedInternal(ServerCallImpl.java:353)
	at io.grpc.internal.ServerCallImpl$ServerStreamListenerImpl.closed(ServerCallImpl.java:341)
	at io.grpc.internal.ServerImpl$JumpToApplicationThreadServerStreamListener$1Closed.runInContext(ServerImpl.java:844)
	at io.grpc.internal.ContextRunnable.run(ContextRunnable.java:37)
	at io.grpc.internal.SerializingExecutor.run(SerializingExecutor.java:123)
	at java.base/java.util.concurrent.ThreadPoolExecutor.runWorker(ThreadPoolExecutor.java:1128)
	at java.base/java.util.concurrent.ThreadPoolExecutor$Worker.run(ThreadPoolExecutor.java:628)
	at java.base/java.lang.Thread.run(Thread.java:829)
io.grpc.StatusRuntimeException: CANCELLED: client cancelled
	at io.grpc.Status.asRuntimeException(Status.java:526)
	at io.grpc.stub.ServerCalls$StreamingServerCallHandler$StreamingServerCallListener.onCancel(ServerCalls.java:284)
	at io.grpc.internal.ServerCallImpl$ServerStreamListenerImpl.closedInternal(ServerCallImpl.java:353)
	at io.grpc.internal.ServerCallImpl$ServerStreamListenerImpl.closed(ServerCallImpl.java:341)
	at io.grpc.internal.ServerImpl$JumpToApplicationThreadServerStreamListener$1Closed.runInContext(ServerImpl.java:844)
	at io.grpc.internal.ContextRunnable.run(ContextRunnable.java:37)
	at io.grpc.internal.SerializingExecutor.run(SerializingExecutor.java:123)
	at java.base/java.util.concurrent.ThreadPoolExecutor.runWorker(ThreadPoolExecutor.java:1128)
	at java.base/java.util.concurrent.ThreadPoolExecutor$Worker.run(ThreadPoolExecutor.java:628)
	at java.base/java.lang.Thread.run(Thread.java:829)
io.grpc.StatusRuntimeException: CANCELLED: client cancelled
	at io.grpc.Status.asRuntimeException(Status.java:526)
	at io.grpc.stub.ServerCalls$StreamingServerCallHandler$StreamingServerCallListener.onCancel(ServerCalls.java:284)
	at io.grpc.internal.ServerCallImpl$ServerStreamListenerImpl.closedInternal(ServerCallImpl.java:353)
	at io.grpc.internal.ServerCallImpl$ServerStreamListenerImpl.closed(ServerCallImpl.java:341)
	at io.grpc.internal.ServerImpl$JumpToApplicationThreadServerStreamListener$1Closed.runInContext(ServerImpl.java:844)
	at io.grpc.internal.ContextRunnable.run(ContextRunnable.java:37)
	at io.grpc.internal.SerializingExecutor.run(SerializingExecutor.java:123)
	at java.base/java.util.concurrent.ThreadPoolExecutor.runWorker(ThreadPoolExecutor.java:1128)
	at java.base/java.util.concurrent.ThreadPoolExecutor$Worker.run(ThreadPoolExecutor.java:628)
	at java.base/java.lang.Thread.run(Thread.java:829)
io.grpc.StatusRuntimeException: CANCELLED: client cancelled
	at io.grpc.Status.asRuntimeException(Status.java:526)
	at io.grpc.stub.ServerCalls$StreamingServerCallHandler$StreamingServerCallListener.onCancel(ServerCalls.java:284)
	at io.grpc.internal.ServerCallImpl$ServerStreamListenerImpl.closedInternal(ServerCallImpl.java:353)
	at io.grpc.internal.ServerCallImpl$ServerStreamListenerImpl.closed(ServerCallImpl.java:341)
	at io.grpc.internal.ServerImpl$JumpToApplicationThreadServerStreamListener$1Closed.runInContext(ServerImpl.java:844)
	at io.grpc.internal.ContextRunnable.run(ContextRunnable.java:37)
	at io.grpc.internal.SerializingExecutor.run(SerializingExecutor.java:123)
	at java.base/java.util.concurrent.ThreadPoolExecutor.runWorker(ThreadPoolExecutor.java:1128)
	at java.base/java.util.concurrent.ThreadPoolExecutor$Worker.run(ThreadPoolExecutor.java:628)
	at java.base/java.lang.Thread.run(Thread.java:829)
io.grpc.StatusRuntimeException: CANCELLED: client cancelled
	at io.grpc.Status.asRuntimeException(Status.java:526)
	at io.grpc.stub.ServerCalls$StreamingServerCallHandler$StreamingServerCallListener.onCancel(ServerCalls.java:284)
	at io.grpc.internal.ServerCallImpl$ServerStreamListenerImpl.closedInternal(ServerCallImpl.java:353)
	at io.grpc.internal.ServerCallImpl$ServerStreamListenerImpl.closed(ServerCallImpl.java:341)
	at io.grpc.internal.ServerImpl$JumpToApplicationThreadServerStreamListener$1Closed.runInContext(ServerImpl.java:844)
	at io.grpc.internal.ContextRunnable.run(ContextRunnable.java:37)
	at io.grpc.internal.SerializingExecutor.run(SerializingExecutor.java:123)
	at java.base/java.util.concurrent.ThreadPoolExecutor.runWorker(ThreadPoolExecutor.java:1128)
	at java.base/java.util.concurrent.ThreadPoolExecutor$Worker.run(ThreadPoolExecutor.java:628)
	at java.base/java.lang.Thread.run(Thread.java:829)
io.grpc.StatusRuntimeException: CANCELLED: client cancelled
	at io.grpc.Status.asRuntimeException(Status.java:526)
	at io.grpc.stub.ServerCalls$StreamingServerCallHandler$StreamingServerCallListener.onCancel(ServerCalls.java:284)
	at io.grpc.internal.ServerCallImpl$ServerStreamListenerImpl.closedInternal(ServerCallImpl.java:353)
	at io.grpc.internal.ServerCallImpl$ServerStreamListenerImpl.closed(ServerCallImpl.java:341)
	at io.grpc.internal.ServerImpl$JumpToApplicationThreadServerStreamListener$1Closed.runInContext(ServerImpl.java:844)
	at io.grpc.internal.ContextRunnable.run(ContextRunnable.java:37)
	at io.grpc.internal.SerializingExecutor.run(SerializingExecutor.java:123)
	at java.base/java.util.concurrent.ThreadPoolExecutor.runWorker(ThreadPoolExecutor.java:1128)
	at java.base/java.util.concurrent.ThreadPoolExecutor$Worker.run(ThreadPoolExecutor.java:628)
	at java.base/java.lang.Thread.run(Thread.java:829)
io.grpc.StatusRuntimeException: CANCELLED: client cancelled
	at io.grpc.Status.asRuntimeException(Status.java:526)
	at io.grpc.stub.ServerCalls$StreamingServerCallHandler$StreamingServerCallListener.onCancel(ServerCalls.java:284)
	at io.grpc.internal.ServerCallImpl$ServerStreamListenerImpl.closedInternal(ServerCallImpl.java:353)
	at io.grpc.internal.ServerCallImpl$ServerStreamListenerImpl.closed(ServerCallImpl.java:341)
	at io.grpc.internal.ServerImpl$JumpToApplicationThreadServerStreamListener$1Closed.runInContext(ServerImpl.java:844)
	at io.grpc.internal.ContextRunnable.run(ContextRunnable.java:37)
	at io.grpc.internal.SerializingExecutor.run(SerializingExecutor.java:123)
	at java.base/java.util.concurrent.ThreadPoolExecutor.runWorker(ThreadPoolExecutor.java:1128)
	at java.base/java.util.concurrent.ThreadPoolExecutor$Worker.run(ThreadPoolExecutor.java:628)
	at java.base/java.lang.Thread.run(Thread.java:829)
[grpc-default-executor-49] ERROR site.ycsb.db.rocksdb.Replicator - Encountered error in sendReply
io.grpc.StatusRuntimeException: CANCELLED: client cancelled
	at io.grpc.Status.asRuntimeException(Status.java:526)
	at io.grpc.stub.ServerCalls$StreamingServerCallHandler$StreamingServerCallListener.onCancel(ServerCalls.java:284)
	at io.grpc.internal.ServerCallImpl$ServerStreamListenerImpl.closedInternal(ServerCallImpl.java:353)
	at io.grpc.internal.ServerCallImpl$ServerStreamListenerImpl.closed(ServerCallImpl.java:341)
	at io.grpc.internal.ServerImpl$JumpToApplicationThreadServerStreamListener$1Closed.runInContext(ServerImpl.java:844)
	at io.grpc.internal.ContextRunnable.run(ContextRunnable.java:37)
	at io.grpc.internal.SerializingExecutor.run(SerializingExecutor.java:123)
	at java.base/java.util.concurrent.ThreadPoolExecutor.runWorker(ThreadPoolExecutor.java:1128)
	at java.base/java.util.concurrent.ThreadPoolExecutor$Worker.run(ThreadPoolExecutor.java:628)
	at java.base/java.lang.Thread.run(Thread.java:829)
headObserver.onCompleted shard: 0 client: 1 write:true 2025-04-30 09:31:32.553
headObserver.onCompleted shard: 2 client: 1 write:true 2025-04-30 09:31:32.553
headObserver.onCompleted shard: 2 client: 1 write:true 2025-04-30 09:31:32.553
headObserver.onCompleted shard: 0 client: 1 write:true 2025-04-30 09:31:32.553
headObserver.onCompleted shard: 1 client: 1 write:true 2025-04-30 09:31:32.553
headObserver.onCompleted shard: 1 client: 1 write:true 2025-04-30 09:31:32.553
sendReply.onError shard: -1 client: -1 write:false 2025-04-30 09:31:32.553
[grpc-default-executor-18] ERROR site.ycsb.db.rocksdb.Replicator - Encountered error in sendReply
io.grpc.StatusRuntimeException: CANCELLED: client cancelled
sendReply.onError shard: 1 client: 1 write:true 2025-04-30 09:31:32.553	at io.grpc.Status.asRuntimeException(Status.java:526)

	at io.grpc.stub.ServerCalls$StreamingServerCallHandler$StreamingServerCallListener.onCancel(ServerCalls.java:284)
	at io.grpc.internal.ServerCallImpl$ServerStreamListenerImpl.closedInternal(ServerCallImpl.java:353)
	at io.grpc.internal.ServerCallImpl$ServerStreamListenerImpl.closed(ServerCallImpl.java:341)
	at io.grpc.internal.ServerImpl$JumpToApplicationThreadServerStreamListener$1Closed.runInContext(ServerImpl.java:844)
	at io.grpc.internal.ContextRunnable.run(ContextRunnable.java:37)
sendReply.onError shard: -1 client: -1 write:false 2025-04-30 09:31:32.553	at io.grpc.internal.SerializingExecutor.run(SerializingExecutor.java:123)

	at java.base/java.util.concurrent.ThreadPoolExecutor.runWorker(ThreadPoolExecutor.java:1128)
	at java.base/java.util.concurrent.ThreadPoolExecutor$Worker.run(ThreadPoolExecutor.java:628)
	at java.base/java.lang.Thread.run(Thread.java:829)
[grpc-default-executor-43] ERROR site.ycsb.db.rocksdb.Replicator - Encountered error in sendReply
[grpc-default-executor-47] ERROR site.ycsb.db.rocksdb.Replicator - Encountered error in sendReply
io.grpc.StatusRuntimeException: CANCELLED: client cancelled
	at io.grpc.Status.asRuntimeException(Status.java:526)sendReply.onError shard: 0 client: 1 write:true 2025-04-30 09:31:32.553

	at io.grpc.stub.ServerCalls$StreamingServerCallHandler$StreamingServerCallListener.onCancel(ServerCalls.java:284)
	at io.grpc.internal.ServerCallImpl$ServerStreamListenerImpl.closedInternal(ServerCallImpl.java:353)
	at io.grpc.internal.ServerCallImpl$ServerStreamListenerImpl.closed(ServerCallImpl.java:341)
	at io.grpc.internal.ServerImpl$JumpToApplicationThreadServerStreamListener$1Closed.runInContext(ServerImpl.java:844)
sendReply.onError shard: 2 client: 1 write:true 2025-04-30 09:31:32.553	at io.grpc.internal.ContextRunnable.run(ContextRunnable.java:37)

	at io.grpc.internal.SerializingExecutor.run(SerializingExecutor.java:123)
	at java.base/java.util.concurrent.ThreadPoolExecutor.runWorker(ThreadPoolExecutor.java:1128)
	at java.base/java.util.concurrent.ThreadPoolExecutor$Worker.run(ThreadPoolExecutor.java:628)
sendReply.onError shard: -1 client: -1 write:false 2025-04-30 09:31:32.553	at java.base/java.lang.Thread.run(Thread.java:829)

dumbObserver.onCompleted shard: 1 client: 1 write:true 2025-04-30 09:31:32.553[grpc-default-executor-49] ERROR site.ycsb.db.rocksdb.Replicator - Encountered error in sendReply

[grpc-default-executor-42] ERROR site.ycsb.db.rocksdb.Replicator - Encountered error in sendReply
dumbObserver.onCompleted shard: 0 client: 1 write:true 2025-04-30 09:31:32.553
io.grpc.StatusRuntimeException: CANCELLED: client cancelled
dumbObserver.onCompleted shard: 2 client: 1 write:true 2025-04-30 09:31:32.553
	at io.grpc.Status.asRuntimeException(Status.java:526)
	at io.grpc.stub.ServerCalls$StreamingServerCallHandler$StreamingServerCallListener.onCancel(ServerCalls.java:284)
	at io.grpc.internal.ServerCallImpl$ServerStreamListenerImpl.closedInternal(ServerCallImpl.java:353)
	at io.grpc.internal.ServerCallImpl$ServerStreamListenerImpl.closed(ServerCallImpl.java:341)
	at io.grpc.internal.ServerImpl$JumpToApplicationThreadServerStreamListener$1Closed.runInContext(ServerImpl.java:844)
	at io.grpc.internal.ContextRunnable.run(ContextRunnable.java:37)
	at io.grpc.internal.SerializingExecutor.run(SerializingExecutor.java:123)
	at java.base/java.util.concurrent.ThreadPoolExecutor.runWorker(ThreadPoolExecutor.java:1128)
	at java.base/java.util.concurrent.ThreadPoolExecutor$Worker.run(ThreadPoolExecutor.java:628)
	at java.base/java.lang.Thread.run(Thread.java:829)
[grpc-default-executor-61] ERROR site.ycsb.db.rocksdb.Replicator - Encountered error in sendReply
io.grpc.StatusRuntimeException: CANCELLED: client cancelled
	at io.grpc.Status.asRuntimeException(Status.java:526)
	at io.grpc.stub.ServerCalls$StreamingServerCallHandler$StreamingServerCallListener.onCancel(ServerCalls.java:284)
	at io.grpc.internal.ServerCallImpl$ServerStreamListenerImpl.closedInternal(ServerCallImpl.java:353)dumbObserver.onCompleted shard: 0 client: 1 write:true 2025-04-30 09:31:32.554

	at io.grpc.internal.ServerCallImpl$ServerStreamListenerImpl.closed(ServerCallImpl.java:341)
	at io.grpc.internal.ServerImpl$JumpToApplicationThreadServerStreamListener$1Closed.runInContext(ServerImpl.java:844)dumbObserver.onCompleted shard: 1 client: 1 write:true 2025-04-30 09:31:32.554

	at io.grpc.internal.ContextRunnable.run(ContextRunnable.java:37)
	at io.grpc.internal.SerializingExecutor.run(SerializingExecutor.java:123)
	at java.base/java.util.concurrent.ThreadPoolExecutor.runWorker(ThreadPoolExecutor.java:1128)
dumbObserver.onCompleted shard: 2 client: 1 write:true 2025-04-30 09:31:32.554	at java.base/java.util.concurrent.ThreadPoolExecutor$Worker.run(ThreadPoolExecutor.java:628)

	at java.base/java.lang.Thread.run(Thread.java:829)
io.grpc.StatusRuntimeException: CANCELLED: client cancelled
	at io.grpc.Status.asRuntimeException(Status.java:526)
	at io.grpc.stub.ServerCalls$StreamingServerCallHandler$StreamingServerCallListener.onCancel(ServerCalls.java:284)
	at io.grpc.internal.ServerCallImpl$ServerStreamListenerImpl.closedInternal(ServerCallImpl.java:353)
	at io.grpc.internal.ServerCallImpl$ServerStreamListenerImpl.closed(ServerCallImpl.java:341)
	at io.grpc.internal.ServerImpl$JumpToApplicationThreadServerStreamListener$1Closed.runInContext(ServerImpl.java:844)
	at io.grpc.internal.ContextRunnable.run(ContextRunnable.java:37)
	at io.grpc.internal.SerializingExecutor.run(SerializingExecutor.java:123)
	at java.base/java.util.concurrent.ThreadPoolExecutor.runWorker(ThreadPoolExecutor.java:1128)
	at java.base/java.util.concurrent.ThreadPoolExecutor$Worker.run(ThreadPoolExecutor.java:628)
	at java.base/java.lang.Thread.run(Thread.java:829)
io.grpc.StatusRuntimeException: CANCELLED: client cancelled
	at io.grpc.Status.asRuntimeException(Status.java:526)
	at io.grpc.stub.ServerCalls$StreamingServerCallHandler$StreamingServerCallListener.onCancel(ServerCalls.java:284)
	at io.grpc.internal.ServerCallImpl$ServerStreamListenerImpl.closedInternal(ServerCallImpl.java:353)
	at io.grpc.internal.ServerCallImpl$ServerStreamListenerImpl.closed(ServerCallImpl.java:341)
	at io.grpc.internal.ServerImpl$JumpToApplicationThreadServerStreamListener$1Closed.runInContext(ServerImpl.java:844)
	at io.grpc.internal.ContextRunnable.run(ContextRunnable.java:37)
	at io.grpc.internal.SerializingExecutor.run(SerializingExecutor.java:123)
	at java.base/java.util.concurrent.ThreadPoolExecutor.runWorker(ThreadPoolExecutor.java:1128)
	at java.base/java.util.concurrent.ThreadPoolExecutor$Worker.run(ThreadPoolExecutor.java:628)
	at java.base/java.lang.Thread.run(Thread.java:829)
headObserver.onCompleted shard: 0 client: 2 write:true 2025-04-30 09:31:32.556
headObserver.onCompleted shard: 2 client: 2 write:true 2025-04-30 09:31:32.556
headObserver.onCompleted shard: 1 client: 2 write:true 2025-04-30 09:31:32.556
headObserver.onCompleted shard: 0 client: 2 write:true 2025-04-30 09:31:32.556
headObserver.onCompleted shard: 1 client: 2 write:true 2025-04-30 09:31:32.556
headObserver.onCompleted shard: 2 client: 2 write:true 2025-04-30 09:31:32.556
sendReply.onError shard: -1 client: -1 write:false 2025-04-30 09:31:32.556
[grpc-default-executor-59] ERROR site.ycsb.db.rocksdb.Replicator - Encountered error in sendReply
io.grpc.StatusRuntimeException: CANCELLED: client cancelled
sendReply.onError shard: -1 client: -1 write:false 2025-04-30 09:31:32.556
	at io.grpc.Status.asRuntimeException(Status.java:526)sendReply.onError shard: 1 client: 2 write:true 2025-04-30 09:31:32.556

	at io.grpc.stub.ServerCalls$StreamingServerCallHandler$StreamingServerCallListener.onCancel(ServerCalls.java:284)
	at io.grpc.internal.ServerCallImpl$ServerStreamListenerImpl.closedInternal(ServerCallImpl.java:353)
	at io.grpc.internal.ServerCallImpl$ServerStreamListenerImpl.closed(ServerCallImpl.java:341)
	at io.grpc.internal.ServerImpl$JumpToApplicationThreadServerStreamListener$1Closed.runInContext(ServerImpl.java:844)
	at io.grpc.internal.ContextRunnable.run(ContextRunnable.java:37)
	at io.grpc.internal.SerializingExecutor.run(SerializingExecutor.java:123)
	at java.base/java.util.concurrent.ThreadPoolExecutor.runWorker(ThreadPoolExecutor.java:1128)
	at java.base/java.util.concurrent.ThreadPoolExecutor$Worker.run(ThreadPoolExecutor.java:628)
	at java.base/java.lang.Thread.run(Thread.java:829)
[grpc-default-executor-47] ERROR site.ycsb.db.rocksdb.Replicator - Encountered error in sendReply
[grpc-default-executor-43] ERROR site.ycsb.db.rocksdb.Replicator - Encountered error in sendReply
io.grpc.StatusRuntimeException: CANCELLED: client cancelled
	at io.grpc.Status.asRuntimeException(Status.java:526)
	at io.grpc.stub.ServerCalls$StreamingServerCallHandler$StreamingServerCallListener.onCancel(ServerCalls.java:284)
	at io.grpc.internal.ServerCallImpl$ServerStreamListenerImpl.closedInternal(ServerCallImpl.java:353)
	at io.grpc.internal.ServerCallImpl$ServerStreamListenerImpl.closed(ServerCallImpl.java:341)
	at io.grpc.internal.ServerImpl$JumpToApplicationThreadServerStreamListener$1Closed.runInContext(ServerImpl.java:844)
	at io.grpc.internal.ContextRunnable.run(ContextRunnable.java:37)
	at io.grpc.internal.SerializingExecutor.run(SerializingExecutor.java:123)
sendReply.onError shard: 2 client: 2 write:true 2025-04-30 09:31:32.557
sendReply.onError shard: -1 client: -1 write:false 2025-04-30 09:31:32.557
	at java.base/java.util.concurrent.ThreadPoolExecutor.runWorker(ThreadPoolExecutor.java:1128)
dumbObserver.onCompleted shard: 0 client: 2 write:true 2025-04-30 09:31:32.557	at java.base/java.util.concurrent.ThreadPoolExecutor$Worker.run(ThreadPoolExecutor.java:628)

	at java.base/java.lang.Thread.run(Thread.java:829)
[grpc-default-executor-55] ERROR site.ycsb.db.rocksdb.Replicator - Encountered error in sendReplydumbObserver.onError shard: 0 client: 2 write:true 2025-04-30 09:31:32.557

[grpc-default-executor-42] ERROR site.ycsb.db.rocksdb.Replicator - Encountered error in sendReplysendReply.onError shard: 0 client: 2 write:true 2025-04-30 09:31:32.557

dumbObserver.onCompleted shard: 2 client: 2 write:true 2025-04-30 09:31:32.557io.grpc.StatusRuntimeException: CANCELLED: client cancelled

dumbObserver.onCompleted shard: 1 client: 2 write:true 2025-04-30 09:31:32.557
dumbObserver.onError shard: 2 client: 2 write:true 2025-04-30 09:31:32.558
dumbObserver.onError shard: 1 client: 2 write:true 2025-04-30 09:31:32.557	at io.grpc.Status.asRuntimeException(Status.java:526)

	at io.grpc.stub.ServerCalls$StreamingServerCallHandler$StreamingServerCallListener.onCancel(ServerCalls.java:284)
	at io.grpc.internal.ServerCallImpl$ServerStreamListenerImpl.closedInternal(ServerCallImpl.java:353)
	at io.grpc.internal.ServerCallImpl$ServerStreamListenerImpl.closed(ServerCallImpl.java:341)
	at io.grpc.internal.ServerImpl$JumpToApplicationThreadServerStreamListener$1Closed.runInContext(ServerImpl.java:844)
	at io.grpc.internal.ContextRunnable.run(ContextRunnable.java:37)
	at io.grpc.internal.SerializingExecutor.run(SerializingExecutor.java:123)
	at java.base/java.util.concurrent.ThreadPoolExecutor.runWorker(ThreadPoolExecutor.java:1128)
	at java.base/java.util.concurrent.ThreadPoolExecutor$Worker.run(ThreadPoolExecutor.java:628)
	at java.base/java.lang.Thread.run(Thread.java:829)
[grpc-default-executor-56] ERROR site.ycsb.db.rocksdb.Replicator - Encountered error in sendReply
io.grpc.StatusRuntimeException: CANCELLED: client cancelled
	at io.grpc.Status.asRuntimeException(Status.java:526)
	at io.grpc.stub.ServerCalls$StreamingServerCallHandler$StreamingServerCallListener.onCancel(ServerCalls.java:284)
	at io.grpc.internal.ServerCallImpl$ServerStreamListenerImpl.closedInternal(ServerCallImpl.java:353)
	at io.grpc.internal.ServerCallImpl$ServerStreamListenerImpl.closed(ServerCallImpl.java:341)
	at io.grpc.internal.ServerImpl$JumpToApplicationThreadServerStreamListener$1Closed.runInContext(ServerImpl.java:844)
	at io.grpc.internal.ContextRunnable.run(ContextRunnable.java:37)
	at io.grpc.internal.SerializingExecutor.run(SerializingExecutor.java:123)
	at java.base/java.util.concurrent.ThreadPoolExecutor.runWorker(ThreadPoolExecutor.java:1128)
	at java.base/java.util.concurrent.ThreadPoolExecutor$Worker.run(ThreadPoolExecutor.java:628)
	at java.base/java.lang.Thread.run(Thread.java:829)
io.grpc.StatusRuntimeException: CANCELLED: client cancelled
	at io.grpc.Status.asRuntimeException(Status.java:526)
	at io.grpc.stub.ServerCalls$StreamingServerCallHandler$StreamingServerCallListener.onCancel(ServerCalls.java:284)
	at io.grpc.internal.ServerCallImpl$ServerStreamListenerImpl.closedInternal(ServerCallImpl.java:353)
	at io.grpc.internal.ServerCallImpl$ServerStreamListenerImpl.closed(ServerCallImpl.java:341)
	at io.grpc.internal.ServerImpl$JumpToApplicationThreadServerStreamListener$1Closed.runInContext(ServerImpl.java:844)
	at io.grpc.internal.ContextRunnable.run(ContextRunnable.java:37)
	at io.grpc.internal.SerializingExecutor.run(SerializingExecutor.java:123)
	at java.base/java.util.concurrent.ThreadPoolExecutor.runWorker(ThreadPoolExecutor.java:1128)
	at java.base/java.util.concurrent.ThreadPoolExecutor$Worker.run(ThreadPoolExecutor.java:628)
	at java.base/java.lang.Thread.run(Thread.java:829)
io.grpc.StatusRuntimeException: CANCELLED: client cancelled
	at io.grpc.Status.asRuntimeException(Status.java:526)
	at io.grpc.stub.ServerCalls$StreamingServerCallHandler$StreamingServerCallListener.onCancel(ServerCalls.java:284)
	at io.grpc.internal.ServerCallImpl$ServerStreamListenerImpl.closedInternal(ServerCallImpl.java:353)
	at io.grpc.internal.ServerCallImpl$ServerStreamListenerImpl.closed(ServerCallImpl.java:341)
	at io.grpc.internal.ServerImpl$JumpToApplicationThreadServerStreamListener$1Closed.runInContext(ServerImpl.java:844)
	at io.grpc.internal.ContextRunnable.run(ContextRunnable.java:37)
	at io.grpc.internal.SerializingExecutor.run(SerializingExecutor.java:123)
	at java.base/java.util.concurrent.ThreadPoolExecutor.runWorker(ThreadPoolExecutor.java:1128)
	at java.base/java.util.concurrent.ThreadPoolExecutor$Worker.run(ThreadPoolExecutor.java:628)
	at java.base/java.lang.Thread.run(Thread.java:829)
observerMap[0] [3] [0] changes from null to io.grpc.stub.ServerCalls$ServerCallStreamObserverImpl@2e530676
observerMap[2] [2] [0] changes from null to io.grpc.stub.ServerCalls$ServerCallStreamObserverImpl@7e05a944
observerMap[2] [1] [0] changes from null to io.grpc.stub.ServerCalls$ServerCallStreamObserverImpl@62dca5e
observerMap[2] [0] [0] changes from null to io.grpc.stub.ServerCalls$ServerCallStreamObserverImpl@7723b326
observerAccumulator 25 shard 2
observerAccumulator 26 shard 2
observerMap[1] [0] [0] changes from null to io.grpc.stub.ServerCalls$ServerCallStreamObserverImpl@19f0bff2
observerMap[1] [2] [0] changes from null to io.grpc.stub.ServerCalls$ServerCallStreamObserverImpl@4bbe4885
observerAccumulator 27 shard 1
observerAccumulator 28 shard 0
observerAccumulator 30 shard 2
observerAccumulator 30 shard 1
observerMap[1] [3] [0] changes from null to io.grpc.stub.ServerCalls$ServerCallStreamObserverImpl@1383ab2a
observerAccumulator 31 shard 1
observerMap[0] [0] [0] changes from null to io.grpc.stub.ServerCalls$ServerCallStreamObserverImpl@67f12a70
observerMap[1] [1] [0] changes from null to io.grpc.stub.ServerCalls$ServerCallStreamObserverImpl@4402b0e0
observerAccumulator 32 shard 0
observerMap[0] [2] [0] changes from null to io.grpc.stub.ServerCalls$ServerCallStreamObserverImpl@4b302b9e
observerAccumulator 33 shard 1
observerMap[2] [3] [0] changes from null to io.grpc.stub.ServerCalls$ServerCallStreamObserverImpl@70fe52f9
observerAccumulator 34 shard 0
observerAccumulator 35 shard 2
observerMap[0] [1] [0] changes from null to io.grpc.stub.ServerCalls$ServerCallStreamObserverImpl@2ecdd125
observerAccumulator 36 shard 0
observerMap[2] [2] [1] changes from io.grpc.stub.ServerCalls$ServerCallStreamObserverImpl@199c1bbf to io.grpc.stub.ServerCalls$ServerCallStreamObserverImpl@75f9ad91
observerAccumulator 37 shard 2
observerMap[2] [3] [1] changes from io.grpc.stub.ServerCalls$ServerCallStreamObserverImpl@757779cd to io.grpc.stub.ServerCalls$ServerCallStreamObserverImpl@687cd476
observerAccumulator 38 shard 2
observerMap[1] [2] [1] changes from io.grpc.stub.ServerCalls$ServerCallStreamObserverImpl@1467364 to io.grpc.stub.ServerCalls$ServerCallStreamObserverImpl@661cbc2c
observerAccumulator 39 shard 1
observerMap[1] [1] [1] changes from io.grpc.stub.ServerCalls$ServerCallStreamObserverImpl@16004d03 to io.grpc.stub.ServerCalls$ServerCallStreamObserverImpl@1beb279
observerAccumulator 40 shard 1
observerMap[2] [1] [1] changes from io.grpc.stub.ServerCalls$ServerCallStreamObserverImpl@156a9ddf to io.grpc.stub.ServerCalls$ServerCallStreamObserverImpl@62b69d6
observerAccumulator 41 shard 2
observerMap[1] [3] [1] changes from io.grpc.stub.ServerCalls$ServerCallStreamObserverImpl@29d4cd91 to io.grpc.stub.ServerCalls$ServerCallStreamObserverImpl@3696c6ae
observerAccumulator 42 shard 1
observerMap[0] [3] [1] changes from io.grpc.stub.ServerCalls$ServerCallStreamObserverImpl@911de13 to io.grpc.stub.ServerCalls$ServerCallStreamObserverImpl@28e5938
observerAccumulator 43 shard 0
observerMap[2] [0] [1] changes from io.grpc.stub.ServerCalls$ServerCallStreamObserverImpl@2c894a1b to io.grpc.stub.ServerCalls$ServerCallStreamObserverImpl@24edb46d
observerMap[0] [1] [1] changes from io.grpc.stub.ServerCalls$ServerCallStreamObserverImpl@279f53c7 to io.grpc.stub.ServerCalls$ServerCallStreamObserverImpl@1bc84ac
observerAccumulator 45 shard 0
observerAccumulator 45 shard 2
observerMap[0] [0] [1] changes from io.grpc.stub.ServerCalls$ServerCallStreamObserverImpl@2e888a36 to io.grpc.stub.ServerCalls$ServerCallStreamObserverImpl@6bac6dbe
observerAccumulator 46 shard 0
observerMap[1] [0] [1] changes from io.grpc.stub.ServerCalls$ServerCallStreamObserverImpl@72300535 to io.grpc.stub.ServerCalls$ServerCallStreamObserverImpl@24e95b6e
observerAccumulator 47 shard 1
observerMap[0] [2] [1] changes from io.grpc.stub.ServerCalls$ServerCallStreamObserverImpl@6d36ce2e to io.grpc.stub.ServerCalls$ServerCallStreamObserverImpl@3cb29af6
observerAccumulator 48 shard 0
headObserver.onCompleted shard: 2 client: 2 write:true 2025-04-30 09:37:38.75
headObserver.onCompleted shard: 0 client: 2 write:true 2025-04-30 09:37:38.75
tailObserver.onCompleted shard: 1 client: 2 write:false 2025-04-30 09:37:38.75
headObserver.onCompleted shard: 1 client: 2 write:true 2025-04-30 09:37:38.75
tailObserver.onCompleted shard: 2 client: 2 write:false 2025-04-30 09:37:38.75
tailObserver.onCompleted shard: 0 client: 2 write:false 2025-04-30 09:37:38.75
sendReply.onError shard: 0 client: 2 write:false 2025-04-30 09:37:38.75
sendReply.onError shard: 1 client: 2 write:false 2025-04-30 09:37:38.75
sendReply.onError shard: 2 client: 2 write:false 2025-04-30 09:37:38.75
[grpc-default-executor-113] ERROR site.ycsb.db.rocksdb.Replicator - Encountered error in sendReply
[grpc-default-executor-117] ERROR site.ycsb.db.rocksdb.Replicator - Encountered error in sendReply
[grpc-default-executor-112] ERROR site.ycsb.db.rocksdb.Replicator - Encountered error in sendReply
sendReply.onError shard: 2 client: 2 write:true 2025-04-30 09:37:38.751
[grpc-default-executor-116] ERROR site.ycsb.db.rocksdb.Replicator - Encountered error in sendReply
sendReply.onError shard: 0 client: 2 write:true 2025-04-30 09:37:38.751
sendReply.onError shard: 1 client: 2 write:true 2025-04-30 09:37:38.751
io.grpc.StatusRuntimeException: CANCELLED: client cancelled
	at io.grpc.Status.asRuntimeException(Status.java:526)
	at io.grpc.stub.ServerCalls$StreamingServerCallHandler$StreamingServerCallListener.onCancel(ServerCalls.java:284)
	at io.grpc.internal.ServerCallImpl$ServerStreamListenerImpl.closedInternal(ServerCallImpl.java:353)
	at io.grpc.internal.ServerCallImpl$ServerStreamListenerImpl.closed(ServerCallImpl.java:341)
	at io.grpc.internal.ServerImpl$JumpToApplicationThreadServerStreamListener$1Closed.runInContext(ServerImpl.java:844)
	at io.grpc.internal.ContextRunnable.run(ContextRunnable.java:37)
	at io.grpc.internal.SerializingExecutor.run(SerializingExecutor.java:123)
	at java.base/java.util.concurrent.ThreadPoolExecutor.runWorker(ThreadPoolExecutor.java:1128)
	at java.base/java.util.concurrent.ThreadPoolExecutor$Worker.run(ThreadPoolExecutor.java:628)
	at java.base/java.lang.Thread.run(Thread.java:829)
io.grpc.StatusRuntimeException: CANCELLED: client cancelled
	at io.grpc.Status.asRuntimeException(Status.java:526)
	at io.grpc.stub.ServerCalls$StreamingServerCallHandler$StreamingServerCallListener.onCancel(ServerCalls.java:284)
	at io.grpc.internal.ServerCallImpl$ServerStreamListenerImpl.closedInternal(ServerCallImpl.java:353)
	at io.grpc.internal.ServerCallImpl$ServerStreamListenerImpl.closed(ServerCallImpl.java:341)
	at io.grpc.internal.ServerImpl$JumpToApplicationThreadServerStreamListener$1Closed.runInContext(ServerImpl.java:844)
	at io.grpc.internal.ContextRunnable.run(ContextRunnable.java:37)
	at io.grpc.internal.SerializingExecutor.run(SerializingExecutor.java:123)
	at java.base/java.util.concurrent.ThreadPoolExecutor.runWorker(ThreadPoolExecutor.java:1128)
	at java.base/java.util.concurrent.ThreadPoolExecutor$Worker.run(ThreadPoolExecutor.java:628)
	at java.base/java.lang.Thread.run(Thread.java:829)
[grpc-default-executor-107] ERROR site.ycsb.db.rocksdb.Replicator - Encountered error in sendReply
io.grpc.StatusRuntimeException: CANCELLED: client cancelled
	at io.grpc.Status.asRuntimeException(Status.java:526)
	at io.grpc.stub.ServerCalls$StreamingServerCallHandler$StreamingServerCallListener.onCancel(ServerCalls.java:284)
	at io.grpc.internal.ServerCallImpl$ServerStreamListenerImpl.closedInternal(ServerCallImpl.java:353)
	at io.grpc.internal.ServerCallImpl$ServerStreamListenerImpl.closed(ServerCallImpl.java:341)
dumbObserver.onCompleted shard: 2 client: 2 write:false 2025-04-30 09:37:38.751	at io.grpc.internal.ServerImpl$JumpToApplicationThreadServerStreamListener$1Closed.runInContext(ServerImpl.java:844)

	at io.grpc.internal.ContextRunnable.run(ContextRunnable.java:37)
dumbObserver.onCompleted shard: 0 client: 2 write:false 2025-04-30 09:37:38.751	at io.grpc.internal.SerializingExecutor.run(SerializingExecutor.java:123)

	at java.base/java.util.concurrent.ThreadPoolExecutor.runWorker(ThreadPoolExecutor.java:1128)
dumbObserver.onCompleted shard: 1 client: 2 write:false 2025-04-30 09:37:38.751	at java.base/java.util.concurrent.ThreadPoolExecutor$Worker.run(ThreadPoolExecutor.java:628)

dumbObserver.onCompleted shard: 1 client: 2 write:true 2025-04-30 09:37:38.751	at java.base/java.lang.Thread.run(Thread.java:829)

dumbObserver.onCompleted shard: 0 client: 2 write:true 2025-04-30 09:37:38.751[grpc-default-executor-106] ERROR site.ycsb.db.rocksdb.Replicator - Encountered error in sendReply

dumbObserver.onCompleted shard: 2 client: 2 write:true 2025-04-30 09:37:38.751
io.grpc.StatusRuntimeException: CANCELLED: client cancelled
	at io.grpc.Status.asRuntimeException(Status.java:526)
	at io.grpc.stub.ServerCalls$StreamingServerCallHandler$StreamingServerCallListener.onCancel(ServerCalls.java:284)
	at io.grpc.internal.ServerCallImpl$ServerStreamListenerImpl.closedInternal(ServerCallImpl.java:353)
	at io.grpc.internal.ServerCallImpl$ServerStreamListenerImpl.closed(ServerCallImpl.java:341)
	at io.grpc.internal.ServerImpl$JumpToApplicationThreadServerStreamListener$1Closed.runInContext(ServerImpl.java:844)
	at io.grpc.internal.ContextRunnable.run(ContextRunnable.java:37)
	at io.grpc.internal.SerializingExecutor.run(SerializingExecutor.java:123)
	at java.base/java.util.concurrent.ThreadPoolExecutor.runWorker(ThreadPoolExecutor.java:1128)
	at java.base/java.util.concurrent.ThreadPoolExecutor$Worker.run(ThreadPoolExecutor.java:628)
	at java.base/java.lang.Thread.run(Thread.java:829)
io.grpc.StatusRuntimeException: CANCELLED: client cancelled
	at io.grpc.Status.asRuntimeException(Status.java:526)
	at io.grpc.stub.ServerCalls$StreamingServerCallHandler$StreamingServerCallListener.onCancel(ServerCalls.java:284)
	at io.grpc.internal.ServerCallImpl$ServerStreamListenerImpl.closedInternal(ServerCallImpl.java:353)
	at io.grpc.internal.ServerCallImpl$ServerStreamListenerImpl.closed(ServerCallImpl.java:341)
	at io.grpc.internal.ServerImpl$JumpToApplicationThreadServerStreamListener$1Closed.runInContext(ServerImpl.java:844)
	at io.grpc.internal.ContextRunnable.run(ContextRunnable.java:37)
	at io.grpc.internal.SerializingExecutor.run(SerializingExecutor.java:123)
	at java.base/java.util.concurrent.ThreadPoolExecutor.runWorker(ThreadPoolExecutor.java:1128)
	at java.base/java.util.concurrent.ThreadPoolExecutor$Worker.run(ThreadPoolExecutor.java:628)
	at java.base/java.lang.Thread.run(Thread.java:829)
io.grpc.StatusRuntimeException: CANCELLED: client cancelled
	at io.grpc.Status.asRuntimeException(Status.java:526)
	at io.grpc.stub.ServerCalls$StreamingServerCallHandler$StreamingServerCallListener.onCancel(ServerCalls.java:284)
	at io.grpc.internal.ServerCallImpl$ServerStreamListenerImpl.closedInternal(ServerCallImpl.java:353)
	at io.grpc.internal.ServerCallImpl$ServerStreamListenerImpl.closed(ServerCallImpl.java:341)
	at io.grpc.internal.ServerImpl$JumpToApplicationThreadServerStreamListener$1Closed.runInContext(ServerImpl.java:844)
	at io.grpc.internal.ContextRunnable.run(ContextRunnable.java:37)
	at io.grpc.internal.SerializingExecutor.run(SerializingExecutor.java:123)
	at java.base/java.util.concurrent.ThreadPoolExecutor.runWorker(ThreadPoolExecutor.java:1128)
	at java.base/java.util.concurrent.ThreadPoolExecutor$Worker.run(ThreadPoolExecutor.java:628)
	at java.base/java.lang.Thread.run(Thread.java:829)
tailObserver.onCompleted shard: 0 client: 1 write:false 2025-04-30 09:37:38.902
tailObserver.onCompleted shard: 2 client: 1 write:false 2025-04-30 09:37:38.902
headObserver.onCompleted shard: 2 client: 1 write:true 2025-04-30 09:37:38.902
headObserver.onCompleted shard: 1 client: 1 write:true 2025-04-30 09:37:38.902
headObserver.onCompleted shard: 0 client: 1 write:true 2025-04-30 09:37:38.902
tailObserver.onCompleted shard: 1 client: 1 write:false 2025-04-30 09:37:38.902
sendReply.onError shard: 1 client: 1 write:false 2025-04-30 09:37:38.902
[grpc-default-executor-117] ERROR site.ycsb.db.rocksdb.Replicator - Encountered error in sendReply
sendReply.onError shard: 2 client: 1 write:false 2025-04-30 09:37:38.903io.grpc.StatusRuntimeException: CANCELLED: client cancelled

sendReply.onError shard: 0 client: 1 write:false 2025-04-30 09:37:38.903
	at io.grpc.Status.asRuntimeException(Status.java:526)
	at io.grpc.stub.ServerCalls$StreamingServerCallHandler$StreamingServerCallListener.onCancel(ServerCalls.java:284)
	at io.grpc.internal.ServerCallImpl$ServerStreamListenerImpl.closedInternal(ServerCallImpl.java:353)
	at io.grpc.internal.ServerCallImpl$ServerStreamListenerImpl.closed(ServerCallImpl.java:341)
	at io.grpc.internal.ServerImpl$JumpToApplicationThreadServerStreamListener$1Closed.runInContext(ServerImpl.java:844)
	at io.grpc.internal.ContextRunnable.run(ContextRunnable.java:37)
	at io.grpc.internal.SerializingExecutor.run(SerializingExecutor.java:123)
dumbObserver.onCompleted shard: 1 client: 1 write:false 2025-04-30 09:37:38.903
	at java.base/java.util.concurrent.ThreadPoolExecutor.runWorker(ThreadPoolExecutor.java:1128)sendReply.onError shard: 1 client: 1 write:true 2025-04-30 09:37:38.903

	at java.base/java.util.concurrent.ThreadPoolExecutor$Worker.run(ThreadPoolExecutor.java:628)
	at java.base/java.lang.Thread.run(Thread.java:829)
sendReply.onError shard: 0 client: 1 write:true 2025-04-30 09:37:38.903[grpc-default-executor-116] ERROR site.ycsb.db.rocksdb.Replicator - Encountered error in sendReply

[grpc-default-executor-112] ERROR site.ycsb.db.rocksdb.Replicator - Encountered error in sendReply
sendReply.onError shard: 2 client: 1 write:true 2025-04-30 09:37:38.903io.grpc.StatusRuntimeException: CANCELLED: client cancelled

dumbObserver.onCompleted shard: 0 client: 1 write:false 2025-04-30 09:37:38.903
	at io.grpc.Status.asRuntimeException(Status.java:526)
	at io.grpc.stub.ServerCalls$StreamingServerCallHandler$StreamingServerCallListener.onCancel(ServerCalls.java:284)
	at io.grpc.internal.ServerCallImpl$ServerStreamListenerImpl.closedInternal(ServerCallImpl.java:353)
	at io.grpc.internal.ServerCallImpl$ServerStreamListenerImpl.closed(ServerCallImpl.java:341)dumbObserver.onCompleted shard: 2 client: 1 write:false 2025-04-30 09:37:38.904

	at io.grpc.internal.ServerImpl$JumpToApplicationThreadServerStreamListener$1Closed.runInContext(ServerImpl.java:844)
	at io.grpc.internal.ContextRunnable.run(ContextRunnable.java:37)dumbObserver.onCompleted shard: 2 client: 1 write:true 2025-04-30 09:37:38.904

	at io.grpc.internal.SerializingExecutor.run(SerializingExecutor.java:123)
	at java.base/java.util.concurrent.ThreadPoolExecutor.runWorker(ThreadPoolExecutor.java:1128)
	at java.base/java.util.concurrent.ThreadPoolExecutor$Worker.run(ThreadPoolExecutor.java:628)
	at java.base/java.lang.Thread.run(Thread.java:829)
dumbObserver.onCompleted shard: 0 client: 1 write:true 2025-04-30 09:37:38.904[grpc-default-executor-106] ERROR site.ycsb.db.rocksdb.Replicator - Encountered error in sendReply

[grpc-default-executor-115] ERROR site.ycsb.db.rocksdb.Replicator - Encountered error in sendReply
dumbObserver.onCompleted shard: 1 client: 1 write:true 2025-04-30 09:37:38.904io.grpc.StatusRuntimeException: CANCELLED: client cancelled

	at io.grpc.Status.asRuntimeException(Status.java:526)
	at io.grpc.stub.ServerCalls$StreamingServerCallHandler$StreamingServerCallListener.onCancel(ServerCalls.java:284)
	at io.grpc.internal.ServerCallImpl$ServerStreamListenerImpl.closedInternal(ServerCallImpl.java:353)
	at io.grpc.internal.ServerCallImpl$ServerStreamListenerImpl.closed(ServerCallImpl.java:341)
	at io.grpc.internal.ServerImpl$JumpToApplicationThreadServerStreamListener$1Closed.runInContext(ServerImpl.java:844)
	at io.grpc.internal.ContextRunnable.run(ContextRunnable.java:37)
	at io.grpc.internal.SerializingExecutor.run(SerializingExecutor.java:123)
	at java.base/java.util.concurrent.ThreadPoolExecutor.runWorker(ThreadPoolExecutor.java:1128)
	at java.base/java.util.concurrent.ThreadPoolExecutor$Worker.run(ThreadPoolExecutor.java:628)
	at java.base/java.lang.Thread.run(Thread.java:829)
[grpc-default-executor-114] ERROR site.ycsb.db.rocksdb.Replicator - Encountered error in sendReply
io.grpc.StatusRuntimeException: CANCELLED: client cancelled
	at io.grpc.Status.asRuntimeException(Status.java:526)
	at io.grpc.stub.ServerCalls$StreamingServerCallHandler$StreamingServerCallListener.onCancel(ServerCalls.java:284)
	at io.grpc.internal.ServerCallImpl$ServerStreamListenerImpl.closedInternal(ServerCallImpl.java:353)
	at io.grpc.internal.ServerCallImpl$ServerStreamListenerImpl.closed(ServerCallImpl.java:341)
	at io.grpc.internal.ServerImpl$JumpToApplicationThreadServerStreamListener$1Closed.runInContext(ServerImpl.java:844)
	at io.grpc.internal.ContextRunnable.run(ContextRunnable.java:37)
	at io.grpc.internal.SerializingExecutor.run(SerializingExecutor.java:123)
	at java.base/java.util.concurrent.ThreadPoolExecutor.runWorker(ThreadPoolExecutor.java:1128)
	at java.base/java.util.concurrent.ThreadPoolExecutor$Worker.run(ThreadPoolExecutor.java:628)
	at java.base/java.lang.Thread.run(Thread.java:829)
io.grpc.StatusRuntimeException: CANCELLED: client cancelled
	at io.grpc.Status.asRuntimeException(Status.java:526)
	at io.grpc.stub.ServerCalls$StreamingServerCallHandler$StreamingServerCallListener.onCancel(ServerCalls.java:284)
	at io.grpc.internal.ServerCallImpl$ServerStreamListenerImpl.closedInternal(ServerCallImpl.java:353)
	at io.grpc.internal.ServerCallImpl$ServerStreamListenerImpl.closed(ServerCallImpl.java:341)
	at io.grpc.internal.ServerImpl$JumpToApplicationThreadServerStreamListener$1Closed.runInContext(ServerImpl.java:844)
	at io.grpc.internal.ContextRunnable.run(ContextRunnable.java:37)
	at io.grpc.internal.SerializingExecutor.run(SerializingExecutor.java:123)
	at java.base/java.util.concurrent.ThreadPoolExecutor.runWorker(ThreadPoolExecutor.java:1128)
	at java.base/java.util.concurrent.ThreadPoolExecutor$Worker.run(ThreadPoolExecutor.java:628)
	at java.base/java.lang.Thread.run(Thread.java:829)
io.grpc.StatusRuntimeException: CANCELLED: client cancelled
	at io.grpc.Status.asRuntimeException(Status.java:526)
	at io.grpc.stub.ServerCalls$StreamingServerCallHandler$StreamingServerCallListener.onCancel(ServerCalls.java:284)
	at io.grpc.internal.ServerCallImpl$ServerStreamListenerImpl.closedInternal(ServerCallImpl.java:353)
	at io.grpc.internal.ServerCallImpl$ServerStreamListenerImpl.closed(ServerCallImpl.java:341)
	at io.grpc.internal.ServerImpl$JumpToApplicationThreadServerStreamListener$1Closed.runInContext(ServerImpl.java:844)
	at io.grpc.internal.ContextRunnable.run(ContextRunnable.java:37)
	at io.grpc.internal.SerializingExecutor.run(SerializingExecutor.java:123)
	at java.base/java.util.concurrent.ThreadPoolExecutor.runWorker(ThreadPoolExecutor.java:1128)
	at java.base/java.util.concurrent.ThreadPoolExecutor$Worker.run(ThreadPoolExecutor.java:628)
	at java.base/java.lang.Thread.run(Thread.java:829)
tailObserver.onCompleted shard: 0 client: 0 write:false 2025-04-30 09:37:39.066
headObserver.onCompleted shard: 2 client: 0 write:true 2025-04-30 09:37:39.066
tailObserver.onCompleted shard: 2 client: 0 write:false 2025-04-30 09:37:39.066
headObserver.onCompleted shard: 0 client: 0 write:true 2025-04-30 09:37:39.066
headObserver.onCompleted shard: 1 client: 0 write:true 2025-04-30 09:37:39.066
tailObserver.onCompleted shard: 1 client: 0 write:false 2025-04-30 09:37:39.066
sendReply.onError shard: 0 client: 0 write:false 2025-04-30 09:37:39.066
[grpc-default-executor-112] ERROR site.ycsb.db.rocksdb.Replicator - Encountered error in sendReply
sendReply.onError shard: 1 client: 0 write:false 2025-04-30 09:37:39.066
sendReply.onError shard: 2 client: 0 write:false 2025-04-30 09:37:39.066io.grpc.StatusRuntimeException: CANCELLED: client cancelled

	at io.grpc.Status.asRuntimeException(Status.java:526)
	at io.grpc.stub.ServerCalls$StreamingServerCallHandler$StreamingServerCallListener.onCancel(ServerCalls.java:284)
	at io.grpc.internal.ServerCallImpl$ServerStreamListenerImpl.closedInternal(ServerCallImpl.java:353)
	at io.grpc.internal.ServerCallImpl$ServerStreamListenerImpl.closed(ServerCallImpl.java:341)
	at io.grpc.internal.ServerImpl$JumpToApplicationThreadServerStreamListener$1Closed.runInContext(ServerImpl.java:844)
	at io.grpc.internal.ContextRunnable.run(ContextRunnable.java:37)
	at io.grpc.internal.SerializingExecutor.run(SerializingExecutor.java:123)
	at java.base/java.util.concurrent.ThreadPoolExecutor.runWorker(ThreadPoolExecutor.java:1128)
	at java.base/java.util.concurrent.ThreadPoolExecutor$Worker.run(ThreadPoolExecutor.java:628)
	at java.base/java.lang.Thread.run(Thread.java:829)
[grpc-default-executor-106] ERROR site.ycsb.db.rocksdb.Replicator - Encountered error in sendReply
[grpc-default-executor-115] ERROR site.ycsb.db.rocksdb.Replicator - Encountered error in sendReply
io.grpc.StatusRuntimeException: CANCELLED: client cancelled
	at io.grpc.Status.asRuntimeException(Status.java:526)
	at io.grpc.stub.ServerCalls$StreamingServerCallHandler$StreamingServerCallListener.onCancel(ServerCalls.java:284)
	at io.grpc.internal.ServerCallImpl$ServerStreamListenerImpl.closedInternal(ServerCallImpl.java:353)
dumbObserver.onCompleted shard: 0 client: 0 write:false 2025-04-30 09:37:39.066	at io.grpc.internal.ServerCallImpl$ServerStreamListenerImpl.closed(ServerCallImpl.java:341)

	at io.grpc.internal.ServerImpl$JumpToApplicationThreadServerStreamListener$1Closed.runInContext(ServerImpl.java:844)
	at io.grpc.internal.ContextRunnable.run(ContextRunnable.java:37)
	at io.grpc.internal.SerializingExecutor.run(SerializingExecutor.java:123)
	at java.base/java.util.concurrent.ThreadPoolExecutor.runWorker(ThreadPoolExecutor.java:1128)
	at java.base/java.util.concurrent.ThreadPoolExecutor$Worker.run(ThreadPoolExecutor.java:628)
	at java.base/java.lang.Thread.run(Thread.java:829)
sendReply.onError shard: 2 client: 0 write:true 2025-04-30 09:37:39.066
io.grpc.StatusRuntimeException: CANCELLED: client cancelled
sendReply.onError shard: 1 client: 0 write:true 2025-04-30 09:37:39.067	at io.grpc.Status.asRuntimeException(Status.java:526)

sendReply.onError shard: 0 client: 0 write:true 2025-04-30 09:37:39.066	at io.grpc.stub.ServerCalls$StreamingServerCallHandler$StreamingServerCallListener.onCancel(ServerCalls.java:284)

dumbObserver.onCompleted shard: 0 client: 0 write:true 2025-04-30 09:37:39.067	at io.grpc.internal.ServerCallImpl$ServerStreamListenerImpl.closedInternal(ServerCallImpl.java:353)

	at io.grpc.internal.ServerCallImpl$ServerStreamListenerImpl.closed(ServerCallImpl.java:341)
dumbObserver.onCompleted shard: 1 client: 0 write:false 2025-04-30 09:37:39.067	at io.grpc.internal.ServerImpl$JumpToApplicationThreadServerStreamListener$1Closed.runInContext(ServerImpl.java:844)

	at io.grpc.internal.ContextRunnable.run(ContextRunnable.java:37)
dumbObserver.onCompleted shard: 2 client: 0 write:false 2025-04-30 09:37:39.067	at io.grpc.internal.SerializingExecutor.run(SerializingExecutor.java:123)

	at java.base/java.util.concurrent.ThreadPoolExecutor.runWorker(ThreadPoolExecutor.java:1128)
	at java.base/java.util.concurrent.ThreadPoolExecutor$Worker.run(ThreadPoolExecutor.java:628)
	at java.base/java.lang.Thread.run(Thread.java:829)
dumbObserver.onCompleted shard: 1 client: 0 write:true 2025-04-30 09:37:39.067[grpc-default-executor-117] ERROR site.ycsb.db.rocksdb.Replicator - Encountered error in sendReply

dumbObserver.onCompleted shard: 2 client: 0 write:true 2025-04-30 09:37:39.067[grpc-default-executor-112] ERROR site.ycsb.db.rocksdb.Replicator - Encountered error in sendReply

io.grpc.StatusRuntimeException: CANCELLED: client cancelled
	at io.grpc.Status.asRuntimeException(Status.java:526)
	at io.grpc.stub.ServerCalls$StreamingServerCallHandler$StreamingServerCallListener.onCancel(ServerCalls.java:284)
	at io.grpc.internal.ServerCallImpl$ServerStreamListenerImpl.closedInternal(ServerCallImpl.java:353)
	at io.grpc.internal.ServerCallImpl$ServerStreamListenerImpl.closed(ServerCallImpl.java:341)
	at io.grpc.internal.ServerImpl$JumpToApplicationThreadServerStreamListener$1Closed.runInContext(ServerImpl.java:844)
	at io.grpc.internal.ContextRunnable.run(ContextRunnable.java:37)
	at io.grpc.internal.SerializingExecutor.run(SerializingExecutor.java:123)
	at java.base/java.util.concurrent.ThreadPoolExecutor.runWorker(ThreadPoolExecutor.java:1128)
	at java.base/java.util.concurrent.ThreadPoolExecutor$Worker.run(ThreadPoolExecutor.java:628)
	at java.base/java.lang.Thread.run(Thread.java:829)
[grpc-default-executor-114] ERROR site.ycsb.db.rocksdb.Replicator - Encountered error in sendReply
io.grpc.StatusRuntimeException: CANCELLED: client cancelled
	at io.grpc.Status.asRuntimeException(Status.java:526)
	at io.grpc.stub.ServerCalls$StreamingServerCallHandler$StreamingServerCallListener.onCancel(ServerCalls.java:284)
	at io.grpc.internal.ServerCallImpl$ServerStreamListenerImpl.closedInternal(ServerCallImpl.java:353)
	at io.grpc.internal.ServerCallImpl$ServerStreamListenerImpl.closed(ServerCallImpl.java:341)
	at io.grpc.internal.ServerImpl$JumpToApplicationThreadServerStreamListener$1Closed.runInContext(ServerImpl.java:844)
	at io.grpc.internal.ContextRunnable.run(ContextRunnable.java:37)
	at io.grpc.internal.SerializingExecutor.run(SerializingExecutor.java:123)
	at java.base/java.util.concurrent.ThreadPoolExecutor.runWorker(ThreadPoolExecutor.java:1128)
	at java.base/java.util.concurrent.ThreadPoolExecutor$Worker.run(ThreadPoolExecutor.java:628)
	at java.base/java.lang.Thread.run(Thread.java:829)
io.grpc.StatusRuntimeException: CANCELLED: client cancelled
	at io.grpc.Status.asRuntimeException(Status.java:526)
	at io.grpc.stub.ServerCalls$StreamingServerCallHandler$StreamingServerCallListener.onCancel(ServerCalls.java:284)
	at io.grpc.internal.ServerCallImpl$ServerStreamListenerImpl.closedInternal(ServerCallImpl.java:353)
	at io.grpc.internal.ServerCallImpl$ServerStreamListenerImpl.closed(ServerCallImpl.java:341)
	at io.grpc.internal.ServerImpl$JumpToApplicationThreadServerStreamListener$1Closed.runInContext(ServerImpl.java:844)
	at io.grpc.internal.ContextRunnable.run(ContextRunnable.java:37)
	at io.grpc.internal.SerializingExecutor.run(SerializingExecutor.java:123)
	at java.base/java.util.concurrent.ThreadPoolExecutor.runWorker(ThreadPoolExecutor.java:1128)
	at java.base/java.util.concurrent.ThreadPoolExecutor$Worker.run(ThreadPoolExecutor.java:628)
	at java.base/java.lang.Thread.run(Thread.java:829)
headObserver.onCompleted shard: 2 client: 3 write:true 2025-04-30 09:37:39.319
tailObserver.onCompleted shard: 0 client: 3 write:false 2025-04-30 09:37:39.319
tailObserver.onCompleted shard: 1 client: 3 write:false 2025-04-30 09:37:39.319
tailObserver.onCompleted shard: 2 client: 3 write:false 2025-04-30 09:37:39.319
headObserver.onCompleted shard: 1 client: 3 write:true 2025-04-30 09:37:39.319
headObserver.onCompleted shard: 0 client: 3 write:true 2025-04-30 09:37:39.319
sendReply.onError shard: 2 client: 3 write:true 2025-04-30 09:37:39.319
[grpc-default-executor-112] ERROR site.ycsb.db.rocksdb.Replicator - Encountered error in sendReply
io.grpc.StatusRuntimeException: CANCELLED: client cancelled
	at io.grpc.Status.asRuntimeException(Status.java:526)
	at io.grpc.stub.ServerCalls$StreamingServerCallHandler$StreamingServerCallListener.onCancel(ServerCalls.java:284)sendReply.onError shard: 1 client: 3 write:true 2025-04-30 09:37:39.319
	at io.grpc.internal.ServerCallImpl$ServerStreamListenerImpl.closedInternal(ServerCallImpl.java:353)

	at io.grpc.internal.ServerCallImpl$ServerStreamListenerImpl.closed(ServerCallImpl.java:341)
sendReply.onError shard: 0 client: 3 write:true 2025-04-30 09:37:39.319	at io.grpc.internal.ServerImpl$JumpToApplicationThreadServerStreamListener$1Closed.runInContext(ServerImpl.java:844)

	at io.grpc.internal.ContextRunnable.run(ContextRunnable.java:37)
	at io.grpc.internal.SerializingExecutor.run(SerializingExecutor.java:123)
	at java.base/java.util.concurrent.ThreadPoolExecutor.runWorker(ThreadPoolExecutor.java:1128)
	at java.base/java.util.concurrent.ThreadPoolExecutor$Worker.run(ThreadPoolExecutor.java:628)
	at java.base/java.lang.Thread.run(Thread.java:829)
[grpc-default-executor-108] ERROR site.ycsb.db.rocksdb.Replicator - Encountered error in sendReply
[grpc-default-executor-117] ERROR site.ycsb.db.rocksdb.Replicator - Encountered error in sendReply
io.grpc.StatusRuntimeException: CANCELLED: client cancelled
	at io.grpc.Status.asRuntimeException(Status.java:526)
sendReply.onError shard: 2 client: 3 write:false 2025-04-30 09:37:39.319	at io.grpc.stub.ServerCalls$StreamingServerCallHandler$StreamingServerCallListener.onCancel(ServerCalls.java:284)

	at io.grpc.internal.ServerCallImpl$ServerStreamListenerImpl.closedInternal(ServerCallImpl.java:353)
	at io.grpc.internal.ServerCallImpl$ServerStreamListenerImpl.closed(ServerCallImpl.java:341)
	at io.grpc.internal.ServerImpl$JumpToApplicationThreadServerStreamListener$1Closed.runInContext(ServerImpl.java:844)
	at io.grpc.internal.ContextRunnable.run(ContextRunnable.java:37)
	at io.grpc.internal.SerializingExecutor.run(SerializingExecutor.java:123)
	at java.base/java.util.concurrent.ThreadPoolExecutor.runWorker(ThreadPoolExecutor.java:1128)
	at java.base/java.util.concurrent.ThreadPoolExecutor$Worker.run(ThreadPoolExecutor.java:628)
	at java.base/java.lang.Thread.run(Thread.java:829)
[grpc-default-executor-114] ERROR site.ycsb.db.rocksdb.Replicator - Encountered error in sendReply
dumbObserver.onCompleted shard: 2 client: 3 write:false 2025-04-30 09:37:39.32
io.grpc.StatusRuntimeException: CANCELLED: client cancelled
	at io.grpc.Status.asRuntimeException(Status.java:526)
	at io.grpc.stub.ServerCalls$StreamingServerCallHandler$StreamingServerCallListener.onCancel(ServerCalls.java:284)
	at io.grpc.internal.ServerCallImpl$ServerStreamListenerImpl.closedInternal(ServerCallImpl.java:353)
	at io.grpc.internal.ServerCallImpl$ServerStreamListenerImpl.closed(ServerCallImpl.java:341)
	at io.grpc.internal.ServerImpl$JumpToApplicationThreadServerStreamListener$1Closed.runInContext(ServerImpl.java:844)
	at io.grpc.internal.ContextRunnable.run(ContextRunnable.java:37)
	at io.grpc.internal.SerializingExecutor.run(SerializingExecutor.java:123)
	at java.base/java.util.concurrent.ThreadPoolExecutor.runWorker(ThreadPoolExecutor.java:1128)
	at java.base/java.util.concurrent.ThreadPoolExecutor$Worker.run(ThreadPoolExecutor.java:628)
	at java.base/java.lang.Thread.run(Thread.java:829)
io.grpc.StatusRuntimeException: CANCELLED: client cancelled
dumbObserver.onError shard: 0 client: 3 write:true 2025-04-30 09:37:39.32
	at io.grpc.Status.asRuntimeException(Status.java:526)
	at io.grpc.stub.ServerCalls$StreamingServerCallHandler$StreamingServerCallListener.onCancel(ServerCalls.java:284)
	at io.grpc.internal.ServerCallImpl$ServerStreamListenerImpl.closedInternal(ServerCallImpl.java:353)
	at io.grpc.internal.ServerCallImpl$ServerStreamListenerImpl.closed(ServerCallImpl.java:341)dumbObserver.onCompleted shard: 2 client: 3 write:true 2025-04-30 09:37:39.32

	at io.grpc.internal.ServerImpl$JumpToApplicationThreadServerStreamListener$1Closed.runInContext(ServerImpl.java:844)
dumbObserver.onError shard: 1 client: 3 write:false 2025-04-30 09:37:39.32	at io.grpc.internal.ContextRunnable.run(ContextRunnable.java:37)

	at io.grpc.internal.SerializingExecutor.run(SerializingExecutor.java:123)
	at java.base/java.util.concurrent.ThreadPoolExecutor.runWorker(ThreadPoolExecutor.java:1128)
	at java.base/java.util.concurrent.ThreadPoolExecutor$Worker.run(ThreadPoolExecutor.java:628)
dumbObserver.onError shard: 0 client: 3 write:false 2025-04-30 09:37:39.32	at java.base/java.lang.Thread.run(Thread.java:829)

dumbObserver.onCompleted shard: 1 client: 3 write:true 2025-04-30 09:37:39.32
sendReply.onError shard: 0 client: 3 write:false 2025-04-30 09:37:39.32
[grpc-default-executor-117] ERROR site.ycsb.db.rocksdb.Replicator - Encountered error in sendReply
io.grpc.StatusRuntimeException: CANCELLED: client cancelled
	at io.grpc.Status.asRuntimeException(Status.java:526)
	at io.grpc.stub.ServerCalls$StreamingServerCallHandler$StreamingServerCallListener.onCancel(ServerCalls.java:284)
	at io.grpc.internal.ServerCallImpl$ServerStreamListenerImpl.closedInternal(ServerCallImpl.java:353)
	at io.grpc.internal.ServerCallImpl$ServerStreamListenerImpl.closed(ServerCallImpl.java:341)
	at io.grpc.internal.ServerImpl$JumpToApplicationThreadServerStreamListener$1Closed.runInContext(ServerImpl.java:844)
	at io.grpc.internal.ContextRunnable.run(ContextRunnable.java:37)
	at io.grpc.internal.SerializingExecutor.run(SerializingExecutor.java:123)
	at java.base/java.util.concurrent.ThreadPoolExecutor.runWorker(ThreadPoolExecutor.java:1128)
	at java.base/java.util.concurrent.ThreadPoolExecutor$Worker.run(ThreadPoolExecutor.java:628)
	at java.base/java.lang.Thread.run(Thread.java:829)
sendReply.onError shard: 1 client: 3 write:false 2025-04-30 09:37:39.321
[grpc-default-executor-108] ERROR site.ycsb.db.rocksdb.Replicator - Encountered error in sendReply
io.grpc.StatusRuntimeException: CANCELLED: client cancelled
	at io.grpc.Status.asRuntimeException(Status.java:526)
	at io.grpc.stub.ServerCalls$StreamingServerCallHandler$StreamingServerCallListener.onCancel(ServerCalls.java:284)
	at io.grpc.internal.ServerCallImpl$ServerStreamListenerImpl.closedInternal(ServerCallImpl.java:353)
	at io.grpc.internal.ServerCallImpl$ServerStreamListenerImpl.closed(ServerCallImpl.java:341)
	at io.grpc.internal.ServerImpl$JumpToApplicationThreadServerStreamListener$1Closed.runInContext(ServerImpl.java:844)
	at io.grpc.internal.ContextRunnable.run(ContextRunnable.java:37)
	at io.grpc.internal.SerializingExecutor.run(SerializingExecutor.java:123)
	at java.base/java.util.concurrent.ThreadPoolExecutor.runWorker(ThreadPoolExecutor.java:1128)
	at java.base/java.util.concurrent.ThreadPoolExecutor$Worker.run(ThreadPoolExecutor.java:628)
	at java.base/java.lang.Thread.run(Thread.java:829)
*** shutting down gRPC server since JVM is shutting down
*** server shut down
