
nofdb	workloads/workloadb.spec	50
# Load duration (sec): 1648.08
# Loading records:	200000000
# Load throughput (KOPS): 121.353
Count: 200000000  Average: 410.6700  StdDev: 20501.45
Percentiles(us): P50: 230.79 P90: 601.14 P99: 2304.45 P99.9: 14461.03 P99.99: 52652.04
------------------------------------------------------
[      50,      60 )      31   0.000%   0.000% 
[      60,      70 )     671   0.000%   0.000% 
[      70,      80 )    1676   0.001%   0.001% 
[      80,      90 )    3828   0.002%   0.003% 
[      90,     100 )    7941   0.004%   0.007% 
[     100,     120 ) 30862714  15.431%  15.438% ###
[     120,     140 ) 18649514   9.325%  24.763% ##
[     140,     160 ) 9626054   4.813%  29.576% #
[     160,     180 ) 8723566   4.362%  33.938% #
[     180,     200 ) 7288101   3.644%  37.582% #
[     200,     250 ) 40333600  20.167%  57.749% ####
[     250,     300 ) 22015917  11.008%  68.757% ##
[     300,     350 ) 13505570   6.753%  75.510% #
[     350,     400 ) 9416942   4.708%  80.218% #
[     400,     450 ) 6443299   3.222%  83.440% #
[     450,     500 ) 5138153   2.569%  86.009% #
[     500,     600 ) 7923308   3.962%  89.970% #
[     600,     700 ) 5207012   2.604%  92.574% #
[     700,     800 ) 3446731   1.723%  94.297% 
[     800,     900 ) 2344323   1.172%  95.469% 
[     900,    1000 ) 1641147   0.821%  96.290% 
[    1000,    1200 ) 2042181   1.021%  97.311% 
[    1200,    1400 ) 1217397   0.609%  97.920% 
[    1400,    1600 )  796693   0.398%  98.318% 
[    1600,    1800 )  548926   0.274%  98.593% 
[    1800,    2000 )  402027   0.201%  98.794% 
[    2000,    2500 )  677736   0.339%  99.133% 
[    2500,    3000 )  401047   0.201%  99.333% 
[    3000,    3500 )  251336   0.126%  99.459% 
[    3500,    4000 )  171079   0.086%  99.544% 
[    4000,    4500 )  123579   0.062%  99.606% 
[    4500,    5000 )   94367   0.047%  99.653% 
[    5000,    6000 )  134470   0.067%  99.720% 
[    6000,    7000 )   94127   0.047%  99.768% 
[    7000,    8000 )   69768   0.035%  99.802% 
[    8000,    9000 )   52620   0.026%  99.829% 
[    9000,   10000 )   37762   0.019%  99.848% 
[   10000,   12000 )   45372   0.023%  99.870% 
[   12000,   14000 )   49982   0.025%  99.895% 
[   14000,   16000 )   40921   0.020%  99.916% 
[   16000,   18000 )   27904   0.014%  99.930% 
[   18000,   20000 )   18193   0.009%  99.939% 
[   20000,   25000 )   23053   0.012%  99.950% 
[   25000,   30000 )   35031   0.018%  99.968% 
[   30000,   35000 )   19252   0.010%  99.977% 
[   35000,   40000 )    9499   0.005%  99.982% 
[   40000,   45000 )    7629   0.004%  99.986% 
[   45000,   50000 )    5945   0.003%  99.989% 
[   50000,   60000 )    7564   0.004%  99.993% 
[   60000,   70000 )    3939   0.002%  99.995% 
[   70000,   80000 )    2751   0.001%  99.996% 
[   80000,   90000 )    1392   0.001%  99.997% 
[   90000,  100000 )     582   0.000%  99.997% 
[  100000,  120000 )    1071   0.001%  99.998% 
[  120000,  140000 )    1120   0.001%  99.998% 
[  140000,  160000 )     478   0.000%  99.998% 
[  160000,  180000 )     402   0.000%  99.999% 
[  180000,  200000 )     108   0.000%  99.999% 
[  200000,  250000 )     197   0.000%  99.999% 
[  250000,  300000 )     268   0.000%  99.999% 
[  300000,  350000 )     162   0.000%  99.999% 
[  350000,  400000 )      71   0.000%  99.999% 
[  450000,  500000 )      44   0.000%  99.999% 
[  500000,  600000 )     183   0.000%  99.999% 
[  600000,  700000 )     174   0.000%  99.999% 
[  700000,  800000 )     147   0.000%  99.999% 
[  800000,  900000 )     107   0.000%  99.999% 
[  900000, 1000000 )      70   0.000%  99.999% 
[ 1000000, 1200000 )      87   0.000%  99.999% 
[ 1200000, 1400000 )      40   0.000%  99.999% 
[ 1400000, 1600000 )     148   0.000% 100.000% 
[ 1600000, 1800000 )      51   0.000% 100.000% 
[ 1800000, 2000000 )      53   0.000% 100.000% 
[ 2000000, 2500000 )      96   0.000% 100.000% 
[ 2500000, 3000000 )       1   0.000% 100.000% 
[ 4000000, 4500000 )     100   0.000% 100.000% 
[ 4500000, 5000000 )      50   0.000% 100.000% 
[ 5000000, 6000000 )      50   0.000% 100.000% 
[ 6000000, 7000000 )      50   0.000% 100.000% 
[ 9000000, 10000000 )     150   0.000% 100.000% 
[ 10000000, 12000000 )     100   0.000% 100.000% 
[ 12000000, 14000000 )     150   0.000% 100.000% 
[ 20000000, 25000000 )      50   0.000% 100.000% 


# Run duration (sec): 1970.09
# Run operations:	200000000
# Run throughput (KOPS): 101.518
Count: 200000000  Average: 491.3368  StdDev: 13545.46
Percentiles(us): P50: 134.12 P90: 464.09 P99: 1230.62 P99.9: 49358.35 P99.99: 507941.34
------------------------------------------------------
[      30,      35 )       1   0.000%   0.000% 
[      35,      40 )    4637   0.002%   0.002% 
[      40,      45 )  810134   0.405%   0.407% 
[      45,      50 ) 6111043   3.056%   3.463% #
[      50,      60 ) 38479058  19.240%  22.702% ####
[      60,      70 ) 18696747   9.348%  32.051% ##
[      70,      80 ) 6674934   3.337%  35.388% #
[      80,      90 ) 6642594   3.321%  38.710% #
[      90,     100 ) 6050272   3.025%  41.735% #
[     100,     120 ) 9361723   4.681%  46.416% #
[     120,     140 ) 10156943   5.078%  51.494% #
[     140,     160 ) 6456903   3.228%  54.722% #
[     160,     180 ) 5672805   2.836%  57.559% #
[     180,     200 ) 11470314   5.735%  63.294% #
[     200,     250 ) 20549826  10.275%  73.569% ##
[     250,     300 ) 11762650   5.881%  79.450% #
[     300,     350 ) 8382728   4.191%  83.642% #
[     350,     400 ) 6415701   3.208%  86.850% #
[     400,     450 ) 5129706   2.565%  89.414% #
[     450,     500 ) 4156493   2.078%  91.493% 
[     500,     600 ) 5844809   2.922%  94.415% #
[     600,     700 ) 3581343   1.791%  96.206% 
[     700,     800 ) 2219175   1.110%  97.315% 
[     800,     900 ) 1389567   0.695%  98.010% 
[     900,    1000 )  897430   0.449%  98.459% 
[    1000,    1200 ) 1009766   0.505%  98.964% 
[    1200,    1400 )  474884   0.237%  99.201% 
[    1400,    1600 )  230594   0.115%  99.316% 
[    1600,    1800 )  121163   0.061%  99.377% 
[    1800,    2000 )   73887   0.037%  99.414% 
[    2000,    2500 )  107188   0.054%  99.468% 
[    2500,    3000 )   64848   0.032%  99.500% 
[    3000,    3500 )   49613   0.025%  99.525% 
[    3500,    4000 )   41842   0.021%  99.546% 
[    4000,    4500 )   32370   0.016%  99.562% 
[    4500,    5000 )   23273   0.012%  99.573% 
[    5000,    6000 )   46036   0.023%  99.596% 
[    6000,    7000 )   62404   0.031%  99.628% 
[    7000,    8000 )   68550   0.034%  99.662% 
[    8000,    9000 )   51401   0.026%  99.688% 
[    9000,   10000 )   60891   0.030%  99.718% 
[   10000,   12000 )   50496   0.025%  99.743% 
[   12000,   14000 )   37803   0.019%  99.762% 
[   14000,   16000 )   34531   0.017%  99.780% 
[   16000,   18000 )   24650   0.012%  99.792% 
[   18000,   20000 )   13366   0.007%  99.799% 
[   20000,   25000 )   23525   0.012%  99.810% 
[   25000,   30000 )   22919   0.011%  99.822% 
[   30000,   35000 )   29919   0.015%  99.837% 
[   35000,   40000 )   48242   0.024%  99.861% 
[   40000,   45000 )   51303   0.026%  99.886% 
[   45000,   50000 )   30975   0.015%  99.902% 
[   50000,   60000 )   28502   0.014%  99.916% 
[   60000,   70000 )   15602   0.008%  99.924% 
[   70000,   80000 )   20491   0.010%  99.934% 
[   80000,   90000 )   18362   0.009%  99.943% 
[   90000,  100000 )   13885   0.007%  99.950% 
[  100000,  120000 )   10057   0.005%  99.955% 
[  120000,  140000 )    4586   0.002%  99.958% 
[  140000,  160000 )    5864   0.003%  99.961% 
[  160000,  180000 )    8439   0.004%  99.965% 
[  180000,  200000 )   10494   0.005%  99.970% 
[  200000,  250000 )    8707   0.004%  99.974% 
[  250000,  300000 )   11222   0.006%  99.980% 
[  300000,  350000 )    5755   0.003%  99.983% 
[  350000,  400000 )    6221   0.003%  99.986% 
[  400000,  450000 )    4007   0.002%  99.988% 
[  450000,  500000 )    3414   0.002%  99.990% 
[  500000,  600000 )    5251   0.003%  99.992% 
[  600000,  700000 )    3577   0.002%  99.994% 
[  700000,  800000 )    2692   0.001%  99.996% 
[  800000,  900000 )    1844   0.001%  99.996% 
[  900000, 1000000 )    1431   0.001%  99.997% 
[ 1000000, 1200000 )    1988   0.001%  99.998% 
[ 1200000, 1400000 )    1277   0.001%  99.999% 
[ 1400000, 1600000 )     743   0.000%  99.999% 
[ 1600000, 1800000 )     466   0.000%  99.999% 
[ 1800000, 2000000 )     276   0.000% 100.000% 
[ 2000000, 2500000 )     393   0.000% 100.000% 
[ 2500000, 3000000 )     149   0.000% 100.000% 
[ 3000000, 3500000 )      71   0.000% 100.000% 
[ 3500000, 4000000 )      62   0.000% 100.000% 
[ 4000000, 4500000 )      35   0.000% 100.000% 
[ 4500000, 5000000 )      33   0.000% 100.000% 
[ 5000000, 6000000 )      33   0.000% 100.000% 
[ 6000000, 7000000 )      34   0.000% 100.000% 
[ 7000000, 8000000 )      22   0.000% 100.000% 
[ 8000000, 9000000 )      10   0.000% 100.000% 
[ 9000000, 10000000 )      10   0.000% 100.000% 
[ 10000000, 12000000 )       8   0.000% 100.000% 
[ 12000000, 14000000 )       5   0.000% 100.000% 
[ 14000000, 16000000 )       3   0.000% 100.000% 
[ 16000000, 18000000 )       3   0.000% 100.000% 
[ 18000000, 20000000 )       1   0.000% 100.000% 

Read info: 
Count: 190003232  Average: 487.3442  StdDev: 13637.11
Percentiles(us): P50: 128.39 P90: 450.81 P99: 1196.33 P99.9: 49542.18 P99.99: 511330.48
------------------------------------------------------
[      30,      35 )       1   0.000%   0.000% 
[      35,      40 )    4637   0.002%   0.002% 
[      40,      45 )  810134   0.426%   0.429% 
[      45,      50 ) 6111043   3.216%   3.645% #
[      50,      60 ) 38479057  20.252%  23.897% ####
[      60,      70 ) 18696744   9.840%  33.737% ##
[      70,      80 ) 6674887   3.513%  37.250% #
[      80,      90 ) 6642437   3.496%  40.746% #
[      90,     100 ) 6050073   3.184%  43.930% #
[     100,     120 ) 7783892   4.097%  48.027% #
[     120,     140 ) 8936618   4.703%  52.730% #
[     140,     160 ) 6076099   3.198%  55.928% #
[     160,     180 ) 5311075   2.795%  58.724% #
[     180,     200 ) 11121660   5.853%  64.577% #
[     200,     250 ) 18581175   9.779%  74.356% ##
[     250,     300 ) 10978509   5.778%  80.134% #
[     300,     350 ) 7828571   4.120%  84.255% #
[     350,     400 ) 6022711   3.170%  87.424% #
[     400,     450 ) 4830425   2.542%  89.967% #
[     450,     500 ) 3899995   2.053%  92.019% 
[     500,     600 ) 5410145   2.847%  94.867% #
[     600,     700 ) 3228916   1.699%  96.566% 
[     700,     800 ) 1933026   1.017%  97.584% 
[     800,     900 ) 1165948   0.614%  98.197% 
[     900,    1000 )  731219   0.385%  98.582% 
[    1000,    1200 )  809056   0.426%  99.008% 
[    1200,    1400 )  389949   0.205%  99.213% 
[    1400,    1600 )  197469   0.104%  99.317% 
[    1600,    1800 )  108205   0.057%  99.374% 
[    1800,    2000 )   67806   0.036%  99.410% 
[    2000,    2500 )  100773   0.053%  99.463% 
[    2500,    3000 )   61687   0.032%  99.495% 
[    3000,    3500 )   47571   0.025%  99.520% 
[    3500,    4000 )   40358   0.021%  99.541% 
[    4000,    4500 )   31253   0.016%  99.558% 
[    4500,    5000 )   22460   0.012%  99.570% 
[    5000,    6000 )   44217   0.023%  99.593% 
[    6000,    7000 )   59869   0.032%  99.624% 
[    7000,    8000 )   65808   0.035%  99.659% 
[    8000,    9000 )   49284   0.026%  99.685% 
[    9000,   10000 )   58574   0.031%  99.716% 
[   10000,   12000 )   48258   0.025%  99.741% 
[   12000,   14000 )   36259   0.019%  99.760% 
[   14000,   16000 )   33088   0.017%  99.778% 
[   16000,   18000 )   23598   0.012%  99.790% 
[   18000,   20000 )   12848   0.007%  99.797% 
[   20000,   25000 )   22550   0.012%  99.809% 
[   25000,   30000 )   21972   0.012%  99.820% 
[   30000,   35000 )   28597   0.015%  99.835% 
[   35000,   40000 )   46477   0.024%  99.860% 
[   40000,   45000 )   49208   0.026%  99.886% 
[   45000,   50000 )   29763   0.016%  99.901% 
[   50000,   60000 )   27310   0.014%  99.916% 
[   60000,   70000 )   14954   0.008%  99.924% 
[   70000,   80000 )   19673   0.010%  99.934% 
[   80000,   90000 )   17521   0.009%  99.943% 
[   90000,  100000 )   13195   0.007%  99.950% 
[  100000,  120000 )    9593   0.005%  99.955% 
[  120000,  140000 )    4386   0.002%  99.958% 
[  140000,  160000 )    5594   0.003%  99.960% 
[  160000,  180000 )    8035   0.004%  99.965% 
[  180000,  200000 )    9952   0.005%  99.970% 
[  200000,  250000 )    8269   0.004%  99.974% 
[  250000,  300000 )   10686   0.006%  99.980% 
[  300000,  350000 )    5517   0.003%  99.983% 
[  350000,  400000 )    5935   0.003%  99.986% 
[  400000,  450000 )    3827   0.002%  99.988% 
[  450000,  500000 )    3262   0.002%  99.990% 
[  500000,  600000 )    5019   0.003%  99.992% 
[  600000,  700000 )    3436   0.002%  99.994% 
[  700000,  800000 )    2565   0.001%  99.996% 
[  800000,  900000 )    1769   0.001%  99.996% 
[  900000, 1000000 )    1375   0.001%  99.997% 
[ 1000000, 1200000 )    1912   0.001%  99.998% 
[ 1200000, 1400000 )    1213   0.001%  99.999% 
[ 1400000, 1600000 )     715   0.000%  99.999% 
[ 1600000, 1800000 )     452   0.000%  99.999% 
[ 1800000, 2000000 )     263   0.000% 100.000% 
[ 2000000, 2500000 )     386   0.000% 100.000% 
[ 2500000, 3000000 )     145   0.000% 100.000% 
[ 3000000, 3500000 )      69   0.000% 100.000% 
[ 3500000, 4000000 )      59   0.000% 100.000% 
[ 4000000, 4500000 )      35   0.000% 100.000% 
[ 4500000, 5000000 )      31   0.000% 100.000% 
[ 5000000, 6000000 )      33   0.000% 100.000% 
[ 6000000, 7000000 )      33   0.000% 100.000% 
[ 7000000, 8000000 )      20   0.000% 100.000% 
[ 8000000, 9000000 )      10   0.000% 100.000% 
[ 9000000, 10000000 )      10   0.000% 100.000% 
[ 10000000, 12000000 )       7   0.000% 100.000% 
[ 12000000, 14000000 )       5   0.000% 100.000% 
[ 14000000, 16000000 )       3   0.000% 100.000% 
[ 16000000, 18000000 )       3   0.000% 100.000% 
[ 18000000, 20000000 )       1   0.000% 100.000% 

Write info: 
Count: 9996768  Average: 567.2207  StdDev: 11667.18
Percentiles(us): P50: 228.16 P90: 722.55 P99: 1415.80 P99.9: 44909.86 P99.99: 450106.32
------------------------------------------------------
[      50,      60 )       1   0.000%   0.000% 
[      60,      70 )       3   0.000%   0.000% 
[      70,      80 )      47   0.000%   0.001% 
[      80,      90 )     157   0.002%   0.002% 
[      90,     100 )     199   0.002%   0.004% 
[     100,     120 ) 1577831  15.783%  15.787% ###
[     120,     140 ) 1220325  12.207%  27.995% ##
[     140,     160 )  380804   3.809%  31.804% #
[     160,     180 )  361730   3.618%  35.422% #
[     180,     200 )  348654   3.488%  38.910% #
[     200,     250 ) 1968651  19.693%  58.603% ####
[     250,     300 )  784141   7.844%  66.447% ##
[     300,     350 )  554157   5.543%  71.990% #
[     350,     400 )  392990   3.931%  75.921% #
[     400,     450 )  299281   2.994%  78.915% #
[     450,     500 )  256498   2.566%  81.481% #
[     500,     600 )  434664   4.348%  85.829% #
[     600,     700 )  352427   3.525%  89.354% #
[     700,     800 )  286149   2.862%  92.217% #
[     800,     900 )  223619   2.237%  94.454% 
[     900,    1000 )  166211   1.663%  96.116% 
[    1000,    1200 )  200710   2.008%  98.124% 
[    1200,    1400 )   84935   0.850%  98.974% 
[    1400,    1600 )   33125   0.331%  99.305% 
[    1600,    1800 )   12958   0.130%  99.435% 
[    1800,    2000 )    6081   0.061%  99.496% 
[    2000,    2500 )    6415   0.064%  99.560% 
[    2500,    3000 )    3161   0.032%  99.591% 
[    3000,    3500 )    2042   0.020%  99.612% 
[    3500,    4000 )    1484   0.015%  99.627% 
[    4000,    4500 )    1117   0.011%  99.638% 
[    4500,    5000 )     813   0.008%  99.646% 
[    5000,    6000 )    1819   0.018%  99.664% 
[    6000,    7000 )    2535   0.025%  99.690% 
[    7000,    8000 )    2742   0.027%  99.717% 
[    8000,    9000 )    2117   0.021%  99.738% 
[    9000,   10000 )    2317   0.023%  99.761% 
[   10000,   12000 )    2238   0.022%  99.784% 
[   12000,   14000 )    1544   0.015%  99.799% 
[   14000,   16000 )    1443   0.014%  99.814% 
[   16000,   18000 )    1052   0.011%  99.824% 
[   18000,   20000 )     518   0.005%  99.829% 
[   20000,   25000 )     975   0.010%  99.839% 
[   25000,   30000 )     947   0.009%  99.849% 
[   30000,   35000 )    1322   0.013%  99.862% 
[   35000,   40000 )    1765   0.018%  99.879% 
[   40000,   45000 )    2095   0.021%  99.900% 
[   45000,   50000 )    1212   0.012%  99.913% 
[   50000,   60000 )    1192   0.012%  99.924% 
[   60000,   70000 )     648   0.006%  99.931% 
[   70000,   80000 )     818   0.008%  99.939% 
[   80000,   90000 )     841   0.008%  99.948% 
[   90000,  100000 )     690   0.007%  99.954% 
[  100000,  120000 )     464   0.005%  99.959% 
[  120000,  140000 )     200   0.002%  99.961% 
[  140000,  160000 )     270   0.003%  99.964% 
[  160000,  180000 )     404   0.004%  99.968% 
[  180000,  200000 )     542   0.005%  99.973% 
[  200000,  250000 )     438   0.004%  99.978% 
[  250000,  300000 )     536   0.005%  99.983% 
[  300000,  350000 )     238   0.002%  99.985% 
[  350000,  400000 )     286   0.003%  99.988% 
[  400000,  450000 )     180   0.002%  99.990% 
[  450000,  500000 )     152   0.002%  99.992% 
[  500000,  600000 )     232   0.002%  99.994% 
[  600000,  700000 )     141   0.001%  99.995% 
[  700000,  800000 )     127   0.001%  99.997% 
[  800000,  900000 )      75   0.001%  99.997% 
[  900000, 1000000 )      56   0.001%  99.998% 
[ 1000000, 1200000 )      76   0.001%  99.999% 
[ 1200000, 1400000 )      64   0.001%  99.999% 
[ 1400000, 1600000 )      28   0.000% 100.000% 
[ 1600000, 1800000 )      14   0.000% 100.000% 
[ 1800000, 2000000 )      13   0.000% 100.000% 
[ 2000000, 2500000 )       7   0.000% 100.000% 
[ 2500000, 3000000 )       4   0.000% 100.000% 
[ 3000000, 3500000 )       2   0.000% 100.000% 
[ 3500000, 4000000 )       3   0.000% 100.000% 
[ 4500000, 5000000 )       2   0.000% 100.000% 
[ 6000000, 7000000 )       1   0.000% 100.000% 
[ 7000000, 8000000 )       2   0.000% 100.000% 
[ 10000000, 12000000 )       1   0.000% 100.000% 


